--------------- Clean Started: 07/27/2023 00:32:19 Project: bootloader_electrosteel_PSOC, Configuration: ARM GCC 5.4-2016-q2-update Debug ---------------
Deleting file ".\CortexM3\ARM_GCC_541\Debug\main.o"
Deleting file ".\CortexM3\ARM_GCC_541\Debug\cyfitter_cfg.o"
Deleting file ".\CortexM3\ARM_GCC_541\Debug\cymetadata.o"
Deleting file ".\CortexM3\ARM_GCC_541\Debug\Bootloader.o"
Deleting file ".\CortexM3\ARM_GCC_541\Debug\MISO_1.o"
Deleting file ".\CortexM3\ARM_GCC_541\Debug\MOSI_1.o"
Deleting file ".\CortexM3\ARM_GCC_541\Debug\SCLK_1.o"
Deleting file ".\CortexM3\ARM_GCC_541\Debug\SPIM_1.o"
Deleting file ".\CortexM3\ARM_GCC_541\Debug\SPIM_1_PM.o"
Deleting file ".\CortexM3\ARM_GCC_541\Debug\SPIM_1_INT.o"
Deleting file ".\CortexM3\ARM_GCC_541\Debug\SPIM_1_IntClock.o"
Deleting file ".\CortexM3\ARM_GCC_541\Debug\Cm3Start.o"
Deleting file ".\CortexM3\ARM_GCC_541\Debug\CyBootAsmGnu.o"
Deleting file ".\CortexM3\ARM_GCC_541\Debug\CyDmac.o"
Deleting file ".\CortexM3\ARM_GCC_541\Debug\CyFlash.o"
Deleting file ".\CortexM3\ARM_GCC_541\Debug\CyLib.o"
Deleting file ".\CortexM3\ARM_GCC_541\Debug\cyPm.o"
Deleting file ".\CortexM3\ARM_GCC_541\Debug\CySpc.o"
Deleting file ".\CortexM3\ARM_GCC_541\Debug\cyutils.o"
Deleting file ".\CortexM3\ARM_GCC_541\Debug\cy_em_eeprom.o"
Deleting file ".\CortexM3\ARM_GCC_541\Debug\SS_1.o"
Deleting file ".\CortexM3\ARM_GCC_541\Debug\LED2.o"
Deleting file ".\CortexM3\ARM_GCC_541\Debug\LED3.o"
Deleting file ".\CortexM3\ARM_GCC_541\Debug\LED4.o"
Deleting file ".\CortexM3\ARM_GCC_541\Debug\LED1.o"
Deleting file ".\CortexM3\ARM_GCC_541\Debug\GreenLED.o"
Deleting file ".\CortexM3\ARM_GCC_541\Debug\RedLED.o"
Deleting file ".\CortexM3\ARM_GCC_541\Debug\bootloader_electrosteel_PSOC.hex"
Deleting file ".\CortexM3\ARM_GCC_541\Debug\bootloader_electrosteel_PSOC.map"
Deleting file ".\bootloader_electrosteel_PSOC.cycdx"
Deleting file ".\bootloader_electrosteel_PSOC.rpt"
Deleting file ".\bootloader_electrosteel_PSOC_timing.html"
Deleting file ".\CortexM3\ARM_GCC_541\Debug\.deps\SOURCE_C__ARM_GCC_GENERIC.P"
Deleting file ".\CortexM3\ARM_GCC_541\Debug\.deps\SOURCE_ASM__ARM_GCC_GENERIC.P"
--------------- Clean Succeeded: 07/27/2023 00:32:19 ---------------
