--------------- Rebuild Started: 03/17/2020 11:33:09 Project: CE210514_PSOC3_5_Thermistor, Configuration: ARM GCC 5.4-2016-q2-update Debug ---------------
Deleting file ".\ARM_GCC_541\Debug\main.o"
Deleting file ".\ARM_GCC_541\Debug\measurement.o"
Deleting file ".\ARM_GCC_541\Debug\removeOffsetNoise.o"
Deleting file ".\ARM_GCC_541\Debug\cyfitter_cfg.o"
Deleting file ".\ARM_GCC_541\Debug\cymetadata.o"
Deleting file ".\ARM_GCC_541\Debug\Thermistor.o"
Deleting file ".\ARM_GCC_541\Debug\Opamp.o"
Deleting file ".\ARM_GCC_541\Debug\Opamp_PM.o"
Deleting file ".\ARM_GCC_541\Debug\VDAC8.o"
Deleting file ".\ARM_GCC_541\Debug\VDAC8_PM.o"
Deleting file ".\ARM_GCC_541\Debug\CapSense.o"
Deleting file ".\ARM_GCC_541\Debug\CapSense_CSHL.o"
Deleting file ".\ARM_GCC_541\Debug\CapSense_INT.o"
Deleting file ".\ARM_GCC_541\Debug\CapSense_Pins.o"
Deleting file ".\ARM_GCC_541\Debug\CapSense_PM.o"
Deleting file ".\ARM_GCC_541\Debug\CapSense_SMS_Wrapper.o"
Deleting file ".\ARM_GCC_541\Debug\CapSense_TunerHelper.o"
Deleting file ".\ARM_GCC_541\Debug\CapSense_CompCH0.o"
Deleting file ".\ARM_GCC_541\Debug\CapSense_CompCH0_PM.o"
Deleting file ".\ARM_GCC_541\Debug\CapSense_IdacCH0.o"
Deleting file ".\ARM_GCC_541\Debug\CapSense_IdacCH0_PM.o"
Deleting file ".\ARM_GCC_541\Debug\CapSense_AMuxCH0.o"
Deleting file ".\ARM_GCC_541\Debug\CapSense_IntClock.o"
Deleting file ".\ARM_GCC_541\Debug\cy_em_eeprom.o"
Deleting file ".\ARM_GCC_541\Debug\Cm3Start.o"
Deleting file ".\ARM_GCC_541\Debug\CyBootAsmGnu.o"
Deleting file ".\ARM_GCC_541\Debug\CyDmac.o"
Deleting file ".\ARM_GCC_541\Debug\CyFlash.o"
Deleting file ".\ARM_GCC_541\Debug\CyLib.o"
Deleting file ".\ARM_GCC_541\Debug\cyPm.o"
Deleting file ".\ARM_GCC_541\Debug\CySpc.o"
Deleting file ".\ARM_GCC_541\Debug\cyutils.o"
Deleting file ".\ARM_GCC_541\Debug\V_H_1.o"
Deleting file ".\ARM_GCC_541\Debug\V_T_1.o"
Deleting file ".\ARM_GCC_541\Debug\V_H_2.o"
Deleting file ".\ARM_GCC_541\Debug\V_T_2.o"
Deleting file ".\ARM_GCC_541\Debug\AMux_1.o"
Deleting file ".\ARM_GCC_541\Debug\ADC_1.o"
Deleting file ".\ARM_GCC_541\Debug\ADC_1_PM.o"
Deleting file ".\ARM_GCC_541\Debug\ADC_1_INT.o"
Deleting file ".\ARM_GCC_541\Debug\ADC_1_Ext_CP_Clk.o"
Deleting file ".\ARM_GCC_541\Debug\ADC_1_Bypass_P03.o"
Deleting file ".\ARM_GCC_541\Debug\ADC_1_IRQ.o"
Deleting file ".\ARM_GCC_541\Debug\ADC_1_theACLK.o"
Deleting file ".\ARM_GCC_541\Debug\MISO_1.o"
Deleting file ".\ARM_GCC_541\Debug\MOSI_1.o"
Deleting file ".\ARM_GCC_541\Debug\SCLK_1.o"
Deleting file ".\ARM_GCC_541\Debug\MOSI_2.o"
Deleting file ".\ARM_GCC_541\Debug\MISO_2.o"
Deleting file ".\ARM_GCC_541\Debug\SPIM_1.o"
Deleting file ".\ARM_GCC_541\Debug\SPIM_1_PM.o"
Deleting file ".\ARM_GCC_541\Debug\SPIM_1_INT.o"
Deleting file ".\ARM_GCC_541\Debug\SCLK_2.o"
Deleting file ".\ARM_GCC_541\Debug\SPIM_2.o"
Deleting file ".\ARM_GCC_541\Debug\SPIM_2_PM.o"
Deleting file ".\ARM_GCC_541\Debug\SPIM_2_INT.o"
Deleting file ".\ARM_GCC_541\Debug\SPIM_1_IntClock.o"
Deleting file ".\ARM_GCC_541\Debug\SPIM_2_IntClock.o"
Deleting file ".\ARM_GCC_541\Debug\SS_1.o"
Deleting file ".\ARM_GCC_541\Debug\SS_2.o"
Deleting file ".\ARM_GCC_541\Debug\USBMIDI_1.o"
Deleting file ".\ARM_GCC_541\Debug\USBMIDI_1_audio.o"
Deleting file ".\ARM_GCC_541\Debug\USBMIDI_1_boot.o"
Deleting file ".\ARM_GCC_541\Debug\USBMIDI_1_cdc.o"
Deleting file ".\ARM_GCC_541\Debug\USBMIDI_1_cls.o"
Deleting file ".\ARM_GCC_541\Debug\USBMIDI_1_descr.o"
Deleting file ".\ARM_GCC_541\Debug\USBMIDI_1_drv.o"
Deleting file ".\ARM_GCC_541\Debug\USBMIDI_1_episr.o"
Deleting file ".\ARM_GCC_541\Debug\USBMIDI_1_hid.o"
Deleting file ".\ARM_GCC_541\Debug\USBMIDI_1_pm.o"
Deleting file ".\ARM_GCC_541\Debug\USBMIDI_1_std.o"
Deleting file ".\ARM_GCC_541\Debug\USBMIDI_1_vnd.o"
Deleting file ".\ARM_GCC_541\Debug\USBMIDI_1_midi.o"
Deleting file ".\ARM_GCC_541\Debug\USBMIDI_1_msc.o"
Deleting file ".\ARM_GCC_541\Debug\USBMIDI_1_Dm.o"
Deleting file ".\ARM_GCC_541\Debug\USBMIDI_1_Dp.o"
Deleting file ".\ARM_GCC_541\Debug\I2C_1.o"
Deleting file ".\ARM_GCC_541\Debug\I2C_1_BOOT.o"
Deleting file ".\ARM_GCC_541\Debug\I2C_1_INT.o"
Deleting file ".\ARM_GCC_541\Debug\I2C_1_PM.o"
Deleting file ".\ARM_GCC_541\Debug\I2C_1_SLAVE.o"
Deleting file ".\ARM_GCC_541\Debug\I2C_1_MASTER.o"
Deleting file ".\ARM_GCC_541\Debug\SCL_1.o"
Deleting file ".\ARM_GCC_541\Debug\SDA_1.o"
Deleting file ".\ARM_GCC_541\Debug\oct1.o"
Deleting file ".\ARM_GCC_541\Debug\oct2.o"
Deleting file ".\ARM_GCC_541\Debug\oct3.o"
Deleting file ".\ARM_GCC_541\Debug\oct4.o"
Deleting file ".\ARM_GCC_541\Debug\up.o"
Deleting file ".\ARM_GCC_541\Debug\down.o"
Deleting file ".\ARM_GCC_541\Debug\edit.o"
Deleting file ".\ARM_GCC_541\Debug\enter.o"
Deleting file ".\ARM_GCC_541\Debug\fretted.o"
Deleting file ".\ARM_GCC_541\Debug\alt_fretted.o"
Deleting file ".\ARM_GCC_541\Debug\normal.o"
Deleting file ".\ARM_GCC_541\Debug\otonal.o"
Deleting file ".\ARM_GCC_541\Debug\utonal.o"
Deleting file ".\ARM_GCC_541\Debug\tune.o"
Deleting file ".\ARM_GCC_541\Debug\oct1_LED.o"
Deleting file ".\ARM_GCC_541\Debug\oct2_LED.o"
Deleting file ".\ARM_GCC_541\Debug\oct3_LED.o"
Deleting file ".\ARM_GCC_541\Debug\oct4_LED.o"
Deleting file ".\ARM_GCC_541\Debug\oct5_LED.o"
Deleting file ".\ARM_GCC_541\Debug\edit_LED.o"
Deleting file ".\ARM_GCC_541\Debug\normal_LED.o"
Deleting file ".\ARM_GCC_541\Debug\otonal_LED.o"
Deleting file ".\ARM_GCC_541\Debug\utonal_LED.o"
Deleting file ".\ARM_GCC_541\Debug\ADC_SAR_Seq_1.o"
Deleting file ".\ARM_GCC_541\Debug\ADC_SAR_Seq_1_PM.o"
Deleting file ".\ARM_GCC_541\Debug\ADC_SAR_Seq_1_INT.o"
Deleting file ".\ARM_GCC_541\Debug\ADC_SAR_Seq_1_SAR.o"
Deleting file ".\ARM_GCC_541\Debug\ADC_SAR_Seq_1_SAR_INT.o"
Deleting file ".\ARM_GCC_541\Debug\ADC_SAR_Seq_1_SAR_PM.o"
Deleting file ".\ARM_GCC_541\Debug\ADC_SAR_Seq_1_IntClock.o"
Deleting file ".\ARM_GCC_541\Debug\ADC_SAR_Seq_1_TempBuf_dma.o"
Deleting file ".\ARM_GCC_541\Debug\ADC_SAR_Seq_1_FinalBuf_dma.o"
Deleting file ".\ARM_GCC_541\Debug\ADC_SAR_Seq_1_IRQ.o"
Deleting file ".\ARM_GCC_541\Debug\ADC_SAR_Seq_1_SAR_Bypass.o"
Deleting file ".\ARM_GCC_541\Debug\joy_y.o"
Deleting file ".\ARM_GCC_541\Debug\joy_x.o"
Deleting file ".\ARM_GCC_541\Debug\USBMIDI_1_VBUS.o"
Deleting file ".\ARM_GCC_541\Debug\cv_pedal_switch_input.o"
Deleting file ".\ARM_GCC_541\Debug\fretted_LED1.o"
Deleting file ".\ARM_GCC_541\Debug\neck_bits1.o"
Deleting file ".\ARM_GCC_541\Debug\neck_bits2.o"
Deleting file ".\ARM_GCC_541\Debug\neck_bits3.o"
Deleting file ".\ARM_GCC_541\Debug\enter_LED.o"
Deleting file ".\ARM_GCC_541\Debug\fretted_LED2.o"
Deleting file ".\ARM_GCC_541\Debug\lowMUX.o"
Deleting file ".\ARM_GCC_541\Debug\GNDPIN.o"
Deleting file ".\ARM_GCC_541\Debug\highMUX.o"
Deleting file ".\ARM_GCC_541\Debug\CE210514_PSOC3_5_Thermistor.hex"
Deleting file ".\ARM_GCC_541\Debug\CE210514_PSOC3_5_Thermistor.elf"
Deleting file ".\ARM_GCC_541\Debug\CE210514_PSOC3_5_Thermistor.map"
Deleting file ".\CE210514_PSOC3_5_Thermistor.cycdx"
Deleting file ".\CE210514_PSOC3_5_Thermistor.svd"
Deleting file ".\CE210514_PSOC3_5_Thermistor.rpt"
Deleting file ".\CE210514_PSOC3_5_Thermistor_timing.html"
Deleting file ".\ARM_GCC_541\Debug\.deps\SOURCE_C__ARM_GCC_GENERIC.P"
Deleting file ".\ARM_GCC_541\Debug\.deps\SOURCE_ASM__ARM_GCC_GENERIC.P"
cydsfit.exe -.appdatapath "C:\Users\JeffSnyder\AppData\Local\Cypress Semiconductor\PSoC Creator\4.3" -.fdsnotice -.fdswarpdepfile=warp_dependencies.txt -.fdselabdepfile=elab_dependencies.txt -.fdsbldfile=generated_files.txt -.fdsreffile=referenced_files.txt -p C:\Users\JeffSnyder\Downloads\Electrobass_H7-master\Electrobass_H7-master\PSOC5_electrobass_stringsensors\PSOC5_electrobass_stringsensors\CE210514_PSOC3_5_Thermistor.cydsn\CE210514_PSOC3_5_Thermistor.cyprj -d CY8C5888AXI-LP096 -s C:\Users\JeffSnyder\Downloads\Electrobass_H7-master\Electrobass_H7-master\PSOC5_electrobass_stringsensors\PSOC5_electrobass_stringsensors\CE210514_PSOC3_5_Thermistor.cydsn\Generated_Source\PSoC5 -- -yv2 -q10 -ygs -o2 -v3 -.fftcfgtype=LE
Elaborating Design...
ADD: sdb.M0065: information: Analog terminal "vdac_ref" on ADC_SAR_SEQ_v2_10 is unconnected.
 * C:\Program Files (x86)\Cypress\PSoC Creator\4.3\PSoC Creator\psoc\content\CyComponentLibrary\CyComponentLibrary.cylib\ADC_SAR_SEQ_v2_10\PSoC5\ADC_SAR_SEQ_v2_10.cysch (Signal: vdac_ref)
 * C:\Program Files (x86)\Cypress\PSoC Creator\4.3\PSoC Creator\psoc\content\CyComponentLibrary\CyComponentLibrary.cylib\ADC_SAR_SEQ_v2_10\PSoC5\ADC_SAR_SEQ_v2_10.cysch (Shape_798)
 * C:\Program Files (x86)\Cypress\PSoC Creator\4.3\PSoC Creator\psoc\content\CyComponentLibrary\CyComponentLibrary.cylib\ADC_SAR_SEQ_v2_10\PSoC5\ADC_SAR_SEQ_v2_10.cysch (Shape_885)
HDL Generation...
Synthesis...
Tech Mapping...
ADD: pft.M0040: information: The following 2 pin(s) will be assigned a location by the fitter: V_H_1(0), V_H_2(0)
Info: plm.M0038: The pin named \CapSense:PortCH0(3)\ at location P3[2] prevents usage of special purposes: DSM:ExtVref. (App=cydsfit)
Info: plm.M0038: The pin named cv_pedal_switch_input(0) at location P12[0] prevents usage of special purposes: I2C:SCL. (App=cydsfit)
Info: plm.M0038: The pin named joy_y(0) at location P3[7] prevents usage of special purposes: OpAmp:out. (App=cydsfit)
Info: plm.M0038: The pin named joy_x(0) at location P3[6] prevents usage of special purposes: OpAmp:out. (App=cydsfit)
Analog Placement...
Info: apr.M0002: Analog signal "Net_636" is connected to one terminal only. (App=cydsfit)
Info: apr.M0002: Analog signal "Net_540" is connected to one terminal only. (App=cydsfit)
Info: apr.M0002: Analog signal "Net_542" is connected to one terminal only. (App=cydsfit)
Info: apr.M0002: Analog signal "Net_544" is connected to one terminal only. (App=cydsfit)
Info: apr.M0002: Analog signal "Net_545" is connected to one terminal only. (App=cydsfit)
Info: apr.M0002: Analog signal "Net_547" is connected to one terminal only. (App=cydsfit)
Info: apr.M0002: Analog signal "Net_549" is connected to one terminal only. (App=cydsfit)
Info: apr.M0002: Analog signal "Net_550" is connected to one terminal only. (App=cydsfit)
Info: apr.M0002: Analog signal "Net_552" is connected to one terminal only. (App=cydsfit)
Info: apr.M0002: Analog signal "Net_554" is connected to one terminal only. (App=cydsfit)
Info: apr.M0002: Analog signal "Net_555" is connected to one terminal only. (App=cydsfit)
Info: apr.M0002: Analog signal "Net_557" is connected to one terminal only. (App=cydsfit)
Info: apr.M0002: Analog signal "Net_559" is connected to one terminal only. (App=cydsfit)
Info: apr.M0002: Analog signal "Net_560" is connected to one terminal only. (App=cydsfit)
Info: apr.M0002: Analog signal "Net_562" is connected to one terminal only. (App=cydsfit)
Info: apr.M0002: Analog signal "Net_564" is connected to one terminal only. (App=cydsfit)
Info: apr.M0002: Analog signal "Net_565" is connected to one terminal only. (App=cydsfit)
Info: apr.M0002: Analog signal "Net_567" is connected to one terminal only. (App=cydsfit)
Info: apr.M0002: Analog signal "Net_569" is connected to one terminal only. (App=cydsfit)
Info: apr.M0002: Analog signal "Net_570" is connected to one terminal only. (App=cydsfit)
Info: apr.M0002: Analog signal "Net_572" is connected to one terminal only. (App=cydsfit)
Info: apr.M0002: Analog signal "Net_574" is connected to one terminal only. (App=cydsfit)
Info: apr.M0002: Analog signal "Net_575" is connected to one terminal only. (App=cydsfit)
Info: apr.M0002: Analog signal "Net_577" is connected to one terminal only. (App=cydsfit)
Info: apr.M0002: Analog signal "Net_579" is connected to one terminal only. (App=cydsfit)
Info: apr.M0002: Analog signal "Net_580" is connected to one terminal only. (App=cydsfit)
Info: apr.M0002: Analog signal "Net_582" is connected to one terminal only. (App=cydsfit)
Info: apr.M0002: Analog signal "Net_584" is connected to one terminal only. (App=cydsfit)
Info: apr.M0002: Analog signal "Net_585" is connected to one terminal only. (App=cydsfit)
Info: apr.M0002: Analog signal "Net_587" is connected to one terminal only. (App=cydsfit)
Info: apr.M0002: Analog signal "Net_589" is connected to one terminal only. (App=cydsfit)
Info: apr.M0002: Analog signal "Net_590" is connected to one terminal only. (App=cydsfit)
Info: apr.M0002: Analog signal "Net_592" is connected to one terminal only. (App=cydsfit)
Info: apr.M0002: Analog signal "Net_594" is connected to one terminal only. (App=cydsfit)
Info: apr.M0002: Analog signal "Net_595" is connected to one terminal only. (App=cydsfit)
Info: apr.M0002: Analog signal "Net_597" is connected to one terminal only. (App=cydsfit)
Info: apr.M0002: Analog signal "Net_599" is connected to one terminal only. (App=cydsfit)
Info: apr.M0002: Analog signal "Net_600" is connected to one terminal only. (App=cydsfit)
Info: apr.M0002: Analog signal "Net_602" is connected to one terminal only. (App=cydsfit)
Info: apr.M0002: Analog signal "Net_604" is connected to one terminal only. (App=cydsfit)
Info: apr.M0002: Analog signal "Net_605" is connected to one terminal only. (App=cydsfit)
Info: apr.M0002: Analog signal "Net_607" is connected to one terminal only. (App=cydsfit)
Info: apr.M0002: Analog signal "Net_609" is connected to one terminal only. (App=cydsfit)
Info: apr.M0002: Analog signal "Net_610" is connected to one terminal only. (App=cydsfit)
Info: apr.M0002: Analog signal "Net_612" is connected to one terminal only. (App=cydsfit)
Info: apr.M0002: Analog signal "Net_614" is connected to one terminal only. (App=cydsfit)
Info: apr.M0002: Analog signal "Net_615" is connected to one terminal only. (App=cydsfit)
Info: apr.M0002: Analog signal "Net_616" is connected to one terminal only. (App=cydsfit)
Info: apr.M0002: Analog signal "Net_617" is connected to one terminal only. (App=cydsfit)
Info: apr.M0002: Analog signal "Net_618" is connected to one terminal only. (App=cydsfit)
Info: apr.M0002: Analog signal "Net_619" is connected to one terminal only. (App=cydsfit)
Info: apr.M0002: Analog signal "Net_620" is connected to one terminal only. (App=cydsfit)
Info: apr.M0002: Analog signal "Net_621" is connected to one terminal only. (App=cydsfit)
Info: apr.M0002: Analog signal "Net_622" is connected to one terminal only. (App=cydsfit)
Info: apr.M0002: Analog signal "Net_623" is connected to one terminal only. (App=cydsfit)
Info: apr.M0002: Analog signal "Net_624" is connected to one terminal only. (App=cydsfit)
Info: apr.M0002: Analog signal "Net_625" is connected to one terminal only. (App=cydsfit)
Info: apr.M0002: Analog signal "Net_626" is connected to one terminal only. (App=cydsfit)
Info: apr.M0002: Analog signal "Net_627" is connected to one terminal only. (App=cydsfit)
Info: apr.M0002: Analog signal "Net_628" is connected to one terminal only. (App=cydsfit)
Info: apr.M0002: Analog signal "Net_629" is connected to one terminal only. (App=cydsfit)
Info: apr.M0002: Analog signal "Net_630" is connected to one terminal only. (App=cydsfit)
Log: apr.M0058: The analog placement iterative improvement is 41% done. (App=cydsfit)
Log: apr.M0058: The analog placement iterative improvement is 68% done. (App=cydsfit)
Analog Routing...
Analog Code Generation...
Digital Placement...
Digital Routing...
Bitstream Generation...
Bitstream Verification...
Static timing analysis...
API Generation...
Dependency Generation...
Cleanup...
arm-none-eabi-gcc.exe -mcpu=cortex-m3 -mthumb -I. -IGenerated_Source\PSoC5 -Wa,-alh=.\ARM_GCC_541\Debug/main.lst -g -Wall -ffunction-sections -ffat-lto-objects -O0 -c main.c -o .\ARM_GCC_541\Debug\main.o
main.c: In function 'main':
main.c:80:13: warning: unused variable 'myArrayCounter' [-Wunused-variable]
     uint8_t myArrayCounter = 0;
             ^
main.c:62:7: warning: unused variable 'printBuf' [-Wunused-variable]
  char printBuf[16]={'\0'};
       ^
arm-none-eabi-gcc.exe -mcpu=cortex-m3 -mthumb -I. -IGenerated_Source\PSoC5 -Wa,-alh=.\ARM_GCC_541\Debug/measurement.lst -g -Wall -ffunction-sections -ffat-lto-objects -O0 -c measurement.c -o .\ARM_GCC_541\Debug\measurement.o
measurement.c: In function 'MeasureResistorVoltage':
measurement.c:84:9: warning: 'result' is used uninitialized in this function [-Wuninitialized]
  result = result - offset;
         ^
arm-none-eabi-gcc.exe -mcpu=cortex-m3 -mthumb -I. -IGenerated_Source\PSoC5 -Wa,-alh=.\ARM_GCC_541\Debug/removeOffsetNoise.lst -g -Wall -ffunction-sections -ffat-lto-objects -O0 -c removeOffsetNoise.c -o .\ARM_GCC_541\Debug\removeOffsetNoise.o
removeOffsetNoise.c: In function 'GetOffset':
removeOffsetNoise.c:127:12: warning: 'result' is used uninitialized in this function [-Wuninitialized]
     return result;
            ^
arm-none-eabi-gcc.exe -mcpu=cortex-m3 -mthumb -I. -IGenerated_Source\PSoC5 -Wa,-alh=.\ARM_GCC_541\Debug/cyfitter_cfg.lst -g -Wall -ffunction-sections -ffat-lto-objects -O0 -c Generated_Source\PSoC5\cyfitter_cfg.c -o .\ARM_GCC_541\Debug\cyfitter_cfg.o
arm-none-eabi-gcc.exe -mcpu=cortex-m3 -mthumb -I. -IGenerated_Source\PSoC5 -Wa,-alh=.\ARM_GCC_541\Debug/cymetadata.lst -g -Wall -ffunction-sections -ffat-lto-objects -O0 -c Generated_Source\PSoC5\cymetadata.c -o .\ARM_GCC_541\Debug\cymetadata.o
arm-none-eabi-gcc.exe -mcpu=cortex-m3 -mthumb -I. -IGenerated_Source\PSoC5 -Wa,-alh=.\ARM_GCC_541\Debug/Thermistor.lst -g -Wall -ffunction-sections -ffat-lto-objects -O0 -c Generated_Source\PSoC5\Thermistor.c -o .\ARM_GCC_541\Debug\Thermistor.o
arm-none-eabi-gcc.exe -mcpu=cortex-m3 -mthumb -I. -IGenerated_Source\PSoC5 -Wa,-alh=.\ARM_GCC_541\Debug/Opamp.lst -g -Wall -ffunction-sections -ffat-lto-objects -O0 -c Generated_Source\PSoC5\Opamp.c -o .\ARM_GCC_541\Debug\Opamp.o
arm-none-eabi-gcc.exe -mcpu=cortex-m3 -mthumb -I. -IGenerated_Source\PSoC5 -Wa,-alh=.\ARM_GCC_541\Debug/Opamp_PM.lst -g -Wall -ffunction-sections -ffat-lto-objects -O0 -c Generated_Source\PSoC5\Opamp_PM.c -o .\ARM_GCC_541\Debug\Opamp_PM.o
arm-none-eabi-gcc.exe -mcpu=cortex-m3 -mthumb -I. -IGenerated_Source\PSoC5 -Wa,-alh=.\ARM_GCC_541\Debug/VDAC8.lst -g -Wall -ffunction-sections -ffat-lto-objects -O0 -c Generated_Source\PSoC5\VDAC8.c -o .\ARM_GCC_541\Debug\VDAC8.o
arm-none-eabi-gcc.exe -mcpu=cortex-m3 -mthumb -I. -IGenerated_Source\PSoC5 -Wa,-alh=.\ARM_GCC_541\Debug/VDAC8_PM.lst -g -Wall -ffunction-sections -ffat-lto-objects -O0 -c Generated_Source\PSoC5\VDAC8_PM.c -o .\ARM_GCC_541\Debug\VDAC8_PM.o
arm-none-eabi-gcc.exe -mcpu=cortex-m3 -mthumb -I. -IGenerated_Source\PSoC5 -Wa,-alh=.\ARM_GCC_541\Debug/CapSense.lst -g -Wall -ffunction-sections -ffat-lto-objects -O0 -c Generated_Source\PSoC5\CapSense.c -o .\ARM_GCC_541\Debug\CapSense.o
arm-none-eabi-gcc.exe -mcpu=cortex-m3 -mthumb -I. -IGenerated_Source\PSoC5 -Wa,-alh=.\ARM_GCC_541\Debug/CapSense_CSHL.lst -g -Wall -ffunction-sections -ffat-lto-objects -O0 -c Generated_Source\PSoC5\CapSense_CSHL.c -o .\ARM_GCC_541\Debug\CapSense_CSHL.o
arm-none-eabi-gcc.exe -mcpu=cortex-m3 -mthumb -I. -IGenerated_Source\PSoC5 -Wa,-alh=.\ARM_GCC_541\Debug/CapSense_INT.lst -g -Wall -ffunction-sections -ffat-lto-objects -O0 -c Generated_Source\PSoC5\CapSense_INT.c -o .\ARM_GCC_541\Debug\CapSense_INT.o
arm-none-eabi-gcc.exe -mcpu=cortex-m3 -mthumb -I. -IGenerated_Source\PSoC5 -Wa,-alh=.\ARM_GCC_541\Debug/CapSense_Pins.lst -g -Wall -ffunction-sections -ffat-lto-objects -O0 -c Generated_Source\PSoC5\CapSense_Pins.c -o .\ARM_GCC_541\Debug\CapSense_Pins.o
arm-none-eabi-gcc.exe -mcpu=cortex-m3 -mthumb -I. -IGenerated_Source\PSoC5 -Wa,-alh=.\ARM_GCC_541\Debug/CapSense_PM.lst -g -Wall -ffunction-sections -ffat-lto-objects -O0 -c Generated_Source\PSoC5\CapSense_PM.c -o .\ARM_GCC_541\Debug\CapSense_PM.o
arm-none-eabi-gcc.exe -mcpu=cortex-m3 -mthumb -I. -IGenerated_Source\PSoC5 -Wa,-alh=.\ARM_GCC_541\Debug/CapSense_SMS_Wrapper.lst -g -Wall -ffunction-sections -ffat-lto-objects -O0 -c Generated_Source\PSoC5\CapSense_SMS_Wrapper.c -o .\ARM_GCC_541\Debug\CapSense_SMS_Wrapper.o
arm-none-eabi-gcc.exe -mcpu=cortex-m3 -mthumb -I. -IGenerated_Source\PSoC5 -Wa,-alh=.\ARM_GCC_541\Debug/CapSense_TunerHelper.lst -g -Wall -ffunction-sections -ffat-lto-objects -O0 -c Generated_Source\PSoC5\CapSense_TunerHelper.c -o .\ARM_GCC_541\Debug\CapSense_TunerHelper.o
arm-none-eabi-gcc.exe -mcpu=cortex-m3 -mthumb -I. -IGenerated_Source\PSoC5 -Wa,-alh=.\ARM_GCC_541\Debug/CapSense_CompCH0.lst -g -Wall -ffunction-sections -ffat-lto-objects -O0 -c Generated_Source\PSoC5\CapSense_CompCH0.c -o .\ARM_GCC_541\Debug\CapSense_CompCH0.o
arm-none-eabi-gcc.exe -mcpu=cortex-m3 -mthumb -I. -IGenerated_Source\PSoC5 -Wa,-alh=.\ARM_GCC_541\Debug/CapSense_CompCH0_PM.lst -g -Wall -ffunction-sections -ffat-lto-objects -O0 -c Generated_Source\PSoC5\CapSense_CompCH0_PM.c -o .\ARM_GCC_541\Debug\CapSense_CompCH0_PM.o
arm-none-eabi-gcc.exe -mcpu=cortex-m3 -mthumb -I. -IGenerated_Source\PSoC5 -Wa,-alh=.\ARM_GCC_541\Debug/CapSense_IdacCH0.lst -g -Wall -ffunction-sections -ffat-lto-objects -O0 -c Generated_Source\PSoC5\CapSense_IdacCH0.c -o .\ARM_GCC_541\Debug\CapSense_IdacCH0.o
arm-none-eabi-gcc.exe -mcpu=cortex-m3 -mthumb -I. -IGenerated_Source\PSoC5 -Wa,-alh=.\ARM_GCC_541\Debug/CapSense_IdacCH0_PM.lst -g -Wall -ffunction-sections -ffat-lto-objects -O0 -c Generated_Source\PSoC5\CapSense_IdacCH0_PM.c -o .\ARM_GCC_541\Debug\CapSense_IdacCH0_PM.o
arm-none-eabi-gcc.exe -mcpu=cortex-m3 -mthumb -I. -IGenerated_Source\PSoC5 -Wa,-alh=.\ARM_GCC_541\Debug/CapSense_AMuxCH0.lst -g -Wall -ffunction-sections -ffat-lto-objects -O0 -c Generated_Source\PSoC5\CapSense_AMuxCH0.c -o .\ARM_GCC_541\Debug\CapSense_AMuxCH0.o
arm-none-eabi-gcc.exe -mcpu=cortex-m3 -mthumb -I. -IGenerated_Source\PSoC5 -Wa,-alh=.\ARM_GCC_541\Debug/CapSense_IntClock.lst -g -Wall -ffunction-sections -ffat-lto-objects -O0 -c Generated_Source\PSoC5\CapSense_IntClock.c -o .\ARM_GCC_541\Debug\CapSense_IntClock.o
arm-none-eabi-gcc.exe -mcpu=cortex-m3 -mthumb -I. -IGenerated_Source\PSoC5 -Wa,-alh=.\ARM_GCC_541\Debug/cy_em_eeprom.lst -g -Wall -ffunction-sections -ffat-lto-objects -O0 -c Generated_Source\PSoC5\cy_em_eeprom.c -o .\ARM_GCC_541\Debug\cy_em_eeprom.o
arm-none-eabi-gcc.exe -mcpu=cortex-m3 -mthumb -I. -IGenerated_Source\PSoC5 -Wa,-alh=.\ARM_GCC_541\Debug/Cm3Start.lst -g -Wall -ffunction-sections -ffat-lto-objects -O0 -c Generated_Source\PSoC5\Cm3Start.c -o .\ARM_GCC_541\Debug\Cm3Start.o
arm-none-eabi-gcc.exe -mcpu=cortex-m3 -mthumb -I. -IGenerated_Source\PSoC5 -Wa,-alh=.\ARM_GCC_541\Debug/CyDmac.lst -g -Wall -ffunction-sections -ffat-lto-objects -O0 -c Generated_Source\PSoC5\CyDmac.c -o .\ARM_GCC_541\Debug\CyDmac.o
arm-none-eabi-gcc.exe -mcpu=cortex-m3 -mthumb -I. -IGenerated_Source\PSoC5 -Wa,-alh=.\ARM_GCC_541\Debug/CyFlash.lst -g -Wall -ffunction-sections -ffat-lto-objects -O0 -c Generated_Source\PSoC5\CyFlash.c -o .\ARM_GCC_541\Debug\CyFlash.o
arm-none-eabi-gcc.exe -mcpu=cortex-m3 -mthumb -I. -IGenerated_Source\PSoC5 -Wa,-alh=.\ARM_GCC_541\Debug/CyLib.lst -g -Wall -ffunction-sections -ffat-lto-objects -O0 -c Generated_Source\PSoC5\CyLib.c -o .\ARM_GCC_541\Debug\CyLib.o
arm-none-eabi-gcc.exe -mcpu=cortex-m3 -mthumb -I. -IGenerated_Source\PSoC5 -Wa,-alh=.\ARM_GCC_541\Debug/cyPm.lst -g -Wall -ffunction-sections -ffat-lto-objects -O0 -c Generated_Source\PSoC5\cyPm.c -o .\ARM_GCC_541\Debug\cyPm.o
arm-none-eabi-gcc.exe -mcpu=cortex-m3 -mthumb -I. -IGenerated_Source\PSoC5 -Wa,-alh=.\ARM_GCC_541\Debug/CySpc.lst -g -Wall -ffunction-sections -ffat-lto-objects -O0 -c Generated_Source\PSoC5\CySpc.c -o .\ARM_GCC_541\Debug\CySpc.o
arm-none-eabi-gcc.exe -mcpu=cortex-m3 -mthumb -I. -IGenerated_Source\PSoC5 -Wa,-alh=.\ARM_GCC_541\Debug/cyutils.lst -g -Wall -ffunction-sections -ffat-lto-objects -O0 -c Generated_Source\PSoC5\cyutils.c -o .\ARM_GCC_541\Debug\cyutils.o
arm-none-eabi-gcc.exe -mcpu=cortex-m3 -mthumb -I. -IGenerated_Source\PSoC5 -Wa,-alh=.\ARM_GCC_541\Debug/V_H_1.lst -g -Wall -ffunction-sections -ffat-lto-objects -O0 -c Generated_Source\PSoC5\V_H_1.c -o .\ARM_GCC_541\Debug\V_H_1.o
arm-none-eabi-gcc.exe -mcpu=cortex-m3 -mthumb -I. -IGenerated_Source\PSoC5 -Wa,-alh=.\ARM_GCC_541\Debug/V_T_1.lst -g -Wall -ffunction-sections -ffat-lto-objects -O0 -c Generated_Source\PSoC5\V_T_1.c -o .\ARM_GCC_541\Debug\V_T_1.o
arm-none-eabi-gcc.exe -mcpu=cortex-m3 -mthumb -I. -IGenerated_Source\PSoC5 -Wa,-alh=.\ARM_GCC_541\Debug/V_H_2.lst -g -Wall -ffunction-sections -ffat-lto-objects -O0 -c Generated_Source\PSoC5\V_H_2.c -o .\ARM_GCC_541\Debug\V_H_2.o
arm-none-eabi-gcc.exe -mcpu=cortex-m3 -mthumb -I. -IGenerated_Source\PSoC5 -Wa,-alh=.\ARM_GCC_541\Debug/V_T_2.lst -g -Wall -ffunction-sections -ffat-lto-objects -O0 -c Generated_Source\PSoC5\V_T_2.c -o .\ARM_GCC_541\Debug\V_T_2.o
arm-none-eabi-gcc.exe -mcpu=cortex-m3 -mthumb -I. -IGenerated_Source\PSoC5 -Wa,-alh=.\ARM_GCC_541\Debug/AMux_1.lst -g -Wall -ffunction-sections -ffat-lto-objects -O0 -c Generated_Source\PSoC5\AMux_1.c -o .\ARM_GCC_541\Debug\AMux_1.o
arm-none-eabi-gcc.exe -mcpu=cortex-m3 -mthumb -I. -IGenerated_Source\PSoC5 -Wa,-alh=.\ARM_GCC_541\Debug/ADC_1.lst -g -Wall -ffunction-sections -ffat-lto-objects -O0 -c Generated_Source\PSoC5\ADC_1.c -o .\ARM_GCC_541\Debug\ADC_1.o
arm-none-eabi-gcc.exe -mcpu=cortex-m3 -mthumb -I. -IGenerated_Source\PSoC5 -Wa,-alh=.\ARM_GCC_541\Debug/ADC_1_PM.lst -g -Wall -ffunction-sections -ffat-lto-objects -O0 -c Generated_Source\PSoC5\ADC_1_PM.c -o .\ARM_GCC_541\Debug\ADC_1_PM.o
arm-none-eabi-gcc.exe -mcpu=cortex-m3 -mthumb -I. -IGenerated_Source\PSoC5 -Wa,-alh=.\ARM_GCC_541\Debug/ADC_1_INT.lst -g -Wall -ffunction-sections -ffat-lto-objects -O0 -c Generated_Source\PSoC5\ADC_1_INT.c -o .\ARM_GCC_541\Debug\ADC_1_INT.o
arm-none-eabi-gcc.exe -mcpu=cortex-m3 -mthumb -I. -IGenerated_Source\PSoC5 -Wa,-alh=.\ARM_GCC_541\Debug/ADC_1_Ext_CP_Clk.lst -g -Wall -ffunction-sections -ffat-lto-objects -O0 -c Generated_Source\PSoC5\ADC_1_Ext_CP_Clk.c -o .\ARM_GCC_541\Debug\ADC_1_Ext_CP_Clk.o
arm-none-eabi-gcc.exe -mcpu=cortex-m3 -mthumb -I. -IGenerated_Source\PSoC5 -Wa,-alh=.\ARM_GCC_541\Debug/ADC_1_Bypass_P03.lst -g -Wall -ffunction-sections -ffat-lto-objects -O0 -c Generated_Source\PSoC5\ADC_1_Bypass_P03.c -o .\ARM_GCC_541\Debug\ADC_1_Bypass_P03.o
arm-none-eabi-gcc.exe -mcpu=cortex-m3 -mthumb -I. -IGenerated_Source\PSoC5 -Wa,-alh=.\ARM_GCC_541\Debug/ADC_1_IRQ.lst -g -Wall -ffunction-sections -ffat-lto-objects -O0 -c Generated_Source\PSoC5\ADC_1_IRQ.c -o .\ARM_GCC_541\Debug\ADC_1_IRQ.o
arm-none-eabi-gcc.exe -mcpu=cortex-m3 -mthumb -I. -IGenerated_Source\PSoC5 -Wa,-alh=.\ARM_GCC_541\Debug/ADC_1_theACLK.lst -g -Wall -ffunction-sections -ffat-lto-objects -O0 -c Generated_Source\PSoC5\ADC_1_theACLK.c -o .\ARM_GCC_541\Debug\ADC_1_theACLK.o
arm-none-eabi-gcc.exe -mcpu=cortex-m3 -mthumb -I. -IGenerated_Source\PSoC5 -Wa,-alh=.\ARM_GCC_541\Debug/MISO_1.lst -g -Wall -ffunction-sections -ffat-lto-objects -O0 -c Generated_Source\PSoC5\MISO_1.c -o .\ARM_GCC_541\Debug\MISO_1.o
arm-none-eabi-gcc.exe -mcpu=cortex-m3 -mthumb -I. -IGenerated_Source\PSoC5 -Wa,-alh=.\ARM_GCC_541\Debug/MOSI_1.lst -g -Wall -ffunction-sections -ffat-lto-objects -O0 -c Generated_Source\PSoC5\MOSI_1.c -o .\ARM_GCC_541\Debug\MOSI_1.o
arm-none-eabi-gcc.exe -mcpu=cortex-m3 -mthumb -I. -IGenerated_Source\PSoC5 -Wa,-alh=.\ARM_GCC_541\Debug/SCLK_1.lst -g -Wall -ffunction-sections -ffat-lto-objects -O0 -c Generated_Source\PSoC5\SCLK_1.c -o .\ARM_GCC_541\Debug\SCLK_1.o
arm-none-eabi-gcc.exe -mcpu=cortex-m3 -mthumb -I. -IGenerated_Source\PSoC5 -Wa,-alh=.\ARM_GCC_541\Debug/MOSI_2.lst -g -Wall -ffunction-sections -ffat-lto-objects -O0 -c Generated_Source\PSoC5\MOSI_2.c -o .\ARM_GCC_541\Debug\MOSI_2.o
arm-none-eabi-gcc.exe -mcpu=cortex-m3 -mthumb -I. -IGenerated_Source\PSoC5 -Wa,-alh=.\ARM_GCC_541\Debug/MISO_2.lst -g -Wall -ffunction-sections -ffat-lto-objects -O0 -c Generated_Source\PSoC5\MISO_2.c -o .\ARM_GCC_541\Debug\MISO_2.o
arm-none-eabi-gcc.exe -mcpu=cortex-m3 -mthumb -I. -IGenerated_Source\PSoC5 -Wa,-alh=.\ARM_GCC_541\Debug/SPIM_1.lst -g -Wall -ffunction-sections -ffat-lto-objects -O0 -c Generated_Source\PSoC5\SPIM_1.c -o .\ARM_GCC_541\Debug\SPIM_1.o
arm-none-eabi-gcc.exe -mcpu=cortex-m3 -mthumb -I. -IGenerated_Source\PSoC5 -Wa,-alh=.\ARM_GCC_541\Debug/SPIM_1_PM.lst -g -Wall -ffunction-sections -ffat-lto-objects -O0 -c Generated_Source\PSoC5\SPIM_1_PM.c -o .\ARM_GCC_541\Debug\SPIM_1_PM.o
arm-none-eabi-gcc.exe -mcpu=cortex-m3 -mthumb -I. -IGenerated_Source\PSoC5 -Wa,-alh=.\ARM_GCC_541\Debug/SPIM_1_INT.lst -g -Wall -ffunction-sections -ffat-lto-objects -O0 -c Generated_Source\PSoC5\SPIM_1_INT.c -o .\ARM_GCC_541\Debug\SPIM_1_INT.o
arm-none-eabi-gcc.exe -mcpu=cortex-m3 -mthumb -I. -IGenerated_Source\PSoC5 -Wa,-alh=.\ARM_GCC_541\Debug/SCLK_2.lst -g -Wall -ffunction-sections -ffat-lto-objects -O0 -c Generated_Source\PSoC5\SCLK_2.c -o .\ARM_GCC_541\Debug\SCLK_2.o
arm-none-eabi-gcc.exe -mcpu=cortex-m3 -mthumb -I. -IGenerated_Source\PSoC5 -Wa,-alh=.\ARM_GCC_541\Debug/SPIM_2.lst -g -Wall -ffunction-sections -ffat-lto-objects -O0 -c Generated_Source\PSoC5\SPIM_2.c -o .\ARM_GCC_541\Debug\SPIM_2.o
arm-none-eabi-gcc.exe -mcpu=cortex-m3 -mthumb -I. -IGenerated_Source\PSoC5 -Wa,-alh=.\ARM_GCC_541\Debug/SPIM_2_PM.lst -g -Wall -ffunction-sections -ffat-lto-objects -O0 -c Generated_Source\PSoC5\SPIM_2_PM.c -o .\ARM_GCC_541\Debug\SPIM_2_PM.o
arm-none-eabi-gcc.exe -mcpu=cortex-m3 -mthumb -I. -IGenerated_Source\PSoC5 -Wa,-alh=.\ARM_GCC_541\Debug/SPIM_2_INT.lst -g -Wall -ffunction-sections -ffat-lto-objects -O0 -c Generated_Source\PSoC5\SPIM_2_INT.c -o .\ARM_GCC_541\Debug\SPIM_2_INT.o
arm-none-eabi-gcc.exe -mcpu=cortex-m3 -mthumb -I. -IGenerated_Source\PSoC5 -Wa,-alh=.\ARM_GCC_541\Debug/SPIM_1_IntClock.lst -g -Wall -ffunction-sections -ffat-lto-objects -O0 -c Generated_Source\PSoC5\SPIM_1_IntClock.c -o .\ARM_GCC_541\Debug\SPIM_1_IntClock.o
arm-none-eabi-gcc.exe -mcpu=cortex-m3 -mthumb -I. -IGenerated_Source\PSoC5 -Wa,-alh=.\ARM_GCC_541\Debug/SPIM_2_IntClock.lst -g -Wall -ffunction-sections -ffat-lto-objects -O0 -c Generated_Source\PSoC5\SPIM_2_IntClock.c -o .\ARM_GCC_541\Debug\SPIM_2_IntClock.o
arm-none-eabi-gcc.exe -mcpu=cortex-m3 -mthumb -I. -IGenerated_Source\PSoC5 -Wa,-alh=.\ARM_GCC_541\Debug/SS_1.lst -g -Wall -ffunction-sections -ffat-lto-objects -O0 -c Generated_Source\PSoC5\SS_1.c -o .\ARM_GCC_541\Debug\SS_1.o
arm-none-eabi-gcc.exe -mcpu=cortex-m3 -mthumb -I. -IGenerated_Source\PSoC5 -Wa,-alh=.\ARM_GCC_541\Debug/SS_2.lst -g -Wall -ffunction-sections -ffat-lto-objects -O0 -c Generated_Source\PSoC5\SS_2.c -o .\ARM_GCC_541\Debug\SS_2.o
arm-none-eabi-gcc.exe -mcpu=cortex-m3 -mthumb -I. -IGenerated_Source\PSoC5 -Wa,-alh=.\ARM_GCC_541\Debug/USBMIDI_1.lst -g -Wall -ffunction-sections -ffat-lto-objects -O0 -c Generated_Source\PSoC5\USBMIDI_1.c -o .\ARM_GCC_541\Debug\USBMIDI_1.o
arm-none-eabi-gcc.exe -mcpu=cortex-m3 -mthumb -I. -IGenerated_Source\PSoC5 -Wa,-alh=.\ARM_GCC_541\Debug/USBMIDI_1_audio.lst -g -Wall -ffunction-sections -ffat-lto-objects -O0 -c Generated_Source\PSoC5\USBMIDI_1_audio.c -o .\ARM_GCC_541\Debug\USBMIDI_1_audio.o
arm-none-eabi-gcc.exe -mcpu=cortex-m3 -mthumb -I. -IGenerated_Source\PSoC5 -Wa,-alh=.\ARM_GCC_541\Debug/USBMIDI_1_boot.lst -g -Wall -ffunction-sections -ffat-lto-objects -O0 -c Generated_Source\PSoC5\USBMIDI_1_boot.c -o .\ARM_GCC_541\Debug\USBMIDI_1_boot.o
arm-none-eabi-gcc.exe -mcpu=cortex-m3 -mthumb -I. -IGenerated_Source\PSoC5 -Wa,-alh=.\ARM_GCC_541\Debug/USBMIDI_1_cdc.lst -g -Wall -ffunction-sections -ffat-lto-objects -O0 -c Generated_Source\PSoC5\USBMIDI_1_cdc.c -o .\ARM_GCC_541\Debug\USBMIDI_1_cdc.o
arm-none-eabi-gcc.exe -mcpu=cortex-m3 -mthumb -I. -IGenerated_Source\PSoC5 -Wa,-alh=.\ARM_GCC_541\Debug/USBMIDI_1_cls.lst -g -Wall -ffunction-sections -ffat-lto-objects -O0 -c Generated_Source\PSoC5\USBMIDI_1_cls.c -o .\ARM_GCC_541\Debug\USBMIDI_1_cls.o
arm-none-eabi-gcc.exe -mcpu=cortex-m3 -mthumb -I. -IGenerated_Source\PSoC5 -Wa,-alh=.\ARM_GCC_541\Debug/USBMIDI_1_descr.lst -g -Wall -ffunction-sections -ffat-lto-objects -O0 -c Generated_Source\PSoC5\USBMIDI_1_descr.c -o .\ARM_GCC_541\Debug\USBMIDI_1_descr.o
arm-none-eabi-gcc.exe -mcpu=cortex-m3 -mthumb -I. -IGenerated_Source\PSoC5 -Wa,-alh=.\ARM_GCC_541\Debug/USBMIDI_1_drv.lst -g -Wall -ffunction-sections -ffat-lto-objects -O0 -c Generated_Source\PSoC5\USBMIDI_1_drv.c -o .\ARM_GCC_541\Debug\USBMIDI_1_drv.o
arm-none-eabi-gcc.exe -mcpu=cortex-m3 -mthumb -I. -IGenerated_Source\PSoC5 -Wa,-alh=.\ARM_GCC_541\Debug/USBMIDI_1_episr.lst -g -Wall -ffunction-sections -ffat-lto-objects -O0 -c Generated_Source\PSoC5\USBMIDI_1_episr.c -o .\ARM_GCC_541\Debug\USBMIDI_1_episr.o
arm-none-eabi-gcc.exe -mcpu=cortex-m3 -mthumb -I. -IGenerated_Source\PSoC5 -Wa,-alh=.\ARM_GCC_541\Debug/USBMIDI_1_hid.lst -g -Wall -ffunction-sections -ffat-lto-objects -O0 -c Generated_Source\PSoC5\USBMIDI_1_hid.c -o .\ARM_GCC_541\Debug\USBMIDI_1_hid.o
arm-none-eabi-gcc.exe -mcpu=cortex-m3 -mthumb -I. -IGenerated_Source\PSoC5 -Wa,-alh=.\ARM_GCC_541\Debug/USBMIDI_1_pm.lst -g -Wall -ffunction-sections -ffat-lto-objects -O0 -c Generated_Source\PSoC5\USBMIDI_1_pm.c -o .\ARM_GCC_541\Debug\USBMIDI_1_pm.o
arm-none-eabi-gcc.exe -mcpu=cortex-m3 -mthumb -I. -IGenerated_Source\PSoC5 -Wa,-alh=.\ARM_GCC_541\Debug/USBMIDI_1_std.lst -g -Wall -ffunction-sections -ffat-lto-objects -O0 -c Generated_Source\PSoC5\USBMIDI_1_std.c -o .\ARM_GCC_541\Debug\USBMIDI_1_std.o
arm-none-eabi-gcc.exe -mcpu=cortex-m3 -mthumb -I. -IGenerated_Source\PSoC5 -Wa,-alh=.\ARM_GCC_541\Debug/USBMIDI_1_vnd.lst -g -Wall -ffunction-sections -ffat-lto-objects -O0 -c Generated_Source\PSoC5\USBMIDI_1_vnd.c -o .\ARM_GCC_541\Debug\USBMIDI_1_vnd.o
arm-none-eabi-gcc.exe -mcpu=cortex-m3 -mthumb -I. -IGenerated_Source\PSoC5 -Wa,-alh=.\ARM_GCC_541\Debug/USBMIDI_1_midi.lst -g -Wall -ffunction-sections -ffat-lto-objects -O0 -c Generated_Source\PSoC5\USBMIDI_1_midi.c -o .\ARM_GCC_541\Debug\USBMIDI_1_midi.o
arm-none-eabi-gcc.exe -mcpu=cortex-m3 -mthumb -I. -IGenerated_Source\PSoC5 -Wa,-alh=.\ARM_GCC_541\Debug/USBMIDI_1_msc.lst -g -Wall -ffunction-sections -ffat-lto-objects -O0 -c Generated_Source\PSoC5\USBMIDI_1_msc.c -o .\ARM_GCC_541\Debug\USBMIDI_1_msc.o
arm-none-eabi-gcc.exe -mcpu=cortex-m3 -mthumb -I. -IGenerated_Source\PSoC5 -Wa,-alh=.\ARM_GCC_541\Debug/USBMIDI_1_Dm.lst -g -Wall -ffunction-sections -ffat-lto-objects -O0 -c Generated_Source\PSoC5\USBMIDI_1_Dm.c -o .\ARM_GCC_541\Debug\USBMIDI_1_Dm.o
arm-none-eabi-gcc.exe -mcpu=cortex-m3 -mthumb -I. -IGenerated_Source\PSoC5 -Wa,-alh=.\ARM_GCC_541\Debug/USBMIDI_1_Dp.lst -g -Wall -ffunction-sections -ffat-lto-objects -O0 -c Generated_Source\PSoC5\USBMIDI_1_Dp.c -o .\ARM_GCC_541\Debug\USBMIDI_1_Dp.o
arm-none-eabi-gcc.exe -mcpu=cortex-m3 -mthumb -I. -IGenerated_Source\PSoC5 -Wa,-alh=.\ARM_GCC_541\Debug/I2C_1.lst -g -Wall -ffunction-sections -ffat-lto-objects -O0 -c Generated_Source\PSoC5\I2C_1.c -o .\ARM_GCC_541\Debug\I2C_1.o
arm-none-eabi-gcc.exe -mcpu=cortex-m3 -mthumb -I. -IGenerated_Source\PSoC5 -Wa,-alh=.\ARM_GCC_541\Debug/I2C_1_BOOT.lst -g -Wall -ffunction-sections -ffat-lto-objects -O0 -c Generated_Source\PSoC5\I2C_1_BOOT.c -o .\ARM_GCC_541\Debug\I2C_1_BOOT.o
arm-none-eabi-gcc.exe -mcpu=cortex-m3 -mthumb -I. -IGenerated_Source\PSoC5 -Wa,-alh=.\ARM_GCC_541\Debug/I2C_1_INT.lst -g -Wall -ffunction-sections -ffat-lto-objects -O0 -c Generated_Source\PSoC5\I2C_1_INT.c -o .\ARM_GCC_541\Debug\I2C_1_INT.o
arm-none-eabi-gcc.exe -mcpu=cortex-m3 -mthumb -I. -IGenerated_Source\PSoC5 -Wa,-alh=.\ARM_GCC_541\Debug/I2C_1_PM.lst -g -Wall -ffunction-sections -ffat-lto-objects -O0 -c Generated_Source\PSoC5\I2C_1_PM.c -o .\ARM_GCC_541\Debug\I2C_1_PM.o
arm-none-eabi-gcc.exe -mcpu=cortex-m3 -mthumb -I. -IGenerated_Source\PSoC5 -Wa,-alh=.\ARM_GCC_541\Debug/I2C_1_SLAVE.lst -g -Wall -ffunction-sections -ffat-lto-objects -O0 -c Generated_Source\PSoC5\I2C_1_SLAVE.c -o .\ARM_GCC_541\Debug\I2C_1_SLAVE.o
arm-none-eabi-gcc.exe -mcpu=cortex-m3 -mthumb -I. -IGenerated_Source\PSoC5 -Wa,-alh=.\ARM_GCC_541\Debug/I2C_1_MASTER.lst -g -Wall -ffunction-sections -ffat-lto-objects -O0 -c Generated_Source\PSoC5\I2C_1_MASTER.c -o .\ARM_GCC_541\Debug\I2C_1_MASTER.o
arm-none-eabi-gcc.exe -mcpu=cortex-m3 -mthumb -I. -IGenerated_Source\PSoC5 -Wa,-alh=.\ARM_GCC_541\Debug/SCL_1.lst -g -Wall -ffunction-sections -ffat-lto-objects -O0 -c Generated_Source\PSoC5\SCL_1.c -o .\ARM_GCC_541\Debug\SCL_1.o
arm-none-eabi-gcc.exe -mcpu=cortex-m3 -mthumb -I. -IGenerated_Source\PSoC5 -Wa,-alh=.\ARM_GCC_541\Debug/SDA_1.lst -g -Wall -ffunction-sections -ffat-lto-objects -O0 -c Generated_Source\PSoC5\SDA_1.c -o .\ARM_GCC_541\Debug\SDA_1.o
arm-none-eabi-gcc.exe -mcpu=cortex-m3 -mthumb -I. -IGenerated_Source\PSoC5 -Wa,-alh=.\ARM_GCC_541\Debug/oct1.lst -g -Wall -ffunction-sections -ffat-lto-objects -O0 -c Generated_Source\PSoC5\oct1.c -o .\ARM_GCC_541\Debug\oct1.o
arm-none-eabi-gcc.exe -mcpu=cortex-m3 -mthumb -I. -IGenerated_Source\PSoC5 -Wa,-alh=.\ARM_GCC_541\Debug/oct2.lst -g -Wall -ffunction-sections -ffat-lto-objects -O0 -c Generated_Source\PSoC5\oct2.c -o .\ARM_GCC_541\Debug\oct2.o
arm-none-eabi-gcc.exe -mcpu=cortex-m3 -mthumb -I. -IGenerated_Source\PSoC5 -Wa,-alh=.\ARM_GCC_541\Debug/oct3.lst -g -Wall -ffunction-sections -ffat-lto-objects -O0 -c Generated_Source\PSoC5\oct3.c -o .\ARM_GCC_541\Debug\oct3.o
arm-none-eabi-gcc.exe -mcpu=cortex-m3 -mthumb -I. -IGenerated_Source\PSoC5 -Wa,-alh=.\ARM_GCC_541\Debug/oct4.lst -g -Wall -ffunction-sections -ffat-lto-objects -O0 -c Generated_Source\PSoC5\oct4.c -o .\ARM_GCC_541\Debug\oct4.o
arm-none-eabi-gcc.exe -mcpu=cortex-m3 -mthumb -I. -IGenerated_Source\PSoC5 -Wa,-alh=.\ARM_GCC_541\Debug/up.lst -g -Wall -ffunction-sections -ffat-lto-objects -O0 -c Generated_Source\PSoC5\up.c -o .\ARM_GCC_541\Debug\up.o
arm-none-eabi-gcc.exe -mcpu=cortex-m3 -mthumb -I. -IGenerated_Source\PSoC5 -Wa,-alh=.\ARM_GCC_541\Debug/down.lst -g -Wall -ffunction-sections -ffat-lto-objects -O0 -c Generated_Source\PSoC5\down.c -o .\ARM_GCC_541\Debug\down.o
arm-none-eabi-gcc.exe -mcpu=cortex-m3 -mthumb -I. -IGenerated_Source\PSoC5 -Wa,-alh=.\ARM_GCC_541\Debug/edit.lst -g -Wall -ffunction-sections -ffat-lto-objects -O0 -c Generated_Source\PSoC5\edit.c -o .\ARM_GCC_541\Debug\edit.o
arm-none-eabi-gcc.exe -mcpu=cortex-m3 -mthumb -I. -IGenerated_Source\PSoC5 -Wa,-alh=.\ARM_GCC_541\Debug/enter.lst -g -Wall -ffunction-sections -ffat-lto-objects -O0 -c Generated_Source\PSoC5\enter.c -o .\ARM_GCC_541\Debug\enter.o
arm-none-eabi-gcc.exe -mcpu=cortex-m3 -mthumb -I. -IGenerated_Source\PSoC5 -Wa,-alh=.\ARM_GCC_541\Debug/fretted.lst -g -Wall -ffunction-sections -ffat-lto-objects -O0 -c Generated_Source\PSoC5\fretted.c -o .\ARM_GCC_541\Debug\fretted.o
arm-none-eabi-gcc.exe -mcpu=cortex-m3 -mthumb -I. -IGenerated_Source\PSoC5 -Wa,-alh=.\ARM_GCC_541\Debug/alt_fretted.lst -g -Wall -ffunction-sections -ffat-lto-objects -O0 -c Generated_Source\PSoC5\alt_fretted.c -o .\ARM_GCC_541\Debug\alt_fretted.o
arm-none-eabi-gcc.exe -mcpu=cortex-m3 -mthumb -I. -IGenerated_Source\PSoC5 -Wa,-alh=.\ARM_GCC_541\Debug/normal.lst -g -Wall -ffunction-sections -ffat-lto-objects -O0 -c Generated_Source\PSoC5\normal.c -o .\ARM_GCC_541\Debug\normal.o
arm-none-eabi-gcc.exe -mcpu=cortex-m3 -mthumb -I. -IGenerated_Source\PSoC5 -Wa,-alh=.\ARM_GCC_541\Debug/otonal.lst -g -Wall -ffunction-sections -ffat-lto-objects -O0 -c Generated_Source\PSoC5\otonal.c -o .\ARM_GCC_541\Debug\otonal.o
arm-none-eabi-gcc.exe -mcpu=cortex-m3 -mthumb -I. -IGenerated_Source\PSoC5 -Wa,-alh=.\ARM_GCC_541\Debug/utonal.lst -g -Wall -ffunction-sections -ffat-lto-objects -O0 -c Generated_Source\PSoC5\utonal.c -o .\ARM_GCC_541\Debug\utonal.o
arm-none-eabi-gcc.exe -mcpu=cortex-m3 -mthumb -I. -IGenerated_Source\PSoC5 -Wa,-alh=.\ARM_GCC_541\Debug/tune.lst -g -Wall -ffunction-sections -ffat-lto-objects -O0 -c Generated_Source\PSoC5\tune.c -o .\ARM_GCC_541\Debug\tune.o
arm-none-eabi-gcc.exe -mcpu=cortex-m3 -mthumb -I. -IGenerated_Source\PSoC5 -Wa,-alh=.\ARM_GCC_541\Debug/oct1_LED.lst -g -Wall -ffunction-sections -ffat-lto-objects -O0 -c Generated_Source\PSoC5\oct1_LED.c -o .\ARM_GCC_541\Debug\oct1_LED.o
arm-none-eabi-gcc.exe -mcpu=cortex-m3 -mthumb -I. -IGenerated_Source\PSoC5 -Wa,-alh=.\ARM_GCC_541\Debug/oct2_LED.lst -g -Wall -ffunction-sections -ffat-lto-objects -O0 -c Generated_Source\PSoC5\oct2_LED.c -o .\ARM_GCC_541\Debug\oct2_LED.o
arm-none-eabi-gcc.exe -mcpu=cortex-m3 -mthumb -I. -IGenerated_Source\PSoC5 -Wa,-alh=.\ARM_GCC_541\Debug/oct3_LED.lst -g -Wall -ffunction-sections -ffat-lto-objects -O0 -c Generated_Source\PSoC5\oct3_LED.c -o .\ARM_GCC_541\Debug\oct3_LED.o
arm-none-eabi-gcc.exe -mcpu=cortex-m3 -mthumb -I. -IGenerated_Source\PSoC5 -Wa,-alh=.\ARM_GCC_541\Debug/oct4_LED.lst -g -Wall -ffunction-sections -ffat-lto-objects -O0 -c Generated_Source\PSoC5\oct4_LED.c -o .\ARM_GCC_541\Debug\oct4_LED.o
arm-none-eabi-gcc.exe -mcpu=cortex-m3 -mthumb -I. -IGenerated_Source\PSoC5 -Wa,-alh=.\ARM_GCC_541\Debug/oct5_LED.lst -g -Wall -ffunction-sections -ffat-lto-objects -O0 -c Generated_Source\PSoC5\oct5_LED.c -o .\ARM_GCC_541\Debug\oct5_LED.o
arm-none-eabi-gcc.exe -mcpu=cortex-m3 -mthumb -I. -IGenerated_Source\PSoC5 -Wa,-alh=.\ARM_GCC_541\Debug/edit_LED.lst -g -Wall -ffunction-sections -ffat-lto-objects -O0 -c Generated_Source\PSoC5\edit_LED.c -o .\ARM_GCC_541\Debug\edit_LED.o
arm-none-eabi-gcc.exe -mcpu=cortex-m3 -mthumb -I. -IGenerated_Source\PSoC5 -Wa,-alh=.\ARM_GCC_541\Debug/normal_LED.lst -g -Wall -ffunction-sections -ffat-lto-objects -O0 -c Generated_Source\PSoC5\normal_LED.c -o .\ARM_GCC_541\Debug\normal_LED.o
arm-none-eabi-gcc.exe -mcpu=cortex-m3 -mthumb -I. -IGenerated_Source\PSoC5 -Wa,-alh=.\ARM_GCC_541\Debug/otonal_LED.lst -g -Wall -ffunction-sections -ffat-lto-objects -O0 -c Generated_Source\PSoC5\otonal_LED.c -o .\ARM_GCC_541\Debug\otonal_LED.o
arm-none-eabi-gcc.exe -mcpu=cortex-m3 -mthumb -I. -IGenerated_Source\PSoC5 -Wa,-alh=.\ARM_GCC_541\Debug/utonal_LED.lst -g -Wall -ffunction-sections -ffat-lto-objects -O0 -c Generated_Source\PSoC5\utonal_LED.c -o .\ARM_GCC_541\Debug\utonal_LED.o
arm-none-eabi-gcc.exe -mcpu=cortex-m3 -mthumb -I. -IGenerated_Source\PSoC5 -Wa,-alh=.\ARM_GCC_541\Debug/ADC_SAR_Seq_1.lst -g -Wall -ffunction-sections -ffat-lto-objects -O0 -c Generated_Source\PSoC5\ADC_SAR_Seq_1.c -o .\ARM_GCC_541\Debug\ADC_SAR_Seq_1.o
arm-none-eabi-gcc.exe -mcpu=cortex-m3 -mthumb -I. -IGenerated_Source\PSoC5 -Wa,-alh=.\ARM_GCC_541\Debug/ADC_SAR_Seq_1_PM.lst -g -Wall -ffunction-sections -ffat-lto-objects -O0 -c Generated_Source\PSoC5\ADC_SAR_Seq_1_PM.c -o .\ARM_GCC_541\Debug\ADC_SAR_Seq_1_PM.o
arm-none-eabi-gcc.exe -mcpu=cortex-m3 -mthumb -I. -IGenerated_Source\PSoC5 -Wa,-alh=.\ARM_GCC_541\Debug/ADC_SAR_Seq_1_INT.lst -g -Wall -ffunction-sections -ffat-lto-objects -O0 -c Generated_Source\PSoC5\ADC_SAR_Seq_1_INT.c -o .\ARM_GCC_541\Debug\ADC_SAR_Seq_1_INT.o
arm-none-eabi-gcc.exe -mcpu=cortex-m3 -mthumb -I. -IGenerated_Source\PSoC5 -Wa,-alh=.\ARM_GCC_541\Debug/ADC_SAR_Seq_1_SAR.lst -g -Wall -ffunction-sections -ffat-lto-objects -O0 -c Generated_Source\PSoC5\ADC_SAR_Seq_1_SAR.c -o .\ARM_GCC_541\Debug\ADC_SAR_Seq_1_SAR.o
arm-none-eabi-gcc.exe -mcpu=cortex-m3 -mthumb -I. -IGenerated_Source\PSoC5 -Wa,-alh=.\ARM_GCC_541\Debug/ADC_SAR_Seq_1_SAR_INT.lst -g -Wall -ffunction-sections -ffat-lto-objects -O0 -c Generated_Source\PSoC5\ADC_SAR_Seq_1_SAR_INT.c -o .\ARM_GCC_541\Debug\ADC_SAR_Seq_1_SAR_INT.o
arm-none-eabi-gcc.exe -mcpu=cortex-m3 -mthumb -I. -IGenerated_Source\PSoC5 -Wa,-alh=.\ARM_GCC_541\Debug/ADC_SAR_Seq_1_SAR_PM.lst -g -Wall -ffunction-sections -ffat-lto-objects -O0 -c Generated_Source\PSoC5\ADC_SAR_Seq_1_SAR_PM.c -o .\ARM_GCC_541\Debug\ADC_SAR_Seq_1_SAR_PM.o
arm-none-eabi-gcc.exe -mcpu=cortex-m3 -mthumb -I. -IGenerated_Source\PSoC5 -Wa,-alh=.\ARM_GCC_541\Debug/ADC_SAR_Seq_1_IntClock.lst -g -Wall -ffunction-sections -ffat-lto-objects -O0 -c Generated_Source\PSoC5\ADC_SAR_Seq_1_IntClock.c -o .\ARM_GCC_541\Debug\ADC_SAR_Seq_1_IntClock.o
arm-none-eabi-gcc.exe -mcpu=cortex-m3 -mthumb -I. -IGenerated_Source\PSoC5 -Wa,-alh=.\ARM_GCC_541\Debug/ADC_SAR_Seq_1_TempBuf_dma.lst -g -Wall -ffunction-sections -ffat-lto-objects -O0 -c Generated_Source\PSoC5\ADC_SAR_Seq_1_TempBuf_dma.c -o .\ARM_GCC_541\Debug\ADC_SAR_Seq_1_TempBuf_dma.o
arm-none-eabi-gcc.exe -mcpu=cortex-m3 -mthumb -I. -IGenerated_Source\PSoC5 -Wa,-alh=.\ARM_GCC_541\Debug/ADC_SAR_Seq_1_FinalBuf_dma.lst -g -Wall -ffunction-sections -ffat-lto-objects -O0 -c Generated_Source\PSoC5\ADC_SAR_Seq_1_FinalBuf_dma.c -o .\ARM_GCC_541\Debug\ADC_SAR_Seq_1_FinalBuf_dma.o
arm-none-eabi-gcc.exe -mcpu=cortex-m3 -mthumb -I. -IGenerated_Source\PSoC5 -Wa,-alh=.\ARM_GCC_541\Debug/ADC_SAR_Seq_1_IRQ.lst -g -Wall -ffunction-sections -ffat-lto-objects -O0 -c Generated_Source\PSoC5\ADC_SAR_Seq_1_IRQ.c -o .\ARM_GCC_541\Debug\ADC_SAR_Seq_1_IRQ.o
arm-none-eabi-gcc.exe -mcpu=cortex-m3 -mthumb -I. -IGenerated_Source\PSoC5 -Wa,-alh=.\ARM_GCC_541\Debug/ADC_SAR_Seq_1_SAR_Bypass.lst -g -Wall -ffunction-sections -ffat-lto-objects -O0 -c Generated_Source\PSoC5\ADC_SAR_Seq_1_SAR_Bypass.c -o .\ARM_GCC_541\Debug\ADC_SAR_Seq_1_SAR_Bypass.o
arm-none-eabi-gcc.exe -mcpu=cortex-m3 -mthumb -I. -IGenerated_Source\PSoC5 -Wa,-alh=.\ARM_GCC_541\Debug/joy_y.lst -g -Wall -ffunction-sections -ffat-lto-objects -O0 -c Generated_Source\PSoC5\joy_y.c -o .\ARM_GCC_541\Debug\joy_y.o
arm-none-eabi-gcc.exe -mcpu=cortex-m3 -mthumb -I. -IGenerated_Source\PSoC5 -Wa,-alh=.\ARM_GCC_541\Debug/joy_x.lst -g -Wall -ffunction-sections -ffat-lto-objects -O0 -c Generated_Source\PSoC5\joy_x.c -o .\ARM_GCC_541\Debug\joy_x.o
arm-none-eabi-gcc.exe -mcpu=cortex-m3 -mthumb -I. -IGenerated_Source\PSoC5 -Wa,-alh=.\ARM_GCC_541\Debug/USBMIDI_1_VBUS.lst -g -Wall -ffunction-sections -ffat-lto-objects -O0 -c Generated_Source\PSoC5\USBMIDI_1_VBUS.c -o .\ARM_GCC_541\Debug\USBMIDI_1_VBUS.o
arm-none-eabi-gcc.exe -mcpu=cortex-m3 -mthumb -I. -IGenerated_Source\PSoC5 -Wa,-alh=.\ARM_GCC_541\Debug/cv_pedal_switch_input.lst -g -Wall -ffunction-sections -ffat-lto-objects -O0 -c Generated_Source\PSoC5\cv_pedal_switch_input.c -o .\ARM_GCC_541\Debug\cv_pedal_switch_input.o
arm-none-eabi-gcc.exe -mcpu=cortex-m3 -mthumb -I. -IGenerated_Source\PSoC5 -Wa,-alh=.\ARM_GCC_541\Debug/fretted_LED1.lst -g -Wall -ffunction-sections -ffat-lto-objects -O0 -c Generated_Source\PSoC5\fretted_LED1.c -o .\ARM_GCC_541\Debug\fretted_LED1.o
arm-none-eabi-gcc.exe -mcpu=cortex-m3 -mthumb -I. -IGenerated_Source\PSoC5 -Wa,-alh=.\ARM_GCC_541\Debug/neck_bits1.lst -g -Wall -ffunction-sections -ffat-lto-objects -O0 -c Generated_Source\PSoC5\neck_bits1.c -o .\ARM_GCC_541\Debug\neck_bits1.o
arm-none-eabi-gcc.exe -mcpu=cortex-m3 -mthumb -I. -IGenerated_Source\PSoC5 -Wa,-alh=.\ARM_GCC_541\Debug/neck_bits2.lst -g -Wall -ffunction-sections -ffat-lto-objects -O0 -c Generated_Source\PSoC5\neck_bits2.c -o .\ARM_GCC_541\Debug\neck_bits2.o
arm-none-eabi-gcc.exe -mcpu=cortex-m3 -mthumb -I. -IGenerated_Source\PSoC5 -Wa,-alh=.\ARM_GCC_541\Debug/neck_bits3.lst -g -Wall -ffunction-sections -ffat-lto-objects -O0 -c Generated_Source\PSoC5\neck_bits3.c -o .\ARM_GCC_541\Debug\neck_bits3.o
arm-none-eabi-gcc.exe -mcpu=cortex-m3 -mthumb -I. -IGenerated_Source\PSoC5 -Wa,-alh=.\ARM_GCC_541\Debug/enter_LED.lst -g -Wall -ffunction-sections -ffat-lto-objects -O0 -c Generated_Source\PSoC5\enter_LED.c -o .\ARM_GCC_541\Debug\enter_LED.o
arm-none-eabi-gcc.exe -mcpu=cortex-m3 -mthumb -I. -IGenerated_Source\PSoC5 -Wa,-alh=.\ARM_GCC_541\Debug/fretted_LED2.lst -g -Wall -ffunction-sections -ffat-lto-objects -O0 -c Generated_Source\PSoC5\fretted_LED2.c -o .\ARM_GCC_541\Debug\fretted_LED2.o
arm-none-eabi-gcc.exe -mcpu=cortex-m3 -mthumb -I. -IGenerated_Source\PSoC5 -Wa,-alh=.\ARM_GCC_541\Debug/GNDPIN.lst -g -Wall -ffunction-sections -ffat-lto-objects -O0 -c Generated_Source\PSoC5\GNDPIN.c -o .\ARM_GCC_541\Debug\GNDPIN.o
arm-none-eabi-as.exe -mcpu=cortex-m3 -mthumb -I. -IGenerated_Source\PSoC5 -alh=.\ARM_GCC_541\Debug/CyBootAsmGnu.lst -g -o .\ARM_GCC_541\Debug\CyBootAsmGnu.o Generated_Source\PSoC5\CyBootAsmGnu.s
arm-none-eabi-ar.exe -rs .\ARM_GCC_541\Debug\CE210514_PSOC3_5_Thermistor.a .\ARM_GCC_541\Debug\Thermistor.o .\ARM_GCC_541\Debug\Opamp.o .\ARM_GCC_541\Debug\Opamp_PM.o .\ARM_GCC_541\Debug\VDAC8.o .\ARM_GCC_541\Debug\VDAC8_PM.o .\ARM_GCC_541\Debug\CapSense.o .\ARM_GCC_541\Debug\CapSense_CSHL.o .\ARM_GCC_541\Debug\CapSense_INT.o .\ARM_GCC_541\Debug\CapSense_Pins.o .\ARM_GCC_541\Debug\CapSense_PM.o .\ARM_GCC_541\Debug\CapSense_SMS_Wrapper.o .\ARM_GCC_541\Debug\CapSense_TunerHelper.o .\ARM_GCC_541\Debug\CapSense_CompCH0.o .\ARM_GCC_541\Debug\CapSense_CompCH0_PM.o .\ARM_GCC_541\Debug\CapSense_IdacCH0.o .\ARM_GCC_541\Debug\CapSense_IdacCH0_PM.o .\ARM_GCC_541\Debug\CapSense_AMuxCH0.o .\ARM_GCC_541\Debug\CapSense_IntClock.o .\ARM_GCC_541\Debug\cy_em_eeprom.o .\ARM_GCC_541\Debug\CyDmac.o .\ARM_GCC_541\Debug\CyFlash.o .\ARM_GCC_541\Debug\CyLib.o .\ARM_GCC_541\Debug\cyPm.o .\ARM_GCC_541\Debug\CySpc.o .\ARM_GCC_541\Debug\cyutils.o .\ARM_GCC_541\Debug\V_H_1.o .\ARM_GCC_541\Debug\V_T_1.o .\ARM_GCC_541\Debug\V_H_2.o .\ARM_GCC_541\Debug\V_T_2.o .\ARM_GCC_541\Debug\AMux_1.o .\ARM_GCC_541\Debug\ADC_1.o .\ARM_GCC_541\Debug\ADC_1_PM.o .\ARM_GCC_541\Debug\ADC_1_INT.o .\ARM_GCC_541\Debug\ADC_1_Ext_CP_Clk.o .\ARM_GCC_541\Debug\ADC_1_Bypass_P03.o .\ARM_GCC_541\Debug\ADC_1_IRQ.o .\ARM_GCC_541\Debug\ADC_1_theACLK.o .\ARM_GCC_541\Debug\MISO_1.o .\ARM_GCC_541\Debug\MOSI_1.o .\ARM_GCC_541\Debug\SCLK_1.o .\ARM_GCC_541\Debug\MOSI_2.o .\ARM_GCC_541\Debug\MISO_2.o .\ARM_GCC_541\Debug\SPIM_1.o .\ARM_GCC_541\Debug\SPIM_1_PM.o .\ARM_GCC_541\Debug\SPIM_1_INT.o .\ARM_GCC_541\Debug\SCLK_2.o .\ARM_GCC_541\Debug\SPIM_2.o .\ARM_GCC_541\Debug\SPIM_2_PM.o .\ARM_GCC_541\Debug\SPIM_2_INT.o .\ARM_GCC_541\Debug\SPIM_1_IntClock.o .\ARM_GCC_541\Debug\SPIM_2_IntClock.o .\ARM_GCC_541\Debug\SS_1.o .\ARM_GCC_541\Debug\SS_2.o .\ARM_GCC_541\Debug\USBMIDI_1.o .\ARM_GCC_541\Debug\USBMIDI_1_audio.o .\ARM_GCC_541\Debug\USBMIDI_1_boot.o .\ARM_GCC_541\Debug\USBMIDI_1_cdc.o .\ARM_GCC_541\Debug\USBMIDI_1_cls.o .\ARM_GCC_541\Debug\USBMIDI_1_descr.o .\ARM_GCC_541\Debug\USBMIDI_1_drv.o .\ARM_GCC_541\Debug\USBMIDI_1_episr.o .\ARM_GCC_541\Debug\USBMIDI_1_hid.o .\ARM_GCC_541\Debug\USBMIDI_1_pm.o .\ARM_GCC_541\Debug\USBMIDI_1_std.o .\ARM_GCC_541\Debug\USBMIDI_1_vnd.o .\ARM_GCC_541\Debug\USBMIDI_1_midi.o .\ARM_GCC_541\Debug\USBMIDI_1_msc.o .\ARM_GCC_541\Debug\USBMIDI_1_Dm.o .\ARM_GCC_541\Debug\USBMIDI_1_Dp.o .\ARM_GCC_541\Debug\I2C_1.o .\ARM_GCC_541\Debug\I2C_1_BOOT.o .\ARM_GCC_541\Debug\I2C_1_INT.o .\ARM_GCC_541\Debug\I2C_1_PM.o .\ARM_GCC_541\Debug\I2C_1_SLAVE.o .\ARM_GCC_541\Debug\I2C_1_MASTER.o .\ARM_GCC_541\Debug\SCL_1.o .\ARM_GCC_541\Debug\SDA_1.o .\ARM_GCC_541\Debug\oct1.o .\ARM_GCC_541\Debug\oct2.o .\ARM_GCC_541\Debug\oct3.o .\ARM_GCC_541\Debug\oct4.o .\ARM_GCC_541\Debug\up.o .\ARM_GCC_541\Debug\down.o .\ARM_GCC_541\Debug\edit.o .\ARM_GCC_541\Debug\enter.o .\ARM_GCC_541\Debug\fretted.o .\ARM_GCC_541\Debug\alt_fretted.o .\ARM_GCC_541\Debug\normal.o .\ARM_GCC_541\Debug\otonal.o .\ARM_GCC_541\Debug\utonal.o .\ARM_GCC_541\Debug\tune.o .\ARM_GCC_541\Debug\oct1_LED.o .\ARM_GCC_541\Debug\oct2_LED.o .\ARM_GCC_541\Debug\oct3_LED.o .\ARM_GCC_541\Debug\oct4_LED.o .\ARM_GCC_541\Debug\oct5_LED.o .\ARM_GCC_541\Debug\edit_LED.o .\ARM_GCC_541\Debug\normal_LED.o .\ARM_GCC_541\Debug\otonal_LED.o .\ARM_GCC_541\Debug\utonal_LED.o .\ARM_GCC_541\Debug\ADC_SAR_Seq_1.o .\ARM_GCC_541\Debug\ADC_SAR_Seq_1_PM.o .\ARM_GCC_541\Debug\ADC_SAR_Seq_1_INT.o .\ARM_GCC_541\Debug\ADC_SAR_Seq_1_SAR.o .\ARM_GCC_541\Debug\ADC_SAR_Seq_1_SAR_INT.o .\ARM_GCC_541\Debug\ADC_SAR_Seq_1_SAR_PM.o .\ARM_GCC_541\Debug\ADC_SAR_Seq_1_IntClock.o .\ARM_GCC_541\Debug\ADC_SAR_Seq_1_TempBuf_dma.o .\ARM_GCC_541\Debug\ADC_SAR_Seq_1_FinalBuf_dma.o .\ARM_GCC_541\Debug\ADC_SAR_Seq_1_IRQ.o .\ARM_GCC_541\Debug\ADC_SAR_Seq_1_SAR_Bypass.o .\ARM_GCC_541\Debug\joy_y.o .\ARM_GCC_541\Debug\joy_x.o .\ARM_GCC_541\Debug\USBMIDI_1_VBUS.o .\ARM_GCC_541\Debug\cv_pedal_switch_input.o .\ARM_GCC_541\Debug\fretted_LED1.o .\ARM_GCC_541\Debug\neck_bits1.o .\ARM_GCC_541\Debug\neck_bits2.o .\ARM_GCC_541\Debug\neck_bits3.o .\ARM_GCC_541\Debug\enter_LED.o .\ARM_GCC_541\Debug\fretted_LED2.o .\ARM_GCC_541\Debug\GNDPIN.o .\ARM_GCC_541\Debug\CyBootAsmGnu.o
arm-none-eabi-ar.exe: creating .\ARM_GCC_541\Debug\CE210514_PSOC3_5_Thermistor.a
arm-none-eabi-gcc.exe -Wl,--start-group -o C:\Users\JeffSnyder\Downloads\Electrobass_H7-master\Electrobass_H7-master\PSOC5_electrobass_stringsensors\PSOC5_electrobass_stringsensors\CE210514_PSOC3_5_Thermistor.cydsn\ARM_GCC_541\Debug\CE210514_PSOC3_5_Thermistor.elf .\ARM_GCC_541\Debug\main.o .\ARM_GCC_541\Debug\measurement.o .\ARM_GCC_541\Debug\removeOffsetNoise.o .\ARM_GCC_541\Debug\cyfitter_cfg.o .\ARM_GCC_541\Debug\cymetadata.o .\ARM_GCC_541\Debug\Cm3Start.o .\ARM_GCC_541\Debug\CE210514_PSOC3_5_Thermistor.a "C:\Program Files (x86)\Cypress\PSoC Creator\4.3\PSoC Creator\psoc\content\CyComponentLibrary\CyComponentLibrary.cylib\CapSense_CSD_v3_50\Library\CapSenseLibrary_GCC.a" "C:\Program Files (x86)\Cypress\PSoC Creator\4.3\PSoC Creator\psoc\content\cycomponentlibrary\CyComponentLibrary.cylib\CortexM3\ARM_GCC_541\Debug\CyComponentLibrary.a" -mcpu=cortex-m3 -mthumb -l m -L Generated_Source\PSoC5 -Wl,-Map,.\ARM_GCC_541\Debug/CE210514_PSOC3_5_Thermistor.map -T Generated_Source\PSoC5\cm3gcc.ld -specs=nano.specs -Wl,--gc-sections -u_printf_float -g -ffunction-sections -O0 -ffat-lto-objects -Wl,--end-group
cyelftool.exe -C C:\Users\JeffSnyder\Downloads\Electrobass_H7-master\Electrobass_H7-master\PSOC5_electrobass_stringsensors\PSOC5_electrobass_stringsensors\CE210514_PSOC3_5_Thermistor.cydsn\ARM_GCC_541\Debug\CE210514_PSOC3_5_Thermistor.elf --flash_row_size 256 --flash_size 262144 --flash_offset 0x00000000
No ELF section .cychecksum found, creating one
Application checksum calculated and stored in ELF section .cychecksum
Checksum calculated and stored in ELF section .cymeta
cyelftool.exe -S C:\Users\JeffSnyder\Downloads\Electrobass_H7-master\Electrobass_H7-master\PSOC5_electrobass_stringsensors\PSOC5_electrobass_stringsensors\CE210514_PSOC3_5_Thermistor.cydsn\ARM_GCC_541\Debug\CE210514_PSOC3_5_Thermistor.elf
Flash used: 19292 of 262144 bytes (7.4%).
SRAM used: 2773 of 65536 bytes (4.2%). Stack: 2048 bytes. Heap: 128 bytes.
--------------- Rebuild Succeeded: 03/17/2020 11:34:02 ---------------
