--------------- Build Started: 01/22/2024 16:52:02 Project: CE210514_PSOC3_5_Thermistor, Configuration: ARM GCC 5.4-2016-q2-update Debug ---------------
cydsfit.exe -.appdatapath "C:\Users\JeffSnyder\AppData\Local\Cypress Semiconductor\PSoC Creator\4.4" -.fdsnotice -.fdswarpdepfile=warp_dependencies.txt -.fdselabdepfile=elab_dependencies.txt -.fdsbldfile=generated_files.txt -.fdsreffile=referenced_files.txt -p C:\Users\JeffSnyder\dev\Electrosteel_embedded\PSOC5_electrosteel_stringsensors_newpcbtryingglitchdetect\CE210514_PSOC3_5_Thermistor.cydsn\CE210514_PSOC3_5_Thermistor.cyprj -d CY8C5888AXI-LP096 -s C:\Users\JeffSnyder\dev\Electrosteel_embedded\PSOC5_electrosteel_stringsensors_newpcbtryingglitchdetect\CE210514_PSOC3_5_Thermistor.cydsn\Generated_Source\PSoC5 -- -yv2 -q10 -ygs -o2 -v3 -.fftcfgtype=LE
Elaborating Design...
ADD: sdb.M0065: information: Analog terminal "vdac_ref" on ADC_SAR_SEQ_v2_10 is unconnected.
 * C:\Program Files (x86)\Cypress\PSoC Creator\4.4\PSoC Creator\psoc\content\CyComponentLibrary\CyComponentLibrary.cylib\ADC_SAR_SEQ_v2_10\PSoC5\ADC_SAR_SEQ_v2_10.cysch (Signal: vdac_ref)
 * C:\Program Files (x86)\Cypress\PSoC Creator\4.4\PSoC Creator\psoc\content\CyComponentLibrary\CyComponentLibrary.cylib\ADC_SAR_SEQ_v2_10\PSoC5\ADC_SAR_SEQ_v2_10.cysch (Shape_798)
 * C:\Program Files (x86)\Cypress\PSoC Creator\4.4\PSoC Creator\psoc\content\CyComponentLibrary\CyComponentLibrary.cylib\ADC_SAR_SEQ_v2_10\PSoC5\ADC_SAR_SEQ_v2_10.cysch (Shape_885)
ADD: fit.M0032: warning: Clock Warning: (SPIM_2_IntClock's accuracy range '9.429 MHz +/- 0.25%, (9.405 MHz - 9.452 MHz)' is not within the specified tolerance range '10 MHz +/- 5%, (9.5 MHz - 10.5 MHz)'.).
 * C:\Program Files (x86)\Cypress\PSoC Creator\4.4\PSoC Creator\psoc\content\CyComponentLibrary\CyComponentLibrary.cylib\SPI_Master_v2_50\SPI_Master_v2_50.cysch (Instance:IntClock)
 * C:\Users\JeffSnyder\dev\Electrosteel_embedded\PSOC5_electrosteel_stringsensors_newpcbtryingglitchdetect\CE210514_PSOC3_5_Thermistor.cydsn\CE210514_PSOC3_5_Thermistor.cydwr (SPIM_2_IntClock)
ADD: fit.M0032: warning: Clock Warning: (SPIM_1_IntClock's accuracy range '9.429 MHz +/- 0.25%, (9.405 MHz - 9.452 MHz)' is not within the specified tolerance range '10 MHz +/- 5%, (9.5 MHz - 10.5 MHz)'.).
 * C:\Program Files (x86)\Cypress\PSoC Creator\4.4\PSoC Creator\psoc\content\CyComponentLibrary\CyComponentLibrary.cylib\SPI_Master_v2_50\SPI_Master_v2_50.cysch (Instance:IntClock)
 * C:\Users\JeffSnyder\dev\Electrosteel_embedded\PSOC5_electrosteel_stringsensors_newpcbtryingglitchdetect\CE210514_PSOC3_5_Thermistor.cydsn\CE210514_PSOC3_5_Thermistor.cydwr (SPIM_1_IntClock)
HDL Generation...
Synthesis...
Tech Mapping...
Info: plm.M0038: The pin named midbottom_wiper1(0) at location P0[3] prevents usage of special purposes: DSM:ExtVref. (App=cydsfit)
Analog Placement...
Info: apr.M0002: Analog signal "Net_1436" is connected to one terminal only. (App=cydsfit)
Info: apr.M0002: Analog signal "Net_1437" is connected to one terminal only. (App=cydsfit)
Info: apr.M0002: Analog signal "Net_1439" is connected to one terminal only. (App=cydsfit)
Info: apr.M0002: Analog signal "Net_1441" is connected to one terminal only. (App=cydsfit)
Info: apr.M0002: Analog signal "Net_1442" is connected to one terminal only. (App=cydsfit)
Info: apr.M0002: Analog signal "Net_1444" is connected to one terminal only. (App=cydsfit)
Info: apr.M0002: Analog signal "Net_1446" is connected to one terminal only. (App=cydsfit)
Info: apr.M0002: Analog signal "Net_1447" is connected to one terminal only. (App=cydsfit)
Info: apr.M0002: Analog signal "Net_1449" is connected to one terminal only. (App=cydsfit)
Info: apr.M0002: Analog signal "Net_1451" is connected to one terminal only. (App=cydsfit)
Info: apr.M0002: Analog signal "Net_1452" is connected to one terminal only. (App=cydsfit)
Info: apr.M0002: Analog signal "Net_1454" is connected to one terminal only. (App=cydsfit)
Info: apr.M0002: Analog signal "Net_1456" is connected to one terminal only. (App=cydsfit)
Info: apr.M0002: Analog signal "Net_1457" is connected to one terminal only. (App=cydsfit)
Info: apr.M0002: Analog signal "Net_1459" is connected to one terminal only. (App=cydsfit)
Info: apr.M0002: Analog signal "Net_1461" is connected to one terminal only. (App=cydsfit)
Info: apr.M0002: Analog signal "Net_1462" is connected to one terminal only. (App=cydsfit)
Info: apr.M0002: Analog signal "Net_1464" is connected to one terminal only. (App=cydsfit)
Info: apr.M0002: Analog signal "Net_1466" is connected to one terminal only. (App=cydsfit)
Info: apr.M0002: Analog signal "Net_1467" is connected to one terminal only. (App=cydsfit)
Info: apr.M0002: Analog signal "Net_1469" is connected to one terminal only. (App=cydsfit)
Info: apr.M0002: Analog signal "Net_1471" is connected to one terminal only. (App=cydsfit)
Info: apr.M0002: Analog signal "Net_1472" is connected to one terminal only. (App=cydsfit)
Info: apr.M0002: Analog signal "Net_1474" is connected to one terminal only. (App=cydsfit)
Info: apr.M0002: Analog signal "Net_1476" is connected to one terminal only. (App=cydsfit)
Info: apr.M0002: Analog signal "Net_1477" is connected to one terminal only. (App=cydsfit)
Info: apr.M0002: Analog signal "Net_1479" is connected to one terminal only. (App=cydsfit)
Info: apr.M0002: Analog signal "Net_1481" is connected to one terminal only. (App=cydsfit)
Info: apr.M0002: Analog signal "Net_1482" is connected to one terminal only. (App=cydsfit)
Info: apr.M0002: Analog signal "Net_1484" is connected to one terminal only. (App=cydsfit)
Info: apr.M0002: Analog signal "Net_1486" is connected to one terminal only. (App=cydsfit)
Info: apr.M0002: Analog signal "Net_1487" is connected to one terminal only. (App=cydsfit)
Info: apr.M0002: Analog signal "Net_1489" is connected to one terminal only. (App=cydsfit)
Info: apr.M0002: Analog signal "Net_1491" is connected to one terminal only. (App=cydsfit)
Info: apr.M0002: Analog signal "Net_1492" is connected to one terminal only. (App=cydsfit)
Info: apr.M0002: Analog signal "Net_1494" is connected to one terminal only. (App=cydsfit)
Info: apr.M0002: Analog signal "Net_1496" is connected to one terminal only. (App=cydsfit)
Info: apr.M0002: Analog signal "Net_1497" is connected to one terminal only. (App=cydsfit)
Info: apr.M0002: Analog signal "Net_1499" is connected to one terminal only. (App=cydsfit)
Info: apr.M0002: Analog signal "Net_1501" is connected to one terminal only. (App=cydsfit)
Info: apr.M0002: Analog signal "Net_1502" is connected to one terminal only. (App=cydsfit)
Info: apr.M0002: Analog signal "Net_1504" is connected to one terminal only. (App=cydsfit)
Info: apr.M0002: Analog signal "Net_1506" is connected to one terminal only. (App=cydsfit)
Info: apr.M0002: Analog signal "Net_1507" is connected to one terminal only. (App=cydsfit)
Info: apr.M0002: Analog signal "Net_1509" is connected to one terminal only. (App=cydsfit)
Info: apr.M0002: Analog signal "Net_1511" is connected to one terminal only. (App=cydsfit)
Info: apr.M0002: Analog signal "Net_1512" is connected to one terminal only. (App=cydsfit)
Info: apr.M0002: Analog signal "Net_1513" is connected to one terminal only. (App=cydsfit)
Info: apr.M0002: Analog signal "Net_1514" is connected to one terminal only. (App=cydsfit)
Info: apr.M0002: Analog signal "Net_1515" is connected to one terminal only. (App=cydsfit)
Info: apr.M0002: Analog signal "Net_1516" is connected to one terminal only. (App=cydsfit)
Info: apr.M0002: Analog signal "Net_1517" is connected to one terminal only. (App=cydsfit)
Info: apr.M0002: Analog signal "Net_1518" is connected to one terminal only. (App=cydsfit)
Info: apr.M0002: Analog signal "Net_1519" is connected to one terminal only. (App=cydsfit)
Info: apr.M0002: Analog signal "Net_1520" is connected to one terminal only. (App=cydsfit)
Info: apr.M0002: Analog signal "Net_1521" is connected to one terminal only. (App=cydsfit)
Info: apr.M0002: Analog signal "Net_1522" is connected to one terminal only. (App=cydsfit)
Info: apr.M0002: Analog signal "Net_1523" is connected to one terminal only. (App=cydsfit)
Info: apr.M0002: Analog signal "Net_1524" is connected to one terminal only. (App=cydsfit)
Info: apr.M0002: Analog signal "Net_1525" is connected to one terminal only. (App=cydsfit)
Info: apr.M0002: Analog signal "Net_1526" is connected to one terminal only. (App=cydsfit)
Info: apr.M0002: Analog signal "Net_1527" is connected to one terminal only. (App=cydsfit)
Log: apr.M0058: The analog placement iterative improvement is 42% done. (App=cydsfit)
Log: apr.M0058: The analog placement iterative improvement is 79% done. (App=cydsfit)
Analog Routing...
Log: apr.M0019: The analog placement iterative improvement phase is beginning. (App=cydsfit)
Log: apr.M0058: The analog placement iterative improvement is 6% done. (App=cydsfit)
Log: apr.M0058: The analog placement iterative improvement is 13% done. (App=cydsfit)
Log: apr.M0058: The analog placement iterative improvement is 20% done. (App=cydsfit)
Log: apr.M0058: The analog placement iterative improvement is 26% done. (App=cydsfit)
Log: apr.M0058: The analog placement iterative improvement is 33% done. (App=cydsfit)
Log: apr.M0058: The analog placement iterative improvement is 40% done. (App=cydsfit)
Log: apr.M0058: The analog placement iterative improvement is 47% done. (App=cydsfit)
Log: apr.M0058: The analog placement iterative improvement is 53% done. (App=cydsfit)
Log: apr.M0058: The analog placement iterative improvement is 60% done. (App=cydsfit)
Log: apr.M0058: The analog placement iterative improvement is 67% done. (App=cydsfit)
Log: apr.M0058: The analog placement iterative improvement is 74% done. (App=cydsfit)
Log: apr.M0058: The analog placement iterative improvement is 80% done. (App=cydsfit)
Log: apr.M0058: The analog placement iterative improvement is 87% done. (App=cydsfit)
Log: apr.M0058: The analog placement iterative improvement is 94% done. (App=cydsfit)
Log: apr.M0019: The analog placement iterative improvement phase is beginning. (App=cydsfit)
Log: apr.M0058: The analog placement iterative improvement is 6% done. (App=cydsfit)
Log: apr.M0058: The analog placement iterative improvement is 12% done. (App=cydsfit)
Log: apr.M0058: The analog placement iterative improvement is 19% done. (App=cydsfit)
Log: apr.M0058: The analog placement iterative improvement is 25% done. (App=cydsfit)
Log: apr.M0058: The analog placement iterative improvement is 32% done. (App=cydsfit)
Log: apr.M0058: The analog placement iterative improvement is 38% done. (App=cydsfit)
Log: apr.M0058: The analog placement iterative improvement is 44% done. (App=cydsfit)
Log: apr.M0058: The analog placement iterative improvement is 51% done. (App=cydsfit)
Log: apr.M0058: The analog placement iterative improvement is 57% done. (App=cydsfit)
Log: apr.M0058: The analog placement iterative improvement is 64% done. (App=cydsfit)
Log: apr.M0058: The analog placement iterative improvement is 70% done. (App=cydsfit)
Log: apr.M0058: The analog placement iterative improvement is 76% done. (App=cydsfit)
Log: apr.M0058: The analog placement iterative improvement is 83% done. (App=cydsfit)
Log: apr.M0058: The analog placement iterative improvement is 89% done. (App=cydsfit)
Log: apr.M0058: The analog placement iterative improvement is 96% done. (App=cydsfit)
Log: apr.M0019: The analog placement iterative improvement phase is beginning. (App=cydsfit)
Log: apr.M0058: The analog placement iterative improvement is 6% done. (App=cydsfit)
Log: apr.M0058: The analog placement iterative improvement is 12% done. (App=cydsfit)
Log: apr.M0058: The analog placement iterative improvement is 18% done. (App=cydsfit)
Log: apr.M0058: The analog placement iterative improvement is 24% done. (App=cydsfit)
Log: apr.M0058: The analog placement iterative improvement is 30% done. (App=cydsfit)
Log: apr.M0058: The analog placement iterative improvement is 36% done. (App=cydsfit)
Log: apr.M0058: The analog placement iterative improvement is 42% done. (App=cydsfit)
Log: apr.M0058: The analog placement iterative improvement is 48% done. (App=cydsfit)
Log: apr.M0058: The analog placement iterative improvement is 54% done. (App=cydsfit)
Log: apr.M0058: The analog placement iterative improvement is 60% done. (App=cydsfit)
Log: apr.M0058: The analog placement iterative improvement is 66% done. (App=cydsfit)
Log: apr.M0058: The analog placement iterative improvement is 72% done. (App=cydsfit)
Log: apr.M0058: The analog placement iterative improvement is 78% done. (App=cydsfit)
Log: apr.M0058: The analog placement iterative improvement is 84% done. (App=cydsfit)
Log: apr.M0058: The analog placement iterative improvement is 90% done. (App=cydsfit)
Log: apr.M0058: The analog placement iterative improvement is 96% done. (App=cydsfit)
Log: apr.M0019: The analog placement iterative improvement phase is beginning. (App=cydsfit)
Log: apr.M0058: The analog placement iterative improvement is 5% done. (App=cydsfit)
Log: apr.M0058: The analog placement iterative improvement is 11% done. (App=cydsfit)
Log: apr.M0058: The analog placement iterative improvement is 17% done. (App=cydsfit)
Log: apr.M0058: The analog placement iterative improvement is 22% done. (App=cydsfit)
Log: apr.M0058: The analog placement iterative improvement is 28% done. (App=cydsfit)
Log: apr.M0058: The analog placement iterative improvement is 34% done. (App=cydsfit)
Log: apr.M0058: The analog placement iterative improvement is 39% done. (App=cydsfit)
Log: apr.M0058: The analog placement iterative improvement is 45% done. (App=cydsfit)
Log: apr.M0058: The analog placement iterative improvement is 51% done. (App=cydsfit)
Log: apr.M0058: The analog placement iterative improvement is 57% done. (App=cydsfit)
Log: apr.M0058: The analog placement iterative improvement is 62% done. (App=cydsfit)
Log: apr.M0058: The analog placement iterative improvement is 68% done. (App=cydsfit)
Log: apr.M0058: The analog placement iterative improvement is 74% done. (App=cydsfit)
Log: apr.M0058: The analog placement iterative improvement is 79% done. (App=cydsfit)
Log: apr.M0058: The analog placement iterative improvement is 85% done. (App=cydsfit)
Log: apr.M0058: The analog placement iterative improvement is 91% done. (App=cydsfit)
Log: apr.M0058: The analog placement iterative improvement is 97% done. (App=cydsfit)
Log: apr.M0019: The analog placement iterative improvement phase is beginning. (App=cydsfit)
Log: apr.M0058: The analog placement iterative improvement is 5% done. (App=cydsfit)
Log: apr.M0058: The analog placement iterative improvement is 10% done. (App=cydsfit)
Log: apr.M0058: The analog placement iterative improvement is 16% done. (App=cydsfit)
Log: apr.M0058: The analog placement iterative improvement is 21% done. (App=cydsfit)
Log: apr.M0058: The analog placement iterative improvement is 26% done. (App=cydsfit)
Log: apr.M0058: The analog placement iterative improvement is 32% done. (App=cydsfit)
Log: apr.M0058: The analog placement iterative improvement is 37% done. (App=cydsfit)
Log: apr.M0058: The analog placement iterative improvement is 42% done. (App=cydsfit)
Log: apr.M0058: The analog placement iterative improvement is 48% done. (App=cydsfit)
Log: apr.M0058: The analog placement iterative improvement is 53% done. (App=cydsfit)
Log: apr.M0058: The analog placement iterative improvement is 59% done. (App=cydsfit)
Log: apr.M0058: The analog placement iterative improvement is 64% done. (App=cydsfit)
Log: apr.M0058: The analog placement iterative improvement is 69% done. (App=cydsfit)
Log: apr.M0058: The analog placement iterative improvement is 75% done. (App=cydsfit)
Log: apr.M0058: The analog placement iterative improvement is 80% done. (App=cydsfit)
Log: apr.M0058: The analog placement iterative improvement is 85% done. (App=cydsfit)
Log: apr.M0058: The analog placement iterative improvement is 91% done. (App=cydsfit)
Log: apr.M0058: The analog placement iterative improvement is 96% done. (App=cydsfit)
Error: apr.M0003: Unable to find a solution for the analog routing. (App=cydsfit)
Dependency Generation...
Cleanup...
Error: fit.M0050: The fitter aborted due to errors, please address all errors and rebuild. (App=cydsfit)
--------------- Build Failed: 01/22/2024 16:57:02 ---------------
