--------------- Clean Started: 03/17/2020 11:38:23 Project: CE210514_PSOC3_5_Thermistor, Configuration: ARM GCC 5.4-2016-q2-update Debug ---------------
Deleting file ".\ARM_GCC_541\Debug\main.o"
Deleting file ".\ARM_GCC_541\Debug\measurement.o"
Deleting file ".\ARM_GCC_541\Debug\removeOffsetNoise.o"
Deleting file ".\ARM_GCC_541\Debug\cyfitter_cfg.o"
Deleting file ".\ARM_GCC_541\Debug\cymetadata.o"
Deleting file ".\ARM_GCC_541\Debug\Thermistor.o"
Deleting file ".\ARM_GCC_541\Debug\Opamp.o"
Deleting file ".\ARM_GCC_541\Debug\Opamp_PM.o"
Deleting file ".\ARM_GCC_541\Debug\VDAC8.o"
Deleting file ".\ARM_GCC_541\Debug\VDAC8_PM.o"
Deleting file ".\ARM_GCC_541\Debug\CapSense.o"
Deleting file ".\ARM_GCC_541\Debug\CapSense_CSHL.o"
Deleting file ".\ARM_GCC_541\Debug\CapSense_INT.o"
Deleting file ".\ARM_GCC_541\Debug\CapSense_Pins.o"
Deleting file ".\ARM_GCC_541\Debug\CapSense_PM.o"
Deleting file ".\ARM_GCC_541\Debug\CapSense_SMS_Wrapper.o"
Deleting file ".\ARM_GCC_541\Debug\CapSense_TunerHelper.o"
Deleting file ".\ARM_GCC_541\Debug\CapSense_CompCH0.o"
Deleting file ".\ARM_GCC_541\Debug\CapSense_CompCH0_PM.o"
Deleting file ".\ARM_GCC_541\Debug\CapSense_IdacCH0.o"
Deleting file ".\ARM_GCC_541\Debug\CapSense_IdacCH0_PM.o"
Deleting file ".\ARM_GCC_541\Debug\CapSense_AMuxCH0.o"
Deleting file ".\ARM_GCC_541\Debug\CapSense_IntClock.o"
Deleting file ".\ARM_GCC_541\Debug\cy_em_eeprom.o"
Deleting file ".\ARM_GCC_541\Debug\Cm3Start.o"
Deleting file ".\ARM_GCC_541\Debug\CyBootAsmGnu.o"
Deleting file ".\ARM_GCC_541\Debug\CyDmac.o"
Deleting file ".\ARM_GCC_541\Debug\CyFlash.o"
Deleting file ".\ARM_GCC_541\Debug\CyLib.o"
Deleting file ".\ARM_GCC_541\Debug\cyPm.o"
Deleting file ".\ARM_GCC_541\Debug\CySpc.o"
Deleting file ".\ARM_GCC_541\Debug\cyutils.o"
Deleting file ".\ARM_GCC_541\Debug\V_H_1.o"
Deleting file ".\ARM_GCC_541\Debug\V_T_1.o"
Deleting file ".\ARM_GCC_541\Debug\V_H_2.o"
Deleting file ".\ARM_GCC_541\Debug\V_T_2.o"
Deleting file ".\ARM_GCC_541\Debug\AMux_1.o"
Deleting file ".\ARM_GCC_541\Debug\ADC_1.o"
Deleting file ".\ARM_GCC_541\Debug\ADC_1_PM.o"
Deleting file ".\ARM_GCC_541\Debug\ADC_1_INT.o"
Deleting file ".\ARM_GCC_541\Debug\ADC_1_Ext_CP_Clk.o"
Deleting file ".\ARM_GCC_541\Debug\ADC_1_Bypass_P03.o"
Deleting file ".\ARM_GCC_541\Debug\ADC_1_IRQ.o"
Deleting file ".\ARM_GCC_541\Debug\ADC_1_theACLK.o"
Deleting file ".\ARM_GCC_541\Debug\MISO_1.o"
Deleting file ".\ARM_GCC_541\Debug\MOSI_1.o"
Deleting file ".\ARM_GCC_541\Debug\SCLK_1.o"
Deleting file ".\ARM_GCC_541\Debug\MOSI_2.o"
Deleting file ".\ARM_GCC_541\Debug\MISO_2.o"
Deleting file ".\ARM_GCC_541\Debug\SPIM_1.o"
Deleting file ".\ARM_GCC_541\Debug\SPIM_1_PM.o"
Deleting file ".\ARM_GCC_541\Debug\SPIM_1_INT.o"
Deleting file ".\ARM_GCC_541\Debug\SCLK_2.o"
Deleting file ".\ARM_GCC_541\Debug\SPIM_2.o"
Deleting file ".\ARM_GCC_541\Debug\SPIM_2_PM.o"
Deleting file ".\ARM_GCC_541\Debug\SPIM_2_INT.o"
Deleting file ".\ARM_GCC_541\Debug\SPIM_1_IntClock.o"
Deleting file ".\ARM_GCC_541\Debug\SPIM_2_IntClock.o"
Deleting file ".\ARM_GCC_541\Debug\SS_1.o"
Deleting file ".\ARM_GCC_541\Debug\SS_2.o"
Deleting file ".\ARM_GCC_541\Debug\USBMIDI_1.o"
Deleting file ".\ARM_GCC_541\Debug\USBMIDI_1_audio.o"
Deleting file ".\ARM_GCC_541\Debug\USBMIDI_1_boot.o"
Deleting file ".\ARM_GCC_541\Debug\USBMIDI_1_cdc.o"
Deleting file ".\ARM_GCC_541\Debug\USBMIDI_1_cls.o"
Deleting file ".\ARM_GCC_541\Debug\USBMIDI_1_descr.o"
Deleting file ".\ARM_GCC_541\Debug\USBMIDI_1_drv.o"
Deleting file ".\ARM_GCC_541\Debug\USBMIDI_1_episr.o"
Deleting file ".\ARM_GCC_541\Debug\USBMIDI_1_hid.o"
Deleting file ".\ARM_GCC_541\Debug\USBMIDI_1_pm.o"
Deleting file ".\ARM_GCC_541\Debug\USBMIDI_1_std.o"
Deleting file ".\ARM_GCC_541\Debug\USBMIDI_1_vnd.o"
Deleting file ".\ARM_GCC_541\Debug\USBMIDI_1_midi.o"
Deleting file ".\ARM_GCC_541\Debug\USBMIDI_1_msc.o"
Deleting file ".\ARM_GCC_541\Debug\USBMIDI_1_Dm.o"
Deleting file ".\ARM_GCC_541\Debug\USBMIDI_1_Dp.o"
Deleting file ".\ARM_GCC_541\Debug\I2C_1.o"
Deleting file ".\ARM_GCC_541\Debug\I2C_1_BOOT.o"
Deleting file ".\ARM_GCC_541\Debug\I2C_1_INT.o"
Deleting file ".\ARM_GCC_541\Debug\I2C_1_PM.o"
Deleting file ".\ARM_GCC_541\Debug\I2C_1_SLAVE.o"
Deleting file ".\ARM_GCC_541\Debug\I2C_1_MASTER.o"
Deleting file ".\ARM_GCC_541\Debug\SCL_1.o"
Deleting file ".\ARM_GCC_541\Debug\SDA_1.o"
Deleting file ".\ARM_GCC_541\Debug\oct1.o"
Deleting file ".\ARM_GCC_541\Debug\oct2.o"
Deleting file ".\ARM_GCC_541\Debug\oct3.o"
Deleting file ".\ARM_GCC_541\Debug\oct4.o"
Deleting file ".\ARM_GCC_541\Debug\up.o"
Deleting file ".\ARM_GCC_541\Debug\down.o"
Deleting file ".\ARM_GCC_541\Debug\edit.o"
Deleting file ".\ARM_GCC_541\Debug\enter.o"
Deleting file ".\ARM_GCC_541\Debug\fretted.o"
Deleting file ".\ARM_GCC_541\Debug\alt_fretted.o"
Deleting file ".\ARM_GCC_541\Debug\normal.o"
Deleting file ".\ARM_GCC_541\Debug\otonal.o"
Deleting file ".\ARM_GCC_541\Debug\utonal.o"
Deleting file ".\ARM_GCC_541\Debug\tune.o"
Deleting file ".\ARM_GCC_541\Debug\oct1_LED.o"
Deleting file ".\ARM_GCC_541\Debug\oct2_LED.o"
Deleting file ".\ARM_GCC_541\Debug\oct3_LED.o"
Deleting file ".\ARM_GCC_541\Debug\oct4_LED.o"
Deleting file ".\ARM_GCC_541\Debug\oct5_LED.o"
Deleting file ".\ARM_GCC_541\Debug\edit_LED.o"
Deleting file ".\ARM_GCC_541\Debug\normal_LED.o"
Deleting file ".\ARM_GCC_541\Debug\otonal_LED.o"
Deleting file ".\ARM_GCC_541\Debug\utonal_LED.o"
Deleting file ".\ARM_GCC_541\Debug\ADC_SAR_Seq_1.o"
Deleting file ".\ARM_GCC_541\Debug\ADC_SAR_Seq_1_PM.o"
Deleting file ".\ARM_GCC_541\Debug\ADC_SAR_Seq_1_INT.o"
Deleting file ".\ARM_GCC_541\Debug\ADC_SAR_Seq_1_SAR.o"
Deleting file ".\ARM_GCC_541\Debug\ADC_SAR_Seq_1_SAR_INT.o"
Deleting file ".\ARM_GCC_541\Debug\ADC_SAR_Seq_1_SAR_PM.o"
Deleting file ".\ARM_GCC_541\Debug\ADC_SAR_Seq_1_IntClock.o"
Deleting file ".\ARM_GCC_541\Debug\ADC_SAR_Seq_1_TempBuf_dma.o"
Deleting file ".\ARM_GCC_541\Debug\ADC_SAR_Seq_1_FinalBuf_dma.o"
Deleting file ".\ARM_GCC_541\Debug\ADC_SAR_Seq_1_IRQ.o"
Deleting file ".\ARM_GCC_541\Debug\ADC_SAR_Seq_1_SAR_Bypass.o"
Deleting file ".\ARM_GCC_541\Debug\joy_y.o"
Deleting file ".\ARM_GCC_541\Debug\joy_x.o"
Deleting file ".\ARM_GCC_541\Debug\USBMIDI_1_VBUS.o"
Deleting file ".\ARM_GCC_541\Debug\cv_pedal_switch_input.o"
Deleting file ".\ARM_GCC_541\Debug\fretted_LED1.o"
Deleting file ".\ARM_GCC_541\Debug\neck_bits1.o"
Deleting file ".\ARM_GCC_541\Debug\neck_bits2.o"
Deleting file ".\ARM_GCC_541\Debug\neck_bits3.o"
Deleting file ".\ARM_GCC_541\Debug\enter_LED.o"
Deleting file ".\ARM_GCC_541\Debug\fretted_LED2.o"
Deleting file ".\ARM_GCC_541\Debug\GNDPIN.o"
Deleting file ".\ARM_GCC_541\Debug\CE210514_PSOC3_5_Thermistor.hex"
Deleting file ".\ARM_GCC_541\Debug\CE210514_PSOC3_5_Thermistor.elf"
Deleting file ".\ARM_GCC_541\Debug\CE210514_PSOC3_5_Thermistor.map"
Deleting file ".\CE210514_PSOC3_5_Thermistor.cycdx"
Deleting file ".\CE210514_PSOC3_5_Thermistor.svd"
Deleting file ".\CE210514_PSOC3_5_Thermistor.rpt"
Deleting file ".\CE210514_PSOC3_5_Thermistor_timing.html"
Deleting file ".\ARM_GCC_541\Debug\.deps\SOURCE_C__ARM_GCC_GENERIC.P"
Deleting file ".\ARM_GCC_541\Debug\.deps\SOURCE_ASM__ARM_GCC_GENERIC.P"
--------------- Clean Succeeded: 03/17/2020 11:38:23 ---------------
