ARM GAS  C:\Users\JEFFSN~1\AppData\Local\Temp\ccSdWgLJ.s 			page 1


   1              		.syntax unified
   2              		.cpu cortex-m3
   3              		.fpu softvfp
   4              		.eabi_attribute 20, 1
   5              		.eabi_attribute 21, 1
   6              		.eabi_attribute 23, 3
   7              		.eabi_attribute 24, 1
   8              		.eabi_attribute 25, 1
   9              		.eabi_attribute 26, 1
  10              		.eabi_attribute 30, 6
  11              		.eabi_attribute 34, 1
  12              		.eabi_attribute 18, 4
  13              		.thumb
  14              		.syntax unified
  15              		.file	"CapSense_Pins.c"
  16              		.text
  17              	.Ltext0:
  18              		.cfi_sections	.debug_frame
  19              		.section	.text.CapSense_SetAllSensorsDriveMode,"ax",%progbits
  20              		.align	2
  21              		.global	CapSense_SetAllSensorsDriveMode
  22              		.thumb
  23              		.thumb_func
  24              		.type	CapSense_SetAllSensorsDriveMode, %function
  25              	CapSense_SetAllSensorsDriveMode:
  26              	.LFB0:
  27              		.file 1 "Generated_Source\\PSoC5\\CapSense_Pins.c"
   1:Generated_Source\PSoC5/CapSense_Pins.c **** /*******************************************************************************
   2:Generated_Source\PSoC5/CapSense_Pins.c **** * File Name: CapSense_Pins.c
   3:Generated_Source\PSoC5/CapSense_Pins.c **** * Version 3.50
   4:Generated_Source\PSoC5/CapSense_Pins.c **** *
   5:Generated_Source\PSoC5/CapSense_Pins.c **** * Description:
   6:Generated_Source\PSoC5/CapSense_Pins.c **** *  This file contains API to enable firmware control of a Pins component.
   7:Generated_Source\PSoC5/CapSense_Pins.c **** *
   8:Generated_Source\PSoC5/CapSense_Pins.c **** * Note:
   9:Generated_Source\PSoC5/CapSense_Pins.c **** *
  10:Generated_Source\PSoC5/CapSense_Pins.c **** ********************************************************************************
  11:Generated_Source\PSoC5/CapSense_Pins.c **** * Copyright 2008-2013, Cypress Semiconductor Corporation.  All rights reserved.
  12:Generated_Source\PSoC5/CapSense_Pins.c **** * You may use this file only in accordance with the license, terms, conditions,
  13:Generated_Source\PSoC5/CapSense_Pins.c **** * disclaimers, and limitations in the end user license agreement accompanying
  14:Generated_Source\PSoC5/CapSense_Pins.c **** * the software package with which this file was provided.
  15:Generated_Source\PSoC5/CapSense_Pins.c **** *******************************************************************************/
  16:Generated_Source\PSoC5/CapSense_Pins.c **** 
  17:Generated_Source\PSoC5/CapSense_Pins.c **** #include "CapSense_Pins.h"
  18:Generated_Source\PSoC5/CapSense_Pins.c **** 
  19:Generated_Source\PSoC5/CapSense_Pins.c **** 
  20:Generated_Source\PSoC5/CapSense_Pins.c **** /*******************************************************************************
  21:Generated_Source\PSoC5/CapSense_Pins.c **** * Function Name: CapSense_SetAllSensorsDriveMode
  22:Generated_Source\PSoC5/CapSense_Pins.c **** ********************************************************************************
  23:Generated_Source\PSoC5/CapSense_Pins.c **** *
  24:Generated_Source\PSoC5/CapSense_Pins.c **** * Summary:
  25:Generated_Source\PSoC5/CapSense_Pins.c **** *  Sets the drive mode for the all pins used by capacitive sensors within 
  26:Generated_Source\PSoC5/CapSense_Pins.c **** *  CapSense component.
  27:Generated_Source\PSoC5/CapSense_Pins.c **** * 
  28:Generated_Source\PSoC5/CapSense_Pins.c **** * Parameters:  
  29:Generated_Source\PSoC5/CapSense_Pins.c **** *  mode: Desired drive mode.
  30:Generated_Source\PSoC5/CapSense_Pins.c **** *
ARM GAS  C:\Users\JEFFSN~1\AppData\Local\Temp\ccSdWgLJ.s 			page 2


  31:Generated_Source\PSoC5/CapSense_Pins.c **** * Return: 
  32:Generated_Source\PSoC5/CapSense_Pins.c **** *  None
  33:Generated_Source\PSoC5/CapSense_Pins.c **** *
  34:Generated_Source\PSoC5/CapSense_Pins.c **** *******************************************************************************/
  35:Generated_Source\PSoC5/CapSense_Pins.c **** void CapSense_SetAllSensorsDriveMode(uint8 mode) 
  36:Generated_Source\PSoC5/CapSense_Pins.c **** {
  28              		.loc 1 36 0
  29              		.cfi_startproc
  30              		@ args = 0, pretend = 0, frame = 8
  31              		@ frame_needed = 1, uses_anonymous_args = 0
  32              		@ link register save eliminated.
  33 0000 80B4     		push	{r7}
  34              		.cfi_def_cfa_offset 4
  35              		.cfi_offset 7, -4
  36 0002 83B0     		sub	sp, sp, #12
  37              		.cfi_def_cfa_offset 16
  38 0004 00AF     		add	r7, sp, #0
  39              		.cfi_def_cfa_register 7
  40 0006 0346     		mov	r3, r0
  41 0008 FB71     		strb	r3, [r7, #7]
  37:Generated_Source\PSoC5/CapSense_Pins.c ****     /* Set pins drive mode */
  38:Generated_Source\PSoC5/CapSense_Pins.c ****     CyPins_SetPinDriveMode(CapSense_PortCH0__Button0__BTN, mode);
  42              		.loc 1 38 0
  43 000a 5749     		ldr	r1, .L2
  44 000c 564B     		ldr	r3, .L2
  45 000e 1B78     		ldrb	r3, [r3]
  46 0010 DBB2     		uxtb	r3, r3
  47 0012 5BB2     		sxtb	r3, r3
  48 0014 23F00E03 		bic	r3, r3, #14
  49 0018 5AB2     		sxtb	r2, r3
  50 001a 97F90730 		ldrsb	r3, [r7, #7]
  51 001e 03F00E03 		and	r3, r3, #14
  52 0022 5BB2     		sxtb	r3, r3
  53 0024 1343     		orrs	r3, r3, r2
  54 0026 5BB2     		sxtb	r3, r3
  55 0028 DBB2     		uxtb	r3, r3
  56 002a 0B70     		strb	r3, [r1]
  39:Generated_Source\PSoC5/CapSense_Pins.c ****     CyPins_SetPinDriveMode(CapSense_PortCH0__Button1__BTN, mode);
  57              		.loc 1 39 0
  58 002c 4F49     		ldr	r1, .L2+4
  59 002e 4F4B     		ldr	r3, .L2+4
  60 0030 1B78     		ldrb	r3, [r3]
  61 0032 DBB2     		uxtb	r3, r3
  62 0034 5BB2     		sxtb	r3, r3
  63 0036 23F00E03 		bic	r3, r3, #14
  64 003a 5AB2     		sxtb	r2, r3
  65 003c 97F90730 		ldrsb	r3, [r7, #7]
  66 0040 03F00E03 		and	r3, r3, #14
  67 0044 5BB2     		sxtb	r3, r3
  68 0046 1343     		orrs	r3, r3, r2
  69 0048 5BB2     		sxtb	r3, r3
  70 004a DBB2     		uxtb	r3, r3
  71 004c 0B70     		strb	r3, [r1]
  40:Generated_Source\PSoC5/CapSense_Pins.c ****     CyPins_SetPinDriveMode(CapSense_PortCH0__Button2__BTN, mode);
  72              		.loc 1 40 0
  73 004e 4849     		ldr	r1, .L2+8
  74 0050 474B     		ldr	r3, .L2+8
ARM GAS  C:\Users\JEFFSN~1\AppData\Local\Temp\ccSdWgLJ.s 			page 3


  75 0052 1B78     		ldrb	r3, [r3]
  76 0054 DBB2     		uxtb	r3, r3
  77 0056 5BB2     		sxtb	r3, r3
  78 0058 23F00E03 		bic	r3, r3, #14
  79 005c 5AB2     		sxtb	r2, r3
  80 005e 97F90730 		ldrsb	r3, [r7, #7]
  81 0062 03F00E03 		and	r3, r3, #14
  82 0066 5BB2     		sxtb	r3, r3
  83 0068 1343     		orrs	r3, r3, r2
  84 006a 5BB2     		sxtb	r3, r3
  85 006c DBB2     		uxtb	r3, r3
  86 006e 0B70     		strb	r3, [r1]
  41:Generated_Source\PSoC5/CapSense_Pins.c ****     CyPins_SetPinDriveMode(CapSense_PortCH0__Button3__BTN, mode);
  87              		.loc 1 41 0
  88 0070 4049     		ldr	r1, .L2+12
  89 0072 404B     		ldr	r3, .L2+12
  90 0074 1B78     		ldrb	r3, [r3]
  91 0076 DBB2     		uxtb	r3, r3
  92 0078 5BB2     		sxtb	r3, r3
  93 007a 23F00E03 		bic	r3, r3, #14
  94 007e 5AB2     		sxtb	r2, r3
  95 0080 97F90730 		ldrsb	r3, [r7, #7]
  96 0084 03F00E03 		and	r3, r3, #14
  97 0088 5BB2     		sxtb	r3, r3
  98 008a 1343     		orrs	r3, r3, r2
  99 008c 5BB2     		sxtb	r3, r3
 100 008e DBB2     		uxtb	r3, r3
 101 0090 0B70     		strb	r3, [r1]
  42:Generated_Source\PSoC5/CapSense_Pins.c ****     CyPins_SetPinDriveMode(CapSense_PortCH0__Button4__BTN, mode);
 102              		.loc 1 42 0
 103 0092 3949     		ldr	r1, .L2+16
 104 0094 384B     		ldr	r3, .L2+16
 105 0096 1B78     		ldrb	r3, [r3]
 106 0098 DBB2     		uxtb	r3, r3
 107 009a 5BB2     		sxtb	r3, r3
 108 009c 23F00E03 		bic	r3, r3, #14
 109 00a0 5AB2     		sxtb	r2, r3
 110 00a2 97F90730 		ldrsb	r3, [r7, #7]
 111 00a6 03F00E03 		and	r3, r3, #14
 112 00aa 5BB2     		sxtb	r3, r3
 113 00ac 1343     		orrs	r3, r3, r2
 114 00ae 5BB2     		sxtb	r3, r3
 115 00b0 DBB2     		uxtb	r3, r3
 116 00b2 0B70     		strb	r3, [r1]
  43:Generated_Source\PSoC5/CapSense_Pins.c ****     CyPins_SetPinDriveMode(CapSense_PortCH0__Button5__BTN, mode);
 117              		.loc 1 43 0
 118 00b4 3149     		ldr	r1, .L2+20
 119 00b6 314B     		ldr	r3, .L2+20
 120 00b8 1B78     		ldrb	r3, [r3]
 121 00ba DBB2     		uxtb	r3, r3
 122 00bc 5BB2     		sxtb	r3, r3
 123 00be 23F00E03 		bic	r3, r3, #14
 124 00c2 5AB2     		sxtb	r2, r3
 125 00c4 97F90730 		ldrsb	r3, [r7, #7]
 126 00c8 03F00E03 		and	r3, r3, #14
 127 00cc 5BB2     		sxtb	r3, r3
 128 00ce 1343     		orrs	r3, r3, r2
ARM GAS  C:\Users\JEFFSN~1\AppData\Local\Temp\ccSdWgLJ.s 			page 4


 129 00d0 5BB2     		sxtb	r3, r3
 130 00d2 DBB2     		uxtb	r3, r3
 131 00d4 0B70     		strb	r3, [r1]
  44:Generated_Source\PSoC5/CapSense_Pins.c ****     CyPins_SetPinDriveMode(CapSense_PortCH0__Button6__BTN, mode);
 132              		.loc 1 44 0
 133 00d6 2A49     		ldr	r1, .L2+24
 134 00d8 294B     		ldr	r3, .L2+24
 135 00da 1B78     		ldrb	r3, [r3]
 136 00dc DBB2     		uxtb	r3, r3
 137 00de 5BB2     		sxtb	r3, r3
 138 00e0 23F00E03 		bic	r3, r3, #14
 139 00e4 5AB2     		sxtb	r2, r3
 140 00e6 97F90730 		ldrsb	r3, [r7, #7]
 141 00ea 03F00E03 		and	r3, r3, #14
 142 00ee 5BB2     		sxtb	r3, r3
 143 00f0 1343     		orrs	r3, r3, r2
 144 00f2 5BB2     		sxtb	r3, r3
 145 00f4 DBB2     		uxtb	r3, r3
 146 00f6 0B70     		strb	r3, [r1]
  45:Generated_Source\PSoC5/CapSense_Pins.c ****     CyPins_SetPinDriveMode(CapSense_PortCH0__Button7__BTN, mode);
 147              		.loc 1 45 0
 148 00f8 2249     		ldr	r1, .L2+28
 149 00fa 224B     		ldr	r3, .L2+28
 150 00fc 1B78     		ldrb	r3, [r3]
 151 00fe DBB2     		uxtb	r3, r3
 152 0100 5BB2     		sxtb	r3, r3
 153 0102 23F00E03 		bic	r3, r3, #14
 154 0106 5AB2     		sxtb	r2, r3
 155 0108 97F90730 		ldrsb	r3, [r7, #7]
 156 010c 03F00E03 		and	r3, r3, #14
 157 0110 5BB2     		sxtb	r3, r3
 158 0112 1343     		orrs	r3, r3, r2
 159 0114 5BB2     		sxtb	r3, r3
 160 0116 DBB2     		uxtb	r3, r3
 161 0118 0B70     		strb	r3, [r1]
  46:Generated_Source\PSoC5/CapSense_Pins.c ****     CyPins_SetPinDriveMode(CapSense_PortCH0__Button8__BTN, mode);
 162              		.loc 1 46 0
 163 011a 1B49     		ldr	r1, .L2+32
 164 011c 1A4B     		ldr	r3, .L2+32
 165 011e 1B78     		ldrb	r3, [r3]
 166 0120 DBB2     		uxtb	r3, r3
 167 0122 5BB2     		sxtb	r3, r3
 168 0124 23F00E03 		bic	r3, r3, #14
 169 0128 5AB2     		sxtb	r2, r3
 170 012a 97F90730 		ldrsb	r3, [r7, #7]
 171 012e 03F00E03 		and	r3, r3, #14
 172 0132 5BB2     		sxtb	r3, r3
 173 0134 1343     		orrs	r3, r3, r2
 174 0136 5BB2     		sxtb	r3, r3
 175 0138 DBB2     		uxtb	r3, r3
 176 013a 0B70     		strb	r3, [r1]
  47:Generated_Source\PSoC5/CapSense_Pins.c ****     CyPins_SetPinDriveMode(CapSense_PortCH0__Button9__BTN, mode);
 177              		.loc 1 47 0
 178 013c 1349     		ldr	r1, .L2+36
 179 013e 134B     		ldr	r3, .L2+36
 180 0140 1B78     		ldrb	r3, [r3]
 181 0142 DBB2     		uxtb	r3, r3
ARM GAS  C:\Users\JEFFSN~1\AppData\Local\Temp\ccSdWgLJ.s 			page 5


 182 0144 5BB2     		sxtb	r3, r3
 183 0146 23F00E03 		bic	r3, r3, #14
 184 014a 5AB2     		sxtb	r2, r3
 185 014c 97F90730 		ldrsb	r3, [r7, #7]
 186 0150 03F00E03 		and	r3, r3, #14
 187 0154 5BB2     		sxtb	r3, r3
 188 0156 1343     		orrs	r3, r3, r2
 189 0158 5BB2     		sxtb	r3, r3
 190 015a DBB2     		uxtb	r3, r3
 191 015c 0B70     		strb	r3, [r1]
  48:Generated_Source\PSoC5/CapSense_Pins.c **** 
  49:Generated_Source\PSoC5/CapSense_Pins.c **** }
 192              		.loc 1 49 0
 193 015e 00BF     		nop
 194 0160 0C37     		adds	r7, r7, #12
 195              		.cfi_def_cfa_offset 4
 196 0162 BD46     		mov	sp, r7
 197              		.cfi_def_cfa_register 13
 198              		@ sp needed
 199 0164 80BC     		pop	{r7}
 200              		.cfi_restore 7
 201              		.cfi_def_cfa_offset 0
 202 0166 7047     		bx	lr
 203              	.L3:
 204              		.align	2
 205              	.L2:
 206 0168 17500040 		.word	1073762327
 207 016c 16500040 		.word	1073762326
 208 0170 15500040 		.word	1073762325
 209 0174 14500040 		.word	1073762324
 210 0178 13500040 		.word	1073762323
 211 017c 34500040 		.word	1073762356
 212 0180 35500040 		.word	1073762357
 213 0184 36500040 		.word	1073762358
 214 0188 37500040 		.word	1073762359
 215 018c 10500040 		.word	1073762320
 216              		.cfi_endproc
 217              	.LFE0:
 218              		.size	CapSense_SetAllSensorsDriveMode, .-CapSense_SetAllSensorsDriveMode
 219              		.section	.text.CapSense_SetAllCmodsDriveMode,"ax",%progbits
 220              		.align	2
 221              		.global	CapSense_SetAllCmodsDriveMode
 222              		.thumb
 223              		.thumb_func
 224              		.type	CapSense_SetAllCmodsDriveMode, %function
 225              	CapSense_SetAllCmodsDriveMode:
 226              	.LFB1:
  50:Generated_Source\PSoC5/CapSense_Pins.c **** 
  51:Generated_Source\PSoC5/CapSense_Pins.c **** 
  52:Generated_Source\PSoC5/CapSense_Pins.c **** 
  53:Generated_Source\PSoC5/CapSense_Pins.c **** /*******************************************************************************
  54:Generated_Source\PSoC5/CapSense_Pins.c **** * Function Name: CapSense_SetAllCmodsDriveMode
  55:Generated_Source\PSoC5/CapSense_Pins.c **** ********************************************************************************
  56:Generated_Source\PSoC5/CapSense_Pins.c **** *
  57:Generated_Source\PSoC5/CapSense_Pins.c **** * Summary:
  58:Generated_Source\PSoC5/CapSense_Pins.c **** *  Sets the drive mode for the all pins used by Cmod capacitors within CapSense 
  59:Generated_Source\PSoC5/CapSense_Pins.c **** *  component.
ARM GAS  C:\Users\JEFFSN~1\AppData\Local\Temp\ccSdWgLJ.s 			page 6


  60:Generated_Source\PSoC5/CapSense_Pins.c **** * 
  61:Generated_Source\PSoC5/CapSense_Pins.c **** * Parameters:  
  62:Generated_Source\PSoC5/CapSense_Pins.c **** *  mode: Desired drive mode.
  63:Generated_Source\PSoC5/CapSense_Pins.c **** *
  64:Generated_Source\PSoC5/CapSense_Pins.c **** * Return: 
  65:Generated_Source\PSoC5/CapSense_Pins.c **** *  None
  66:Generated_Source\PSoC5/CapSense_Pins.c **** *
  67:Generated_Source\PSoC5/CapSense_Pins.c **** *******************************************************************************/
  68:Generated_Source\PSoC5/CapSense_Pins.c **** void CapSense_SetAllCmodsDriveMode(uint8 mode) 
  69:Generated_Source\PSoC5/CapSense_Pins.c **** {
 227              		.loc 1 69 0
 228              		.cfi_startproc
 229              		@ args = 0, pretend = 0, frame = 8
 230              		@ frame_needed = 1, uses_anonymous_args = 0
 231              		@ link register save eliminated.
 232 0000 80B4     		push	{r7}
 233              		.cfi_def_cfa_offset 4
 234              		.cfi_offset 7, -4
 235 0002 83B0     		sub	sp, sp, #12
 236              		.cfi_def_cfa_offset 16
 237 0004 00AF     		add	r7, sp, #0
 238              		.cfi_def_cfa_register 7
 239 0006 0346     		mov	r3, r0
 240 0008 FB71     		strb	r3, [r7, #7]
  70:Generated_Source\PSoC5/CapSense_Pins.c ****    /* Set pins drive mode */
  71:Generated_Source\PSoC5/CapSense_Pins.c ****     CyPins_SetPinDriveMode(CapSense_CmodCH0_Cmod_CH0, mode);
 241              		.loc 1 71 0
 242 000a 0B49     		ldr	r1, .L5
 243 000c 0A4B     		ldr	r3, .L5
 244 000e 1B78     		ldrb	r3, [r3]
 245 0010 DBB2     		uxtb	r3, r3
 246 0012 5BB2     		sxtb	r3, r3
 247 0014 23F00E03 		bic	r3, r3, #14
 248 0018 5AB2     		sxtb	r2, r3
 249 001a 97F90730 		ldrsb	r3, [r7, #7]
 250 001e 03F00E03 		and	r3, r3, #14
 251 0022 5BB2     		sxtb	r3, r3
 252 0024 1343     		orrs	r3, r3, r2
 253 0026 5BB2     		sxtb	r3, r3
 254 0028 DBB2     		uxtb	r3, r3
 255 002a 0B70     		strb	r3, [r1]
  72:Generated_Source\PSoC5/CapSense_Pins.c **** 
  73:Generated_Source\PSoC5/CapSense_Pins.c **** }
 256              		.loc 1 73 0
 257 002c 00BF     		nop
 258 002e 0C37     		adds	r7, r7, #12
 259              		.cfi_def_cfa_offset 4
 260 0030 BD46     		mov	sp, r7
 261              		.cfi_def_cfa_register 13
 262              		@ sp needed
 263 0032 80BC     		pop	{r7}
 264              		.cfi_restore 7
 265              		.cfi_def_cfa_offset 0
 266 0034 7047     		bx	lr
 267              	.L6:
 268 0036 00BF     		.align	2
 269              	.L5:
ARM GAS  C:\Users\JEFFSN~1\AppData\Local\Temp\ccSdWgLJ.s 			page 7


 270 0038 7C500040 		.word	1073762428
 271              		.cfi_endproc
 272              	.LFE1:
 273              		.size	CapSense_SetAllCmodsDriveMode, .-CapSense_SetAllCmodsDriveMode
 274              		.text
 275              	.Letext0:
 276              		.file 2 "Generated_Source\\PSoC5\\cytypes.h"
 277              		.section	.debug_info,"",%progbits
 278              	.Ldebug_info0:
 279 0000 EC000000 		.4byte	0xec
 280 0004 0400     		.2byte	0x4
 281 0006 00000000 		.4byte	.Ldebug_abbrev0
 282 000a 04       		.byte	0x4
 283 000b 01       		.uleb128 0x1
 284 000c C7000000 		.4byte	.LASF17
 285 0010 0C       		.byte	0xc
 286 0011 21000000 		.4byte	.LASF18
 287 0015 8A010000 		.4byte	.LASF19
 288 0019 00000000 		.4byte	.Ldebug_ranges0+0
 289 001d 00000000 		.4byte	0
 290 0021 00000000 		.4byte	.Ldebug_line0
 291 0025 02       		.uleb128 0x2
 292 0026 01       		.byte	0x1
 293 0027 06       		.byte	0x6
 294 0028 7E010000 		.4byte	.LASF0
 295 002c 02       		.uleb128 0x2
 296 002d 01       		.byte	0x1
 297 002e 08       		.byte	0x8
 298 002f 55010000 		.4byte	.LASF1
 299 0033 02       		.uleb128 0x2
 300 0034 02       		.byte	0x2
 301 0035 05       		.byte	0x5
 302 0036 20020000 		.4byte	.LASF2
 303 003a 02       		.uleb128 0x2
 304 003b 02       		.byte	0x2
 305 003c 07       		.byte	0x7
 306 003d 0E000000 		.4byte	.LASF3
 307 0041 02       		.uleb128 0x2
 308 0042 04       		.byte	0x4
 309 0043 05       		.byte	0x5
 310 0044 68010000 		.4byte	.LASF4
 311 0048 02       		.uleb128 0x2
 312 0049 04       		.byte	0x4
 313 004a 07       		.byte	0x7
 314 004b 98000000 		.4byte	.LASF5
 315 004f 02       		.uleb128 0x2
 316 0050 08       		.byte	0x8
 317 0051 05       		.byte	0x5
 318 0052 00000000 		.4byte	.LASF6
 319 0056 02       		.uleb128 0x2
 320 0057 08       		.byte	0x8
 321 0058 07       		.byte	0x7
 322 0059 AA000000 		.4byte	.LASF7
 323 005d 03       		.uleb128 0x3
 324 005e 04       		.byte	0x4
 325 005f 05       		.byte	0x5
 326 0060 696E7400 		.ascii	"int\000"
ARM GAS  C:\Users\JEFFSN~1\AppData\Local\Temp\ccSdWgLJ.s 			page 8


 327 0064 02       		.uleb128 0x2
 328 0065 04       		.byte	0x4
 329 0066 07       		.byte	0x7
 330 0067 48000000 		.4byte	.LASF8
 331 006b 04       		.uleb128 0x4
 332 006c 78010000 		.4byte	.LASF12
 333 0070 02       		.byte	0x2
 334 0071 E901     		.2byte	0x1e9
 335 0073 2C000000 		.4byte	0x2c
 336 0077 02       		.uleb128 0x2
 337 0078 04       		.byte	0x4
 338 0079 04       		.byte	0x4
 339 007a C1000000 		.4byte	.LASF9
 340 007e 02       		.uleb128 0x2
 341 007f 08       		.byte	0x8
 342 0080 04       		.byte	0x4
 343 0081 71010000 		.4byte	.LASF10
 344 0085 02       		.uleb128 0x2
 345 0086 01       		.byte	0x1
 346 0087 08       		.byte	0x8
 347 0088 63010000 		.4byte	.LASF11
 348 008c 04       		.uleb128 0x4
 349 008d 2A020000 		.4byte	.LASF13
 350 0091 02       		.byte	0x2
 351 0092 9302     		.2byte	0x293
 352 0094 98000000 		.4byte	0x98
 353 0098 05       		.uleb128 0x5
 354 0099 6B000000 		.4byte	0x6b
 355 009d 02       		.uleb128 0x2
 356 009e 08       		.byte	0x8
 357 009f 04       		.byte	0x4
 358 00a0 14020000 		.4byte	.LASF14
 359 00a4 02       		.uleb128 0x2
 360 00a5 04       		.byte	0x4
 361 00a6 07       		.byte	0x7
 362 00a7 2F020000 		.4byte	.LASF15
 363 00ab 06       		.uleb128 0x6
 364 00ac 55000000 		.4byte	.LASF20
 365 00b0 01       		.byte	0x1
 366 00b1 23       		.byte	0x23
 367 00b2 00000000 		.4byte	.LFB0
 368 00b6 90010000 		.4byte	.LFE0-.LFB0
 369 00ba 01       		.uleb128 0x1
 370 00bb 9C       		.byte	0x9c
 371 00bc CF000000 		.4byte	0xcf
 372 00c0 07       		.uleb128 0x7
 373 00c1 75000000 		.4byte	.LASF16
 374 00c5 01       		.byte	0x1
 375 00c6 23       		.byte	0x23
 376 00c7 6B000000 		.4byte	0x6b
 377 00cb 02       		.uleb128 0x2
 378 00cc 91       		.byte	0x91
 379 00cd 77       		.sleb128 -9
 380 00ce 00       		.byte	0
 381 00cf 08       		.uleb128 0x8
 382 00d0 7A000000 		.4byte	.LASF21
 383 00d4 01       		.byte	0x1
ARM GAS  C:\Users\JEFFSN~1\AppData\Local\Temp\ccSdWgLJ.s 			page 9


 384 00d5 44       		.byte	0x44
 385 00d6 00000000 		.4byte	.LFB1
 386 00da 3C000000 		.4byte	.LFE1-.LFB1
 387 00de 01       		.uleb128 0x1
 388 00df 9C       		.byte	0x9c
 389 00e0 07       		.uleb128 0x7
 390 00e1 75000000 		.4byte	.LASF16
 391 00e5 01       		.byte	0x1
 392 00e6 44       		.byte	0x44
 393 00e7 6B000000 		.4byte	0x6b
 394 00eb 02       		.uleb128 0x2
 395 00ec 91       		.byte	0x91
 396 00ed 77       		.sleb128 -9
 397 00ee 00       		.byte	0
 398 00ef 00       		.byte	0
 399              		.section	.debug_abbrev,"",%progbits
 400              	.Ldebug_abbrev0:
 401 0000 01       		.uleb128 0x1
 402 0001 11       		.uleb128 0x11
 403 0002 01       		.byte	0x1
 404 0003 25       		.uleb128 0x25
 405 0004 0E       		.uleb128 0xe
 406 0005 13       		.uleb128 0x13
 407 0006 0B       		.uleb128 0xb
 408 0007 03       		.uleb128 0x3
 409 0008 0E       		.uleb128 0xe
 410 0009 1B       		.uleb128 0x1b
 411 000a 0E       		.uleb128 0xe
 412 000b 55       		.uleb128 0x55
 413 000c 17       		.uleb128 0x17
 414 000d 11       		.uleb128 0x11
 415 000e 01       		.uleb128 0x1
 416 000f 10       		.uleb128 0x10
 417 0010 17       		.uleb128 0x17
 418 0011 00       		.byte	0
 419 0012 00       		.byte	0
 420 0013 02       		.uleb128 0x2
 421 0014 24       		.uleb128 0x24
 422 0015 00       		.byte	0
 423 0016 0B       		.uleb128 0xb
 424 0017 0B       		.uleb128 0xb
 425 0018 3E       		.uleb128 0x3e
 426 0019 0B       		.uleb128 0xb
 427 001a 03       		.uleb128 0x3
 428 001b 0E       		.uleb128 0xe
 429 001c 00       		.byte	0
 430 001d 00       		.byte	0
 431 001e 03       		.uleb128 0x3
 432 001f 24       		.uleb128 0x24
 433 0020 00       		.byte	0
 434 0021 0B       		.uleb128 0xb
 435 0022 0B       		.uleb128 0xb
 436 0023 3E       		.uleb128 0x3e
 437 0024 0B       		.uleb128 0xb
 438 0025 03       		.uleb128 0x3
 439 0026 08       		.uleb128 0x8
 440 0027 00       		.byte	0
ARM GAS  C:\Users\JEFFSN~1\AppData\Local\Temp\ccSdWgLJ.s 			page 10


 441 0028 00       		.byte	0
 442 0029 04       		.uleb128 0x4
 443 002a 16       		.uleb128 0x16
 444 002b 00       		.byte	0
 445 002c 03       		.uleb128 0x3
 446 002d 0E       		.uleb128 0xe
 447 002e 3A       		.uleb128 0x3a
 448 002f 0B       		.uleb128 0xb
 449 0030 3B       		.uleb128 0x3b
 450 0031 05       		.uleb128 0x5
 451 0032 49       		.uleb128 0x49
 452 0033 13       		.uleb128 0x13
 453 0034 00       		.byte	0
 454 0035 00       		.byte	0
 455 0036 05       		.uleb128 0x5
 456 0037 35       		.uleb128 0x35
 457 0038 00       		.byte	0
 458 0039 49       		.uleb128 0x49
 459 003a 13       		.uleb128 0x13
 460 003b 00       		.byte	0
 461 003c 00       		.byte	0
 462 003d 06       		.uleb128 0x6
 463 003e 2E       		.uleb128 0x2e
 464 003f 01       		.byte	0x1
 465 0040 3F       		.uleb128 0x3f
 466 0041 19       		.uleb128 0x19
 467 0042 03       		.uleb128 0x3
 468 0043 0E       		.uleb128 0xe
 469 0044 3A       		.uleb128 0x3a
 470 0045 0B       		.uleb128 0xb
 471 0046 3B       		.uleb128 0x3b
 472 0047 0B       		.uleb128 0xb
 473 0048 27       		.uleb128 0x27
 474 0049 19       		.uleb128 0x19
 475 004a 11       		.uleb128 0x11
 476 004b 01       		.uleb128 0x1
 477 004c 12       		.uleb128 0x12
 478 004d 06       		.uleb128 0x6
 479 004e 40       		.uleb128 0x40
 480 004f 18       		.uleb128 0x18
 481 0050 9742     		.uleb128 0x2117
 482 0052 19       		.uleb128 0x19
 483 0053 01       		.uleb128 0x1
 484 0054 13       		.uleb128 0x13
 485 0055 00       		.byte	0
 486 0056 00       		.byte	0
 487 0057 07       		.uleb128 0x7
 488 0058 05       		.uleb128 0x5
 489 0059 00       		.byte	0
 490 005a 03       		.uleb128 0x3
 491 005b 0E       		.uleb128 0xe
 492 005c 3A       		.uleb128 0x3a
 493 005d 0B       		.uleb128 0xb
 494 005e 3B       		.uleb128 0x3b
 495 005f 0B       		.uleb128 0xb
 496 0060 49       		.uleb128 0x49
 497 0061 13       		.uleb128 0x13
ARM GAS  C:\Users\JEFFSN~1\AppData\Local\Temp\ccSdWgLJ.s 			page 11


 498 0062 02       		.uleb128 0x2
 499 0063 18       		.uleb128 0x18
 500 0064 00       		.byte	0
 501 0065 00       		.byte	0
 502 0066 08       		.uleb128 0x8
 503 0067 2E       		.uleb128 0x2e
 504 0068 01       		.byte	0x1
 505 0069 3F       		.uleb128 0x3f
 506 006a 19       		.uleb128 0x19
 507 006b 03       		.uleb128 0x3
 508 006c 0E       		.uleb128 0xe
 509 006d 3A       		.uleb128 0x3a
 510 006e 0B       		.uleb128 0xb
 511 006f 3B       		.uleb128 0x3b
 512 0070 0B       		.uleb128 0xb
 513 0071 27       		.uleb128 0x27
 514 0072 19       		.uleb128 0x19
 515 0073 11       		.uleb128 0x11
 516 0074 01       		.uleb128 0x1
 517 0075 12       		.uleb128 0x12
 518 0076 06       		.uleb128 0x6
 519 0077 40       		.uleb128 0x40
 520 0078 18       		.uleb128 0x18
 521 0079 9742     		.uleb128 0x2117
 522 007b 19       		.uleb128 0x19
 523 007c 00       		.byte	0
 524 007d 00       		.byte	0
 525 007e 00       		.byte	0
 526              		.section	.debug_aranges,"",%progbits
 527 0000 24000000 		.4byte	0x24
 528 0004 0200     		.2byte	0x2
 529 0006 00000000 		.4byte	.Ldebug_info0
 530 000a 04       		.byte	0x4
 531 000b 00       		.byte	0
 532 000c 0000     		.2byte	0
 533 000e 0000     		.2byte	0
 534 0010 00000000 		.4byte	.LFB0
 535 0014 90010000 		.4byte	.LFE0-.LFB0
 536 0018 00000000 		.4byte	.LFB1
 537 001c 3C000000 		.4byte	.LFE1-.LFB1
 538 0020 00000000 		.4byte	0
 539 0024 00000000 		.4byte	0
 540              		.section	.debug_ranges,"",%progbits
 541              	.Ldebug_ranges0:
 542 0000 00000000 		.4byte	.LFB0
 543 0004 90010000 		.4byte	.LFE0
 544 0008 00000000 		.4byte	.LFB1
 545 000c 3C000000 		.4byte	.LFE1
 546 0010 00000000 		.4byte	0
 547 0014 00000000 		.4byte	0
 548              		.section	.debug_line,"",%progbits
 549              	.Ldebug_line0:
 550 0000 87000000 		.section	.debug_str,"MS",%progbits,1
 550      02004A00 
 550      00000201 
 550      FB0E0D00 
 550      01010101 
ARM GAS  C:\Users\JEFFSN~1\AppData\Local\Temp\ccSdWgLJ.s 			page 12


 551              	.LASF6:
 552 0000 6C6F6E67 		.ascii	"long long int\000"
 552      206C6F6E 
 552      6720696E 
 552      7400
 553              	.LASF3:
 554 000e 73686F72 		.ascii	"short unsigned int\000"
 554      7420756E 
 554      7369676E 
 554      65642069 
 554      6E7400
 555              	.LASF18:
 556 0021 47656E65 		.ascii	"Generated_Source\\PSoC5\\CapSense_Pins.c\000"
 556      72617465 
 556      645F536F 
 556      75726365 
 556      5C50536F 
 557              	.LASF8:
 558 0048 756E7369 		.ascii	"unsigned int\000"
 558      676E6564 
 558      20696E74 
 558      00
 559              	.LASF20:
 560 0055 43617053 		.ascii	"CapSense_SetAllSensorsDriveMode\000"
 560      656E7365 
 560      5F536574 
 560      416C6C53 
 560      656E736F 
 561              	.LASF16:
 562 0075 6D6F6465 		.ascii	"mode\000"
 562      00
 563              	.LASF21:
 564 007a 43617053 		.ascii	"CapSense_SetAllCmodsDriveMode\000"
 564      656E7365 
 564      5F536574 
 564      416C6C43 
 564      6D6F6473 
 565              	.LASF5:
 566 0098 6C6F6E67 		.ascii	"long unsigned int\000"
 566      20756E73 
 566      69676E65 
 566      6420696E 
 566      7400
 567              	.LASF7:
 568 00aa 6C6F6E67 		.ascii	"long long unsigned int\000"
 568      206C6F6E 
 568      6720756E 
 568      7369676E 
 568      65642069 
 569              	.LASF9:
 570 00c1 666C6F61 		.ascii	"float\000"
 570      7400
 571              	.LASF17:
 572 00c7 474E5520 		.ascii	"GNU C11 5.4.1 20160609 (release) [ARM/embedded-5-br"
 572      43313120 
 572      352E342E 
 572      31203230 
ARM GAS  C:\Users\JEFFSN~1\AppData\Local\Temp\ccSdWgLJ.s 			page 13


 572      31363036 
 573 00fa 616E6368 		.ascii	"anch revision 237715] -mcpu=cortex-m3 -mthumb -g -O"
 573      20726576 
 573      6973696F 
 573      6E203233 
 573      37373135 
 574 012d 30202D66 		.ascii	"0 -ffunction-sections -ffat-lto-objects\000"
 574      66756E63 
 574      74696F6E 
 574      2D736563 
 574      74696F6E 
 575              	.LASF1:
 576 0155 756E7369 		.ascii	"unsigned char\000"
 576      676E6564 
 576      20636861 
 576      7200
 577              	.LASF11:
 578 0163 63686172 		.ascii	"char\000"
 578      00
 579              	.LASF4:
 580 0168 6C6F6E67 		.ascii	"long int\000"
 580      20696E74 
 580      00
 581              	.LASF10:
 582 0171 646F7562 		.ascii	"double\000"
 582      6C6500
 583              	.LASF12:
 584 0178 75696E74 		.ascii	"uint8\000"
 584      3800
 585              	.LASF0:
 586 017e 7369676E 		.ascii	"signed char\000"
 586      65642063 
 586      68617200 
 587              	.LASF19:
 588 018a 433A5C55 		.ascii	"C:\\Users\\JeffSnyder\\dev\\Electrosteel_embedded\\"
 588      73657273 
 588      5C4A6566 
 588      66536E79 
 588      6465725C 
 589 01b8 50534F43 		.ascii	"PSOC5_electrosteel_stringsensors_newpcbtryingglitch"
 589      355F656C 
 589      65637472 
 589      6F737465 
 589      656C5F73 
 590 01eb 64657465 		.ascii	"detect\\CE210514_PSOC3_5_Thermistor.cydsn\000"
 590      63745C43 
 590      45323130 
 590      3531345F 
 590      50534F43 
 591              	.LASF14:
 592 0214 6C6F6E67 		.ascii	"long double\000"
 592      20646F75 
 592      626C6500 
 593              	.LASF2:
 594 0220 73686F72 		.ascii	"short int\000"
 594      7420696E 
 594      7400
ARM GAS  C:\Users\JEFFSN~1\AppData\Local\Temp\ccSdWgLJ.s 			page 14


 595              	.LASF13:
 596 022a 72656738 		.ascii	"reg8\000"
 596      00
 597              	.LASF15:
 598 022f 73697A65 		.ascii	"sizetype\000"
 598      74797065 
 598      00
 599              		.ident	"GCC: (GNU Tools for ARM Embedded Processors) 5.4.1 20160609 (release) [ARM/embedded-5-bran
