ARM GAS  C:\Users\JEFFSN~1\AppData\Local\Temp\cc8Elfma.s 			page 1


   1              		.syntax unified
   2              		.cpu cortex-m3
   3              		.fpu softvfp
   4              		.eabi_attribute 20, 1
   5              		.eabi_attribute 21, 1
   6              		.eabi_attribute 23, 3
   7              		.eabi_attribute 24, 1
   8              		.eabi_attribute 25, 1
   9              		.eabi_attribute 26, 1
  10              		.eabi_attribute 30, 6
  11              		.eabi_attribute 34, 1
  12              		.eabi_attribute 18, 4
  13              		.thumb
  14              		.syntax unified
  15              		.file	"USBMIDI_1_descr.c"
  16              		.text
  17              	.Ltext0:
  18              		.cfi_sections	.debug_frame
  19              		.global	USBMIDI_1_DEVICE0_DESCR
  20              		.section	.rodata
  21              		.align	2
  22              		.type	USBMIDI_1_DEVICE0_DESCR, %object
  23              		.size	USBMIDI_1_DEVICE0_DESCR, 18
  24              	USBMIDI_1_DEVICE0_DESCR:
  25 0000 12       		.byte	18
  26 0001 01       		.byte	1
  27 0002 00       		.byte	0
  28 0003 02       		.byte	2
  29 0004 00       		.byte	0
  30 0005 00       		.byte	0
  31 0006 00       		.byte	0
  32 0007 08       		.byte	8
  33 0008 B4       		.byte	-76
  34 0009 04       		.byte	4
  35 000a 32       		.byte	50
  36 000b D2       		.byte	-46
  37 000c 01       		.byte	1
  38 000d 00       		.byte	0
  39 000e 01       		.byte	1
  40 000f 02       		.byte	2
  41 0010 80       		.byte	-128
  42 0011 01       		.byte	1
  43              		.global	USBMIDI_1_DEVICE0_CONFIGURATION0_DESCR
  44 0012 0000     		.align	2
  45              		.type	USBMIDI_1_DEVICE0_CONFIGURATION0_DESCR, %object
  46              		.size	USBMIDI_1_DEVICE0_CONFIGURATION0_DESCR, 101
  47              	USBMIDI_1_DEVICE0_CONFIGURATION0_DESCR:
  48 0014 09       		.byte	9
  49 0015 02       		.byte	2
  50 0016 65       		.byte	101
  51 0017 00       		.byte	0
  52 0018 02       		.byte	2
  53 0019 01       		.byte	1
  54 001a 01       		.byte	1
  55 001b 80       		.byte	-128
  56 001c 32       		.byte	50
  57 001d 09       		.byte	9
ARM GAS  C:\Users\JEFFSN~1\AppData\Local\Temp\cc8Elfma.s 			page 2


  58 001e 04       		.byte	4
  59 001f 00       		.byte	0
  60 0020 00       		.byte	0
  61 0021 00       		.byte	0
  62 0022 01       		.byte	1
  63 0023 01       		.byte	1
  64 0024 00       		.byte	0
  65 0025 03       		.byte	3
  66 0026 09       		.byte	9
  67 0027 24       		.byte	36
  68 0028 01       		.byte	1
  69 0029 00       		.byte	0
  70 002a 01       		.byte	1
  71 002b 09       		.byte	9
  72 002c 00       		.byte	0
  73 002d 01       		.byte	1
  74 002e 01       		.byte	1
  75 002f 09       		.byte	9
  76 0030 04       		.byte	4
  77 0031 01       		.byte	1
  78 0032 00       		.byte	0
  79 0033 02       		.byte	2
  80 0034 01       		.byte	1
  81 0035 03       		.byte	3
  82 0036 00       		.byte	0
  83 0037 04       		.byte	4
  84 0038 07       		.byte	7
  85 0039 24       		.byte	36
  86 003a 01       		.byte	1
  87 003b 00       		.byte	0
  88 003c 01       		.byte	1
  89 003d 25       		.byte	37
  90 003e 00       		.byte	0
  91 003f 06       		.byte	6
  92 0040 24       		.byte	36
  93 0041 02       		.byte	2
  94 0042 01       		.byte	1
  95 0043 01       		.byte	1
  96 0044 05       		.byte	5
  97 0045 06       		.byte	6
  98 0046 24       		.byte	36
  99 0047 02       		.byte	2
 100 0048 02       		.byte	2
 101 0049 02       		.byte	2
 102 004a 05       		.byte	5
 103 004b 09       		.byte	9
 104 004c 24       		.byte	36
 105 004d 03       		.byte	3
 106 004e 01       		.byte	1
 107 004f 03       		.byte	3
 108 0050 01       		.byte	1
 109 0051 02       		.byte	2
 110 0052 01       		.byte	1
 111 0053 06       		.byte	6
 112 0054 09       		.byte	9
 113 0055 24       		.byte	36
 114 0056 03       		.byte	3
ARM GAS  C:\Users\JEFFSN~1\AppData\Local\Temp\cc8Elfma.s 			page 3


 115 0057 02       		.byte	2
 116 0058 04       		.byte	4
 117 0059 01       		.byte	1
 118 005a 01       		.byte	1
 119 005b 01       		.byte	1
 120 005c 06       		.byte	6
 121 005d 09       		.byte	9
 122 005e 05       		.byte	5
 123 005f 81       		.byte	-127
 124 0060 02       		.byte	2
 125 0061 20       		.byte	32
 126 0062 00       		.byte	0
 127 0063 00       		.byte	0
 128 0064 00       		.byte	0
 129 0065 00       		.byte	0
 130 0066 05       		.byte	5
 131 0067 25       		.byte	37
 132 0068 01       		.byte	1
 133 0069 01       		.byte	1
 134 006a 03       		.byte	3
 135 006b 09       		.byte	9
 136 006c 05       		.byte	5
 137 006d 02       		.byte	2
 138 006e 02       		.byte	2
 139 006f 20       		.byte	32
 140 0070 00       		.byte	0
 141 0071 00       		.byte	0
 142 0072 00       		.byte	0
 143 0073 00       		.byte	0
 144 0074 05       		.byte	5
 145 0075 25       		.byte	37
 146 0076 01       		.byte	1
 147 0077 01       		.byte	1
 148 0078 01       		.byte	1
 149              		.global	USBMIDI_1_STRING_DESCRIPTORS
 150 0079 000000   		.align	2
 151              		.type	USBMIDI_1_STRING_DESCRIPTORS, %object
 152              		.size	USBMIDI_1_STRING_DESCRIPTORS, 177
 153              	USBMIDI_1_STRING_DESCRIPTORS:
 154 007c 04       		.byte	4
 155 007d 03       		.byte	3
 156 007e 09       		.byte	9
 157 007f 04       		.byte	4
 158 0080 2C       		.byte	44
 159 0081 03       		.byte	3
 160 0082 43       		.byte	67
 161 0083 00       		.byte	0
 162 0084 79       		.byte	121
 163 0085 00       		.byte	0
 164 0086 70       		.byte	112
 165 0087 00       		.byte	0
 166 0088 72       		.byte	114
 167 0089 00       		.byte	0
 168 008a 65       		.byte	101
 169 008b 00       		.byte	0
 170 008c 73       		.byte	115
 171 008d 00       		.byte	0
ARM GAS  C:\Users\JEFFSN~1\AppData\Local\Temp\cc8Elfma.s 			page 4


 172 008e 73       		.byte	115
 173 008f 00       		.byte	0
 174 0090 20       		.byte	32
 175 0091 00       		.byte	0
 176 0092 53       		.byte	83
 177 0093 00       		.byte	0
 178 0094 65       		.byte	101
 179 0095 00       		.byte	0
 180 0096 6D       		.byte	109
 181 0097 00       		.byte	0
 182 0098 69       		.byte	105
 183 0099 00       		.byte	0
 184 009a 63       		.byte	99
 185 009b 00       		.byte	0
 186 009c 6F       		.byte	111
 187 009d 00       		.byte	0
 188 009e 6E       		.byte	110
 189 009f 00       		.byte	0
 190 00a0 64       		.byte	100
 191 00a1 00       		.byte	0
 192 00a2 75       		.byte	117
 193 00a3 00       		.byte	0
 194 00a4 63       		.byte	99
 195 00a5 00       		.byte	0
 196 00a6 74       		.byte	116
 197 00a7 00       		.byte	0
 198 00a8 6F       		.byte	111
 199 00a9 00       		.byte	0
 200 00aa 72       		.byte	114
 201 00ab 00       		.byte	0
 202 00ac 12       		.byte	18
 203 00ad 03       		.byte	3
 204 00ae 55       		.byte	85
 205 00af 00       		.byte	0
 206 00b0 53       		.byte	83
 207 00b1 00       		.byte	0
 208 00b2 42       		.byte	66
 209 00b3 00       		.byte	0
 210 00b4 20       		.byte	32
 211 00b5 00       		.byte	0
 212 00b6 4D       		.byte	77
 213 00b7 00       		.byte	0
 214 00b8 49       		.byte	73
 215 00b9 00       		.byte	0
 216 00ba 44       		.byte	68
 217 00bb 00       		.byte	0
 218 00bc 49       		.byte	73
 219 00bd 00       		.byte	0
 220 00be 24       		.byte	36
 221 00bf 03       		.byte	3
 222 00c0 4D       		.byte	77
 223 00c1 00       		.byte	0
 224 00c2 49       		.byte	73
 225 00c3 00       		.byte	0
 226 00c4 44       		.byte	68
 227 00c5 00       		.byte	0
 228 00c6 49       		.byte	73
ARM GAS  C:\Users\JEFFSN~1\AppData\Local\Temp\cc8Elfma.s 			page 5


 229 00c7 00       		.byte	0
 230 00c8 20       		.byte	32
 231 00c9 00       		.byte	0
 232 00ca 43       		.byte	67
 233 00cb 00       		.byte	0
 234 00cc 6F       		.byte	111
 235 00cd 00       		.byte	0
 236 00ce 6E       		.byte	110
 237 00cf 00       		.byte	0
 238 00d0 74       		.byte	116
 239 00d1 00       		.byte	0
 240 00d2 72       		.byte	114
 241 00d3 00       		.byte	0
 242 00d4 6F       		.byte	111
 243 00d5 00       		.byte	0
 244 00d6 6C       		.byte	108
 245 00d7 00       		.byte	0
 246 00d8 20       		.byte	32
 247 00d9 00       		.byte	0
 248 00da 49       		.byte	73
 249 00db 00       		.byte	0
 250 00dc 6E       		.byte	110
 251 00dd 00       		.byte	0
 252 00de 74       		.byte	116
 253 00df 00       		.byte	0
 254 00e0 66       		.byte	102
 255 00e1 00       		.byte	0
 256 00e2 28       		.byte	40
 257 00e3 03       		.byte	3
 258 00e4 4D       		.byte	77
 259 00e5 00       		.byte	0
 260 00e6 49       		.byte	73
 261 00e7 00       		.byte	0
 262 00e8 44       		.byte	68
 263 00e9 00       		.byte	0
 264 00ea 49       		.byte	73
 265 00eb 00       		.byte	0
 266 00ec 20       		.byte	32
 267 00ed 00       		.byte	0
 268 00ee 53       		.byte	83
 269 00ef 00       		.byte	0
 270 00f0 74       		.byte	116
 271 00f1 00       		.byte	0
 272 00f2 72       		.byte	114
 273 00f3 00       		.byte	0
 274 00f4 65       		.byte	101
 275 00f5 00       		.byte	0
 276 00f6 61       		.byte	97
 277 00f7 00       		.byte	0
 278 00f8 6D       		.byte	109
 279 00f9 00       		.byte	0
 280 00fa 69       		.byte	105
 281 00fb 00       		.byte	0
 282 00fc 6E       		.byte	110
 283 00fd 00       		.byte	0
 284 00fe 67       		.byte	103
 285 00ff 00       		.byte	0
ARM GAS  C:\Users\JEFFSN~1\AppData\Local\Temp\cc8Elfma.s 			page 6


 286 0100 20       		.byte	32
 287 0101 00       		.byte	0
 288 0102 49       		.byte	73
 289 0103 00       		.byte	0
 290 0104 6E       		.byte	110
 291 0105 00       		.byte	0
 292 0106 74       		.byte	116
 293 0107 00       		.byte	0
 294 0108 66       		.byte	102
 295 0109 00       		.byte	0
 296 010a 10       		.byte	16
 297 010b 03       		.byte	3
 298 010c 4D       		.byte	77
 299 010d 00       		.byte	0
 300 010e 49       		.byte	73
 301 010f 00       		.byte	0
 302 0110 44       		.byte	68
 303 0111 00       		.byte	0
 304 0112 49       		.byte	73
 305 0113 00       		.byte	0
 306 0114 20       		.byte	32
 307 0115 00       		.byte	0
 308 0116 49       		.byte	73
 309 0117 00       		.byte	0
 310 0118 4E       		.byte	78
 311 0119 00       		.byte	0
 312 011a 12       		.byte	18
 313 011b 03       		.byte	3
 314 011c 4D       		.byte	77
 315 011d 00       		.byte	0
 316 011e 49       		.byte	73
 317 011f 00       		.byte	0
 318 0120 44       		.byte	68
 319 0121 00       		.byte	0
 320 0122 49       		.byte	73
 321 0123 00       		.byte	0
 322 0124 20       		.byte	32
 323 0125 00       		.byte	0
 324 0126 4F       		.byte	79
 325 0127 00       		.byte	0
 326 0128 55       		.byte	85
 327 0129 00       		.byte	0
 328 012a 54       		.byte	84
 329 012b 00       		.byte	0
 330 012c 00       		.byte	0
 331              		.global	USBMIDI_1_SN_STRING_DESCRIPTOR
 332 012d 000000   		.align	2
 333              		.type	USBMIDI_1_SN_STRING_DESCRIPTOR, %object
 334              		.size	USBMIDI_1_SN_STRING_DESCRIPTOR, 2
 335              	USBMIDI_1_SN_STRING_DESCRIPTOR:
 336 0130 02       		.byte	2
 337 0131 03       		.byte	3
 338              		.global	USBMIDI_1_DEVICE0_CONFIGURATION0_EP_SETTINGS_TABLE
 339 0132 0000     		.align	2
 340              		.type	USBMIDI_1_DEVICE0_CONFIGURATION0_EP_SETTINGS_TABLE, %object
 341              		.size	USBMIDI_1_DEVICE0_CONFIGURATION0_EP_SETTINGS_TABLE, 16
 342              	USBMIDI_1_DEVICE0_CONFIGURATION0_EP_SETTINGS_TABLE:
ARM GAS  C:\Users\JEFFSN~1\AppData\Local\Temp\cc8Elfma.s 			page 7


 343 0134 01       		.byte	1
 344 0135 00       		.byte	0
 345 0136 81       		.byte	-127
 346 0137 02       		.byte	2
 347 0138 2000     		.short	32
 348 013a 01       		.byte	1
 349 013b 00       		.space	1
 350 013c 01       		.byte	1
 351 013d 00       		.byte	0
 352 013e 02       		.byte	2
 353 013f 02       		.byte	2
 354 0140 2000     		.short	32
 355 0142 01       		.byte	1
 356 0143 00       		.space	1
 357              		.global	USBMIDI_1_DEVICE0_CONFIGURATION0_INTERFACE_CLASS
 358              		.align	2
 359              		.type	USBMIDI_1_DEVICE0_CONFIGURATION0_INTERFACE_CLASS, %object
 360              		.size	USBMIDI_1_DEVICE0_CONFIGURATION0_INTERFACE_CLASS, 2
 361              	USBMIDI_1_DEVICE0_CONFIGURATION0_INTERFACE_CLASS:
 362 0144 01       		.byte	1
 363 0145 01       		.byte	1
 364              		.global	USBMIDI_1_DEVICE0_CONFIGURATION0_TABLE
 365 0146 0000     		.align	2
 366              		.type	USBMIDI_1_DEVICE0_CONFIGURATION0_TABLE, %object
 367              		.size	USBMIDI_1_DEVICE0_CONFIGURATION0_TABLE, 40
 368              	USBMIDI_1_DEVICE0_CONFIGURATION0_TABLE:
 369 0148 01       		.byte	1
 370 0149 000000   		.space	3
 371 014c 00000000 		.word	USBMIDI_1_DEVICE0_CONFIGURATION0_DESCR
 372 0150 02       		.byte	2
 373 0151 000000   		.space	3
 374 0154 00000000 		.word	USBMIDI_1_DEVICE0_CONFIGURATION0_EP_SETTINGS_TABLE
 375 0158 00       		.byte	0
 376 0159 000000   		.space	3
 377 015c 00000000 		.word	0
 378 0160 00       		.byte	0
 379 0161 000000   		.space	3
 380 0164 00000000 		.word	0
 381 0168 00       		.byte	0
 382 0169 000000   		.space	3
 383 016c 00000000 		.word	USBMIDI_1_DEVICE0_CONFIGURATION0_INTERFACE_CLASS
 384              		.global	USBMIDI_1_DEVICE0_TABLE
 385              		.align	2
 386              		.type	USBMIDI_1_DEVICE0_TABLE, %object
 387              		.size	USBMIDI_1_DEVICE0_TABLE, 24
 388              	USBMIDI_1_DEVICE0_TABLE:
 389 0170 01       		.byte	1
 390 0171 000000   		.space	3
 391 0174 00000000 		.word	USBMIDI_1_DEVICE0_DESCR
 392 0178 00       		.byte	0
 393 0179 000000   		.space	3
 394 017c 00000000 		.word	0
 395 0180 01       		.byte	1
 396 0181 000000   		.space	3
 397 0184 00000000 		.word	USBMIDI_1_DEVICE0_CONFIGURATION0_TABLE
 398              		.global	USBMIDI_1_TABLE
 399              		.align	2
ARM GAS  C:\Users\JEFFSN~1\AppData\Local\Temp\cc8Elfma.s 			page 8


 400              		.type	USBMIDI_1_TABLE, %object
 401              		.size	USBMIDI_1_TABLE, 8
 402              	USBMIDI_1_TABLE:
 403 0188 01       		.byte	1
 404 0189 000000   		.space	3
 405 018c 00000000 		.word	USBMIDI_1_DEVICE0_TABLE
 406              		.comm	USBMIDI_1_idSerialNumberStringDescriptor,34,4
 407              		.text
 408              	.Letext0:
 409              		.file 1 "Generated_Source\\PSoC5\\cytypes.h"
 410              		.file 2 "Generated_Source\\PSoC5\\USBMIDI_1.h"
 411              		.file 3 "Generated_Source\\PSoC5\\USBMIDI_1_descr.c"
 412              		.section	.debug_info,"",%progbits
 413              	.Ldebug_info0:
 414 0000 A4020000 		.4byte	0x2a4
 415 0004 0400     		.2byte	0x4
 416 0006 00000000 		.4byte	.Ldebug_abbrev0
 417 000a 04       		.byte	0x4
 418 000b 01       		.uleb128 0x1
 419 000c 00000000 		.4byte	.LASF35
 420 0010 0C       		.byte	0xc
 421 0011 5D010000 		.4byte	.LASF36
 422 0015 F1000000 		.4byte	.LASF37
 423 0019 00000000 		.4byte	.Ldebug_line0
 424 001d 02       		.uleb128 0x2
 425 001e 01       		.byte	0x1
 426 001f 06       		.byte	0x6
 427 0020 5C030000 		.4byte	.LASF0
 428 0024 02       		.uleb128 0x2
 429 0025 01       		.byte	0x1
 430 0026 08       		.byte	0x8
 431 0027 91010000 		.4byte	.LASF1
 432 002b 02       		.uleb128 0x2
 433 002c 02       		.byte	0x2
 434 002d 05       		.byte	0x5
 435 002e 1D030000 		.4byte	.LASF2
 436 0032 02       		.uleb128 0x2
 437 0033 02       		.byte	0x2
 438 0034 07       		.byte	0x7
 439 0035 C1000000 		.4byte	.LASF3
 440 0039 02       		.uleb128 0x2
 441 003a 04       		.byte	0x4
 442 003b 05       		.byte	0x5
 443 003c 47030000 		.4byte	.LASF4
 444 0040 02       		.uleb128 0x2
 445 0041 04       		.byte	0x4
 446 0042 07       		.byte	0x7
 447 0043 BE010000 		.4byte	.LASF5
 448 0047 02       		.uleb128 0x2
 449 0048 08       		.byte	0x8
 450 0049 05       		.byte	0x5
 451 004a 8D020000 		.4byte	.LASF6
 452 004e 02       		.uleb128 0x2
 453 004f 08       		.byte	0x8
 454 0050 07       		.byte	0x7
 455 0051 35020000 		.4byte	.LASF7
 456 0055 03       		.uleb128 0x3
ARM GAS  C:\Users\JEFFSN~1\AppData\Local\Temp\cc8Elfma.s 			page 9


 457 0056 04       		.byte	0x4
 458 0057 05       		.byte	0x5
 459 0058 696E7400 		.ascii	"int\000"
 460 005c 02       		.uleb128 0x2
 461 005d 04       		.byte	0x4
 462 005e 07       		.byte	0x7
 463 005f 28020000 		.4byte	.LASF8
 464 0063 04       		.uleb128 0x4
 465 0064 27030000 		.4byte	.LASF9
 466 0068 01       		.byte	0x1
 467 0069 E401     		.2byte	0x1e4
 468 006b 24000000 		.4byte	0x24
 469 006f 04       		.uleb128 0x4
 470 0070 FA010000 		.4byte	.LASF10
 471 0074 01       		.byte	0x1
 472 0075 E501     		.2byte	0x1e5
 473 0077 32000000 		.4byte	0x32
 474 007b 02       		.uleb128 0x2
 475 007c 04       		.byte	0x4
 476 007d 04       		.byte	0x4
 477 007e 57010000 		.4byte	.LASF11
 478 0082 02       		.uleb128 0x2
 479 0083 08       		.byte	0x8
 480 0084 04       		.byte	0x4
 481 0085 F3010000 		.4byte	.LASF12
 482 0089 02       		.uleb128 0x2
 483 008a 01       		.byte	0x1
 484 008b 08       		.byte	0x8
 485 008c C2020000 		.4byte	.LASF13
 486 0090 02       		.uleb128 0x2
 487 0091 08       		.byte	0x8
 488 0092 04       		.byte	0x4
 489 0093 50030000 		.4byte	.LASF14
 490 0097 02       		.uleb128 0x2
 491 0098 04       		.byte	0x4
 492 0099 07       		.byte	0x7
 493 009a 84020000 		.4byte	.LASF15
 494 009e 05       		.uleb128 0x5
 495 009f 08       		.byte	0x8
 496 00a0 02       		.byte	0x2
 497 00a1 9A       		.byte	0x9a
 498 00a2 EF000000 		.4byte	0xef
 499 00a6 06       		.uleb128 0x6
 500 00a7 3D030000 		.4byte	.LASF16
 501 00ab 02       		.byte	0x2
 502 00ac 9C       		.byte	0x9c
 503 00ad 63000000 		.4byte	0x63
 504 00b1 00       		.byte	0
 505 00b2 06       		.uleb128 0x6
 506 00b3 86010000 		.4byte	.LASF17
 507 00b7 02       		.byte	0x2
 508 00b8 9D       		.byte	0x9d
 509 00b9 63000000 		.4byte	0x63
 510 00bd 01       		.byte	0x1
 511 00be 06       		.uleb128 0x6
 512 00bf D0010000 		.4byte	.LASF18
 513 00c3 02       		.byte	0x2
ARM GAS  C:\Users\JEFFSN~1\AppData\Local\Temp\cc8Elfma.s 			page 10


 514 00c4 9E       		.byte	0x9e
 515 00c5 63000000 		.4byte	0x63
 516 00c9 02       		.byte	0x2
 517 00ca 06       		.uleb128 0x6
 518 00cb 8E000000 		.4byte	.LASF19
 519 00cf 02       		.byte	0x2
 520 00d0 9F       		.byte	0x9f
 521 00d1 63000000 		.4byte	0x63
 522 00d5 03       		.byte	0x3
 523 00d6 06       		.uleb128 0x6
 524 00d7 C7020000 		.4byte	.LASF20
 525 00db 02       		.byte	0x2
 526 00dc A0       		.byte	0xa0
 527 00dd 6F000000 		.4byte	0x6f
 528 00e1 04       		.byte	0x4
 529 00e2 06       		.uleb128 0x6
 530 00e3 91030000 		.4byte	.LASF21
 531 00e7 02       		.byte	0x2
 532 00e8 A1       		.byte	0xa1
 533 00e9 63000000 		.4byte	0x63
 534 00ed 06       		.byte	0x6
 535 00ee 00       		.byte	0
 536 00ef 07       		.uleb128 0x7
 537 00f0 D5010000 		.4byte	.LASF22
 538 00f4 02       		.byte	0x2
 539 00f5 A2       		.byte	0xa2
 540 00f6 9E000000 		.4byte	0x9e
 541 00fa 05       		.uleb128 0x5
 542 00fb 08       		.byte	0x8
 543 00fc 02       		.byte	0x2
 544 00fd B1       		.byte	0xb1
 545 00fe 19010000 		.4byte	0x119
 546 0102 08       		.uleb128 0x8
 547 0103 6300     		.ascii	"c\000"
 548 0105 02       		.byte	0x2
 549 0106 B3       		.byte	0xb3
 550 0107 63000000 		.4byte	0x63
 551 010b 00       		.byte	0
 552 010c 06       		.uleb128 0x6
 553 010d 4C020000 		.4byte	.LASF23
 554 0111 02       		.byte	0x2
 555 0112 B4       		.byte	0xb4
 556 0113 19010000 		.4byte	0x119
 557 0117 04       		.byte	0x4
 558 0118 00       		.byte	0
 559 0119 09       		.uleb128 0x9
 560 011a 04       		.byte	0x4
 561 011b 1F010000 		.4byte	0x11f
 562 011f 0A       		.uleb128 0xa
 563 0120 07       		.uleb128 0x7
 564 0121 99000000 		.4byte	.LASF24
 565 0125 02       		.byte	0x2
 566 0126 B5       		.byte	0xb5
 567 0127 FA000000 		.4byte	0xfa
 568 012b 0B       		.uleb128 0xb
 569 012c 3B010000 		.4byte	0x13b
 570 0130 3B010000 		.4byte	0x13b
ARM GAS  C:\Users\JEFFSN~1\AppData\Local\Temp\cc8Elfma.s 			page 11


 571 0134 0C       		.uleb128 0xc
 572 0135 97000000 		.4byte	0x97
 573 0139 11       		.byte	0x11
 574 013a 00       		.byte	0
 575 013b 0D       		.uleb128 0xd
 576 013c 63000000 		.4byte	0x63
 577 0140 0E       		.uleb128 0xe
 578 0141 A9000000 		.4byte	.LASF25
 579 0145 03       		.byte	0x3
 580 0146 24       		.byte	0x24
 581 0147 51010000 		.4byte	0x151
 582 014b 05       		.uleb128 0x5
 583 014c 03       		.byte	0x3
 584 014d 00000000 		.4byte	USBMIDI_1_DEVICE0_DESCR
 585 0151 0D       		.uleb128 0xd
 586 0152 2B010000 		.4byte	0x12b
 587 0156 0B       		.uleb128 0xb
 588 0157 3B010000 		.4byte	0x13b
 589 015b 66010000 		.4byte	0x166
 590 015f 0C       		.uleb128 0xc
 591 0160 97000000 		.4byte	0x97
 592 0164 64       		.byte	0x64
 593 0165 00       		.byte	0
 594 0166 0E       		.uleb128 0xe
 595 0167 9B020000 		.4byte	.LASF26
 596 016b 03       		.byte	0x3
 597 016c 37       		.byte	0x37
 598 016d 77010000 		.4byte	0x177
 599 0171 05       		.uleb128 0x5
 600 0172 03       		.byte	0x3
 601 0173 00000000 		.4byte	USBMIDI_1_DEVICE0_CONFIGURATION0_DESCR
 602 0177 0D       		.uleb128 0xd
 603 0178 56010000 		.4byte	0x156
 604 017c 0B       		.uleb128 0xb
 605 017d 8C010000 		.4byte	0x18c
 606 0181 8C010000 		.4byte	0x18c
 607 0185 0C       		.uleb128 0xc
 608 0186 97000000 		.4byte	0x97
 609 018a 01       		.byte	0x1
 610 018b 00       		.byte	0
 611 018c 0D       		.uleb128 0xd
 612 018d EF000000 		.4byte	0xef
 613 0191 0F       		.uleb128 0xf
 614 0192 D2020000 		.4byte	.LASF27
 615 0196 03       		.byte	0x3
 616 0197 0D01     		.2byte	0x10d
 617 0199 A3010000 		.4byte	0x1a3
 618 019d 05       		.uleb128 0x5
 619 019e 03       		.byte	0x3
 620 019f 00000000 		.4byte	USBMIDI_1_DEVICE0_CONFIGURATION0_EP_SETTINGS_TABLE
 621 01a3 0D       		.uleb128 0xd
 622 01a4 7C010000 		.4byte	0x17c
 623 01a8 0B       		.uleb128 0xb
 624 01a9 3B010000 		.4byte	0x13b
 625 01ad B8010000 		.4byte	0x1b8
 626 01b1 0C       		.uleb128 0xc
 627 01b2 97000000 		.4byte	0x97
ARM GAS  C:\Users\JEFFSN~1\AppData\Local\Temp\cc8Elfma.s 			page 12


 628 01b6 01       		.byte	0x1
 629 01b7 00       		.byte	0
 630 01b8 0F       		.uleb128 0xf
 631 01b9 53020000 		.4byte	.LASF28
 632 01bd 03       		.byte	0x3
 633 01be 1201     		.2byte	0x112
 634 01c0 CA010000 		.4byte	0x1ca
 635 01c4 05       		.uleb128 0x5
 636 01c5 03       		.byte	0x3
 637 01c6 00000000 		.4byte	USBMIDI_1_DEVICE0_CONFIGURATION0_INTERFACE_CLASS
 638 01ca 0D       		.uleb128 0xd
 639 01cb A8010000 		.4byte	0x1a8
 640 01cf 0B       		.uleb128 0xb
 641 01d0 DF010000 		.4byte	0x1df
 642 01d4 DF010000 		.4byte	0x1df
 643 01d8 0C       		.uleb128 0xc
 644 01d9 97000000 		.4byte	0x97
 645 01dd 04       		.byte	0x4
 646 01de 00       		.byte	0
 647 01df 0D       		.uleb128 0xd
 648 01e0 20010000 		.4byte	0x120
 649 01e4 0F       		.uleb128 0xf
 650 01e5 01020000 		.4byte	.LASF29
 651 01e9 03       		.byte	0x3
 652 01ea 1A01     		.2byte	0x11a
 653 01ec F6010000 		.4byte	0x1f6
 654 01f0 05       		.uleb128 0x5
 655 01f1 03       		.byte	0x3
 656 01f2 00000000 		.4byte	USBMIDI_1_DEVICE0_CONFIGURATION0_TABLE
 657 01f6 0D       		.uleb128 0xd
 658 01f7 CF010000 		.4byte	0x1cf
 659 01fb 0B       		.uleb128 0xb
 660 01fc DF010000 		.4byte	0x1df
 661 0200 0B020000 		.4byte	0x20b
 662 0204 0C       		.uleb128 0xc
 663 0205 97000000 		.4byte	0x97
 664 0209 02       		.byte	0x2
 665 020a 00       		.byte	0
 666 020b 0F       		.uleb128 0xf
 667 020c 05030000 		.4byte	.LASF30
 668 0210 03       		.byte	0x3
 669 0211 2501     		.2byte	0x125
 670 0213 1D020000 		.4byte	0x21d
 671 0217 05       		.uleb128 0x5
 672 0218 03       		.byte	0x3
 673 0219 00000000 		.4byte	USBMIDI_1_DEVICE0_TABLE
 674 021d 0D       		.uleb128 0xd
 675 021e FB010000 		.4byte	0x1fb
 676 0222 0B       		.uleb128 0xb
 677 0223 DF010000 		.4byte	0x1df
 678 0227 32020000 		.4byte	0x232
 679 022b 0C       		.uleb128 0xc
 680 022c 97000000 		.4byte	0x97
 681 0230 00       		.byte	0
 682 0231 00       		.byte	0
 683 0232 0F       		.uleb128 0xf
 684 0233 2D030000 		.4byte	.LASF31
ARM GAS  C:\Users\JEFFSN~1\AppData\Local\Temp\cc8Elfma.s 			page 13


 685 0237 03       		.byte	0x3
 686 0238 2D01     		.2byte	0x12d
 687 023a 44020000 		.4byte	0x244
 688 023e 05       		.uleb128 0x5
 689 023f 03       		.byte	0x3
 690 0240 00000000 		.4byte	USBMIDI_1_TABLE
 691 0244 0D       		.uleb128 0xd
 692 0245 22020000 		.4byte	0x222
 693 0249 0E       		.uleb128 0xe
 694 024a 9F010000 		.4byte	.LASF32
 695 024e 03       		.byte	0x3
 696 024f FE       		.byte	0xfe
 697 0250 5A020000 		.4byte	0x25a
 698 0254 05       		.uleb128 0x5
 699 0255 03       		.byte	0x3
 700 0256 00000000 		.4byte	USBMIDI_1_SN_STRING_DESCRIPTOR
 701 025a 0D       		.uleb128 0xd
 702 025b A8010000 		.4byte	0x1a8
 703 025f 0B       		.uleb128 0xb
 704 0260 3B010000 		.4byte	0x13b
 705 0264 6F020000 		.4byte	0x26f
 706 0268 0C       		.uleb128 0xc
 707 0269 97000000 		.4byte	0x97
 708 026d B0       		.byte	0xb0
 709 026e 00       		.byte	0
 710 026f 0E       		.uleb128 0xe
 711 0270 D4000000 		.4byte	.LASF33
 712 0274 03       		.byte	0x3
 713 0275 BF       		.byte	0xbf
 714 0276 80020000 		.4byte	0x280
 715 027a 05       		.uleb128 0x5
 716 027b 03       		.byte	0x3
 717 027c 00000000 		.4byte	USBMIDI_1_STRING_DESCRIPTORS
 718 0280 0D       		.uleb128 0xd
 719 0281 5F020000 		.4byte	0x25f
 720 0285 0B       		.uleb128 0xb
 721 0286 63000000 		.4byte	0x63
 722 028a 95020000 		.4byte	0x295
 723 028e 0C       		.uleb128 0xc
 724 028f 97000000 		.4byte	0x97
 725 0293 21       		.byte	0x21
 726 0294 00       		.byte	0
 727 0295 0F       		.uleb128 0xf
 728 0296 68030000 		.4byte	.LASF34
 729 029a 03       		.byte	0x3
 730 029b 5B01     		.2byte	0x15b
 731 029d 85020000 		.4byte	0x285
 732 02a1 05       		.uleb128 0x5
 733 02a2 03       		.byte	0x3
 734 02a3 00000000 		.4byte	USBMIDI_1_idSerialNumberStringDescriptor
 735 02a7 00       		.byte	0
 736              		.section	.debug_abbrev,"",%progbits
 737              	.Ldebug_abbrev0:
 738 0000 01       		.uleb128 0x1
 739 0001 11       		.uleb128 0x11
 740 0002 01       		.byte	0x1
 741 0003 25       		.uleb128 0x25
ARM GAS  C:\Users\JEFFSN~1\AppData\Local\Temp\cc8Elfma.s 			page 14


 742 0004 0E       		.uleb128 0xe
 743 0005 13       		.uleb128 0x13
 744 0006 0B       		.uleb128 0xb
 745 0007 03       		.uleb128 0x3
 746 0008 0E       		.uleb128 0xe
 747 0009 1B       		.uleb128 0x1b
 748 000a 0E       		.uleb128 0xe
 749 000b 10       		.uleb128 0x10
 750 000c 17       		.uleb128 0x17
 751 000d 00       		.byte	0
 752 000e 00       		.byte	0
 753 000f 02       		.uleb128 0x2
 754 0010 24       		.uleb128 0x24
 755 0011 00       		.byte	0
 756 0012 0B       		.uleb128 0xb
 757 0013 0B       		.uleb128 0xb
 758 0014 3E       		.uleb128 0x3e
 759 0015 0B       		.uleb128 0xb
 760 0016 03       		.uleb128 0x3
 761 0017 0E       		.uleb128 0xe
 762 0018 00       		.byte	0
 763 0019 00       		.byte	0
 764 001a 03       		.uleb128 0x3
 765 001b 24       		.uleb128 0x24
 766 001c 00       		.byte	0
 767 001d 0B       		.uleb128 0xb
 768 001e 0B       		.uleb128 0xb
 769 001f 3E       		.uleb128 0x3e
 770 0020 0B       		.uleb128 0xb
 771 0021 03       		.uleb128 0x3
 772 0022 08       		.uleb128 0x8
 773 0023 00       		.byte	0
 774 0024 00       		.byte	0
 775 0025 04       		.uleb128 0x4
 776 0026 16       		.uleb128 0x16
 777 0027 00       		.byte	0
 778 0028 03       		.uleb128 0x3
 779 0029 0E       		.uleb128 0xe
 780 002a 3A       		.uleb128 0x3a
 781 002b 0B       		.uleb128 0xb
 782 002c 3B       		.uleb128 0x3b
 783 002d 05       		.uleb128 0x5
 784 002e 49       		.uleb128 0x49
 785 002f 13       		.uleb128 0x13
 786 0030 00       		.byte	0
 787 0031 00       		.byte	0
 788 0032 05       		.uleb128 0x5
 789 0033 13       		.uleb128 0x13
 790 0034 01       		.byte	0x1
 791 0035 0B       		.uleb128 0xb
 792 0036 0B       		.uleb128 0xb
 793 0037 3A       		.uleb128 0x3a
 794 0038 0B       		.uleb128 0xb
 795 0039 3B       		.uleb128 0x3b
 796 003a 0B       		.uleb128 0xb
 797 003b 01       		.uleb128 0x1
 798 003c 13       		.uleb128 0x13
ARM GAS  C:\Users\JEFFSN~1\AppData\Local\Temp\cc8Elfma.s 			page 15


 799 003d 00       		.byte	0
 800 003e 00       		.byte	0
 801 003f 06       		.uleb128 0x6
 802 0040 0D       		.uleb128 0xd
 803 0041 00       		.byte	0
 804 0042 03       		.uleb128 0x3
 805 0043 0E       		.uleb128 0xe
 806 0044 3A       		.uleb128 0x3a
 807 0045 0B       		.uleb128 0xb
 808 0046 3B       		.uleb128 0x3b
 809 0047 0B       		.uleb128 0xb
 810 0048 49       		.uleb128 0x49
 811 0049 13       		.uleb128 0x13
 812 004a 38       		.uleb128 0x38
 813 004b 0B       		.uleb128 0xb
 814 004c 00       		.byte	0
 815 004d 00       		.byte	0
 816 004e 07       		.uleb128 0x7
 817 004f 16       		.uleb128 0x16
 818 0050 00       		.byte	0
 819 0051 03       		.uleb128 0x3
 820 0052 0E       		.uleb128 0xe
 821 0053 3A       		.uleb128 0x3a
 822 0054 0B       		.uleb128 0xb
 823 0055 3B       		.uleb128 0x3b
 824 0056 0B       		.uleb128 0xb
 825 0057 49       		.uleb128 0x49
 826 0058 13       		.uleb128 0x13
 827 0059 00       		.byte	0
 828 005a 00       		.byte	0
 829 005b 08       		.uleb128 0x8
 830 005c 0D       		.uleb128 0xd
 831 005d 00       		.byte	0
 832 005e 03       		.uleb128 0x3
 833 005f 08       		.uleb128 0x8
 834 0060 3A       		.uleb128 0x3a
 835 0061 0B       		.uleb128 0xb
 836 0062 3B       		.uleb128 0x3b
 837 0063 0B       		.uleb128 0xb
 838 0064 49       		.uleb128 0x49
 839 0065 13       		.uleb128 0x13
 840 0066 38       		.uleb128 0x38
 841 0067 0B       		.uleb128 0xb
 842 0068 00       		.byte	0
 843 0069 00       		.byte	0
 844 006a 09       		.uleb128 0x9
 845 006b 0F       		.uleb128 0xf
 846 006c 00       		.byte	0
 847 006d 0B       		.uleb128 0xb
 848 006e 0B       		.uleb128 0xb
 849 006f 49       		.uleb128 0x49
 850 0070 13       		.uleb128 0x13
 851 0071 00       		.byte	0
 852 0072 00       		.byte	0
 853 0073 0A       		.uleb128 0xa
 854 0074 26       		.uleb128 0x26
 855 0075 00       		.byte	0
ARM GAS  C:\Users\JEFFSN~1\AppData\Local\Temp\cc8Elfma.s 			page 16


 856 0076 00       		.byte	0
 857 0077 00       		.byte	0
 858 0078 0B       		.uleb128 0xb
 859 0079 01       		.uleb128 0x1
 860 007a 01       		.byte	0x1
 861 007b 49       		.uleb128 0x49
 862 007c 13       		.uleb128 0x13
 863 007d 01       		.uleb128 0x1
 864 007e 13       		.uleb128 0x13
 865 007f 00       		.byte	0
 866 0080 00       		.byte	0
 867 0081 0C       		.uleb128 0xc
 868 0082 21       		.uleb128 0x21
 869 0083 00       		.byte	0
 870 0084 49       		.uleb128 0x49
 871 0085 13       		.uleb128 0x13
 872 0086 2F       		.uleb128 0x2f
 873 0087 0B       		.uleb128 0xb
 874 0088 00       		.byte	0
 875 0089 00       		.byte	0
 876 008a 0D       		.uleb128 0xd
 877 008b 26       		.uleb128 0x26
 878 008c 00       		.byte	0
 879 008d 49       		.uleb128 0x49
 880 008e 13       		.uleb128 0x13
 881 008f 00       		.byte	0
 882 0090 00       		.byte	0
 883 0091 0E       		.uleb128 0xe
 884 0092 34       		.uleb128 0x34
 885 0093 00       		.byte	0
 886 0094 03       		.uleb128 0x3
 887 0095 0E       		.uleb128 0xe
 888 0096 3A       		.uleb128 0x3a
 889 0097 0B       		.uleb128 0xb
 890 0098 3B       		.uleb128 0x3b
 891 0099 0B       		.uleb128 0xb
 892 009a 49       		.uleb128 0x49
 893 009b 13       		.uleb128 0x13
 894 009c 3F       		.uleb128 0x3f
 895 009d 19       		.uleb128 0x19
 896 009e 02       		.uleb128 0x2
 897 009f 18       		.uleb128 0x18
 898 00a0 00       		.byte	0
 899 00a1 00       		.byte	0
 900 00a2 0F       		.uleb128 0xf
 901 00a3 34       		.uleb128 0x34
 902 00a4 00       		.byte	0
 903 00a5 03       		.uleb128 0x3
 904 00a6 0E       		.uleb128 0xe
 905 00a7 3A       		.uleb128 0x3a
 906 00a8 0B       		.uleb128 0xb
 907 00a9 3B       		.uleb128 0x3b
 908 00aa 05       		.uleb128 0x5
 909 00ab 49       		.uleb128 0x49
 910 00ac 13       		.uleb128 0x13
 911 00ad 3F       		.uleb128 0x3f
 912 00ae 19       		.uleb128 0x19
ARM GAS  C:\Users\JEFFSN~1\AppData\Local\Temp\cc8Elfma.s 			page 17


 913 00af 02       		.uleb128 0x2
 914 00b0 18       		.uleb128 0x18
 915 00b1 00       		.byte	0
 916 00b2 00       		.byte	0
 917 00b3 00       		.byte	0
 918              		.section	.debug_aranges,"",%progbits
 919 0000 14000000 		.4byte	0x14
 920 0004 0200     		.2byte	0x2
 921 0006 00000000 		.4byte	.Ldebug_info0
 922 000a 04       		.byte	0x4
 923 000b 00       		.byte	0
 924 000c 0000     		.2byte	0
 925 000e 0000     		.2byte	0
 926 0010 00000000 		.4byte	0
 927 0014 00000000 		.4byte	0
 928              		.section	.debug_line,"",%progbits
 929              	.Ldebug_line0:
 930 0000 61000000 		.section	.debug_str,"MS",%progbits,1
 930      02005B00 
 930      00000201 
 930      FB0E0D00 
 930      01010101 
 931              	.LASF35:
 932 0000 474E5520 		.ascii	"GNU C11 5.4.1 20160609 (release) [ARM/embedded-5-br"
 932      43313120 
 932      352E342E 
 932      31203230 
 932      31363036 
 933 0033 616E6368 		.ascii	"anch revision 237715] -mcpu=cortex-m3 -mthumb -g -O"
 933      20726576 
 933      6973696F 
 933      6E203233 
 933      37373135 
 934 0066 30202D66 		.ascii	"0 -ffunction-sections -ffat-lto-objects\000"
 934      66756E63 
 934      74696F6E 
 934      2D736563 
 934      74696F6E 
 935              	.LASF19:
 936 008e 61747472 		.ascii	"attributes\000"
 936      69627574 
 936      657300
 937              	.LASF24:
 938 0099 545F5553 		.ascii	"T_USBMIDI_1_LUT\000"
 938      424D4944 
 938      495F315F 
 938      4C555400 
 939              	.LASF25:
 940 00a9 5553424D 		.ascii	"USBMIDI_1_DEVICE0_DESCR\000"
 940      4944495F 
 940      315F4445 
 940      56494345 
 940      305F4445 
 941              	.LASF3:
 942 00c1 73686F72 		.ascii	"short unsigned int\000"
 942      7420756E 
 942      7369676E 
ARM GAS  C:\Users\JEFFSN~1\AppData\Local\Temp\cc8Elfma.s 			page 18


 942      65642069 
 942      6E7400
 943              	.LASF33:
 944 00d4 5553424D 		.ascii	"USBMIDI_1_STRING_DESCRIPTORS\000"
 944      4944495F 
 944      315F5354 
 944      52494E47 
 944      5F444553 
 945              	.LASF37:
 946 00f1 433A5C55 		.ascii	"C:\\Users\\JeffSnyder\\Desktop\\PSOC5_electrosteel_"
 946      73657273 
 946      5C4A6566 
 946      66536E79 
 946      6465725C 
 947 0120 73747269 		.ascii	"stringsensors_newpcb\\CE210514_PSOC3_5_Thermistor.c"
 947      6E677365 
 947      6E736F72 
 947      735F6E65 
 947      77706362 
 948 0152 7964736E 		.ascii	"ydsn\000"
 948      00
 949              	.LASF11:
 950 0157 666C6F61 		.ascii	"float\000"
 950      7400
 951              	.LASF36:
 952 015d 47656E65 		.ascii	"Generated_Source\\PSoC5\\USBMIDI_1_descr.c\000"
 952      72617465 
 952      645F536F 
 952      75726365 
 952      5C50536F 
 953              	.LASF17:
 954 0186 616C7453 		.ascii	"altSetting\000"
 954      65747469 
 954      6E6700
 955              	.LASF1:
 956 0191 756E7369 		.ascii	"unsigned char\000"
 956      676E6564 
 956      20636861 
 956      7200
 957              	.LASF32:
 958 019f 5553424D 		.ascii	"USBMIDI_1_SN_STRING_DESCRIPTOR\000"
 958      4944495F 
 958      315F534E 
 958      5F535452 
 958      494E475F 
 959              	.LASF5:
 960 01be 6C6F6E67 		.ascii	"long unsigned int\000"
 960      20756E73 
 960      69676E65 
 960      6420696E 
 960      7400
 961              	.LASF18:
 962 01d0 61646472 		.ascii	"addr\000"
 962      00
 963              	.LASF22:
 964 01d5 545F5553 		.ascii	"T_USBMIDI_1_EP_SETTINGS_BLOCK\000"
 964      424D4944 
ARM GAS  C:\Users\JEFFSN~1\AppData\Local\Temp\cc8Elfma.s 			page 19


 964      495F315F 
 964      45505F53 
 964      45545449 
 965              	.LASF12:
 966 01f3 646F7562 		.ascii	"double\000"
 966      6C6500
 967              	.LASF10:
 968 01fa 75696E74 		.ascii	"uint16\000"
 968      313600
 969              	.LASF29:
 970 0201 5553424D 		.ascii	"USBMIDI_1_DEVICE0_CONFIGURATION0_TABLE\000"
 970      4944495F 
 970      315F4445 
 970      56494345 
 970      305F434F 
 971              	.LASF8:
 972 0228 756E7369 		.ascii	"unsigned int\000"
 972      676E6564 
 972      20696E74 
 972      00
 973              	.LASF7:
 974 0235 6C6F6E67 		.ascii	"long long unsigned int\000"
 974      206C6F6E 
 974      6720756E 
 974      7369676E 
 974      65642069 
 975              	.LASF23:
 976 024c 705F6C69 		.ascii	"p_list\000"
 976      737400
 977              	.LASF28:
 978 0253 5553424D 		.ascii	"USBMIDI_1_DEVICE0_CONFIGURATION0_INTERFACE_CLASS\000"
 978      4944495F 
 978      315F4445 
 978      56494345 
 978      305F434F 
 979              	.LASF15:
 980 0284 73697A65 		.ascii	"sizetype\000"
 980      74797065 
 980      00
 981              	.LASF6:
 982 028d 6C6F6E67 		.ascii	"long long int\000"
 982      206C6F6E 
 982      6720696E 
 982      7400
 983              	.LASF26:
 984 029b 5553424D 		.ascii	"USBMIDI_1_DEVICE0_CONFIGURATION0_DESCR\000"
 984      4944495F 
 984      315F4445 
 984      56494345 
 984      305F434F 
 985              	.LASF13:
 986 02c2 63686172 		.ascii	"char\000"
 986      00
 987              	.LASF20:
 988 02c7 62756666 		.ascii	"bufferSize\000"
 988      65725369 
 988      7A6500
ARM GAS  C:\Users\JEFFSN~1\AppData\Local\Temp\cc8Elfma.s 			page 20


 989              	.LASF27:
 990 02d2 5553424D 		.ascii	"USBMIDI_1_DEVICE0_CONFIGURATION0_EP_SETTINGS_TABLE\000"
 990      4944495F 
 990      315F4445 
 990      56494345 
 990      305F434F 
 991              	.LASF30:
 992 0305 5553424D 		.ascii	"USBMIDI_1_DEVICE0_TABLE\000"
 992      4944495F 
 992      315F4445 
 992      56494345 
 992      305F5441 
 993              	.LASF2:
 994 031d 73686F72 		.ascii	"short int\000"
 994      7420696E 
 994      7400
 995              	.LASF9:
 996 0327 75696E74 		.ascii	"uint8\000"
 996      3800
 997              	.LASF31:
 998 032d 5553424D 		.ascii	"USBMIDI_1_TABLE\000"
 998      4944495F 
 998      315F5441 
 998      424C4500 
 999              	.LASF16:
 1000 033d 696E7465 		.ascii	"interface\000"
 1000      72666163 
 1000      6500
 1001              	.LASF4:
 1002 0347 6C6F6E67 		.ascii	"long int\000"
 1002      20696E74 
 1002      00
 1003              	.LASF14:
 1004 0350 6C6F6E67 		.ascii	"long double\000"
 1004      20646F75 
 1004      626C6500 
 1005              	.LASF0:
 1006 035c 7369676E 		.ascii	"signed char\000"
 1006      65642063 
 1006      68617200 
 1007              	.LASF34:
 1008 0368 5553424D 		.ascii	"USBMIDI_1_idSerialNumberStringDescriptor\000"
 1008      4944495F 
 1008      315F6964 
 1008      53657269 
 1008      616C4E75 
 1009              	.LASF21:
 1010 0391 624D6973 		.ascii	"bMisc\000"
 1010      6300
 1011              		.ident	"GCC: (GNU Tools for ARM Embedded Processors) 5.4.1 20160609 (release) [ARM/embedded-5-bran
