ARM GAS  C:\Users\JEFFSN~1\AppData\Local\Temp\cc5K71WC.s 			page 1


   1              		.syntax unified
   2              		.cpu cortex-m3
   3              		.fpu softvfp
   4              		.eabi_attribute 20, 1
   5              		.eabi_attribute 21, 1
   6              		.eabi_attribute 23, 3
   7              		.eabi_attribute 24, 1
   8              		.eabi_attribute 25, 1
   9              		.eabi_attribute 26, 1
  10              		.eabi_attribute 30, 6
  11              		.eabi_attribute 34, 1
  12              		.eabi_attribute 18, 4
  13              		.thumb
  14              		.syntax unified
  15              		.file	"Em_EEPROM.c"
  16              		.text
  17              	.Ltext0:
  18              		.cfi_sections	.debug_frame
  19              		.global	Em_EEPROM_config
  20              		.section	.rodata
  21              		.align	2
  22              		.type	Em_EEPROM_config, %object
  23              		.size	Em_EEPROM_config, 16
  24              	Em_EEPROM_config:
  25 0000 80000000 		.word	128
  26 0004 04000000 		.word	4
  27 0008 00       		.byte	0
  28 0009 00       		.byte	0
  29 000a 0000     		.space	2
  30 000c 00000000 		.word	0
  31              		.comm	Em_EEPROM_context,28,4
  32              		.section	.text.Em_EEPROM_Init,"ax",%progbits
  33              		.align	2
  34              		.global	Em_EEPROM_Init
  35              		.thumb
  36              		.thumb_func
  37              		.type	Em_EEPROM_Init, %function
  38              	Em_EEPROM_Init:
  39              	.LFB0:
  40              		.file 1 "Generated_Source\\PSoC5\\Em_EEPROM.c"
   1:Generated_Source\PSoC5/Em_EEPROM.c **** /*******************************************************************************
   2:Generated_Source\PSoC5/Em_EEPROM.c **** * File Name: Em_EEPROM.c
   3:Generated_Source\PSoC5/Em_EEPROM.c **** * Version 2.20
   4:Generated_Source\PSoC5/Em_EEPROM.c **** *
   5:Generated_Source\PSoC5/Em_EEPROM.c **** * Description:
   6:Generated_Source\PSoC5/Em_EEPROM.c **** *  This file provides source code of the API for the Emulated EEPROM
   7:Generated_Source\PSoC5/Em_EEPROM.c **** *  Component.
   8:Generated_Source\PSoC5/Em_EEPROM.c **** *
   9:Generated_Source\PSoC5/Em_EEPROM.c **** ********************************************************************************
  10:Generated_Source\PSoC5/Em_EEPROM.c **** * Copyright 2013-2017, Cypress Semiconductor Corporation. All rights reserved.
  11:Generated_Source\PSoC5/Em_EEPROM.c **** * You may use this file only in accordance with the license, terms, conditions,
  12:Generated_Source\PSoC5/Em_EEPROM.c **** * disclaimers, and limitations in the end user license agreement accompanying
  13:Generated_Source\PSoC5/Em_EEPROM.c **** * the software package with which this file was provided.
  14:Generated_Source\PSoC5/Em_EEPROM.c **** *******************************************************************************/
  15:Generated_Source\PSoC5/Em_EEPROM.c **** 
  16:Generated_Source\PSoC5/Em_EEPROM.c **** #include "Em_EEPROM.h"
  17:Generated_Source\PSoC5/Em_EEPROM.c **** 
ARM GAS  C:\Users\JEFFSN~1\AppData\Local\Temp\cc5K71WC.s 			page 2


  18:Generated_Source\PSoC5/Em_EEPROM.c **** /** The instance-specific configuration structure. This should be used in the
  19:Generated_Source\PSoC5/Em_EEPROM.c **** *  associated Em_EEPROM_Init() function.
  20:Generated_Source\PSoC5/Em_EEPROM.c **** */
  21:Generated_Source\PSoC5/Em_EEPROM.c **** cy_stc_eeprom_config_t const Em_EEPROM_config =
  22:Generated_Source\PSoC5/Em_EEPROM.c **** {
  23:Generated_Source\PSoC5/Em_EEPROM.c ****     128U,
  24:Generated_Source\PSoC5/Em_EEPROM.c ****     4U,
  25:Generated_Source\PSoC5/Em_EEPROM.c ****     0U,
  26:Generated_Source\PSoC5/Em_EEPROM.c ****     0U,
  27:Generated_Source\PSoC5/Em_EEPROM.c ****     0U
  28:Generated_Source\PSoC5/Em_EEPROM.c **** };
  29:Generated_Source\PSoC5/Em_EEPROM.c **** 
  30:Generated_Source\PSoC5/Em_EEPROM.c **** /** The instance-specific context structure that holds all required information
  31:Generated_Source\PSoC5/Em_EEPROM.c **** * about an EEPROM instance. This structure is filled by the Em_EEPROM
  32:Generated_Source\PSoC5/Em_EEPROM.c **** * library Init() function and used by EEPROM library functions.
  33:Generated_Source\PSoC5/Em_EEPROM.c **** */
  34:Generated_Source\PSoC5/Em_EEPROM.c **** cy_stc_eeprom_context_t Em_EEPROM_context;
  35:Generated_Source\PSoC5/Em_EEPROM.c **** 
  36:Generated_Source\PSoC5/Em_EEPROM.c **** /* For PSoC 6 place EEPROM into Emulated EEPROM flash area */
  37:Generated_Source\PSoC5/Em_EEPROM.c **** #if ((CY_PSOC6) && (Em_EEPROM_STORAGE_EM_EEPROM))
  38:Generated_Source\PSoC5/Em_EEPROM.c **** 
  39:Generated_Source\PSoC5/Em_EEPROM.c ****     CY_SECTION(".cy_em_eeprom") CY_ALIGN(CY_FLASH_SIZEOF_ROW)
  40:Generated_Source\PSoC5/Em_EEPROM.c ****     const uint8 Em_EEPROM_em_EepromStorage[Em_EEPROM_ACTUAL_SIZE] = {0u};
  41:Generated_Source\PSoC5/Em_EEPROM.c **** 
  42:Generated_Source\PSoC5/Em_EEPROM.c **** #endif /* ((CY_PSOC6) && (Em_EEPROM_STORAGE_EM_EEPROM)) */
  43:Generated_Source\PSoC5/Em_EEPROM.c **** 
  44:Generated_Source\PSoC5/Em_EEPROM.c **** 
  45:Generated_Source\PSoC5/Em_EEPROM.c **** /*******************************************************************************
  46:Generated_Source\PSoC5/Em_EEPROM.c **** * Function Name: Em_EEPROM_Init
  47:Generated_Source\PSoC5/Em_EEPROM.c **** ********************************************************************************
  48:Generated_Source\PSoC5/Em_EEPROM.c **** *
  49:Generated_Source\PSoC5/Em_EEPROM.c **** * Fills the start address of the EEPROM to the component configuration structure
  50:Generated_Source\PSoC5/Em_EEPROM.c **** * and invokes Cy_Em_EEPROM_Init() function. In case of PSoC 6 the function 
  51:Generated_Source\PSoC5/Em_EEPROM.c **** * is located in Cy_Em_EEPROM middleware library which is part of PDL. In case if
  52:Generated_Source\PSoC5/Em_EEPROM.c **** * it is utilized in the design based on non-PSOC 6 device the function is 
  53:Generated_Source\PSoC5/Em_EEPROM.c **** * located in internal design wide resource component - Em_EEPROM_Dynamic.
  54:Generated_Source\PSoC5/Em_EEPROM.c **** *
  55:Generated_Source\PSoC5/Em_EEPROM.c **** * \param startAddress
  56:Generated_Source\PSoC5/Em_EEPROM.c **** * Start address of the EEPROM storage. For PSoC 6, if Emulated EEPROM is 
  57:Generated_Source\PSoC5/Em_EEPROM.c **** * selected for EEPROM storage, the start address will be overwritten to some 
  58:Generated_Source\PSoC5/Em_EEPROM.c **** * address from Emulated EEPROM flash area.
  59:Generated_Source\PSoC5/Em_EEPROM.c **** *
  60:Generated_Source\PSoC5/Em_EEPROM.c **** * \return
  61:Generated_Source\PSoC5/Em_EEPROM.c **** * A result of function execution of type cy_en_em_eeprom_status_t.
  62:Generated_Source\PSoC5/Em_EEPROM.c **** *
  63:Generated_Source\PSoC5/Em_EEPROM.c **** *******************************************************************************/
  64:Generated_Source\PSoC5/Em_EEPROM.c **** cy_en_em_eeprom_status_t Em_EEPROM_Init(uint32 startAddress)
  65:Generated_Source\PSoC5/Em_EEPROM.c **** {
  41              		.loc 1 65 0
  42              		.cfi_startproc
  43              		@ args = 0, pretend = 0, frame = 32
  44              		@ frame_needed = 1, uses_anonymous_args = 0
  45 0000 80B5     		push	{r7, lr}
  46              		.cfi_def_cfa_offset 8
  47              		.cfi_offset 7, -8
  48              		.cfi_offset 14, -4
  49 0002 88B0     		sub	sp, sp, #32
ARM GAS  C:\Users\JEFFSN~1\AppData\Local\Temp\cc5K71WC.s 			page 3


  50              		.cfi_def_cfa_offset 40
  51 0004 00AF     		add	r7, sp, #0
  52              		.cfi_def_cfa_register 7
  53 0006 7860     		str	r0, [r7, #4]
  66:Generated_Source\PSoC5/Em_EEPROM.c ****     cy_en_em_eeprom_status_t ret;
  67:Generated_Source\PSoC5/Em_EEPROM.c ****     cy_stc_eeprom_config_t config;
  68:Generated_Source\PSoC5/Em_EEPROM.c **** 
  69:Generated_Source\PSoC5/Em_EEPROM.c ****     config.blockingWrite =      Em_EEPROM_config.blockingWrite;
  54              		.loc 1 69 0
  55 0008 0023     		movs	r3, #0
  56 000a 7B75     		strb	r3, [r7, #21]
  70:Generated_Source\PSoC5/Em_EEPROM.c ****     config.eepromSize =         Em_EEPROM_config.eepromSize;
  57              		.loc 1 70 0
  58 000c 8023     		movs	r3, #128
  59 000e FB60     		str	r3, [r7, #12]
  71:Generated_Source\PSoC5/Em_EEPROM.c ****     config.redundantCopy =      Em_EEPROM_config.redundantCopy;
  60              		.loc 1 71 0
  61 0010 0023     		movs	r3, #0
  62 0012 3B75     		strb	r3, [r7, #20]
  72:Generated_Source\PSoC5/Em_EEPROM.c ****     config.wearLevelingFactor = Em_EEPROM_config.wearLevelingFactor;
  63              		.loc 1 72 0
  64 0014 0423     		movs	r3, #4
  65 0016 3B61     		str	r3, [r7, #16]
  73:Generated_Source\PSoC5/Em_EEPROM.c ****     
  74:Generated_Source\PSoC5/Em_EEPROM.c **** #if ((CY_PSOC6) && (Em_EEPROM_STORAGE_EM_EEPROM))
  75:Generated_Source\PSoC5/Em_EEPROM.c ****     /* For PSoC 6, if Emulated EEPROM is selected - override the eeprom start 
  76:Generated_Source\PSoC5/Em_EEPROM.c ****     * address.
  77:Generated_Source\PSoC5/Em_EEPROM.c ****     */
  78:Generated_Source\PSoC5/Em_EEPROM.c ****     config.userFlashStartAddr = (uint32)Em_EEPROM_em_EepromStorage;
  79:Generated_Source\PSoC5/Em_EEPROM.c **** #else
  80:Generated_Source\PSoC5/Em_EEPROM.c ****     config.userFlashStartAddr = startAddress;
  66              		.loc 1 80 0
  67 0018 7B68     		ldr	r3, [r7, #4]
  68 001a BB61     		str	r3, [r7, #24]
  81:Generated_Source\PSoC5/Em_EEPROM.c **** #endif /* ((CY_PSOC6) && (Em_EEPROM_STORAGE_EM_EEPROM)) */
  82:Generated_Source\PSoC5/Em_EEPROM.c ****         
  83:Generated_Source\PSoC5/Em_EEPROM.c ****     ret = Cy_Em_EEPROM_Init(&config, &Em_EEPROM_context);
  69              		.loc 1 83 0
  70 001c 07F10C03 		add	r3, r7, #12
  71 0020 0549     		ldr	r1, .L3
  72 0022 1846     		mov	r0, r3
  73 0024 FFF7FEFF 		bl	Cy_Em_EEPROM_Init
  74 0028 0346     		mov	r3, r0
  75 002a FB77     		strb	r3, [r7, #31]
  84:Generated_Source\PSoC5/Em_EEPROM.c **** 
  85:Generated_Source\PSoC5/Em_EEPROM.c ****     return(ret);
  76              		.loc 1 85 0
  77 002c FB7F     		ldrb	r3, [r7, #31]	@ zero_extendqisi2
  86:Generated_Source\PSoC5/Em_EEPROM.c **** }
  78              		.loc 1 86 0
  79 002e 1846     		mov	r0, r3
  80 0030 2037     		adds	r7, r7, #32
  81              		.cfi_def_cfa_offset 8
  82 0032 BD46     		mov	sp, r7
  83              		.cfi_def_cfa_register 13
  84              		@ sp needed
  85 0034 80BD     		pop	{r7, pc}
ARM GAS  C:\Users\JEFFSN~1\AppData\Local\Temp\cc5K71WC.s 			page 4


  86              	.L4:
  87 0036 00BF     		.align	2
  88              	.L3:
  89 0038 00000000 		.word	Em_EEPROM_context
  90              		.cfi_endproc
  91              	.LFE0:
  92              		.size	Em_EEPROM_Init, .-Em_EEPROM_Init
  93              		.text
  94              	.Letext0:
  95              		.file 2 "Generated_Source\\PSoC5\\cytypes.h"
  96              		.file 3 "Generated_Source\\PSoC5\\cy_em_eeprom.h"
  97              		.section	.debug_info,"",%progbits
  98              	.Ldebug_info0:
  99 0000 19020000 		.4byte	0x219
 100 0004 0400     		.2byte	0x4
 101 0006 00000000 		.4byte	.Ldebug_abbrev0
 102 000a 04       		.byte	0x4
 103 000b 01       		.uleb128 0x1
 104 000c 13000000 		.4byte	.LASF35
 105 0010 0C       		.byte	0xc
 106 0011 C0000000 		.4byte	.LASF36
 107 0015 95010000 		.4byte	.LASF37
 108 0019 00000000 		.4byte	.Ldebug_ranges0+0
 109 001d 00000000 		.4byte	0
 110 0021 00000000 		.4byte	.Ldebug_line0
 111 0025 02       		.uleb128 0x2
 112 0026 01       		.byte	0x1
 113 0027 06       		.byte	0x6
 114 0028 26030000 		.4byte	.LASF0
 115 002c 02       		.uleb128 0x2
 116 002d 01       		.byte	0x1
 117 002e 08       		.byte	0x8
 118 002f 32010000 		.4byte	.LASF1
 119 0033 02       		.uleb128 0x2
 120 0034 02       		.byte	0x2
 121 0035 05       		.byte	0x5
 122 0036 EF020000 		.4byte	.LASF2
 123 003a 02       		.uleb128 0x2
 124 003b 02       		.byte	0x2
 125 003c 07       		.byte	0x7
 126 003d E3000000 		.4byte	.LASF3
 127 0041 02       		.uleb128 0x2
 128 0042 04       		.byte	0x4
 129 0043 05       		.byte	0x5
 130 0044 03030000 		.4byte	.LASF4
 131 0048 02       		.uleb128 0x2
 132 0049 04       		.byte	0x4
 133 004a 07       		.byte	0x7
 134 004b 58010000 		.4byte	.LASF5
 135 004f 02       		.uleb128 0x2
 136 0050 08       		.byte	0x8
 137 0051 05       		.byte	0x5
 138 0052 9F020000 		.4byte	.LASF6
 139 0056 02       		.uleb128 0x2
 140 0057 08       		.byte	0x8
 141 0058 07       		.byte	0x7
 142 0059 3D020000 		.4byte	.LASF7
ARM GAS  C:\Users\JEFFSN~1\AppData\Local\Temp\cc5K71WC.s 			page 5


 143 005d 03       		.uleb128 0x3
 144 005e 04       		.byte	0x4
 145 005f 05       		.byte	0x5
 146 0060 696E7400 		.ascii	"int\000"
 147 0064 02       		.uleb128 0x2
 148 0065 04       		.byte	0x4
 149 0066 07       		.byte	0x7
 150 0067 1A020000 		.4byte	.LASF8
 151 006b 04       		.uleb128 0x4
 152 006c 6A010000 		.4byte	.LASF9
 153 0070 02       		.byte	0x2
 154 0071 E901     		.2byte	0x1e9
 155 0073 2C000000 		.4byte	0x2c
 156 0077 04       		.uleb128 0x4
 157 0078 13020000 		.4byte	.LASF10
 158 007c 02       		.byte	0x2
 159 007d EB01     		.2byte	0x1eb
 160 007f 48000000 		.4byte	0x48
 161 0083 02       		.uleb128 0x2
 162 0084 04       		.byte	0x4
 163 0085 04       		.byte	0x4
 164 0086 2C010000 		.4byte	.LASF11
 165 008a 02       		.uleb128 0x2
 166 008b 08       		.byte	0x8
 167 008c 04       		.byte	0x4
 168 008d 8E010000 		.4byte	.LASF12
 169 0091 02       		.uleb128 0x2
 170 0092 01       		.byte	0x1
 171 0093 08       		.byte	0x8
 172 0094 BA020000 		.4byte	.LASF13
 173 0098 02       		.uleb128 0x2
 174 0099 08       		.byte	0x8
 175 009a 04       		.byte	0x4
 176 009b 0C030000 		.4byte	.LASF14
 177 009f 02       		.uleb128 0x2
 178 00a0 04       		.byte	0x4
 179 00a1 07       		.byte	0x7
 180 00a2 96020000 		.4byte	.LASF15
 181 00a6 05       		.uleb128 0x5
 182 00a7 10       		.byte	0x10
 183 00a8 03       		.byte	0x3
 184 00a9 FB       		.byte	0xfb
 185 00aa EF000000 		.4byte	0xef
 186 00ae 06       		.uleb128 0x6
 187 00af 21010000 		.4byte	.LASF16
 188 00b3 03       		.byte	0x3
 189 00b4 FE       		.byte	0xfe
 190 00b5 77000000 		.4byte	0x77
 191 00b9 00       		.byte	0
 192 00ba 07       		.uleb128 0x7
 193 00bb 0E010000 		.4byte	.LASF17
 194 00bf 03       		.byte	0x3
 195 00c0 0301     		.2byte	0x103
 196 00c2 77000000 		.4byte	0x77
 197 00c6 04       		.byte	0x4
 198 00c7 07       		.uleb128 0x7
 199 00c8 88020000 		.4byte	.LASF18
ARM GAS  C:\Users\JEFFSN~1\AppData\Local\Temp\cc5K71WC.s 			page 6


 200 00cc 03       		.byte	0x3
 201 00cd 0601     		.2byte	0x106
 202 00cf 6B000000 		.4byte	0x6b
 203 00d3 08       		.byte	0x8
 204 00d4 07       		.uleb128 0x7
 205 00d5 7A020000 		.4byte	.LASF19
 206 00d9 03       		.byte	0x3
 207 00da 0B01     		.2byte	0x10b
 208 00dc 6B000000 		.4byte	0x6b
 209 00e0 09       		.byte	0x9
 210 00e1 07       		.uleb128 0x7
 211 00e2 00000000 		.4byte	.LASF20
 212 00e6 03       		.byte	0x3
 213 00e7 0E01     		.2byte	0x10e
 214 00e9 77000000 		.4byte	0x77
 215 00ed 0C       		.byte	0xc
 216 00ee 00       		.byte	0
 217 00ef 04       		.uleb128 0x4
 218 00f0 70010000 		.4byte	.LASF21
 219 00f4 03       		.byte	0x3
 220 00f5 0F01     		.2byte	0x10f
 221 00f7 A6000000 		.4byte	0xa6
 222 00fb 08       		.uleb128 0x8
 223 00fc 1C       		.byte	0x1c
 224 00fd 03       		.byte	0x3
 225 00fe 1601     		.2byte	0x116
 226 0100 6D010000 		.4byte	0x16d
 227 0104 07       		.uleb128 0x7
 228 0105 F9020000 		.4byte	.LASF22
 229 0109 03       		.byte	0x3
 230 010a 1B01     		.2byte	0x11b
 231 010c 77000000 		.4byte	0x77
 232 0110 00       		.byte	0
 233 0111 07       		.uleb128 0x7
 234 0112 B3000000 		.4byte	.LASF23
 235 0116 03       		.byte	0x3
 236 0117 2001     		.2byte	0x120
 237 0119 77000000 		.4byte	0x77
 238 011d 04       		.byte	0x4
 239 011e 07       		.uleb128 0x7
 240 011f 18030000 		.4byte	.LASF24
 241 0123 03       		.byte	0x3
 242 0124 2301     		.2byte	0x123
 243 0126 77000000 		.4byte	0x77
 244 012a 08       		.byte	0x8
 245 012b 07       		.uleb128 0x7
 246 012c 21010000 		.4byte	.LASF16
 247 0130 03       		.byte	0x3
 248 0131 2601     		.2byte	0x126
 249 0133 77000000 		.4byte	0x77
 250 0137 0C       		.byte	0xc
 251 0138 07       		.uleb128 0x7
 252 0139 0E010000 		.4byte	.LASF17
 253 013d 03       		.byte	0x3
 254 013e 2B01     		.2byte	0x12b
 255 0140 77000000 		.4byte	0x77
 256 0144 10       		.byte	0x10
ARM GAS  C:\Users\JEFFSN~1\AppData\Local\Temp\cc5K71WC.s 			page 7


 257 0145 07       		.uleb128 0x7
 258 0146 88020000 		.4byte	.LASF18
 259 014a 03       		.byte	0x3
 260 014b 2E01     		.2byte	0x12e
 261 014d 6B000000 		.4byte	0x6b
 262 0151 14       		.byte	0x14
 263 0152 07       		.uleb128 0x7
 264 0153 7A020000 		.4byte	.LASF19
 265 0157 03       		.byte	0x3
 266 0158 3301     		.2byte	0x133
 267 015a 6B000000 		.4byte	0x6b
 268 015e 15       		.byte	0x15
 269 015f 07       		.uleb128 0x7
 270 0160 00000000 		.4byte	.LASF20
 271 0164 03       		.byte	0x3
 272 0165 3601     		.2byte	0x136
 273 0167 77000000 		.4byte	0x77
 274 016b 18       		.byte	0x18
 275 016c 00       		.byte	0
 276 016d 04       		.uleb128 0x4
 277 016e F6000000 		.4byte	.LASF25
 278 0172 03       		.byte	0x3
 279 0173 3701     		.2byte	0x137
 280 0175 FB000000 		.4byte	0xfb
 281 0179 09       		.uleb128 0x9
 282 017a 01       		.byte	0x1
 283 017b 2C000000 		.4byte	0x2c
 284 017f 03       		.byte	0x3
 285 0180 5401     		.2byte	0x154
 286 0182 A5010000 		.4byte	0x1a5
 287 0186 0A       		.uleb128 0xa
 288 0187 54020000 		.4byte	.LASF26
 289 018b 00       		.byte	0
 290 018c 0A       		.uleb128 0xa
 291 018d BF020000 		.4byte	.LASF27
 292 0191 01       		.byte	0x1
 293 0192 0A       		.uleb128 0xa
 294 0193 32030000 		.4byte	.LASF28
 295 0197 02       		.byte	0x2
 296 0198 0A       		.uleb128 0xa
 297 0199 27020000 		.4byte	.LASF29
 298 019d 03       		.byte	0x3
 299 019e 0A       		.uleb128 0xa
 300 019f 40010000 		.4byte	.LASF30
 301 01a3 04       		.byte	0x4
 302 01a4 00       		.byte	0
 303 01a5 04       		.uleb128 0x4
 304 01a6 D6020000 		.4byte	.LASF31
 305 01aa 03       		.byte	0x3
 306 01ab 5A01     		.2byte	0x15a
 307 01ad 79010000 		.4byte	0x179
 308 01b1 0B       		.uleb128 0xb
 309 01b2 4C030000 		.4byte	.LASF38
 310 01b6 01       		.byte	0x1
 311 01b7 40       		.byte	0x40
 312 01b8 A5010000 		.4byte	0x1a5
 313 01bc 00000000 		.4byte	.LFB0
ARM GAS  C:\Users\JEFFSN~1\AppData\Local\Temp\cc5K71WC.s 			page 8


 314 01c0 3C000000 		.4byte	.LFE0-.LFB0
 315 01c4 01       		.uleb128 0x1
 316 01c5 9C       		.byte	0x9c
 317 01c6 F5010000 		.4byte	0x1f5
 318 01ca 0C       		.uleb128 0xc
 319 01cb AD020000 		.4byte	.LASF39
 320 01cf 01       		.byte	0x1
 321 01d0 40       		.byte	0x40
 322 01d1 77000000 		.4byte	0x77
 323 01d5 02       		.uleb128 0x2
 324 01d6 91       		.byte	0x91
 325 01d7 5C       		.sleb128 -36
 326 01d8 0D       		.uleb128 0xd
 327 01d9 72657400 		.ascii	"ret\000"
 328 01dd 01       		.byte	0x1
 329 01de 42       		.byte	0x42
 330 01df A5010000 		.4byte	0x1a5
 331 01e3 02       		.uleb128 0x2
 332 01e4 91       		.byte	0x91
 333 01e5 77       		.sleb128 -9
 334 01e6 0E       		.uleb128 0xe
 335 01e7 87010000 		.4byte	.LASF32
 336 01eb 01       		.byte	0x1
 337 01ec 43       		.byte	0x43
 338 01ed EF000000 		.4byte	0xef
 339 01f1 02       		.uleb128 0x2
 340 01f2 91       		.byte	0x91
 341 01f3 64       		.sleb128 -28
 342 01f4 00       		.byte	0
 343 01f5 0F       		.uleb128 0xf
 344 01f6 69020000 		.4byte	.LASF33
 345 01fa 01       		.byte	0x1
 346 01fb 15       		.byte	0x15
 347 01fc 06020000 		.4byte	0x206
 348 0200 05       		.uleb128 0x5
 349 0201 03       		.byte	0x3
 350 0202 00000000 		.4byte	Em_EEPROM_config
 351 0206 10       		.uleb128 0x10
 352 0207 EF000000 		.4byte	0xef
 353 020b 0F       		.uleb128 0xf
 354 020c A1000000 		.4byte	.LASF34
 355 0210 01       		.byte	0x1
 356 0211 22       		.byte	0x22
 357 0212 6D010000 		.4byte	0x16d
 358 0216 05       		.uleb128 0x5
 359 0217 03       		.byte	0x3
 360 0218 00000000 		.4byte	Em_EEPROM_context
 361 021c 00       		.byte	0
 362              		.section	.debug_abbrev,"",%progbits
 363              	.Ldebug_abbrev0:
 364 0000 01       		.uleb128 0x1
 365 0001 11       		.uleb128 0x11
 366 0002 01       		.byte	0x1
 367 0003 25       		.uleb128 0x25
 368 0004 0E       		.uleb128 0xe
 369 0005 13       		.uleb128 0x13
 370 0006 0B       		.uleb128 0xb
ARM GAS  C:\Users\JEFFSN~1\AppData\Local\Temp\cc5K71WC.s 			page 9


 371 0007 03       		.uleb128 0x3
 372 0008 0E       		.uleb128 0xe
 373 0009 1B       		.uleb128 0x1b
 374 000a 0E       		.uleb128 0xe
 375 000b 55       		.uleb128 0x55
 376 000c 17       		.uleb128 0x17
 377 000d 11       		.uleb128 0x11
 378 000e 01       		.uleb128 0x1
 379 000f 10       		.uleb128 0x10
 380 0010 17       		.uleb128 0x17
 381 0011 00       		.byte	0
 382 0012 00       		.byte	0
 383 0013 02       		.uleb128 0x2
 384 0014 24       		.uleb128 0x24
 385 0015 00       		.byte	0
 386 0016 0B       		.uleb128 0xb
 387 0017 0B       		.uleb128 0xb
 388 0018 3E       		.uleb128 0x3e
 389 0019 0B       		.uleb128 0xb
 390 001a 03       		.uleb128 0x3
 391 001b 0E       		.uleb128 0xe
 392 001c 00       		.byte	0
 393 001d 00       		.byte	0
 394 001e 03       		.uleb128 0x3
 395 001f 24       		.uleb128 0x24
 396 0020 00       		.byte	0
 397 0021 0B       		.uleb128 0xb
 398 0022 0B       		.uleb128 0xb
 399 0023 3E       		.uleb128 0x3e
 400 0024 0B       		.uleb128 0xb
 401 0025 03       		.uleb128 0x3
 402 0026 08       		.uleb128 0x8
 403 0027 00       		.byte	0
 404 0028 00       		.byte	0
 405 0029 04       		.uleb128 0x4
 406 002a 16       		.uleb128 0x16
 407 002b 00       		.byte	0
 408 002c 03       		.uleb128 0x3
 409 002d 0E       		.uleb128 0xe
 410 002e 3A       		.uleb128 0x3a
 411 002f 0B       		.uleb128 0xb
 412 0030 3B       		.uleb128 0x3b
 413 0031 05       		.uleb128 0x5
 414 0032 49       		.uleb128 0x49
 415 0033 13       		.uleb128 0x13
 416 0034 00       		.byte	0
 417 0035 00       		.byte	0
 418 0036 05       		.uleb128 0x5
 419 0037 13       		.uleb128 0x13
 420 0038 01       		.byte	0x1
 421 0039 0B       		.uleb128 0xb
 422 003a 0B       		.uleb128 0xb
 423 003b 3A       		.uleb128 0x3a
 424 003c 0B       		.uleb128 0xb
 425 003d 3B       		.uleb128 0x3b
 426 003e 0B       		.uleb128 0xb
 427 003f 01       		.uleb128 0x1
ARM GAS  C:\Users\JEFFSN~1\AppData\Local\Temp\cc5K71WC.s 			page 10


 428 0040 13       		.uleb128 0x13
 429 0041 00       		.byte	0
 430 0042 00       		.byte	0
 431 0043 06       		.uleb128 0x6
 432 0044 0D       		.uleb128 0xd
 433 0045 00       		.byte	0
 434 0046 03       		.uleb128 0x3
 435 0047 0E       		.uleb128 0xe
 436 0048 3A       		.uleb128 0x3a
 437 0049 0B       		.uleb128 0xb
 438 004a 3B       		.uleb128 0x3b
 439 004b 0B       		.uleb128 0xb
 440 004c 49       		.uleb128 0x49
 441 004d 13       		.uleb128 0x13
 442 004e 38       		.uleb128 0x38
 443 004f 0B       		.uleb128 0xb
 444 0050 00       		.byte	0
 445 0051 00       		.byte	0
 446 0052 07       		.uleb128 0x7
 447 0053 0D       		.uleb128 0xd
 448 0054 00       		.byte	0
 449 0055 03       		.uleb128 0x3
 450 0056 0E       		.uleb128 0xe
 451 0057 3A       		.uleb128 0x3a
 452 0058 0B       		.uleb128 0xb
 453 0059 3B       		.uleb128 0x3b
 454 005a 05       		.uleb128 0x5
 455 005b 49       		.uleb128 0x49
 456 005c 13       		.uleb128 0x13
 457 005d 38       		.uleb128 0x38
 458 005e 0B       		.uleb128 0xb
 459 005f 00       		.byte	0
 460 0060 00       		.byte	0
 461 0061 08       		.uleb128 0x8
 462 0062 13       		.uleb128 0x13
 463 0063 01       		.byte	0x1
 464 0064 0B       		.uleb128 0xb
 465 0065 0B       		.uleb128 0xb
 466 0066 3A       		.uleb128 0x3a
 467 0067 0B       		.uleb128 0xb
 468 0068 3B       		.uleb128 0x3b
 469 0069 05       		.uleb128 0x5
 470 006a 01       		.uleb128 0x1
 471 006b 13       		.uleb128 0x13
 472 006c 00       		.byte	0
 473 006d 00       		.byte	0
 474 006e 09       		.uleb128 0x9
 475 006f 04       		.uleb128 0x4
 476 0070 01       		.byte	0x1
 477 0071 0B       		.uleb128 0xb
 478 0072 0B       		.uleb128 0xb
 479 0073 49       		.uleb128 0x49
 480 0074 13       		.uleb128 0x13
 481 0075 3A       		.uleb128 0x3a
 482 0076 0B       		.uleb128 0xb
 483 0077 3B       		.uleb128 0x3b
 484 0078 05       		.uleb128 0x5
ARM GAS  C:\Users\JEFFSN~1\AppData\Local\Temp\cc5K71WC.s 			page 11


 485 0079 01       		.uleb128 0x1
 486 007a 13       		.uleb128 0x13
 487 007b 00       		.byte	0
 488 007c 00       		.byte	0
 489 007d 0A       		.uleb128 0xa
 490 007e 28       		.uleb128 0x28
 491 007f 00       		.byte	0
 492 0080 03       		.uleb128 0x3
 493 0081 0E       		.uleb128 0xe
 494 0082 1C       		.uleb128 0x1c
 495 0083 0B       		.uleb128 0xb
 496 0084 00       		.byte	0
 497 0085 00       		.byte	0
 498 0086 0B       		.uleb128 0xb
 499 0087 2E       		.uleb128 0x2e
 500 0088 01       		.byte	0x1
 501 0089 3F       		.uleb128 0x3f
 502 008a 19       		.uleb128 0x19
 503 008b 03       		.uleb128 0x3
 504 008c 0E       		.uleb128 0xe
 505 008d 3A       		.uleb128 0x3a
 506 008e 0B       		.uleb128 0xb
 507 008f 3B       		.uleb128 0x3b
 508 0090 0B       		.uleb128 0xb
 509 0091 27       		.uleb128 0x27
 510 0092 19       		.uleb128 0x19
 511 0093 49       		.uleb128 0x49
 512 0094 13       		.uleb128 0x13
 513 0095 11       		.uleb128 0x11
 514 0096 01       		.uleb128 0x1
 515 0097 12       		.uleb128 0x12
 516 0098 06       		.uleb128 0x6
 517 0099 40       		.uleb128 0x40
 518 009a 18       		.uleb128 0x18
 519 009b 9642     		.uleb128 0x2116
 520 009d 19       		.uleb128 0x19
 521 009e 01       		.uleb128 0x1
 522 009f 13       		.uleb128 0x13
 523 00a0 00       		.byte	0
 524 00a1 00       		.byte	0
 525 00a2 0C       		.uleb128 0xc
 526 00a3 05       		.uleb128 0x5
 527 00a4 00       		.byte	0
 528 00a5 03       		.uleb128 0x3
 529 00a6 0E       		.uleb128 0xe
 530 00a7 3A       		.uleb128 0x3a
 531 00a8 0B       		.uleb128 0xb
 532 00a9 3B       		.uleb128 0x3b
 533 00aa 0B       		.uleb128 0xb
 534 00ab 49       		.uleb128 0x49
 535 00ac 13       		.uleb128 0x13
 536 00ad 02       		.uleb128 0x2
 537 00ae 18       		.uleb128 0x18
 538 00af 00       		.byte	0
 539 00b0 00       		.byte	0
 540 00b1 0D       		.uleb128 0xd
 541 00b2 34       		.uleb128 0x34
ARM GAS  C:\Users\JEFFSN~1\AppData\Local\Temp\cc5K71WC.s 			page 12


 542 00b3 00       		.byte	0
 543 00b4 03       		.uleb128 0x3
 544 00b5 08       		.uleb128 0x8
 545 00b6 3A       		.uleb128 0x3a
 546 00b7 0B       		.uleb128 0xb
 547 00b8 3B       		.uleb128 0x3b
 548 00b9 0B       		.uleb128 0xb
 549 00ba 49       		.uleb128 0x49
 550 00bb 13       		.uleb128 0x13
 551 00bc 02       		.uleb128 0x2
 552 00bd 18       		.uleb128 0x18
 553 00be 00       		.byte	0
 554 00bf 00       		.byte	0
 555 00c0 0E       		.uleb128 0xe
 556 00c1 34       		.uleb128 0x34
 557 00c2 00       		.byte	0
 558 00c3 03       		.uleb128 0x3
 559 00c4 0E       		.uleb128 0xe
 560 00c5 3A       		.uleb128 0x3a
 561 00c6 0B       		.uleb128 0xb
 562 00c7 3B       		.uleb128 0x3b
 563 00c8 0B       		.uleb128 0xb
 564 00c9 49       		.uleb128 0x49
 565 00ca 13       		.uleb128 0x13
 566 00cb 02       		.uleb128 0x2
 567 00cc 18       		.uleb128 0x18
 568 00cd 00       		.byte	0
 569 00ce 00       		.byte	0
 570 00cf 0F       		.uleb128 0xf
 571 00d0 34       		.uleb128 0x34
 572 00d1 00       		.byte	0
 573 00d2 03       		.uleb128 0x3
 574 00d3 0E       		.uleb128 0xe
 575 00d4 3A       		.uleb128 0x3a
 576 00d5 0B       		.uleb128 0xb
 577 00d6 3B       		.uleb128 0x3b
 578 00d7 0B       		.uleb128 0xb
 579 00d8 49       		.uleb128 0x49
 580 00d9 13       		.uleb128 0x13
 581 00da 3F       		.uleb128 0x3f
 582 00db 19       		.uleb128 0x19
 583 00dc 02       		.uleb128 0x2
 584 00dd 18       		.uleb128 0x18
 585 00de 00       		.byte	0
 586 00df 00       		.byte	0
 587 00e0 10       		.uleb128 0x10
 588 00e1 26       		.uleb128 0x26
 589 00e2 00       		.byte	0
 590 00e3 49       		.uleb128 0x49
 591 00e4 13       		.uleb128 0x13
 592 00e5 00       		.byte	0
 593 00e6 00       		.byte	0
 594 00e7 00       		.byte	0
 595              		.section	.debug_aranges,"",%progbits
 596 0000 1C000000 		.4byte	0x1c
 597 0004 0200     		.2byte	0x2
 598 0006 00000000 		.4byte	.Ldebug_info0
ARM GAS  C:\Users\JEFFSN~1\AppData\Local\Temp\cc5K71WC.s 			page 13


 599 000a 04       		.byte	0x4
 600 000b 00       		.byte	0
 601 000c 0000     		.2byte	0
 602 000e 0000     		.2byte	0
 603 0010 00000000 		.4byte	.LFB0
 604 0014 3C000000 		.4byte	.LFE0-.LFB0
 605 0018 00000000 		.4byte	0
 606 001c 00000000 		.4byte	0
 607              		.section	.debug_ranges,"",%progbits
 608              	.Ldebug_ranges0:
 609 0000 00000000 		.4byte	.LFB0
 610 0004 3C000000 		.4byte	.LFE0
 611 0008 00000000 		.4byte	0
 612 000c 00000000 		.4byte	0
 613              		.section	.debug_line,"",%progbits
 614              	.Ldebug_line0:
 615 0000 76000000 		.section	.debug_str,"MS",%progbits,1
 615      02005800 
 615      00000201 
 615      FB0E0D00 
 615      01010101 
 616              	.LASF20:
 617 0000 75736572 		.ascii	"userFlashStartAddr\000"
 617      466C6173 
 617      68537461 
 617      72744164 
 617      647200
 618              	.LASF35:
 619 0013 474E5520 		.ascii	"GNU C11 5.4.1 20160609 (release) [ARM/embedded-5-br"
 619      43313120 
 619      352E342E 
 619      31203230 
 619      31363036 
 620 0046 616E6368 		.ascii	"anch revision 237715] -mcpu=cortex-m3 -mthumb -g -O"
 620      20726576 
 620      6973696F 
 620      6E203233 
 620      37373135 
 621 0079 30202D66 		.ascii	"0 -ffunction-sections -ffat-lto-objects\000"
 621      66756E63 
 621      74696F6E 
 621      2D736563 
 621      74696F6E 
 622              	.LASF34:
 623 00a1 456D5F45 		.ascii	"Em_EEPROM_context\000"
 623      4550524F 
 623      4D5F636F 
 623      6E746578 
 623      7400
 624              	.LASF23:
 625 00b3 6E756D62 		.ascii	"numberOfRows\000"
 625      65724F66 
 625      526F7773 
 625      00
 626              	.LASF36:
 627 00c0 47656E65 		.ascii	"Generated_Source\\PSoC5\\Em_EEPROM.c\000"
 627      72617465 
ARM GAS  C:\Users\JEFFSN~1\AppData\Local\Temp\cc5K71WC.s 			page 14


 627      645F536F 
 627      75726365 
 627      5C50536F 
 628              	.LASF3:
 629 00e3 73686F72 		.ascii	"short unsigned int\000"
 629      7420756E 
 629      7369676E 
 629      65642069 
 629      6E7400
 630              	.LASF25:
 631 00f6 63795F73 		.ascii	"cy_stc_eeprom_context_t\000"
 631      74635F65 
 631      6570726F 
 631      6D5F636F 
 631      6E746578 
 632              	.LASF17:
 633 010e 77656172 		.ascii	"wearLevelingFactor\000"
 633      4C657665 
 633      6C696E67 
 633      46616374 
 633      6F7200
 634              	.LASF16:
 635 0121 65657072 		.ascii	"eepromSize\000"
 635      6F6D5369 
 635      7A6500
 636              	.LASF11:
 637 012c 666C6F61 		.ascii	"float\000"
 637      7400
 638              	.LASF1:
 639 0132 756E7369 		.ascii	"unsigned char\000"
 639      676E6564 
 639      20636861 
 639      7200
 640              	.LASF30:
 641 0140 43595F45 		.ascii	"CY_EM_EEPROM_WRITE_FAIL\000"
 641      4D5F4545 
 641      50524F4D 
 641      5F575249 
 641      54455F46 
 642              	.LASF5:
 643 0158 6C6F6E67 		.ascii	"long unsigned int\000"
 643      20756E73 
 643      69676E65 
 643      6420696E 
 643      7400
 644              	.LASF9:
 645 016a 75696E74 		.ascii	"uint8\000"
 645      3800
 646              	.LASF21:
 647 0170 63795F73 		.ascii	"cy_stc_eeprom_config_t\000"
 647      74635F65 
 647      6570726F 
 647      6D5F636F 
 647      6E666967 
 648              	.LASF32:
 649 0187 636F6E66 		.ascii	"config\000"
 649      696700
ARM GAS  C:\Users\JEFFSN~1\AppData\Local\Temp\cc5K71WC.s 			page 15


 650              	.LASF12:
 651 018e 646F7562 		.ascii	"double\000"
 651      6C6500
 652              	.LASF37:
 653 0195 433A5C55 		.ascii	"C:\\Users\\JeffSnyder\\dev\\Electrosteel_embedded\\"
 653      73657273 
 653      5C4A6566 
 653      66536E79 
 653      6465725C 
 654 01c3 50534F43 		.ascii	"PSOC5_electrosteel_stringsensors_newpcb_brain\\CE21"
 654      355F656C 
 654      65637472 
 654      6F737465 
 654      656C5F73 
 655 01f5 30353134 		.ascii	"0514_PSOC3_5_Thermistor.cydsn\000"
 655      5F50534F 
 655      43335F35 
 655      5F546865 
 655      726D6973 
 656              	.LASF10:
 657 0213 75696E74 		.ascii	"uint32\000"
 657      333200
 658              	.LASF8:
 659 021a 756E7369 		.ascii	"unsigned int\000"
 659      676E6564 
 659      20696E74 
 659      00
 660              	.LASF29:
 661 0227 43595F45 		.ascii	"CY_EM_EEPROM_BAD_DATA\000"
 661      4D5F4545 
 661      50524F4D 
 661      5F424144 
 661      5F444154 
 662              	.LASF7:
 663 023d 6C6F6E67 		.ascii	"long long unsigned int\000"
 663      206C6F6E 
 663      6720756E 
 663      7369676E 
 663      65642069 
 664              	.LASF26:
 665 0254 43595F45 		.ascii	"CY_EM_EEPROM_SUCCESS\000"
 665      4D5F4545 
 665      50524F4D 
 665      5F535543 
 665      43455353 
 666              	.LASF33:
 667 0269 456D5F45 		.ascii	"Em_EEPROM_config\000"
 667      4550524F 
 667      4D5F636F 
 667      6E666967 
 667      00
 668              	.LASF19:
 669 027a 626C6F63 		.ascii	"blockingWrite\000"
 669      6B696E67 
 669      57726974 
 669      6500
 670              	.LASF18:
ARM GAS  C:\Users\JEFFSN~1\AppData\Local\Temp\cc5K71WC.s 			page 16


 671 0288 72656475 		.ascii	"redundantCopy\000"
 671      6E64616E 
 671      74436F70 
 671      7900
 672              	.LASF15:
 673 0296 73697A65 		.ascii	"sizetype\000"
 673      74797065 
 673      00
 674              	.LASF6:
 675 029f 6C6F6E67 		.ascii	"long long int\000"
 675      206C6F6E 
 675      6720696E 
 675      7400
 676              	.LASF39:
 677 02ad 73746172 		.ascii	"startAddress\000"
 677      74416464 
 677      72657373 
 677      00
 678              	.LASF13:
 679 02ba 63686172 		.ascii	"char\000"
 679      00
 680              	.LASF27:
 681 02bf 43595F45 		.ascii	"CY_EM_EEPROM_BAD_PARAM\000"
 681      4D5F4545 
 681      50524F4D 
 681      5F424144 
 681      5F504152 
 682              	.LASF31:
 683 02d6 63795F65 		.ascii	"cy_en_em_eeprom_status_t\000"
 683      6E5F656D 
 683      5F656570 
 683      726F6D5F 
 683      73746174 
 684              	.LASF2:
 685 02ef 73686F72 		.ascii	"short int\000"
 685      7420696E 
 685      7400
 686              	.LASF22:
 687 02f9 776C456E 		.ascii	"wlEndAddr\000"
 687      64416464 
 687      7200
 688              	.LASF4:
 689 0303 6C6F6E67 		.ascii	"long int\000"
 689      20696E74 
 689      00
 690              	.LASF14:
 691 030c 6C6F6E67 		.ascii	"long double\000"
 691      20646F75 
 691      626C6500 
 692              	.LASF24:
 693 0318 6C617374 		.ascii	"lastWrRowAddr\000"
 693      5772526F 
 693      77416464 
 693      7200
 694              	.LASF0:
 695 0326 7369676E 		.ascii	"signed char\000"
 695      65642063 
ARM GAS  C:\Users\JEFFSN~1\AppData\Local\Temp\cc5K71WC.s 			page 17


 695      68617200 
 696              	.LASF28:
 697 0332 43595F45 		.ascii	"CY_EM_EEPROM_BAD_CHECKSUM\000"
 697      4D5F4545 
 697      50524F4D 
 697      5F424144 
 697      5F434845 
 698              	.LASF38:
 699 034c 456D5F45 		.ascii	"Em_EEPROM_Init\000"
 699      4550524F 
 699      4D5F496E 
 699      697400
 700              		.ident	"GCC: (GNU Tools for ARM Embedded Processors) 5.4.1 20160609 (release) [ARM/embedded-5-bran
