ARM GAS  C:\Users\JEFFSN~1\AppData\Local\Temp\ccfF2zOn.s 			page 1


   1              		.syntax unified
   2              		.cpu cortex-m3
   3              		.fpu softvfp
   4              		.eabi_attribute 20, 1
   5              		.eabi_attribute 21, 1
   6              		.eabi_attribute 23, 3
   7              		.eabi_attribute 24, 1
   8              		.eabi_attribute 25, 1
   9              		.eabi_attribute 26, 1
  10              		.eabi_attribute 30, 6
  11              		.eabi_attribute 34, 1
  12              		.eabi_attribute 18, 4
  13              		.thumb
  14              		.syntax unified
  15              		.file	"gfx_font.c"
  16              		.text
  17              	.Ltext0:
  18              		.cfi_sections	.debug_frame
  19              	.Letext0:
  20              		.section	.debug_line,"",%progbits
  21              	.Ldebug_line0:
  22              		.section	.debug_str,"MS",%progbits,1
  23              	.LASF0:
  24 0000 6766785F 		.ascii	"gfx_font.c\000"
  24      666F6E74 
  24      2E6300
  25              	.LASF1:
  26 000b 474E5520 		.ascii	"GNU C11 5.4.1 20160609 (release) [ARM/embedded-5-br"
  26      43313120 
  26      352E342E 
  26      31203230 
  26      31363036 
  27 003e 616E6368 		.ascii	"anch revision 237715] -mcpu=cortex-m3 -mthumb -g -O"
  27      20726576 
  27      6973696F 
  27      6E203233 
  27      37373135 
  28 0071 30202D66 		.ascii	"0 -ffunction-sections -ffat-lto-objects\000"
  28      66756E63 
  28      74696F6E 
  28      2D736563 
  28      74696F6E 
  29              	.LASF2:
  30 0099 433A5C55 		.ascii	"C:\\Users\\JeffSnyder\\dev\\Electrosteel_embedded\\"
  30      73657273 
  30      5C4A6566 
  30      66536E79 
  30      6465725C 
  31 00c7 50534F43 		.ascii	"PSOC5_electrosteel_stringsensors_newpcb_brain\\CE21"
  31      355F656C 
  31      65637472 
  31      6F737465 
  31      656C5F73 
  32 00f9 30353134 		.ascii	"0514_PSOC3_5_Thermistor.cydsn\000"
  32      5F50534F 
  32      43335F35 
  32      5F546865 
ARM GAS  C:\Users\JEFFSN~1\AppData\Local\Temp\ccfF2zOn.s 			page 2


  32      726D6973 
  33              		.ident	"GCC: (GNU Tools for ARM Embedded Processors) 5.4.1 20160609 (release) [ARM/embedded-5-bran
