ARM GAS  C:\Users\JEFFSN~1\AppData\Local\Temp\cc5YaRem.s 			page 1


   1              		.syntax unified
   2              		.cpu cortex-m3
   3              		.fpu softvfp
   4              		.eabi_attribute 20, 1
   5              		.eabi_attribute 21, 1
   6              		.eabi_attribute 23, 3
   7              		.eabi_attribute 24, 1
   8              		.eabi_attribute 25, 1
   9              		.eabi_attribute 26, 1
  10              		.eabi_attribute 30, 6
  11              		.eabi_attribute 34, 1
  12              		.eabi_attribute 18, 4
  13              		.thumb
  14              		.syntax unified
  15              		.file	"QuadDec_1.c"
  16              		.text
  17              	.Ltext0:
  18              		.cfi_sections	.debug_frame
  19              		.global	QuadDec_1_initVar
  20              		.bss
  21              		.type	QuadDec_1_initVar, %object
  22              		.size	QuadDec_1_initVar, 1
  23              	QuadDec_1_initVar:
  24 0000 00       		.space	1
  25              		.section	.text.QuadDec_1_Init,"ax",%progbits
  26              		.align	2
  27              		.global	QuadDec_1_Init
  28              		.thumb
  29              		.thumb_func
  30              		.type	QuadDec_1_Init, %function
  31              	QuadDec_1_Init:
  32              	.LFB0:
  33              		.file 1 "Generated_Source\\PSoC5\\QuadDec_1.c"
   1:Generated_Source\PSoC5/QuadDec_1.c **** /*******************************************************************************
   2:Generated_Source\PSoC5/QuadDec_1.c **** * File Name: QuadDec_1.c  
   3:Generated_Source\PSoC5/QuadDec_1.c **** * Version 3.0
   4:Generated_Source\PSoC5/QuadDec_1.c **** *
   5:Generated_Source\PSoC5/QuadDec_1.c **** * Description:
   6:Generated_Source\PSoC5/QuadDec_1.c **** *  This file provides the source code to the API for the Quadrature Decoder
   7:Generated_Source\PSoC5/QuadDec_1.c **** *  component.
   8:Generated_Source\PSoC5/QuadDec_1.c **** *
   9:Generated_Source\PSoC5/QuadDec_1.c **** * Note:
  10:Generated_Source\PSoC5/QuadDec_1.c **** *  None.
  11:Generated_Source\PSoC5/QuadDec_1.c **** *   
  12:Generated_Source\PSoC5/QuadDec_1.c **** ********************************************************************************
  13:Generated_Source\PSoC5/QuadDec_1.c **** * Copyright 2008-2014, Cypress Semiconductor Corporation.  All rights reserved.
  14:Generated_Source\PSoC5/QuadDec_1.c **** * You may use this file only in accordance with the license, terms, conditions, 
  15:Generated_Source\PSoC5/QuadDec_1.c **** * disclaimers, and limitations in the end user license agreement accompanying 
  16:Generated_Source\PSoC5/QuadDec_1.c **** * the software package with which this file was provided.
  17:Generated_Source\PSoC5/QuadDec_1.c **** *******************************************************************************/
  18:Generated_Source\PSoC5/QuadDec_1.c **** 
  19:Generated_Source\PSoC5/QuadDec_1.c **** #include "QuadDec_1.h"
  20:Generated_Source\PSoC5/QuadDec_1.c **** 
  21:Generated_Source\PSoC5/QuadDec_1.c **** #if (QuadDec_1_COUNTER_SIZE == QuadDec_1_COUNTER_SIZE_32_BIT)
  22:Generated_Source\PSoC5/QuadDec_1.c ****     #include "QuadDec_1_PVT.h"
  23:Generated_Source\PSoC5/QuadDec_1.c **** #endif /* QuadDec_1_COUNTER_SIZE == QuadDec_1_COUNTER_SIZE_32_BIT */
  24:Generated_Source\PSoC5/QuadDec_1.c **** 
ARM GAS  C:\Users\JEFFSN~1\AppData\Local\Temp\cc5YaRem.s 			page 2


  25:Generated_Source\PSoC5/QuadDec_1.c **** uint8 QuadDec_1_initVar = 0u;
  26:Generated_Source\PSoC5/QuadDec_1.c **** 
  27:Generated_Source\PSoC5/QuadDec_1.c **** 
  28:Generated_Source\PSoC5/QuadDec_1.c **** /*******************************************************************************
  29:Generated_Source\PSoC5/QuadDec_1.c **** * Function Name: QuadDec_1_Init
  30:Generated_Source\PSoC5/QuadDec_1.c **** ********************************************************************************
  31:Generated_Source\PSoC5/QuadDec_1.c **** *
  32:Generated_Source\PSoC5/QuadDec_1.c **** * Summary:
  33:Generated_Source\PSoC5/QuadDec_1.c **** *  Inits/Restores default QuadDec configuration provided with customizer.
  34:Generated_Source\PSoC5/QuadDec_1.c **** *
  35:Generated_Source\PSoC5/QuadDec_1.c **** * Parameters:
  36:Generated_Source\PSoC5/QuadDec_1.c **** *  None.
  37:Generated_Source\PSoC5/QuadDec_1.c **** *
  38:Generated_Source\PSoC5/QuadDec_1.c **** * Return:
  39:Generated_Source\PSoC5/QuadDec_1.c **** *  None.
  40:Generated_Source\PSoC5/QuadDec_1.c **** *
  41:Generated_Source\PSoC5/QuadDec_1.c **** *******************************************************************************/
  42:Generated_Source\PSoC5/QuadDec_1.c **** void QuadDec_1_Init(void) 
  43:Generated_Source\PSoC5/QuadDec_1.c **** {
  34              		.loc 1 43 0
  35              		.cfi_startproc
  36              		@ args = 0, pretend = 0, frame = 0
  37              		@ frame_needed = 1, uses_anonymous_args = 0
  38              		@ link register save eliminated.
  39 0000 80B4     		push	{r7}
  40              		.cfi_def_cfa_offset 4
  41              		.cfi_offset 7, -4
  42 0002 00AF     		add	r7, sp, #0
  43              		.cfi_def_cfa_register 7
  44:Generated_Source\PSoC5/QuadDec_1.c ****     #if (QuadDec_1_COUNTER_SIZE == QuadDec_1_COUNTER_SIZE_32_BIT)
  45:Generated_Source\PSoC5/QuadDec_1.c ****         /* Disable Interrupt. */
  46:Generated_Source\PSoC5/QuadDec_1.c ****         CyIntDisable(QuadDec_1_ISR_NUMBER);
  47:Generated_Source\PSoC5/QuadDec_1.c ****         /* Set the ISR to point to the QuadDec_1_isr Interrupt. */
  48:Generated_Source\PSoC5/QuadDec_1.c ****         (void) CyIntSetVector(QuadDec_1_ISR_NUMBER, & QuadDec_1_ISR);
  49:Generated_Source\PSoC5/QuadDec_1.c ****         /* Set the priority. */
  50:Generated_Source\PSoC5/QuadDec_1.c ****         CyIntSetPriority(QuadDec_1_ISR_NUMBER, QuadDec_1_ISR_PRIORITY);
  51:Generated_Source\PSoC5/QuadDec_1.c ****     #endif /* QuadDec_1_COUNTER_SIZE == QuadDec_1_COUNTER_SIZE_32_BIT */
  52:Generated_Source\PSoC5/QuadDec_1.c **** }
  44              		.loc 1 52 0
  45 0004 00BF     		nop
  46 0006 BD46     		mov	sp, r7
  47              		.cfi_def_cfa_register 13
  48              		@ sp needed
  49 0008 80BC     		pop	{r7}
  50              		.cfi_restore 7
  51              		.cfi_def_cfa_offset 0
  52 000a 7047     		bx	lr
  53              		.cfi_endproc
  54              	.LFE0:
  55              		.size	QuadDec_1_Init, .-QuadDec_1_Init
  56              		.section	.text.QuadDec_1_Enable,"ax",%progbits
  57              		.align	2
  58              		.global	QuadDec_1_Enable
  59              		.thumb
  60              		.thumb_func
  61              		.type	QuadDec_1_Enable, %function
  62              	QuadDec_1_Enable:
ARM GAS  C:\Users\JEFFSN~1\AppData\Local\Temp\cc5YaRem.s 			page 3


  63              	.LFB1:
  53:Generated_Source\PSoC5/QuadDec_1.c **** 
  54:Generated_Source\PSoC5/QuadDec_1.c **** 
  55:Generated_Source\PSoC5/QuadDec_1.c **** /*******************************************************************************
  56:Generated_Source\PSoC5/QuadDec_1.c **** * Function Name: QuadDec_1_Enable
  57:Generated_Source\PSoC5/QuadDec_1.c **** ********************************************************************************
  58:Generated_Source\PSoC5/QuadDec_1.c **** *
  59:Generated_Source\PSoC5/QuadDec_1.c **** * Summary:
  60:Generated_Source\PSoC5/QuadDec_1.c **** *  This function enable interrupts from Component and also enable Component's
  61:Generated_Source\PSoC5/QuadDec_1.c **** *  ISR in case of 32-bit counter.
  62:Generated_Source\PSoC5/QuadDec_1.c **** *
  63:Generated_Source\PSoC5/QuadDec_1.c **** * Parameters:
  64:Generated_Source\PSoC5/QuadDec_1.c **** *  None.
  65:Generated_Source\PSoC5/QuadDec_1.c **** *
  66:Generated_Source\PSoC5/QuadDec_1.c **** * Return:
  67:Generated_Source\PSoC5/QuadDec_1.c **** *  None.
  68:Generated_Source\PSoC5/QuadDec_1.c **** *
  69:Generated_Source\PSoC5/QuadDec_1.c **** *******************************************************************************/
  70:Generated_Source\PSoC5/QuadDec_1.c **** void QuadDec_1_Enable(void) 
  71:Generated_Source\PSoC5/QuadDec_1.c **** {
  64              		.loc 1 71 0
  65              		.cfi_startproc
  66              		@ args = 0, pretend = 0, frame = 8
  67              		@ frame_needed = 1, uses_anonymous_args = 0
  68 0000 80B5     		push	{r7, lr}
  69              		.cfi_def_cfa_offset 8
  70              		.cfi_offset 7, -8
  71              		.cfi_offset 14, -4
  72 0002 82B0     		sub	sp, sp, #8
  73              		.cfi_def_cfa_offset 16
  74 0004 00AF     		add	r7, sp, #0
  75              		.cfi_def_cfa_register 7
  72:Generated_Source\PSoC5/QuadDec_1.c ****     uint8 enableInterrupts;
  73:Generated_Source\PSoC5/QuadDec_1.c **** 
  74:Generated_Source\PSoC5/QuadDec_1.c ****     QuadDec_1_SetInterruptMask(QuadDec_1_INIT_INT_MASK);
  76              		.loc 1 74 0
  77 0006 0F20     		movs	r0, #15
  78 0008 FFF7FEFF 		bl	QuadDec_1_SetInterruptMask
  75:Generated_Source\PSoC5/QuadDec_1.c **** 
  76:Generated_Source\PSoC5/QuadDec_1.c ****     /* Clear pending interrupts. */
  77:Generated_Source\PSoC5/QuadDec_1.c ****     (void) QuadDec_1_GetEvents();
  79              		.loc 1 77 0
  80 000c FFF7FEFF 		bl	QuadDec_1_GetEvents
  78:Generated_Source\PSoC5/QuadDec_1.c ****     
  79:Generated_Source\PSoC5/QuadDec_1.c ****     enableInterrupts = CyEnterCriticalSection();
  81              		.loc 1 79 0
  82 0010 FFF7FEFF 		bl	CyEnterCriticalSection
  83 0014 0346     		mov	r3, r0
  84 0016 FB71     		strb	r3, [r7, #7]
  80:Generated_Source\PSoC5/QuadDec_1.c **** 
  81:Generated_Source\PSoC5/QuadDec_1.c ****     /* Enable interrupts from Statusi register */
  82:Generated_Source\PSoC5/QuadDec_1.c ****     QuadDec_1_SR_AUX_CONTROL |= QuadDec_1_INTERRUPTS_ENABLE;
  85              		.loc 1 82 0
  86 0018 074A     		ldr	r2, .L3
  87 001a 074B     		ldr	r3, .L3
  88 001c 1B78     		ldrb	r3, [r3]
  89 001e DBB2     		uxtb	r3, r3
ARM GAS  C:\Users\JEFFSN~1\AppData\Local\Temp\cc5YaRem.s 			page 4


  90 0020 43F01003 		orr	r3, r3, #16
  91 0024 DBB2     		uxtb	r3, r3
  92 0026 1370     		strb	r3, [r2]
  83:Generated_Source\PSoC5/QuadDec_1.c **** 
  84:Generated_Source\PSoC5/QuadDec_1.c ****     CyExitCriticalSection(enableInterrupts);        
  93              		.loc 1 84 0
  94 0028 FB79     		ldrb	r3, [r7, #7]	@ zero_extendqisi2
  95 002a 1846     		mov	r0, r3
  96 002c FFF7FEFF 		bl	CyExitCriticalSection
  85:Generated_Source\PSoC5/QuadDec_1.c **** 
  86:Generated_Source\PSoC5/QuadDec_1.c ****     #if (QuadDec_1_COUNTER_SIZE == QuadDec_1_COUNTER_SIZE_32_BIT)
  87:Generated_Source\PSoC5/QuadDec_1.c ****         /* Enable Component interrupts */
  88:Generated_Source\PSoC5/QuadDec_1.c ****         CyIntEnable(QuadDec_1_ISR_NUMBER);
  89:Generated_Source\PSoC5/QuadDec_1.c ****     #endif /* QuadDec_1_COUNTER_SIZE == QuadDec_1_COUNTER_SIZE_32_BIT */
  90:Generated_Source\PSoC5/QuadDec_1.c **** }
  97              		.loc 1 90 0
  98 0030 00BF     		nop
  99 0032 0837     		adds	r7, r7, #8
 100              		.cfi_def_cfa_offset 8
 101 0034 BD46     		mov	sp, r7
 102              		.cfi_def_cfa_register 13
 103              		@ sp needed
 104 0036 80BD     		pop	{r7, pc}
 105              	.L4:
 106              		.align	2
 107              	.L3:
 108 0038 98640040 		.word	1073767576
 109              		.cfi_endproc
 110              	.LFE1:
 111              		.size	QuadDec_1_Enable, .-QuadDec_1_Enable
 112              		.section	.text.QuadDec_1_Start,"ax",%progbits
 113              		.align	2
 114              		.global	QuadDec_1_Start
 115              		.thumb
 116              		.thumb_func
 117              		.type	QuadDec_1_Start, %function
 118              	QuadDec_1_Start:
 119              	.LFB2:
  91:Generated_Source\PSoC5/QuadDec_1.c **** 
  92:Generated_Source\PSoC5/QuadDec_1.c **** 
  93:Generated_Source\PSoC5/QuadDec_1.c **** /*******************************************************************************
  94:Generated_Source\PSoC5/QuadDec_1.c **** * Function Name: QuadDec_1_Start
  95:Generated_Source\PSoC5/QuadDec_1.c **** ********************************************************************************
  96:Generated_Source\PSoC5/QuadDec_1.c **** *
  97:Generated_Source\PSoC5/QuadDec_1.c **** * Summary:
  98:Generated_Source\PSoC5/QuadDec_1.c **** *  Initializes UDBs and other relevant hardware.
  99:Generated_Source\PSoC5/QuadDec_1.c **** *  Resets counter, enables or disables all relevant interrupts.
 100:Generated_Source\PSoC5/QuadDec_1.c **** *  Starts monitoring the inputs and counting.
 101:Generated_Source\PSoC5/QuadDec_1.c **** *
 102:Generated_Source\PSoC5/QuadDec_1.c **** * Parameters:
 103:Generated_Source\PSoC5/QuadDec_1.c **** *  None.
 104:Generated_Source\PSoC5/QuadDec_1.c **** *
 105:Generated_Source\PSoC5/QuadDec_1.c **** * Return:
 106:Generated_Source\PSoC5/QuadDec_1.c **** *  None.
 107:Generated_Source\PSoC5/QuadDec_1.c **** *
 108:Generated_Source\PSoC5/QuadDec_1.c **** * Global variables:
 109:Generated_Source\PSoC5/QuadDec_1.c **** *  QuadDec_1_initVar - used to check initial configuration, modified on
ARM GAS  C:\Users\JEFFSN~1\AppData\Local\Temp\cc5YaRem.s 			page 5


 110:Generated_Source\PSoC5/QuadDec_1.c **** *  first function call.
 111:Generated_Source\PSoC5/QuadDec_1.c **** *
 112:Generated_Source\PSoC5/QuadDec_1.c **** * Reentrant:
 113:Generated_Source\PSoC5/QuadDec_1.c **** *  No.
 114:Generated_Source\PSoC5/QuadDec_1.c **** *
 115:Generated_Source\PSoC5/QuadDec_1.c **** *******************************************************************************/
 116:Generated_Source\PSoC5/QuadDec_1.c **** void QuadDec_1_Start(void) 
 117:Generated_Source\PSoC5/QuadDec_1.c **** {
 120              		.loc 1 117 0
 121              		.cfi_startproc
 122              		@ args = 0, pretend = 0, frame = 0
 123              		@ frame_needed = 1, uses_anonymous_args = 0
 124 0000 80B5     		push	{r7, lr}
 125              		.cfi_def_cfa_offset 8
 126              		.cfi_offset 7, -8
 127              		.cfi_offset 14, -4
 128 0002 00AF     		add	r7, sp, #0
 129              		.cfi_def_cfa_register 7
 118:Generated_Source\PSoC5/QuadDec_1.c ****     #if (QuadDec_1_COUNTER_SIZE == QuadDec_1_COUNTER_SIZE_8_BIT)
 119:Generated_Source\PSoC5/QuadDec_1.c ****         QuadDec_1_Cnt8_Start();
 130              		.loc 1 119 0
 131 0004 FFF7FEFF 		bl	QuadDec_1_Cnt8_Start
 120:Generated_Source\PSoC5/QuadDec_1.c ****         QuadDec_1_Cnt8_WriteCounter(QuadDec_1_COUNTER_INIT_VALUE);
 132              		.loc 1 120 0
 133 0008 8020     		movs	r0, #128
 134 000a FFF7FEFF 		bl	QuadDec_1_Cnt8_WriteCounter
 121:Generated_Source\PSoC5/QuadDec_1.c ****     #else
 122:Generated_Source\PSoC5/QuadDec_1.c ****         /* (QuadDec_1_COUNTER_SIZE == QuadDec_1_COUNTER_SIZE_16_BIT) || 
 123:Generated_Source\PSoC5/QuadDec_1.c ****         *  (QuadDec_1_COUNTER_SIZE == QuadDec_1_COUNTER_SIZE_32_BIT) 
 124:Generated_Source\PSoC5/QuadDec_1.c ****         */
 125:Generated_Source\PSoC5/QuadDec_1.c ****         QuadDec_1_Cnt16_Start();
 126:Generated_Source\PSoC5/QuadDec_1.c ****         QuadDec_1_Cnt16_WriteCounter(QuadDec_1_COUNTER_INIT_VALUE);
 127:Generated_Source\PSoC5/QuadDec_1.c ****     #endif /* QuadDec_1_COUNTER_SIZE == QuadDec_1_COUNTER_SIZE_8_BIT */
 128:Generated_Source\PSoC5/QuadDec_1.c ****     
 129:Generated_Source\PSoC5/QuadDec_1.c ****     #if (QuadDec_1_COUNTER_SIZE == QuadDec_1_COUNTER_SIZE_32_BIT)        
 130:Generated_Source\PSoC5/QuadDec_1.c ****        QuadDec_1_count32SoftPart = 0;
 131:Generated_Source\PSoC5/QuadDec_1.c ****     #endif /* QuadDec_1_COUNTER_SIZE == QuadDec_1_COUNTER_SIZE_32_BIT */
 132:Generated_Source\PSoC5/QuadDec_1.c **** 
 133:Generated_Source\PSoC5/QuadDec_1.c ****     if (QuadDec_1_initVar == 0u)
 135              		.loc 1 133 0
 136 000e 064B     		ldr	r3, .L7
 137 0010 1B78     		ldrb	r3, [r3]	@ zero_extendqisi2
 138 0012 002B     		cmp	r3, #0
 139 0014 04D1     		bne	.L6
 134:Generated_Source\PSoC5/QuadDec_1.c ****     {
 135:Generated_Source\PSoC5/QuadDec_1.c ****         QuadDec_1_Init();
 140              		.loc 1 135 0
 141 0016 FFF7FEFF 		bl	QuadDec_1_Init
 136:Generated_Source\PSoC5/QuadDec_1.c ****         QuadDec_1_initVar = 1u;
 142              		.loc 1 136 0
 143 001a 034B     		ldr	r3, .L7
 144 001c 0122     		movs	r2, #1
 145 001e 1A70     		strb	r2, [r3]
 146              	.L6:
 137:Generated_Source\PSoC5/QuadDec_1.c ****     }
 138:Generated_Source\PSoC5/QuadDec_1.c **** 
 139:Generated_Source\PSoC5/QuadDec_1.c ****     QuadDec_1_Enable();
ARM GAS  C:\Users\JEFFSN~1\AppData\Local\Temp\cc5YaRem.s 			page 6


 147              		.loc 1 139 0
 148 0020 FFF7FEFF 		bl	QuadDec_1_Enable
 140:Generated_Source\PSoC5/QuadDec_1.c **** }
 149              		.loc 1 140 0
 150 0024 00BF     		nop
 151 0026 80BD     		pop	{r7, pc}
 152              	.L8:
 153              		.align	2
 154              	.L7:
 155 0028 00000000 		.word	QuadDec_1_initVar
 156              		.cfi_endproc
 157              	.LFE2:
 158              		.size	QuadDec_1_Start, .-QuadDec_1_Start
 159              		.section	.text.QuadDec_1_Stop,"ax",%progbits
 160              		.align	2
 161              		.global	QuadDec_1_Stop
 162              		.thumb
 163              		.thumb_func
 164              		.type	QuadDec_1_Stop, %function
 165              	QuadDec_1_Stop:
 166              	.LFB3:
 141:Generated_Source\PSoC5/QuadDec_1.c **** 
 142:Generated_Source\PSoC5/QuadDec_1.c **** 
 143:Generated_Source\PSoC5/QuadDec_1.c **** /*******************************************************************************
 144:Generated_Source\PSoC5/QuadDec_1.c **** * Function Name: QuadDec_1_Stop
 145:Generated_Source\PSoC5/QuadDec_1.c **** ********************************************************************************
 146:Generated_Source\PSoC5/QuadDec_1.c **** *
 147:Generated_Source\PSoC5/QuadDec_1.c **** * Summary:
 148:Generated_Source\PSoC5/QuadDec_1.c **** *  Turns off UDBs and other relevant hardware.
 149:Generated_Source\PSoC5/QuadDec_1.c **** *
 150:Generated_Source\PSoC5/QuadDec_1.c **** * Parameters:
 151:Generated_Source\PSoC5/QuadDec_1.c **** *  None.
 152:Generated_Source\PSoC5/QuadDec_1.c **** *
 153:Generated_Source\PSoC5/QuadDec_1.c **** * Return:
 154:Generated_Source\PSoC5/QuadDec_1.c **** *  None.
 155:Generated_Source\PSoC5/QuadDec_1.c **** *
 156:Generated_Source\PSoC5/QuadDec_1.c **** *******************************************************************************/
 157:Generated_Source\PSoC5/QuadDec_1.c **** void QuadDec_1_Stop(void) 
 158:Generated_Source\PSoC5/QuadDec_1.c **** {
 167              		.loc 1 158 0
 168              		.cfi_startproc
 169              		@ args = 0, pretend = 0, frame = 8
 170              		@ frame_needed = 1, uses_anonymous_args = 0
 171 0000 80B5     		push	{r7, lr}
 172              		.cfi_def_cfa_offset 8
 173              		.cfi_offset 7, -8
 174              		.cfi_offset 14, -4
 175 0002 82B0     		sub	sp, sp, #8
 176              		.cfi_def_cfa_offset 16
 177 0004 00AF     		add	r7, sp, #0
 178              		.cfi_def_cfa_register 7
 159:Generated_Source\PSoC5/QuadDec_1.c ****     uint8 enableInterrupts;
 160:Generated_Source\PSoC5/QuadDec_1.c **** 
 161:Generated_Source\PSoC5/QuadDec_1.c ****     #if (QuadDec_1_COUNTER_SIZE == QuadDec_1_COUNTER_SIZE_8_BIT)
 162:Generated_Source\PSoC5/QuadDec_1.c ****         QuadDec_1_Cnt8_Stop();
 179              		.loc 1 162 0
 180 0006 FFF7FEFF 		bl	QuadDec_1_Cnt8_Stop
ARM GAS  C:\Users\JEFFSN~1\AppData\Local\Temp\cc5YaRem.s 			page 7


 163:Generated_Source\PSoC5/QuadDec_1.c ****     #else 
 164:Generated_Source\PSoC5/QuadDec_1.c ****         /* (QuadDec_1_COUNTER_SIZE == QuadDec_1_COUNTER_SIZE_16_BIT) ||
 165:Generated_Source\PSoC5/QuadDec_1.c ****         *  (QuadDec_1_COUNTER_SIZE == QuadDec_1_COUNTER_SIZE_32_BIT)
 166:Generated_Source\PSoC5/QuadDec_1.c ****         */
 167:Generated_Source\PSoC5/QuadDec_1.c ****         QuadDec_1_Cnt16_Stop();    /* counter disable */
 168:Generated_Source\PSoC5/QuadDec_1.c ****     #endif /* (QuadDec_1_COUNTER_SIZE == QuadDec_1_COUNTER_SIZE_8_BIT) */
 169:Generated_Source\PSoC5/QuadDec_1.c ****  
 170:Generated_Source\PSoC5/QuadDec_1.c ****     enableInterrupts = CyEnterCriticalSection();
 181              		.loc 1 170 0
 182 000a FFF7FEFF 		bl	CyEnterCriticalSection
 183 000e 0346     		mov	r3, r0
 184 0010 FB71     		strb	r3, [r7, #7]
 171:Generated_Source\PSoC5/QuadDec_1.c **** 
 172:Generated_Source\PSoC5/QuadDec_1.c ****     /* Disable interrupts interrupts from Statusi register */
 173:Generated_Source\PSoC5/QuadDec_1.c ****     QuadDec_1_SR_AUX_CONTROL &= (uint8) (~QuadDec_1_INTERRUPTS_ENABLE);
 185              		.loc 1 173 0
 186 0012 084A     		ldr	r2, .L10
 187 0014 074B     		ldr	r3, .L10
 188 0016 1B78     		ldrb	r3, [r3]
 189 0018 DBB2     		uxtb	r3, r3
 190 001a 23F01003 		bic	r3, r3, #16
 191 001e DBB2     		uxtb	r3, r3
 192 0020 1370     		strb	r3, [r2]
 174:Generated_Source\PSoC5/QuadDec_1.c **** 
 175:Generated_Source\PSoC5/QuadDec_1.c ****     CyExitCriticalSection(enableInterrupts);
 193              		.loc 1 175 0
 194 0022 FB79     		ldrb	r3, [r7, #7]	@ zero_extendqisi2
 195 0024 1846     		mov	r0, r3
 196 0026 FFF7FEFF 		bl	CyExitCriticalSection
 176:Generated_Source\PSoC5/QuadDec_1.c **** 
 177:Generated_Source\PSoC5/QuadDec_1.c ****     #if (QuadDec_1_COUNTER_SIZE == QuadDec_1_COUNTER_SIZE_32_BIT)
 178:Generated_Source\PSoC5/QuadDec_1.c ****         CyIntDisable(QuadDec_1_ISR_NUMBER);    /* interrupt disable */
 179:Generated_Source\PSoC5/QuadDec_1.c ****     #endif /* QuadDec_1_COUNTER_SIZE == QuadDec_1_COUNTER_SIZE_32_BIT */
 180:Generated_Source\PSoC5/QuadDec_1.c **** }
 197              		.loc 1 180 0
 198 002a 00BF     		nop
 199 002c 0837     		adds	r7, r7, #8
 200              		.cfi_def_cfa_offset 8
 201 002e BD46     		mov	sp, r7
 202              		.cfi_def_cfa_register 13
 203              		@ sp needed
 204 0030 80BD     		pop	{r7, pc}
 205              	.L11:
 206 0032 00BF     		.align	2
 207              	.L10:
 208 0034 98640040 		.word	1073767576
 209              		.cfi_endproc
 210              	.LFE3:
 211              		.size	QuadDec_1_Stop, .-QuadDec_1_Stop
 212              		.section	.text.QuadDec_1_GetCounter,"ax",%progbits
 213              		.align	2
 214              		.global	QuadDec_1_GetCounter
 215              		.thumb
 216              		.thumb_func
 217              		.type	QuadDec_1_GetCounter, %function
 218              	QuadDec_1_GetCounter:
 219              	.LFB4:
ARM GAS  C:\Users\JEFFSN~1\AppData\Local\Temp\cc5YaRem.s 			page 8


 181:Generated_Source\PSoC5/QuadDec_1.c **** 
 182:Generated_Source\PSoC5/QuadDec_1.c **** 
 183:Generated_Source\PSoC5/QuadDec_1.c **** /*******************************************************************************
 184:Generated_Source\PSoC5/QuadDec_1.c **** * Function Name: QuadDec_1_GetCounter
 185:Generated_Source\PSoC5/QuadDec_1.c **** ********************************************************************************
 186:Generated_Source\PSoC5/QuadDec_1.c **** *
 187:Generated_Source\PSoC5/QuadDec_1.c **** * Summary:
 188:Generated_Source\PSoC5/QuadDec_1.c **** *  Reports the current value of the counter.
 189:Generated_Source\PSoC5/QuadDec_1.c **** *
 190:Generated_Source\PSoC5/QuadDec_1.c **** * Parameters:
 191:Generated_Source\PSoC5/QuadDec_1.c **** *  None.
 192:Generated_Source\PSoC5/QuadDec_1.c **** *
 193:Generated_Source\PSoC5/QuadDec_1.c **** * Return:
 194:Generated_Source\PSoC5/QuadDec_1.c **** *  The counter value. Return type is signed and per the counter size setting.
 195:Generated_Source\PSoC5/QuadDec_1.c **** *  A positive value indicates clockwise movement (B before A).
 196:Generated_Source\PSoC5/QuadDec_1.c **** *
 197:Generated_Source\PSoC5/QuadDec_1.c **** * Global variables:
 198:Generated_Source\PSoC5/QuadDec_1.c **** *  QuadDec_1_count32SoftPart - used to get hi 16 bit for current value
 199:Generated_Source\PSoC5/QuadDec_1.c **** *  of the 32-bit counter, when Counter size equal 32-bit.
 200:Generated_Source\PSoC5/QuadDec_1.c **** *
 201:Generated_Source\PSoC5/QuadDec_1.c **** *******************************************************************************/
 202:Generated_Source\PSoC5/QuadDec_1.c **** int8 QuadDec_1_GetCounter(void) 
 203:Generated_Source\PSoC5/QuadDec_1.c **** {
 220              		.loc 1 203 0
 221              		.cfi_startproc
 222              		@ args = 0, pretend = 0, frame = 8
 223              		@ frame_needed = 1, uses_anonymous_args = 0
 224 0000 80B5     		push	{r7, lr}
 225              		.cfi_def_cfa_offset 8
 226              		.cfi_offset 7, -8
 227              		.cfi_offset 14, -4
 228 0002 82B0     		sub	sp, sp, #8
 229              		.cfi_def_cfa_offset 16
 230 0004 00AF     		add	r7, sp, #0
 231              		.cfi_def_cfa_register 7
 204:Generated_Source\PSoC5/QuadDec_1.c ****     int8 count;
 205:Generated_Source\PSoC5/QuadDec_1.c ****     uint8 tmpCnt;
 206:Generated_Source\PSoC5/QuadDec_1.c **** 
 207:Generated_Source\PSoC5/QuadDec_1.c ****     #if (QuadDec_1_COUNTER_SIZE == QuadDec_1_COUNTER_SIZE_32_BIT)
 208:Generated_Source\PSoC5/QuadDec_1.c ****         int16 hwCount;
 209:Generated_Source\PSoC5/QuadDec_1.c **** 
 210:Generated_Source\PSoC5/QuadDec_1.c ****         CyIntDisable(QuadDec_1_ISR_NUMBER);
 211:Generated_Source\PSoC5/QuadDec_1.c **** 
 212:Generated_Source\PSoC5/QuadDec_1.c ****         tmpCnt = QuadDec_1_Cnt16_ReadCounter();
 213:Generated_Source\PSoC5/QuadDec_1.c ****         hwCount = (int16) ((int32) tmpCnt - (int32) QuadDec_1_COUNTER_INIT_VALUE);
 214:Generated_Source\PSoC5/QuadDec_1.c ****         count = QuadDec_1_count32SoftPart + hwCount;
 215:Generated_Source\PSoC5/QuadDec_1.c **** 
 216:Generated_Source\PSoC5/QuadDec_1.c ****         CyIntEnable(QuadDec_1_ISR_NUMBER);
 217:Generated_Source\PSoC5/QuadDec_1.c ****     #else 
 218:Generated_Source\PSoC5/QuadDec_1.c ****         /* (QuadDec_1_COUNTER_SIZE == QuadDec_1_COUNTER_SIZE_8_BIT) || 
 219:Generated_Source\PSoC5/QuadDec_1.c ****         *  (QuadDec_1_COUNTER_SIZE == QuadDec_1_COUNTER_SIZE_16_BIT)
 220:Generated_Source\PSoC5/QuadDec_1.c ****         */
 221:Generated_Source\PSoC5/QuadDec_1.c ****         #if (QuadDec_1_COUNTER_SIZE == QuadDec_1_COUNTER_SIZE_8_BIT)
 222:Generated_Source\PSoC5/QuadDec_1.c ****             tmpCnt = QuadDec_1_Cnt8_ReadCounter();
 232              		.loc 1 222 0
 233 0006 FFF7FEFF 		bl	QuadDec_1_Cnt8_ReadCounter
 234 000a 0346     		mov	r3, r0
ARM GAS  C:\Users\JEFFSN~1\AppData\Local\Temp\cc5YaRem.s 			page 9


 235 000c FB71     		strb	r3, [r7, #7]
 223:Generated_Source\PSoC5/QuadDec_1.c ****         #else /* (QuadDec_1_COUNTER_SIZE == QuadDec_1_COUNTER_SIZE_16_BIT) */
 224:Generated_Source\PSoC5/QuadDec_1.c ****             tmpCnt = QuadDec_1_Cnt16_ReadCounter();
 225:Generated_Source\PSoC5/QuadDec_1.c ****         #endif  /* QuadDec_1_COUNTER_SIZE == QuadDec_1_COUNTER_SIZE_8_BIT */
 226:Generated_Source\PSoC5/QuadDec_1.c **** 
 227:Generated_Source\PSoC5/QuadDec_1.c ****         count = (int8) ((int16) tmpCnt -
 236              		.loc 1 227 0
 237 000e FB79     		ldrb	r3, [r7, #7]
 238 0010 803B     		subs	r3, r3, #128
 239 0012 DBB2     		uxtb	r3, r3
 240 0014 BB71     		strb	r3, [r7, #6]
 228:Generated_Source\PSoC5/QuadDec_1.c ****                 (int16) QuadDec_1_COUNTER_INIT_VALUE);
 229:Generated_Source\PSoC5/QuadDec_1.c **** 
 230:Generated_Source\PSoC5/QuadDec_1.c ****     #endif /* QuadDec_1_COUNTER_SIZE == QuadDec_1_COUNTER_SIZE_32_BIT */ 
 231:Generated_Source\PSoC5/QuadDec_1.c **** 
 232:Generated_Source\PSoC5/QuadDec_1.c ****     return (count);
 241              		.loc 1 232 0
 242 0016 97F90630 		ldrsb	r3, [r7, #6]
 233:Generated_Source\PSoC5/QuadDec_1.c **** }
 243              		.loc 1 233 0
 244 001a 1846     		mov	r0, r3
 245 001c 0837     		adds	r7, r7, #8
 246              		.cfi_def_cfa_offset 8
 247 001e BD46     		mov	sp, r7
 248              		.cfi_def_cfa_register 13
 249              		@ sp needed
 250 0020 80BD     		pop	{r7, pc}
 251              		.cfi_endproc
 252              	.LFE4:
 253              		.size	QuadDec_1_GetCounter, .-QuadDec_1_GetCounter
 254 0022 00BF     		.section	.text.QuadDec_1_SetCounter,"ax",%progbits
 255              		.align	2
 256              		.global	QuadDec_1_SetCounter
 257              		.thumb
 258              		.thumb_func
 259              		.type	QuadDec_1_SetCounter, %function
 260              	QuadDec_1_SetCounter:
 261              	.LFB5:
 234:Generated_Source\PSoC5/QuadDec_1.c **** 
 235:Generated_Source\PSoC5/QuadDec_1.c **** 
 236:Generated_Source\PSoC5/QuadDec_1.c **** /*******************************************************************************
 237:Generated_Source\PSoC5/QuadDec_1.c **** * Function Name: QuadDec_1_SetCounter
 238:Generated_Source\PSoC5/QuadDec_1.c **** ********************************************************************************
 239:Generated_Source\PSoC5/QuadDec_1.c **** *
 240:Generated_Source\PSoC5/QuadDec_1.c **** * Summary:
 241:Generated_Source\PSoC5/QuadDec_1.c **** *  Sets the current value of the counter.
 242:Generated_Source\PSoC5/QuadDec_1.c **** *
 243:Generated_Source\PSoC5/QuadDec_1.c **** * Parameters:
 244:Generated_Source\PSoC5/QuadDec_1.c **** *  value:  The new value. Parameter type is signed and per the counter size
 245:Generated_Source\PSoC5/QuadDec_1.c **** *  setting.
 246:Generated_Source\PSoC5/QuadDec_1.c **** *
 247:Generated_Source\PSoC5/QuadDec_1.c **** * Return:
 248:Generated_Source\PSoC5/QuadDec_1.c **** *  None.
 249:Generated_Source\PSoC5/QuadDec_1.c **** *
 250:Generated_Source\PSoC5/QuadDec_1.c **** * Global variables:
 251:Generated_Source\PSoC5/QuadDec_1.c **** *  QuadDec_1_count32SoftPart - modified to set hi 16 bit for current
 252:Generated_Source\PSoC5/QuadDec_1.c **** *  value of the 32-bit counter, when Counter size equal 32-bit.
ARM GAS  C:\Users\JEFFSN~1\AppData\Local\Temp\cc5YaRem.s 			page 10


 253:Generated_Source\PSoC5/QuadDec_1.c **** *
 254:Generated_Source\PSoC5/QuadDec_1.c **** * Reentrant:
 255:Generated_Source\PSoC5/QuadDec_1.c **** *  No.
 256:Generated_Source\PSoC5/QuadDec_1.c **** *
 257:Generated_Source\PSoC5/QuadDec_1.c **** *******************************************************************************/
 258:Generated_Source\PSoC5/QuadDec_1.c **** void QuadDec_1_SetCounter(int8 value) 
 259:Generated_Source\PSoC5/QuadDec_1.c **** {
 262              		.loc 1 259 0
 263              		.cfi_startproc
 264              		@ args = 0, pretend = 0, frame = 16
 265              		@ frame_needed = 1, uses_anonymous_args = 0
 266 0000 80B5     		push	{r7, lr}
 267              		.cfi_def_cfa_offset 8
 268              		.cfi_offset 7, -8
 269              		.cfi_offset 14, -4
 270 0002 84B0     		sub	sp, sp, #16
 271              		.cfi_def_cfa_offset 24
 272 0004 00AF     		add	r7, sp, #0
 273              		.cfi_def_cfa_register 7
 274 0006 0346     		mov	r3, r0
 275 0008 FB71     		strb	r3, [r7, #7]
 260:Generated_Source\PSoC5/QuadDec_1.c ****     #if ((QuadDec_1_COUNTER_SIZE == QuadDec_1_COUNTER_SIZE_8_BIT) || \
 261:Generated_Source\PSoC5/QuadDec_1.c ****          (QuadDec_1_COUNTER_SIZE == QuadDec_1_COUNTER_SIZE_16_BIT))
 262:Generated_Source\PSoC5/QuadDec_1.c ****         uint8 count;
 263:Generated_Source\PSoC5/QuadDec_1.c ****         
 264:Generated_Source\PSoC5/QuadDec_1.c ****         if (value >= 0)
 276              		.loc 1 264 0
 277 000a 97F90730 		ldrsb	r3, [r7, #7]
 278 000e 002B     		cmp	r3, #0
 279 0010 03DB     		blt	.L15
 265:Generated_Source\PSoC5/QuadDec_1.c ****         {
 266:Generated_Source\PSoC5/QuadDec_1.c ****             count = (uint8) value + QuadDec_1_COUNTER_INIT_VALUE;
 280              		.loc 1 266 0
 281 0012 FB79     		ldrb	r3, [r7, #7]	@ zero_extendqisi2
 282 0014 803B     		subs	r3, r3, #128
 283 0016 FB73     		strb	r3, [r7, #15]
 284 0018 02E0     		b	.L16
 285              	.L15:
 267:Generated_Source\PSoC5/QuadDec_1.c ****         }
 268:Generated_Source\PSoC5/QuadDec_1.c ****         else
 269:Generated_Source\PSoC5/QuadDec_1.c ****         {
 270:Generated_Source\PSoC5/QuadDec_1.c ****             count = QuadDec_1_COUNTER_INIT_VALUE - (uint8)(-value);
 286              		.loc 1 270 0
 287 001a FB79     		ldrb	r3, [r7, #7]	@ zero_extendqisi2
 288 001c 803B     		subs	r3, r3, #128
 289 001e FB73     		strb	r3, [r7, #15]
 290              	.L16:
 271:Generated_Source\PSoC5/QuadDec_1.c ****         }
 272:Generated_Source\PSoC5/QuadDec_1.c ****         #if (QuadDec_1_COUNTER_SIZE == QuadDec_1_COUNTER_SIZE_8_BIT)
 273:Generated_Source\PSoC5/QuadDec_1.c ****             QuadDec_1_Cnt8_WriteCounter(count);
 291              		.loc 1 273 0
 292 0020 FB7B     		ldrb	r3, [r7, #15]	@ zero_extendqisi2
 293 0022 1846     		mov	r0, r3
 294 0024 FFF7FEFF 		bl	QuadDec_1_Cnt8_WriteCounter
 274:Generated_Source\PSoC5/QuadDec_1.c ****         #else /* (QuadDec_1_COUNTER_SIZE == QuadDec_1_COUNTER_SIZE_16_BIT) */
 275:Generated_Source\PSoC5/QuadDec_1.c ****             QuadDec_1_Cnt16_WriteCounter(count);
 276:Generated_Source\PSoC5/QuadDec_1.c ****         #endif  /* QuadDec_1_COUNTER_SIZE == QuadDec_1_COUNTER_SIZE_8_BIT */
ARM GAS  C:\Users\JEFFSN~1\AppData\Local\Temp\cc5YaRem.s 			page 11


 277:Generated_Source\PSoC5/QuadDec_1.c ****     #else /* (QuadDec_1_COUNTER_SIZE == QuadDec_1_COUNTER_SIZE_32_BIT) */
 278:Generated_Source\PSoC5/QuadDec_1.c ****         CyIntDisable(QuadDec_1_ISR_NUMBER);
 279:Generated_Source\PSoC5/QuadDec_1.c **** 
 280:Generated_Source\PSoC5/QuadDec_1.c ****         QuadDec_1_Cnt16_WriteCounter(QuadDec_1_COUNTER_INIT_VALUE);
 281:Generated_Source\PSoC5/QuadDec_1.c ****         QuadDec_1_count32SoftPart = value;
 282:Generated_Source\PSoC5/QuadDec_1.c **** 
 283:Generated_Source\PSoC5/QuadDec_1.c ****         CyIntEnable(QuadDec_1_ISR_NUMBER);
 284:Generated_Source\PSoC5/QuadDec_1.c ****     #endif  /* (QuadDec_1_COUNTER_SIZE == QuadDec_1_COUNTER_SIZE_8_BIT) ||
 285:Generated_Source\PSoC5/QuadDec_1.c ****              * (QuadDec_1_COUNTER_SIZE == QuadDec_1_COUNTER_SIZE_16_BIT)
 286:Generated_Source\PSoC5/QuadDec_1.c ****              */
 287:Generated_Source\PSoC5/QuadDec_1.c **** }
 295              		.loc 1 287 0
 296 0028 00BF     		nop
 297 002a 1037     		adds	r7, r7, #16
 298              		.cfi_def_cfa_offset 8
 299 002c BD46     		mov	sp, r7
 300              		.cfi_def_cfa_register 13
 301              		@ sp needed
 302 002e 80BD     		pop	{r7, pc}
 303              		.cfi_endproc
 304              	.LFE5:
 305              		.size	QuadDec_1_SetCounter, .-QuadDec_1_SetCounter
 306              		.section	.text.QuadDec_1_GetEvents,"ax",%progbits
 307              		.align	2
 308              		.global	QuadDec_1_GetEvents
 309              		.thumb
 310              		.thumb_func
 311              		.type	QuadDec_1_GetEvents, %function
 312              	QuadDec_1_GetEvents:
 313              	.LFB6:
 288:Generated_Source\PSoC5/QuadDec_1.c **** 
 289:Generated_Source\PSoC5/QuadDec_1.c **** 
 290:Generated_Source\PSoC5/QuadDec_1.c **** /*******************************************************************************
 291:Generated_Source\PSoC5/QuadDec_1.c **** * Function Name: QuadDec_1_GetEvents
 292:Generated_Source\PSoC5/QuadDec_1.c **** ********************************************************************************
 293:Generated_Source\PSoC5/QuadDec_1.c **** * 
 294:Generated_Source\PSoC5/QuadDec_1.c **** * Summary:
 295:Generated_Source\PSoC5/QuadDec_1.c **** *   Reports the current status of events. This function clears the bits of the 
 296:Generated_Source\PSoC5/QuadDec_1.c **** *   status register.
 297:Generated_Source\PSoC5/QuadDec_1.c **** *
 298:Generated_Source\PSoC5/QuadDec_1.c **** * Parameters:
 299:Generated_Source\PSoC5/QuadDec_1.c **** *  None.
 300:Generated_Source\PSoC5/QuadDec_1.c **** *
 301:Generated_Source\PSoC5/QuadDec_1.c **** * Return:
 302:Generated_Source\PSoC5/QuadDec_1.c **** *  The events, as bits in an unsigned 8-bit value:
 303:Generated_Source\PSoC5/QuadDec_1.c **** *    Bit      Description
 304:Generated_Source\PSoC5/QuadDec_1.c **** *     0        Counter overflow.
 305:Generated_Source\PSoC5/QuadDec_1.c **** *     1        Counter underflow.
 306:Generated_Source\PSoC5/QuadDec_1.c **** *     2        Counter reset due to index, if index input is used.
 307:Generated_Source\PSoC5/QuadDec_1.c **** *     3        Invalid A, B inputs state transition.
 308:Generated_Source\PSoC5/QuadDec_1.c **** *
 309:Generated_Source\PSoC5/QuadDec_1.c **** *******************************************************************************/
 310:Generated_Source\PSoC5/QuadDec_1.c **** uint8 QuadDec_1_GetEvents(void) 
 311:Generated_Source\PSoC5/QuadDec_1.c **** {
 314              		.loc 1 311 0
 315              		.cfi_startproc
 316              		@ args = 0, pretend = 0, frame = 0
ARM GAS  C:\Users\JEFFSN~1\AppData\Local\Temp\cc5YaRem.s 			page 12


 317              		@ frame_needed = 1, uses_anonymous_args = 0
 318              		@ link register save eliminated.
 319 0000 80B4     		push	{r7}
 320              		.cfi_def_cfa_offset 4
 321              		.cfi_offset 7, -4
 322 0002 00AF     		add	r7, sp, #0
 323              		.cfi_def_cfa_register 7
 312:Generated_Source\PSoC5/QuadDec_1.c ****     return (QuadDec_1_STATUS_REG & QuadDec_1_INIT_INT_MASK);
 324              		.loc 1 312 0
 325 0004 044B     		ldr	r3, .L19
 326 0006 1B78     		ldrb	r3, [r3]
 327 0008 DBB2     		uxtb	r3, r3
 328 000a 03F00F03 		and	r3, r3, #15
 329 000e DBB2     		uxtb	r3, r3
 313:Generated_Source\PSoC5/QuadDec_1.c **** }
 330              		.loc 1 313 0
 331 0010 1846     		mov	r0, r3
 332 0012 BD46     		mov	sp, r7
 333              		.cfi_def_cfa_register 13
 334              		@ sp needed
 335 0014 80BC     		pop	{r7}
 336              		.cfi_restore 7
 337              		.cfi_def_cfa_offset 0
 338 0016 7047     		bx	lr
 339              	.L20:
 340              		.align	2
 341              	.L19:
 342 0018 68640040 		.word	1073767528
 343              		.cfi_endproc
 344              	.LFE6:
 345              		.size	QuadDec_1_GetEvents, .-QuadDec_1_GetEvents
 346              		.section	.text.QuadDec_1_SetInterruptMask,"ax",%progbits
 347              		.align	2
 348              		.global	QuadDec_1_SetInterruptMask
 349              		.thumb
 350              		.thumb_func
 351              		.type	QuadDec_1_SetInterruptMask, %function
 352              	QuadDec_1_SetInterruptMask:
 353              	.LFB7:
 314:Generated_Source\PSoC5/QuadDec_1.c **** 
 315:Generated_Source\PSoC5/QuadDec_1.c **** 
 316:Generated_Source\PSoC5/QuadDec_1.c **** /*******************************************************************************
 317:Generated_Source\PSoC5/QuadDec_1.c **** * Function Name: QuadDec_1_SetInterruptMask
 318:Generated_Source\PSoC5/QuadDec_1.c **** ********************************************************************************
 319:Generated_Source\PSoC5/QuadDec_1.c **** *
 320:Generated_Source\PSoC5/QuadDec_1.c **** * Summary:
 321:Generated_Source\PSoC5/QuadDec_1.c **** *  Enables / disables interrupts due to the events.
 322:Generated_Source\PSoC5/QuadDec_1.c **** *  For the 32-bit counter, the overflow, underflow and reset interrupts cannot
 323:Generated_Source\PSoC5/QuadDec_1.c **** *  be disabled, these bits are ignored.
 324:Generated_Source\PSoC5/QuadDec_1.c **** *
 325:Generated_Source\PSoC5/QuadDec_1.c **** * Parameters:
 326:Generated_Source\PSoC5/QuadDec_1.c **** *  mask: Enable / disable bits in an 8-bit value, where 1 enables the interrupt.
 327:Generated_Source\PSoC5/QuadDec_1.c **** *
 328:Generated_Source\PSoC5/QuadDec_1.c **** * Return:
 329:Generated_Source\PSoC5/QuadDec_1.c **** *  None.
 330:Generated_Source\PSoC5/QuadDec_1.c **** *
 331:Generated_Source\PSoC5/QuadDec_1.c **** *******************************************************************************/
ARM GAS  C:\Users\JEFFSN~1\AppData\Local\Temp\cc5YaRem.s 			page 13


 332:Generated_Source\PSoC5/QuadDec_1.c **** void QuadDec_1_SetInterruptMask(uint8 mask) 
 333:Generated_Source\PSoC5/QuadDec_1.c **** {
 354              		.loc 1 333 0
 355              		.cfi_startproc
 356              		@ args = 0, pretend = 0, frame = 8
 357              		@ frame_needed = 1, uses_anonymous_args = 0
 358              		@ link register save eliminated.
 359 0000 80B4     		push	{r7}
 360              		.cfi_def_cfa_offset 4
 361              		.cfi_offset 7, -4
 362 0002 83B0     		sub	sp, sp, #12
 363              		.cfi_def_cfa_offset 16
 364 0004 00AF     		add	r7, sp, #0
 365              		.cfi_def_cfa_register 7
 366 0006 0346     		mov	r3, r0
 367 0008 FB71     		strb	r3, [r7, #7]
 334:Generated_Source\PSoC5/QuadDec_1.c ****     #if (QuadDec_1_COUNTER_SIZE == QuadDec_1_COUNTER_SIZE_32_BIT)
 335:Generated_Source\PSoC5/QuadDec_1.c ****         /* Underflow, Overflow and Reset interrupts for 32-bit Counter are always enable */
 336:Generated_Source\PSoC5/QuadDec_1.c ****         mask |= (QuadDec_1_COUNTER_OVERFLOW | QuadDec_1_COUNTER_UNDERFLOW |
 337:Generated_Source\PSoC5/QuadDec_1.c ****                  QuadDec_1_COUNTER_RESET);
 338:Generated_Source\PSoC5/QuadDec_1.c ****     #endif /* QuadDec_1_COUNTER_SIZE == QuadDec_1_COUNTER_SIZE_32_BIT */
 339:Generated_Source\PSoC5/QuadDec_1.c **** 
 340:Generated_Source\PSoC5/QuadDec_1.c ****     QuadDec_1_STATUS_MASK = mask;
 368              		.loc 1 340 0
 369 000a 044A     		ldr	r2, .L22
 370 000c FB79     		ldrb	r3, [r7, #7]
 371 000e 1370     		strb	r3, [r2]
 341:Generated_Source\PSoC5/QuadDec_1.c **** }
 372              		.loc 1 341 0
 373 0010 00BF     		nop
 374 0012 0C37     		adds	r7, r7, #12
 375              		.cfi_def_cfa_offset 4
 376 0014 BD46     		mov	sp, r7
 377              		.cfi_def_cfa_register 13
 378              		@ sp needed
 379 0016 80BC     		pop	{r7}
 380              		.cfi_restore 7
 381              		.cfi_def_cfa_offset 0
 382 0018 7047     		bx	lr
 383              	.L23:
 384 001a 00BF     		.align	2
 385              	.L22:
 386 001c 88640040 		.word	1073767560
 387              		.cfi_endproc
 388              	.LFE7:
 389              		.size	QuadDec_1_SetInterruptMask, .-QuadDec_1_SetInterruptMask
 390              		.section	.text.QuadDec_1_GetInterruptMask,"ax",%progbits
 391              		.align	2
 392              		.global	QuadDec_1_GetInterruptMask
 393              		.thumb
 394              		.thumb_func
 395              		.type	QuadDec_1_GetInterruptMask, %function
 396              	QuadDec_1_GetInterruptMask:
 397              	.LFB8:
 342:Generated_Source\PSoC5/QuadDec_1.c **** 
 343:Generated_Source\PSoC5/QuadDec_1.c **** 
 344:Generated_Source\PSoC5/QuadDec_1.c **** /*******************************************************************************
ARM GAS  C:\Users\JEFFSN~1\AppData\Local\Temp\cc5YaRem.s 			page 14


 345:Generated_Source\PSoC5/QuadDec_1.c **** * Function Name: QuadDec_1_GetInterruptMask
 346:Generated_Source\PSoC5/QuadDec_1.c **** ********************************************************************************
 347:Generated_Source\PSoC5/QuadDec_1.c **** *
 348:Generated_Source\PSoC5/QuadDec_1.c **** * Summary:
 349:Generated_Source\PSoC5/QuadDec_1.c **** *  Reports the current interrupt mask settings.
 350:Generated_Source\PSoC5/QuadDec_1.c **** *
 351:Generated_Source\PSoC5/QuadDec_1.c **** * Parameters:
 352:Generated_Source\PSoC5/QuadDec_1.c **** *  None.
 353:Generated_Source\PSoC5/QuadDec_1.c **** *
 354:Generated_Source\PSoC5/QuadDec_1.c **** * Return:
 355:Generated_Source\PSoC5/QuadDec_1.c **** *  Enable / disable bits in an 8-bit value, where 1 enables the interrupt.
 356:Generated_Source\PSoC5/QuadDec_1.c **** *  For the 32-bit counter, the overflow, underflow and reset enable bits are
 357:Generated_Source\PSoC5/QuadDec_1.c **** *  always set.
 358:Generated_Source\PSoC5/QuadDec_1.c **** *
 359:Generated_Source\PSoC5/QuadDec_1.c **** *******************************************************************************/
 360:Generated_Source\PSoC5/QuadDec_1.c **** uint8 QuadDec_1_GetInterruptMask(void) 
 361:Generated_Source\PSoC5/QuadDec_1.c **** {
 398              		.loc 1 361 0
 399              		.cfi_startproc
 400              		@ args = 0, pretend = 0, frame = 0
 401              		@ frame_needed = 1, uses_anonymous_args = 0
 402              		@ link register save eliminated.
 403 0000 80B4     		push	{r7}
 404              		.cfi_def_cfa_offset 4
 405              		.cfi_offset 7, -4
 406 0002 00AF     		add	r7, sp, #0
 407              		.cfi_def_cfa_register 7
 362:Generated_Source\PSoC5/QuadDec_1.c ****     return (QuadDec_1_STATUS_MASK & QuadDec_1_INIT_INT_MASK);
 408              		.loc 1 362 0
 409 0004 044B     		ldr	r3, .L26
 410 0006 1B78     		ldrb	r3, [r3]
 411 0008 DBB2     		uxtb	r3, r3
 412 000a 03F00F03 		and	r3, r3, #15
 413 000e DBB2     		uxtb	r3, r3
 363:Generated_Source\PSoC5/QuadDec_1.c **** }
 414              		.loc 1 363 0
 415 0010 1846     		mov	r0, r3
 416 0012 BD46     		mov	sp, r7
 417              		.cfi_def_cfa_register 13
 418              		@ sp needed
 419 0014 80BC     		pop	{r7}
 420              		.cfi_restore 7
 421              		.cfi_def_cfa_offset 0
 422 0016 7047     		bx	lr
 423              	.L27:
 424              		.align	2
 425              	.L26:
 426 0018 88640040 		.word	1073767560
 427              		.cfi_endproc
 428              	.LFE8:
 429              		.size	QuadDec_1_GetInterruptMask, .-QuadDec_1_GetInterruptMask
 430              		.text
 431              	.Letext0:
 432              		.file 2 "Generated_Source\\PSoC5\\cytypes.h"
 433              		.section	.debug_info,"",%progbits
 434              	.Ldebug_info0:
 435 0000 F8010000 		.4byte	0x1f8
ARM GAS  C:\Users\JEFFSN~1\AppData\Local\Temp\cc5YaRem.s 			page 15


 436 0004 0400     		.2byte	0x4
 437 0006 00000000 		.4byte	.Ldebug_abbrev0
 438 000a 04       		.byte	0x4
 439 000b 01       		.uleb128 0x1
 440 000c 10000000 		.4byte	.LASF31
 441 0010 0C       		.byte	0xc
 442 0011 BB020000 		.4byte	.LASF32
 443 0015 37010000 		.4byte	.LASF33
 444 0019 00000000 		.4byte	.Ldebug_ranges0+0
 445 001d 00000000 		.4byte	0
 446 0021 00000000 		.4byte	.Ldebug_line0
 447 0025 02       		.uleb128 0x2
 448 0026 04       		.byte	0x4
 449 0027 05       		.byte	0x5
 450 0028 696E7400 		.ascii	"int\000"
 451 002c 03       		.uleb128 0x3
 452 002d 04       		.byte	0x4
 453 002e 07       		.byte	0x7
 454 002f E0010000 		.4byte	.LASF0
 455 0033 03       		.uleb128 0x3
 456 0034 08       		.byte	0x8
 457 0035 05       		.byte	0x5
 458 0036 3A020000 		.4byte	.LASF1
 459 003a 03       		.uleb128 0x3
 460 003b 08       		.byte	0x8
 461 003c 04       		.byte	0x4
 462 003d 94020000 		.4byte	.LASF2
 463 0041 03       		.uleb128 0x3
 464 0042 01       		.byte	0x1
 465 0043 06       		.byte	0x6
 466 0044 A0020000 		.4byte	.LASF3
 467 0048 03       		.uleb128 0x3
 468 0049 01       		.byte	0x1
 469 004a 08       		.byte	0x8
 470 004b D8000000 		.4byte	.LASF4
 471 004f 03       		.uleb128 0x3
 472 0050 02       		.byte	0x2
 473 0051 05       		.byte	0x5
 474 0052 4D020000 		.4byte	.LASF5
 475 0056 03       		.uleb128 0x3
 476 0057 02       		.byte	0x2
 477 0058 07       		.byte	0x7
 478 0059 AA000000 		.4byte	.LASF6
 479 005d 03       		.uleb128 0x3
 480 005e 04       		.byte	0x4
 481 005f 05       		.byte	0x5
 482 0060 86020000 		.4byte	.LASF7
 483 0064 03       		.uleb128 0x3
 484 0065 04       		.byte	0x4
 485 0066 07       		.byte	0x7
 486 0067 00010000 		.4byte	.LASF8
 487 006b 03       		.uleb128 0x3
 488 006c 08       		.byte	0x8
 489 006d 07       		.byte	0x7
 490 006e 1A020000 		.4byte	.LASF9
 491 0072 03       		.uleb128 0x3
 492 0073 04       		.byte	0x4
ARM GAS  C:\Users\JEFFSN~1\AppData\Local\Temp\cc5YaRem.s 			page 16


 493 0074 07       		.byte	0x7
 494 0075 31020000 		.4byte	.LASF10
 495 0079 03       		.uleb128 0x3
 496 007a 01       		.byte	0x1
 497 007b 08       		.byte	0x8
 498 007c 8F020000 		.4byte	.LASF11
 499 0080 04       		.uleb128 0x4
 500 0081 12010000 		.4byte	.LASF12
 501 0085 02       		.byte	0x2
 502 0086 E901     		.2byte	0x1e9
 503 0088 48000000 		.4byte	0x48
 504 008c 04       		.uleb128 0x4
 505 008d C6010000 		.4byte	.LASF13
 506 0091 02       		.byte	0x2
 507 0092 EC01     		.2byte	0x1ec
 508 0094 41000000 		.4byte	0x41
 509 0098 04       		.uleb128 0x4
 510 0099 FA000000 		.4byte	.LASF14
 511 009d 02       		.byte	0x2
 512 009e ED01     		.2byte	0x1ed
 513 00a0 4F000000 		.4byte	0x4f
 514 00a4 03       		.uleb128 0x3
 515 00a5 04       		.byte	0x4
 516 00a6 04       		.byte	0x4
 517 00a7 D2000000 		.4byte	.LASF15
 518 00ab 03       		.uleb128 0x3
 519 00ac 08       		.byte	0x8
 520 00ad 04       		.byte	0x4
 521 00ae 30010000 		.4byte	.LASF16
 522 00b2 04       		.uleb128 0x4
 523 00b3 F5000000 		.4byte	.LASF17
 524 00b7 02       		.byte	0x2
 525 00b8 9302     		.2byte	0x293
 526 00ba BE000000 		.4byte	0xbe
 527 00be 05       		.uleb128 0x5
 528 00bf 80000000 		.4byte	0x80
 529 00c3 06       		.uleb128 0x6
 530 00c4 AC020000 		.4byte	.LASF18
 531 00c8 01       		.byte	0x1
 532 00c9 2A       		.byte	0x2a
 533 00ca 00000000 		.4byte	.LFB0
 534 00ce 0C000000 		.4byte	.LFE0-.LFB0
 535 00d2 01       		.uleb128 0x1
 536 00d3 9C       		.byte	0x9c
 537 00d4 07       		.uleb128 0x7
 538 00d5 B5010000 		.4byte	.LASF20
 539 00d9 01       		.byte	0x1
 540 00da 46       		.byte	0x46
 541 00db 00000000 		.4byte	.LFB1
 542 00df 3C000000 		.4byte	.LFE1-.LFB1
 543 00e3 01       		.uleb128 0x1
 544 00e4 9C       		.byte	0x9c
 545 00e5 F8000000 		.4byte	0xf8
 546 00e9 08       		.uleb128 0x8
 547 00ea 1F010000 		.4byte	.LASF22
 548 00ee 01       		.byte	0x1
 549 00ef 48       		.byte	0x48
ARM GAS  C:\Users\JEFFSN~1\AppData\Local\Temp\cc5YaRem.s 			page 17


 550 00f0 80000000 		.4byte	0x80
 551 00f4 02       		.uleb128 0x2
 552 00f5 91       		.byte	0x91
 553 00f6 77       		.sleb128 -9
 554 00f7 00       		.byte	0
 555 00f8 09       		.uleb128 0x9
 556 00f9 00000000 		.4byte	.LASF19
 557 00fd 01       		.byte	0x1
 558 00fe 74       		.byte	0x74
 559 00ff 00000000 		.4byte	.LFB2
 560 0103 2C000000 		.4byte	.LFE2-.LFB2
 561 0107 01       		.uleb128 0x1
 562 0108 9C       		.byte	0x9c
 563 0109 07       		.uleb128 0x7
 564 010a E6000000 		.4byte	.LASF21
 565 010e 01       		.byte	0x1
 566 010f 9D       		.byte	0x9d
 567 0110 00000000 		.4byte	.LFB3
 568 0114 38000000 		.4byte	.LFE3-.LFB3
 569 0118 01       		.uleb128 0x1
 570 0119 9C       		.byte	0x9c
 571 011a 2D010000 		.4byte	0x12d
 572 011e 08       		.uleb128 0x8
 573 011f 1F010000 		.4byte	.LASF22
 574 0123 01       		.byte	0x1
 575 0124 9F       		.byte	0x9f
 576 0125 80000000 		.4byte	0x80
 577 0129 02       		.uleb128 0x2
 578 012a 91       		.byte	0x91
 579 012b 77       		.sleb128 -9
 580 012c 00       		.byte	0
 581 012d 0A       		.uleb128 0xa
 582 012e BD000000 		.4byte	.LASF34
 583 0132 01       		.byte	0x1
 584 0133 CA       		.byte	0xca
 585 0134 8C000000 		.4byte	0x8c
 586 0138 00000000 		.4byte	.LFB4
 587 013c 22000000 		.4byte	.LFE4-.LFB4
 588 0140 01       		.uleb128 0x1
 589 0141 9C       		.byte	0x9c
 590 0142 63010000 		.4byte	0x163
 591 0146 08       		.uleb128 0x8
 592 0147 A4000000 		.4byte	.LASF23
 593 014b 01       		.byte	0x1
 594 014c CC       		.byte	0xcc
 595 014d 8C000000 		.4byte	0x8c
 596 0151 02       		.uleb128 0x2
 597 0152 91       		.byte	0x91
 598 0153 76       		.sleb128 -10
 599 0154 08       		.uleb128 0x8
 600 0155 18010000 		.4byte	.LASF24
 601 0159 01       		.byte	0x1
 602 015a CD       		.byte	0xcd
 603 015b 80000000 		.4byte	0x80
 604 015f 02       		.uleb128 0x2
 605 0160 91       		.byte	0x91
 606 0161 77       		.sleb128 -9
ARM GAS  C:\Users\JEFFSN~1\AppData\Local\Temp\cc5YaRem.s 			page 18


 607 0162 00       		.byte	0
 608 0163 0B       		.uleb128 0xb
 609 0164 CB010000 		.4byte	.LASF25
 610 0168 01       		.byte	0x1
 611 0169 0201     		.2byte	0x102
 612 016b 00000000 		.4byte	.LFB5
 613 016f 30000000 		.4byte	.LFE5-.LFB5
 614 0173 01       		.uleb128 0x1
 615 0174 9C       		.byte	0x9c
 616 0175 98010000 		.4byte	0x198
 617 0179 0C       		.uleb128 0xc
 618 017a 9E000000 		.4byte	.LASF27
 619 017e 01       		.byte	0x1
 620 017f 0201     		.2byte	0x102
 621 0181 8C000000 		.4byte	0x8c
 622 0185 02       		.uleb128 0x2
 623 0186 91       		.byte	0x91
 624 0187 6F       		.sleb128 -17
 625 0188 0D       		.uleb128 0xd
 626 0189 A4000000 		.4byte	.LASF23
 627 018d 01       		.byte	0x1
 628 018e 0601     		.2byte	0x106
 629 0190 80000000 		.4byte	0x80
 630 0194 02       		.uleb128 0x2
 631 0195 91       		.byte	0x91
 632 0196 77       		.sleb128 -9
 633 0197 00       		.byte	0
 634 0198 0E       		.uleb128 0xe
 635 0199 57020000 		.4byte	.LASF29
 636 019d 01       		.byte	0x1
 637 019e 3601     		.2byte	0x136
 638 01a0 80000000 		.4byte	0x80
 639 01a4 00000000 		.4byte	.LFB6
 640 01a8 1C000000 		.4byte	.LFE6-.LFB6
 641 01ac 01       		.uleb128 0x1
 642 01ad 9C       		.byte	0x9c
 643 01ae 0F       		.uleb128 0xf
 644 01af 6B020000 		.4byte	.LASF26
 645 01b3 01       		.byte	0x1
 646 01b4 4C01     		.2byte	0x14c
 647 01b6 00000000 		.4byte	.LFB7
 648 01ba 20000000 		.4byte	.LFE7-.LFB7
 649 01be 01       		.uleb128 0x1
 650 01bf 9C       		.byte	0x9c
 651 01c0 D4010000 		.4byte	0x1d4
 652 01c4 0C       		.uleb128 0xc
 653 01c5 48020000 		.4byte	.LASF28
 654 01c9 01       		.byte	0x1
 655 01ca 4C01     		.2byte	0x14c
 656 01cc 80000000 		.4byte	0x80
 657 01d0 02       		.uleb128 0x2
 658 01d1 91       		.byte	0x91
 659 01d2 77       		.sleb128 -9
 660 01d3 00       		.byte	0
 661 01d4 0E       		.uleb128 0xe
 662 01d5 FF010000 		.4byte	.LASF30
 663 01d9 01       		.byte	0x1
ARM GAS  C:\Users\JEFFSN~1\AppData\Local\Temp\cc5YaRem.s 			page 19


 664 01da 6801     		.2byte	0x168
 665 01dc 80000000 		.4byte	0x80
 666 01e0 00000000 		.4byte	.LFB8
 667 01e4 1C000000 		.4byte	.LFE8-.LFB8
 668 01e8 01       		.uleb128 0x1
 669 01e9 9C       		.byte	0x9c
 670 01ea 10       		.uleb128 0x10
 671 01eb ED010000 		.4byte	.LASF35
 672 01ef 01       		.byte	0x1
 673 01f0 19       		.byte	0x19
 674 01f1 80000000 		.4byte	0x80
 675 01f5 05       		.uleb128 0x5
 676 01f6 03       		.byte	0x3
 677 01f7 00000000 		.4byte	QuadDec_1_initVar
 678 01fb 00       		.byte	0
 679              		.section	.debug_abbrev,"",%progbits
 680              	.Ldebug_abbrev0:
 681 0000 01       		.uleb128 0x1
 682 0001 11       		.uleb128 0x11
 683 0002 01       		.byte	0x1
 684 0003 25       		.uleb128 0x25
 685 0004 0E       		.uleb128 0xe
 686 0005 13       		.uleb128 0x13
 687 0006 0B       		.uleb128 0xb
 688 0007 03       		.uleb128 0x3
 689 0008 0E       		.uleb128 0xe
 690 0009 1B       		.uleb128 0x1b
 691 000a 0E       		.uleb128 0xe
 692 000b 55       		.uleb128 0x55
 693 000c 17       		.uleb128 0x17
 694 000d 11       		.uleb128 0x11
 695 000e 01       		.uleb128 0x1
 696 000f 10       		.uleb128 0x10
 697 0010 17       		.uleb128 0x17
 698 0011 00       		.byte	0
 699 0012 00       		.byte	0
 700 0013 02       		.uleb128 0x2
 701 0014 24       		.uleb128 0x24
 702 0015 00       		.byte	0
 703 0016 0B       		.uleb128 0xb
 704 0017 0B       		.uleb128 0xb
 705 0018 3E       		.uleb128 0x3e
 706 0019 0B       		.uleb128 0xb
 707 001a 03       		.uleb128 0x3
 708 001b 08       		.uleb128 0x8
 709 001c 00       		.byte	0
 710 001d 00       		.byte	0
 711 001e 03       		.uleb128 0x3
 712 001f 24       		.uleb128 0x24
 713 0020 00       		.byte	0
 714 0021 0B       		.uleb128 0xb
 715 0022 0B       		.uleb128 0xb
 716 0023 3E       		.uleb128 0x3e
 717 0024 0B       		.uleb128 0xb
 718 0025 03       		.uleb128 0x3
 719 0026 0E       		.uleb128 0xe
 720 0027 00       		.byte	0
ARM GAS  C:\Users\JEFFSN~1\AppData\Local\Temp\cc5YaRem.s 			page 20


 721 0028 00       		.byte	0
 722 0029 04       		.uleb128 0x4
 723 002a 16       		.uleb128 0x16
 724 002b 00       		.byte	0
 725 002c 03       		.uleb128 0x3
 726 002d 0E       		.uleb128 0xe
 727 002e 3A       		.uleb128 0x3a
 728 002f 0B       		.uleb128 0xb
 729 0030 3B       		.uleb128 0x3b
 730 0031 05       		.uleb128 0x5
 731 0032 49       		.uleb128 0x49
 732 0033 13       		.uleb128 0x13
 733 0034 00       		.byte	0
 734 0035 00       		.byte	0
 735 0036 05       		.uleb128 0x5
 736 0037 35       		.uleb128 0x35
 737 0038 00       		.byte	0
 738 0039 49       		.uleb128 0x49
 739 003a 13       		.uleb128 0x13
 740 003b 00       		.byte	0
 741 003c 00       		.byte	0
 742 003d 06       		.uleb128 0x6
 743 003e 2E       		.uleb128 0x2e
 744 003f 00       		.byte	0
 745 0040 3F       		.uleb128 0x3f
 746 0041 19       		.uleb128 0x19
 747 0042 03       		.uleb128 0x3
 748 0043 0E       		.uleb128 0xe
 749 0044 3A       		.uleb128 0x3a
 750 0045 0B       		.uleb128 0xb
 751 0046 3B       		.uleb128 0x3b
 752 0047 0B       		.uleb128 0xb
 753 0048 27       		.uleb128 0x27
 754 0049 19       		.uleb128 0x19
 755 004a 11       		.uleb128 0x11
 756 004b 01       		.uleb128 0x1
 757 004c 12       		.uleb128 0x12
 758 004d 06       		.uleb128 0x6
 759 004e 40       		.uleb128 0x40
 760 004f 18       		.uleb128 0x18
 761 0050 9742     		.uleb128 0x2117
 762 0052 19       		.uleb128 0x19
 763 0053 00       		.byte	0
 764 0054 00       		.byte	0
 765 0055 07       		.uleb128 0x7
 766 0056 2E       		.uleb128 0x2e
 767 0057 01       		.byte	0x1
 768 0058 3F       		.uleb128 0x3f
 769 0059 19       		.uleb128 0x19
 770 005a 03       		.uleb128 0x3
 771 005b 0E       		.uleb128 0xe
 772 005c 3A       		.uleb128 0x3a
 773 005d 0B       		.uleb128 0xb
 774 005e 3B       		.uleb128 0x3b
 775 005f 0B       		.uleb128 0xb
 776 0060 27       		.uleb128 0x27
 777 0061 19       		.uleb128 0x19
ARM GAS  C:\Users\JEFFSN~1\AppData\Local\Temp\cc5YaRem.s 			page 21


 778 0062 11       		.uleb128 0x11
 779 0063 01       		.uleb128 0x1
 780 0064 12       		.uleb128 0x12
 781 0065 06       		.uleb128 0x6
 782 0066 40       		.uleb128 0x40
 783 0067 18       		.uleb128 0x18
 784 0068 9642     		.uleb128 0x2116
 785 006a 19       		.uleb128 0x19
 786 006b 01       		.uleb128 0x1
 787 006c 13       		.uleb128 0x13
 788 006d 00       		.byte	0
 789 006e 00       		.byte	0
 790 006f 08       		.uleb128 0x8
 791 0070 34       		.uleb128 0x34
 792 0071 00       		.byte	0
 793 0072 03       		.uleb128 0x3
 794 0073 0E       		.uleb128 0xe
 795 0074 3A       		.uleb128 0x3a
 796 0075 0B       		.uleb128 0xb
 797 0076 3B       		.uleb128 0x3b
 798 0077 0B       		.uleb128 0xb
 799 0078 49       		.uleb128 0x49
 800 0079 13       		.uleb128 0x13
 801 007a 02       		.uleb128 0x2
 802 007b 18       		.uleb128 0x18
 803 007c 00       		.byte	0
 804 007d 00       		.byte	0
 805 007e 09       		.uleb128 0x9
 806 007f 2E       		.uleb128 0x2e
 807 0080 00       		.byte	0
 808 0081 3F       		.uleb128 0x3f
 809 0082 19       		.uleb128 0x19
 810 0083 03       		.uleb128 0x3
 811 0084 0E       		.uleb128 0xe
 812 0085 3A       		.uleb128 0x3a
 813 0086 0B       		.uleb128 0xb
 814 0087 3B       		.uleb128 0x3b
 815 0088 0B       		.uleb128 0xb
 816 0089 27       		.uleb128 0x27
 817 008a 19       		.uleb128 0x19
 818 008b 11       		.uleb128 0x11
 819 008c 01       		.uleb128 0x1
 820 008d 12       		.uleb128 0x12
 821 008e 06       		.uleb128 0x6
 822 008f 40       		.uleb128 0x40
 823 0090 18       		.uleb128 0x18
 824 0091 9642     		.uleb128 0x2116
 825 0093 19       		.uleb128 0x19
 826 0094 00       		.byte	0
 827 0095 00       		.byte	0
 828 0096 0A       		.uleb128 0xa
 829 0097 2E       		.uleb128 0x2e
 830 0098 01       		.byte	0x1
 831 0099 3F       		.uleb128 0x3f
 832 009a 19       		.uleb128 0x19
 833 009b 03       		.uleb128 0x3
 834 009c 0E       		.uleb128 0xe
ARM GAS  C:\Users\JEFFSN~1\AppData\Local\Temp\cc5YaRem.s 			page 22


 835 009d 3A       		.uleb128 0x3a
 836 009e 0B       		.uleb128 0xb
 837 009f 3B       		.uleb128 0x3b
 838 00a0 0B       		.uleb128 0xb
 839 00a1 27       		.uleb128 0x27
 840 00a2 19       		.uleb128 0x19
 841 00a3 49       		.uleb128 0x49
 842 00a4 13       		.uleb128 0x13
 843 00a5 11       		.uleb128 0x11
 844 00a6 01       		.uleb128 0x1
 845 00a7 12       		.uleb128 0x12
 846 00a8 06       		.uleb128 0x6
 847 00a9 40       		.uleb128 0x40
 848 00aa 18       		.uleb128 0x18
 849 00ab 9642     		.uleb128 0x2116
 850 00ad 19       		.uleb128 0x19
 851 00ae 01       		.uleb128 0x1
 852 00af 13       		.uleb128 0x13
 853 00b0 00       		.byte	0
 854 00b1 00       		.byte	0
 855 00b2 0B       		.uleb128 0xb
 856 00b3 2E       		.uleb128 0x2e
 857 00b4 01       		.byte	0x1
 858 00b5 3F       		.uleb128 0x3f
 859 00b6 19       		.uleb128 0x19
 860 00b7 03       		.uleb128 0x3
 861 00b8 0E       		.uleb128 0xe
 862 00b9 3A       		.uleb128 0x3a
 863 00ba 0B       		.uleb128 0xb
 864 00bb 3B       		.uleb128 0x3b
 865 00bc 05       		.uleb128 0x5
 866 00bd 27       		.uleb128 0x27
 867 00be 19       		.uleb128 0x19
 868 00bf 11       		.uleb128 0x11
 869 00c0 01       		.uleb128 0x1
 870 00c1 12       		.uleb128 0x12
 871 00c2 06       		.uleb128 0x6
 872 00c3 40       		.uleb128 0x40
 873 00c4 18       		.uleb128 0x18
 874 00c5 9642     		.uleb128 0x2116
 875 00c7 19       		.uleb128 0x19
 876 00c8 01       		.uleb128 0x1
 877 00c9 13       		.uleb128 0x13
 878 00ca 00       		.byte	0
 879 00cb 00       		.byte	0
 880 00cc 0C       		.uleb128 0xc
 881 00cd 05       		.uleb128 0x5
 882 00ce 00       		.byte	0
 883 00cf 03       		.uleb128 0x3
 884 00d0 0E       		.uleb128 0xe
 885 00d1 3A       		.uleb128 0x3a
 886 00d2 0B       		.uleb128 0xb
 887 00d3 3B       		.uleb128 0x3b
 888 00d4 05       		.uleb128 0x5
 889 00d5 49       		.uleb128 0x49
 890 00d6 13       		.uleb128 0x13
 891 00d7 02       		.uleb128 0x2
ARM GAS  C:\Users\JEFFSN~1\AppData\Local\Temp\cc5YaRem.s 			page 23


 892 00d8 18       		.uleb128 0x18
 893 00d9 00       		.byte	0
 894 00da 00       		.byte	0
 895 00db 0D       		.uleb128 0xd
 896 00dc 34       		.uleb128 0x34
 897 00dd 00       		.byte	0
 898 00de 03       		.uleb128 0x3
 899 00df 0E       		.uleb128 0xe
 900 00e0 3A       		.uleb128 0x3a
 901 00e1 0B       		.uleb128 0xb
 902 00e2 3B       		.uleb128 0x3b
 903 00e3 05       		.uleb128 0x5
 904 00e4 49       		.uleb128 0x49
 905 00e5 13       		.uleb128 0x13
 906 00e6 02       		.uleb128 0x2
 907 00e7 18       		.uleb128 0x18
 908 00e8 00       		.byte	0
 909 00e9 00       		.byte	0
 910 00ea 0E       		.uleb128 0xe
 911 00eb 2E       		.uleb128 0x2e
 912 00ec 00       		.byte	0
 913 00ed 3F       		.uleb128 0x3f
 914 00ee 19       		.uleb128 0x19
 915 00ef 03       		.uleb128 0x3
 916 00f0 0E       		.uleb128 0xe
 917 00f1 3A       		.uleb128 0x3a
 918 00f2 0B       		.uleb128 0xb
 919 00f3 3B       		.uleb128 0x3b
 920 00f4 05       		.uleb128 0x5
 921 00f5 27       		.uleb128 0x27
 922 00f6 19       		.uleb128 0x19
 923 00f7 49       		.uleb128 0x49
 924 00f8 13       		.uleb128 0x13
 925 00f9 11       		.uleb128 0x11
 926 00fa 01       		.uleb128 0x1
 927 00fb 12       		.uleb128 0x12
 928 00fc 06       		.uleb128 0x6
 929 00fd 40       		.uleb128 0x40
 930 00fe 18       		.uleb128 0x18
 931 00ff 9742     		.uleb128 0x2117
 932 0101 19       		.uleb128 0x19
 933 0102 00       		.byte	0
 934 0103 00       		.byte	0
 935 0104 0F       		.uleb128 0xf
 936 0105 2E       		.uleb128 0x2e
 937 0106 01       		.byte	0x1
 938 0107 3F       		.uleb128 0x3f
 939 0108 19       		.uleb128 0x19
 940 0109 03       		.uleb128 0x3
 941 010a 0E       		.uleb128 0xe
 942 010b 3A       		.uleb128 0x3a
 943 010c 0B       		.uleb128 0xb
 944 010d 3B       		.uleb128 0x3b
 945 010e 05       		.uleb128 0x5
 946 010f 27       		.uleb128 0x27
 947 0110 19       		.uleb128 0x19
 948 0111 11       		.uleb128 0x11
ARM GAS  C:\Users\JEFFSN~1\AppData\Local\Temp\cc5YaRem.s 			page 24


 949 0112 01       		.uleb128 0x1
 950 0113 12       		.uleb128 0x12
 951 0114 06       		.uleb128 0x6
 952 0115 40       		.uleb128 0x40
 953 0116 18       		.uleb128 0x18
 954 0117 9742     		.uleb128 0x2117
 955 0119 19       		.uleb128 0x19
 956 011a 01       		.uleb128 0x1
 957 011b 13       		.uleb128 0x13
 958 011c 00       		.byte	0
 959 011d 00       		.byte	0
 960 011e 10       		.uleb128 0x10
 961 011f 34       		.uleb128 0x34
 962 0120 00       		.byte	0
 963 0121 03       		.uleb128 0x3
 964 0122 0E       		.uleb128 0xe
 965 0123 3A       		.uleb128 0x3a
 966 0124 0B       		.uleb128 0xb
 967 0125 3B       		.uleb128 0x3b
 968 0126 0B       		.uleb128 0xb
 969 0127 49       		.uleb128 0x49
 970 0128 13       		.uleb128 0x13
 971 0129 3F       		.uleb128 0x3f
 972 012a 19       		.uleb128 0x19
 973 012b 02       		.uleb128 0x2
 974 012c 18       		.uleb128 0x18
 975 012d 00       		.byte	0
 976 012e 00       		.byte	0
 977 012f 00       		.byte	0
 978              		.section	.debug_aranges,"",%progbits
 979 0000 5C000000 		.4byte	0x5c
 980 0004 0200     		.2byte	0x2
 981 0006 00000000 		.4byte	.Ldebug_info0
 982 000a 04       		.byte	0x4
 983 000b 00       		.byte	0
 984 000c 0000     		.2byte	0
 985 000e 0000     		.2byte	0
 986 0010 00000000 		.4byte	.LFB0
 987 0014 0C000000 		.4byte	.LFE0-.LFB0
 988 0018 00000000 		.4byte	.LFB1
 989 001c 3C000000 		.4byte	.LFE1-.LFB1
 990 0020 00000000 		.4byte	.LFB2
 991 0024 2C000000 		.4byte	.LFE2-.LFB2
 992 0028 00000000 		.4byte	.LFB3
 993 002c 38000000 		.4byte	.LFE3-.LFB3
 994 0030 00000000 		.4byte	.LFB4
 995 0034 22000000 		.4byte	.LFE4-.LFB4
 996 0038 00000000 		.4byte	.LFB5
 997 003c 30000000 		.4byte	.LFE5-.LFB5
 998 0040 00000000 		.4byte	.LFB6
 999 0044 1C000000 		.4byte	.LFE6-.LFB6
 1000 0048 00000000 		.4byte	.LFB7
 1001 004c 20000000 		.4byte	.LFE7-.LFB7
 1002 0050 00000000 		.4byte	.LFB8
 1003 0054 1C000000 		.4byte	.LFE8-.LFB8
 1004 0058 00000000 		.4byte	0
 1005 005c 00000000 		.4byte	0
ARM GAS  C:\Users\JEFFSN~1\AppData\Local\Temp\cc5YaRem.s 			page 25


 1006              		.section	.debug_ranges,"",%progbits
 1007              	.Ldebug_ranges0:
 1008 0000 00000000 		.4byte	.LFB0
 1009 0004 0C000000 		.4byte	.LFE0
 1010 0008 00000000 		.4byte	.LFB1
 1011 000c 3C000000 		.4byte	.LFE1
 1012 0010 00000000 		.4byte	.LFB2
 1013 0014 2C000000 		.4byte	.LFE2
 1014 0018 00000000 		.4byte	.LFB3
 1015 001c 38000000 		.4byte	.LFE3
 1016 0020 00000000 		.4byte	.LFB4
 1017 0024 22000000 		.4byte	.LFE4
 1018 0028 00000000 		.4byte	.LFB5
 1019 002c 30000000 		.4byte	.LFE5
 1020 0030 00000000 		.4byte	.LFB6
 1021 0034 1C000000 		.4byte	.LFE6
 1022 0038 00000000 		.4byte	.LFB7
 1023 003c 20000000 		.4byte	.LFE7
 1024 0040 00000000 		.4byte	.LFB8
 1025 0044 1C000000 		.4byte	.LFE8
 1026 0048 00000000 		.4byte	0
 1027 004c 00000000 		.4byte	0
 1028              		.section	.debug_line,"",%progbits
 1029              	.Ldebug_line0:
 1030 0000 05010000 		.section	.debug_str,"MS",%progbits,1
 1030      02004600 
 1030      00000201 
 1030      FB0E0D00 
 1030      01010101 
 1031              	.LASF19:
 1032 0000 51756164 		.ascii	"QuadDec_1_Start\000"
 1032      4465635F 
 1032      315F5374 
 1032      61727400 
 1033              	.LASF31:
 1034 0010 474E5520 		.ascii	"GNU C11 5.4.1 20160609 (release) [ARM/embedded-5-br"
 1034      43313120 
 1034      352E342E 
 1034      31203230 
 1034      31363036 
 1035 0043 616E6368 		.ascii	"anch revision 237715] -mcpu=cortex-m3 -mthumb -g -O"
 1035      20726576 
 1035      6973696F 
 1035      6E203233 
 1035      37373135 
 1036 0076 30202D66 		.ascii	"0 -ffunction-sections -ffat-lto-objects\000"
 1036      66756E63 
 1036      74696F6E 
 1036      2D736563 
 1036      74696F6E 
 1037              	.LASF27:
 1038 009e 76616C75 		.ascii	"value\000"
 1038      6500
 1039              	.LASF23:
 1040 00a4 636F756E 		.ascii	"count\000"
 1040      7400
 1041              	.LASF6:
ARM GAS  C:\Users\JEFFSN~1\AppData\Local\Temp\cc5YaRem.s 			page 26


 1042 00aa 73686F72 		.ascii	"short unsigned int\000"
 1042      7420756E 
 1042      7369676E 
 1042      65642069 
 1042      6E7400
 1043              	.LASF34:
 1044 00bd 51756164 		.ascii	"QuadDec_1_GetCounter\000"
 1044      4465635F 
 1044      315F4765 
 1044      74436F75 
 1044      6E746572 
 1045              	.LASF15:
 1046 00d2 666C6F61 		.ascii	"float\000"
 1046      7400
 1047              	.LASF4:
 1048 00d8 756E7369 		.ascii	"unsigned char\000"
 1048      676E6564 
 1048      20636861 
 1048      7200
 1049              	.LASF21:
 1050 00e6 51756164 		.ascii	"QuadDec_1_Stop\000"
 1050      4465635F 
 1050      315F5374 
 1050      6F7000
 1051              	.LASF17:
 1052 00f5 72656738 		.ascii	"reg8\000"
 1052      00
 1053              	.LASF14:
 1054 00fa 696E7431 		.ascii	"int16\000"
 1054      3600
 1055              	.LASF8:
 1056 0100 6C6F6E67 		.ascii	"long unsigned int\000"
 1056      20756E73 
 1056      69676E65 
 1056      6420696E 
 1056      7400
 1057              	.LASF12:
 1058 0112 75696E74 		.ascii	"uint8\000"
 1058      3800
 1059              	.LASF24:
 1060 0118 746D7043 		.ascii	"tmpCnt\000"
 1060      6E7400
 1061              	.LASF22:
 1062 011f 656E6162 		.ascii	"enableInterrupts\000"
 1062      6C65496E 
 1062      74657272 
 1062      75707473 
 1062      00
 1063              	.LASF16:
 1064 0130 646F7562 		.ascii	"double\000"
 1064      6C6500
 1065              	.LASF33:
 1066 0137 433A5C55 		.ascii	"C:\\Users\\JeffSnyder\\dev\\Electrosteel_embedded\\"
 1066      73657273 
 1066      5C4A6566 
 1066      66536E79 
 1066      6465725C 
ARM GAS  C:\Users\JEFFSN~1\AppData\Local\Temp\cc5YaRem.s 			page 27


 1067 0165 50534F43 		.ascii	"PSOC5_electrosteel_stringsensors_newpcb_brain\\CE21"
 1067      355F656C 
 1067      65637472 
 1067      6F737465 
 1067      656C5F73 
 1068 0197 30353134 		.ascii	"0514_PSOC3_5_Thermistor.cydsn\000"
 1068      5F50534F 
 1068      43335F35 
 1068      5F546865 
 1068      726D6973 
 1069              	.LASF20:
 1070 01b5 51756164 		.ascii	"QuadDec_1_Enable\000"
 1070      4465635F 
 1070      315F456E 
 1070      61626C65 
 1070      00
 1071              	.LASF13:
 1072 01c6 696E7438 		.ascii	"int8\000"
 1072      00
 1073              	.LASF25:
 1074 01cb 51756164 		.ascii	"QuadDec_1_SetCounter\000"
 1074      4465635F 
 1074      315F5365 
 1074      74436F75 
 1074      6E746572 
 1075              	.LASF0:
 1076 01e0 756E7369 		.ascii	"unsigned int\000"
 1076      676E6564 
 1076      20696E74 
 1076      00
 1077              	.LASF35:
 1078 01ed 51756164 		.ascii	"QuadDec_1_initVar\000"
 1078      4465635F 
 1078      315F696E 
 1078      69745661 
 1078      7200
 1079              	.LASF30:
 1080 01ff 51756164 		.ascii	"QuadDec_1_GetInterruptMask\000"
 1080      4465635F 
 1080      315F4765 
 1080      74496E74 
 1080      65727275 
 1081              	.LASF9:
 1082 021a 6C6F6E67 		.ascii	"long long unsigned int\000"
 1082      206C6F6E 
 1082      6720756E 
 1082      7369676E 
 1082      65642069 
 1083              	.LASF10:
 1084 0231 73697A65 		.ascii	"sizetype\000"
 1084      74797065 
 1084      00
 1085              	.LASF1:
 1086 023a 6C6F6E67 		.ascii	"long long int\000"
 1086      206C6F6E 
 1086      6720696E 
 1086      7400
ARM GAS  C:\Users\JEFFSN~1\AppData\Local\Temp\cc5YaRem.s 			page 28


 1087              	.LASF28:
 1088 0248 6D61736B 		.ascii	"mask\000"
 1088      00
 1089              	.LASF5:
 1090 024d 73686F72 		.ascii	"short int\000"
 1090      7420696E 
 1090      7400
 1091              	.LASF29:
 1092 0257 51756164 		.ascii	"QuadDec_1_GetEvents\000"
 1092      4465635F 
 1092      315F4765 
 1092      74457665 
 1092      6E747300 
 1093              	.LASF26:
 1094 026b 51756164 		.ascii	"QuadDec_1_SetInterruptMask\000"
 1094      4465635F 
 1094      315F5365 
 1094      74496E74 
 1094      65727275 
 1095              	.LASF7:
 1096 0286 6C6F6E67 		.ascii	"long int\000"
 1096      20696E74 
 1096      00
 1097              	.LASF11:
 1098 028f 63686172 		.ascii	"char\000"
 1098      00
 1099              	.LASF2:
 1100 0294 6C6F6E67 		.ascii	"long double\000"
 1100      20646F75 
 1100      626C6500 
 1101              	.LASF3:
 1102 02a0 7369676E 		.ascii	"signed char\000"
 1102      65642063 
 1102      68617200 
 1103              	.LASF18:
 1104 02ac 51756164 		.ascii	"QuadDec_1_Init\000"
 1104      4465635F 
 1104      315F496E 
 1104      697400
 1105              	.LASF32:
 1106 02bb 47656E65 		.ascii	"Generated_Source\\PSoC5\\QuadDec_1.c\000"
 1106      72617465 
 1106      645F536F 
 1106      75726365 
 1106      5C50536F 
 1107              		.ident	"GCC: (GNU Tools for ARM Embedded Processors) 5.4.1 20160609 (release) [ARM/embedded-5-bran
