ARM GAS  C:\Users\JEFFSN~1\AppData\Local\Temp\cca6vxoe.s 			page 1


   1              		.syntax unified
   2              		.cpu cortex-m3
   3              		.fpu softvfp
   4              		.eabi_attribute 20, 1
   5              		.eabi_attribute 21, 1
   6              		.eabi_attribute 23, 3
   7              		.eabi_attribute 24, 1
   8              		.eabi_attribute 25, 1
   9              		.eabi_attribute 26, 1
  10              		.eabi_attribute 30, 6
  11              		.eabi_attribute 34, 1
  12              		.eabi_attribute 18, 4
  13              		.thumb
  14              		.syntax unified
  15              		.file	"removeOffsetNoise.c"
  16              		.text
  17              	.Ltext0:
  18              		.cfi_sections	.debug_frame
  19              		.comm	Decoder_1_Enabled,1,1
  20              		.section	.text.FilterSignal,"ax",%progbits
  21              		.align	2
  22              		.global	FilterSignal
  23              		.thumb
  24              		.thumb_func
  25              		.type	FilterSignal, %function
  26              	FilterSignal:
  27              	.LFB63:
  28              		.file 1 "removeOffsetNoise.c"
   1:removeOffsetNoise.c **** /******************************************************************************
   2:removeOffsetNoise.c **** * File Name: removeOffsetNoise.c
   3:removeOffsetNoise.c **** *  Version 2.0
   4:removeOffsetNoise.c **** *
   5:removeOffsetNoise.c **** * Description:
   6:removeOffsetNoise.c **** *  This file contains the functions that are used to find offset and perform 
   7:removeOffsetNoise.c **** *  IIR filter
   8:removeOffsetNoise.c **** *
   9:removeOffsetNoise.c **** * Note:
  10:removeOffsetNoise.c **** *
  11:removeOffsetNoise.c **** ********************************************************************************
  12:removeOffsetNoise.c **** * Copyright (2015), Cypress Semiconductor Corporation. All Rights Reserved.
  13:removeOffsetNoise.c **** ********************************************************************************
  14:removeOffsetNoise.c **** * This software is owned by Cypress Semiconductor Corporation (Cypress)
  15:removeOffsetNoise.c **** * and is protected by and subject to worldwide patent protection (United
  16:removeOffsetNoise.c **** * States and foreign), United States copyright laws and international treaty
  17:removeOffsetNoise.c **** * provisions. Cypress hereby grants to licensee a personal, non-exclusive,
  18:removeOffsetNoise.c **** * non-transferable license to copy, use, modify, create derivative works of,
  19:removeOffsetNoise.c **** * and compile the Cypress Source Code and derivative works for the sole
  20:removeOffsetNoise.c **** * purpose of creating custom software in support of licensee product to be
  21:removeOffsetNoise.c **** * used only in conjunction with a Cypress integrated circuit as specified in
  22:removeOffsetNoise.c **** * the applicable agreement. Any reproduction, modification, translation,
  23:removeOffsetNoise.c **** * compilation, or representation of this software except as specified above 
  24:removeOffsetNoise.c **** * is prohibited without the express written permission of Cypress.
  25:removeOffsetNoise.c **** *
  26:removeOffsetNoise.c **** * Disclaimer: CYPRESS MAKES NO WARRANTY OF ANY KIND, EXPRESS OR IMPLIED, WITH 
  27:removeOffsetNoise.c **** * REGARD TO THIS MATERIAL, INCLUDING, BUT NOT LIMITED TO, THE IMPLIED 
  28:removeOffsetNoise.c **** * WARRANTIES OF MERCHANTABILITY AND FITNESS FOR A PARTICULAR PURPOSE.
  29:removeOffsetNoise.c **** * Cypress reserves the right to make changes without further notice to the 
ARM GAS  C:\Users\JEFFSN~1\AppData\Local\Temp\cca6vxoe.s 			page 2


  30:removeOffsetNoise.c **** * materials described herein. Cypress does not assume any liability arising out 
  31:removeOffsetNoise.c **** * of the application or use of any product or circuit described herein. Cypress 
  32:removeOffsetNoise.c **** * does not authorize its products for use as critical components in life-support 
  33:removeOffsetNoise.c **** * systems where a malfunction or failure may reasonably be expected to result in 
  34:removeOffsetNoise.c **** * significant injury to the user. The inclusion of Cypress' product in a life-
  35:removeOffsetNoise.c **** * support systems application implies that the manufacturer assumes all risk of 
  36:removeOffsetNoise.c **** * such use and in doing so indemnifies Cypress against all charges. 
  37:removeOffsetNoise.c **** *
  38:removeOffsetNoise.c **** * Use of this Software may be limited by and subject to the applicable Cypress
  39:removeOffsetNoise.c **** * software license agreement. 
  40:removeOffsetNoise.c **** *******************************************************************************/
  41:removeOffsetNoise.c **** #include "removeOffsetNoise.h"
  42:removeOffsetNoise.c **** #include "measurement.h"
  43:removeOffsetNoise.c **** #include <device.h>
  44:removeOffsetNoise.c **** 
  45:removeOffsetNoise.c **** /*******************************************************************************
  46:removeOffsetNoise.c **** *  Function Name: FilterSignal
  47:removeOffsetNoise.c **** ********************************************************************************
  48:removeOffsetNoise.c **** * Summary:
  49:removeOffsetNoise.c **** *  This is IIR filter to process the sampled ADC data. For first sample passed 
  50:removeOffsetNoise.c **** *  the function simply returns the passed ADC sample. for second sample onwards,
  51:removeOffsetNoise.c **** *  Fraction of input signal based upon the filter coefficient, is calculated and 
  52:removeOffsetNoise.c **** *  added to the previously stored filtered value.
  53:removeOffsetNoise.c **** *
  54:removeOffsetNoise.c **** * Parameters:
  55:removeOffsetNoise.c **** * (int32)  ADCSample       - ADC sample read for given signal
  56:removeOffsetNoise.c **** * (uint8)  Sensor		   - Sensor to be Filtered
  57:removeOffsetNoise.c **** *
  58:removeOffsetNoise.c **** * Return: 
  59:removeOffsetNoise.c **** * (int32)filValueRounded - filtered value passed is updated after applying 
  60:removeOffsetNoise.c **** * IIR filter to the ADC sample.
  61:removeOffsetNoise.c **** *
  62:removeOffsetNoise.c **** * Theory:
  63:removeOffsetNoise.c **** * For more information on the IIR filter please refer to Cypress application
  64:removeOffsetNoise.c **** * note AN2099.
  65:removeOffsetNoise.c **** *
  66:removeOffsetNoise.c **** * Side Effects:
  67:removeOffsetNoise.c **** * None
  68:removeOffsetNoise.c **** *******************************************************************************/
  69:removeOffsetNoise.c **** int32 FilterSignal(int32 ADCSample, uint8 sensor)
  70:removeOffsetNoise.c **** {
  29              		.loc 1 70 0
  30              		.cfi_startproc
  31              		@ args = 0, pretend = 0, frame = 16
  32              		@ frame_needed = 1, uses_anonymous_args = 0
  33              		@ link register save eliminated.
  34 0000 80B4     		push	{r7}
  35              		.cfi_def_cfa_offset 4
  36              		.cfi_offset 7, -4
  37 0002 85B0     		sub	sp, sp, #20
  38              		.cfi_def_cfa_offset 24
  39 0004 00AF     		add	r7, sp, #0
  40              		.cfi_def_cfa_register 7
  41 0006 7860     		str	r0, [r7, #4]
  42 0008 0B46     		mov	r3, r1
  43 000a FB70     		strb	r3, [r7, #3]
  71:removeOffsetNoise.c **** 	/* Running filtered value accumulator */
ARM GAS  C:\Users\JEFFSN~1\AppData\Local\Temp\cca6vxoe.s 			page 3


  72:removeOffsetNoise.c **** 	static int32 filteredValue[NUM_SENSORS] = {0,0};
  73:removeOffsetNoise.c **** 	
  74:removeOffsetNoise.c **** 	/* Filtered value rounded-off to 20-bits */
  75:removeOffsetNoise.c **** 	int32 filValueRounded;
  76:removeOffsetNoise.c **** 	
  77:removeOffsetNoise.c **** 	/* Left shift input by MAX_FILTER_COEFF_SHIFT to allow divisions up to MAX_FILTER_COEFF_SHIFT */
  78:removeOffsetNoise.c **** 	ADCSample <<= MAX_FILTER_COEFF_SHIFT;
  44              		.loc 1 78 0
  45 000c 7B68     		ldr	r3, [r7, #4]
  46 000e 1B02     		lsls	r3, r3, #8
  47 0010 7B60     		str	r3, [r7, #4]
  79:removeOffsetNoise.c **** 	   
  80:removeOffsetNoise.c **** 	/* Pass the filter input as it is for fast changes in input */
  81:removeOffsetNoise.c ****     if ( (ADCSample > (filteredValue[sensor] + FILTER_FEEDFORWARD)) || (ADCSample < (filteredValue[
  48              		.loc 1 81 0
  49 0012 FB78     		ldrb	r3, [r7, #3]	@ zero_extendqisi2
  50 0014 174A     		ldr	r2, .L6
  51 0016 52F82330 		ldr	r3, [r2, r3, lsl #2]
  52 001a 03F54852 		add	r2, r3, #12800
  53 001e 7B68     		ldr	r3, [r7, #4]
  54 0020 9A42     		cmp	r2, r3
  55 0022 08DB     		blt	.L2
  56              		.loc 1 81 0 is_stmt 0 discriminator 1
  57 0024 FB78     		ldrb	r3, [r7, #3]	@ zero_extendqisi2
  58 0026 134A     		ldr	r2, .L6
  59 0028 52F82330 		ldr	r3, [r2, r3, lsl #2]
  60 002c A3F54852 		sub	r2, r3, #12800
  61 0030 7B68     		ldr	r3, [r7, #4]
  62 0032 9A42     		cmp	r2, r3
  63 0034 05DD     		ble	.L3
  64              	.L2:
  82:removeOffsetNoise.c ****     {
  83:removeOffsetNoise.c ****         filteredValue[sensor] = ADCSample;
  65              		.loc 1 83 0 is_stmt 1
  66 0036 FB78     		ldrb	r3, [r7, #3]	@ zero_extendqisi2
  67 0038 0E49     		ldr	r1, .L6
  68 003a 7A68     		ldr	r2, [r7, #4]
  69 003c 41F82320 		str	r2, [r1, r3, lsl #2]
  70 0040 04E0     		b	.L4
  71              	.L3:
  84:removeOffsetNoise.c ****     }
  85:removeOffsetNoise.c ****     
  86:removeOffsetNoise.c ****     /* If not the first sample then based on filter coefficient, filter the 
  87:removeOffsetNoise.c ****      * input signal */
  88:removeOffsetNoise.c ****     else
  89:removeOffsetNoise.c ****     {
  90:removeOffsetNoise.c **** 		/* IIR filter */
  91:removeOffsetNoise.c **** 		filteredValue[sensor] = filteredValue[sensor] + ((ADCSample - filteredValue[sensor]) >> RTD_FILTE
  72              		.loc 1 91 0
  73 0042 FB78     		ldrb	r3, [r7, #3]	@ zero_extendqisi2
  74 0044 0B49     		ldr	r1, .L6
  75 0046 7A68     		ldr	r2, [r7, #4]
  76 0048 41F82320 		str	r2, [r1, r3, lsl #2]
  77              	.L4:
  92:removeOffsetNoise.c **** 	}
  93:removeOffsetNoise.c **** 	
  94:removeOffsetNoise.c **** 	/* Compensate filter result for  left shift of 8 and round off */
ARM GAS  C:\Users\JEFFSN~1\AppData\Local\Temp\cca6vxoe.s 			page 4


  95:removeOffsetNoise.c **** 	filValueRounded = (filteredValue[sensor] >> MAX_FILTER_COEFF_SHIFT) + ((filteredValue[sensor] & 0x
  78              		.loc 1 95 0
  79 004c FB78     		ldrb	r3, [r7, #3]	@ zero_extendqisi2
  80 004e 094A     		ldr	r2, .L6
  81 0050 52F82330 		ldr	r3, [r2, r3, lsl #2]
  82 0054 1A12     		asrs	r2, r3, #8
  83 0056 FB78     		ldrb	r3, [r7, #3]	@ zero_extendqisi2
  84 0058 0649     		ldr	r1, .L6
  85 005a 51F82330 		ldr	r3, [r1, r3, lsl #2]
  86 005e DB11     		asrs	r3, r3, #7
  87 0060 03F00103 		and	r3, r3, #1
  88 0064 1344     		add	r3, r3, r2
  89 0066 FB60     		str	r3, [r7, #12]
  96:removeOffsetNoise.c **** 	
  97:removeOffsetNoise.c ****     return filValueRounded;
  90              		.loc 1 97 0
  91 0068 FB68     		ldr	r3, [r7, #12]
  98:removeOffsetNoise.c **** }
  92              		.loc 1 98 0
  93 006a 1846     		mov	r0, r3
  94 006c 1437     		adds	r7, r7, #20
  95              		.cfi_def_cfa_offset 4
  96 006e BD46     		mov	sp, r7
  97              		.cfi_def_cfa_register 13
  98              		@ sp needed
  99 0070 80BC     		pop	{r7}
 100              		.cfi_restore 7
 101              		.cfi_def_cfa_offset 0
 102 0072 7047     		bx	lr
 103              	.L7:
 104              		.align	2
 105              	.L6:
 106 0074 00000000 		.word	filteredValue.7292
 107              		.cfi_endproc
 108              	.LFE63:
 109              		.size	FilterSignal, .-FilterSignal
 110              		.section	.text.GetOffset,"ax",%progbits
 111              		.align	2
 112              		.global	GetOffset
 113              		.thumb
 114              		.thumb_func
 115              		.type	GetOffset, %function
 116              	GetOffset:
 117              	.LFB64:
  99:removeOffsetNoise.c **** 
 100:removeOffsetNoise.c **** /*******************************************************************************
 101:removeOffsetNoise.c **** *  Function Name: GetOffset
 102:removeOffsetNoise.c **** ********************************************************************************
 103:removeOffsetNoise.c **** * Summary:
 104:removeOffsetNoise.c **** * This function shorts the inputs of the ADC together and reads the offset. 
 105:removeOffsetNoise.c **** *
 106:removeOffsetNoise.c **** * Parameters:
 107:removeOffsetNoise.c **** * void:
 108:removeOffsetNoise.c **** *
 109:removeOffsetNoise.c **** * Return:
 110:removeOffsetNoise.c **** * int32: result (offset value).
 111:removeOffsetNoise.c **** *
ARM GAS  C:\Users\JEFFSN~1\AppData\Local\Temp\cca6vxoe.s 			page 5


 112:removeOffsetNoise.c **** * Theory:
 113:removeOffsetNoise.c **** *
 114:removeOffsetNoise.c **** * Side Effects:
 115:removeOffsetNoise.c **** * None
 116:removeOffsetNoise.c **** *******************************************************************************/
 117:removeOffsetNoise.c **** int32 GetOffset(void)
 118:removeOffsetNoise.c **** {
 118              		.loc 1 118 0
 119              		.cfi_startproc
 120              		@ args = 0, pretend = 0, frame = 8
 121              		@ frame_needed = 1, uses_anonymous_args = 0
 122              		@ link register save eliminated.
 123 0000 80B4     		push	{r7}
 124              		.cfi_def_cfa_offset 4
 125              		.cfi_offset 7, -4
 126 0002 83B0     		sub	sp, sp, #12
 127              		.cfi_def_cfa_offset 16
 128 0004 00AF     		add	r7, sp, #0
 129              		.cfi_def_cfa_register 7
 119:removeOffsetNoise.c **** 	int32 result;
 120:removeOffsetNoise.c **** 
 121:removeOffsetNoise.c ****   	/*Select the MUX channel and Measure the offset voltage*/	
 122:removeOffsetNoise.c **** 	//AMux_FastSelect(AMUX_1_CDS);
 123:removeOffsetNoise.c ****     //ADC_StartConvert();
 124:removeOffsetNoise.c **** 	//ADC_IsEndConversion(ADC_WAIT_FOR_RESULT);
 125:removeOffsetNoise.c **** 	//result = ADC_GetResult32();
 126:removeOffsetNoise.c **** 
 127:removeOffsetNoise.c ****     return result;
 130              		.loc 1 127 0
 131 0006 7B68     		ldr	r3, [r7, #4]
 128:removeOffsetNoise.c **** }
 132              		.loc 1 128 0
 133 0008 1846     		mov	r0, r3
 134 000a 0C37     		adds	r7, r7, #12
 135              		.cfi_def_cfa_offset 4
 136 000c BD46     		mov	sp, r7
 137              		.cfi_def_cfa_register 13
 138              		@ sp needed
 139 000e 80BC     		pop	{r7}
 140              		.cfi_restore 7
 141              		.cfi_def_cfa_offset 0
 142 0010 7047     		bx	lr
 143              		.cfi_endproc
 144              	.LFE64:
 145              		.size	GetOffset, .-GetOffset
 146 0012 00BF     		.bss
 147              		.align	2
 148              	filteredValue.7292:
 149 0000 00000000 		.space	8
 149      00000000 
 150              		.text
 151              	.Letext0:
 152              		.file 2 "c:\\program files (x86)\\cypress\\psoc creator\\4.4\\psoc creator\\import\\gnu\\arm\\5.4.
 153              		.file 3 "c:\\program files (x86)\\cypress\\psoc creator\\4.4\\psoc creator\\import\\gnu\\arm\\5.4.
 154              		.file 4 "Generated_Source\\PSoC5/cytypes.h"
 155              		.file 5 "Generated_Source\\PSoC5/core_cm3.h"
 156              		.file 6 "Generated_Source\\PSoC5/Decoder_1.h"
ARM GAS  C:\Users\JEFFSN~1\AppData\Local\Temp\cca6vxoe.s 			page 6


 157              		.section	.debug_info,"",%progbits
 158              	.Ldebug_info0:
 159 0000 68010000 		.4byte	0x168
 160 0004 0400     		.2byte	0x4
 161 0006 00000000 		.4byte	.Ldebug_abbrev0
 162 000a 04       		.byte	0x4
 163 000b 01       		.uleb128 0x1
 164 000c 12000000 		.4byte	.LASF27
 165 0010 0C       		.byte	0xc
 166 0011 FD000000 		.4byte	.LASF28
 167 0015 1F010000 		.4byte	.LASF29
 168 0019 00000000 		.4byte	.Ldebug_ranges0+0
 169 001d 00000000 		.4byte	0
 170 0021 00000000 		.4byte	.Ldebug_line0
 171 0025 02       		.uleb128 0x2
 172 0026 01       		.byte	0x1
 173 0027 06       		.byte	0x6
 174 0028 3F020000 		.4byte	.LASF0
 175 002c 02       		.uleb128 0x2
 176 002d 01       		.byte	0x1
 177 002e 08       		.byte	0x8
 178 002f CA000000 		.4byte	.LASF1
 179 0033 02       		.uleb128 0x2
 180 0034 02       		.byte	0x2
 181 0035 05       		.byte	0x5
 182 0036 0A020000 		.4byte	.LASF2
 183 003a 02       		.uleb128 0x2
 184 003b 02       		.byte	0x2
 185 003c 07       		.byte	0x7
 186 003d AA000000 		.4byte	.LASF3
 187 0041 03       		.uleb128 0x3
 188 0042 A0000000 		.4byte	.LASF9
 189 0046 02       		.byte	0x2
 190 0047 3F       		.byte	0x3f
 191 0048 4C000000 		.4byte	0x4c
 192 004c 02       		.uleb128 0x2
 193 004d 04       		.byte	0x4
 194 004e 05       		.byte	0x5
 195 004f 2A020000 		.4byte	.LASF4
 196 0053 02       		.uleb128 0x2
 197 0054 04       		.byte	0x4
 198 0055 07       		.byte	0x7
 199 0056 D8000000 		.4byte	.LASF5
 200 005a 02       		.uleb128 0x2
 201 005b 08       		.byte	0x8
 202 005c 05       		.byte	0x5
 203 005d E6010000 		.4byte	.LASF6
 204 0061 02       		.uleb128 0x2
 205 0062 08       		.byte	0x8
 206 0063 07       		.byte	0x7
 207 0064 AA010000 		.4byte	.LASF7
 208 0068 04       		.uleb128 0x4
 209 0069 04       		.byte	0x4
 210 006a 05       		.byte	0x5
 211 006b 696E7400 		.ascii	"int\000"
 212 006f 02       		.uleb128 0x2
 213 0070 04       		.byte	0x4
ARM GAS  C:\Users\JEFFSN~1\AppData\Local\Temp\cca6vxoe.s 			page 7


 214 0071 07       		.byte	0x7
 215 0072 9D010000 		.4byte	.LASF8
 216 0076 03       		.uleb128 0x3
 217 0077 D5010000 		.4byte	.LASF10
 218 007b 03       		.byte	0x3
 219 007c 2C       		.byte	0x2c
 220 007d 41000000 		.4byte	0x41
 221 0081 05       		.uleb128 0x5
 222 0082 14020000 		.4byte	.LASF11
 223 0086 04       		.byte	0x4
 224 0087 E901     		.2byte	0x1e9
 225 0089 2C000000 		.4byte	0x2c
 226 008d 05       		.uleb128 0x5
 227 008e EA000000 		.4byte	.LASF12
 228 0092 04       		.byte	0x4
 229 0093 EE01     		.2byte	0x1ee
 230 0095 4C000000 		.4byte	0x4c
 231 0099 02       		.uleb128 0x2
 232 009a 04       		.byte	0x4
 233 009b 04       		.byte	0x4
 234 009c C4000000 		.4byte	.LASF13
 235 00a0 02       		.uleb128 0x2
 236 00a1 08       		.byte	0x8
 237 00a2 04       		.byte	0x4
 238 00a3 BD000000 		.4byte	.LASF14
 239 00a7 02       		.uleb128 0x2
 240 00a8 01       		.byte	0x1
 241 00a9 08       		.byte	0x8
 242 00aa FE010000 		.4byte	.LASF15
 243 00ae 02       		.uleb128 0x2
 244 00af 08       		.byte	0x8
 245 00b0 04       		.byte	0x4
 246 00b1 33020000 		.4byte	.LASF16
 247 00b5 02       		.uleb128 0x2
 248 00b6 04       		.byte	0x4
 249 00b7 07       		.byte	0x7
 250 00b8 DD010000 		.4byte	.LASF17
 251 00bc 06       		.uleb128 0x6
 252 00bd C8010000 		.4byte	.LASF22
 253 00c1 01       		.byte	0x1
 254 00c2 45       		.byte	0x45
 255 00c3 8D000000 		.4byte	0x8d
 256 00c7 00000000 		.4byte	.LFB63
 257 00cb 78000000 		.4byte	.LFE63-.LFB63
 258 00cf 01       		.uleb128 0x1
 259 00d0 9C       		.byte	0x9c
 260 00d1 11010000 		.4byte	0x111
 261 00d5 07       		.uleb128 0x7
 262 00d6 F4010000 		.4byte	.LASF18
 263 00da 01       		.byte	0x1
 264 00db 45       		.byte	0x45
 265 00dc 8D000000 		.4byte	0x8d
 266 00e0 02       		.uleb128 0x2
 267 00e1 91       		.byte	0x91
 268 00e2 6C       		.sleb128 -20
 269 00e3 07       		.uleb128 0x7
 270 00e4 03020000 		.4byte	.LASF19
ARM GAS  C:\Users\JEFFSN~1\AppData\Local\Temp\cca6vxoe.s 			page 8


 271 00e8 01       		.byte	0x1
 272 00e9 45       		.byte	0x45
 273 00ea 81000000 		.4byte	0x81
 274 00ee 02       		.uleb128 0x2
 275 00ef 91       		.byte	0x91
 276 00f0 6B       		.sleb128 -21
 277 00f1 08       		.uleb128 0x8
 278 00f2 11010000 		.4byte	.LASF20
 279 00f6 01       		.byte	0x1
 280 00f7 48       		.byte	0x48
 281 00f8 11010000 		.4byte	0x111
 282 00fc 05       		.uleb128 0x5
 283 00fd 03       		.byte	0x3
 284 00fe 00000000 		.4byte	filteredValue.7292
 285 0102 08       		.uleb128 0x8
 286 0103 1A020000 		.4byte	.LASF21
 287 0107 01       		.byte	0x1
 288 0108 4B       		.byte	0x4b
 289 0109 8D000000 		.4byte	0x8d
 290 010d 02       		.uleb128 0x2
 291 010e 91       		.byte	0x91
 292 010f 74       		.sleb128 -12
 293 0110 00       		.byte	0
 294 0111 09       		.uleb128 0x9
 295 0112 8D000000 		.4byte	0x8d
 296 0116 21010000 		.4byte	0x121
 297 011a 0A       		.uleb128 0xa
 298 011b B5000000 		.4byte	0xb5
 299 011f 01       		.byte	0x1
 300 0120 00       		.byte	0
 301 0121 06       		.uleb128 0x6
 302 0122 4B020000 		.4byte	.LASF23
 303 0126 01       		.byte	0x1
 304 0127 75       		.byte	0x75
 305 0128 8D000000 		.4byte	0x8d
 306 012c 00000000 		.4byte	.LFB64
 307 0130 12000000 		.4byte	.LFE64-.LFB64
 308 0134 01       		.uleb128 0x1
 309 0135 9C       		.byte	0x9c
 310 0136 49010000 		.4byte	0x149
 311 013a 08       		.uleb128 0x8
 312 013b C1010000 		.4byte	.LASF24
 313 013f 01       		.byte	0x1
 314 0140 77       		.byte	0x77
 315 0141 8D000000 		.4byte	0x8d
 316 0145 02       		.uleb128 0x2
 317 0146 91       		.byte	0x91
 318 0147 74       		.sleb128 -12
 319 0148 00       		.byte	0
 320 0149 0B       		.uleb128 0xb
 321 014a F0000000 		.4byte	.LASF25
 322 014e 05       		.byte	0x5
 323 014f 1207     		.2byte	0x712
 324 0151 55010000 		.4byte	0x155
 325 0155 0C       		.uleb128 0xc
 326 0156 76000000 		.4byte	0x76
 327 015a 0D       		.uleb128 0xd
ARM GAS  C:\Users\JEFFSN~1\AppData\Local\Temp\cca6vxoe.s 			page 9


 328 015b 00000000 		.4byte	.LASF26
 329 015f 06       		.byte	0x6
 330 0160 41       		.byte	0x41
 331 0161 81000000 		.4byte	0x81
 332 0165 05       		.uleb128 0x5
 333 0166 03       		.byte	0x3
 334 0167 00000000 		.4byte	Decoder_1_Enabled
 335 016b 00       		.byte	0
 336              		.section	.debug_abbrev,"",%progbits
 337              	.Ldebug_abbrev0:
 338 0000 01       		.uleb128 0x1
 339 0001 11       		.uleb128 0x11
 340 0002 01       		.byte	0x1
 341 0003 25       		.uleb128 0x25
 342 0004 0E       		.uleb128 0xe
 343 0005 13       		.uleb128 0x13
 344 0006 0B       		.uleb128 0xb
 345 0007 03       		.uleb128 0x3
 346 0008 0E       		.uleb128 0xe
 347 0009 1B       		.uleb128 0x1b
 348 000a 0E       		.uleb128 0xe
 349 000b 55       		.uleb128 0x55
 350 000c 17       		.uleb128 0x17
 351 000d 11       		.uleb128 0x11
 352 000e 01       		.uleb128 0x1
 353 000f 10       		.uleb128 0x10
 354 0010 17       		.uleb128 0x17
 355 0011 00       		.byte	0
 356 0012 00       		.byte	0
 357 0013 02       		.uleb128 0x2
 358 0014 24       		.uleb128 0x24
 359 0015 00       		.byte	0
 360 0016 0B       		.uleb128 0xb
 361 0017 0B       		.uleb128 0xb
 362 0018 3E       		.uleb128 0x3e
 363 0019 0B       		.uleb128 0xb
 364 001a 03       		.uleb128 0x3
 365 001b 0E       		.uleb128 0xe
 366 001c 00       		.byte	0
 367 001d 00       		.byte	0
 368 001e 03       		.uleb128 0x3
 369 001f 16       		.uleb128 0x16
 370 0020 00       		.byte	0
 371 0021 03       		.uleb128 0x3
 372 0022 0E       		.uleb128 0xe
 373 0023 3A       		.uleb128 0x3a
 374 0024 0B       		.uleb128 0xb
 375 0025 3B       		.uleb128 0x3b
 376 0026 0B       		.uleb128 0xb
 377 0027 49       		.uleb128 0x49
 378 0028 13       		.uleb128 0x13
 379 0029 00       		.byte	0
 380 002a 00       		.byte	0
 381 002b 04       		.uleb128 0x4
 382 002c 24       		.uleb128 0x24
 383 002d 00       		.byte	0
 384 002e 0B       		.uleb128 0xb
ARM GAS  C:\Users\JEFFSN~1\AppData\Local\Temp\cca6vxoe.s 			page 10


 385 002f 0B       		.uleb128 0xb
 386 0030 3E       		.uleb128 0x3e
 387 0031 0B       		.uleb128 0xb
 388 0032 03       		.uleb128 0x3
 389 0033 08       		.uleb128 0x8
 390 0034 00       		.byte	0
 391 0035 00       		.byte	0
 392 0036 05       		.uleb128 0x5
 393 0037 16       		.uleb128 0x16
 394 0038 00       		.byte	0
 395 0039 03       		.uleb128 0x3
 396 003a 0E       		.uleb128 0xe
 397 003b 3A       		.uleb128 0x3a
 398 003c 0B       		.uleb128 0xb
 399 003d 3B       		.uleb128 0x3b
 400 003e 05       		.uleb128 0x5
 401 003f 49       		.uleb128 0x49
 402 0040 13       		.uleb128 0x13
 403 0041 00       		.byte	0
 404 0042 00       		.byte	0
 405 0043 06       		.uleb128 0x6
 406 0044 2E       		.uleb128 0x2e
 407 0045 01       		.byte	0x1
 408 0046 3F       		.uleb128 0x3f
 409 0047 19       		.uleb128 0x19
 410 0048 03       		.uleb128 0x3
 411 0049 0E       		.uleb128 0xe
 412 004a 3A       		.uleb128 0x3a
 413 004b 0B       		.uleb128 0xb
 414 004c 3B       		.uleb128 0x3b
 415 004d 0B       		.uleb128 0xb
 416 004e 27       		.uleb128 0x27
 417 004f 19       		.uleb128 0x19
 418 0050 49       		.uleb128 0x49
 419 0051 13       		.uleb128 0x13
 420 0052 11       		.uleb128 0x11
 421 0053 01       		.uleb128 0x1
 422 0054 12       		.uleb128 0x12
 423 0055 06       		.uleb128 0x6
 424 0056 40       		.uleb128 0x40
 425 0057 18       		.uleb128 0x18
 426 0058 9742     		.uleb128 0x2117
 427 005a 19       		.uleb128 0x19
 428 005b 01       		.uleb128 0x1
 429 005c 13       		.uleb128 0x13
 430 005d 00       		.byte	0
 431 005e 00       		.byte	0
 432 005f 07       		.uleb128 0x7
 433 0060 05       		.uleb128 0x5
 434 0061 00       		.byte	0
 435 0062 03       		.uleb128 0x3
 436 0063 0E       		.uleb128 0xe
 437 0064 3A       		.uleb128 0x3a
 438 0065 0B       		.uleb128 0xb
 439 0066 3B       		.uleb128 0x3b
 440 0067 0B       		.uleb128 0xb
 441 0068 49       		.uleb128 0x49
ARM GAS  C:\Users\JEFFSN~1\AppData\Local\Temp\cca6vxoe.s 			page 11


 442 0069 13       		.uleb128 0x13
 443 006a 02       		.uleb128 0x2
 444 006b 18       		.uleb128 0x18
 445 006c 00       		.byte	0
 446 006d 00       		.byte	0
 447 006e 08       		.uleb128 0x8
 448 006f 34       		.uleb128 0x34
 449 0070 00       		.byte	0
 450 0071 03       		.uleb128 0x3
 451 0072 0E       		.uleb128 0xe
 452 0073 3A       		.uleb128 0x3a
 453 0074 0B       		.uleb128 0xb
 454 0075 3B       		.uleb128 0x3b
 455 0076 0B       		.uleb128 0xb
 456 0077 49       		.uleb128 0x49
 457 0078 13       		.uleb128 0x13
 458 0079 02       		.uleb128 0x2
 459 007a 18       		.uleb128 0x18
 460 007b 00       		.byte	0
 461 007c 00       		.byte	0
 462 007d 09       		.uleb128 0x9
 463 007e 01       		.uleb128 0x1
 464 007f 01       		.byte	0x1
 465 0080 49       		.uleb128 0x49
 466 0081 13       		.uleb128 0x13
 467 0082 01       		.uleb128 0x1
 468 0083 13       		.uleb128 0x13
 469 0084 00       		.byte	0
 470 0085 00       		.byte	0
 471 0086 0A       		.uleb128 0xa
 472 0087 21       		.uleb128 0x21
 473 0088 00       		.byte	0
 474 0089 49       		.uleb128 0x49
 475 008a 13       		.uleb128 0x13
 476 008b 2F       		.uleb128 0x2f
 477 008c 0B       		.uleb128 0xb
 478 008d 00       		.byte	0
 479 008e 00       		.byte	0
 480 008f 0B       		.uleb128 0xb
 481 0090 34       		.uleb128 0x34
 482 0091 00       		.byte	0
 483 0092 03       		.uleb128 0x3
 484 0093 0E       		.uleb128 0xe
 485 0094 3A       		.uleb128 0x3a
 486 0095 0B       		.uleb128 0xb
 487 0096 3B       		.uleb128 0x3b
 488 0097 05       		.uleb128 0x5
 489 0098 49       		.uleb128 0x49
 490 0099 13       		.uleb128 0x13
 491 009a 3F       		.uleb128 0x3f
 492 009b 19       		.uleb128 0x19
 493 009c 3C       		.uleb128 0x3c
 494 009d 19       		.uleb128 0x19
 495 009e 00       		.byte	0
 496 009f 00       		.byte	0
 497 00a0 0C       		.uleb128 0xc
 498 00a1 35       		.uleb128 0x35
ARM GAS  C:\Users\JEFFSN~1\AppData\Local\Temp\cca6vxoe.s 			page 12


 499 00a2 00       		.byte	0
 500 00a3 49       		.uleb128 0x49
 501 00a4 13       		.uleb128 0x13
 502 00a5 00       		.byte	0
 503 00a6 00       		.byte	0
 504 00a7 0D       		.uleb128 0xd
 505 00a8 34       		.uleb128 0x34
 506 00a9 00       		.byte	0
 507 00aa 03       		.uleb128 0x3
 508 00ab 0E       		.uleb128 0xe
 509 00ac 3A       		.uleb128 0x3a
 510 00ad 0B       		.uleb128 0xb
 511 00ae 3B       		.uleb128 0x3b
 512 00af 0B       		.uleb128 0xb
 513 00b0 49       		.uleb128 0x49
 514 00b1 13       		.uleb128 0x13
 515 00b2 3F       		.uleb128 0x3f
 516 00b3 19       		.uleb128 0x19
 517 00b4 02       		.uleb128 0x2
 518 00b5 18       		.uleb128 0x18
 519 00b6 00       		.byte	0
 520 00b7 00       		.byte	0
 521 00b8 00       		.byte	0
 522              		.section	.debug_aranges,"",%progbits
 523 0000 24000000 		.4byte	0x24
 524 0004 0200     		.2byte	0x2
 525 0006 00000000 		.4byte	.Ldebug_info0
 526 000a 04       		.byte	0x4
 527 000b 00       		.byte	0
 528 000c 0000     		.2byte	0
 529 000e 0000     		.2byte	0
 530 0010 00000000 		.4byte	.LFB63
 531 0014 78000000 		.4byte	.LFE63-.LFB63
 532 0018 00000000 		.4byte	.LFB64
 533 001c 12000000 		.4byte	.LFE64-.LFB64
 534 0020 00000000 		.4byte	0
 535 0024 00000000 		.4byte	0
 536              		.section	.debug_ranges,"",%progbits
 537              	.Ldebug_ranges0:
 538 0000 00000000 		.4byte	.LFB63
 539 0004 78000000 		.4byte	.LFE63
 540 0008 00000000 		.4byte	.LFB64
 541 000c 12000000 		.4byte	.LFE64
 542 0010 00000000 		.4byte	0
 543 0014 00000000 		.4byte	0
 544              		.section	.debug_line,"",%progbits
 545              	.Ldebug_line0:
 546 0000 A0010000 		.section	.debug_str,"MS",%progbits,1
 546      02006801 
 546      00000201 
 546      FB0E0D00 
 546      01010101 
 547              	.LASF26:
 548 0000 4465636F 		.ascii	"Decoder_1_Enabled\000"
 548      6465725F 
 548      315F456E 
 548      61626C65 
ARM GAS  C:\Users\JEFFSN~1\AppData\Local\Temp\cca6vxoe.s 			page 13


 548      6400
 549              	.LASF27:
 550 0012 474E5520 		.ascii	"GNU C11 5.4.1 20160609 (release) [ARM/embedded-5-br"
 550      43313120 
 550      352E342E 
 550      31203230 
 550      31363036 
 551 0045 616E6368 		.ascii	"anch revision 237715] -mcpu=cortex-m3 -mthumb -g -O"
 551      20726576 
 551      6973696F 
 551      6E203233 
 551      37373135 
 552 0078 30202D66 		.ascii	"0 -ffunction-sections -ffat-lto-objects\000"
 552      66756E63 
 552      74696F6E 
 552      2D736563 
 552      74696F6E 
 553              	.LASF9:
 554 00a0 5F5F696E 		.ascii	"__int32_t\000"
 554      7433325F 
 554      7400
 555              	.LASF3:
 556 00aa 73686F72 		.ascii	"short unsigned int\000"
 556      7420756E 
 556      7369676E 
 556      65642069 
 556      6E7400
 557              	.LASF14:
 558 00bd 646F7562 		.ascii	"double\000"
 558      6C6500
 559              	.LASF13:
 560 00c4 666C6F61 		.ascii	"float\000"
 560      7400
 561              	.LASF1:
 562 00ca 756E7369 		.ascii	"unsigned char\000"
 562      676E6564 
 562      20636861 
 562      7200
 563              	.LASF5:
 564 00d8 6C6F6E67 		.ascii	"long unsigned int\000"
 564      20756E73 
 564      69676E65 
 564      6420696E 
 564      7400
 565              	.LASF12:
 566 00ea 696E7433 		.ascii	"int32\000"
 566      3200
 567              	.LASF25:
 568 00f0 49544D5F 		.ascii	"ITM_RxBuffer\000"
 568      52784275 
 568      66666572 
 568      00
 569              	.LASF28:
 570 00fd 72656D6F 		.ascii	"removeOffsetNoise.c\000"
 570      76654F66 
 570      66736574 
 570      4E6F6973 
ARM GAS  C:\Users\JEFFSN~1\AppData\Local\Temp\cca6vxoe.s 			page 14


 570      652E6300 
 571              	.LASF20:
 572 0111 66696C74 		.ascii	"filteredValue\000"
 572      65726564 
 572      56616C75 
 572      6500
 573              	.LASF29:
 574 011f 433A5C55 		.ascii	"C:\\Users\\JeffSnyder\\dev\\Electrosteel_embedded\\"
 574      73657273 
 574      5C4A6566 
 574      66536E79 
 574      6465725C 
 575 014d 50534F43 		.ascii	"PSOC5_electrosteel_stringsensors_newpcb_brain\\CE21"
 575      355F656C 
 575      65637472 
 575      6F737465 
 575      656C5F73 
 576 017f 30353134 		.ascii	"0514_PSOC3_5_Thermistor.cydsn\000"
 576      5F50534F 
 576      43335F35 
 576      5F546865 
 576      726D6973 
 577              	.LASF8:
 578 019d 756E7369 		.ascii	"unsigned int\000"
 578      676E6564 
 578      20696E74 
 578      00
 579              	.LASF7:
 580 01aa 6C6F6E67 		.ascii	"long long unsigned int\000"
 580      206C6F6E 
 580      6720756E 
 580      7369676E 
 580      65642069 
 581              	.LASF24:
 582 01c1 72657375 		.ascii	"result\000"
 582      6C7400
 583              	.LASF22:
 584 01c8 46696C74 		.ascii	"FilterSignal\000"
 584      65725369 
 584      676E616C 
 584      00
 585              	.LASF10:
 586 01d5 696E7433 		.ascii	"int32_t\000"
 586      325F7400 
 587              	.LASF17:
 588 01dd 73697A65 		.ascii	"sizetype\000"
 588      74797065 
 588      00
 589              	.LASF6:
 590 01e6 6C6F6E67 		.ascii	"long long int\000"
 590      206C6F6E 
 590      6720696E 
 590      7400
 591              	.LASF18:
 592 01f4 41444353 		.ascii	"ADCSample\000"
 592      616D706C 
 592      6500
ARM GAS  C:\Users\JEFFSN~1\AppData\Local\Temp\cca6vxoe.s 			page 15


 593              	.LASF15:
 594 01fe 63686172 		.ascii	"char\000"
 594      00
 595              	.LASF19:
 596 0203 73656E73 		.ascii	"sensor\000"
 596      6F7200
 597              	.LASF2:
 598 020a 73686F72 		.ascii	"short int\000"
 598      7420696E 
 598      7400
 599              	.LASF11:
 600 0214 75696E74 		.ascii	"uint8\000"
 600      3800
 601              	.LASF21:
 602 021a 66696C56 		.ascii	"filValueRounded\000"
 602      616C7565 
 602      526F756E 
 602      64656400 
 603              	.LASF4:
 604 022a 6C6F6E67 		.ascii	"long int\000"
 604      20696E74 
 604      00
 605              	.LASF16:
 606 0233 6C6F6E67 		.ascii	"long double\000"
 606      20646F75 
 606      626C6500 
 607              	.LASF0:
 608 023f 7369676E 		.ascii	"signed char\000"
 608      65642063 
 608      68617200 
 609              	.LASF23:
 610 024b 4765744F 		.ascii	"GetOffset\000"
 610      66667365 
 610      7400
 611              		.ident	"GCC: (GNU Tools for ARM Embedded Processors) 5.4.1 20160609 (release) [ARM/embedded-5-bran
