ARM GAS  C:\Users\JEFFSN~1\AppData\Local\Temp\cc3DttUG.s 			page 1


   1              		.syntax unified
   2              		.cpu cortex-m3
   3              		.fpu softvfp
   4              		.eabi_attribute 20, 1
   5              		.eabi_attribute 21, 1
   6              		.eabi_attribute 23, 3
   7              		.eabi_attribute 24, 1
   8              		.eabi_attribute 25, 1
   9              		.eabi_attribute 26, 1
  10              		.eabi_attribute 30, 6
  11              		.eabi_attribute 34, 1
  12              		.eabi_attribute 18, 4
  13              		.thumb
  14              		.syntax unified
  15              		.file	"SPIS_1_INT.c"
  16              		.text
  17              	.Ltext0:
  18              		.cfi_sections	.debug_frame
  19              		.section	.text.SPIS_1_TX_ISR,"ax",%progbits
  20              		.align	2
  21              		.global	SPIS_1_TX_ISR
  22              		.thumb
  23              		.thumb_func
  24              		.type	SPIS_1_TX_ISR, %function
  25              	SPIS_1_TX_ISR:
  26              	.LFB0:
  27              		.file 1 "Generated_Source\\PSoC5\\SPIS_1_INT.c"
   1:Generated_Source\PSoC5/SPIS_1_INT.c **** /*******************************************************************************
   2:Generated_Source\PSoC5/SPIS_1_INT.c **** * File Name: SPIS_1_INT.c
   3:Generated_Source\PSoC5/SPIS_1_INT.c **** * Version 2.70
   4:Generated_Source\PSoC5/SPIS_1_INT.c **** *
   5:Generated_Source\PSoC5/SPIS_1_INT.c **** * Description:
   6:Generated_Source\PSoC5/SPIS_1_INT.c **** *  This file provides all Interrupt Service Routine (ISR) for the SPI Slave
   7:Generated_Source\PSoC5/SPIS_1_INT.c **** *  component.
   8:Generated_Source\PSoC5/SPIS_1_INT.c **** *
   9:Generated_Source\PSoC5/SPIS_1_INT.c **** * Note:
  10:Generated_Source\PSoC5/SPIS_1_INT.c **** *  None.
  11:Generated_Source\PSoC5/SPIS_1_INT.c **** *
  12:Generated_Source\PSoC5/SPIS_1_INT.c **** ********************************************************************************
  13:Generated_Source\PSoC5/SPIS_1_INT.c **** * Copyright 2008-2015, Cypress Semiconductor Corporation.  All rights reserved.
  14:Generated_Source\PSoC5/SPIS_1_INT.c **** * You may use this file only in accordance with the license, terms, conditions,
  15:Generated_Source\PSoC5/SPIS_1_INT.c **** * disclaimers, and limitations in the end user license agreement accompanying
  16:Generated_Source\PSoC5/SPIS_1_INT.c **** * the software package with which this file was provided.
  17:Generated_Source\PSoC5/SPIS_1_INT.c **** *******************************************************************************/
  18:Generated_Source\PSoC5/SPIS_1_INT.c **** 
  19:Generated_Source\PSoC5/SPIS_1_INT.c **** #include "SPIS_1_PVT.h"
  20:Generated_Source\PSoC5/SPIS_1_INT.c **** 
  21:Generated_Source\PSoC5/SPIS_1_INT.c **** 
  22:Generated_Source\PSoC5/SPIS_1_INT.c **** /* User code required at start of ISR */
  23:Generated_Source\PSoC5/SPIS_1_INT.c **** /* `#START SPIS_1_ISR_START_DEF` */
  24:Generated_Source\PSoC5/SPIS_1_INT.c **** 
  25:Generated_Source\PSoC5/SPIS_1_INT.c **** /* `#END` */
  26:Generated_Source\PSoC5/SPIS_1_INT.c **** 
  27:Generated_Source\PSoC5/SPIS_1_INT.c **** 
  28:Generated_Source\PSoC5/SPIS_1_INT.c **** /*******************************************************************************
  29:Generated_Source\PSoC5/SPIS_1_INT.c **** * Function Name: SPIS_1_TX_ISR
  30:Generated_Source\PSoC5/SPIS_1_INT.c **** *
ARM GAS  C:\Users\JEFFSN~1\AppData\Local\Temp\cc3DttUG.s 			page 2


  31:Generated_Source\PSoC5/SPIS_1_INT.c **** * Summary:
  32:Generated_Source\PSoC5/SPIS_1_INT.c **** *  Interrupt Service Routine for TX portion of the SPI Slave.
  33:Generated_Source\PSoC5/SPIS_1_INT.c **** *
  34:Generated_Source\PSoC5/SPIS_1_INT.c **** * Parameters:
  35:Generated_Source\PSoC5/SPIS_1_INT.c **** *  None.
  36:Generated_Source\PSoC5/SPIS_1_INT.c **** *
  37:Generated_Source\PSoC5/SPIS_1_INT.c **** * Return:
  38:Generated_Source\PSoC5/SPIS_1_INT.c **** *  None.
  39:Generated_Source\PSoC5/SPIS_1_INT.c **** *
  40:Generated_Source\PSoC5/SPIS_1_INT.c **** * Global variables:
  41:Generated_Source\PSoC5/SPIS_1_INT.c **** *  SPIS_1_txBufferWrite - used for the account of the bytes which
  42:Generated_Source\PSoC5/SPIS_1_INT.c **** *  have been written down in the TX software buffer.
  43:Generated_Source\PSoC5/SPIS_1_INT.c **** *  SPIS_1_txBufferRead - used for the account of the bytes which
  44:Generated_Source\PSoC5/SPIS_1_INT.c **** *  have been read from the TX software buffer, modified when exist data to
  45:Generated_Source\PSoC5/SPIS_1_INT.c **** *  sending and FIFO Not Full.
  46:Generated_Source\PSoC5/SPIS_1_INT.c **** *  SPIS_1_txBuffer[SPIS_1_TX_BUFFER_SIZE] - used to store
  47:Generated_Source\PSoC5/SPIS_1_INT.c **** *  data to sending.
  48:Generated_Source\PSoC5/SPIS_1_INT.c **** *  All described above Global variables are used when Software Buffer is used.
  49:Generated_Source\PSoC5/SPIS_1_INT.c **** *
  50:Generated_Source\PSoC5/SPIS_1_INT.c **** *******************************************************************************/
  51:Generated_Source\PSoC5/SPIS_1_INT.c **** CY_ISR(SPIS_1_TX_ISR)
  52:Generated_Source\PSoC5/SPIS_1_INT.c **** {
  28              		.loc 1 52 0
  29              		.cfi_startproc
  30              		@ args = 0, pretend = 0, frame = 0
  31              		@ frame_needed = 1, uses_anonymous_args = 0
  32              		@ link register save eliminated.
  33 0000 80B4     		push	{r7}
  34              		.cfi_def_cfa_offset 4
  35              		.cfi_offset 7, -4
  36 0002 00AF     		add	r7, sp, #0
  37              		.cfi_def_cfa_register 7
  53:Generated_Source\PSoC5/SPIS_1_INT.c **** 
  54:Generated_Source\PSoC5/SPIS_1_INT.c ****     #if(SPIS_1_TX_SOFTWARE_BUF_ENABLED)
  55:Generated_Source\PSoC5/SPIS_1_INT.c ****         uint8 tmpStatus;
  56:Generated_Source\PSoC5/SPIS_1_INT.c ****     #endif /* (SPIS_1_TX_SOFTWARE_BUF_ENABLED) */
  57:Generated_Source\PSoC5/SPIS_1_INT.c **** 
  58:Generated_Source\PSoC5/SPIS_1_INT.c ****     #ifdef SPIS_1_TX_ISR_ENTRY_CALLBACK
  59:Generated_Source\PSoC5/SPIS_1_INT.c ****         SPIS_1_TX_ISR_EntryCallback();
  60:Generated_Source\PSoC5/SPIS_1_INT.c ****     #endif /* SPIS_1_TX_ISR_ENTRY_CALLBACK */
  61:Generated_Source\PSoC5/SPIS_1_INT.c **** 
  62:Generated_Source\PSoC5/SPIS_1_INT.c ****     /* User code required at start of ISR */
  63:Generated_Source\PSoC5/SPIS_1_INT.c ****     /* `#START SPIS_1_ISR_TX_START` */
  64:Generated_Source\PSoC5/SPIS_1_INT.c **** 
  65:Generated_Source\PSoC5/SPIS_1_INT.c ****     /* `#END` */
  66:Generated_Source\PSoC5/SPIS_1_INT.c **** 
  67:Generated_Source\PSoC5/SPIS_1_INT.c ****     #if(SPIS_1_TX_SOFTWARE_BUF_ENABLED)
  68:Generated_Source\PSoC5/SPIS_1_INT.c ****         /* Component interrupt service code */
  69:Generated_Source\PSoC5/SPIS_1_INT.c **** 
  70:Generated_Source\PSoC5/SPIS_1_INT.c ****         /* See if TX data buffer is not empty and there is space in TX FIFO */
  71:Generated_Source\PSoC5/SPIS_1_INT.c ****         while(SPIS_1_txBufferRead != SPIS_1_txBufferWrite)
  72:Generated_Source\PSoC5/SPIS_1_INT.c ****         {
  73:Generated_Source\PSoC5/SPIS_1_INT.c ****             tmpStatus = SPIS_1_GET_STATUS_TX(SPIS_1_swStatusTx);
  74:Generated_Source\PSoC5/SPIS_1_INT.c ****             SPIS_1_swStatusTx = tmpStatus;
  75:Generated_Source\PSoC5/SPIS_1_INT.c **** 
  76:Generated_Source\PSoC5/SPIS_1_INT.c ****             if ((SPIS_1_swStatusTx & SPIS_1_STS_TX_FIFO_NOT_FULL) != 0u)
  77:Generated_Source\PSoC5/SPIS_1_INT.c ****             {
ARM GAS  C:\Users\JEFFSN~1\AppData\Local\Temp\cc3DttUG.s 			page 3


  78:Generated_Source\PSoC5/SPIS_1_INT.c ****                 if(SPIS_1_txBufferFull == 0u)
  79:Generated_Source\PSoC5/SPIS_1_INT.c ****                 {
  80:Generated_Source\PSoC5/SPIS_1_INT.c ****                    SPIS_1_txBufferRead++;
  81:Generated_Source\PSoC5/SPIS_1_INT.c **** 
  82:Generated_Source\PSoC5/SPIS_1_INT.c ****                     if(SPIS_1_txBufferRead >= SPIS_1_TX_BUFFER_SIZE)
  83:Generated_Source\PSoC5/SPIS_1_INT.c ****                     {
  84:Generated_Source\PSoC5/SPIS_1_INT.c ****                         SPIS_1_txBufferRead = 0u;
  85:Generated_Source\PSoC5/SPIS_1_INT.c ****                     }
  86:Generated_Source\PSoC5/SPIS_1_INT.c ****                 }
  87:Generated_Source\PSoC5/SPIS_1_INT.c ****                 else
  88:Generated_Source\PSoC5/SPIS_1_INT.c ****                 {
  89:Generated_Source\PSoC5/SPIS_1_INT.c ****                     SPIS_1_txBufferFull = 0u;
  90:Generated_Source\PSoC5/SPIS_1_INT.c ****                 }
  91:Generated_Source\PSoC5/SPIS_1_INT.c **** 
  92:Generated_Source\PSoC5/SPIS_1_INT.c ****                 /* Put data element into the TX FIFO */
  93:Generated_Source\PSoC5/SPIS_1_INT.c ****                 CY_SET_REG8(SPIS_1_TXDATA_PTR, 
  94:Generated_Source\PSoC5/SPIS_1_INT.c ****                                              SPIS_1_txBuffer[SPIS_1_txBufferRead]);
  95:Generated_Source\PSoC5/SPIS_1_INT.c ****             }
  96:Generated_Source\PSoC5/SPIS_1_INT.c ****             else
  97:Generated_Source\PSoC5/SPIS_1_INT.c ****             {
  98:Generated_Source\PSoC5/SPIS_1_INT.c ****                 break;
  99:Generated_Source\PSoC5/SPIS_1_INT.c ****             }
 100:Generated_Source\PSoC5/SPIS_1_INT.c ****         }
 101:Generated_Source\PSoC5/SPIS_1_INT.c **** 
 102:Generated_Source\PSoC5/SPIS_1_INT.c ****         /* If Buffer is empty then disable TX FIFO status interrupt until there is data in the buff
 103:Generated_Source\PSoC5/SPIS_1_INT.c ****         if(SPIS_1_txBufferRead == SPIS_1_txBufferWrite)
 104:Generated_Source\PSoC5/SPIS_1_INT.c ****         {
 105:Generated_Source\PSoC5/SPIS_1_INT.c ****             SPIS_1_TX_STATUS_MASK_REG &= ((uint8)~SPIS_1_STS_TX_FIFO_NOT_FULL);
 106:Generated_Source\PSoC5/SPIS_1_INT.c ****         }
 107:Generated_Source\PSoC5/SPIS_1_INT.c **** 
 108:Generated_Source\PSoC5/SPIS_1_INT.c ****     #endif /* SPIS_1_TX_SOFTWARE_BUF_ENABLED */
 109:Generated_Source\PSoC5/SPIS_1_INT.c **** 
 110:Generated_Source\PSoC5/SPIS_1_INT.c ****     /* User code required at end of ISR (Optional) */
 111:Generated_Source\PSoC5/SPIS_1_INT.c ****     /* `#START SPIS_1_ISR_TX_END` */
 112:Generated_Source\PSoC5/SPIS_1_INT.c **** 
 113:Generated_Source\PSoC5/SPIS_1_INT.c ****     /* `#END` */
 114:Generated_Source\PSoC5/SPIS_1_INT.c ****     
 115:Generated_Source\PSoC5/SPIS_1_INT.c ****     #ifdef SPIS_1_TX_ISR_EXIT_CALLBACK
 116:Generated_Source\PSoC5/SPIS_1_INT.c ****         SPIS_1_TX_ISR_ExitCallback();
 117:Generated_Source\PSoC5/SPIS_1_INT.c ****     #endif /* SPIS_1_TX_ISR_EXIT_CALLBACK */
 118:Generated_Source\PSoC5/SPIS_1_INT.c ****    }
  38              		.loc 1 118 0
  39 0004 00BF     		nop
  40 0006 BD46     		mov	sp, r7
  41              		.cfi_def_cfa_register 13
  42              		@ sp needed
  43 0008 80BC     		pop	{r7}
  44              		.cfi_restore 7
  45              		.cfi_def_cfa_offset 0
  46 000a 7047     		bx	lr
  47              		.cfi_endproc
  48              	.LFE0:
  49              		.size	SPIS_1_TX_ISR, .-SPIS_1_TX_ISR
  50              		.section	.text.SPIS_1_RX_ISR,"ax",%progbits
  51              		.align	2
  52              		.global	SPIS_1_RX_ISR
  53              		.thumb
ARM GAS  C:\Users\JEFFSN~1\AppData\Local\Temp\cc3DttUG.s 			page 4


  54              		.thumb_func
  55              		.type	SPIS_1_RX_ISR, %function
  56              	SPIS_1_RX_ISR:
  57              	.LFB1:
 119:Generated_Source\PSoC5/SPIS_1_INT.c **** 
 120:Generated_Source\PSoC5/SPIS_1_INT.c **** 
 121:Generated_Source\PSoC5/SPIS_1_INT.c **** /*******************************************************************************
 122:Generated_Source\PSoC5/SPIS_1_INT.c **** * Function Name: SPIS_1_RX_ISR
 123:Generated_Source\PSoC5/SPIS_1_INT.c **** *
 124:Generated_Source\PSoC5/SPIS_1_INT.c **** * Summary:
 125:Generated_Source\PSoC5/SPIS_1_INT.c **** *  Interrupt Service Routine for RX portion of the SPI Slave.
 126:Generated_Source\PSoC5/SPIS_1_INT.c **** *
 127:Generated_Source\PSoC5/SPIS_1_INT.c **** * Parameters:
 128:Generated_Source\PSoC5/SPIS_1_INT.c **** *  None.
 129:Generated_Source\PSoC5/SPIS_1_INT.c **** *
 130:Generated_Source\PSoC5/SPIS_1_INT.c **** * Return:
 131:Generated_Source\PSoC5/SPIS_1_INT.c **** *  None.
 132:Generated_Source\PSoC5/SPIS_1_INT.c **** *
 133:Generated_Source\PSoC5/SPIS_1_INT.c **** * Global variables:
 134:Generated_Source\PSoC5/SPIS_1_INT.c **** *  SPIS_1_rxBufferWrite - used for the account of the bytes which
 135:Generated_Source\PSoC5/SPIS_1_INT.c **** *  have been written down in the RX software buffer modified when FIFO contains
 136:Generated_Source\PSoC5/SPIS_1_INT.c **** *  new data.
 137:Generated_Source\PSoC5/SPIS_1_INT.c **** *  SPIS_1_rxBufferRead - used for the account of the bytes which
 138:Generated_Source\PSoC5/SPIS_1_INT.c **** *  have been read from the RX software buffer, modified when overflow occurred.
 139:Generated_Source\PSoC5/SPIS_1_INT.c **** *  SPIS_1_rxBuffer[SPIS_1_RX_BUFFER_SIZE] - used to store
 140:Generated_Source\PSoC5/SPIS_1_INT.c **** *  received data, modified when FIFO contains new data.
 141:Generated_Source\PSoC5/SPIS_1_INT.c **** *  All described above Global variables are used when Software Buffer is used.
 142:Generated_Source\PSoC5/SPIS_1_INT.c **** *
 143:Generated_Source\PSoC5/SPIS_1_INT.c **** *******************************************************************************/
 144:Generated_Source\PSoC5/SPIS_1_INT.c **** CY_ISR(SPIS_1_RX_ISR)
 145:Generated_Source\PSoC5/SPIS_1_INT.c **** {
  58              		.loc 1 145 0
  59              		.cfi_startproc
  60              		@ args = 0, pretend = 0, frame = 0
  61              		@ frame_needed = 1, uses_anonymous_args = 0
  62              		@ link register save eliminated.
  63 0000 80B4     		push	{r7}
  64              		.cfi_def_cfa_offset 4
  65              		.cfi_offset 7, -4
  66 0002 00AF     		add	r7, sp, #0
  67              		.cfi_def_cfa_register 7
 146:Generated_Source\PSoC5/SPIS_1_INT.c ****     #if(SPIS_1_RX_SOFTWARE_BUF_ENABLED)
 147:Generated_Source\PSoC5/SPIS_1_INT.c ****         uint8 tmpStatus;
 148:Generated_Source\PSoC5/SPIS_1_INT.c ****         uint8 rxData;
 149:Generated_Source\PSoC5/SPIS_1_INT.c ****     #endif /* (SPIS_1_TX_SOFTWARE_BUF_ENABLED) */
 150:Generated_Source\PSoC5/SPIS_1_INT.c **** 
 151:Generated_Source\PSoC5/SPIS_1_INT.c ****     #ifdef SPIS_1_RX_ISR_ENTRY_CALLBACK
 152:Generated_Source\PSoC5/SPIS_1_INT.c ****         SPIS_1_RX_ISR_EntryCallback();
 153:Generated_Source\PSoC5/SPIS_1_INT.c ****     #endif /* SPIS_1_RX_ISR_ENTRY_CALLBACK */
 154:Generated_Source\PSoC5/SPIS_1_INT.c **** 
 155:Generated_Source\PSoC5/SPIS_1_INT.c ****     /* User code required at start of ISR */
 156:Generated_Source\PSoC5/SPIS_1_INT.c ****     /* `#START SPIS_1_RX_ISR_START` */
 157:Generated_Source\PSoC5/SPIS_1_INT.c **** 
 158:Generated_Source\PSoC5/SPIS_1_INT.c ****     /* `#END` */
 159:Generated_Source\PSoC5/SPIS_1_INT.c ****     
 160:Generated_Source\PSoC5/SPIS_1_INT.c ****     #if(SPIS_1_RX_SOFTWARE_BUF_ENABLED)
 161:Generated_Source\PSoC5/SPIS_1_INT.c ****         tmpStatus = SPIS_1_GET_STATUS_RX(SPIS_1_swStatusRx);
ARM GAS  C:\Users\JEFFSN~1\AppData\Local\Temp\cc3DttUG.s 			page 5


 162:Generated_Source\PSoC5/SPIS_1_INT.c ****         SPIS_1_swStatusRx = tmpStatus;
 163:Generated_Source\PSoC5/SPIS_1_INT.c ****         /* See if RX data FIFO has some data and if it can be moved to the RX Buffer */
 164:Generated_Source\PSoC5/SPIS_1_INT.c ****         while((SPIS_1_swStatusRx & SPIS_1_STS_RX_FIFO_NOT_EMPTY) != 0u)
 165:Generated_Source\PSoC5/SPIS_1_INT.c ****         {
 166:Generated_Source\PSoC5/SPIS_1_INT.c ****             rxData = CY_GET_REG8(SPIS_1_RXDATA_PTR);
 167:Generated_Source\PSoC5/SPIS_1_INT.c **** 
 168:Generated_Source\PSoC5/SPIS_1_INT.c ****             /* Set next pointer. */
 169:Generated_Source\PSoC5/SPIS_1_INT.c ****             SPIS_1_rxBufferWrite++;
 170:Generated_Source\PSoC5/SPIS_1_INT.c ****             if(SPIS_1_rxBufferWrite >= SPIS_1_RX_BUFFER_SIZE)
 171:Generated_Source\PSoC5/SPIS_1_INT.c ****             {
 172:Generated_Source\PSoC5/SPIS_1_INT.c ****                 SPIS_1_rxBufferWrite = 0u;
 173:Generated_Source\PSoC5/SPIS_1_INT.c ****             }
 174:Generated_Source\PSoC5/SPIS_1_INT.c **** 
 175:Generated_Source\PSoC5/SPIS_1_INT.c ****             if(SPIS_1_rxBufferWrite == SPIS_1_rxBufferRead)
 176:Generated_Source\PSoC5/SPIS_1_INT.c ****             {
 177:Generated_Source\PSoC5/SPIS_1_INT.c ****                 SPIS_1_rxBufferRead++;
 178:Generated_Source\PSoC5/SPIS_1_INT.c ****                 if(SPIS_1_rxBufferRead >= SPIS_1_RX_BUFFER_SIZE)
 179:Generated_Source\PSoC5/SPIS_1_INT.c ****                 {
 180:Generated_Source\PSoC5/SPIS_1_INT.c ****                     SPIS_1_rxBufferRead = 0u;
 181:Generated_Source\PSoC5/SPIS_1_INT.c ****                 }
 182:Generated_Source\PSoC5/SPIS_1_INT.c ****                 SPIS_1_rxBufferFull = 1u;
 183:Generated_Source\PSoC5/SPIS_1_INT.c ****             }
 184:Generated_Source\PSoC5/SPIS_1_INT.c **** 
 185:Generated_Source\PSoC5/SPIS_1_INT.c ****             /* Move data from the FIFO to the Buffer */
 186:Generated_Source\PSoC5/SPIS_1_INT.c ****             SPIS_1_rxBuffer[SPIS_1_rxBufferWrite] = rxData;
 187:Generated_Source\PSoC5/SPIS_1_INT.c **** 
 188:Generated_Source\PSoC5/SPIS_1_INT.c ****             tmpStatus = SPIS_1_GET_STATUS_RX(SPIS_1_swStatusRx);
 189:Generated_Source\PSoC5/SPIS_1_INT.c ****             SPIS_1_swStatusRx = tmpStatus;
 190:Generated_Source\PSoC5/SPIS_1_INT.c ****         }
 191:Generated_Source\PSoC5/SPIS_1_INT.c ****     #endif /* SPIS_1_RX_SOFTWARE_BUF_ENABLED */
 192:Generated_Source\PSoC5/SPIS_1_INT.c **** 
 193:Generated_Source\PSoC5/SPIS_1_INT.c ****     /* User code required at end of ISR (Optional) */
 194:Generated_Source\PSoC5/SPIS_1_INT.c ****     /* `#START SPIS_1_RX_ISR_END` */
 195:Generated_Source\PSoC5/SPIS_1_INT.c **** 
 196:Generated_Source\PSoC5/SPIS_1_INT.c ****     /* `#END` */
 197:Generated_Source\PSoC5/SPIS_1_INT.c **** 
 198:Generated_Source\PSoC5/SPIS_1_INT.c ****     #ifdef SPIS_1_RX_ISR_EXIT_CALLBACK
 199:Generated_Source\PSoC5/SPIS_1_INT.c ****         SPIS_1_RX_ISR_ExitCallback();
 200:Generated_Source\PSoC5/SPIS_1_INT.c ****     #endif /* SPIS_1_RX_ISR_EXIT_CALLBACK */
 201:Generated_Source\PSoC5/SPIS_1_INT.c **** }
  68              		.loc 1 201 0
  69 0004 00BF     		nop
  70 0006 BD46     		mov	sp, r7
  71              		.cfi_def_cfa_register 13
  72              		@ sp needed
  73 0008 80BC     		pop	{r7}
  74              		.cfi_restore 7
  75              		.cfi_def_cfa_offset 0
  76 000a 7047     		bx	lr
  77              		.cfi_endproc
  78              	.LFE1:
  79              		.size	SPIS_1_RX_ISR, .-SPIS_1_RX_ISR
  80              		.text
  81              	.Letext0:
  82              		.section	.debug_info,"",%progbits
  83              	.Ldebug_info0:
  84 0000 AD000000 		.4byte	0xad
ARM GAS  C:\Users\JEFFSN~1\AppData\Local\Temp\cc3DttUG.s 			page 6


  85 0004 0400     		.2byte	0x4
  86 0006 00000000 		.4byte	.Ldebug_abbrev0
  87 000a 04       		.byte	0x4
  88 000b 01       		.uleb128 0x1
  89 000c 8A000000 		.4byte	.LASF16
  90 0010 0C       		.byte	0xc
  91 0011 37000000 		.4byte	.LASF17
  92 0015 70010000 		.4byte	.LASF18
  93 0019 00000000 		.4byte	.Ldebug_ranges0+0
  94 001d 00000000 		.4byte	0
  95 0021 00000000 		.4byte	.Ldebug_line0
  96 0025 02       		.uleb128 0x2
  97 0026 01       		.byte	0x1
  98 0027 06       		.byte	0x6
  99 0028 4E010000 		.4byte	.LASF0
 100 002c 02       		.uleb128 0x2
 101 002d 01       		.byte	0x1
 102 002e 08       		.byte	0x8
 103 002f 18010000 		.4byte	.LASF1
 104 0033 02       		.uleb128 0x2
 105 0034 02       		.byte	0x2
 106 0035 05       		.byte	0x5
 107 0036 66010000 		.4byte	.LASF2
 108 003a 02       		.uleb128 0x2
 109 003b 02       		.byte	0x2
 110 003c 07       		.byte	0x7
 111 003d 3B010000 		.4byte	.LASF3
 112 0041 02       		.uleb128 0x2
 113 0042 04       		.byte	0x4
 114 0043 05       		.byte	0x5
 115 0044 2B010000 		.4byte	.LASF4
 116 0048 02       		.uleb128 0x2
 117 0049 04       		.byte	0x4
 118 004a 07       		.byte	0x7
 119 004b 5B000000 		.4byte	.LASF5
 120 004f 02       		.uleb128 0x2
 121 0050 08       		.byte	0x8
 122 0051 05       		.byte	0x5
 123 0052 00000000 		.4byte	.LASF6
 124 0056 02       		.uleb128 0x2
 125 0057 08       		.byte	0x8
 126 0058 07       		.byte	0x7
 127 0059 6D000000 		.4byte	.LASF7
 128 005d 03       		.uleb128 0x3
 129 005e 04       		.byte	0x4
 130 005f 05       		.byte	0x5
 131 0060 696E7400 		.ascii	"int\000"
 132 0064 02       		.uleb128 0x2
 133 0065 04       		.byte	0x4
 134 0066 07       		.byte	0x7
 135 0067 0E000000 		.4byte	.LASF8
 136 006b 02       		.uleb128 0x2
 137 006c 04       		.byte	0x4
 138 006d 04       		.byte	0x4
 139 006e 84000000 		.4byte	.LASF9
 140 0072 02       		.uleb128 0x2
 141 0073 08       		.byte	0x8
ARM GAS  C:\Users\JEFFSN~1\AppData\Local\Temp\cc3DttUG.s 			page 7


 142 0074 04       		.byte	0x4
 143 0075 34010000 		.4byte	.LASF10
 144 0079 02       		.uleb128 0x2
 145 007a 01       		.byte	0x1
 146 007b 08       		.byte	0x8
 147 007c 26010000 		.4byte	.LASF11
 148 0080 02       		.uleb128 0x2
 149 0081 08       		.byte	0x8
 150 0082 04       		.byte	0x4
 151 0083 5A010000 		.4byte	.LASF12
 152 0087 02       		.uleb128 0x2
 153 0088 04       		.byte	0x4
 154 0089 07       		.byte	0x7
 155 008a EE010000 		.4byte	.LASF13
 156 008e 04       		.uleb128 0x4
 157 008f 29000000 		.4byte	.LASF14
 158 0093 01       		.byte	0x1
 159 0094 33       		.byte	0x33
 160 0095 00000000 		.4byte	.LFB0
 161 0099 0C000000 		.4byte	.LFE0-.LFB0
 162 009d 01       		.uleb128 0x1
 163 009e 9C       		.byte	0x9c
 164 009f 04       		.uleb128 0x4
 165 00a0 1B000000 		.4byte	.LASF15
 166 00a4 01       		.byte	0x1
 167 00a5 90       		.byte	0x90
 168 00a6 00000000 		.4byte	.LFB1
 169 00aa 0C000000 		.4byte	.LFE1-.LFB1
 170 00ae 01       		.uleb128 0x1
 171 00af 9C       		.byte	0x9c
 172 00b0 00       		.byte	0
 173              		.section	.debug_abbrev,"",%progbits
 174              	.Ldebug_abbrev0:
 175 0000 01       		.uleb128 0x1
 176 0001 11       		.uleb128 0x11
 177 0002 01       		.byte	0x1
 178 0003 25       		.uleb128 0x25
 179 0004 0E       		.uleb128 0xe
 180 0005 13       		.uleb128 0x13
 181 0006 0B       		.uleb128 0xb
 182 0007 03       		.uleb128 0x3
 183 0008 0E       		.uleb128 0xe
 184 0009 1B       		.uleb128 0x1b
 185 000a 0E       		.uleb128 0xe
 186 000b 55       		.uleb128 0x55
 187 000c 17       		.uleb128 0x17
 188 000d 11       		.uleb128 0x11
 189 000e 01       		.uleb128 0x1
 190 000f 10       		.uleb128 0x10
 191 0010 17       		.uleb128 0x17
 192 0011 00       		.byte	0
 193 0012 00       		.byte	0
 194 0013 02       		.uleb128 0x2
 195 0014 24       		.uleb128 0x24
 196 0015 00       		.byte	0
 197 0016 0B       		.uleb128 0xb
 198 0017 0B       		.uleb128 0xb
ARM GAS  C:\Users\JEFFSN~1\AppData\Local\Temp\cc3DttUG.s 			page 8


 199 0018 3E       		.uleb128 0x3e
 200 0019 0B       		.uleb128 0xb
 201 001a 03       		.uleb128 0x3
 202 001b 0E       		.uleb128 0xe
 203 001c 00       		.byte	0
 204 001d 00       		.byte	0
 205 001e 03       		.uleb128 0x3
 206 001f 24       		.uleb128 0x24
 207 0020 00       		.byte	0
 208 0021 0B       		.uleb128 0xb
 209 0022 0B       		.uleb128 0xb
 210 0023 3E       		.uleb128 0x3e
 211 0024 0B       		.uleb128 0xb
 212 0025 03       		.uleb128 0x3
 213 0026 08       		.uleb128 0x8
 214 0027 00       		.byte	0
 215 0028 00       		.byte	0
 216 0029 04       		.uleb128 0x4
 217 002a 2E       		.uleb128 0x2e
 218 002b 00       		.byte	0
 219 002c 3F       		.uleb128 0x3f
 220 002d 19       		.uleb128 0x19
 221 002e 03       		.uleb128 0x3
 222 002f 0E       		.uleb128 0xe
 223 0030 3A       		.uleb128 0x3a
 224 0031 0B       		.uleb128 0xb
 225 0032 3B       		.uleb128 0x3b
 226 0033 0B       		.uleb128 0xb
 227 0034 27       		.uleb128 0x27
 228 0035 19       		.uleb128 0x19
 229 0036 11       		.uleb128 0x11
 230 0037 01       		.uleb128 0x1
 231 0038 12       		.uleb128 0x12
 232 0039 06       		.uleb128 0x6
 233 003a 40       		.uleb128 0x40
 234 003b 18       		.uleb128 0x18
 235 003c 9742     		.uleb128 0x2117
 236 003e 19       		.uleb128 0x19
 237 003f 00       		.byte	0
 238 0040 00       		.byte	0
 239 0041 00       		.byte	0
 240              		.section	.debug_aranges,"",%progbits
 241 0000 24000000 		.4byte	0x24
 242 0004 0200     		.2byte	0x2
 243 0006 00000000 		.4byte	.Ldebug_info0
 244 000a 04       		.byte	0x4
 245 000b 00       		.byte	0
 246 000c 0000     		.2byte	0
 247 000e 0000     		.2byte	0
 248 0010 00000000 		.4byte	.LFB0
 249 0014 0C000000 		.4byte	.LFE0-.LFB0
 250 0018 00000000 		.4byte	.LFB1
 251 001c 0C000000 		.4byte	.LFE1-.LFB1
 252 0020 00000000 		.4byte	0
 253 0024 00000000 		.4byte	0
 254              		.section	.debug_ranges,"",%progbits
 255              	.Ldebug_ranges0:
ARM GAS  C:\Users\JEFFSN~1\AppData\Local\Temp\cc3DttUG.s 			page 9


 256 0000 00000000 		.4byte	.LFB0
 257 0004 0C000000 		.4byte	.LFE0
 258 0008 00000000 		.4byte	.LFB1
 259 000c 0C000000 		.4byte	.LFE1
 260 0010 00000000 		.4byte	0
 261 0014 00000000 		.4byte	0
 262              		.section	.debug_line,"",%progbits
 263              	.Ldebug_line0:
 264 0000 66000000 		.section	.debug_str,"MS",%progbits,1
 264      02003A00 
 264      00000201 
 264      FB0E0D00 
 264      01010101 
 265              	.LASF6:
 266 0000 6C6F6E67 		.ascii	"long long int\000"
 266      206C6F6E 
 266      6720696E 
 266      7400
 267              	.LASF8:
 268 000e 756E7369 		.ascii	"unsigned int\000"
 268      676E6564 
 268      20696E74 
 268      00
 269              	.LASF15:
 270 001b 53504953 		.ascii	"SPIS_1_RX_ISR\000"
 270      5F315F52 
 270      585F4953 
 270      5200
 271              	.LASF14:
 272 0029 53504953 		.ascii	"SPIS_1_TX_ISR\000"
 272      5F315F54 
 272      585F4953 
 272      5200
 273              	.LASF17:
 274 0037 47656E65 		.ascii	"Generated_Source\\PSoC5\\SPIS_1_INT.c\000"
 274      72617465 
 274      645F536F 
 274      75726365 
 274      5C50536F 
 275              	.LASF5:
 276 005b 6C6F6E67 		.ascii	"long unsigned int\000"
 276      20756E73 
 276      69676E65 
 276      6420696E 
 276      7400
 277              	.LASF7:
 278 006d 6C6F6E67 		.ascii	"long long unsigned int\000"
 278      206C6F6E 
 278      6720756E 
 278      7369676E 
 278      65642069 
 279              	.LASF9:
 280 0084 666C6F61 		.ascii	"float\000"
 280      7400
 281              	.LASF16:
 282 008a 474E5520 		.ascii	"GNU C11 5.4.1 20160609 (release) [ARM/embedded-5-br"
 282      43313120 
ARM GAS  C:\Users\JEFFSN~1\AppData\Local\Temp\cc3DttUG.s 			page 10


 282      352E342E 
 282      31203230 
 282      31363036 
 283 00bd 616E6368 		.ascii	"anch revision 237715] -mcpu=cortex-m3 -mthumb -g -O"
 283      20726576 
 283      6973696F 
 283      6E203233 
 283      37373135 
 284 00f0 30202D66 		.ascii	"0 -ffunction-sections -ffat-lto-objects\000"
 284      66756E63 
 284      74696F6E 
 284      2D736563 
 284      74696F6E 
 285              	.LASF1:
 286 0118 756E7369 		.ascii	"unsigned char\000"
 286      676E6564 
 286      20636861 
 286      7200
 287              	.LASF11:
 288 0126 63686172 		.ascii	"char\000"
 288      00
 289              	.LASF4:
 290 012b 6C6F6E67 		.ascii	"long int\000"
 290      20696E74 
 290      00
 291              	.LASF10:
 292 0134 646F7562 		.ascii	"double\000"
 292      6C6500
 293              	.LASF3:
 294 013b 73686F72 		.ascii	"short unsigned int\000"
 294      7420756E 
 294      7369676E 
 294      65642069 
 294      6E7400
 295              	.LASF0:
 296 014e 7369676E 		.ascii	"signed char\000"
 296      65642063 
 296      68617200 
 297              	.LASF12:
 298 015a 6C6F6E67 		.ascii	"long double\000"
 298      20646F75 
 298      626C6500 
 299              	.LASF2:
 300 0166 73686F72 		.ascii	"short int\000"
 300      7420696E 
 300      7400
 301              	.LASF18:
 302 0170 433A5C55 		.ascii	"C:\\Users\\JeffSnyder\\dev\\Electrosteel_embedded\\"
 302      73657273 
 302      5C4A6566 
 302      66536E79 
 302      6465725C 
 303 019e 50534F43 		.ascii	"PSOC5_electrosteel_stringsensors_newpcb_brain\\CE21"
 303      355F656C 
 303      65637472 
 303      6F737465 
 303      656C5F73 
ARM GAS  C:\Users\JEFFSN~1\AppData\Local\Temp\cc3DttUG.s 			page 11


 304 01d0 30353134 		.ascii	"0514_PSOC3_5_Thermistor.cydsn\000"
 304      5F50534F 
 304      43335F35 
 304      5F546865 
 304      726D6973 
 305              	.LASF13:
 306 01ee 73697A65 		.ascii	"sizetype\000"
 306      74797065 
 306      00
 307              		.ident	"GCC: (GNU Tools for ARM Embedded Processors) 5.4.1 20160609 (release) [ARM/embedded-5-bran
