ARM GAS  C:\Users\JEFFSN~1\AppData\Local\Temp\ccoEenth.s 			page 1


   1              		.syntax unified
   2              		.cpu cortex-m3
   3              		.fpu softvfp
   4              		.eabi_attribute 20, 1
   5              		.eabi_attribute 21, 1
   6              		.eabi_attribute 23, 3
   7              		.eabi_attribute 24, 1
   8              		.eabi_attribute 25, 1
   9              		.eabi_attribute 26, 1
  10              		.eabi_attribute 30, 6
  11              		.eabi_attribute 34, 1
  12              		.eabi_attribute 18, 4
  13              		.thumb
  14              		.syntax unified
  15              		.file	"USB_descr.c"
  16              		.text
  17              	.Ltext0:
  18              		.cfi_sections	.debug_frame
  19              		.global	USB_DEVICE0_DESCR
  20              		.section	.rodata
  21              		.align	2
  22              		.type	USB_DEVICE0_DESCR, %object
  23              		.size	USB_DEVICE0_DESCR, 18
  24              	USB_DEVICE0_DESCR:
  25 0000 12       		.byte	18
  26 0001 01       		.byte	1
  27 0002 00       		.byte	0
  28 0003 02       		.byte	2
  29 0004 00       		.byte	0
  30 0005 00       		.byte	0
  31 0006 00       		.byte	0
  32 0007 08       		.byte	8
  33 0008 B4       		.byte	-76
  34 0009 04       		.byte	4
  35 000a 01       		.byte	1
  36 000b 08       		.byte	8
  37 000c 03       		.byte	3
  38 000d 00       		.byte	0
  39 000e 07       		.byte	7
  40 000f 05       		.byte	5
  41 0010 80       		.byte	-128
  42 0011 01       		.byte	1
  43              		.global	USB_DEVICE0_CONFIGURATION0_DESCR
  44 0012 0000     		.align	2
  45              		.type	USB_DEVICE0_CONFIGURATION0_DESCR, %object
  46              		.size	USB_DEVICE0_CONFIGURATION0_DESCR, 101
  47              	USB_DEVICE0_CONFIGURATION0_DESCR:
  48 0014 09       		.byte	9
  49 0015 02       		.byte	2
  50 0016 65       		.byte	101
  51 0017 00       		.byte	0
  52 0018 02       		.byte	2
  53 0019 01       		.byte	1
  54 001a 01       		.byte	1
  55 001b C0       		.byte	-64
  56 001c 32       		.byte	50
  57 001d 09       		.byte	9
ARM GAS  C:\Users\JEFFSN~1\AppData\Local\Temp\ccoEenth.s 			page 2


  58 001e 04       		.byte	4
  59 001f 00       		.byte	0
  60 0020 00       		.byte	0
  61 0021 00       		.byte	0
  62 0022 01       		.byte	1
  63 0023 01       		.byte	1
  64 0024 00       		.byte	0
  65 0025 03       		.byte	3
  66 0026 09       		.byte	9
  67 0027 24       		.byte	36
  68 0028 01       		.byte	1
  69 0029 00       		.byte	0
  70 002a 01       		.byte	1
  71 002b 09       		.byte	9
  72 002c 00       		.byte	0
  73 002d 01       		.byte	1
  74 002e 01       		.byte	1
  75 002f 09       		.byte	9
  76 0030 04       		.byte	4
  77 0031 01       		.byte	1
  78 0032 00       		.byte	0
  79 0033 02       		.byte	2
  80 0034 01       		.byte	1
  81 0035 03       		.byte	3
  82 0036 00       		.byte	0
  83 0037 04       		.byte	4
  84 0038 07       		.byte	7
  85 0039 24       		.byte	36
  86 003a 01       		.byte	1
  87 003b 00       		.byte	0
  88 003c 01       		.byte	1
  89 003d 25       		.byte	37
  90 003e 00       		.byte	0
  91 003f 06       		.byte	6
  92 0040 24       		.byte	36
  93 0041 02       		.byte	2
  94 0042 01       		.byte	1
  95 0043 01       		.byte	1
  96 0044 00       		.byte	0
  97 0045 06       		.byte	6
  98 0046 24       		.byte	36
  99 0047 02       		.byte	2
 100 0048 02       		.byte	2
 101 0049 02       		.byte	2
 102 004a 00       		.byte	0
 103 004b 09       		.byte	9
 104 004c 24       		.byte	36
 105 004d 03       		.byte	3
 106 004e 01       		.byte	1
 107 004f 03       		.byte	3
 108 0050 01       		.byte	1
 109 0051 02       		.byte	2
 110 0052 01       		.byte	1
 111 0053 00       		.byte	0
 112 0054 09       		.byte	9
 113 0055 24       		.byte	36
 114 0056 03       		.byte	3
ARM GAS  C:\Users\JEFFSN~1\AppData\Local\Temp\ccoEenth.s 			page 3


 115 0057 02       		.byte	2
 116 0058 04       		.byte	4
 117 0059 01       		.byte	1
 118 005a 01       		.byte	1
 119 005b 01       		.byte	1
 120 005c 00       		.byte	0
 121 005d 09       		.byte	9
 122 005e 05       		.byte	5
 123 005f 81       		.byte	-127
 124 0060 02       		.byte	2
 125 0061 40       		.byte	64
 126 0062 00       		.byte	0
 127 0063 00       		.byte	0
 128 0064 00       		.byte	0
 129 0065 00       		.byte	0
 130 0066 05       		.byte	5
 131 0067 25       		.byte	37
 132 0068 01       		.byte	1
 133 0069 01       		.byte	1
 134 006a 03       		.byte	3
 135 006b 09       		.byte	9
 136 006c 05       		.byte	5
 137 006d 02       		.byte	2
 138 006e 02       		.byte	2
 139 006f 40       		.byte	64
 140 0070 00       		.byte	0
 141 0071 00       		.byte	0
 142 0072 00       		.byte	0
 143 0073 00       		.byte	0
 144 0074 05       		.byte	5
 145 0075 25       		.byte	37
 146 0076 01       		.byte	1
 147 0077 01       		.byte	1
 148 0078 01       		.byte	1
 149              		.global	USB_STRING_DESCRIPTORS
 150 0079 000000   		.align	2
 151              		.type	USB_STRING_DESCRIPTORS, %object
 152              		.size	USB_STRING_DESCRIPTORS, 237
 153              	USB_STRING_DESCRIPTORS:
 154 007c 04       		.byte	4
 155 007d 03       		.byte	3
 156 007e 09       		.byte	9
 157 007f 04       		.byte	4
 158 0080 36       		.byte	54
 159 0081 03       		.byte	3
 160 0082 53       		.byte	83
 161 0083 00       		.byte	0
 162 0084 6E       		.byte	110
 163 0085 00       		.byte	0
 164 0086 79       		.byte	121
 165 0087 00       		.byte	0
 166 0088 64       		.byte	100
 167 0089 00       		.byte	0
 168 008a 65       		.byte	101
 169 008b 00       		.byte	0
 170 008c 72       		.byte	114
 171 008d 00       		.byte	0
ARM GAS  C:\Users\JEFFSN~1\AppData\Local\Temp\ccoEenth.s 			page 4


 172 008e 70       		.byte	112
 173 008f 00       		.byte	0
 174 0090 68       		.byte	104
 175 0091 00       		.byte	0
 176 0092 6F       		.byte	111
 177 0093 00       		.byte	0
 178 0094 6E       		.byte	110
 179 0095 00       		.byte	0
 180 0096 69       		.byte	105
 181 0097 00       		.byte	0
 182 0098 63       		.byte	99
 183 0099 00       		.byte	0
 184 009a 73       		.byte	115
 185 009b 00       		.byte	0
 186 009c 20       		.byte	32
 187 009d 00       		.byte	0
 188 009e 45       		.byte	69
 189 009f 00       		.byte	0
 190 00a0 6C       		.byte	108
 191 00a1 00       		.byte	0
 192 00a2 65       		.byte	101
 193 00a3 00       		.byte	0
 194 00a4 63       		.byte	99
 195 00a5 00       		.byte	0
 196 00a6 74       		.byte	116
 197 00a7 00       		.byte	0
 198 00a8 72       		.byte	114
 199 00a9 00       		.byte	0
 200 00aa 6F       		.byte	111
 201 00ab 00       		.byte	0
 202 00ac 73       		.byte	115
 203 00ad 00       		.byte	0
 204 00ae 74       		.byte	116
 205 00af 00       		.byte	0
 206 00b0 65       		.byte	101
 207 00b1 00       		.byte	0
 208 00b2 65       		.byte	101
 209 00b3 00       		.byte	0
 210 00b4 6C       		.byte	108
 211 00b5 00       		.byte	0
 212 00b6 12       		.byte	18
 213 00b7 03       		.byte	3
 214 00b8 55       		.byte	85
 215 00b9 00       		.byte	0
 216 00ba 53       		.byte	83
 217 00bb 00       		.byte	0
 218 00bc 42       		.byte	66
 219 00bd 00       		.byte	0
 220 00be 20       		.byte	32
 221 00bf 00       		.byte	0
 222 00c0 4D       		.byte	77
 223 00c1 00       		.byte	0
 224 00c2 49       		.byte	73
 225 00c3 00       		.byte	0
 226 00c4 44       		.byte	68
 227 00c5 00       		.byte	0
 228 00c6 49       		.byte	73
ARM GAS  C:\Users\JEFFSN~1\AppData\Local\Temp\ccoEenth.s 			page 5


 229 00c7 00       		.byte	0
 230 00c8 24       		.byte	36
 231 00c9 03       		.byte	3
 232 00ca 4D       		.byte	77
 233 00cb 00       		.byte	0
 234 00cc 49       		.byte	73
 235 00cd 00       		.byte	0
 236 00ce 44       		.byte	68
 237 00cf 00       		.byte	0
 238 00d0 49       		.byte	73
 239 00d1 00       		.byte	0
 240 00d2 20       		.byte	32
 241 00d3 00       		.byte	0
 242 00d4 43       		.byte	67
 243 00d5 00       		.byte	0
 244 00d6 6F       		.byte	111
 245 00d7 00       		.byte	0
 246 00d8 6E       		.byte	110
 247 00d9 00       		.byte	0
 248 00da 74       		.byte	116
 249 00db 00       		.byte	0
 250 00dc 72       		.byte	114
 251 00dd 00       		.byte	0
 252 00de 6F       		.byte	111
 253 00df 00       		.byte	0
 254 00e0 6C       		.byte	108
 255 00e1 00       		.byte	0
 256 00e2 20       		.byte	32
 257 00e3 00       		.byte	0
 258 00e4 49       		.byte	73
 259 00e5 00       		.byte	0
 260 00e6 6E       		.byte	110
 261 00e7 00       		.byte	0
 262 00e8 74       		.byte	116
 263 00e9 00       		.byte	0
 264 00ea 66       		.byte	102
 265 00eb 00       		.byte	0
 266 00ec 28       		.byte	40
 267 00ed 03       		.byte	3
 268 00ee 4D       		.byte	77
 269 00ef 00       		.byte	0
 270 00f0 49       		.byte	73
 271 00f1 00       		.byte	0
 272 00f2 44       		.byte	68
 273 00f3 00       		.byte	0
 274 00f4 49       		.byte	73
 275 00f5 00       		.byte	0
 276 00f6 20       		.byte	32
 277 00f7 00       		.byte	0
 278 00f8 53       		.byte	83
 279 00f9 00       		.byte	0
 280 00fa 74       		.byte	116
 281 00fb 00       		.byte	0
 282 00fc 72       		.byte	114
 283 00fd 00       		.byte	0
 284 00fe 65       		.byte	101
 285 00ff 00       		.byte	0
ARM GAS  C:\Users\JEFFSN~1\AppData\Local\Temp\ccoEenth.s 			page 6


 286 0100 61       		.byte	97
 287 0101 00       		.byte	0
 288 0102 6D       		.byte	109
 289 0103 00       		.byte	0
 290 0104 69       		.byte	105
 291 0105 00       		.byte	0
 292 0106 6E       		.byte	110
 293 0107 00       		.byte	0
 294 0108 67       		.byte	103
 295 0109 00       		.byte	0
 296 010a 20       		.byte	32
 297 010b 00       		.byte	0
 298 010c 49       		.byte	73
 299 010d 00       		.byte	0
 300 010e 6E       		.byte	110
 301 010f 00       		.byte	0
 302 0110 74       		.byte	116
 303 0111 00       		.byte	0
 304 0112 66       		.byte	102
 305 0113 00       		.byte	0
 306 0114 1A       		.byte	26
 307 0115 03       		.byte	3
 308 0116 45       		.byte	69
 309 0117 00       		.byte	0
 310 0118 6C       		.byte	108
 311 0119 00       		.byte	0
 312 011a 65       		.byte	101
 313 011b 00       		.byte	0
 314 011c 63       		.byte	99
 315 011d 00       		.byte	0
 316 011e 74       		.byte	116
 317 011f 00       		.byte	0
 318 0120 72       		.byte	114
 319 0121 00       		.byte	0
 320 0122 6F       		.byte	111
 321 0123 00       		.byte	0
 322 0124 73       		.byte	115
 323 0125 00       		.byte	0
 324 0126 74       		.byte	116
 325 0127 00       		.byte	0
 326 0128 65       		.byte	101
 327 0129 00       		.byte	0
 328 012a 65       		.byte	101
 329 012b 00       		.byte	0
 330 012c 6C       		.byte	108
 331 012d 00       		.byte	0
 332 012e 1A       		.byte	26
 333 012f 03       		.byte	3
 334 0130 45       		.byte	69
 335 0131 00       		.byte	0
 336 0132 6C       		.byte	108
 337 0133 00       		.byte	0
 338 0134 65       		.byte	101
 339 0135 00       		.byte	0
 340 0136 63       		.byte	99
 341 0137 00       		.byte	0
 342 0138 74       		.byte	116
ARM GAS  C:\Users\JEFFSN~1\AppData\Local\Temp\ccoEenth.s 			page 7


 343 0139 00       		.byte	0
 344 013a 72       		.byte	114
 345 013b 00       		.byte	0
 346 013c 6F       		.byte	111
 347 013d 00       		.byte	0
 348 013e 73       		.byte	115
 349 013f 00       		.byte	0
 350 0140 74       		.byte	116
 351 0141 00       		.byte	0
 352 0142 65       		.byte	101
 353 0143 00       		.byte	0
 354 0144 65       		.byte	101
 355 0145 00       		.byte	0
 356 0146 6C       		.byte	108
 357 0147 00       		.byte	0
 358 0148 1C       		.byte	28
 359 0149 03       		.byte	3
 360 014a 53       		.byte	83
 361 014b 00       		.byte	0
 362 014c 6E       		.byte	110
 363 014d 00       		.byte	0
 364 014e 79       		.byte	121
 365 014f 00       		.byte	0
 366 0150 64       		.byte	100
 367 0151 00       		.byte	0
 368 0152 65       		.byte	101
 369 0153 00       		.byte	0
 370 0154 72       		.byte	114
 371 0155 00       		.byte	0
 372 0156 70       		.byte	112
 373 0157 00       		.byte	0
 374 0158 68       		.byte	104
 375 0159 00       		.byte	0
 376 015a 6F       		.byte	111
 377 015b 00       		.byte	0
 378 015c 6E       		.byte	110
 379 015d 00       		.byte	0
 380 015e 69       		.byte	105
 381 015f 00       		.byte	0
 382 0160 63       		.byte	99
 383 0161 00       		.byte	0
 384 0162 73       		.byte	115
 385 0163 00       		.byte	0
 386 0164 04       		.byte	4
 387 0165 03       		.byte	3
 388 0166 3A       		.byte	58
 389 0167 00       		.byte	0
 390 0168 00       		.byte	0
 391              		.global	USB_SN_STRING_DESCRIPTOR
 392 0169 000000   		.align	2
 393              		.type	USB_SN_STRING_DESCRIPTOR, %object
 394              		.size	USB_SN_STRING_DESCRIPTOR, 2
 395              	USB_SN_STRING_DESCRIPTOR:
 396 016c 02       		.byte	2
 397 016d 03       		.byte	3
 398              		.global	USB_DEVICE0_CONFIGURATION0_EP_SETTINGS_TABLE
 399 016e 0000     		.align	2
ARM GAS  C:\Users\JEFFSN~1\AppData\Local\Temp\ccoEenth.s 			page 8


 400              		.type	USB_DEVICE0_CONFIGURATION0_EP_SETTINGS_TABLE, %object
 401              		.size	USB_DEVICE0_CONFIGURATION0_EP_SETTINGS_TABLE, 16
 402              	USB_DEVICE0_CONFIGURATION0_EP_SETTINGS_TABLE:
 403 0170 01       		.byte	1
 404 0171 00       		.byte	0
 405 0172 81       		.byte	-127
 406 0173 02       		.byte	2
 407 0174 4000     		.short	64
 408 0176 01       		.byte	1
 409 0177 00       		.space	1
 410 0178 01       		.byte	1
 411 0179 00       		.byte	0
 412 017a 02       		.byte	2
 413 017b 02       		.byte	2
 414 017c 4000     		.short	64
 415 017e 01       		.byte	1
 416 017f 00       		.space	1
 417              		.global	USB_DEVICE0_CONFIGURATION0_INTERFACE_CLASS
 418              		.align	2
 419              		.type	USB_DEVICE0_CONFIGURATION0_INTERFACE_CLASS, %object
 420              		.size	USB_DEVICE0_CONFIGURATION0_INTERFACE_CLASS, 2
 421              	USB_DEVICE0_CONFIGURATION0_INTERFACE_CLASS:
 422 0180 01       		.byte	1
 423 0181 01       		.byte	1
 424              		.global	USB_DEVICE0_CONFIGURATION0_TABLE
 425 0182 0000     		.align	2
 426              		.type	USB_DEVICE0_CONFIGURATION0_TABLE, %object
 427              		.size	USB_DEVICE0_CONFIGURATION0_TABLE, 40
 428              	USB_DEVICE0_CONFIGURATION0_TABLE:
 429 0184 01       		.byte	1
 430 0185 000000   		.space	3
 431 0188 00000000 		.word	USB_DEVICE0_CONFIGURATION0_DESCR
 432 018c 02       		.byte	2
 433 018d 000000   		.space	3
 434 0190 00000000 		.word	USB_DEVICE0_CONFIGURATION0_EP_SETTINGS_TABLE
 435 0194 00       		.byte	0
 436 0195 000000   		.space	3
 437 0198 00000000 		.word	0
 438 019c 00       		.byte	0
 439 019d 000000   		.space	3
 440 01a0 00000000 		.word	0
 441 01a4 00       		.byte	0
 442 01a5 000000   		.space	3
 443 01a8 00000000 		.word	USB_DEVICE0_CONFIGURATION0_INTERFACE_CLASS
 444              		.global	USB_DEVICE0_TABLE
 445              		.align	2
 446              		.type	USB_DEVICE0_TABLE, %object
 447              		.size	USB_DEVICE0_TABLE, 24
 448              	USB_DEVICE0_TABLE:
 449 01ac 01       		.byte	1
 450 01ad 000000   		.space	3
 451 01b0 00000000 		.word	USB_DEVICE0_DESCR
 452 01b4 00       		.byte	0
 453 01b5 000000   		.space	3
 454 01b8 00000000 		.word	0
 455 01bc 01       		.byte	1
 456 01bd 000000   		.space	3
ARM GAS  C:\Users\JEFFSN~1\AppData\Local\Temp\ccoEenth.s 			page 9


 457 01c0 00000000 		.word	USB_DEVICE0_CONFIGURATION0_TABLE
 458              		.global	USB_TABLE
 459              		.align	2
 460              		.type	USB_TABLE, %object
 461              		.size	USB_TABLE, 8
 462              	USB_TABLE:
 463 01c4 01       		.byte	1
 464 01c5 000000   		.space	3
 465 01c8 00000000 		.word	USB_DEVICE0_TABLE
 466              		.comm	USB_idSerialNumberStringDescriptor,34,4
 467              		.text
 468              	.Letext0:
 469              		.file 1 "Generated_Source\\PSoC5\\cytypes.h"
 470              		.file 2 "Generated_Source\\PSoC5\\USB.h"
 471              		.file 3 "Generated_Source\\PSoC5\\USB_descr.c"
 472              		.section	.debug_info,"",%progbits
 473              	.Ldebug_info0:
 474 0000 A5020000 		.4byte	0x2a5
 475 0004 0400     		.2byte	0x4
 476 0006 00000000 		.4byte	.Ldebug_abbrev0
 477 000a 04       		.byte	0x4
 478 000b 01       		.uleb128 0x1
 479 000c 00000000 		.4byte	.LASF35
 480 0010 0C       		.byte	0xc
 481 0011 F7010000 		.4byte	.LASF36
 482 0015 DD020000 		.4byte	.LASF37
 483 0019 00000000 		.4byte	.Ldebug_line0
 484 001d 02       		.uleb128 0x2
 485 001e 01       		.byte	0x1
 486 001f 06       		.byte	0x6
 487 0020 D1020000 		.4byte	.LASF0
 488 0024 02       		.uleb128 0x2
 489 0025 01       		.byte	0x1
 490 0026 08       		.byte	0x8
 491 0027 29010000 		.4byte	.LASF1
 492 002b 02       		.uleb128 0x2
 493 002c 02       		.byte	0x2
 494 002d 05       		.byte	0x5
 495 002e 77020000 		.4byte	.LASF2
 496 0032 02       		.uleb128 0x2
 497 0033 02       		.byte	0x2
 498 0034 07       		.byte	0x7
 499 0035 B1000000 		.4byte	.LASF3
 500 0039 02       		.uleb128 0x2
 501 003a 04       		.byte	0x4
 502 003b 05       		.byte	0x5
 503 003c BC020000 		.4byte	.LASF4
 504 0040 02       		.uleb128 0x2
 505 0041 04       		.byte	0x4
 506 0042 07       		.byte	0x7
 507 0043 42010000 		.4byte	.LASF5
 508 0047 02       		.uleb128 0x2
 509 0048 08       		.byte	0x8
 510 0049 05       		.byte	0x5
 511 004a 41020000 		.4byte	.LASF6
 512 004e 02       		.uleb128 0x2
 513 004f 08       		.byte	0x8
ARM GAS  C:\Users\JEFFSN~1\AppData\Local\Temp\ccoEenth.s 			page 10


 514 0050 07       		.byte	0x7
 515 0051 1A020000 		.4byte	.LASF7
 516 0055 03       		.uleb128 0x3
 517 0056 04       		.byte	0x4
 518 0057 05       		.byte	0x5
 519 0058 696E7400 		.ascii	"int\000"
 520 005c 02       		.uleb128 0x2
 521 005d 04       		.byte	0x4
 522 005e 07       		.byte	0x7
 523 005f EA010000 		.4byte	.LASF8
 524 0063 04       		.uleb128 0x4
 525 0064 81020000 		.4byte	.LASF9
 526 0068 01       		.byte	0x1
 527 0069 E901     		.2byte	0x1e9
 528 006b 24000000 		.4byte	0x24
 529 006f 04       		.uleb128 0x4
 530 0070 E3010000 		.4byte	.LASF10
 531 0074 01       		.byte	0x1
 532 0075 EA01     		.2byte	0x1ea
 533 0077 32000000 		.4byte	0x32
 534 007b 02       		.uleb128 0x2
 535 007c 04       		.byte	0x4
 536 007d 04       		.byte	0x4
 537 007e F7000000 		.4byte	.LASF11
 538 0082 02       		.uleb128 0x2
 539 0083 08       		.byte	0x8
 540 0084 04       		.byte	0x4
 541 0085 A4010000 		.4byte	.LASF12
 542 0089 02       		.uleb128 0x2
 543 008a 01       		.byte	0x1
 544 008b 08       		.byte	0x8
 545 008c 4F020000 		.4byte	.LASF13
 546 0090 02       		.uleb128 0x2
 547 0091 08       		.byte	0x8
 548 0092 04       		.byte	0x4
 549 0093 C5020000 		.4byte	.LASF14
 550 0097 02       		.uleb128 0x2
 551 0098 04       		.byte	0x4
 552 0099 07       		.byte	0x7
 553 009a 38020000 		.4byte	.LASF15
 554 009e 05       		.uleb128 0x5
 555 009f 08       		.byte	0x8
 556 00a0 02       		.byte	0x2
 557 00a1 9A       		.byte	0x9a
 558 00a2 EF000000 		.4byte	0xef
 559 00a6 06       		.uleb128 0x6
 560 00a7 87020000 		.4byte	.LASF16
 561 00ab 02       		.byte	0x2
 562 00ac 9C       		.byte	0x9c
 563 00ad 63000000 		.4byte	0x63
 564 00b1 00       		.byte	0
 565 00b2 06       		.uleb128 0x6
 566 00b3 FD000000 		.4byte	.LASF17
 567 00b7 02       		.byte	0x2
 568 00b8 9D       		.byte	0x9d
 569 00b9 63000000 		.4byte	0x63
 570 00bd 01       		.byte	0x1
ARM GAS  C:\Users\JEFFSN~1\AppData\Local\Temp\ccoEenth.s 			page 11


 571 00be 06       		.uleb128 0x6
 572 00bf 54010000 		.4byte	.LASF18
 573 00c3 02       		.byte	0x2
 574 00c4 9E       		.byte	0x9e
 575 00c5 63000000 		.4byte	0x63
 576 00c9 02       		.byte	0x2
 577 00ca 06       		.uleb128 0x6
 578 00cb 37010000 		.4byte	.LASF19
 579 00cf 02       		.byte	0x2
 580 00d0 9F       		.byte	0x9f
 581 00d1 63000000 		.4byte	0x63
 582 00d5 03       		.byte	0x3
 583 00d6 06       		.uleb128 0x6
 584 00d7 AB010000 		.4byte	.LASF20
 585 00db 02       		.byte	0x2
 586 00dc A0       		.byte	0xa0
 587 00dd 6F000000 		.4byte	0x6f
 588 00e1 04       		.byte	0x4
 589 00e2 06       		.uleb128 0x6
 590 00e3 55030000 		.4byte	.LASF21
 591 00e7 02       		.byte	0x2
 592 00e8 A1       		.byte	0xa1
 593 00e9 63000000 		.4byte	0x63
 594 00ed 06       		.byte	0x6
 595 00ee 00       		.byte	0
 596 00ef 07       		.uleb128 0x7
 597 00f0 59010000 		.4byte	.LASF22
 598 00f4 02       		.byte	0x2
 599 00f5 A2       		.byte	0xa2
 600 00f6 9E000000 		.4byte	0x9e
 601 00fa 05       		.uleb128 0x5
 602 00fb 08       		.byte	0x8
 603 00fc 02       		.byte	0x2
 604 00fd B1       		.byte	0xb1
 605 00fe 19010000 		.4byte	0x119
 606 0102 08       		.uleb128 0x8
 607 0103 6300     		.ascii	"c\000"
 608 0105 02       		.byte	0x2
 609 0106 B3       		.byte	0xb3
 610 0107 63000000 		.4byte	0x63
 611 010b 00       		.byte	0
 612 010c 06       		.uleb128 0x6
 613 010d 31020000 		.4byte	.LASF23
 614 0111 02       		.byte	0x2
 615 0112 B4       		.byte	0xb4
 616 0113 19010000 		.4byte	0x119
 617 0117 04       		.byte	0x4
 618 0118 00       		.byte	0
 619 0119 09       		.uleb128 0x9
 620 011a 04       		.byte	0x4
 621 011b 1F010000 		.4byte	0x11f
 622 011f 0A       		.uleb128 0xa
 623 0120 07       		.uleb128 0x7
 624 0121 1F010000 		.4byte	.LASF24
 625 0125 02       		.byte	0x2
 626 0126 B5       		.byte	0xb5
 627 0127 FA000000 		.4byte	0xfa
ARM GAS  C:\Users\JEFFSN~1\AppData\Local\Temp\ccoEenth.s 			page 12


 628 012b 0B       		.uleb128 0xb
 629 012c 3B010000 		.4byte	0x13b
 630 0130 3B010000 		.4byte	0x13b
 631 0134 0C       		.uleb128 0xc
 632 0135 97000000 		.4byte	0x97
 633 0139 11       		.byte	0x11
 634 013a 00       		.byte	0
 635 013b 0D       		.uleb128 0xd
 636 013c 63000000 		.4byte	0x63
 637 0140 0E       		.uleb128 0xe
 638 0141 71010000 		.4byte	.LASF25
 639 0145 03       		.byte	0x3
 640 0146 24       		.byte	0x24
 641 0147 51010000 		.4byte	0x151
 642 014b 05       		.uleb128 0x5
 643 014c 03       		.byte	0x3
 644 014d 00000000 		.4byte	USB_DEVICE0_DESCR
 645 0151 0D       		.uleb128 0xd
 646 0152 2B010000 		.4byte	0x12b
 647 0156 0B       		.uleb128 0xb
 648 0157 3B010000 		.4byte	0x13b
 649 015b 66010000 		.4byte	0x166
 650 015f 0C       		.uleb128 0xc
 651 0160 97000000 		.4byte	0x97
 652 0164 64       		.byte	0x64
 653 0165 00       		.byte	0
 654 0166 0E       		.uleb128 0xe
 655 0167 83010000 		.4byte	.LASF26
 656 016b 03       		.byte	0x3
 657 016c 37       		.byte	0x37
 658 016d 77010000 		.4byte	0x177
 659 0171 05       		.uleb128 0x5
 660 0172 03       		.byte	0x3
 661 0173 00000000 		.4byte	USB_DEVICE0_CONFIGURATION0_DESCR
 662 0177 0D       		.uleb128 0xd
 663 0178 56010000 		.4byte	0x156
 664 017c 0B       		.uleb128 0xb
 665 017d 8C010000 		.4byte	0x18c
 666 0181 8C010000 		.4byte	0x18c
 667 0185 0C       		.uleb128 0xc
 668 0186 97000000 		.4byte	0x97
 669 018a 01       		.byte	0x1
 670 018b 00       		.byte	0
 671 018c 0D       		.uleb128 0xd
 672 018d EF000000 		.4byte	0xef
 673 0191 0F       		.uleb128 0xf
 674 0192 B6010000 		.4byte	.LASF27
 675 0196 03       		.byte	0x3
 676 0197 1E01     		.2byte	0x11e
 677 0199 A3010000 		.4byte	0x1a3
 678 019d 05       		.uleb128 0x5
 679 019e 03       		.byte	0x3
 680 019f 00000000 		.4byte	USB_DEVICE0_CONFIGURATION0_EP_SETTINGS_TABLE
 681 01a3 0D       		.uleb128 0xd
 682 01a4 7C010000 		.4byte	0x17c
 683 01a8 0B       		.uleb128 0xb
 684 01a9 3B010000 		.4byte	0x13b
ARM GAS  C:\Users\JEFFSN~1\AppData\Local\Temp\ccoEenth.s 			page 13


 685 01ad B8010000 		.4byte	0x1b8
 686 01b1 0C       		.uleb128 0xc
 687 01b2 97000000 		.4byte	0x97
 688 01b6 01       		.byte	0x1
 689 01b7 00       		.byte	0
 690 01b8 0F       		.uleb128 0xf
 691 01b9 91020000 		.4byte	.LASF28
 692 01bd 03       		.byte	0x3
 693 01be 2301     		.2byte	0x123
 694 01c0 CA010000 		.4byte	0x1ca
 695 01c4 05       		.uleb128 0x5
 696 01c5 03       		.byte	0x3
 697 01c6 00000000 		.4byte	USB_DEVICE0_CONFIGURATION0_INTERFACE_CLASS
 698 01ca 0D       		.uleb128 0xd
 699 01cb A8010000 		.4byte	0x1a8
 700 01cf 0B       		.uleb128 0xb
 701 01d0 DF010000 		.4byte	0x1df
 702 01d4 DF010000 		.4byte	0x1df
 703 01d8 0C       		.uleb128 0xc
 704 01d9 97000000 		.4byte	0x97
 705 01dd 04       		.byte	0x4
 706 01de 00       		.byte	0
 707 01df 0D       		.uleb128 0xd
 708 01e0 20010000 		.4byte	0x120
 709 01e4 0F       		.uleb128 0xf
 710 01e5 D6000000 		.4byte	.LASF29
 711 01e9 03       		.byte	0x3
 712 01ea 2B01     		.2byte	0x12b
 713 01ec F6010000 		.4byte	0x1f6
 714 01f0 05       		.uleb128 0x5
 715 01f1 03       		.byte	0x3
 716 01f2 00000000 		.4byte	USB_DEVICE0_CONFIGURATION0_TABLE
 717 01f6 0D       		.uleb128 0xd
 718 01f7 CF010000 		.4byte	0x1cf
 719 01fb 0B       		.uleb128 0xb
 720 01fc DF010000 		.4byte	0x1df
 721 0200 0B020000 		.4byte	0x20b
 722 0204 0C       		.uleb128 0xc
 723 0205 97000000 		.4byte	0x97
 724 0209 02       		.byte	0x2
 725 020a 00       		.byte	0
 726 020b 0F       		.uleb128 0xf
 727 020c C4000000 		.4byte	.LASF30
 728 0210 03       		.byte	0x3
 729 0211 3601     		.2byte	0x136
 730 0213 1D020000 		.4byte	0x21d
 731 0217 05       		.uleb128 0x5
 732 0218 03       		.byte	0x3
 733 0219 00000000 		.4byte	USB_DEVICE0_TABLE
 734 021d 0D       		.uleb128 0xd
 735 021e FB010000 		.4byte	0x1fb
 736 0222 0B       		.uleb128 0xb
 737 0223 DF010000 		.4byte	0x1df
 738 0227 32020000 		.4byte	0x232
 739 022b 0C       		.uleb128 0xc
 740 022c 97000000 		.4byte	0x97
 741 0230 00       		.byte	0
ARM GAS  C:\Users\JEFFSN~1\AppData\Local\Temp\ccoEenth.s 			page 14


 742 0231 00       		.byte	0
 743 0232 0F       		.uleb128 0xf
 744 0233 6D020000 		.4byte	.LASF31
 745 0237 03       		.byte	0x3
 746 0238 3E01     		.2byte	0x13e
 747 023a 44020000 		.4byte	0x244
 748 023e 05       		.uleb128 0x5
 749 023f 03       		.byte	0x3
 750 0240 00000000 		.4byte	USB_TABLE
 751 0244 0D       		.uleb128 0xd
 752 0245 22020000 		.4byte	0x222
 753 0249 0F       		.uleb128 0xf
 754 024a 54020000 		.4byte	.LASF32
 755 024e 03       		.byte	0x3
 756 024f 0F01     		.2byte	0x10f
 757 0251 5B020000 		.4byte	0x25b
 758 0255 05       		.uleb128 0x5
 759 0256 03       		.byte	0x3
 760 0257 00000000 		.4byte	USB_SN_STRING_DESCRIPTOR
 761 025b 0D       		.uleb128 0xd
 762 025c A8010000 		.4byte	0x1a8
 763 0260 0B       		.uleb128 0xb
 764 0261 3B010000 		.4byte	0x13b
 765 0265 70020000 		.4byte	0x270
 766 0269 0C       		.uleb128 0xc
 767 026a 97000000 		.4byte	0x97
 768 026e EC       		.byte	0xec
 769 026f 00       		.byte	0
 770 0270 0E       		.uleb128 0xe
 771 0271 08010000 		.4byte	.LASF33
 772 0275 03       		.byte	0x3
 773 0276 BF       		.byte	0xbf
 774 0277 81020000 		.4byte	0x281
 775 027b 05       		.uleb128 0x5
 776 027c 03       		.byte	0x3
 777 027d 00000000 		.4byte	USB_STRING_DESCRIPTORS
 778 0281 0D       		.uleb128 0xd
 779 0282 60020000 		.4byte	0x260
 780 0286 0B       		.uleb128 0xb
 781 0287 63000000 		.4byte	0x63
 782 028b 96020000 		.4byte	0x296
 783 028f 0C       		.uleb128 0xc
 784 0290 97000000 		.4byte	0x97
 785 0294 21       		.byte	0x21
 786 0295 00       		.byte	0
 787 0296 0F       		.uleb128 0xf
 788 0297 8E000000 		.4byte	.LASF34
 789 029b 03       		.byte	0x3
 790 029c 6C01     		.2byte	0x16c
 791 029e 86020000 		.4byte	0x286
 792 02a2 05       		.uleb128 0x5
 793 02a3 03       		.byte	0x3
 794 02a4 00000000 		.4byte	USB_idSerialNumberStringDescriptor
 795 02a8 00       		.byte	0
 796              		.section	.debug_abbrev,"",%progbits
 797              	.Ldebug_abbrev0:
 798 0000 01       		.uleb128 0x1
ARM GAS  C:\Users\JEFFSN~1\AppData\Local\Temp\ccoEenth.s 			page 15


 799 0001 11       		.uleb128 0x11
 800 0002 01       		.byte	0x1
 801 0003 25       		.uleb128 0x25
 802 0004 0E       		.uleb128 0xe
 803 0005 13       		.uleb128 0x13
 804 0006 0B       		.uleb128 0xb
 805 0007 03       		.uleb128 0x3
 806 0008 0E       		.uleb128 0xe
 807 0009 1B       		.uleb128 0x1b
 808 000a 0E       		.uleb128 0xe
 809 000b 10       		.uleb128 0x10
 810 000c 17       		.uleb128 0x17
 811 000d 00       		.byte	0
 812 000e 00       		.byte	0
 813 000f 02       		.uleb128 0x2
 814 0010 24       		.uleb128 0x24
 815 0011 00       		.byte	0
 816 0012 0B       		.uleb128 0xb
 817 0013 0B       		.uleb128 0xb
 818 0014 3E       		.uleb128 0x3e
 819 0015 0B       		.uleb128 0xb
 820 0016 03       		.uleb128 0x3
 821 0017 0E       		.uleb128 0xe
 822 0018 00       		.byte	0
 823 0019 00       		.byte	0
 824 001a 03       		.uleb128 0x3
 825 001b 24       		.uleb128 0x24
 826 001c 00       		.byte	0
 827 001d 0B       		.uleb128 0xb
 828 001e 0B       		.uleb128 0xb
 829 001f 3E       		.uleb128 0x3e
 830 0020 0B       		.uleb128 0xb
 831 0021 03       		.uleb128 0x3
 832 0022 08       		.uleb128 0x8
 833 0023 00       		.byte	0
 834 0024 00       		.byte	0
 835 0025 04       		.uleb128 0x4
 836 0026 16       		.uleb128 0x16
 837 0027 00       		.byte	0
 838 0028 03       		.uleb128 0x3
 839 0029 0E       		.uleb128 0xe
 840 002a 3A       		.uleb128 0x3a
 841 002b 0B       		.uleb128 0xb
 842 002c 3B       		.uleb128 0x3b
 843 002d 05       		.uleb128 0x5
 844 002e 49       		.uleb128 0x49
 845 002f 13       		.uleb128 0x13
 846 0030 00       		.byte	0
 847 0031 00       		.byte	0
 848 0032 05       		.uleb128 0x5
 849 0033 13       		.uleb128 0x13
 850 0034 01       		.byte	0x1
 851 0035 0B       		.uleb128 0xb
 852 0036 0B       		.uleb128 0xb
 853 0037 3A       		.uleb128 0x3a
 854 0038 0B       		.uleb128 0xb
 855 0039 3B       		.uleb128 0x3b
ARM GAS  C:\Users\JEFFSN~1\AppData\Local\Temp\ccoEenth.s 			page 16


 856 003a 0B       		.uleb128 0xb
 857 003b 01       		.uleb128 0x1
 858 003c 13       		.uleb128 0x13
 859 003d 00       		.byte	0
 860 003e 00       		.byte	0
 861 003f 06       		.uleb128 0x6
 862 0040 0D       		.uleb128 0xd
 863 0041 00       		.byte	0
 864 0042 03       		.uleb128 0x3
 865 0043 0E       		.uleb128 0xe
 866 0044 3A       		.uleb128 0x3a
 867 0045 0B       		.uleb128 0xb
 868 0046 3B       		.uleb128 0x3b
 869 0047 0B       		.uleb128 0xb
 870 0048 49       		.uleb128 0x49
 871 0049 13       		.uleb128 0x13
 872 004a 38       		.uleb128 0x38
 873 004b 0B       		.uleb128 0xb
 874 004c 00       		.byte	0
 875 004d 00       		.byte	0
 876 004e 07       		.uleb128 0x7
 877 004f 16       		.uleb128 0x16
 878 0050 00       		.byte	0
 879 0051 03       		.uleb128 0x3
 880 0052 0E       		.uleb128 0xe
 881 0053 3A       		.uleb128 0x3a
 882 0054 0B       		.uleb128 0xb
 883 0055 3B       		.uleb128 0x3b
 884 0056 0B       		.uleb128 0xb
 885 0057 49       		.uleb128 0x49
 886 0058 13       		.uleb128 0x13
 887 0059 00       		.byte	0
 888 005a 00       		.byte	0
 889 005b 08       		.uleb128 0x8
 890 005c 0D       		.uleb128 0xd
 891 005d 00       		.byte	0
 892 005e 03       		.uleb128 0x3
 893 005f 08       		.uleb128 0x8
 894 0060 3A       		.uleb128 0x3a
 895 0061 0B       		.uleb128 0xb
 896 0062 3B       		.uleb128 0x3b
 897 0063 0B       		.uleb128 0xb
 898 0064 49       		.uleb128 0x49
 899 0065 13       		.uleb128 0x13
 900 0066 38       		.uleb128 0x38
 901 0067 0B       		.uleb128 0xb
 902 0068 00       		.byte	0
 903 0069 00       		.byte	0
 904 006a 09       		.uleb128 0x9
 905 006b 0F       		.uleb128 0xf
 906 006c 00       		.byte	0
 907 006d 0B       		.uleb128 0xb
 908 006e 0B       		.uleb128 0xb
 909 006f 49       		.uleb128 0x49
 910 0070 13       		.uleb128 0x13
 911 0071 00       		.byte	0
 912 0072 00       		.byte	0
ARM GAS  C:\Users\JEFFSN~1\AppData\Local\Temp\ccoEenth.s 			page 17


 913 0073 0A       		.uleb128 0xa
 914 0074 26       		.uleb128 0x26
 915 0075 00       		.byte	0
 916 0076 00       		.byte	0
 917 0077 00       		.byte	0
 918 0078 0B       		.uleb128 0xb
 919 0079 01       		.uleb128 0x1
 920 007a 01       		.byte	0x1
 921 007b 49       		.uleb128 0x49
 922 007c 13       		.uleb128 0x13
 923 007d 01       		.uleb128 0x1
 924 007e 13       		.uleb128 0x13
 925 007f 00       		.byte	0
 926 0080 00       		.byte	0
 927 0081 0C       		.uleb128 0xc
 928 0082 21       		.uleb128 0x21
 929 0083 00       		.byte	0
 930 0084 49       		.uleb128 0x49
 931 0085 13       		.uleb128 0x13
 932 0086 2F       		.uleb128 0x2f
 933 0087 0B       		.uleb128 0xb
 934 0088 00       		.byte	0
 935 0089 00       		.byte	0
 936 008a 0D       		.uleb128 0xd
 937 008b 26       		.uleb128 0x26
 938 008c 00       		.byte	0
 939 008d 49       		.uleb128 0x49
 940 008e 13       		.uleb128 0x13
 941 008f 00       		.byte	0
 942 0090 00       		.byte	0
 943 0091 0E       		.uleb128 0xe
 944 0092 34       		.uleb128 0x34
 945 0093 00       		.byte	0
 946 0094 03       		.uleb128 0x3
 947 0095 0E       		.uleb128 0xe
 948 0096 3A       		.uleb128 0x3a
 949 0097 0B       		.uleb128 0xb
 950 0098 3B       		.uleb128 0x3b
 951 0099 0B       		.uleb128 0xb
 952 009a 49       		.uleb128 0x49
 953 009b 13       		.uleb128 0x13
 954 009c 3F       		.uleb128 0x3f
 955 009d 19       		.uleb128 0x19
 956 009e 02       		.uleb128 0x2
 957 009f 18       		.uleb128 0x18
 958 00a0 00       		.byte	0
 959 00a1 00       		.byte	0
 960 00a2 0F       		.uleb128 0xf
 961 00a3 34       		.uleb128 0x34
 962 00a4 00       		.byte	0
 963 00a5 03       		.uleb128 0x3
 964 00a6 0E       		.uleb128 0xe
 965 00a7 3A       		.uleb128 0x3a
 966 00a8 0B       		.uleb128 0xb
 967 00a9 3B       		.uleb128 0x3b
 968 00aa 05       		.uleb128 0x5
 969 00ab 49       		.uleb128 0x49
ARM GAS  C:\Users\JEFFSN~1\AppData\Local\Temp\ccoEenth.s 			page 18


 970 00ac 13       		.uleb128 0x13
 971 00ad 3F       		.uleb128 0x3f
 972 00ae 19       		.uleb128 0x19
 973 00af 02       		.uleb128 0x2
 974 00b0 18       		.uleb128 0x18
 975 00b1 00       		.byte	0
 976 00b2 00       		.byte	0
 977 00b3 00       		.byte	0
 978              		.section	.debug_aranges,"",%progbits
 979 0000 14000000 		.4byte	0x14
 980 0004 0200     		.2byte	0x2
 981 0006 00000000 		.4byte	.Ldebug_info0
 982 000a 04       		.byte	0x4
 983 000b 00       		.byte	0
 984 000c 0000     		.2byte	0
 985 000e 0000     		.2byte	0
 986 0010 00000000 		.4byte	0
 987 0014 00000000 		.4byte	0
 988              		.section	.debug_line,"",%progbits
 989              	.Ldebug_line0:
 990 0000 55000000 		.section	.debug_str,"MS",%progbits,1
 990      02004F00 
 990      00000201 
 990      FB0E0D00 
 990      01010101 
 991              	.LASF35:
 992 0000 474E5520 		.ascii	"GNU C11 5.4.1 20160609 (release) [ARM/embedded-5-br"
 992      43313120 
 992      352E342E 
 992      31203230 
 992      31363036 
 993 0033 616E6368 		.ascii	"anch revision 237715] -mcpu=cortex-m3 -mthumb -g -O"
 993      20726576 
 993      6973696F 
 993      6E203233 
 993      37373135 
 994 0066 30202D66 		.ascii	"0 -ffunction-sections -ffat-lto-objects\000"
 994      66756E63 
 994      74696F6E 
 994      2D736563 
 994      74696F6E 
 995              	.LASF34:
 996 008e 5553425F 		.ascii	"USB_idSerialNumberStringDescriptor\000"
 996      69645365 
 996      7269616C 
 996      4E756D62 
 996      65725374 
 997              	.LASF3:
 998 00b1 73686F72 		.ascii	"short unsigned int\000"
 998      7420756E 
 998      7369676E 
 998      65642069 
 998      6E7400
 999              	.LASF30:
 1000 00c4 5553425F 		.ascii	"USB_DEVICE0_TABLE\000"
 1000      44455649 
 1000      4345305F 
ARM GAS  C:\Users\JEFFSN~1\AppData\Local\Temp\ccoEenth.s 			page 19


 1000      5441424C 
 1000      4500
 1001              	.LASF29:
 1002 00d6 5553425F 		.ascii	"USB_DEVICE0_CONFIGURATION0_TABLE\000"
 1002      44455649 
 1002      4345305F 
 1002      434F4E46 
 1002      49475552 
 1003              	.LASF11:
 1004 00f7 666C6F61 		.ascii	"float\000"
 1004      7400
 1005              	.LASF17:
 1006 00fd 616C7453 		.ascii	"altSetting\000"
 1006      65747469 
 1006      6E6700
 1007              	.LASF33:
 1008 0108 5553425F 		.ascii	"USB_STRING_DESCRIPTORS\000"
 1008      53545249 
 1008      4E475F44 
 1008      45534352 
 1008      4950544F 
 1009              	.LASF24:
 1010 011f 545F5553 		.ascii	"T_USB_LUT\000"
 1010      425F4C55 
 1010      5400
 1011              	.LASF1:
 1012 0129 756E7369 		.ascii	"unsigned char\000"
 1012      676E6564 
 1012      20636861 
 1012      7200
 1013              	.LASF19:
 1014 0137 61747472 		.ascii	"attributes\000"
 1014      69627574 
 1014      657300
 1015              	.LASF5:
 1016 0142 6C6F6E67 		.ascii	"long unsigned int\000"
 1016      20756E73 
 1016      69676E65 
 1016      6420696E 
 1016      7400
 1017              	.LASF18:
 1018 0154 61646472 		.ascii	"addr\000"
 1018      00
 1019              	.LASF22:
 1020 0159 545F5553 		.ascii	"T_USB_EP_SETTINGS_BLOCK\000"
 1020      425F4550 
 1020      5F534554 
 1020      54494E47 
 1020      535F424C 
 1021              	.LASF25:
 1022 0171 5553425F 		.ascii	"USB_DEVICE0_DESCR\000"
 1022      44455649 
 1022      4345305F 
 1022      44455343 
 1022      5200
 1023              	.LASF26:
 1024 0183 5553425F 		.ascii	"USB_DEVICE0_CONFIGURATION0_DESCR\000"
ARM GAS  C:\Users\JEFFSN~1\AppData\Local\Temp\ccoEenth.s 			page 20


 1024      44455649 
 1024      4345305F 
 1024      434F4E46 
 1024      49475552 
 1025              	.LASF12:
 1026 01a4 646F7562 		.ascii	"double\000"
 1026      6C6500
 1027              	.LASF20:
 1028 01ab 62756666 		.ascii	"bufferSize\000"
 1028      65725369 
 1028      7A6500
 1029              	.LASF27:
 1030 01b6 5553425F 		.ascii	"USB_DEVICE0_CONFIGURATION0_EP_SETTINGS_TABLE\000"
 1030      44455649 
 1030      4345305F 
 1030      434F4E46 
 1030      49475552 
 1031              	.LASF10:
 1032 01e3 75696E74 		.ascii	"uint16\000"
 1032      313600
 1033              	.LASF8:
 1034 01ea 756E7369 		.ascii	"unsigned int\000"
 1034      676E6564 
 1034      20696E74 
 1034      00
 1035              	.LASF36:
 1036 01f7 47656E65 		.ascii	"Generated_Source\\PSoC5\\USB_descr.c\000"
 1036      72617465 
 1036      645F536F 
 1036      75726365 
 1036      5C50536F 
 1037              	.LASF7:
 1038 021a 6C6F6E67 		.ascii	"long long unsigned int\000"
 1038      206C6F6E 
 1038      6720756E 
 1038      7369676E 
 1038      65642069 
 1039              	.LASF23:
 1040 0231 705F6C69 		.ascii	"p_list\000"
 1040      737400
 1041              	.LASF15:
 1042 0238 73697A65 		.ascii	"sizetype\000"
 1042      74797065 
 1042      00
 1043              	.LASF6:
 1044 0241 6C6F6E67 		.ascii	"long long int\000"
 1044      206C6F6E 
 1044      6720696E 
 1044      7400
 1045              	.LASF13:
 1046 024f 63686172 		.ascii	"char\000"
 1046      00
 1047              	.LASF32:
 1048 0254 5553425F 		.ascii	"USB_SN_STRING_DESCRIPTOR\000"
 1048      534E5F53 
 1048      5452494E 
 1048      475F4445 
ARM GAS  C:\Users\JEFFSN~1\AppData\Local\Temp\ccoEenth.s 			page 21


 1048      53435249 
 1049              	.LASF31:
 1050 026d 5553425F 		.ascii	"USB_TABLE\000"
 1050      5441424C 
 1050      4500
 1051              	.LASF2:
 1052 0277 73686F72 		.ascii	"short int\000"
 1052      7420696E 
 1052      7400
 1053              	.LASF9:
 1054 0281 75696E74 		.ascii	"uint8\000"
 1054      3800
 1055              	.LASF16:
 1056 0287 696E7465 		.ascii	"interface\000"
 1056      72666163 
 1056      6500
 1057              	.LASF28:
 1058 0291 5553425F 		.ascii	"USB_DEVICE0_CONFIGURATION0_INTERFACE_CLASS\000"
 1058      44455649 
 1058      4345305F 
 1058      434F4E46 
 1058      49475552 
 1059              	.LASF4:
 1060 02bc 6C6F6E67 		.ascii	"long int\000"
 1060      20696E74 
 1060      00
 1061              	.LASF14:
 1062 02c5 6C6F6E67 		.ascii	"long double\000"
 1062      20646F75 
 1062      626C6500 
 1063              	.LASF0:
 1064 02d1 7369676E 		.ascii	"signed char\000"
 1064      65642063 
 1064      68617200 
 1065              	.LASF37:
 1066 02dd 433A5C55 		.ascii	"C:\\Users\\JeffSnyder\\Desktop\\psoc_steel3\\PSOC5_"
 1066      73657273 
 1066      5C4A6566 
 1066      66536E79 
 1066      6465725C 
 1067 030b 656C6563 		.ascii	"electrosteel_stringsensors_newpcb_brain\\CE210514_P"
 1067      74726F73 
 1067      7465656C 
 1067      5F737472 
 1067      696E6773 
 1068 033d 534F4333 		.ascii	"SOC3_5_Thermistor.cydsn\000"
 1068      5F355F54 
 1068      6865726D 
 1068      6973746F 
 1068      722E6379 
 1069              	.LASF21:
 1070 0355 624D6973 		.ascii	"bMisc\000"
 1070      6300
 1071              		.ident	"GCC: (GNU Tools for ARM Embedded Processors) 5.4.1 20160609 (release) [ARM/embedded-5-bran
