ARM GAS  C:\Users\JEFFSN~1\AppData\Local\Temp\ccqH3elQ.s 			page 1


   1              		.syntax unified
   2              		.cpu cortex-m3
   3              		.fpu softvfp
   4              		.eabi_attribute 20, 1
   5              		.eabi_attribute 21, 1
   6              		.eabi_attribute 23, 3
   7              		.eabi_attribute 24, 1
   8              		.eabi_attribute 25, 1
   9              		.eabi_attribute 26, 1
  10              		.eabi_attribute 30, 6
  11              		.eabi_attribute 34, 1
  12              		.eabi_attribute 18, 4
  13              		.thumb
  14              		.syntax unified
  15              		.file	"USB_audio.c"
  16              		.text
  17              	.Ltext0:
  18              		.cfi_sections	.debug_frame
  19              		.section	.text.USB_DispatchAUDIOClassRqst,"ax",%progbits
  20              		.align	2
  21              		.global	USB_DispatchAUDIOClassRqst
  22              		.thumb
  23              		.thumb_func
  24              		.type	USB_DispatchAUDIOClassRqst, %function
  25              	USB_DispatchAUDIOClassRqst:
  26              	.LFB0:
  27              		.file 1 "Generated_Source\\PSoC5\\USB_audio.c"
   1:Generated_Source\PSoC5/USB_audio.c **** /***************************************************************************//**
   2:Generated_Source\PSoC5/USB_audio.c **** * \file USB_audio.c
   3:Generated_Source\PSoC5/USB_audio.c **** * \version 3.20
   4:Generated_Source\PSoC5/USB_audio.c **** *
   5:Generated_Source\PSoC5/USB_audio.c **** * \brief
   6:Generated_Source\PSoC5/USB_audio.c **** *  This file contains the USB AUDIO Class request handler.
   7:Generated_Source\PSoC5/USB_audio.c **** *
   8:Generated_Source\PSoC5/USB_audio.c **** * Related Document:
   9:Generated_Source\PSoC5/USB_audio.c **** *  Universal Serial Bus Device Class Definition for Audio Devices Release 1.0
  10:Generated_Source\PSoC5/USB_audio.c **** *
  11:Generated_Source\PSoC5/USB_audio.c **** ********************************************************************************
  12:Generated_Source\PSoC5/USB_audio.c **** * \copyright
  13:Generated_Source\PSoC5/USB_audio.c **** * Copyright 2008-2016, Cypress Semiconductor Corporation.  All rights reserved.
  14:Generated_Source\PSoC5/USB_audio.c **** * You may use this file only in accordance with the license, terms, conditions,
  15:Generated_Source\PSoC5/USB_audio.c **** * disclaimers, and limitations in the end user license agreement accompanying
  16:Generated_Source\PSoC5/USB_audio.c **** * the software package with which this file was provided.
  17:Generated_Source\PSoC5/USB_audio.c **** *******************************************************************************/
  18:Generated_Source\PSoC5/USB_audio.c **** 
  19:Generated_Source\PSoC5/USB_audio.c **** #include "USB_audio.h"
  20:Generated_Source\PSoC5/USB_audio.c **** #include "USB_pvt.h"
  21:Generated_Source\PSoC5/USB_audio.c **** 
  22:Generated_Source\PSoC5/USB_audio.c **** 
  23:Generated_Source\PSoC5/USB_audio.c **** #if defined(USB_ENABLE_AUDIO_CLASS)
  24:Generated_Source\PSoC5/USB_audio.c **** 
  25:Generated_Source\PSoC5/USB_audio.c **** /***************************************
  26:Generated_Source\PSoC5/USB_audio.c **** * Custom Declarations
  27:Generated_Source\PSoC5/USB_audio.c **** ***************************************/
  28:Generated_Source\PSoC5/USB_audio.c **** 
  29:Generated_Source\PSoC5/USB_audio.c **** /* `#START CUSTOM_DECLARATIONS` Place your declaration here */
  30:Generated_Source\PSoC5/USB_audio.c **** 
ARM GAS  C:\Users\JEFFSN~1\AppData\Local\Temp\ccqH3elQ.s 			page 2


  31:Generated_Source\PSoC5/USB_audio.c **** /* `#END` */
  32:Generated_Source\PSoC5/USB_audio.c **** 
  33:Generated_Source\PSoC5/USB_audio.c **** 
  34:Generated_Source\PSoC5/USB_audio.c **** #if !defined(USER_SUPPLIED_AUDIO_HANDLER)
  35:Generated_Source\PSoC5/USB_audio.c **** 
  36:Generated_Source\PSoC5/USB_audio.c **** /***************************************
  37:Generated_Source\PSoC5/USB_audio.c **** *    AUDIO Variables
  38:Generated_Source\PSoC5/USB_audio.c **** ***************************************/
  39:Generated_Source\PSoC5/USB_audio.c **** 
  40:Generated_Source\PSoC5/USB_audio.c **** #if defined(USB_ENABLE_AUDIO_STREAMING)
  41:Generated_Source\PSoC5/USB_audio.c ****     /** Contains the current audio sample frequency. It is set by the host using a SET_CUR request 
  42:Generated_Source\PSoC5/USB_audio.c ****     volatile uint8 USB_currentSampleFrequency[USB_MAX_EP][USB_SAMPLE_FREQ_LEN];
  43:Generated_Source\PSoC5/USB_audio.c ****     /** Used as a flag for the user code, to inform it that the host has been sent a request 
  44:Generated_Source\PSoC5/USB_audio.c ****      * to change the sample frequency. The sample frequency will be sent on the next OUT transactio
  45:Generated_Source\PSoC5/USB_audio.c ****      * It contains the endpoint address when set. The following code is recommended for 
  46:Generated_Source\PSoC5/USB_audio.c ****      * detecting new sample frequency in main code:
  47:Generated_Source\PSoC5/USB_audio.c ****      * \snippet  /USBFS_sut_02.cydsn/main.c Detecting new Sample Frequency
  48:Generated_Source\PSoC5/USB_audio.c ****      *     
  49:Generated_Source\PSoC5/USB_audio.c ****      * The USBFS_transferState variable is checked to make sure that the transfer completes. */
  50:Generated_Source\PSoC5/USB_audio.c ****     volatile uint8 USB_frequencyChanged;
  51:Generated_Source\PSoC5/USB_audio.c ****     /** Contains the mute configuration set by the host.*/
  52:Generated_Source\PSoC5/USB_audio.c ****     volatile uint8 USB_currentMute;
  53:Generated_Source\PSoC5/USB_audio.c ****     /** Contains the volume level set by the host.*/
  54:Generated_Source\PSoC5/USB_audio.c ****     volatile uint8 USB_currentVolume[USB_VOLUME_LEN];
  55:Generated_Source\PSoC5/USB_audio.c ****     volatile uint8 USB_minimumVolume[USB_VOLUME_LEN] = {USB_VOL_MIN_LSB,
  56:Generated_Source\PSoC5/USB_audio.c ****                                                                                   USB_VOL_MIN_MSB};
  57:Generated_Source\PSoC5/USB_audio.c ****     volatile uint8 USB_maximumVolume[USB_VOLUME_LEN] = {USB_VOL_MAX_LSB,
  58:Generated_Source\PSoC5/USB_audio.c ****                                                                                   USB_VOL_MAX_MSB};
  59:Generated_Source\PSoC5/USB_audio.c ****     volatile uint8 USB_resolutionVolume[USB_VOLUME_LEN] = {USB_VOL_RES_LSB,
  60:Generated_Source\PSoC5/USB_audio.c ****                                                                                      USB_VOL_RES_MS
  61:Generated_Source\PSoC5/USB_audio.c **** #endif /*  USB_ENABLE_AUDIO_STREAMING */
  62:Generated_Source\PSoC5/USB_audio.c **** 
  63:Generated_Source\PSoC5/USB_audio.c **** 
  64:Generated_Source\PSoC5/USB_audio.c **** /*******************************************************************************
  65:Generated_Source\PSoC5/USB_audio.c **** * Function Name: USB_DispatchAUDIOClassRqst
  66:Generated_Source\PSoC5/USB_audio.c **** ****************************************************************************//**
  67:Generated_Source\PSoC5/USB_audio.c **** *
  68:Generated_Source\PSoC5/USB_audio.c **** *  This routine dispatches class requests
  69:Generated_Source\PSoC5/USB_audio.c **** *
  70:Generated_Source\PSoC5/USB_audio.c **** * \return
  71:Generated_Source\PSoC5/USB_audio.c **** *  Results of Audio Class request handling: 
  72:Generated_Source\PSoC5/USB_audio.c **** *  - USB_TRUE  - request was handled without errors
  73:Generated_Source\PSoC5/USB_audio.c **** *  - USB_FALSE - error occurs during handling of request     
  74:Generated_Source\PSoC5/USB_audio.c **** *
  75:Generated_Source\PSoC5/USB_audio.c **** * \globalvars
  76:Generated_Source\PSoC5/USB_audio.c **** *   USB_currentSampleFrequency: Contains the current audio Sample
  77:Generated_Source\PSoC5/USB_audio.c **** *       Frequency. It is set by the Host using SET_CUR request to the endpoint.
  78:Generated_Source\PSoC5/USB_audio.c **** *   USB_frequencyChanged: This variable is used as a flag for the
  79:Generated_Source\PSoC5/USB_audio.c **** *       user code, to be aware that Host has been sent request for changing
  80:Generated_Source\PSoC5/USB_audio.c **** *       Sample Frequency. Sample frequency will be sent on the next OUT
  81:Generated_Source\PSoC5/USB_audio.c **** *       transaction. It is contains endpoint address when set. The following
  82:Generated_Source\PSoC5/USB_audio.c **** *       code is recommended for detecting new Sample Frequency in main code:
  83:Generated_Source\PSoC5/USB_audio.c **** *       
  84:Generated_Source\PSoC5/USB_audio.c **** *  \snippet  /USBFS_sut_02.cydsn/main.c Detecting new Sample Frequency
  85:Generated_Source\PSoC5/USB_audio.c **** *      
  86:Generated_Source\PSoC5/USB_audio.c **** *   USB_transferState variable is checked to be sure that transfer
  87:Generated_Source\PSoC5/USB_audio.c **** *              completes.
ARM GAS  C:\Users\JEFFSN~1\AppData\Local\Temp\ccqH3elQ.s 			page 3


  88:Generated_Source\PSoC5/USB_audio.c **** *   USB_currentMute: Contains mute configuration set by Host.
  89:Generated_Source\PSoC5/USB_audio.c **** *   USB_currentVolume: Contains volume level set by Host.
  90:Generated_Source\PSoC5/USB_audio.c **** *
  91:Generated_Source\PSoC5/USB_audio.c **** * \reentrant
  92:Generated_Source\PSoC5/USB_audio.c **** *  No.
  93:Generated_Source\PSoC5/USB_audio.c **** *
  94:Generated_Source\PSoC5/USB_audio.c **** *******************************************************************************/
  95:Generated_Source\PSoC5/USB_audio.c **** uint8 USB_DispatchAUDIOClassRqst(void) 
  96:Generated_Source\PSoC5/USB_audio.c **** {
  28              		.loc 1 96 0
  29              		.cfi_startproc
  30              		@ args = 0, pretend = 0, frame = 8
  31              		@ frame_needed = 1, uses_anonymous_args = 0
  32              		@ link register save eliminated.
  33 0000 80B4     		push	{r7}
  34              		.cfi_def_cfa_offset 4
  35              		.cfi_offset 7, -4
  36 0002 83B0     		sub	sp, sp, #12
  37              		.cfi_def_cfa_offset 16
  38 0004 00AF     		add	r7, sp, #0
  39              		.cfi_def_cfa_register 7
  97:Generated_Source\PSoC5/USB_audio.c ****     uint8 requestHandled = USB_FALSE;
  40              		.loc 1 97 0
  41 0006 0023     		movs	r3, #0
  42 0008 FB71     		strb	r3, [r7, #7]
  98:Generated_Source\PSoC5/USB_audio.c ****     
  99:Generated_Source\PSoC5/USB_audio.c ****     uint8 RqstRcpt = (uint8)(USB_bmRequestTypeReg & USB_RQST_RCPT_MASK);
  43              		.loc 1 99 0
  44 000a 1E4B     		ldr	r3, .L23
  45 000c 1B78     		ldrb	r3, [r3]
  46 000e DBB2     		uxtb	r3, r3
  47 0010 03F00303 		and	r3, r3, #3
  48 0014 BB71     		strb	r3, [r7, #6]
 100:Generated_Source\PSoC5/USB_audio.c **** #if defined(USB_ENABLE_AUDIO_STREAMING)
 101:Generated_Source\PSoC5/USB_audio.c ****     uint8 wValueHi = (uint8) USB_wValueHiReg;
 102:Generated_Source\PSoC5/USB_audio.c ****     uint8 epNumber = (uint8) USB_wIndexLoReg & USB_DIR_UNUSED;
 103:Generated_Source\PSoC5/USB_audio.c **** #endif /* (USB_ENABLE_AUDIO_STREAMING) */
 104:Generated_Source\PSoC5/USB_audio.c ****     
 105:Generated_Source\PSoC5/USB_audio.c ****     /* Check request direction: D2H or H2D. */
 106:Generated_Source\PSoC5/USB_audio.c ****     if (0u != (USB_bmRequestTypeReg & USB_RQST_DIR_D2H))
  49              		.loc 1 106 0
  50 0016 1B4B     		ldr	r3, .L23
  51 0018 1B78     		ldrb	r3, [r3]
  52 001a DBB2     		uxtb	r3, r3
  53 001c 5BB2     		sxtb	r3, r3
  54 001e 002B     		cmp	r3, #0
  55 0020 11DA     		bge	.L2
 107:Generated_Source\PSoC5/USB_audio.c ****     {
 108:Generated_Source\PSoC5/USB_audio.c ****         /* Handle direction from device to host. */
 109:Generated_Source\PSoC5/USB_audio.c ****         
 110:Generated_Source\PSoC5/USB_audio.c ****         if (USB_RQST_RCPT_EP == RqstRcpt)
  56              		.loc 1 110 0
  57 0022 BB79     		ldrb	r3, [r7, #6]	@ zero_extendqisi2
  58 0024 022B     		cmp	r3, #2
  59 0026 05D1     		bne	.L3
 111:Generated_Source\PSoC5/USB_audio.c ****         {
 112:Generated_Source\PSoC5/USB_audio.c ****             /* Request recipient is to endpoint. */
ARM GAS  C:\Users\JEFFSN~1\AppData\Local\Temp\ccqH3elQ.s 			page 4


 113:Generated_Source\PSoC5/USB_audio.c ****             switch (USB_bRequestReg)
  60              		.loc 1 113 0
  61 0028 164B     		ldr	r3, .L23
  62 002a 5B78     		ldrb	r3, [r3, #1]
  63 002c DBB2     		uxtb	r3, r3
  64 002e 812B     		cmp	r3, #129
  65 0030 1BD0     		beq	.L19
 114:Generated_Source\PSoC5/USB_audio.c ****             {
 115:Generated_Source\PSoC5/USB_audio.c ****                 case USB_GET_CUR:
 116:Generated_Source\PSoC5/USB_audio.c ****                 #if defined(USB_ENABLE_AUDIO_STREAMING)
 117:Generated_Source\PSoC5/USB_audio.c ****                     if (wValueHi == USB_SAMPLING_FREQ_CONTROL)
 118:Generated_Source\PSoC5/USB_audio.c ****                     {
 119:Generated_Source\PSoC5/USB_audio.c ****                          /* point Control Selector is Sampling Frequency */
 120:Generated_Source\PSoC5/USB_audio.c ****                         USB_currentTD.wCount = USB_SAMPLE_FREQ_LEN;
 121:Generated_Source\PSoC5/USB_audio.c ****                         USB_currentTD.pData  = USB_currentSampleFrequency[epNumber];
 122:Generated_Source\PSoC5/USB_audio.c ****                         
 123:Generated_Source\PSoC5/USB_audio.c ****                         requestHandled   = USB_InitControlRead();
 124:Generated_Source\PSoC5/USB_audio.c ****                     }
 125:Generated_Source\PSoC5/USB_audio.c ****                 #endif /* (USB_ENABLE_AUDIO_STREAMING) */
 126:Generated_Source\PSoC5/USB_audio.c ****                 
 127:Generated_Source\PSoC5/USB_audio.c ****                     /* `#START AUDIO_READ_REQUESTS` Place other request handler here */
 128:Generated_Source\PSoC5/USB_audio.c **** 
 129:Generated_Source\PSoC5/USB_audio.c ****                     /* `#END` */
 130:Generated_Source\PSoC5/USB_audio.c ****                 
 131:Generated_Source\PSoC5/USB_audio.c ****                 #ifdef USB_DISPATCH_AUDIO_CLASS_AUDIO_READ_REQUESTS_CALLBACK    
 132:Generated_Source\PSoC5/USB_audio.c ****                     USB_DispatchAUDIOClass_AUDIO_READ_REQUESTS_Callback();
 133:Generated_Source\PSoC5/USB_audio.c ****                 #endif /* (USB_DISPATCH_AUDIO_CLASS_AUDIO_READ_REQUESTS_CALLBACK) */               
 134:Generated_Source\PSoC5/USB_audio.c ****                 break;
 135:Generated_Source\PSoC5/USB_audio.c ****                 
 136:Generated_Source\PSoC5/USB_audio.c ****                 default:
 137:Generated_Source\PSoC5/USB_audio.c ****                     /* Do not handle this request unless callback is defined. */
 138:Generated_Source\PSoC5/USB_audio.c ****                     break;
  66              		.loc 1 138 0
  67 0032 21E0     		b	.L7
  68              	.L3:
 139:Generated_Source\PSoC5/USB_audio.c ****             }
 140:Generated_Source\PSoC5/USB_audio.c ****         
 141:Generated_Source\PSoC5/USB_audio.c ****         }
 142:Generated_Source\PSoC5/USB_audio.c ****         else if (USB_RQST_RCPT_IFC == RqstRcpt)
  69              		.loc 1 142 0
  70 0034 BB79     		ldrb	r3, [r7, #6]	@ zero_extendqisi2
  71 0036 012B     		cmp	r3, #1
  72 0038 1ED1     		bne	.L7
 143:Generated_Source\PSoC5/USB_audio.c ****         {
 144:Generated_Source\PSoC5/USB_audio.c ****             /* Request recipient is interface or entity ID. */
 145:Generated_Source\PSoC5/USB_audio.c ****             switch (USB_bRequestReg)
  73              		.loc 1 145 0
  74 003a 124B     		ldr	r3, .L23
  75 003c 5B78     		ldrb	r3, [r3, #1]
  76 003e DBB2     		uxtb	r3, r3
  77 0040 812B     		cmp	r3, #129
  78 0042 14D0     		beq	.L20
 146:Generated_Source\PSoC5/USB_audio.c ****             {
 147:Generated_Source\PSoC5/USB_audio.c ****                 case USB_GET_CUR:
 148:Generated_Source\PSoC5/USB_audio.c ****                 #if defined(USB_ENABLE_AUDIO_STREAMING)
 149:Generated_Source\PSoC5/USB_audio.c ****                     if (wValueHi == USB_MUTE_CONTROL)
 150:Generated_Source\PSoC5/USB_audio.c ****                     {
ARM GAS  C:\Users\JEFFSN~1\AppData\Local\Temp\ccqH3elQ.s 			page 5


 151:Generated_Source\PSoC5/USB_audio.c ****                         /* `#START MUTE_CONTROL_GET_REQUEST` Place multi-channel handler here */
 152:Generated_Source\PSoC5/USB_audio.c **** 
 153:Generated_Source\PSoC5/USB_audio.c ****                         /* `#END` */
 154:Generated_Source\PSoC5/USB_audio.c **** 
 155:Generated_Source\PSoC5/USB_audio.c ****                     #ifdef USB_DISPATCH_AUDIO_CLASS_MUTE_CONTROL_GET_REQUEST_CALLBACK
 156:Generated_Source\PSoC5/USB_audio.c ****                         USB_DispatchAUDIOClass_MUTE_CONTROL_GET_REQUEST_Callback();
 157:Generated_Source\PSoC5/USB_audio.c ****                     #endif /* (USB_DISPATCH_AUDIO_CLASS_MUTE_CONTROL_GET_REQUEST_CALLBACK) */
 158:Generated_Source\PSoC5/USB_audio.c **** 
 159:Generated_Source\PSoC5/USB_audio.c ****                         /* Entity ID Control Selector is MUTE */
 160:Generated_Source\PSoC5/USB_audio.c ****                         USB_currentTD.wCount = 1u;
 161:Generated_Source\PSoC5/USB_audio.c ****                         USB_currentTD.pData  = &USB_currentMute;
 162:Generated_Source\PSoC5/USB_audio.c ****                         
 163:Generated_Source\PSoC5/USB_audio.c ****                         requestHandled = USB_InitControlRead();
 164:Generated_Source\PSoC5/USB_audio.c ****                     }
 165:Generated_Source\PSoC5/USB_audio.c ****                     else if (wValueHi == USB_VOLUME_CONTROL)
 166:Generated_Source\PSoC5/USB_audio.c ****                     {
 167:Generated_Source\PSoC5/USB_audio.c ****                         /* `#START VOLUME_CONTROL_GET_REQUEST` Place multi-channel handler here */
 168:Generated_Source\PSoC5/USB_audio.c **** 
 169:Generated_Source\PSoC5/USB_audio.c ****                         /* `#END` */
 170:Generated_Source\PSoC5/USB_audio.c **** 
 171:Generated_Source\PSoC5/USB_audio.c ****                     #ifdef USB_DISPATCH_AUDIO_CLASS_VOLUME_CONTROL_GET_REQUEST_CALLBACK
 172:Generated_Source\PSoC5/USB_audio.c ****                         USB_DispatchAUDIOClass_VOLUME_CONTROL_GET_REQUEST_Callback();
 173:Generated_Source\PSoC5/USB_audio.c ****                     #endif /* (USB_DISPATCH_AUDIO_CLASS_VOLUME_CONTROL_GET_REQUEST_CALLBACK) */
 174:Generated_Source\PSoC5/USB_audio.c **** 
 175:Generated_Source\PSoC5/USB_audio.c ****                         /* Entity ID Control Selector is VOLUME, */
 176:Generated_Source\PSoC5/USB_audio.c ****                         USB_currentTD.wCount = USB_VOLUME_LEN;
 177:Generated_Source\PSoC5/USB_audio.c ****                         USB_currentTD.pData  = USB_currentVolume;
 178:Generated_Source\PSoC5/USB_audio.c ****                         
 179:Generated_Source\PSoC5/USB_audio.c ****                         requestHandled = USB_InitControlRead();
 180:Generated_Source\PSoC5/USB_audio.c ****                     }
 181:Generated_Source\PSoC5/USB_audio.c ****                     else
 182:Generated_Source\PSoC5/USB_audio.c ****                     {
 183:Generated_Source\PSoC5/USB_audio.c ****                         /* `#START OTHER_GET_CUR_REQUESTS` Place other request handler here */
 184:Generated_Source\PSoC5/USB_audio.c **** 
 185:Generated_Source\PSoC5/USB_audio.c ****                         /* `#END` */
 186:Generated_Source\PSoC5/USB_audio.c **** 
 187:Generated_Source\PSoC5/USB_audio.c ****                     #ifdef USB_DISPATCH_AUDIO_CLASS_OTHER_GET_CUR_REQUESTS_CALLBACK
 188:Generated_Source\PSoC5/USB_audio.c ****                         USB_DispatchAUDIOClass_OTHER_GET_CUR_REQUESTS_Callback();
 189:Generated_Source\PSoC5/USB_audio.c ****                     #endif /* (USB_DISPATCH_AUDIO_CLASS_OTHER_GET_CUR_REQUESTS_CALLBACK) */
 190:Generated_Source\PSoC5/USB_audio.c ****                     }
 191:Generated_Source\PSoC5/USB_audio.c ****                     break;
 192:Generated_Source\PSoC5/USB_audio.c ****                     
 193:Generated_Source\PSoC5/USB_audio.c ****                 case USB_GET_MIN:
 194:Generated_Source\PSoC5/USB_audio.c ****                     if (wValueHi == USB_VOLUME_CONTROL)
 195:Generated_Source\PSoC5/USB_audio.c ****                     {
 196:Generated_Source\PSoC5/USB_audio.c ****                         /* Entity ID Control Selector is VOLUME, */
 197:Generated_Source\PSoC5/USB_audio.c ****                         USB_currentTD.wCount = USB_VOLUME_LEN;
 198:Generated_Source\PSoC5/USB_audio.c ****                         USB_currentTD.pData  = &USB_minimumVolume[0];
 199:Generated_Source\PSoC5/USB_audio.c ****                         
 200:Generated_Source\PSoC5/USB_audio.c ****                         requestHandled = USB_InitControlRead();
 201:Generated_Source\PSoC5/USB_audio.c ****                     }
 202:Generated_Source\PSoC5/USB_audio.c ****                     break;
 203:Generated_Source\PSoC5/USB_audio.c ****                     
 204:Generated_Source\PSoC5/USB_audio.c ****                 case USB_GET_MAX:
 205:Generated_Source\PSoC5/USB_audio.c ****                     if (wValueHi == USB_VOLUME_CONTROL)
 206:Generated_Source\PSoC5/USB_audio.c ****                     {
 207:Generated_Source\PSoC5/USB_audio.c ****                         /* Entity ID Control Selector is VOLUME, */
ARM GAS  C:\Users\JEFFSN~1\AppData\Local\Temp\ccqH3elQ.s 			page 6


 208:Generated_Source\PSoC5/USB_audio.c ****                         USB_currentTD.wCount = USB_VOLUME_LEN;
 209:Generated_Source\PSoC5/USB_audio.c ****                         USB_currentTD.pData  = &USB_maximumVolume[0];
 210:Generated_Source\PSoC5/USB_audio.c ****                         
 211:Generated_Source\PSoC5/USB_audio.c ****                         requestHandled = USB_InitControlRead();
 212:Generated_Source\PSoC5/USB_audio.c ****                     }
 213:Generated_Source\PSoC5/USB_audio.c ****                     break;
 214:Generated_Source\PSoC5/USB_audio.c ****                     
 215:Generated_Source\PSoC5/USB_audio.c ****                 case USB_GET_RES:
 216:Generated_Source\PSoC5/USB_audio.c ****                     if (wValueHi == USB_VOLUME_CONTROL)
 217:Generated_Source\PSoC5/USB_audio.c ****                     {
 218:Generated_Source\PSoC5/USB_audio.c ****                          /* Entity ID Control Selector is VOLUME, */
 219:Generated_Source\PSoC5/USB_audio.c ****                         USB_currentTD.wCount = USB_VOLUME_LEN;
 220:Generated_Source\PSoC5/USB_audio.c ****                         USB_currentTD.pData  = &USB_resolutionVolume[0];
 221:Generated_Source\PSoC5/USB_audio.c ****                         
 222:Generated_Source\PSoC5/USB_audio.c ****                         requestHandled   = USB_InitControlRead();
 223:Generated_Source\PSoC5/USB_audio.c ****                     }
 224:Generated_Source\PSoC5/USB_audio.c ****                     break;
 225:Generated_Source\PSoC5/USB_audio.c ****                     
 226:Generated_Source\PSoC5/USB_audio.c ****                 /* The contents of the status message is reserved for future use.
 227:Generated_Source\PSoC5/USB_audio.c ****                 * For the time being, a null packet should be returned in the data stage of the
 228:Generated_Source\PSoC5/USB_audio.c ****                 * control transfer, and the received null packet should be ACKed.
 229:Generated_Source\PSoC5/USB_audio.c ****                 */
 230:Generated_Source\PSoC5/USB_audio.c ****                 case USB_GET_STAT:
 231:Generated_Source\PSoC5/USB_audio.c ****                     USB_currentTD.wCount = 0u;    
 232:Generated_Source\PSoC5/USB_audio.c ****                     
 233:Generated_Source\PSoC5/USB_audio.c ****                     requestHandled = USB_InitControlWrite();
 234:Generated_Source\PSoC5/USB_audio.c **** 
 235:Generated_Source\PSoC5/USB_audio.c ****                 #endif /* (USB_ENABLE_AUDIO_STREAMING) */
 236:Generated_Source\PSoC5/USB_audio.c ****                 
 237:Generated_Source\PSoC5/USB_audio.c ****                     /* `#START AUDIO_WRITE_REQUESTS` Place other request handler here */
 238:Generated_Source\PSoC5/USB_audio.c **** 
 239:Generated_Source\PSoC5/USB_audio.c ****                     /* `#END` */
 240:Generated_Source\PSoC5/USB_audio.c ****                 
 241:Generated_Source\PSoC5/USB_audio.c ****                 #ifdef USB_DISPATCH_AUDIO_CLASS_AUDIO_WRITE_REQUESTS_CALLBACK
 242:Generated_Source\PSoC5/USB_audio.c ****                     USB_DispatchAUDIOClass_AUDIO_WRITE_REQUESTS_Callback();
 243:Generated_Source\PSoC5/USB_audio.c ****                 #endif /* (USB_DISPATCH_AUDIO_CLASS_AUDIO_WRITE_REQUESTS_CALLBACK) */
 244:Generated_Source\PSoC5/USB_audio.c ****                     break;
 245:Generated_Source\PSoC5/USB_audio.c ****                 
 246:Generated_Source\PSoC5/USB_audio.c ****                 default:
 247:Generated_Source\PSoC5/USB_audio.c ****                     /* Do not handle this request. */
 248:Generated_Source\PSoC5/USB_audio.c ****                     break;
  79              		.loc 1 248 0
  80 0044 18E0     		b	.L7
  81              	.L2:
 249:Generated_Source\PSoC5/USB_audio.c ****             }
 250:Generated_Source\PSoC5/USB_audio.c ****         }
 251:Generated_Source\PSoC5/USB_audio.c ****         else
 252:Generated_Source\PSoC5/USB_audio.c ****         {   
 253:Generated_Source\PSoC5/USB_audio.c ****             /* Do not handle other requests recipients. */
 254:Generated_Source\PSoC5/USB_audio.c ****         }
 255:Generated_Source\PSoC5/USB_audio.c ****     }
 256:Generated_Source\PSoC5/USB_audio.c ****     else
 257:Generated_Source\PSoC5/USB_audio.c ****     {
 258:Generated_Source\PSoC5/USB_audio.c ****         /* Handle direction from host to device. */
 259:Generated_Source\PSoC5/USB_audio.c ****         
 260:Generated_Source\PSoC5/USB_audio.c ****         if (USB_RQST_RCPT_EP == RqstRcpt)
  82              		.loc 1 260 0
ARM GAS  C:\Users\JEFFSN~1\AppData\Local\Temp\ccqH3elQ.s 			page 7


  83 0046 BB79     		ldrb	r3, [r7, #6]	@ zero_extendqisi2
  84 0048 022B     		cmp	r3, #2
  85 004a 05D1     		bne	.L11
 261:Generated_Source\PSoC5/USB_audio.c ****         {
 262:Generated_Source\PSoC5/USB_audio.c ****             /* Request recipient is endpoint. */
 263:Generated_Source\PSoC5/USB_audio.c ****             switch (USB_bRequestReg)
  86              		.loc 1 263 0
  87 004c 0D4B     		ldr	r3, .L23
  88 004e 5B78     		ldrb	r3, [r3, #1]
  89 0050 DBB2     		uxtb	r3, r3
  90 0052 012B     		cmp	r3, #1
  91 0054 0DD0     		beq	.L21
 264:Generated_Source\PSoC5/USB_audio.c ****             {
 265:Generated_Source\PSoC5/USB_audio.c ****                 case USB_SET_CUR:
 266:Generated_Source\PSoC5/USB_audio.c ****                 #if defined(USB_ENABLE_AUDIO_STREAMING)
 267:Generated_Source\PSoC5/USB_audio.c ****                     if (wValueHi == USB_SAMPLING_FREQ_CONTROL)
 268:Generated_Source\PSoC5/USB_audio.c ****                     {
 269:Generated_Source\PSoC5/USB_audio.c ****                          /* point Control Selector is Sampling Frequency */
 270:Generated_Source\PSoC5/USB_audio.c ****                         USB_currentTD.wCount = USB_SAMPLE_FREQ_LEN;
 271:Generated_Source\PSoC5/USB_audio.c ****                         USB_currentTD.pData  = USB_currentSampleFrequency[epNumber];
 272:Generated_Source\PSoC5/USB_audio.c ****                         USB_frequencyChanged = (uint8) epNumber;
 273:Generated_Source\PSoC5/USB_audio.c ****                         
 274:Generated_Source\PSoC5/USB_audio.c ****                         requestHandled   = USB_InitControlWrite();
 275:Generated_Source\PSoC5/USB_audio.c ****                     }
 276:Generated_Source\PSoC5/USB_audio.c ****                 #endif /* (USB_ENABLE_AUDIO_STREAMING) */
 277:Generated_Source\PSoC5/USB_audio.c **** 
 278:Generated_Source\PSoC5/USB_audio.c ****                     /* `#START AUDIO_SAMPLING_FREQ_REQUESTS` Place other request handler here */
 279:Generated_Source\PSoC5/USB_audio.c **** 
 280:Generated_Source\PSoC5/USB_audio.c ****                     /* `#END` */
 281:Generated_Source\PSoC5/USB_audio.c **** 
 282:Generated_Source\PSoC5/USB_audio.c ****                 #ifdef USB_DISPATCH_AUDIO_CLASS_AUDIO_SAMPLING_FREQ_REQUESTS_CALLBACK
 283:Generated_Source\PSoC5/USB_audio.c ****                     USB_DispatchAUDIOClass_AUDIO_SAMPLING_FREQ_REQUESTS_Callback();
 284:Generated_Source\PSoC5/USB_audio.c ****                 #endif /* (USB_DISPATCH_AUDIO_CLASS_AUDIO_SAMPLING_FREQ_REQUESTS_CALLBACK) */
 285:Generated_Source\PSoC5/USB_audio.c ****                     break;
 286:Generated_Source\PSoC5/USB_audio.c ****                 
 287:Generated_Source\PSoC5/USB_audio.c ****                 default:
 288:Generated_Source\PSoC5/USB_audio.c ****                     /* Do not handle this request. */
 289:Generated_Source\PSoC5/USB_audio.c ****                     break;
  92              		.loc 1 289 0
  93 0056 0FE0     		b	.L7
  94              	.L11:
 290:Generated_Source\PSoC5/USB_audio.c ****             }
 291:Generated_Source\PSoC5/USB_audio.c ****         }
 292:Generated_Source\PSoC5/USB_audio.c ****         else if(USB_RQST_RCPT_IFC == RqstRcpt)
  95              		.loc 1 292 0
  96 0058 BB79     		ldrb	r3, [r7, #6]	@ zero_extendqisi2
  97 005a 012B     		cmp	r3, #1
  98 005c 0CD1     		bne	.L7
 293:Generated_Source\PSoC5/USB_audio.c ****         {
 294:Generated_Source\PSoC5/USB_audio.c ****             /* Request recipient is interface or entity ID. */
 295:Generated_Source\PSoC5/USB_audio.c ****             switch (USB_bRequestReg)
  99              		.loc 1 295 0
 100 005e 094B     		ldr	r3, .L23
 101 0060 5B78     		ldrb	r3, [r3, #1]
 102 0062 DBB2     		uxtb	r3, r3
 103 0064 012B     		cmp	r3, #1
 104 0066 06D0     		beq	.L22
ARM GAS  C:\Users\JEFFSN~1\AppData\Local\Temp\ccqH3elQ.s 			page 8


 296:Generated_Source\PSoC5/USB_audio.c ****             {
 297:Generated_Source\PSoC5/USB_audio.c ****                 case USB_SET_CUR:
 298:Generated_Source\PSoC5/USB_audio.c ****                 #if defined(USB_ENABLE_AUDIO_STREAMING)
 299:Generated_Source\PSoC5/USB_audio.c ****                     if (wValueHi == USB_MUTE_CONTROL)
 300:Generated_Source\PSoC5/USB_audio.c ****                     {
 301:Generated_Source\PSoC5/USB_audio.c ****                         /* `#START MUTE_SET_REQUEST` Place multi-channel handler here */
 302:Generated_Source\PSoC5/USB_audio.c **** 
 303:Generated_Source\PSoC5/USB_audio.c ****                         /* `#END` */
 304:Generated_Source\PSoC5/USB_audio.c **** 
 305:Generated_Source\PSoC5/USB_audio.c ****                     #ifdef USB_DISPATCH_AUDIO_CLASS_MUTE_SET_REQUEST_CALLBACK
 306:Generated_Source\PSoC5/USB_audio.c ****                         USB_DispatchAUDIOClass_MUTE_SET_REQUEST_Callback();
 307:Generated_Source\PSoC5/USB_audio.c ****                     #endif /* (USB_DISPATCH_AUDIO_CLASS_MUTE_SET_REQUEST_CALLBACK) */
 308:Generated_Source\PSoC5/USB_audio.c **** 
 309:Generated_Source\PSoC5/USB_audio.c ****                         /* Entity ID Control Selector is MUTE */
 310:Generated_Source\PSoC5/USB_audio.c ****                         USB_currentTD.wCount = 1u;
 311:Generated_Source\PSoC5/USB_audio.c ****                         USB_currentTD.pData  = &USB_currentMute;
 312:Generated_Source\PSoC5/USB_audio.c ****                         
 313:Generated_Source\PSoC5/USB_audio.c ****                         requestHandled = USB_InitControlWrite();
 314:Generated_Source\PSoC5/USB_audio.c ****                     }
 315:Generated_Source\PSoC5/USB_audio.c ****                     else if (wValueHi == USB_VOLUME_CONTROL)
 316:Generated_Source\PSoC5/USB_audio.c ****                     {
 317:Generated_Source\PSoC5/USB_audio.c ****                         /* `#START VOLUME_CONTROL_SET_REQUEST` Place multi-channel handler here */
 318:Generated_Source\PSoC5/USB_audio.c **** 
 319:Generated_Source\PSoC5/USB_audio.c ****                         /* `#END` */
 320:Generated_Source\PSoC5/USB_audio.c **** 
 321:Generated_Source\PSoC5/USB_audio.c ****                     #ifdef USB_DISPATCH_AUDIO_CLASS_VOLUME_CONTROL_SET_REQUEST_CALLBACK
 322:Generated_Source\PSoC5/USB_audio.c ****                         USB_DispatchAUDIOClass_VOLUME_CONTROL_SET_REQUEST_Callback();
 323:Generated_Source\PSoC5/USB_audio.c ****                     #endif /* (USB_DISPATCH_AUDIO_CLASS_VOLUME_CONTROL_SET_REQUEST_CALLBACK) */
 324:Generated_Source\PSoC5/USB_audio.c **** 
 325:Generated_Source\PSoC5/USB_audio.c ****                         /* Entity ID Control Selector is VOLUME */
 326:Generated_Source\PSoC5/USB_audio.c ****                         USB_currentTD.wCount = USB_VOLUME_LEN;
 327:Generated_Source\PSoC5/USB_audio.c ****                         USB_currentTD.pData  = USB_currentVolume;
 328:Generated_Source\PSoC5/USB_audio.c ****                         
 329:Generated_Source\PSoC5/USB_audio.c ****                         requestHandled = USB_InitControlWrite();
 330:Generated_Source\PSoC5/USB_audio.c ****                     }
 331:Generated_Source\PSoC5/USB_audio.c ****                     else
 332:Generated_Source\PSoC5/USB_audio.c ****                     {
 333:Generated_Source\PSoC5/USB_audio.c ****                         /* `#START OTHER_SET_CUR_REQUESTS` Place other request handler here */
 334:Generated_Source\PSoC5/USB_audio.c **** 
 335:Generated_Source\PSoC5/USB_audio.c ****                         /* `#END` */
 336:Generated_Source\PSoC5/USB_audio.c **** 
 337:Generated_Source\PSoC5/USB_audio.c ****                     #ifdef USB_DISPATCH_AUDIO_CLASS_OTHER_SET_CUR_REQUESTS_CALLBACK
 338:Generated_Source\PSoC5/USB_audio.c ****                         USB_DispatchAUDIOClass_OTHER_SET_CUR_REQUESTS_Callback();
 339:Generated_Source\PSoC5/USB_audio.c ****                     #endif /* (USB_DISPATCH_AUDIO_CLASS_OTHER_SET_CUR_REQUESTS_CALLBACK) */
 340:Generated_Source\PSoC5/USB_audio.c ****                     }
 341:Generated_Source\PSoC5/USB_audio.c ****                 #endif /*  USB_ENABLE_AUDIO_STREAMING */
 342:Generated_Source\PSoC5/USB_audio.c ****                 
 343:Generated_Source\PSoC5/USB_audio.c ****                 
 344:Generated_Source\PSoC5/USB_audio.c ****                     /* `#START AUDIO_CONTROL_SEL_REQUESTS` Place other request handler here */
 345:Generated_Source\PSoC5/USB_audio.c **** 
 346:Generated_Source\PSoC5/USB_audio.c ****                     /* `#END` */
 347:Generated_Source\PSoC5/USB_audio.c ****                     
 348:Generated_Source\PSoC5/USB_audio.c ****                 #ifdef USB_DISPATCH_AUDIO_CLASS_AUDIO_CONTROL_SEL_REQUESTS_CALLBACK
 349:Generated_Source\PSoC5/USB_audio.c ****                     USB_DispatchAUDIOClass_AUDIO_CONTROL_SEL_REQUESTS_Callback();
 350:Generated_Source\PSoC5/USB_audio.c ****                 #endif /* (USB_DISPATCH_AUDIO_CLASS_AUDIO_CONTROL_SEL_REQUESTS_CALLBACK) */
 351:Generated_Source\PSoC5/USB_audio.c ****                 break;
 352:Generated_Source\PSoC5/USB_audio.c **** 
ARM GAS  C:\Users\JEFFSN~1\AppData\Local\Temp\ccqH3elQ.s 			page 9


 353:Generated_Source\PSoC5/USB_audio.c ****                 default:
 354:Generated_Source\PSoC5/USB_audio.c ****                     /* Do not handle this request. */
 355:Generated_Source\PSoC5/USB_audio.c ****                 break;
 105              		.loc 1 355 0
 106 0068 06E0     		b	.L7
 107              	.L19:
 134:Generated_Source\PSoC5/USB_audio.c ****                 
 108              		.loc 1 134 0
 109 006a 00BF     		nop
 110 006c 04E0     		b	.L7
 111              	.L20:
 244:Generated_Source\PSoC5/USB_audio.c ****                 
 112              		.loc 1 244 0
 113 006e 00BF     		nop
 114 0070 02E0     		b	.L7
 115              	.L21:
 285:Generated_Source\PSoC5/USB_audio.c ****                 
 116              		.loc 1 285 0
 117 0072 00BF     		nop
 118 0074 00E0     		b	.L7
 119              	.L22:
 351:Generated_Source\PSoC5/USB_audio.c **** 
 120              		.loc 1 351 0
 121 0076 00BF     		nop
 122              	.L7:
 356:Generated_Source\PSoC5/USB_audio.c ****             }
 357:Generated_Source\PSoC5/USB_audio.c ****         }
 358:Generated_Source\PSoC5/USB_audio.c ****         else
 359:Generated_Source\PSoC5/USB_audio.c ****         {
 360:Generated_Source\PSoC5/USB_audio.c ****             /* Do not handle other requests recipients. */
 361:Generated_Source\PSoC5/USB_audio.c ****         }
 362:Generated_Source\PSoC5/USB_audio.c ****     }
 363:Generated_Source\PSoC5/USB_audio.c **** 
 364:Generated_Source\PSoC5/USB_audio.c ****     return (requestHandled);
 123              		.loc 1 364 0
 124 0078 FB79     		ldrb	r3, [r7, #7]	@ zero_extendqisi2
 365:Generated_Source\PSoC5/USB_audio.c **** }
 125              		.loc 1 365 0
 126 007a 1846     		mov	r0, r3
 127 007c 0C37     		adds	r7, r7, #12
 128              		.cfi_def_cfa_offset 4
 129 007e BD46     		mov	sp, r7
 130              		.cfi_def_cfa_register 13
 131              		@ sp needed
 132 0080 80BC     		pop	{r7}
 133              		.cfi_restore 7
 134              		.cfi_def_cfa_offset 0
 135 0082 7047     		bx	lr
 136              	.L24:
 137              		.align	2
 138              	.L23:
 139 0084 00600040 		.word	1073766400
 140              		.cfi_endproc
 141              	.LFE0:
 142              		.size	USB_DispatchAUDIOClassRqst, .-USB_DispatchAUDIOClassRqst
 143              		.text
 144              	.Letext0:
ARM GAS  C:\Users\JEFFSN~1\AppData\Local\Temp\ccqH3elQ.s 			page 10


 145              		.file 2 "Generated_Source\\PSoC5\\cytypes.h"
 146              		.file 3 "Generated_Source\\PSoC5\\USB.h"
 147              		.section	.debug_info,"",%progbits
 148              	.Ldebug_info0:
 149 0000 F9000000 		.4byte	0xf9
 150 0004 0400     		.2byte	0x4
 151 0006 00000000 		.4byte	.Ldebug_abbrev0
 152 000a 04       		.byte	0x4
 153 000b 01       		.uleb128 0x1
 154 000c 66000000 		.4byte	.LASF18
 155 0010 0C       		.byte	0xc
 156 0011 34010000 		.4byte	.LASF19
 157 0015 A7010000 		.4byte	.LASF20
 158 0019 00000000 		.4byte	.Ldebug_ranges0+0
 159 001d 00000000 		.4byte	0
 160 0021 00000000 		.4byte	.Ldebug_line0
 161 0025 02       		.uleb128 0x2
 162 0026 01       		.byte	0x1
 163 0027 06       		.byte	0x6
 164 0028 6A010000 		.4byte	.LASF0
 165 002c 02       		.uleb128 0x2
 166 002d 01       		.byte	0x1
 167 002e 08       		.byte	0x8
 168 002f F4000000 		.4byte	.LASF1
 169 0033 02       		.uleb128 0x2
 170 0034 02       		.byte	0x2
 171 0035 05       		.byte	0x5
 172 0036 9D010000 		.4byte	.LASF2
 173 003a 02       		.uleb128 0x2
 174 003b 02       		.byte	0x2
 175 003c 07       		.byte	0x7
 176 003d 57010000 		.4byte	.LASF3
 177 0041 02       		.uleb128 0x2
 178 0042 04       		.byte	0x4
 179 0043 05       		.byte	0x5
 180 0044 10010000 		.4byte	.LASF4
 181 0048 02       		.uleb128 0x2
 182 0049 04       		.byte	0x4
 183 004a 07       		.byte	0x7
 184 004b 28000000 		.4byte	.LASF5
 185 004f 02       		.uleb128 0x2
 186 0050 08       		.byte	0x8
 187 0051 05       		.byte	0x5
 188 0052 00000000 		.4byte	.LASF6
 189 0056 02       		.uleb128 0x2
 190 0057 08       		.byte	0x8
 191 0058 07       		.byte	0x7
 192 0059 49000000 		.4byte	.LASF7
 193 005d 03       		.uleb128 0x3
 194 005e 04       		.byte	0x4
 195 005f 05       		.byte	0x5
 196 0060 696E7400 		.ascii	"int\000"
 197 0064 02       		.uleb128 0x2
 198 0065 04       		.byte	0x4
 199 0066 07       		.byte	0x7
 200 0067 15000000 		.4byte	.LASF8
 201 006b 04       		.uleb128 0x4
ARM GAS  C:\Users\JEFFSN~1\AppData\Local\Temp\ccqH3elQ.s 			page 11


 202 006c 22000000 		.4byte	.LASF14
 203 0070 02       		.byte	0x2
 204 0071 E901     		.2byte	0x1e9
 205 0073 2C000000 		.4byte	0x2c
 206 0077 02       		.uleb128 0x2
 207 0078 04       		.byte	0x4
 208 0079 04       		.byte	0x4
 209 007a 60000000 		.4byte	.LASF9
 210 007e 02       		.uleb128 0x2
 211 007f 08       		.byte	0x8
 212 0080 04       		.byte	0x4
 213 0081 2D010000 		.4byte	.LASF10
 214 0085 02       		.uleb128 0x2
 215 0086 01       		.byte	0x1
 216 0087 08       		.byte	0x8
 217 0088 02010000 		.4byte	.LASF11
 218 008c 02       		.uleb128 0x2
 219 008d 08       		.byte	0x8
 220 008e 04       		.byte	0x4
 221 008f 76010000 		.4byte	.LASF12
 222 0093 02       		.uleb128 0x2
 223 0094 04       		.byte	0x4
 224 0095 07       		.byte	0x7
 225 0096 25020000 		.4byte	.LASF13
 226 009a 05       		.uleb128 0x5
 227 009b 08       		.byte	0x8
 228 009c 03       		.byte	0x3
 229 009d C5       		.byte	0xc5
 230 009e AF000000 		.4byte	0xaf
 231 00a2 06       		.uleb128 0x6
 232 00a3 0E000000 		.4byte	.LASF21
 233 00a7 03       		.byte	0x3
 234 00a8 C7       		.byte	0xc7
 235 00a9 AF000000 		.4byte	0xaf
 236 00ad 00       		.byte	0
 237 00ae 00       		.byte	0
 238 00af 07       		.uleb128 0x7
 239 00b0 6B000000 		.4byte	0x6b
 240 00b4 BF000000 		.4byte	0xbf
 241 00b8 08       		.uleb128 0x8
 242 00b9 93000000 		.4byte	0x93
 243 00bd 07       		.byte	0x7
 244 00be 00       		.byte	0
 245 00bf 09       		.uleb128 0x9
 246 00c0 19010000 		.4byte	.LASF15
 247 00c4 03       		.byte	0x3
 248 00c5 C8       		.byte	0xc8
 249 00c6 9A000000 		.4byte	0x9a
 250 00ca 0A       		.uleb128 0xa
 251 00cb 82010000 		.4byte	.LASF22
 252 00cf 01       		.byte	0x1
 253 00d0 5F       		.byte	0x5f
 254 00d1 6B000000 		.4byte	0x6b
 255 00d5 00000000 		.4byte	.LFB0
 256 00d9 88000000 		.4byte	.LFE0-.LFB0
 257 00dd 01       		.uleb128 0x1
 258 00de 9C       		.byte	0x9c
ARM GAS  C:\Users\JEFFSN~1\AppData\Local\Temp\ccqH3elQ.s 			page 12


 259 00df 0B       		.uleb128 0xb
 260 00e0 3A000000 		.4byte	.LASF16
 261 00e4 01       		.byte	0x1
 262 00e5 61       		.byte	0x61
 263 00e6 6B000000 		.4byte	0x6b
 264 00ea 02       		.uleb128 0x2
 265 00eb 91       		.byte	0x91
 266 00ec 77       		.sleb128 -9
 267 00ed 0B       		.uleb128 0xb
 268 00ee 07010000 		.4byte	.LASF17
 269 00f2 01       		.byte	0x1
 270 00f3 63       		.byte	0x63
 271 00f4 6B000000 		.4byte	0x6b
 272 00f8 02       		.uleb128 0x2
 273 00f9 91       		.byte	0x91
 274 00fa 76       		.sleb128 -10
 275 00fb 00       		.byte	0
 276 00fc 00       		.byte	0
 277              		.section	.debug_abbrev,"",%progbits
 278              	.Ldebug_abbrev0:
 279 0000 01       		.uleb128 0x1
 280 0001 11       		.uleb128 0x11
 281 0002 01       		.byte	0x1
 282 0003 25       		.uleb128 0x25
 283 0004 0E       		.uleb128 0xe
 284 0005 13       		.uleb128 0x13
 285 0006 0B       		.uleb128 0xb
 286 0007 03       		.uleb128 0x3
 287 0008 0E       		.uleb128 0xe
 288 0009 1B       		.uleb128 0x1b
 289 000a 0E       		.uleb128 0xe
 290 000b 55       		.uleb128 0x55
 291 000c 17       		.uleb128 0x17
 292 000d 11       		.uleb128 0x11
 293 000e 01       		.uleb128 0x1
 294 000f 10       		.uleb128 0x10
 295 0010 17       		.uleb128 0x17
 296 0011 00       		.byte	0
 297 0012 00       		.byte	0
 298 0013 02       		.uleb128 0x2
 299 0014 24       		.uleb128 0x24
 300 0015 00       		.byte	0
 301 0016 0B       		.uleb128 0xb
 302 0017 0B       		.uleb128 0xb
 303 0018 3E       		.uleb128 0x3e
 304 0019 0B       		.uleb128 0xb
 305 001a 03       		.uleb128 0x3
 306 001b 0E       		.uleb128 0xe
 307 001c 00       		.byte	0
 308 001d 00       		.byte	0
 309 001e 03       		.uleb128 0x3
 310 001f 24       		.uleb128 0x24
 311 0020 00       		.byte	0
 312 0021 0B       		.uleb128 0xb
 313 0022 0B       		.uleb128 0xb
 314 0023 3E       		.uleb128 0x3e
 315 0024 0B       		.uleb128 0xb
ARM GAS  C:\Users\JEFFSN~1\AppData\Local\Temp\ccqH3elQ.s 			page 13


 316 0025 03       		.uleb128 0x3
 317 0026 08       		.uleb128 0x8
 318 0027 00       		.byte	0
 319 0028 00       		.byte	0
 320 0029 04       		.uleb128 0x4
 321 002a 16       		.uleb128 0x16
 322 002b 00       		.byte	0
 323 002c 03       		.uleb128 0x3
 324 002d 0E       		.uleb128 0xe
 325 002e 3A       		.uleb128 0x3a
 326 002f 0B       		.uleb128 0xb
 327 0030 3B       		.uleb128 0x3b
 328 0031 05       		.uleb128 0x5
 329 0032 49       		.uleb128 0x49
 330 0033 13       		.uleb128 0x13
 331 0034 00       		.byte	0
 332 0035 00       		.byte	0
 333 0036 05       		.uleb128 0x5
 334 0037 13       		.uleb128 0x13
 335 0038 01       		.byte	0x1
 336 0039 0B       		.uleb128 0xb
 337 003a 0B       		.uleb128 0xb
 338 003b 3A       		.uleb128 0x3a
 339 003c 0B       		.uleb128 0xb
 340 003d 3B       		.uleb128 0x3b
 341 003e 0B       		.uleb128 0xb
 342 003f 01       		.uleb128 0x1
 343 0040 13       		.uleb128 0x13
 344 0041 00       		.byte	0
 345 0042 00       		.byte	0
 346 0043 06       		.uleb128 0x6
 347 0044 0D       		.uleb128 0xd
 348 0045 00       		.byte	0
 349 0046 03       		.uleb128 0x3
 350 0047 0E       		.uleb128 0xe
 351 0048 3A       		.uleb128 0x3a
 352 0049 0B       		.uleb128 0xb
 353 004a 3B       		.uleb128 0x3b
 354 004b 0B       		.uleb128 0xb
 355 004c 49       		.uleb128 0x49
 356 004d 13       		.uleb128 0x13
 357 004e 38       		.uleb128 0x38
 358 004f 0B       		.uleb128 0xb
 359 0050 00       		.byte	0
 360 0051 00       		.byte	0
 361 0052 07       		.uleb128 0x7
 362 0053 01       		.uleb128 0x1
 363 0054 01       		.byte	0x1
 364 0055 49       		.uleb128 0x49
 365 0056 13       		.uleb128 0x13
 366 0057 01       		.uleb128 0x1
 367 0058 13       		.uleb128 0x13
 368 0059 00       		.byte	0
 369 005a 00       		.byte	0
 370 005b 08       		.uleb128 0x8
 371 005c 21       		.uleb128 0x21
 372 005d 00       		.byte	0
ARM GAS  C:\Users\JEFFSN~1\AppData\Local\Temp\ccqH3elQ.s 			page 14


 373 005e 49       		.uleb128 0x49
 374 005f 13       		.uleb128 0x13
 375 0060 2F       		.uleb128 0x2f
 376 0061 0B       		.uleb128 0xb
 377 0062 00       		.byte	0
 378 0063 00       		.byte	0
 379 0064 09       		.uleb128 0x9
 380 0065 16       		.uleb128 0x16
 381 0066 00       		.byte	0
 382 0067 03       		.uleb128 0x3
 383 0068 0E       		.uleb128 0xe
 384 0069 3A       		.uleb128 0x3a
 385 006a 0B       		.uleb128 0xb
 386 006b 3B       		.uleb128 0x3b
 387 006c 0B       		.uleb128 0xb
 388 006d 49       		.uleb128 0x49
 389 006e 13       		.uleb128 0x13
 390 006f 00       		.byte	0
 391 0070 00       		.byte	0
 392 0071 0A       		.uleb128 0xa
 393 0072 2E       		.uleb128 0x2e
 394 0073 01       		.byte	0x1
 395 0074 3F       		.uleb128 0x3f
 396 0075 19       		.uleb128 0x19
 397 0076 03       		.uleb128 0x3
 398 0077 0E       		.uleb128 0xe
 399 0078 3A       		.uleb128 0x3a
 400 0079 0B       		.uleb128 0xb
 401 007a 3B       		.uleb128 0x3b
 402 007b 0B       		.uleb128 0xb
 403 007c 27       		.uleb128 0x27
 404 007d 19       		.uleb128 0x19
 405 007e 49       		.uleb128 0x49
 406 007f 13       		.uleb128 0x13
 407 0080 11       		.uleb128 0x11
 408 0081 01       		.uleb128 0x1
 409 0082 12       		.uleb128 0x12
 410 0083 06       		.uleb128 0x6
 411 0084 40       		.uleb128 0x40
 412 0085 18       		.uleb128 0x18
 413 0086 9742     		.uleb128 0x2117
 414 0088 19       		.uleb128 0x19
 415 0089 00       		.byte	0
 416 008a 00       		.byte	0
 417 008b 0B       		.uleb128 0xb
 418 008c 34       		.uleb128 0x34
 419 008d 00       		.byte	0
 420 008e 03       		.uleb128 0x3
 421 008f 0E       		.uleb128 0xe
 422 0090 3A       		.uleb128 0x3a
 423 0091 0B       		.uleb128 0xb
 424 0092 3B       		.uleb128 0x3b
 425 0093 0B       		.uleb128 0xb
 426 0094 49       		.uleb128 0x49
 427 0095 13       		.uleb128 0x13
 428 0096 02       		.uleb128 0x2
 429 0097 18       		.uleb128 0x18
ARM GAS  C:\Users\JEFFSN~1\AppData\Local\Temp\ccqH3elQ.s 			page 15


 430 0098 00       		.byte	0
 431 0099 00       		.byte	0
 432 009a 00       		.byte	0
 433              		.section	.debug_aranges,"",%progbits
 434 0000 1C000000 		.4byte	0x1c
 435 0004 0200     		.2byte	0x2
 436 0006 00000000 		.4byte	.Ldebug_info0
 437 000a 04       		.byte	0x4
 438 000b 00       		.byte	0
 439 000c 0000     		.2byte	0
 440 000e 0000     		.2byte	0
 441 0010 00000000 		.4byte	.LFB0
 442 0014 88000000 		.4byte	.LFE0-.LFB0
 443 0018 00000000 		.4byte	0
 444 001c 00000000 		.4byte	0
 445              		.section	.debug_ranges,"",%progbits
 446              	.Ldebug_ranges0:
 447 0000 00000000 		.4byte	.LFB0
 448 0004 88000000 		.4byte	.LFE0
 449 0008 00000000 		.4byte	0
 450 000c 00000000 		.4byte	0
 451              		.section	.debug_line,"",%progbits
 452              	.Ldebug_line0:
 453 0000 92000000 		.section	.debug_str,"MS",%progbits,1
 453      02004F00 
 453      00000201 
 453      FB0E0D00 
 453      01010101 
 454              	.LASF6:
 455 0000 6C6F6E67 		.ascii	"long long int\000"
 455      206C6F6E 
 455      6720696E 
 455      7400
 456              	.LASF21:
 457 000e 65704461 		.ascii	"epData\000"
 457      746100
 458              	.LASF8:
 459 0015 756E7369 		.ascii	"unsigned int\000"
 459      676E6564 
 459      20696E74 
 459      00
 460              	.LASF14:
 461 0022 75696E74 		.ascii	"uint8\000"
 461      3800
 462              	.LASF5:
 463 0028 6C6F6E67 		.ascii	"long unsigned int\000"
 463      20756E73 
 463      69676E65 
 463      6420696E 
 463      7400
 464              	.LASF16:
 465 003a 72657175 		.ascii	"requestHandled\000"
 465      65737448 
 465      616E646C 
 465      656400
 466              	.LASF7:
 467 0049 6C6F6E67 		.ascii	"long long unsigned int\000"
ARM GAS  C:\Users\JEFFSN~1\AppData\Local\Temp\ccqH3elQ.s 			page 16


 467      206C6F6E 
 467      6720756E 
 467      7369676E 
 467      65642069 
 468              	.LASF9:
 469 0060 666C6F61 		.ascii	"float\000"
 469      7400
 470              	.LASF18:
 471 0066 474E5520 		.ascii	"GNU C11 5.4.1 20160609 (release) [ARM/embedded-5-br"
 471      43313120 
 471      352E342E 
 471      31203230 
 471      31363036 
 472 0099 616E6368 		.ascii	"anch revision 237715] -mcpu=cortex-m3 -mthumb -g -O"
 472      20726576 
 472      6973696F 
 472      6E203233 
 472      37373135 
 473 00cc 30202D66 		.ascii	"0 -ffunction-sections -ffat-lto-objects\000"
 473      66756E63 
 473      74696F6E 
 473      2D736563 
 473      74696F6E 
 474              	.LASF1:
 475 00f4 756E7369 		.ascii	"unsigned char\000"
 475      676E6564 
 475      20636861 
 475      7200
 476              	.LASF11:
 477 0102 63686172 		.ascii	"char\000"
 477      00
 478              	.LASF17:
 479 0107 52717374 		.ascii	"RqstRcpt\000"
 479      52637074 
 479      00
 480              	.LASF4:
 481 0110 6C6F6E67 		.ascii	"long int\000"
 481      20696E74 
 481      00
 482              	.LASF15:
 483 0119 5553425F 		.ascii	"USB_ep0_data_struct\000"
 483      6570305F 
 483      64617461 
 483      5F737472 
 483      75637400 
 484              	.LASF10:
 485 012d 646F7562 		.ascii	"double\000"
 485      6C6500
 486              	.LASF19:
 487 0134 47656E65 		.ascii	"Generated_Source\\PSoC5\\USB_audio.c\000"
 487      72617465 
 487      645F536F 
 487      75726365 
 487      5C50536F 
 488              	.LASF3:
 489 0157 73686F72 		.ascii	"short unsigned int\000"
 489      7420756E 
ARM GAS  C:\Users\JEFFSN~1\AppData\Local\Temp\ccqH3elQ.s 			page 17


 489      7369676E 
 489      65642069 
 489      6E7400
 490              	.LASF0:
 491 016a 7369676E 		.ascii	"signed char\000"
 491      65642063 
 491      68617200 
 492              	.LASF12:
 493 0176 6C6F6E67 		.ascii	"long double\000"
 493      20646F75 
 493      626C6500 
 494              	.LASF22:
 495 0182 5553425F 		.ascii	"USB_DispatchAUDIOClassRqst\000"
 495      44697370 
 495      61746368 
 495      41554449 
 495      4F436C61 
 496              	.LASF2:
 497 019d 73686F72 		.ascii	"short int\000"
 497      7420696E 
 497      7400
 498              	.LASF20:
 499 01a7 433A5C55 		.ascii	"C:\\Users\\JeffSnyder\\dev\\Electrosteel_embedded\\"
 499      73657273 
 499      5C4A6566 
 499      66536E79 
 499      6465725C 
 500 01d5 50534F43 		.ascii	"PSOC5_electrosteel_stringsensors_newpcb_brain\\CE21"
 500      355F656C 
 500      65637472 
 500      6F737465 
 500      656C5F73 
 501 0207 30353134 		.ascii	"0514_PSOC3_5_Thermistor.cydsn\000"
 501      5F50534F 
 501      43335F35 
 501      5F546865 
 501      726D6973 
 502              	.LASF13:
 503 0225 73697A65 		.ascii	"sizetype\000"
 503      74797065 
 503      00
 504              		.ident	"GCC: (GNU Tools for ARM Embedded Processors) 5.4.1 20160609 (release) [ARM/embedded-5-bran
