2023-09-26 13:22:47,500 [INFO] Activator:176 - 


2023-09-26 13:22:47,504 [INFO] Activator:177 - !SESSION log4j initialized
2023-09-26 13:22:51,225 [ERROR] LogOutputStream:75 - [STDERR_REDIRECT] 
2023-09-26 13:22:52,327 [INFO] LogOutputStream:77 - [STDOUT_REDIRECT] 
2023-09-26 13:22:54,021 [INFO] LogOutputStream:77 - [STDOUT_REDIRECT] 
2023-09-26 13:22:54,801 [INFO] ApplicationProperties:184 - Using Application install path: /Applications/STM32CubeIDE.app/Contents/Eclipse/plugins/com.st.stm32cube.common.mx_6.9.1.202307191849
2023-09-26 13:22:54,816 [INFO] DbMcusXml:78 - Set database path to: /Applications/STM32CubeIDE.app/Contents/Eclipse/plugins/com.st.stm32cube.common.mx_6.9.1.202307191849//db//mcu/
2023-09-26 13:22:54,816 [INFO] ApiDb:274 - Set plugin database path to: /Applications/STM32CubeIDE.app/Contents/Eclipse/plugins/com.st.stm32cube.common.mx_6.9.1.202307191849//db//plugins/boardmanager/
2023-09-26 13:22:54,817 [WARN] ApiDb:259 - Overriding images path with different value:  => /Applications/STM32CubeIDE.app/Contents/Eclipse/plugins/com.st.stm32cube.common.mx_6.9.1.202307191849//db//plugins/mcufinder/images/
2023-09-26 13:22:54,824 [INFO] ApiDb:250 - Set database path to: /Users/jeffsnyder/.stmcufinder/plugins/mcufinder//mcu/
2023-09-26 13:22:54,826 [INFO] DbMcusAds:125 - Set database path to: /Users/jeffsnyder/.stmcufinder/plugins/mcufinder//mcu/
2023-09-26 13:22:54,828 [INFO] CrossReferenceDbSqlite:203 - Set database path to: /Users/jeffsnyder/.stmcufinder/plugins/mcufinder//mcu/cs/
2023-09-26 13:22:54,928 [INFO] RulesReader:64 - Compatibility file has been processed (293 Rules)
2023-09-26 13:22:54,985 [INFO] DbMcusXml:78 - Set database path to: /Applications/STM32CubeIDE.app/Contents/Eclipse/plugins/com.st.stm32cube.common.mx_6.9.1.202307191849//db//mcu/
2023-09-26 13:22:54,985 [INFO] ApiDb:274 - Set plugin database path to: /Applications/STM32CubeIDE.app/Contents/Eclipse/plugins/com.st.stm32cube.common.mx_6.9.1.202307191849//db//plugins/boardmanager/
2023-09-26 13:22:54,985 [INFO] ApiDb:261 - Set plugin images path to: /Applications/STM32CubeIDE.app/Contents/Eclipse/plugins/com.st.stm32cube.common.mx_6.9.1.202307191849//db//plugins/mcufinder/images/
2023-09-26 13:22:54,985 [WARN] DbFile:41 - Overriding database path with different value: /Users/jeffsnyder/.stmcufinder/plugins/mcufinder/ => /Users/jeffsnyder/.stmcufinder/plugins/mcufinder
2023-09-26 13:22:54,985 [INFO] ApiDb:250 - Set database path to: /Users/jeffsnyder/.stmcufinder/plugins/mcufinder//mcu/
2023-09-26 13:22:54,986 [WARN] DbFile:41 - Overriding database path with different value: /Users/jeffsnyder/.stmcufinder/plugins/mcufinder/ => /Users/jeffsnyder/.stmcufinder/plugins/mcufinder
2023-09-26 13:22:54,986 [INFO] DbMcusAds:125 - Set database path to: /Users/jeffsnyder/.stmcufinder/plugins/mcufinder//mcu/
2023-09-26 13:22:54,986 [WARN] DbFile:41 - Overriding database path with different value: /Users/jeffsnyder/.stmcufinder/plugins/mcufinder/ => /Users/jeffsnyder/.stmcufinder/plugins/mcufinder
2023-09-26 13:22:54,986 [WARN] DbFile:41 - Overriding database path with different value: /Users/jeffsnyder/.stmcufinder/plugins/mcufinder/ => /Users/jeffsnyder/.stmcufinder/plugins/mcufinder
2023-09-26 13:22:54,986 [INFO] CrossReferenceDbSqlite:203 - Set database path to: /Users/jeffsnyder/.stmcufinder/plugins/mcufinder//mcu/cs/
2023-09-26 13:22:55,042 [INFO] MainPanel:262 - HeapMemory: 268435456
2023-09-26 13:22:55,109 [INFO] DbMcusXml:78 - Set database path to: /Applications/STM32CubeIDE.app/Contents/Eclipse/plugins/com.st.stm32cube.common.mx_6.9.1.202307191849//db//mcu/
2023-09-26 13:22:55,110 [INFO] ApiDb:274 - Set plugin database path to: /Applications/STM32CubeIDE.app/Contents/Eclipse/plugins/com.st.stm32cube.common.mx_6.9.1.202307191849//db//plugins/boardmanager/
2023-09-26 13:22:55,110 [INFO] ApiDb:261 - Set plugin images path to: /Applications/STM32CubeIDE.app/Contents/Eclipse/plugins/com.st.stm32cube.common.mx_6.9.1.202307191849//db//plugins/mcufinder/images/
2023-09-26 13:22:55,110 [WARN] DbFile:41 - Overriding database path with different value: /Users/jeffsnyder/.stmcufinder/plugins/mcufinder/ => /Users/jeffsnyder/.stmcufinder/plugins/mcufinder
2023-09-26 13:22:55,110 [INFO] ApiDb:250 - Set database path to: /Users/jeffsnyder/.stmcufinder/plugins/mcufinder//mcu/
2023-09-26 13:22:55,110 [WARN] DbFile:41 - Overriding database path with different value: /Users/jeffsnyder/.stmcufinder/plugins/mcufinder/ => /Users/jeffsnyder/.stmcufinder/plugins/mcufinder
2023-09-26 13:22:55,110 [INFO] DbMcusAds:125 - Set database path to: /Users/jeffsnyder/.stmcufinder/plugins/mcufinder//mcu/
2023-09-26 13:22:55,110 [WARN] DbFile:41 - Overriding database path with different value: /Users/jeffsnyder/.stmcufinder/plugins/mcufinder/ => /Users/jeffsnyder/.stmcufinder/plugins/mcufinder
2023-09-26 13:22:55,110 [WARN] DbFile:41 - Overriding database path with different value: /Users/jeffsnyder/.stmcufinder/plugins/mcufinder/ => /Users/jeffsnyder/.stmcufinder/plugins/mcufinder
2023-09-26 13:22:55,111 [INFO] CrossReferenceDbSqlite:203 - Set database path to: /Users/jeffsnyder/.stmcufinder/plugins/mcufinder//mcu/cs/
2023-09-26 13:22:55,126 [INFO] ApplicationProperties:184 - Using Application install path: /Applications/STM32CubeIDE.app/Contents/Eclipse/plugins/com.st.stm32cube.common.mx_6.9.1.202307191849
2023-09-26 13:22:55,127 [INFO] PluginManage:196 - Search for loadable plugins [exclusion list=, ]
2023-09-26 13:22:55,128 [INFO] PluginManage:310 - Check plugin analytics
2023-09-26 13:22:55,282 [INFO] AnalyticsPlugin:253 - Accepted Software Licenses: STM32CubeMX.6.8.1
2023-09-26 13:22:55,282 [INFO] AnalyticsPlugin:255 - Accepted CMSIS Pack Licenses: 
2023-09-26 13:22:55,282 [INFO] AnalyticsPlugin:257 - Accepted Firmware Licenses: FW.H7.1.11.0
2023-09-26 13:22:55,285 [INFO] PluginManage:359 - Loaded plugin analytics (category:tool,tabindex:-1)
2023-09-26 13:22:55,286 [INFO] PluginManage:310 - Check plugin cadmodel
2023-09-26 13:22:55,535 [INFO] CADModel:105 - Init CAD model plugin
2023-09-26 13:22:55,536 [INFO] PluginManage:359 - Loaded plugin cadmodel (category:power,tabindex:5)
2023-09-26 13:22:55,536 [INFO] PluginManage:310 - Check plugin clock
2023-09-26 13:22:55,541 [INFO] PluginManage:359 - Loaded plugin clock (category:base,tabindex:2)
2023-09-26 13:22:55,542 [INFO] PluginManage:310 - Check plugin ddr
2023-09-26 13:22:55,543 [INFO] PluginManage:359 - Loaded plugin ddr (category:tool,tabindex:6)
2023-09-26 13:22:55,543 [INFO] PluginManage:310 - Check plugin filemanager
2023-09-26 13:22:55,651 [INFO] PluginManage:359 - Loaded plugin filemanager (category:base,tabindex:10)
2023-09-26 13:22:55,652 [INFO] PluginManage:310 - Check plugin ipmanager
2023-09-26 13:22:55,658 [INFO] PluginManage:359 - Loaded plugin ipmanager (category:base,tabindex:5)
2023-09-26 13:22:55,659 [INFO] PluginManage:310 - Check plugin lpbam
2023-09-26 13:22:55,665 [INFO] PluginManage:359 - Loaded plugin lpbam (category:base,tabindex:0)
2023-09-26 13:22:55,666 [INFO] PluginManage:310 - Check plugin memorymap
2023-09-26 13:22:55,673 [INFO] PluginManage:359 - Loaded plugin memorymap (category:base,tabindex:4)
2023-09-26 13:22:55,673 [INFO] PluginManage:310 - Check plugin pinoutandconfiguration
2023-09-26 13:22:55,678 [INFO] PluginManage:359 - Loaded plugin pinoutandconfiguration (category:base,tabindex:1)
2023-09-26 13:22:55,679 [INFO] PluginManage:310 - Check plugin pinoutconfig
2023-09-26 13:22:55,756 [WARN] SupportedApi:132 - Cannot load RTOS API schema: s4s-elt-must-match.1: The content of 'definitions' must match (annotation?, (simpleType | complexType)?, (unique | key | keyref)*)). A problem was found starting at: attribute.
2023-09-26 13:22:55,857 [INFO] PluginManage:359 - Loaded plugin pinoutconfig (category:base,tabindex:0)
2023-09-26 13:22:55,857 [INFO] PluginManage:310 - Check plugin power
2023-09-26 13:22:55,863 [INFO] PluginManage:359 - Loaded plugin power (category:power,tabindex:4)
2023-09-26 13:22:55,863 [INFO] PluginManage:310 - Check plugin projectmanager
2023-09-26 13:22:55,874 [INFO] PluginManage:359 - Loaded plugin projectmanager (category:projectmanager,tabindex:3)
2023-09-26 13:22:55,874 [INFO] PluginManage:310 - Check plugin thirdparty
2023-09-26 13:22:55,978 [WARN] IntegrityCheckThread:84 - waiting for thirdparty lock release [integrity check]
2023-09-26 13:22:55,978 [INFO] PluginManage:359 - Loaded plugin thirdparty (category:base,tabindex:-1)
2023-09-26 13:22:55,979 [INFO] IntegrityCheckThread:86 - entering critical section [integrity check]
2023-09-26 13:22:55,979 [INFO] PluginManage:310 - Check plugin tools
2023-09-26 13:22:55,979 [INFO] ThirdPartyUpdaterWithRetryManager:70 - Updater plugin not ready yet. [1/15]
2023-09-26 13:22:55,980 [INFO] PluginManage:359 - Loaded plugin tools (category:base,tabindex:7)
2023-09-26 13:22:55,981 [INFO] PluginManage:310 - Check plugin tutovideos
2023-09-26 13:22:56,106 [INFO] PluginManage:359 - Loaded plugin tutovideos (category:base,tabindex:-1)
2023-09-26 13:22:56,106 [INFO] PluginManage:310 - Check plugin updater
2023-09-26 13:22:56,115 [INFO] PluginManage:359 - Loaded plugin updater (category:base,tabindex:12)
2023-09-26 13:22:56,116 [INFO] PluginManage:310 - Check plugin userauth
2023-09-26 13:22:56,120 [INFO] UserAuth:113 - Init User Auth plugin
2023-09-26 13:22:56,120 [INFO] PluginManage:359 - Loaded plugin userauth (category:base,tabindex:14)
2023-09-26 13:22:56,120 [INFO] PluginManage:283 - PluginManage : Loaded plugins [17]
2023-09-26 13:22:56,290 [INFO] PinOutPanel:1499 - setPackage(No Configuration,No Configuration)
2023-09-26 13:22:56,375 [INFO] CADModel:165 - CPN selected for project level
2023-09-26 13:22:56,375 [INFO] CADModel:114 - Register for checkConnection events
2023-09-26 13:22:56,386 [INFO] IPUIPlugin:80 - create IPUIPlugin
2023-09-26 13:22:56,386 [INFO] PluginManager:220 - loadIPPluginJar : add mdma
2023-09-26 13:22:56,391 [INFO] IPUIPlugin:80 - create IPUIPlugin
2023-09-26 13:22:56,391 [INFO] PluginManager:220 - loadIPPluginJar : add freertos
2023-09-26 13:22:56,395 [INFO] IPUIPlugin:80 - create IPUIPlugin
2023-09-26 13:22:56,395 [INFO] PluginManager:220 - loadIPPluginJar : add gic
2023-09-26 13:22:56,402 [INFO] IPUIPlugin:80 - create IPUIPlugin
2023-09-26 13:22:56,402 [INFO] PluginManager:220 - loadIPPluginJar : add adc
2023-09-26 13:22:56,404 [INFO] IPUIPlugin:80 - create IPUIPlugin
2023-09-26 13:22:56,404 [INFO] PluginManager:220 - loadIPPluginJar : add gtzc
2023-09-26 13:22:56,405 [INFO] IPUIPlugin:80 - create IPUIPlugin
2023-09-26 13:22:56,406 [INFO] PluginManager:220 - loadIPPluginJar : add quadspi
2023-09-26 13:22:56,408 [INFO] IPUIPlugin:80 - create IPUIPlugin
2023-09-26 13:22:56,408 [INFO] PluginManager:220 - loadIPPluginJar : add aes
2023-09-26 13:22:56,410 [INFO] IPUIPlugin:80 - create IPUIPlugin
2023-09-26 13:22:56,410 [INFO] PluginManager:220 - loadIPPluginJar : add pdm2pcm
2023-09-26 13:22:56,412 [INFO] IPUIPlugin:80 - create IPUIPlugin
2023-09-26 13:22:56,412 [INFO] PluginManager:220 - loadIPPluginJar : add hash
2023-09-26 13:22:56,414 [INFO] IPUIPlugin:80 - create IPUIPlugin
2023-09-26 13:22:56,414 [INFO] PluginManager:220 - loadIPPluginJar : add tim
2023-09-26 13:22:56,415 [INFO] IPUIPlugin:80 - create IPUIPlugin
2023-09-26 13:22:56,416 [INFO] PluginManager:220 - loadIPPluginJar : add tsc
2023-09-26 13:22:56,417 [INFO] IPUIPlugin:80 - create IPUIPlugin
2023-09-26 13:22:56,417 [INFO] PluginManager:220 - loadIPPluginJar : add ts
2023-09-26 13:22:56,419 [INFO] IPUIPlugin:80 - create IPUIPlugin
2023-09-26 13:22:56,419 [INFO] PluginManager:220 - loadIPPluginJar : add can
2023-09-26 13:22:56,421 [INFO] IPUIPlugin:80 - create IPUIPlugin
2023-09-26 13:22:56,421 [INFO] PluginManager:220 - loadIPPluginJar : add dma3
2023-09-26 13:22:56,423 [INFO] IPUIPlugin:80 - create IPUIPlugin
2023-09-26 13:22:56,423 [INFO] PluginManager:220 - loadIPPluginJar : add dfsdm
2023-09-26 13:22:56,425 [INFO] IPUIPlugin:80 - create IPUIPlugin
2023-09-26 13:22:56,425 [INFO] PluginManager:220 - loadIPPluginJar : add spi
2023-09-26 13:22:56,426 [INFO] IPUIPlugin:80 - create IPUIPlugin
2023-09-26 13:22:56,426 [INFO] PluginManager:220 - loadIPPluginJar : add gfxmmu
2023-09-26 13:22:56,427 [INFO] IPUIPlugin:80 - create IPUIPlugin
2023-09-26 13:22:56,427 [INFO] PluginManager:220 - loadIPPluginJar : add genericplugin
2023-09-26 13:22:56,429 [INFO] IPUIPlugin:80 - create IPUIPlugin
2023-09-26 13:22:56,429 [INFO] PluginManager:220 - loadIPPluginJar : add cryp
2023-09-26 13:22:56,432 [INFO] IPUIPlugin:80 - create IPUIPlugin
2023-09-26 13:22:56,432 [INFO] PluginManager:220 - loadIPPluginJar : add gpio
2023-09-26 13:22:56,433 [INFO] IPUIPlugin:80 - create IPUIPlugin
2023-09-26 13:22:56,434 [INFO] PluginManager:220 - loadIPPluginJar : add comp
2023-09-26 13:22:56,435 [INFO] IPUIPlugin:80 - create IPUIPlugin
2023-09-26 13:22:56,435 [INFO] PluginManager:220 - loadIPPluginJar : add tracer_emb
2023-09-26 13:22:56,437 [INFO] IPUIPlugin:80 - create IPUIPlugin
2023-09-26 13:22:56,437 [INFO] PluginManager:220 - loadIPPluginJar : add openamp
2023-09-26 13:22:56,440 [INFO] IPUIPlugin:80 - create IPUIPlugin
2023-09-26 13:22:56,440 [INFO] PluginManager:220 - loadIPPluginJar : add stm32_wpan
2023-09-26 13:22:56,444 [INFO] IPUIPlugin:80 - create IPUIPlugin
2023-09-26 13:22:56,446 [INFO] PluginManager:220 - loadIPPluginJar : add plateformsettings
2023-09-26 13:22:56,448 [INFO] IPUIPlugin:80 - create IPUIPlugin
2023-09-26 13:22:56,448 [INFO] PluginManager:220 - loadIPPluginJar : add ipddr
2023-09-26 13:22:56,449 [INFO] IPUIPlugin:80 - create IPUIPlugin
2023-09-26 13:22:56,449 [INFO] PluginManager:220 - loadIPPluginJar : add usart
2023-09-26 13:22:56,450 [INFO] IPUIPlugin:80 - create IPUIPlugin
2023-09-26 13:22:56,450 [INFO] PluginManager:220 - loadIPPluginJar : add ltdc
2023-09-26 13:22:56,452 [INFO] IPUIPlugin:80 - create IPUIPlugin
2023-09-26 13:22:56,452 [INFO] PluginManager:220 - loadIPPluginJar : add nvic
2023-09-26 13:22:56,453 [INFO] IPUIPlugin:80 - create IPUIPlugin
2023-09-26 13:22:56,453 [INFO] PluginManager:220 - loadIPPluginJar : add fatfs
2023-09-26 13:22:56,457 [INFO] IPUIPlugin:80 - create IPUIPlugin
2023-09-26 13:22:56,457 [INFO] PluginManager:220 - loadIPPluginJar : add linkedlist
2023-09-26 13:22:56,461 [INFO] IPUIPlugin:80 - create IPUIPlugin
2023-09-26 13:22:56,461 [INFO] PluginManager:220 - loadIPPluginJar : add dma
2023-09-26 13:22:56,463 [INFO] IPUIPlugin:80 - create IPUIPlugin
2023-09-26 13:22:56,463 [INFO] PluginManager:220 - loadIPPluginJar : add fmc
2023-09-26 13:22:56,464 [INFO] IPUIPlugin:80 - create IPUIPlugin
2023-09-26 13:22:56,465 [INFO] PluginManager:220 - loadIPPluginJar : add i2s
2023-09-26 13:22:56,466 [INFO] IPUIPlugin:80 - create IPUIPlugin
2023-09-26 13:22:56,466 [INFO] PluginManager:220 - loadIPPluginJar : add ucpd
2023-09-26 13:22:56,467 [INFO] IPUIPlugin:80 - create IPUIPlugin
2023-09-26 13:22:56,467 [INFO] PluginManager:220 - loadIPPluginJar : add lorawan
2023-09-26 13:22:56,469 [INFO] IPUIPlugin:80 - create IPUIPlugin
2023-09-26 13:22:56,469 [INFO] PluginManager:220 - loadIPPluginJar : add opamp
2023-09-26 13:22:56,471 [INFO] IPUIPlugin:80 - create IPUIPlugin
2023-09-26 13:22:56,471 [INFO] PluginManager:220 - loadIPPluginJar : add i3c
2023-09-26 13:22:56,472 [INFO] IPUIPlugin:80 - create IPUIPlugin
2023-09-26 13:22:56,473 [INFO] PluginManager:220 - loadIPPluginJar : add touchsensing
2023-09-26 13:22:56,474 [INFO] IPUIPlugin:80 - create IPUIPlugin
2023-09-26 13:22:56,474 [INFO] PluginManager:220 - loadIPPluginJar : add i2c
2023-09-26 13:22:56,476 [INFO] IPUIPlugin:80 - create IPUIPlugin
2023-09-26 13:22:56,476 [INFO] PluginManager:220 - loadIPPluginJar : add resmgrutility
2023-09-26 13:22:56,479 [INFO] IPUIPlugin:80 - create IPUIPlugin
2023-09-26 13:22:56,479 [INFO] PluginManager:220 - loadIPPluginJar : add sai
2023-09-26 13:22:56,480 [INFO] IPUIPlugin:80 - create IPUIPlugin
2023-09-26 13:22:56,481 [INFO] PluginManager:220 - loadIPPluginJar : add usbx
2023-09-26 13:22:56,581 [INFO] CADModel:165 - CPN selected for project level
2023-09-26 13:22:56,581 [INFO] CADModel:114 - Register for checkConnection events
2023-09-26 13:22:56,581 [FATAL] Updater:308 - Updater called before beeing initialized
2023-09-26 13:22:56,581 [ERROR] CADModel:125 - Updater not yet initialized, retry later 
2023-09-26 13:22:56,729 [INFO] CADModel:165 - CPN selected for project level
2023-09-26 13:22:56,729 [INFO] CADModel:114 - Register for checkConnection events
2023-09-26 13:22:56,729 [FATAL] Updater:308 - Updater called before beeing initialized
2023-09-26 13:22:56,729 [ERROR] CADModel:125 - Updater not yet initialized, retry later 
2023-09-26 13:22:56,732 [FATAL] Updater:308 - Updater called before beeing initialized
2023-09-26 13:22:56,812 [FATAL] Updater:308 - Updater called before beeing initialized
2023-09-26 13:22:56,818 [INFO] DbMcusAds:53 - JSON generation date=Thu Sep 30 02:55:09 EDT 2021 (1632984909247)
2023-09-26 13:22:56,818 [FATAL] Updater:308 - Updater called before beeing initialized
2023-09-26 13:22:56,877 [WARN] DetailPanel:346 - Failed to get advertising image, set to default
2023-09-26 13:22:56,979 [FATAL] Updater:308 - Updater called before beeing initialized
2023-09-26 13:22:56,982 [FATAL] Updater:308 - Updater called before beeing initialized
2023-09-26 13:22:56,982 [FATAL] Updater:308 - Updater called before beeing initialized
2023-09-26 13:22:56,982 [WARN] DetailPanel:346 - Failed to get advertising image, set to default
2023-09-26 13:22:56,983 [FATAL] Updater:308 - Updater called before beeing initialized
2023-09-26 13:22:57,014 [ERROR] Updater:1120 - MainUpdater not yet initialized. External WinMGr cannot be set.
2023-09-26 13:22:57,035 [INFO] Updater:1056 - Updater Version found : 6.9.1
2023-09-26 13:22:57,057 [INFO] ApplicationProperties:184 - Using Application install path: /Applications/STM32CubeIDE.app/Contents/Eclipse/plugins/com.st.stm32cube.common.mx_6.9.1.202307191849
2023-09-26 13:22:57,213 [INFO] MainUpdater:2868 - connection check result : 10
2023-09-26 13:22:57,214 [INFO] MainUpdater:285 - Updater Check For Update Now.
2023-09-26 13:22:57,214 [INFO] MicroXplorer:498 - Change Database Version : DB.6.0.91
2023-09-26 13:22:57,219 [INFO] McuFinderGlobals:63 - Set McuFinder mode to 2 (CubeIDE integrated)
2023-09-26 13:22:57,220 [INFO] UserAuth:179 - activating auth plugin
2023-09-26 13:22:57,222 [INFO] UserAuth:393 - Internet connection configuration mode: 1
2023-09-26 13:22:57,239 [INFO] JxBrowserEngine:151 - Initiate JxBrowser Engine with user profile folder
2023-09-26 13:22:57,390 [INFO] CheckServerUpdateThread:120 - End of CheckServer Thread
2023-09-26 13:22:58,599 [INFO] WebApp:157 - Instantiating new browser for Auth
2023-09-26 13:22:59,124 [WARN] PackLoader:240 - Cannot read IP mode file for STMicroelectronics.X-CUBE-SMBUS.2.1.0
2023-09-26 13:22:59,240 [WARN] PackLoader:240 - Cannot read IP mode file for STMicroelectronics.X-CUBE-MEMS1.9.2.0
2023-09-26 13:22:59,461 [WARN] PackLoader:240 - Cannot read IP mode file for STMicroelectronics.X-CUBE-AZRTOS-F7.1.1.0
2023-09-26 13:22:59,468 [ERROR] RealEvaluatedCondition:428 - Found unsupported composite condition: GROUP='STM32_MetaDataManager' CLASS='Data Exchange'
2023-09-26 13:22:59,469 [ERROR] RealEvaluatedCondition:428 - Found unsupported composite condition: CLASS='Data Exchange' GROUP='STM32_MetaDataManager'
2023-09-26 13:22:59,470 [WARN] PackLoader:240 - Cannot read IP mode file for STMicroelectronics.FP-SNS-MOTENV1.4.3.0
2023-09-26 13:22:59,477 [WARN] PackLoader:240 - Cannot read IP mode file for STMicroelectronics.FP-SNS-MOTENV1.4.3.2
2023-09-26 13:22:59,483 [WARN] PackLoader:240 - Cannot read IP mode file for STMicroelectronics.FP-SNS-FLIGHT1.5.0.0
2023-09-26 13:22:59,487 [ERROR] RealEvaluatedCondition:428 - Found unsupported composite condition: CLASS='Data Exchange' GROUP='STM32_MetaDataManager'
2023-09-26 13:22:59,487 [ERROR] RealEvaluatedCondition:428 - Found unsupported composite condition: GROUP='STM32_MetaDataManager' CLASS='Data Exchange'
2023-09-26 13:22:59,488 [WARN] PackLoader:240 - Cannot read IP mode file for STMicroelectronics.FP-SNS-MOTENV1.4.3.1
2023-09-26 13:22:59,493 [WARN] PackLoader:240 - Cannot read IP mode file for STMicroelectronics.FP-SNS-FLIGHT1.5.0.1
2023-09-26 13:22:59,499 [WARN] PackLoader:240 - Cannot read IP mode file for STMicroelectronics.X-CUBE-BLE1.6.2.3
2023-09-26 13:22:59,503 [WARN] PackLoader:240 - Cannot read IP mode file for STMicroelectronics.X-CUBE-BLE1.6.2.4
2023-09-26 13:22:59,507 [WARN] PackLoader:240 - Cannot read IP mode file for STMicroelectronics.FP-SNS-FLIGHT1.5.0.2
2023-09-26 13:22:59,525 [WARN] PackLoader:240 - Cannot read IP mode file for STMicroelectronics.X-CUBE-TOF1.3.1.0
2023-09-26 13:22:59,543 [WARN] PackLoader:240 - Cannot read IP mode file for STMicroelectronics.X-CUBE-DISPLAY.3.0.0
2023-09-26 13:22:59,554 [WARN] PackLoader:240 - Cannot read IP mode file for STMicroelectronics.X-CUBE-BLE1.7.0.0
2023-09-26 13:22:59,560 [WARN] PackLoader:240 - Cannot read IP mode file for STMicroelectronics.X-CUBE-TOUCHGFX.4.22.0
2023-09-26 13:22:59,606 [INFO] WebApp:753 - Register for checkConnection events
2023-09-26 13:22:59,606 [INFO] WebApp:390 - Apply proxy settings
2023-09-26 13:22:59,610 [INFO] WebApp:455 - Chromium authenticates against System proxy
2023-09-26 13:22:59,624 [WARN] PackLoader:240 - Cannot read IP mode file for STMicroelectronics.X-CUBE-MEMS1.9.3.0
2023-09-26 13:22:59,827 [WARN] PackLoader:240 - Cannot read IP mode file for STMicroelectronics.X-CUBE-AI.7.2.0
2023-09-26 13:22:59,832 [WARN] PackLoader:240 - Cannot read IP mode file for STMicroelectronics.FP-SNS-SMARTAG2.1.2.0
2023-09-26 13:22:59,840 [INFO] LogOutputStream:77 - [STDOUT_REDIRECT] 1 : Invalid condition id : UX_CORESTACK_Condition cause : null
2023-09-26 13:22:59,841 [INFO] LogOutputStream:77 - [STDOUT_REDIRECT] 1 : Invalid condition id : UX_CORESTACK_Condition cause : null
2023-09-26 13:22:59,841 [INFO] LogOutputStream:77 - [STDOUT_REDIRECT] 1 : Invalid condition id : UX_CORESTACK_Condition cause : null
2023-09-26 13:22:59,841 [INFO] LogOutputStream:77 - [STDOUT_REDIRECT] 1 : Invalid condition id : UX_CORESTACK_Condition cause : null
2023-09-26 13:22:59,841 [INFO] LogOutputStream:77 - [STDOUT_REDIRECT] 1 : Invalid condition id : UX_CORESTACK_Condition cause : null
2023-09-26 13:22:59,844 [WARN] PackLoader:240 - Cannot read IP mode file for STMicroelectronics.X-CUBE-AZRTOS-WL.2.0.0
2023-09-26 13:22:59,852 [WARN] PackLoader:240 - Cannot read IP mode file for WES.I-CUBE-Cesium.1.3.0
2023-09-26 13:22:59,857 [WARN] PackLoader:240 - Cannot read IP mode file for STMicroelectronics.X-CUBE-BLE2.3.3.0
2023-09-26 13:22:59,863 [WARN] PackLoader:240 - Cannot read IP mode file for STMicroelectronics.X-CUBE-DISPLAY.2.2.0
2023-09-26 13:22:59,879 [WARN] PackLoader:240 - Cannot read IP mode file for STMicroelectronics.X-CUBE-TOF1.3.2.0
2023-09-26 13:22:59,893 [WARN] PackLoader:240 - Cannot read IP mode file for STMicroelectronics.X-CUBE-ISPU.1.0.0
2023-09-26 13:22:59,917 [WARN] PackLoader:240 - Cannot read IP mode file for STMicroelectronics.X-CUBE-AZRTOS-H7.2.1.0
2023-09-26 13:22:59,923 [WARN] PackLoader:240 - Cannot read IP mode file for STMicroelectronics.X-CUBE-TOUCHGFX.4.21.1
2023-09-26 13:22:59,927 [WARN] PackLoader:240 - Cannot read IP mode file for STMicroelectronics.X-CUBE-TOUCHGFX.4.21.0
2023-09-26 13:22:59,929 [WARN] PackLoader:240 - Cannot read IP mode file for STMicroelectronics.X-CUBE-TOUCHGFX.4.21.3
2023-09-26 13:22:59,932 [WARN] PackLoader:240 - Cannot read IP mode file for STMicroelectronics.X-CUBE-TOUCHGFX.4.21.4
2023-09-26 13:22:59,960 [INFO] WebApp:188 - Starting web application
2023-09-26 13:22:59,960 [INFO] WebApp:520 - Web application path used /Applications/STM32CubeIDE.app/Contents/Eclipse/plugins/com.st.stm32cube.common.mx_6.9.1.202307191849/db/plugins/mcufinder/reactClient1/index.html
2023-09-26 13:22:59,977 [WARN] PackLoader:240 - Cannot read IP mode file for STMicroelectronics.X-CUBE-MEMS1.9.4.0
2023-09-26 13:23:00,164 [WARN] PackLoader:240 - Cannot read IP mode file for STMicroelectronics.X-CUBE-AI.7.3.0
2023-09-26 13:23:00,182 [WARN] PackLoader:240 - Cannot read IP mode file for STMicroelectronics.X-CUBE-ALGOBUILD.1.3.0
2023-09-26 13:23:00,209 [WARN] PackLoader:240 - Cannot read IP mode file for STMicroelectronics.X-CUBE-AZRTOS-G0.1.1.0
2023-09-26 13:23:00,221 [WARN] PackLoader:240 - Cannot read IP mode file for STMicroelectronics.X-CUBE-NFC4.3.0.0
2023-09-26 13:23:00,320 [WARN] PackLoader:240 - Cannot read IP mode file for SEGGER.I-CUBE-embOS.1.2.0
2023-09-26 13:23:00,369 [WARN] PackLoader:240 - Cannot read IP mode file for STMicroelectronics.X-CUBE-BLEMGR.1.3.0
2023-09-26 13:23:00,374 [WARN] PackLoader:240 - Cannot read IP mode file for STMicroelectronics.FP-ATR-SIGFOX1.3.2.0
2023-09-26 13:23:00,381 [WARN] PackLoader:240 - Cannot read IP mode file for emotas.I-CUBE-CANOPEN.1.1.2
2023-09-26 13:23:00,384 [WARN] PackLoader:240 - Cannot read IP mode file for STMicroelectronics.X-CUBE-TOUCHGFX.4.20.0
2023-09-26 13:23:00,427 [WARN] PackLoader:240 - Cannot read IP mode file for STMicroelectronics.X-CUBE-MEMS1.9.5.0
2023-09-26 13:23:00,614 [WARN] PackLoader:240 - Cannot read IP mode file for SEGGER.I-CUBE-embOS.1.3.1
2023-09-26 13:23:00,659 [WARN] PackLoader:240 - Cannot read IP mode file for STMicroelectronics.X-CUBE-GNSS1.6.0.0
2023-09-26 13:23:00,678 [WARN] PackLoader:240 - Cannot read IP mode file for STMicroelectronics.X-CUBE-AZRTOS-F4.1.1.0
2023-09-26 13:23:00,689 [WARN] PackLoader:240 - Cannot read IP mode file for STMicroelectronics.X-CUBE-BLEMGR.1.2.0
2023-09-26 13:23:00,708 [WARN] PackLoader:240 - Cannot read IP mode file for STMicroelectronics.X-CUBE-AZRTOS-L5.2.0.0
2023-09-26 13:23:00,756 [WARN] PackLoader:240 - Cannot read IP mode file for STMicroelectronics.X-CUBE-MEMS1.9.6.0
2023-09-26 13:23:00,905 [WARN] PackLoader:240 - Cannot read IP mode file for STMicroelectronics.X-CUBE-BLEMGR.2.0.0
2023-09-26 13:23:00,914 [WARN] PackLoader:240 - Cannot read IP mode file for STMicroelectronics.X-CUBE-NFC4.2.0.5
2023-09-26 13:23:00,921 [WARN] PackLoader:240 - Cannot read IP mode file for STMicroelectronics.X-CUBE-NFC4.2.0.4
2023-09-26 13:23:00,939 [WARN] ConditionMgr:438 - getConditionDescription Invalid condition id : UX DEVICE CLASS RTOS Condition cause : null
2023-09-26 13:23:00,940 [WARN] ConditionMgr:438 - getConditionDescription Invalid condition id : UX DEVICE CLASS RTOS Condition cause : null
2023-09-26 13:23:00,944 [WARN] PackLoader:240 - Cannot read IP mode file for STMicroelectronics.X-CUBE-AZRTOS-H7.3.1.0
2023-09-26 13:23:00,946 [WARN] ConditionMgr:1039 - genDependencies : Invalid condition id : UX DEVICE CLASS RTOS Condition cause : null
2023-09-26 13:23:00,946 [WARN] ConditionMgr:1039 - genDependencies : Invalid condition id : UX DEVICE CLASS RTOS Condition cause : null
2023-09-26 13:23:00,947 [WARN] ConditionMgr:1039 - genDependencies : Invalid condition id : UX DEVICE CLASS RTOS Condition cause : null
2023-09-26 13:23:00,948 [WARN] ConditionMgr:1039 - genDependencies : Invalid condition id : UX DEVICE CLASS RTOS Condition cause : null
2023-09-26 13:23:00,948 [WARN] ConditionMgr:1039 - genDependencies : Invalid condition id : UX DEVICE CLASS RTOS Condition cause : null
2023-09-26 13:23:00,968 [WARN] PackLoader:240 - Cannot read IP mode file for STMicroelectronics.X-CUBE-AZRTOS-F4.1.0.0
2023-09-26 13:23:00,977 [WARN] PackLoader:240 - Cannot read IP mode file for STMicroelectronics.X-CUBE-NFC7.1.0.1
2023-09-26 13:23:00,983 [WARN] PackLoader:240 - Cannot read IP mode file for STMicroelectronics.X-CUBE-NFC7.1.0.0
2023-09-26 13:23:00,992 [WARN] PackLoader:240 - Cannot read IP mode file for STMicroelectronics.X-CUBE-NFC6.3.0.0
2023-09-26 13:23:01,001 [WARN] PackLoader:240 - Cannot read IP mode file for STMicroelectronics.X-CUBE-EEPRMA1.4.1.0
2023-09-26 13:23:01,009 [WARN] PackLoader:240 - Cannot read IP mode file for STMicroelectronics.X-CUBE-AI.8.1.0
2023-09-26 13:23:01,030 [WARN] ConditionMgr:438 - getConditionDescription Invalid condition id : LAN8742 Phy interface Condition cause : null
2023-09-26 13:23:01,031 [WARN] PackLoader:240 - Cannot read IP mode file for STMicroelectronics.X-CUBE-AZRTOS-L4.2.0.0
2023-09-26 13:23:01,032 [WARN] ConditionMgr:1039 - genDependencies : Invalid condition id : LAN8742 Phy interface Condition cause : null
2023-09-26 13:23:01,033 [WARN] ConditionMgr:1039 - genDependencies : Invalid condition id : LAN8742 Phy interface Condition cause : null
2023-09-26 13:23:01,034 [WARN] ConditionMgr:1039 - genDependencies : Invalid condition id : LAN8742 Phy interface Condition cause : null
2023-09-26 13:23:01,041 [WARN] PackLoader:240 - Cannot read IP mode file for STMicroelectronics.X-CUBE-SFXS2LP1.4.0.0
2023-09-26 13:23:01,065 [WARN] PackLoader:240 - Cannot read IP mode file for STMicroelectronics.X-CUBE-AZRTOS-H7.3.0.0
2023-09-26 13:23:01,074 [WARN] PackLoader:240 - Cannot read IP mode file for STMicroelectronics.X-CUBE-ISPU.1.1.0
2023-09-26 13:23:01,084 [WARN] PackLoader:240 - Cannot read IP mode file for RoweBots.I-CUBE-UNISONRTOS.5.5.0-4
2023-09-26 13:23:01,091 [WARN] PackLoader:240 - Cannot read IP mode file for STMicroelectronics.X-CUBE-AI.8.0.0
2023-09-26 13:23:01,106 [WARN] ConditionMgr:438 - getConditionDescription Invalid condition id : UX DEVICE CLASS RTOS Condition cause : null
2023-09-26 13:23:01,107 [WARN] ConditionMgr:438 - getConditionDescription Invalid condition id : UX DEVICE CLASS RTOS Condition cause : null
2023-09-26 13:23:01,110 [WARN] PackLoader:240 - Cannot read IP mode file for STMicroelectronics.X-CUBE-AZRTOS-WB.2.0.0
2023-09-26 13:23:01,112 [WARN] ConditionMgr:1039 - genDependencies : Invalid condition id : UX DEVICE CLASS RTOS Condition cause : null
2023-09-26 13:23:01,112 [WARN] ConditionMgr:1039 - genDependencies : Invalid condition id : UX DEVICE CLASS RTOS Condition cause : null
2023-09-26 13:23:01,113 [WARN] ConditionMgr:1039 - genDependencies : Invalid condition id : UX DEVICE CLASS RTOS Condition cause : null
2023-09-26 13:23:01,113 [WARN] ConditionMgr:1039 - genDependencies : Invalid condition id : UX DEVICE CLASS RTOS Condition cause : null
2023-09-26 13:23:01,114 [WARN] ConditionMgr:1039 - genDependencies : Invalid condition id : UX DEVICE CLASS RTOS Condition cause : null
2023-09-26 13:23:01,120 [WARN] PackLoader:240 - Cannot read IP mode file for STMicroelectronics.X-CUBE-FREERTOS.1.0.0
2023-09-26 13:23:01,125 [WARN] PackLoader:240 - Cannot read IP mode file for STMicroelectronics.X-CUBE-FREERTOS.1.0.1
2023-09-26 13:23:01,133 [WARN] PackLoader:240 - Cannot read IP mode file for STMicroelectronics.X-CUBE-BLEMGR.1.0.0
2023-09-26 13:23:01,156 [WARN] PackLoader:240 - Cannot read IP mode file for STMicroelectronics.X-CUBE-AZRTOS-L5.1.1.0
2023-09-26 13:23:01,164 [WARN] PackLoader:240 - Cannot read IP mode file for STMicroelectronics.X-CUBE-AI.8.0.1
2023-09-26 13:23:01,176 [WARN] PackLoader:240 - Cannot read IP mode file for STMicroelectronics.X-CUBE-SUBG2.5.0.0
2023-09-26 13:23:01,197 [WARN] PackLoader:240 - Cannot read IP mode file for STMicroelectronics.X-CUBE-TOF1.3.3.1
2023-09-26 13:23:01,221 [WARN] PackLoader:240 - Cannot read IP mode file for STMicroelectronics.X-CUBE-AZRTOS-G4.2.0.0
2023-09-26 13:23:01,232 [WARN] PackLoader:240 - Cannot read IP mode file for STMicroelectronics.X-CUBE-TOF1.3.3.0
2023-09-26 13:23:01,243 [WARN] PackLoader:240 - Cannot read IP mode file for STMicroelectronics.FP-ATR-ASTRA1.1.1.1
2023-09-26 13:23:01,247 [WARN] PackLoader:240 - Cannot read IP mode file for STMicroelectronics.FP-ATR-ASTRA1.1.1.0
2023-09-26 13:23:01,264 [WARN] PackLoader:240 - Cannot read IP mode file for STMicroelectronics.X-CUBE-AZRTOS-G4.1.0.0
2023-09-26 13:23:01,270 [WARN] PackLoader:240 - Cannot read IP mode file for wolfSSL.I-CUBE-wolfSSL.5.3.0
2023-09-26 13:23:01,286 [WARN] PackLoader:240 - Cannot read IP mode file for STMicroelectronics.X-CUBE-AZRTOS-L4.1.0.0
2023-09-26 13:23:01,293 [WARN] PackLoader:240 - Cannot read IP mode file for STMicroelectronics.X-CUBE-FREERTOS.1.1.0
2023-09-26 13:23:01,311 [WARN] PackLoader:240 - Cannot read IP mode file for STMicroelectronics.X-CUBE-AZRTOS-F7.1.0.0
2023-09-26 13:23:01,325 [WARN] PackLoader:240 - Cannot read IP mode file for STMicroelectronics.X-CUBE-AZRTOS-WL.1.0.0
2023-09-26 13:23:01,332 [WARN] PackLoader:240 - Cannot read IP mode file for portGmbH.I-Cube-SoM-uGOAL.1.1.0
2023-09-26 13:23:01,337 [WARN] PackLoader:240 - Cannot read IP mode file for STMicroelectronics.X-CUBE-ALS.1.0.1
2023-09-26 13:23:01,354 [WARN] PackLoader:240 - Cannot read IP mode file for STMicroelectronics.X-CUBE-AZRTOS-WB.1.1.0
2023-09-26 13:23:01,372 [WARN] PackLoader:240 - Cannot read IP mode file for STMicroelectronics.X-CUBE-AZRTOS-L5.1.0.0
2023-09-26 13:23:01,381 [WARN] PackLoader:240 - Cannot read IP mode file for STMicroelectronics.X-CUBE-EEPRMA1.3.1.1
2023-09-26 13:23:01,386 [WARN] PackLoader:240 - Cannot read IP mode file for STMicroelectronics.FP-ATR-ASTRA1.2.0.0
2023-09-26 13:23:01,387 [INFO] ThirdParty:978 - Integrity check success = true
2023-09-26 13:23:01,387 [INFO] IntegrityCheckThread:100 - exiting critical section [integrity check]
2023-09-26 13:23:01,387 [INFO] IntegrityCheckThread:103 - End integrity checks thread
2023-09-26 13:23:20,783 [ERROR] LogOutputStream:75 - [STDERR_REDIRECT] SLF4J: Failed to load class "org.slf4j.impl.StaticLoggerBinder".
2023-09-26 13:23:20,784 [ERROR] LogOutputStream:75 - [STDERR_REDIRECT] SLF4J: Defaulting to no-operation (NOP) logger implementation
2023-09-26 13:23:20,784 [ERROR] LogOutputStream:75 - [STDERR_REDIRECT] SLF4J: See http://www.slf4j.org/codes.html#StaticLoggerBinder for further details.
