2023-09-14 00:00:53,623 [INFO] UtilMem:75 - End SaveConfig() Used Memory: 705540384 Bytes (1073741824)
2023-09-14 00:00:58,370 [INFO] UtilMem:75 - End SaveConfig() Used Memory: 613871664 Bytes (1073741824)
2023-09-14 00:00:58,752 [INFO] BlockDiagram:2759 - set Specific Code input for plugin: SPI
2023-09-14 00:00:58,752 [INFO] BlockDiagram:2759 - set Specific Code input for plugin: SPI
2023-09-14 00:00:58,752 [INFO] BlockDiagram:2759 - set Specific Code input for plugin: RCC
2023-09-14 00:00:58,752 [INFO] BlockDiagram:2759 - set Specific Code input for plugin: I2C
2023-09-14 00:00:58,752 [INFO] BlockDiagram:2759 - set Specific Code input for plugin: I2C
2023-09-14 00:00:58,752 [INFO] BlockDiagram:2759 - set Specific Code input for plugin: SDMMC
2023-09-14 00:00:58,752 [INFO] BlockDiagram:2759 - set Specific Code input for plugin: BDMA
2023-09-14 00:00:58,753 [INFO] BlockDiagram:2759 - set Specific Code input for plugin: FMC
2023-09-14 00:00:58,753 [INFO] BlockDiagram:2759 - set Specific Code input for plugin: FATFS
2023-09-14 00:00:58,753 [INFO] BlockDiagram:2759 - set Specific Code input for plugin: RNG
2023-09-14 00:00:58,753 [INFO] BlockDiagram:2759 - set Specific Code input for plugin: SYS
2023-09-14 00:00:58,753 [INFO] BlockDiagram:2759 - set Specific Code input for plugin: NVIC
2023-09-14 00:00:58,753 [INFO] BlockDiagram:2759 - set Specific Code input for plugin: CORTEX_M7
2023-09-14 00:00:58,753 [INFO] BlockDiagram:2759 - set Specific Code input for plugin: DMA
2023-09-14 00:00:58,753 [INFO] BlockDiagram:2759 - set Specific Code input for plugin: DEBUG
2023-09-14 00:00:58,754 [INFO] BlockDiagram:2759 - set Specific Code input for plugin: GPIO
2023-09-14 00:00:58,754 [INFO] BlockDiagram:2759 - set Specific Code input for plugin: SAI
2023-09-14 00:00:58,754 [INFO] CodeGenerator:799 - code generatio: config db path: /Applications/STM32CubeIDE.app/Contents/Eclipse/plugins/com.st.stm32cube.common.mx_6.9.1.202307191849//db/
2023-09-14 00:00:58,795 [INFO] Argument:319 - Argument : hdmavalue: null
2023-09-14 00:00:58,796 [INFO] Argument:321 - 	 sub Args: 
2023-09-14 00:00:58,796 [INFO] Argument:319 - Argument : Instancevalue: DMA1_Stream3
2023-09-14 00:00:58,796 [INFO] Argument:329 - Argument : Instancevalue: DMA1_Stream3
2023-09-14 00:00:58,796 [INFO] Argument:319 - Argument : Initvalue: null
2023-09-14 00:00:58,796 [INFO] Argument:321 - 	 sub Args: 
2023-09-14 00:00:58,796 [INFO] Argument:319 - Argument : Requestvalue: DMA_REQUEST_I2C1_RX
2023-09-14 00:00:58,796 [INFO] Argument:329 - Argument : Requestvalue: DMA_REQUEST_I2C1_RX
2023-09-14 00:00:58,796 [INFO] Argument:319 - Argument : Directionvalue: DMA_PERIPH_TO_MEMORY
2023-09-14 00:00:58,796 [INFO] Argument:329 - Argument : Directionvalue: DMA_PERIPH_TO_MEMORY
2023-09-14 00:00:58,796 [INFO] Argument:319 - Argument : PeriphIncvalue: DMA_PINC_DISABLE
2023-09-14 00:00:58,796 [INFO] Argument:329 - Argument : PeriphIncvalue: DMA_PINC_DISABLE
2023-09-14 00:00:58,796 [INFO] Argument:319 - Argument : MemIncvalue: DMA_MINC_ENABLE
2023-09-14 00:00:58,796 [INFO] Argument:329 - Argument : MemIncvalue: DMA_MINC_ENABLE
2023-09-14 00:00:58,796 [INFO] Argument:319 - Argument : PeriphDataAlignmentvalue: DMA_PDATAALIGN_BYTE
2023-09-14 00:00:58,796 [INFO] Argument:329 - Argument : PeriphDataAlignmentvalue: DMA_PDATAALIGN_BYTE
2023-09-14 00:00:58,796 [INFO] Argument:319 - Argument : MemDataAlignmentvalue: DMA_MDATAALIGN_BYTE
2023-09-14 00:00:58,796 [INFO] Argument:329 - Argument : MemDataAlignmentvalue: DMA_MDATAALIGN_BYTE
2023-09-14 00:00:58,796 [INFO] Argument:319 - Argument : Modevalue: DMA_CIRCULAR
2023-09-14 00:00:58,796 [INFO] Argument:329 - Argument : Modevalue: DMA_CIRCULAR
2023-09-14 00:00:58,796 [INFO] Argument:319 - Argument : Priorityvalue: DMA_PRIORITY_VERY_HIGH
2023-09-14 00:00:58,796 [INFO] Argument:329 - Argument : Priorityvalue: DMA_PRIORITY_VERY_HIGH
2023-09-14 00:00:58,796 [INFO] Argument:319 - Argument : FIFOModevalue: DMA_FIFOMODE_ENABLE
2023-09-14 00:00:58,796 [INFO] Argument:329 - Argument : FIFOModevalue: DMA_FIFOMODE_ENABLE
2023-09-14 00:00:58,797 [INFO] Argument:319 - Argument : FIFOThresholdvalue: DMA_FIFO_THRESHOLD_HALFFULL
2023-09-14 00:00:58,797 [INFO] Argument:329 - Argument : FIFOThresholdvalue: DMA_FIFO_THRESHOLD_HALFFULL
2023-09-14 00:00:58,797 [INFO] Argument:319 - Argument : MemBurstvalue: DMA_MBURST_SINGLE
2023-09-14 00:00:58,797 [INFO] Argument:329 - Argument : MemBurstvalue: DMA_MBURST_SINGLE
2023-09-14 00:00:58,797 [INFO] Argument:319 - Argument : PeriphBurstvalue: DMA_PBURST_SINGLE
2023-09-14 00:00:58,797 [INFO] Argument:329 - Argument : PeriphBurstvalue: DMA_PBURST_SINGLE
2023-09-14 00:00:58,797 [INFO] Argument:319 - Argument : Lockvalue: null
2023-09-14 00:00:58,797 [INFO] Argument:329 - Argument : Lockvalue: null
2023-09-14 00:00:58,797 [INFO] Argument:319 - Argument : Statevalue: null
2023-09-14 00:00:58,797 [INFO] Argument:329 - Argument : Statevalue: null
2023-09-14 00:00:58,797 [INFO] Argument:319 - Argument : Parentvalue: null
2023-09-14 00:00:58,797 [INFO] Argument:329 - Argument : Parentvalue: null
2023-09-14 00:00:58,797 [INFO] Argument:319 - Argument : XferCpltCallbackvalue: null
2023-09-14 00:00:58,797 [INFO] Argument:329 - Argument : XferCpltCallbackvalue: null
2023-09-14 00:00:58,797 [INFO] Argument:319 - Argument : XferHalfCpltCallbackvalue: null
2023-09-14 00:00:58,797 [INFO] Argument:329 - Argument : XferHalfCpltCallbackvalue: null
2023-09-14 00:00:58,797 [INFO] Argument:319 - Argument : XferM1CpltCallbackvalue: null
2023-09-14 00:00:58,797 [INFO] Argument:329 - Argument : XferM1CpltCallbackvalue: null
2023-09-14 00:00:58,797 [INFO] Argument:319 - Argument : XferM1HalfCpltCallbackvalue: null
2023-09-14 00:00:58,797 [INFO] Argument:329 - Argument : XferM1HalfCpltCallbackvalue: null
2023-09-14 00:00:58,797 [INFO] Argument:319 - Argument : XferErrorCallbackvalue: null
2023-09-14 00:00:58,797 [INFO] Argument:329 - Argument : XferErrorCallbackvalue: null
2023-09-14 00:00:58,797 [INFO] Argument:319 - Argument : XferAbortCallbackvalue: null
2023-09-14 00:00:58,797 [INFO] Argument:329 - Argument : XferAbortCallbackvalue: null
2023-09-14 00:00:58,797 [INFO] Argument:319 - Argument : ErrorCodevalue: null
2023-09-14 00:00:58,797 [INFO] Argument:329 - Argument : ErrorCodevalue: null
2023-09-14 00:00:58,797 [INFO] Argument:319 - Argument : StreamBaseAddressvalue: null
2023-09-14 00:00:58,797 [INFO] Argument:329 - Argument : StreamBaseAddressvalue: null
2023-09-14 00:00:58,797 [INFO] Argument:319 - Argument : StreamIndexvalue: null
2023-09-14 00:00:58,797 [INFO] Argument:329 - Argument : StreamIndexvalue: null
2023-09-14 00:00:58,798 [INFO] Argument:319 - Argument : hdmavalue: null
2023-09-14 00:00:58,798 [INFO] Argument:321 - 	 sub Args: 
2023-09-14 00:00:58,798 [INFO] Argument:319 - Argument : Instancevalue: DMA1_Stream4
2023-09-14 00:00:58,798 [INFO] Argument:329 - Argument : Instancevalue: DMA1_Stream4
2023-09-14 00:00:58,798 [INFO] Argument:319 - Argument : Initvalue: null
2023-09-14 00:00:58,799 [INFO] Argument:321 - 	 sub Args: 
2023-09-14 00:00:58,799 [INFO] Argument:319 - Argument : Requestvalue: DMA_REQUEST_I2C1_TX
2023-09-14 00:00:58,799 [INFO] Argument:329 - Argument : Requestvalue: DMA_REQUEST_I2C1_TX
2023-09-14 00:00:58,799 [INFO] Argument:319 - Argument : Directionvalue: DMA_MEMORY_TO_PERIPH
2023-09-14 00:00:58,799 [INFO] Argument:329 - Argument : Directionvalue: DMA_MEMORY_TO_PERIPH
2023-09-14 00:00:58,799 [INFO] Argument:319 - Argument : PeriphIncvalue: DMA_PINC_DISABLE
2023-09-14 00:00:58,799 [INFO] Argument:329 - Argument : PeriphIncvalue: DMA_PINC_DISABLE
2023-09-14 00:00:58,799 [INFO] Argument:319 - Argument : MemIncvalue: DMA_MINC_ENABLE
2023-09-14 00:00:58,799 [INFO] Argument:329 - Argument : MemIncvalue: DMA_MINC_ENABLE
2023-09-14 00:00:58,799 [INFO] Argument:319 - Argument : PeriphDataAlignmentvalue: DMA_PDATAALIGN_BYTE
2023-09-14 00:00:58,799 [INFO] Argument:329 - Argument : PeriphDataAlignmentvalue: DMA_PDATAALIGN_BYTE
2023-09-14 00:00:58,799 [INFO] Argument:319 - Argument : MemDataAlignmentvalue: DMA_MDATAALIGN_BYTE
2023-09-14 00:00:58,799 [INFO] Argument:329 - Argument : MemDataAlignmentvalue: DMA_MDATAALIGN_BYTE
2023-09-14 00:00:58,799 [INFO] Argument:319 - Argument : Modevalue: DMA_CIRCULAR
2023-09-14 00:00:58,799 [INFO] Argument:329 - Argument : Modevalue: DMA_CIRCULAR
2023-09-14 00:00:58,799 [INFO] Argument:319 - Argument : Priorityvalue: DMA_PRIORITY_VERY_HIGH
2023-09-14 00:00:58,799 [INFO] Argument:329 - Argument : Priorityvalue: DMA_PRIORITY_VERY_HIGH
2023-09-14 00:00:58,799 [INFO] Argument:319 - Argument : FIFOModevalue: DMA_FIFOMODE_ENABLE
2023-09-14 00:00:58,799 [INFO] Argument:329 - Argument : FIFOModevalue: DMA_FIFOMODE_ENABLE
2023-09-14 00:00:58,799 [INFO] Argument:319 - Argument : FIFOThresholdvalue: DMA_FIFO_THRESHOLD_HALFFULL
2023-09-14 00:00:58,799 [INFO] Argument:329 - Argument : FIFOThresholdvalue: DMA_FIFO_THRESHOLD_HALFFULL
2023-09-14 00:00:58,799 [INFO] Argument:319 - Argument : MemBurstvalue: DMA_MBURST_SINGLE
2023-09-14 00:00:58,799 [INFO] Argument:329 - Argument : MemBurstvalue: DMA_MBURST_SINGLE
2023-09-14 00:00:58,799 [INFO] Argument:319 - Argument : PeriphBurstvalue: DMA_PBURST_SINGLE
2023-09-14 00:00:58,799 [INFO] Argument:329 - Argument : PeriphBurstvalue: DMA_PBURST_SINGLE
2023-09-14 00:00:58,799 [INFO] Argument:319 - Argument : Lockvalue: null
2023-09-14 00:00:58,799 [INFO] Argument:329 - Argument : Lockvalue: null
2023-09-14 00:00:58,799 [INFO] Argument:319 - Argument : Statevalue: null
2023-09-14 00:00:58,799 [INFO] Argument:329 - Argument : Statevalue: null
2023-09-14 00:00:58,799 [INFO] Argument:319 - Argument : Parentvalue: null
2023-09-14 00:00:58,799 [INFO] Argument:329 - Argument : Parentvalue: null
2023-09-14 00:00:58,799 [INFO] Argument:319 - Argument : XferCpltCallbackvalue: null
2023-09-14 00:00:58,799 [INFO] Argument:329 - Argument : XferCpltCallbackvalue: null
2023-09-14 00:00:58,799 [INFO] Argument:319 - Argument : XferHalfCpltCallbackvalue: null
2023-09-14 00:00:58,799 [INFO] Argument:329 - Argument : XferHalfCpltCallbackvalue: null
2023-09-14 00:00:58,799 [INFO] Argument:319 - Argument : XferM1CpltCallbackvalue: null
2023-09-14 00:00:58,799 [INFO] Argument:329 - Argument : XferM1CpltCallbackvalue: null
2023-09-14 00:00:58,799 [INFO] Argument:319 - Argument : XferM1HalfCpltCallbackvalue: null
2023-09-14 00:00:58,799 [INFO] Argument:329 - Argument : XferM1HalfCpltCallbackvalue: null
2023-09-14 00:00:58,799 [INFO] Argument:319 - Argument : XferErrorCallbackvalue: null
2023-09-14 00:00:58,799 [INFO] Argument:329 - Argument : XferErrorCallbackvalue: null
2023-09-14 00:00:58,799 [INFO] Argument:319 - Argument : XferAbortCallbackvalue: null
2023-09-14 00:00:58,799 [INFO] Argument:329 - Argument : XferAbortCallbackvalue: null
2023-09-14 00:00:58,799 [INFO] Argument:319 - Argument : ErrorCodevalue: null
2023-09-14 00:00:58,799 [INFO] Argument:329 - Argument : ErrorCodevalue: null
2023-09-14 00:00:58,799 [INFO] Argument:319 - Argument : StreamBaseAddressvalue: null
2023-09-14 00:00:58,800 [INFO] Argument:329 - Argument : StreamBaseAddressvalue: null
2023-09-14 00:00:58,800 [INFO] Argument:319 - Argument : StreamIndexvalue: null
2023-09-14 00:00:58,800 [INFO] Argument:329 - Argument : StreamIndexvalue: null
2023-09-14 00:00:58,861 [INFO] Argument:319 - Argument : hdmavalue: null
2023-09-14 00:00:58,861 [INFO] Argument:321 - 	 sub Args: 
2023-09-14 00:00:58,861 [INFO] Argument:319 - Argument : Instancevalue: DMA1_Stream1
2023-09-14 00:00:58,861 [INFO] Argument:329 - Argument : Instancevalue: DMA1_Stream1
2023-09-14 00:00:58,861 [INFO] Argument:319 - Argument : Initvalue: null
2023-09-14 00:00:58,861 [INFO] Argument:321 - 	 sub Args: 
2023-09-14 00:00:58,861 [INFO] Argument:319 - Argument : Requestvalue: DMA_REQUEST_SAI1_A
2023-09-14 00:00:58,861 [INFO] Argument:329 - Argument : Requestvalue: DMA_REQUEST_SAI1_A
2023-09-14 00:00:58,861 [INFO] Argument:319 - Argument : Directionvalue: DMA_PERIPH_TO_MEMORY
2023-09-14 00:00:58,861 [INFO] Argument:329 - Argument : Directionvalue: DMA_PERIPH_TO_MEMORY
2023-09-14 00:00:58,861 [INFO] Argument:319 - Argument : PeriphIncvalue: DMA_PINC_DISABLE
2023-09-14 00:00:58,861 [INFO] Argument:329 - Argument : PeriphIncvalue: DMA_PINC_DISABLE
2023-09-14 00:00:58,861 [INFO] Argument:319 - Argument : MemIncvalue: DMA_MINC_ENABLE
2023-09-14 00:00:58,862 [INFO] Argument:329 - Argument : MemIncvalue: DMA_MINC_ENABLE
2023-09-14 00:00:58,862 [INFO] Argument:319 - Argument : PeriphDataAlignmentvalue: DMA_PDATAALIGN_WORD
2023-09-14 00:00:58,862 [INFO] Argument:329 - Argument : PeriphDataAlignmentvalue: DMA_PDATAALIGN_WORD
2023-09-14 00:00:58,862 [INFO] Argument:319 - Argument : MemDataAlignmentvalue: DMA_MDATAALIGN_WORD
2023-09-14 00:00:58,862 [INFO] Argument:329 - Argument : MemDataAlignmentvalue: DMA_MDATAALIGN_WORD
2023-09-14 00:00:58,862 [INFO] Argument:319 - Argument : Modevalue: DMA_CIRCULAR
2023-09-14 00:00:58,862 [INFO] Argument:329 - Argument : Modevalue: DMA_CIRCULAR
2023-09-14 00:00:58,862 [INFO] Argument:319 - Argument : Priorityvalue: DMA_PRIORITY_VERY_HIGH
2023-09-14 00:00:58,862 [INFO] Argument:329 - Argument : Priorityvalue: DMA_PRIORITY_VERY_HIGH
2023-09-14 00:00:58,862 [INFO] Argument:319 - Argument : FIFOModevalue: DMA_FIFOMODE_ENABLE
2023-09-14 00:00:58,862 [INFO] Argument:329 - Argument : FIFOModevalue: DMA_FIFOMODE_ENABLE
2023-09-14 00:00:58,862 [INFO] Argument:319 - Argument : FIFOThresholdvalue: DMA_FIFO_THRESHOLD_1QUARTERFULL
2023-09-14 00:00:58,862 [INFO] Argument:329 - Argument : FIFOThresholdvalue: DMA_FIFO_THRESHOLD_1QUARTERFULL
2023-09-14 00:00:58,862 [INFO] Argument:319 - Argument : MemBurstvalue: DMA_MBURST_SINGLE
2023-09-14 00:00:58,862 [INFO] Argument:329 - Argument : MemBurstvalue: DMA_MBURST_SINGLE
2023-09-14 00:00:58,862 [INFO] Argument:319 - Argument : PeriphBurstvalue: DMA_PBURST_SINGLE
2023-09-14 00:00:58,862 [INFO] Argument:329 - Argument : PeriphBurstvalue: DMA_PBURST_SINGLE
2023-09-14 00:00:58,862 [INFO] Argument:319 - Argument : Lockvalue: null
2023-09-14 00:00:58,862 [INFO] Argument:329 - Argument : Lockvalue: null
2023-09-14 00:00:58,862 [INFO] Argument:319 - Argument : Statevalue: null
2023-09-14 00:00:58,862 [INFO] Argument:329 - Argument : Statevalue: null
2023-09-14 00:00:58,862 [INFO] Argument:319 - Argument : Parentvalue: null
2023-09-14 00:00:58,862 [INFO] Argument:329 - Argument : Parentvalue: null
2023-09-14 00:00:58,862 [INFO] Argument:319 - Argument : XferCpltCallbackvalue: null
2023-09-14 00:00:58,862 [INFO] Argument:329 - Argument : XferCpltCallbackvalue: null
2023-09-14 00:00:58,862 [INFO] Argument:319 - Argument : XferHalfCpltCallbackvalue: null
2023-09-14 00:00:58,862 [INFO] Argument:329 - Argument : XferHalfCpltCallbackvalue: null
2023-09-14 00:00:58,862 [INFO] Argument:319 - Argument : XferM1CpltCallbackvalue: null
2023-09-14 00:00:58,862 [INFO] Argument:329 - Argument : XferM1CpltCallbackvalue: null
2023-09-14 00:00:58,862 [INFO] Argument:319 - Argument : XferM1HalfCpltCallbackvalue: null
2023-09-14 00:00:58,862 [INFO] Argument:329 - Argument : XferM1HalfCpltCallbackvalue: null
2023-09-14 00:00:58,862 [INFO] Argument:319 - Argument : XferErrorCallbackvalue: null
2023-09-14 00:00:58,862 [INFO] Argument:329 - Argument : XferErrorCallbackvalue: null
2023-09-14 00:00:58,862 [INFO] Argument:319 - Argument : XferAbortCallbackvalue: null
2023-09-14 00:00:58,862 [INFO] Argument:329 - Argument : XferAbortCallbackvalue: null
2023-09-14 00:00:58,862 [INFO] Argument:319 - Argument : ErrorCodevalue: null
2023-09-14 00:00:58,862 [INFO] Argument:329 - Argument : ErrorCodevalue: null
2023-09-14 00:00:58,862 [INFO] Argument:319 - Argument : StreamBaseAddressvalue: null
2023-09-14 00:00:58,862 [INFO] Argument:329 - Argument : StreamBaseAddressvalue: null
2023-09-14 00:00:58,862 [INFO] Argument:319 - Argument : StreamIndexvalue: null
2023-09-14 00:00:58,862 [INFO] Argument:329 - Argument : StreamIndexvalue: null
2023-09-14 00:00:58,862 [INFO] Argument:319 - Argument : hdmavalue: null
2023-09-14 00:00:58,862 [INFO] Argument:321 - 	 sub Args: 
2023-09-14 00:00:58,862 [INFO] Argument:319 - Argument : Instancevalue: DMA1_Stream1
2023-09-14 00:00:58,862 [INFO] Argument:329 - Argument : Instancevalue: DMA1_Stream1
2023-09-14 00:00:58,862 [INFO] Argument:319 - Argument : Initvalue: null
2023-09-14 00:00:58,862 [INFO] Argument:321 - 	 sub Args: 
2023-09-14 00:00:58,862 [INFO] Argument:319 - Argument : Requestvalue: DMA_REQUEST_SAI1_A
2023-09-14 00:00:58,862 [INFO] Argument:329 - Argument : Requestvalue: DMA_REQUEST_SAI1_A
2023-09-14 00:00:58,862 [INFO] Argument:319 - Argument : Directionvalue: DMA_PERIPH_TO_MEMORY
2023-09-14 00:00:58,862 [INFO] Argument:329 - Argument : Directionvalue: DMA_PERIPH_TO_MEMORY
2023-09-14 00:00:58,862 [INFO] Argument:319 - Argument : PeriphIncvalue: DMA_PINC_DISABLE
2023-09-14 00:00:58,862 [INFO] Argument:329 - Argument : PeriphIncvalue: DMA_PINC_DISABLE
2023-09-14 00:00:58,862 [INFO] Argument:319 - Argument : MemIncvalue: DMA_MINC_ENABLE
2023-09-14 00:00:58,862 [INFO] Argument:329 - Argument : MemIncvalue: DMA_MINC_ENABLE
2023-09-14 00:00:58,863 [INFO] Argument:319 - Argument : PeriphDataAlignmentvalue: DMA_PDATAALIGN_WORD
2023-09-14 00:00:58,863 [INFO] Argument:329 - Argument : PeriphDataAlignmentvalue: DMA_PDATAALIGN_WORD
2023-09-14 00:00:58,863 [INFO] Argument:319 - Argument : MemDataAlignmentvalue: DMA_MDATAALIGN_WORD
2023-09-14 00:00:58,863 [INFO] Argument:329 - Argument : MemDataAlignmentvalue: DMA_MDATAALIGN_WORD
2023-09-14 00:00:58,863 [INFO] Argument:319 - Argument : Modevalue: DMA_CIRCULAR
2023-09-14 00:00:58,863 [INFO] Argument:329 - Argument : Modevalue: DMA_CIRCULAR
2023-09-14 00:00:58,863 [INFO] Argument:319 - Argument : Priorityvalue: DMA_PRIORITY_VERY_HIGH
2023-09-14 00:00:58,863 [INFO] Argument:329 - Argument : Priorityvalue: DMA_PRIORITY_VERY_HIGH
2023-09-14 00:00:58,863 [INFO] Argument:319 - Argument : FIFOModevalue: DMA_FIFOMODE_ENABLE
2023-09-14 00:00:58,863 [INFO] Argument:329 - Argument : FIFOModevalue: DMA_FIFOMODE_ENABLE
2023-09-14 00:00:58,863 [INFO] Argument:319 - Argument : FIFOThresholdvalue: DMA_FIFO_THRESHOLD_1QUARTERFULL
2023-09-14 00:00:58,863 [INFO] Argument:329 - Argument : FIFOThresholdvalue: DMA_FIFO_THRESHOLD_1QUARTERFULL
2023-09-14 00:00:58,863 [INFO] Argument:319 - Argument : MemBurstvalue: DMA_MBURST_SINGLE
2023-09-14 00:00:58,863 [INFO] Argument:329 - Argument : MemBurstvalue: DMA_MBURST_SINGLE
2023-09-14 00:00:58,863 [INFO] Argument:319 - Argument : PeriphBurstvalue: DMA_PBURST_SINGLE
2023-09-14 00:00:58,863 [INFO] Argument:329 - Argument : PeriphBurstvalue: DMA_PBURST_SINGLE
2023-09-14 00:00:58,863 [INFO] Argument:319 - Argument : Lockvalue: null
2023-09-14 00:00:58,863 [INFO] Argument:329 - Argument : Lockvalue: null
2023-09-14 00:00:58,863 [INFO] Argument:319 - Argument : Statevalue: null
2023-09-14 00:00:58,863 [INFO] Argument:329 - Argument : Statevalue: null
2023-09-14 00:00:58,863 [INFO] Argument:319 - Argument : Parentvalue: null
2023-09-14 00:00:58,863 [INFO] Argument:329 - Argument : Parentvalue: null
2023-09-14 00:00:58,863 [INFO] Argument:319 - Argument : XferCpltCallbackvalue: null
2023-09-14 00:00:58,863 [INFO] Argument:329 - Argument : XferCpltCallbackvalue: null
2023-09-14 00:00:58,863 [INFO] Argument:319 - Argument : XferHalfCpltCallbackvalue: null
2023-09-14 00:00:58,863 [INFO] Argument:329 - Argument : XferHalfCpltCallbackvalue: null
2023-09-14 00:00:58,863 [INFO] Argument:319 - Argument : XferM1CpltCallbackvalue: null
2023-09-14 00:00:58,863 [INFO] Argument:329 - Argument : XferM1CpltCallbackvalue: null
2023-09-14 00:00:58,863 [INFO] Argument:319 - Argument : XferM1HalfCpltCallbackvalue: null
2023-09-14 00:00:58,863 [INFO] Argument:329 - Argument : XferM1HalfCpltCallbackvalue: null
2023-09-14 00:00:58,863 [INFO] Argument:319 - Argument : XferErrorCallbackvalue: null
2023-09-14 00:00:58,863 [INFO] Argument:329 - Argument : XferErrorCallbackvalue: null
2023-09-14 00:00:58,863 [INFO] Argument:319 - Argument : XferAbortCallbackvalue: null
2023-09-14 00:00:58,863 [INFO] Argument:329 - Argument : XferAbortCallbackvalue: null
2023-09-14 00:00:58,863 [INFO] Argument:319 - Argument : ErrorCodevalue: null
2023-09-14 00:00:58,863 [INFO] Argument:329 - Argument : ErrorCodevalue: null
2023-09-14 00:00:58,863 [INFO] Argument:319 - Argument : StreamBaseAddressvalue: null
2023-09-14 00:00:58,863 [INFO] Argument:329 - Argument : StreamBaseAddressvalue: null
2023-09-14 00:00:58,863 [INFO] Argument:319 - Argument : StreamIndexvalue: null
2023-09-14 00:00:58,863 [INFO] Argument:329 - Argument : StreamIndexvalue: null
2023-09-14 00:00:58,863 [INFO] Argument:319 - Argument : pSyncConfigvalue: null
2023-09-14 00:00:58,863 [INFO] Argument:321 - 	 sub Args: 
2023-09-14 00:00:58,863 [INFO] Argument:319 - Argument : SyncSignalIDvalue: HAL_DMAMUX1_SYNC_EXTI0
2023-09-14 00:00:58,863 [INFO] Argument:329 - Argument : SyncSignalIDvalue: HAL_DMAMUX1_SYNC_EXTI0
2023-09-14 00:00:58,864 [INFO] Argument:319 - Argument : SyncPolarityvalue: HAL_DMAMUX_SYNC_RISING
2023-09-14 00:00:58,864 [INFO] Argument:329 - Argument : SyncPolarityvalue: HAL_DMAMUX_SYNC_RISING
2023-09-14 00:00:58,864 [INFO] Argument:319 - Argument : SyncEnablevalue: DISABLE
2023-09-14 00:00:58,864 [INFO] Argument:329 - Argument : SyncEnablevalue: DISABLE
2023-09-14 00:00:58,864 [INFO] Argument:319 - Argument : EventEnablevalue: ENABLE
2023-09-14 00:00:58,864 [INFO] Argument:329 - Argument : EventEnablevalue: ENABLE
2023-09-14 00:00:58,864 [INFO] Argument:319 - Argument : RequestNumbervalue: 1
2023-09-14 00:00:58,864 [INFO] Argument:329 - Argument : RequestNumbervalue: 1
2023-09-14 00:00:58,864 [INFO] Argument:319 - Argument : hdmavalue: null
2023-09-14 00:00:58,864 [INFO] Argument:321 - 	 sub Args: 
2023-09-14 00:00:58,864 [INFO] Argument:319 - Argument : Instancevalue: DMA1_Stream2
2023-09-14 00:00:58,864 [INFO] Argument:329 - Argument : Instancevalue: DMA1_Stream2
2023-09-14 00:00:58,864 [INFO] Argument:319 - Argument : Initvalue: null
2023-09-14 00:00:58,864 [INFO] Argument:321 - 	 sub Args: 
2023-09-14 00:00:58,864 [INFO] Argument:319 - Argument : Requestvalue: DMA_REQUEST_SAI1_B
2023-09-14 00:00:58,864 [INFO] Argument:329 - Argument : Requestvalue: DMA_REQUEST_SAI1_B
2023-09-14 00:00:58,864 [INFO] Argument:319 - Argument : Directionvalue: DMA_MEMORY_TO_PERIPH
2023-09-14 00:00:58,865 [INFO] Argument:329 - Argument : Directionvalue: DMA_MEMORY_TO_PERIPH
2023-09-14 00:00:58,865 [INFO] Argument:319 - Argument : PeriphIncvalue: DMA_PINC_DISABLE
2023-09-14 00:00:58,865 [INFO] Argument:329 - Argument : PeriphIncvalue: DMA_PINC_DISABLE
2023-09-14 00:00:58,865 [INFO] Argument:319 - Argument : MemIncvalue: DMA_MINC_ENABLE
2023-09-14 00:00:58,865 [INFO] Argument:329 - Argument : MemIncvalue: DMA_MINC_ENABLE
2023-09-14 00:00:58,865 [INFO] Argument:319 - Argument : PeriphDataAlignmentvalue: DMA_PDATAALIGN_WORD
2023-09-14 00:00:58,865 [INFO] Argument:329 - Argument : PeriphDataAlignmentvalue: DMA_PDATAALIGN_WORD
2023-09-14 00:00:58,865 [INFO] Argument:319 - Argument : MemDataAlignmentvalue: DMA_MDATAALIGN_WORD
2023-09-14 00:00:58,865 [INFO] Argument:329 - Argument : MemDataAlignmentvalue: DMA_MDATAALIGN_WORD
2023-09-14 00:00:58,865 [INFO] Argument:319 - Argument : Modevalue: DMA_CIRCULAR
2023-09-14 00:00:58,865 [INFO] Argument:329 - Argument : Modevalue: DMA_CIRCULAR
2023-09-14 00:00:58,865 [INFO] Argument:319 - Argument : Priorityvalue: DMA_PRIORITY_VERY_HIGH
2023-09-14 00:00:58,865 [INFO] Argument:329 - Argument : Priorityvalue: DMA_PRIORITY_VERY_HIGH
2023-09-14 00:00:58,865 [INFO] Argument:319 - Argument : FIFOModevalue: DMA_FIFOMODE_ENABLE
2023-09-14 00:00:58,865 [INFO] Argument:329 - Argument : FIFOModevalue: DMA_FIFOMODE_ENABLE
2023-09-14 00:00:58,865 [INFO] Argument:319 - Argument : FIFOThresholdvalue: DMA_FIFO_THRESHOLD_1QUARTERFULL
2023-09-14 00:00:58,865 [INFO] Argument:329 - Argument : FIFOThresholdvalue: DMA_FIFO_THRESHOLD_1QUARTERFULL
2023-09-14 00:00:58,865 [INFO] Argument:319 - Argument : MemBurstvalue: DMA_MBURST_SINGLE
2023-09-14 00:00:58,865 [INFO] Argument:329 - Argument : MemBurstvalue: DMA_MBURST_SINGLE
2023-09-14 00:00:58,865 [INFO] Argument:319 - Argument : PeriphBurstvalue: DMA_PBURST_SINGLE
2023-09-14 00:00:58,865 [INFO] Argument:329 - Argument : PeriphBurstvalue: DMA_PBURST_SINGLE
2023-09-14 00:00:58,865 [INFO] Argument:319 - Argument : Lockvalue: null
2023-09-14 00:00:58,865 [INFO] Argument:329 - Argument : Lockvalue: null
2023-09-14 00:00:58,865 [INFO] Argument:319 - Argument : Statevalue: null
2023-09-14 00:00:58,865 [INFO] Argument:329 - Argument : Statevalue: null
2023-09-14 00:00:58,865 [INFO] Argument:319 - Argument : Parentvalue: null
2023-09-14 00:00:58,865 [INFO] Argument:329 - Argument : Parentvalue: null
2023-09-14 00:00:58,865 [INFO] Argument:319 - Argument : XferCpltCallbackvalue: null
2023-09-14 00:00:58,865 [INFO] Argument:329 - Argument : XferCpltCallbackvalue: null
2023-09-14 00:00:58,865 [INFO] Argument:319 - Argument : XferHalfCpltCallbackvalue: null
2023-09-14 00:00:58,865 [INFO] Argument:329 - Argument : XferHalfCpltCallbackvalue: null
2023-09-14 00:00:58,865 [INFO] Argument:319 - Argument : XferM1CpltCallbackvalue: null
2023-09-14 00:00:58,865 [INFO] Argument:329 - Argument : XferM1CpltCallbackvalue: null
2023-09-14 00:00:58,865 [INFO] Argument:319 - Argument : XferM1HalfCpltCallbackvalue: null
2023-09-14 00:00:58,865 [INFO] Argument:329 - Argument : XferM1HalfCpltCallbackvalue: null
2023-09-14 00:00:58,865 [INFO] Argument:319 - Argument : XferErrorCallbackvalue: null
2023-09-14 00:00:58,865 [INFO] Argument:329 - Argument : XferErrorCallbackvalue: null
2023-09-14 00:00:58,865 [INFO] Argument:319 - Argument : XferAbortCallbackvalue: null
2023-09-14 00:00:58,865 [INFO] Argument:329 - Argument : XferAbortCallbackvalue: null
2023-09-14 00:00:58,865 [INFO] Argument:319 - Argument : ErrorCodevalue: null
2023-09-14 00:00:58,865 [INFO] Argument:329 - Argument : ErrorCodevalue: null
2023-09-14 00:00:58,865 [INFO] Argument:319 - Argument : StreamBaseAddressvalue: null
2023-09-14 00:00:58,865 [INFO] Argument:329 - Argument : StreamBaseAddressvalue: null
2023-09-14 00:00:58,865 [INFO] Argument:319 - Argument : StreamIndexvalue: null
2023-09-14 00:00:58,865 [INFO] Argument:329 - Argument : StreamIndexvalue: null
2023-09-14 00:00:58,876 [INFO] Argument:319 - Argument : hdmavalue: null
2023-09-14 00:00:58,876 [INFO] Argument:321 - 	 sub Args: 
2023-09-14 00:00:58,876 [INFO] Argument:319 - Argument : Instancevalue: DMA1_Stream6
2023-09-14 00:00:58,876 [INFO] Argument:329 - Argument : Instancevalue: DMA1_Stream6
2023-09-14 00:00:58,876 [INFO] Argument:319 - Argument : Initvalue: null
2023-09-14 00:00:58,876 [INFO] Argument:321 - 	 sub Args: 
2023-09-14 00:00:58,876 [INFO] Argument:319 - Argument : Requestvalue: DMA_REQUEST_SPI1_RX
2023-09-14 00:00:58,877 [INFO] Argument:329 - Argument : Requestvalue: DMA_REQUEST_SPI1_RX
2023-09-14 00:00:58,877 [INFO] Argument:319 - Argument : Directionvalue: DMA_PERIPH_TO_MEMORY
2023-09-14 00:00:58,877 [INFO] Argument:329 - Argument : Directionvalue: DMA_PERIPH_TO_MEMORY
2023-09-14 00:00:58,877 [INFO] Argument:319 - Argument : PeriphIncvalue: DMA_PINC_DISABLE
2023-09-14 00:00:58,877 [INFO] Argument:329 - Argument : PeriphIncvalue: DMA_PINC_DISABLE
2023-09-14 00:00:58,877 [INFO] Argument:319 - Argument : MemIncvalue: DMA_MINC_ENABLE
2023-09-14 00:00:58,877 [INFO] Argument:329 - Argument : MemIncvalue: DMA_MINC_ENABLE
2023-09-14 00:00:58,877 [INFO] Argument:319 - Argument : PeriphDataAlignmentvalue: DMA_PDATAALIGN_BYTE
2023-09-14 00:00:58,877 [INFO] Argument:329 - Argument : PeriphDataAlignmentvalue: DMA_PDATAALIGN_BYTE
2023-09-14 00:00:58,877 [INFO] Argument:319 - Argument : MemDataAlignmentvalue: DMA_MDATAALIGN_BYTE
2023-09-14 00:00:58,877 [INFO] Argument:329 - Argument : MemDataAlignmentvalue: DMA_MDATAALIGN_BYTE
2023-09-14 00:00:58,877 [INFO] Argument:319 - Argument : Modevalue: DMA_CIRCULAR
2023-09-14 00:00:58,877 [INFO] Argument:329 - Argument : Modevalue: DMA_CIRCULAR
2023-09-14 00:00:58,877 [INFO] Argument:319 - Argument : Priorityvalue: DMA_PRIORITY_VERY_HIGH
2023-09-14 00:00:58,877 [INFO] Argument:329 - Argument : Priorityvalue: DMA_PRIORITY_VERY_HIGH
2023-09-14 00:00:58,877 [INFO] Argument:319 - Argument : FIFOModevalue: DMA_FIFOMODE_ENABLE
2023-09-14 00:00:58,877 [INFO] Argument:329 - Argument : FIFOModevalue: DMA_FIFOMODE_ENABLE
2023-09-14 00:00:58,877 [INFO] Argument:319 - Argument : FIFOThresholdvalue: DMA_FIFO_THRESHOLD_HALFFULL
2023-09-14 00:00:58,877 [INFO] Argument:329 - Argument : FIFOThresholdvalue: DMA_FIFO_THRESHOLD_HALFFULL
2023-09-14 00:00:58,877 [INFO] Argument:319 - Argument : MemBurstvalue: DMA_MBURST_SINGLE
2023-09-14 00:00:58,877 [INFO] Argument:329 - Argument : MemBurstvalue: DMA_MBURST_SINGLE
2023-09-14 00:00:58,877 [INFO] Argument:319 - Argument : PeriphBurstvalue: DMA_PBURST_SINGLE
2023-09-14 00:00:58,877 [INFO] Argument:329 - Argument : PeriphBurstvalue: DMA_PBURST_SINGLE
2023-09-14 00:00:58,877 [INFO] Argument:319 - Argument : Lockvalue: null
2023-09-14 00:00:58,877 [INFO] Argument:329 - Argument : Lockvalue: null
2023-09-14 00:00:58,877 [INFO] Argument:319 - Argument : Statevalue: null
2023-09-14 00:00:58,877 [INFO] Argument:329 - Argument : Statevalue: null
2023-09-14 00:00:58,877 [INFO] Argument:319 - Argument : Parentvalue: null
2023-09-14 00:00:58,877 [INFO] Argument:329 - Argument : Parentvalue: null
2023-09-14 00:00:58,877 [INFO] Argument:319 - Argument : XferCpltCallbackvalue: null
2023-09-14 00:00:58,877 [INFO] Argument:329 - Argument : XferCpltCallbackvalue: null
2023-09-14 00:00:58,877 [INFO] Argument:319 - Argument : XferHalfCpltCallbackvalue: null
2023-09-14 00:00:58,877 [INFO] Argument:329 - Argument : XferHalfCpltCallbackvalue: null
2023-09-14 00:00:58,877 [INFO] Argument:319 - Argument : XferM1CpltCallbackvalue: null
2023-09-14 00:00:58,877 [INFO] Argument:329 - Argument : XferM1CpltCallbackvalue: null
2023-09-14 00:00:58,877 [INFO] Argument:319 - Argument : XferM1HalfCpltCallbackvalue: null
2023-09-14 00:00:58,877 [INFO] Argument:329 - Argument : XferM1HalfCpltCallbackvalue: null
2023-09-14 00:00:58,877 [INFO] Argument:319 - Argument : XferErrorCallbackvalue: null
2023-09-14 00:00:58,878 [INFO] Argument:329 - Argument : XferErrorCallbackvalue: null
2023-09-14 00:00:58,878 [INFO] Argument:319 - Argument : XferAbortCallbackvalue: null
2023-09-14 00:00:58,878 [INFO] Argument:329 - Argument : XferAbortCallbackvalue: null
2023-09-14 00:00:58,878 [INFO] Argument:319 - Argument : ErrorCodevalue: null
2023-09-14 00:00:58,878 [INFO] Argument:329 - Argument : ErrorCodevalue: null
2023-09-14 00:00:58,878 [INFO] Argument:319 - Argument : StreamBaseAddressvalue: null
2023-09-14 00:00:58,878 [INFO] Argument:329 - Argument : StreamBaseAddressvalue: null
2023-09-14 00:00:58,878 [INFO] Argument:319 - Argument : StreamIndexvalue: null
2023-09-14 00:00:58,878 [INFO] Argument:329 - Argument : StreamIndexvalue: null
2023-09-14 00:00:58,879 [INFO] Argument:319 - Argument : hdmavalue: null
2023-09-14 00:00:58,879 [INFO] Argument:321 - 	 sub Args: 
2023-09-14 00:00:58,879 [INFO] Argument:319 - Argument : Instancevalue: DMA1_Stream0
2023-09-14 00:00:58,879 [INFO] Argument:329 - Argument : Instancevalue: DMA1_Stream0
2023-09-14 00:00:58,879 [INFO] Argument:319 - Argument : Initvalue: null
2023-09-14 00:00:58,879 [INFO] Argument:321 - 	 sub Args: 
2023-09-14 00:00:58,879 [INFO] Argument:319 - Argument : Requestvalue: DMA_REQUEST_SPI1_TX
2023-09-14 00:00:58,879 [INFO] Argument:329 - Argument : Requestvalue: DMA_REQUEST_SPI1_TX
2023-09-14 00:00:58,879 [INFO] Argument:319 - Argument : Directionvalue: DMA_MEMORY_TO_PERIPH
2023-09-14 00:00:58,879 [INFO] Argument:329 - Argument : Directionvalue: DMA_MEMORY_TO_PERIPH
2023-09-14 00:00:58,879 [INFO] Argument:319 - Argument : PeriphIncvalue: DMA_PINC_DISABLE
2023-09-14 00:00:58,879 [INFO] Argument:329 - Argument : PeriphIncvalue: DMA_PINC_DISABLE
2023-09-14 00:00:58,879 [INFO] Argument:319 - Argument : MemIncvalue: DMA_MINC_ENABLE
2023-09-14 00:00:58,879 [INFO] Argument:329 - Argument : MemIncvalue: DMA_MINC_ENABLE
2023-09-14 00:00:58,879 [INFO] Argument:319 - Argument : PeriphDataAlignmentvalue: DMA_PDATAALIGN_BYTE
2023-09-14 00:00:58,879 [INFO] Argument:329 - Argument : PeriphDataAlignmentvalue: DMA_PDATAALIGN_BYTE
2023-09-14 00:00:58,879 [INFO] Argument:319 - Argument : MemDataAlignmentvalue: DMA_MDATAALIGN_BYTE
2023-09-14 00:00:58,879 [INFO] Argument:329 - Argument : MemDataAlignmentvalue: DMA_MDATAALIGN_BYTE
2023-09-14 00:00:58,879 [INFO] Argument:319 - Argument : Modevalue: DMA_CIRCULAR
2023-09-14 00:00:58,879 [INFO] Argument:329 - Argument : Modevalue: DMA_CIRCULAR
2023-09-14 00:00:58,879 [INFO] Argument:319 - Argument : Priorityvalue: DMA_PRIORITY_VERY_HIGH
2023-09-14 00:00:58,879 [INFO] Argument:329 - Argument : Priorityvalue: DMA_PRIORITY_VERY_HIGH
2023-09-14 00:00:58,879 [INFO] Argument:319 - Argument : FIFOModevalue: DMA_FIFOMODE_ENABLE
2023-09-14 00:00:58,879 [INFO] Argument:329 - Argument : FIFOModevalue: DMA_FIFOMODE_ENABLE
2023-09-14 00:00:58,879 [INFO] Argument:319 - Argument : FIFOThresholdvalue: DMA_FIFO_THRESHOLD_HALFFULL
2023-09-14 00:00:58,879 [INFO] Argument:329 - Argument : FIFOThresholdvalue: DMA_FIFO_THRESHOLD_HALFFULL
2023-09-14 00:00:58,879 [INFO] Argument:319 - Argument : MemBurstvalue: DMA_MBURST_SINGLE
2023-09-14 00:00:58,879 [INFO] Argument:329 - Argument : MemBurstvalue: DMA_MBURST_SINGLE
2023-09-14 00:00:58,879 [INFO] Argument:319 - Argument : PeriphBurstvalue: DMA_PBURST_SINGLE
2023-09-14 00:00:58,879 [INFO] Argument:329 - Argument : PeriphBurstvalue: DMA_PBURST_SINGLE
2023-09-14 00:00:58,879 [INFO] Argument:319 - Argument : Lockvalue: null
2023-09-14 00:00:58,879 [INFO] Argument:329 - Argument : Lockvalue: null
2023-09-14 00:00:58,879 [INFO] Argument:319 - Argument : Statevalue: null
2023-09-14 00:00:58,879 [INFO] Argument:329 - Argument : Statevalue: null
2023-09-14 00:00:58,879 [INFO] Argument:319 - Argument : Parentvalue: null
2023-09-14 00:00:58,879 [INFO] Argument:329 - Argument : Parentvalue: null
2023-09-14 00:00:58,879 [INFO] Argument:319 - Argument : XferCpltCallbackvalue: null
2023-09-14 00:00:58,879 [INFO] Argument:329 - Argument : XferCpltCallbackvalue: null
2023-09-14 00:00:58,879 [INFO] Argument:319 - Argument : XferHalfCpltCallbackvalue: null
2023-09-14 00:00:58,879 [INFO] Argument:329 - Argument : XferHalfCpltCallbackvalue: null
2023-09-14 00:00:58,879 [INFO] Argument:319 - Argument : XferM1CpltCallbackvalue: null
2023-09-14 00:00:58,879 [INFO] Argument:329 - Argument : XferM1CpltCallbackvalue: null
2023-09-14 00:00:58,879 [INFO] Argument:319 - Argument : XferM1HalfCpltCallbackvalue: null
2023-09-14 00:00:58,879 [INFO] Argument:329 - Argument : XferM1HalfCpltCallbackvalue: null
2023-09-14 00:00:58,879 [INFO] Argument:319 - Argument : XferErrorCallbackvalue: null
2023-09-14 00:00:58,879 [INFO] Argument:329 - Argument : XferErrorCallbackvalue: null
2023-09-14 00:00:58,880 [INFO] Argument:319 - Argument : XferAbortCallbackvalue: null
2023-09-14 00:00:58,880 [INFO] Argument:329 - Argument : XferAbortCallbackvalue: null
2023-09-14 00:00:58,880 [INFO] Argument:319 - Argument : ErrorCodevalue: null
2023-09-14 00:00:58,880 [INFO] Argument:329 - Argument : ErrorCodevalue: null
2023-09-14 00:00:58,880 [INFO] Argument:319 - Argument : StreamBaseAddressvalue: null
2023-09-14 00:00:58,880 [INFO] Argument:329 - Argument : StreamBaseAddressvalue: null
2023-09-14 00:00:58,880 [INFO] Argument:319 - Argument : StreamIndexvalue: null
2023-09-14 00:00:58,880 [INFO] Argument:329 - Argument : StreamIndexvalue: null
2023-09-14 00:00:58,888 [INFO] Argument:319 - Argument : hdmavalue: null
2023-09-14 00:00:58,888 [INFO] Argument:321 - 	 sub Args: 
2023-09-14 00:00:58,888 [INFO] Argument:319 - Argument : Instancevalue: BDMA_Channel0
2023-09-14 00:00:58,888 [INFO] Argument:329 - Argument : Instancevalue: BDMA_Channel0
2023-09-14 00:00:58,888 [INFO] Argument:319 - Argument : Initvalue: null
2023-09-14 00:00:58,888 [INFO] Argument:321 - 	 sub Args: 
2023-09-14 00:00:58,888 [INFO] Argument:319 - Argument : Requestvalue: BDMA_REQUEST_SPI6_RX
2023-09-14 00:00:58,888 [INFO] Argument:329 - Argument : Requestvalue: BDMA_REQUEST_SPI6_RX
2023-09-14 00:00:58,888 [INFO] Argument:319 - Argument : Directionvalue: DMA_PERIPH_TO_MEMORY
2023-09-14 00:00:58,888 [INFO] Argument:329 - Argument : Directionvalue: DMA_PERIPH_TO_MEMORY
2023-09-14 00:00:58,888 [INFO] Argument:319 - Argument : PeriphIncvalue: DMA_PINC_DISABLE
2023-09-14 00:00:58,889 [INFO] Argument:329 - Argument : PeriphIncvalue: DMA_PINC_DISABLE
2023-09-14 00:00:58,889 [INFO] Argument:319 - Argument : MemIncvalue: DMA_MINC_ENABLE
2023-09-14 00:00:58,889 [INFO] Argument:329 - Argument : MemIncvalue: DMA_MINC_ENABLE
2023-09-14 00:00:58,889 [INFO] Argument:319 - Argument : PeriphDataAlignmentvalue: DMA_PDATAALIGN_BYTE
2023-09-14 00:00:58,889 [INFO] Argument:329 - Argument : PeriphDataAlignmentvalue: DMA_PDATAALIGN_BYTE
2023-09-14 00:00:58,889 [INFO] Argument:319 - Argument : MemDataAlignmentvalue: DMA_MDATAALIGN_BYTE
2023-09-14 00:00:58,889 [INFO] Argument:329 - Argument : MemDataAlignmentvalue: DMA_MDATAALIGN_BYTE
2023-09-14 00:00:58,889 [INFO] Argument:319 - Argument : Modevalue: DMA_CIRCULAR
2023-09-14 00:00:58,889 [INFO] Argument:329 - Argument : Modevalue: DMA_CIRCULAR
2023-09-14 00:00:58,889 [INFO] Argument:319 - Argument : Priorityvalue: DMA_PRIORITY_VERY_HIGH
2023-09-14 00:00:58,889 [INFO] Argument:329 - Argument : Priorityvalue: DMA_PRIORITY_VERY_HIGH
2023-09-14 00:00:58,889 [INFO] Argument:319 - Argument : Lockvalue: null
2023-09-14 00:00:58,889 [INFO] Argument:329 - Argument : Lockvalue: null
2023-09-14 00:00:58,889 [INFO] Argument:319 - Argument : Statevalue: null
2023-09-14 00:00:58,889 [INFO] Argument:329 - Argument : Statevalue: null
2023-09-14 00:00:58,889 [INFO] Argument:319 - Argument : Parentvalue: null
2023-09-14 00:00:58,889 [INFO] Argument:329 - Argument : Parentvalue: null
2023-09-14 00:00:58,889 [INFO] Argument:319 - Argument : XferCpltCallbackvalue: null
2023-09-14 00:00:58,889 [INFO] Argument:329 - Argument : XferCpltCallbackvalue: null
2023-09-14 00:00:58,889 [INFO] Argument:319 - Argument : XferHalfCpltCallbackvalue: null
2023-09-14 00:00:58,889 [INFO] Argument:329 - Argument : XferHalfCpltCallbackvalue: null
2023-09-14 00:00:58,889 [INFO] Argument:319 - Argument : XferM1CpltCallbackvalue: null
2023-09-14 00:00:58,889 [INFO] Argument:329 - Argument : XferM1CpltCallbackvalue: null
2023-09-14 00:00:58,889 [INFO] Argument:319 - Argument : XferM1HalfCpltCallbackvalue: null
2023-09-14 00:00:58,889 [INFO] Argument:329 - Argument : XferM1HalfCpltCallbackvalue: null
2023-09-14 00:00:58,889 [INFO] Argument:319 - Argument : XferErrorCallbackvalue: null
2023-09-14 00:00:58,889 [INFO] Argument:329 - Argument : XferErrorCallbackvalue: null
2023-09-14 00:00:58,889 [INFO] Argument:319 - Argument : XferAbortCallbackvalue: null
2023-09-14 00:00:58,889 [INFO] Argument:329 - Argument : XferAbortCallbackvalue: null
2023-09-14 00:00:58,889 [INFO] Argument:319 - Argument : ErrorCodevalue: null
2023-09-14 00:00:58,889 [INFO] Argument:329 - Argument : ErrorCodevalue: null
2023-09-14 00:00:58,889 [INFO] Argument:319 - Argument : StreamBaseAddressvalue: null
2023-09-14 00:00:58,889 [INFO] Argument:329 - Argument : StreamBaseAddressvalue: null
2023-09-14 00:00:58,889 [INFO] Argument:319 - Argument : StreamIndexvalue: null
2023-09-14 00:00:58,889 [INFO] Argument:329 - Argument : StreamIndexvalue: null
2023-09-14 00:00:58,890 [INFO] Argument:319 - Argument : hdmavalue: null
2023-09-14 00:00:58,890 [INFO] Argument:321 - 	 sub Args: 
2023-09-14 00:00:58,890 [INFO] Argument:319 - Argument : Instancevalue: BDMA_Channel1
2023-09-14 00:00:58,890 [INFO] Argument:329 - Argument : Instancevalue: BDMA_Channel1
2023-09-14 00:00:58,890 [INFO] Argument:319 - Argument : Initvalue: null
2023-09-14 00:00:58,890 [INFO] Argument:321 - 	 sub Args: 
2023-09-14 00:00:58,890 [INFO] Argument:319 - Argument : Requestvalue: BDMA_REQUEST_SPI6_TX
2023-09-14 00:00:58,890 [INFO] Argument:329 - Argument : Requestvalue: BDMA_REQUEST_SPI6_TX
2023-09-14 00:00:58,890 [INFO] Argument:319 - Argument : Directionvalue: DMA_MEMORY_TO_PERIPH
2023-09-14 00:00:58,890 [INFO] Argument:329 - Argument : Directionvalue: DMA_MEMORY_TO_PERIPH
2023-09-14 00:00:58,890 [INFO] Argument:319 - Argument : PeriphIncvalue: DMA_PINC_DISABLE
2023-09-14 00:00:58,890 [INFO] Argument:329 - Argument : PeriphIncvalue: DMA_PINC_DISABLE
2023-09-14 00:00:58,890 [INFO] Argument:319 - Argument : MemIncvalue: DMA_MINC_ENABLE
2023-09-14 00:00:58,890 [INFO] Argument:329 - Argument : MemIncvalue: DMA_MINC_ENABLE
2023-09-14 00:00:58,890 [INFO] Argument:319 - Argument : PeriphDataAlignmentvalue: DMA_PDATAALIGN_BYTE
2023-09-14 00:00:58,890 [INFO] Argument:329 - Argument : PeriphDataAlignmentvalue: DMA_PDATAALIGN_BYTE
2023-09-14 00:00:58,890 [INFO] Argument:319 - Argument : MemDataAlignmentvalue: DMA_MDATAALIGN_BYTE
2023-09-14 00:00:58,891 [INFO] Argument:329 - Argument : MemDataAlignmentvalue: DMA_MDATAALIGN_BYTE
2023-09-14 00:00:58,891 [INFO] Argument:319 - Argument : Modevalue: DMA_CIRCULAR
2023-09-14 00:00:58,891 [INFO] Argument:329 - Argument : Modevalue: DMA_CIRCULAR
2023-09-14 00:00:58,891 [INFO] Argument:319 - Argument : Priorityvalue: DMA_PRIORITY_VERY_HIGH
2023-09-14 00:00:58,891 [INFO] Argument:329 - Argument : Priorityvalue: DMA_PRIORITY_VERY_HIGH
2023-09-14 00:00:58,891 [INFO] Argument:319 - Argument : Lockvalue: null
2023-09-14 00:00:58,891 [INFO] Argument:329 - Argument : Lockvalue: null
2023-09-14 00:00:58,891 [INFO] Argument:319 - Argument : Statevalue: null
2023-09-14 00:00:58,891 [INFO] Argument:329 - Argument : Statevalue: null
2023-09-14 00:00:58,891 [INFO] Argument:319 - Argument : Parentvalue: null
2023-09-14 00:00:58,891 [INFO] Argument:329 - Argument : Parentvalue: null
2023-09-14 00:00:58,891 [INFO] Argument:319 - Argument : XferCpltCallbackvalue: null
2023-09-14 00:00:58,891 [INFO] Argument:329 - Argument : XferCpltCallbackvalue: null
2023-09-14 00:00:58,891 [INFO] Argument:319 - Argument : XferHalfCpltCallbackvalue: null
2023-09-14 00:00:58,891 [INFO] Argument:329 - Argument : XferHalfCpltCallbackvalue: null
2023-09-14 00:00:58,891 [INFO] Argument:319 - Argument : XferM1CpltCallbackvalue: null
2023-09-14 00:00:58,891 [INFO] Argument:329 - Argument : XferM1CpltCallbackvalue: null
2023-09-14 00:00:58,891 [INFO] Argument:319 - Argument : XferM1HalfCpltCallbackvalue: null
2023-09-14 00:00:58,891 [INFO] Argument:329 - Argument : XferM1HalfCpltCallbackvalue: null
2023-09-14 00:00:58,891 [INFO] Argument:319 - Argument : XferErrorCallbackvalue: null
2023-09-14 00:00:58,891 [INFO] Argument:329 - Argument : XferErrorCallbackvalue: null
2023-09-14 00:00:58,891 [INFO] Argument:319 - Argument : XferAbortCallbackvalue: null
2023-09-14 00:00:58,891 [INFO] Argument:329 - Argument : XferAbortCallbackvalue: null
2023-09-14 00:00:58,891 [INFO] Argument:319 - Argument : ErrorCodevalue: null
2023-09-14 00:00:58,891 [INFO] Argument:329 - Argument : ErrorCodevalue: null
2023-09-14 00:00:58,891 [INFO] Argument:319 - Argument : StreamBaseAddressvalue: null
2023-09-14 00:00:58,891 [INFO] Argument:329 - Argument : StreamBaseAddressvalue: null
2023-09-14 00:00:58,891 [INFO] Argument:319 - Argument : StreamIndexvalue: null
2023-09-14 00:00:58,891 [INFO] Argument:329 - Argument : StreamIndexvalue: null
2023-09-14 00:00:59,079 [INFO] CodeEngine:255 - oldGeneratedFile, /Users/jeffsnyder/dev/Electrosteel_embedded/Electrosteel_Daisy_Audio/MXTmpFiles/license.tmp_save
2023-09-14 00:00:59,177 [INFO] CodeEngine:279 - Generated code: /Users/jeffsnyder/dev/Electrosteel_embedded/Electrosteel_Daisy_Audio/MXTmpFiles/license.tmp
2023-09-14 00:00:59,566 [INFO] CodeEngine:255 - oldGeneratedFile, /Users/jeffsnyder/dev/Electrosteel_embedded/Electrosteel_Daisy_Audio/Core/Src/gpio.c_save
2023-09-14 00:00:59,626 [INFO] CodeEngine:279 - Generated code: /Users/jeffsnyder/dev/Electrosteel_embedded/Electrosteel_Daisy_Audio/Core/Src/gpio.c
2023-09-14 00:00:59,628 [INFO] CodeEngine:255 - oldGeneratedFile, /Users/jeffsnyder/dev/Electrosteel_embedded/Electrosteel_Daisy_Audio/Core/Inc/gpio.h_save
2023-09-14 00:00:59,678 [INFO] CodeEngine:279 - Generated code: /Users/jeffsnyder/dev/Electrosteel_embedded/Electrosteel_Daisy_Audio/Core/Inc/gpio.h
2023-09-14 00:01:00,117 [WARN] IPConfigManager:99 - WARNING: Missing Config File for DEBUG ip!!
2023-09-14 00:01:04,639 [INFO] CodeEngine:255 - oldGeneratedFile, /Users/jeffsnyder/dev/Electrosteel_embedded/Electrosteel_Daisy_Audio/MXTmpFiles/fatfs_HalInit.tmp_save
2023-09-14 00:01:04,697 [INFO] CodeEngine:279 - Generated code: /Users/jeffsnyder/dev/Electrosteel_embedded/Electrosteel_Daisy_Audio/MXTmpFiles/fatfs_HalInit.tmp
2023-09-14 00:01:04,699 [INFO] CodeEngine:255 - oldGeneratedFile, /Users/jeffsnyder/dev/Electrosteel_embedded/Electrosteel_Daisy_Audio/MXTmpFiles/fatfs_vars.tmp_save
2023-09-14 00:01:04,745 [INFO] CodeEngine:279 - Generated code: /Users/jeffsnyder/dev/Electrosteel_embedded/Electrosteel_Daisy_Audio/MXTmpFiles/fatfs_vars.tmp
2023-09-14 00:01:04,747 [INFO] CodeEngine:255 - oldGeneratedFile, /Users/jeffsnyder/dev/Electrosteel_embedded/Electrosteel_Daisy_Audio/MXTmpFiles/fatfs_ext_vars.tmp_save
2023-09-14 00:01:04,793 [INFO] CodeEngine:279 - Generated code: /Users/jeffsnyder/dev/Electrosteel_embedded/Electrosteel_Daisy_Audio/MXTmpFiles/fatfs_ext_vars.tmp
2023-09-14 00:01:04,795 [INFO] CodeEngine:255 - oldGeneratedFile, /Users/jeffsnyder/dev/Electrosteel_embedded/Electrosteel_Daisy_Audio/MXTmpFiles/fatfs_inc.tmp_save
2023-09-14 00:01:04,841 [INFO] CodeEngine:279 - Generated code: /Users/jeffsnyder/dev/Electrosteel_embedded/Electrosteel_Daisy_Audio/MXTmpFiles/fatfs_inc.tmp
2023-09-14 00:01:04,992 [INFO] CodeEngine:255 - oldGeneratedFile, /Users/jeffsnyder/dev/Electrosteel_embedded/Electrosteel_Daisy_Audio/Core/Src/bdma.c_save
2023-09-14 00:01:05,058 [INFO] CodeEngine:279 - Generated code: /Users/jeffsnyder/dev/Electrosteel_embedded/Electrosteel_Daisy_Audio/Core/Src/bdma.c
2023-09-14 00:01:05,060 [INFO] CodeEngine:255 - oldGeneratedFile, /Users/jeffsnyder/dev/Electrosteel_embedded/Electrosteel_Daisy_Audio/Core/Inc/bdma.h_save
2023-09-14 00:01:05,120 [INFO] CodeEngine:279 - Generated code: /Users/jeffsnyder/dev/Electrosteel_embedded/Electrosteel_Daisy_Audio/Core/Inc/bdma.h
2023-09-14 00:01:05,124 [INFO] CodeEngine:255 - oldGeneratedFile, /Users/jeffsnyder/dev/Electrosteel_embedded/Electrosteel_Daisy_Audio/MXTmpFiles/cortex.tmp_save
2023-09-14 00:01:05,198 [INFO] CodeEngine:279 - Generated code: /Users/jeffsnyder/dev/Electrosteel_embedded/Electrosteel_Daisy_Audio/MXTmpFiles/cortex.tmp
2023-09-14 00:01:05,581 [INFO] CodeEngine:255 - oldGeneratedFile, /Users/jeffsnyder/dev/Electrosteel_embedded/Electrosteel_Daisy_Audio/Core/Src/dma.c_save
2023-09-14 00:01:05,647 [INFO] CodeEngine:279 - Generated code: /Users/jeffsnyder/dev/Electrosteel_embedded/Electrosteel_Daisy_Audio/Core/Src/dma.c
2023-09-14 00:01:05,649 [INFO] CodeEngine:255 - oldGeneratedFile, /Users/jeffsnyder/dev/Electrosteel_embedded/Electrosteel_Daisy_Audio/Core/Inc/dma.h_save
2023-09-14 00:01:05,701 [INFO] CodeEngine:279 - Generated code: /Users/jeffsnyder/dev/Electrosteel_embedded/Electrosteel_Daisy_Audio/Core/Inc/dma.h
2023-09-14 00:01:05,706 [INFO] CodeEngine:255 - oldGeneratedFile, /Users/jeffsnyder/dev/Electrosteel_embedded/Electrosteel_Daisy_Audio/MXTmpFiles/fatfs_HalInit.tmp_save
2023-09-14 00:01:05,756 [INFO] CodeEngine:279 - Generated code: /Users/jeffsnyder/dev/Electrosteel_embedded/Electrosteel_Daisy_Audio/MXTmpFiles/fatfs_HalInit.tmp
2023-09-14 00:01:05,758 [INFO] CodeEngine:255 - oldGeneratedFile, /Users/jeffsnyder/dev/Electrosteel_embedded/Electrosteel_Daisy_Audio/MXTmpFiles/fatfs_vars.tmp_save
2023-09-14 00:01:05,809 [INFO] CodeEngine:279 - Generated code: /Users/jeffsnyder/dev/Electrosteel_embedded/Electrosteel_Daisy_Audio/MXTmpFiles/fatfs_vars.tmp
2023-09-14 00:01:05,811 [INFO] CodeEngine:255 - oldGeneratedFile, /Users/jeffsnyder/dev/Electrosteel_embedded/Electrosteel_Daisy_Audio/MXTmpFiles/fatfs_ext_vars.tmp_save
2023-09-14 00:01:05,859 [INFO] CodeEngine:279 - Generated code: /Users/jeffsnyder/dev/Electrosteel_embedded/Electrosteel_Daisy_Audio/MXTmpFiles/fatfs_ext_vars.tmp
2023-09-14 00:01:05,861 [INFO] CodeEngine:255 - oldGeneratedFile, /Users/jeffsnyder/dev/Electrosteel_embedded/Electrosteel_Daisy_Audio/MXTmpFiles/fatfs_inc.tmp_save
2023-09-14 00:01:05,910 [INFO] CodeEngine:279 - Generated code: /Users/jeffsnyder/dev/Electrosteel_embedded/Electrosteel_Daisy_Audio/MXTmpFiles/fatfs_inc.tmp
2023-09-14 00:01:05,912 [INFO] CodeEngine:255 - oldGeneratedFile, /Users/jeffsnyder/dev/Electrosteel_embedded/Electrosteel_Daisy_Audio/FATFS/Target/ffconf.h_save
2023-09-14 00:01:05,973 [INFO] CodeEngine:279 - Generated code: /Users/jeffsnyder/dev/Electrosteel_embedded/Electrosteel_Daisy_Audio/FATFS/Target/ffconf.h
2023-09-14 00:01:05,975 [INFO] CodeEngine:255 - oldGeneratedFile, /Users/jeffsnyder/dev/Electrosteel_embedded/Electrosteel_Daisy_Audio/FATFS/Target/bsp_driver_sd.c_save
2023-09-14 00:01:06,037 [INFO] CodeEngine:279 - Generated code: /Users/jeffsnyder/dev/Electrosteel_embedded/Electrosteel_Daisy_Audio/FATFS/Target/bsp_driver_sd.c
2023-09-14 00:01:06,040 [INFO] CodeEngine:255 - oldGeneratedFile, /Users/jeffsnyder/dev/Electrosteel_embedded/Electrosteel_Daisy_Audio/FATFS/Target/bsp_driver_sd.h_save
2023-09-14 00:01:06,092 [INFO] CodeEngine:279 - Generated code: /Users/jeffsnyder/dev/Electrosteel_embedded/Electrosteel_Daisy_Audio/FATFS/Target/bsp_driver_sd.h
2023-09-14 00:01:06,094 [INFO] CodeEngine:255 - oldGeneratedFile, /Users/jeffsnyder/dev/Electrosteel_embedded/Electrosteel_Daisy_Audio/FATFS/Target/sd_diskio.h_save
2023-09-14 00:01:06,146 [INFO] CodeEngine:279 - Generated code: /Users/jeffsnyder/dev/Electrosteel_embedded/Electrosteel_Daisy_Audio/FATFS/Target/sd_diskio.h
2023-09-14 00:01:06,149 [INFO] CodeEngine:255 - oldGeneratedFile, /Users/jeffsnyder/dev/Electrosteel_embedded/Electrosteel_Daisy_Audio/FATFS/Target/sd_diskio.c_save
2023-09-14 00:01:06,210 [INFO] CodeEngine:279 - Generated code: /Users/jeffsnyder/dev/Electrosteel_embedded/Electrosteel_Daisy_Audio/FATFS/Target/sd_diskio.c
2023-09-14 00:01:06,212 [INFO] CodeEngine:255 - oldGeneratedFile, /Users/jeffsnyder/dev/Electrosteel_embedded/Electrosteel_Daisy_Audio/FATFS/App/fatfs.c_save
2023-09-14 00:01:06,265 [INFO] CodeEngine:279 - Generated code: /Users/jeffsnyder/dev/Electrosteel_embedded/Electrosteel_Daisy_Audio/FATFS/App/fatfs.c
2023-09-14 00:01:06,267 [INFO] CodeEngine:255 - oldGeneratedFile, /Users/jeffsnyder/dev/Electrosteel_embedded/Electrosteel_Daisy_Audio/FATFS/App/fatfs.h_save
2023-09-14 00:01:06,321 [INFO] CodeEngine:279 - Generated code: /Users/jeffsnyder/dev/Electrosteel_embedded/Electrosteel_Daisy_Audio/FATFS/App/fatfs.h
2023-09-14 00:01:06,323 [INFO] CodeEngine:255 - oldGeneratedFile, /Users/jeffsnyder/dev/Electrosteel_embedded/Electrosteel_Daisy_Audio/FATFS/Target/fatfs_platform.c_save
2023-09-14 00:01:06,374 [INFO] CodeEngine:279 - Generated code: /Users/jeffsnyder/dev/Electrosteel_embedded/Electrosteel_Daisy_Audio/FATFS/Target/fatfs_platform.c
2023-09-14 00:01:06,376 [INFO] CodeEngine:255 - oldGeneratedFile, /Users/jeffsnyder/dev/Electrosteel_embedded/Electrosteel_Daisy_Audio/FATFS/Target/fatfs_platform.h_save
2023-09-14 00:01:06,425 [INFO] CodeEngine:279 - Generated code: /Users/jeffsnyder/dev/Electrosteel_embedded/Electrosteel_Daisy_Audio/FATFS/Target/fatfs_platform.h
2023-09-14 00:01:06,428 [INFO] CodeEngine:255 - oldGeneratedFile, /Users/jeffsnyder/dev/Electrosteel_embedded/Electrosteel_Daisy_Audio/Core/Src/fmc.c_save
2023-09-14 00:01:06,493 [INFO] CodeEngine:279 - Generated code: /Users/jeffsnyder/dev/Electrosteel_embedded/Electrosteel_Daisy_Audio/Core/Src/fmc.c
2023-09-14 00:01:06,496 [INFO] CodeEngine:255 - oldGeneratedFile, /Users/jeffsnyder/dev/Electrosteel_embedded/Electrosteel_Daisy_Audio/Core/Inc/fmc.h_save
2023-09-14 00:01:06,545 [INFO] CodeEngine:279 - Generated code: /Users/jeffsnyder/dev/Electrosteel_embedded/Electrosteel_Daisy_Audio/Core/Inc/fmc.h
2023-09-14 00:01:06,550 [INFO] CodeEngine:255 - oldGeneratedFile, /Users/jeffsnyder/dev/Electrosteel_embedded/Electrosteel_Daisy_Audio/Core/Src/i2c.c_save
2023-09-14 00:01:06,642 [INFO] CodeEngine:279 - Generated code: /Users/jeffsnyder/dev/Electrosteel_embedded/Electrosteel_Daisy_Audio/Core/Src/i2c.c
2023-09-14 00:01:06,645 [INFO] CodeEngine:255 - oldGeneratedFile, /Users/jeffsnyder/dev/Electrosteel_embedded/Electrosteel_Daisy_Audio/Core/Inc/i2c.h_save
2023-09-14 00:01:06,699 [INFO] CodeEngine:279 - Generated code: /Users/jeffsnyder/dev/Electrosteel_embedded/Electrosteel_Daisy_Audio/Core/Inc/i2c.h
2023-09-14 00:01:06,703 [INFO] CodeEngine:255 - oldGeneratedFile, /Users/jeffsnyder/dev/Electrosteel_embedded/Electrosteel_Daisy_Audio/Core/Src/rng.c_save
2023-09-14 00:01:06,773 [INFO] CodeEngine:279 - Generated code: /Users/jeffsnyder/dev/Electrosteel_embedded/Electrosteel_Daisy_Audio/Core/Src/rng.c
2023-09-14 00:01:06,775 [INFO] CodeEngine:255 - oldGeneratedFile, /Users/jeffsnyder/dev/Electrosteel_embedded/Electrosteel_Daisy_Audio/Core/Inc/rng.h_save
2023-09-14 00:01:06,823 [INFO] CodeEngine:279 - Generated code: /Users/jeffsnyder/dev/Electrosteel_embedded/Electrosteel_Daisy_Audio/Core/Inc/rng.h
2023-09-14 00:01:06,828 [INFO] CodeEngine:255 - oldGeneratedFile, /Users/jeffsnyder/dev/Electrosteel_embedded/Electrosteel_Daisy_Audio/Core/Src/sai.c_save
2023-09-14 00:01:06,888 [INFO] CodeEngine:279 - Generated code: /Users/jeffsnyder/dev/Electrosteel_embedded/Electrosteel_Daisy_Audio/Core/Src/sai.c
2023-09-14 00:01:06,890 [INFO] CodeEngine:255 - oldGeneratedFile, /Users/jeffsnyder/dev/Electrosteel_embedded/Electrosteel_Daisy_Audio/Core/Inc/sai.h_save
2023-09-14 00:01:06,939 [INFO] CodeEngine:279 - Generated code: /Users/jeffsnyder/dev/Electrosteel_embedded/Electrosteel_Daisy_Audio/Core/Inc/sai.h
2023-09-14 00:01:06,944 [INFO] CodeEngine:255 - oldGeneratedFile, /Users/jeffsnyder/dev/Electrosteel_embedded/Electrosteel_Daisy_Audio/Core/Src/sdmmc.c_save
2023-09-14 00:01:07,015 [INFO] CodeEngine:279 - Generated code: /Users/jeffsnyder/dev/Electrosteel_embedded/Electrosteel_Daisy_Audio/Core/Src/sdmmc.c
2023-09-14 00:01:07,017 [INFO] CodeEngine:255 - oldGeneratedFile, /Users/jeffsnyder/dev/Electrosteel_embedded/Electrosteel_Daisy_Audio/Core/Inc/sdmmc.h_save
2023-09-14 00:01:07,066 [INFO] CodeEngine:279 - Generated code: /Users/jeffsnyder/dev/Electrosteel_embedded/Electrosteel_Daisy_Audio/Core/Inc/sdmmc.h
2023-09-14 00:01:07,070 [INFO] CodeEngine:255 - oldGeneratedFile, /Users/jeffsnyder/dev/Electrosteel_embedded/Electrosteel_Daisy_Audio/Core/Src/spi.c_save
2023-09-14 00:01:07,151 [INFO] CodeEngine:279 - Generated code: /Users/jeffsnyder/dev/Electrosteel_embedded/Electrosteel_Daisy_Audio/Core/Src/spi.c
2023-09-14 00:01:07,154 [INFO] CodeEngine:255 - oldGeneratedFile, /Users/jeffsnyder/dev/Electrosteel_embedded/Electrosteel_Daisy_Audio/Core/Inc/spi.h_save
2023-09-14 00:01:07,207 [INFO] CodeEngine:279 - Generated code: /Users/jeffsnyder/dev/Electrosteel_embedded/Electrosteel_Daisy_Audio/Core/Inc/spi.h
2023-09-14 00:01:07,230 [INFO] CodeEngine:255 - oldGeneratedFile, /Users/jeffsnyder/dev/Electrosteel_embedded/Electrosteel_Daisy_Audio/Core/Src/stm32h7xx_it.c_save
2023-09-14 00:01:07,384 [INFO] CodeEngine:279 - Generated code: /Users/jeffsnyder/dev/Electrosteel_embedded/Electrosteel_Daisy_Audio/Core/Src/stm32h7xx_it.c
2023-09-14 00:01:07,387 [INFO] CodeEngine:255 - oldGeneratedFile, /Users/jeffsnyder/dev/Electrosteel_embedded/Electrosteel_Daisy_Audio/Core/Inc/stm32h7xx_it.h_save
2023-09-14 00:01:07,436 [INFO] CodeEngine:279 - Generated code: /Users/jeffsnyder/dev/Electrosteel_embedded/Electrosteel_Daisy_Audio/Core/Inc/stm32h7xx_it.h
2023-09-14 00:01:08,076 [INFO] CodeEngine:255 - oldGeneratedFile, /Users/jeffsnyder/dev/Electrosteel_embedded/Electrosteel_Daisy_Audio/Core/Src/stm32h7xx_hal_msp.c_save
2023-09-14 00:01:08,161 [INFO] CodeEngine:279 - Generated code: /Users/jeffsnyder/dev/Electrosteel_embedded/Electrosteel_Daisy_Audio/Core/Src/stm32h7xx_hal_msp.c
2023-09-14 00:01:08,163 [INFO] CodeEngine:255 - oldGeneratedFile, /Users/jeffsnyder/dev/Electrosteel_embedded/Electrosteel_Daisy_Audio/MXTmpFiles/system.tmp_save
2023-09-14 00:01:08,222 [INFO] CodeEngine:279 - Generated code: /Users/jeffsnyder/dev/Electrosteel_embedded/Electrosteel_Daisy_Audio/MXTmpFiles/system.tmp
2023-09-14 00:01:08,226 [INFO] CodeEngine:311 - oldGeneratedFile, /Users/jeffsnyder/dev/Electrosteel_embedded/Electrosteel_Daisy_Audio/Core/Inc/stm32h7xx_hal_conf.h_save
2023-09-14 00:01:08,288 [INFO] CodeEngine:335 - Generated code: /Users/jeffsnyder/dev/Electrosteel_embedded/Electrosteel_Daisy_Audio/Core/Inc/stm32h7xx_hal_conf.h
2023-09-14 00:01:08,333 [INFO] CodeEngine:255 - oldGeneratedFile, /Users/jeffsnyder/dev/Electrosteel_embedded/Electrosteel_Daisy_Audio/Core/Inc/main.h_save
2023-09-14 00:01:08,403 [INFO] CodeEngine:279 - Generated code: /Users/jeffsnyder/dev/Electrosteel_embedded/Electrosteel_Daisy_Audio/Core/Inc/main.h
2023-09-14 00:01:08,406 [INFO] CodeEngine:255 - oldGeneratedFile, /Users/jeffsnyder/dev/Electrosteel_embedded/Electrosteel_Daisy_Audio/Core/Src/main.c_save
2023-09-14 00:01:08,496 [INFO] CodeEngine:279 - Generated code: /Users/jeffsnyder/dev/Electrosteel_embedded/Electrosteel_Daisy_Audio/Core/Src/main.c
2023-09-14 00:01:09,111 [INFO] ProjectBuilder:3064 - Time for Copy HAL[1] : 168mS.
2023-09-14 00:01:09,115 [INFO] ProjectBuilder:4404 - Project Generator version: 4.1.0
2023-09-14 00:01:09,453 [INFO] ConfigFileManager:1457 - The Die is : DIE450
2023-09-14 00:01:11,275 [INFO] ProjectBuilder:4626 - Time for Generating toolchain IDE Files: 2160mS.
2023-09-14 00:01:11,276 [INFO] ProjectBuilder:2935 - Time for Copy CMSIS : 0mS.
2023-09-14 00:01:11,278 [INFO] ProjectBuilder:2935 - Time for Copy CMSIS : 0mS.
