2023-09-06 16:05:44,512 [ERROR] LogOutputStream:75 - [STDERR_REDIRECT] com.st.microxplorer.db.DbException: IP GPIO STM32H72_gpio_v1_0 refparameter referenced in RefMode but not declared as Refparameter 
2023-09-06 16:05:44,515 [ERROR] LogOutputStream:75 - [STDERR_REDIRECT] 	at com.st.microxplorer.db.ApiDbIP.getRefModes(ApiDbIP.java:1711)
2023-09-06 16:05:44,516 [ERROR] LogOutputStream:75 - [STDERR_REDIRECT] 	at com.st.microxplorer.db.ApiDbIP.getGpioService_from_IPModes(ApiDbIP.java:890)
2023-09-06 16:05:44,516 [ERROR] LogOutputStream:75 - [STDERR_REDIRECT] 	at com.st.microxplorer.db.ApiDbIP.load_IpModesDb(ApiDbIP.java:231)
2023-09-06 16:05:44,516 [ERROR] LogOutputStream:75 - [STDERR_REDIRECT] 	at com.st.microxplorer.db.ApiDbMcu.initMcu(ApiDbMcu.java:284)
2023-09-06 16:05:44,517 [ERROR] LogOutputStream:75 - [STDERR_REDIRECT] 	at com.st.microxplorer.mcu.Mcu.swingWorkerInitMcu(Mcu.java:1004)
2023-09-06 16:05:44,517 [ERROR] LogOutputStream:75 - [STDERR_REDIRECT] 	at com.st.microxplorer.util.ProcessBarDialog.performAction(ProcessBarDialog.java:89)
2023-09-06 16:05:44,517 [ERROR] LogOutputStream:75 - [STDERR_REDIRECT] 	at com.st.microxplorer.util.ProcessBarDialog.doAction(ProcessBarDialog.java:142)
2023-09-06 16:05:44,517 [ERROR] LogOutputStream:75 - [STDERR_REDIRECT] 	at com.st.microxplorer.mcu.Mcu.initMcu(Mcu.java:993)
2023-09-06 16:05:44,517 [ERROR] LogOutputStream:75 - [STDERR_REDIRECT] 	at com.st.microxplorer.mcu.Mcu.initializeNewMcu(Mcu.java:1966)
2023-09-06 16:05:44,518 [ERROR] LogOutputStream:75 - [STDERR_REDIRECT] 	at com.st.microxplorer.mxsystem.ProjectFactory.swingWorkerLoad(ProjectFactory.java:409)
2023-09-06 16:05:44,518 [ERROR] LogOutputStream:75 - [STDERR_REDIRECT] 	at com.st.microxplorer.util.ProcessBarDialog.performAction(ProcessBarDialog.java:86)
2023-09-06 16:05:44,518 [ERROR] LogOutputStream:75 - [STDERR_REDIRECT] 	at com.st.microxplorer.util.ProcessBarDialog$1.doInBackground(ProcessBarDialog.java:157)
2023-09-06 16:05:44,518 [ERROR] LogOutputStream:75 - [STDERR_REDIRECT] 	at com.st.microxplorer.util.ProcessBarDialog$1.doInBackground(ProcessBarDialog.java:154)
2023-09-06 16:05:44,518 [ERROR] LogOutputStream:75 - [STDERR_REDIRECT] 	at java.desktop/javax.swing.SwingWorker$1.call(SwingWorker.java:304)
2023-09-06 16:05:44,519 [ERROR] LogOutputStream:75 - [STDERR_REDIRECT] 	at java.base/java.util.concurrent.FutureTask.run(FutureTask.java:264)
2023-09-06 16:05:44,521 [ERROR] LogOutputStream:75 - [STDERR_REDIRECT] 	at java.desktop/javax.swing.SwingWorker.run(SwingWorker.java:343)
2023-09-06 16:05:44,521 [ERROR] LogOutputStream:75 - [STDERR_REDIRECT] 	at java.base/java.util.concurrent.ThreadPoolExecutor.runWorker(ThreadPoolExecutor.java:1136)
2023-09-06 16:05:44,521 [ERROR] LogOutputStream:75 - [STDERR_REDIRECT] 	at java.base/java.util.concurrent.ThreadPoolExecutor$Worker.run(ThreadPoolExecutor.java:635)
2023-09-06 16:05:44,522 [ERROR] LogOutputStream:75 - [STDERR_REDIRECT] 	at java.base/java.lang.Thread.run(Thread.java:833)
2023-09-06 16:09:03,993 [INFO] LogOutputStream:77 - [STDOUT_REDIRECT] 
