2023-11-08 10:21:18,906 [INFO] Activator:176 - 


2023-11-08 10:21:18,912 [INFO] Activator:177 - !SESSION log4j initialized
2023-11-08 10:21:23,074 [ERROR] LogOutputStream:75 - [STDERR_REDIRECT] 
2023-11-08 10:21:23,841 [INFO] LogOutputStream:77 - [STDOUT_REDIRECT] 
2023-11-08 10:21:25,302 [INFO] LogOutputStream:77 - [STDOUT_REDIRECT] 
2023-11-08 10:21:27,019 [INFO] ApplicationProperties:184 - Using Application install path: /Applications/STM32CubeIDE.app/Contents/Eclipse/plugins/com.st.stm32cube.common.mx_6.9.1.202307191849
2023-11-08 10:21:27,038 [INFO] DbMcusXml:78 - Set database path to: /Applications/STM32CubeIDE.app/Contents/Eclipse/plugins/com.st.stm32cube.common.mx_6.9.1.202307191849//db//mcu/
2023-11-08 10:21:27,038 [INFO] ApiDb:274 - Set plugin database path to: /Applications/STM32CubeIDE.app/Contents/Eclipse/plugins/com.st.stm32cube.common.mx_6.9.1.202307191849//db//plugins/boardmanager/
2023-11-08 10:21:27,038 [WARN] ApiDb:259 - Overriding images path with different value:  => /Applications/STM32CubeIDE.app/Contents/Eclipse/plugins/com.st.stm32cube.common.mx_6.9.1.202307191849//db//plugins/mcufinder/images/
2023-11-08 10:21:27,050 [INFO] ApiDb:250 - Set database path to: /Users/jeffsnyder/.stmcufinder/plugins/mcufinder//mcu/
2023-11-08 10:21:27,052 [INFO] DbMcusAds:125 - Set database path to: /Users/jeffsnyder/.stmcufinder/plugins/mcufinder//mcu/
2023-11-08 10:21:27,055 [INFO] CrossReferenceDbSqlite:203 - Set database path to: /Users/jeffsnyder/.stmcufinder/plugins/mcufinder//mcu/cs/
2023-11-08 10:21:27,182 [INFO] RulesReader:64 - Compatibility file has been processed (293 Rules)
2023-11-08 10:21:27,262 [INFO] DbMcusXml:78 - Set database path to: /Applications/STM32CubeIDE.app/Contents/Eclipse/plugins/com.st.stm32cube.common.mx_6.9.1.202307191849//db//mcu/
2023-11-08 10:21:27,262 [INFO] ApiDb:274 - Set plugin database path to: /Applications/STM32CubeIDE.app/Contents/Eclipse/plugins/com.st.stm32cube.common.mx_6.9.1.202307191849//db//plugins/boardmanager/
2023-11-08 10:21:27,263 [INFO] ApiDb:261 - Set plugin images path to: /Applications/STM32CubeIDE.app/Contents/Eclipse/plugins/com.st.stm32cube.common.mx_6.9.1.202307191849//db//plugins/mcufinder/images/
2023-11-08 10:21:27,263 [WARN] DbFile:41 - Overriding database path with different value: /Users/jeffsnyder/.stmcufinder/plugins/mcufinder/ => /Users/jeffsnyder/.stmcufinder/plugins/mcufinder
2023-11-08 10:21:27,263 [INFO] ApiDb:250 - Set database path to: /Users/jeffsnyder/.stmcufinder/plugins/mcufinder//mcu/
2023-11-08 10:21:27,263 [WARN] DbFile:41 - Overriding database path with different value: /Users/jeffsnyder/.stmcufinder/plugins/mcufinder/ => /Users/jeffsnyder/.stmcufinder/plugins/mcufinder
2023-11-08 10:21:27,263 [INFO] DbMcusAds:125 - Set database path to: /Users/jeffsnyder/.stmcufinder/plugins/mcufinder//mcu/
2023-11-08 10:21:27,263 [WARN] DbFile:41 - Overriding database path with different value: /Users/jeffsnyder/.stmcufinder/plugins/mcufinder/ => /Users/jeffsnyder/.stmcufinder/plugins/mcufinder
2023-11-08 10:21:27,263 [WARN] DbFile:41 - Overriding database path with different value: /Users/jeffsnyder/.stmcufinder/plugins/mcufinder/ => /Users/jeffsnyder/.stmcufinder/plugins/mcufinder
2023-11-08 10:21:27,263 [INFO] CrossReferenceDbSqlite:203 - Set database path to: /Users/jeffsnyder/.stmcufinder/plugins/mcufinder//mcu/cs/
2023-11-08 10:21:27,345 [INFO] MainPanel:262 - HeapMemory: 268435456
2023-11-08 10:21:27,452 [INFO] DbMcusXml:78 - Set database path to: /Applications/STM32CubeIDE.app/Contents/Eclipse/plugins/com.st.stm32cube.common.mx_6.9.1.202307191849//db//mcu/
2023-11-08 10:21:27,453 [INFO] ApiDb:274 - Set plugin database path to: /Applications/STM32CubeIDE.app/Contents/Eclipse/plugins/com.st.stm32cube.common.mx_6.9.1.202307191849//db//plugins/boardmanager/
2023-11-08 10:21:27,453 [INFO] ApiDb:261 - Set plugin images path to: /Applications/STM32CubeIDE.app/Contents/Eclipse/plugins/com.st.stm32cube.common.mx_6.9.1.202307191849//db//plugins/mcufinder/images/
2023-11-08 10:21:27,453 [WARN] DbFile:41 - Overriding database path with different value: /Users/jeffsnyder/.stmcufinder/plugins/mcufinder/ => /Users/jeffsnyder/.stmcufinder/plugins/mcufinder
2023-11-08 10:21:27,453 [INFO] ApiDb:250 - Set database path to: /Users/jeffsnyder/.stmcufinder/plugins/mcufinder//mcu/
2023-11-08 10:21:27,453 [WARN] DbFile:41 - Overriding database path with different value: /Users/jeffsnyder/.stmcufinder/plugins/mcufinder/ => /Users/jeffsnyder/.stmcufinder/plugins/mcufinder
2023-11-08 10:21:27,454 [INFO] DbMcusAds:125 - Set database path to: /Users/jeffsnyder/.stmcufinder/plugins/mcufinder//mcu/
2023-11-08 10:21:27,454 [WARN] DbFile:41 - Overriding database path with different value: /Users/jeffsnyder/.stmcufinder/plugins/mcufinder/ => /Users/jeffsnyder/.stmcufinder/plugins/mcufinder
2023-11-08 10:21:27,454 [WARN] DbFile:41 - Overriding database path with different value: /Users/jeffsnyder/.stmcufinder/plugins/mcufinder/ => /Users/jeffsnyder/.stmcufinder/plugins/mcufinder
2023-11-08 10:21:27,454 [INFO] CrossReferenceDbSqlite:203 - Set database path to: /Users/jeffsnyder/.stmcufinder/plugins/mcufinder//mcu/cs/
2023-11-08 10:21:27,472 [INFO] ApplicationProperties:184 - Using Application install path: /Applications/STM32CubeIDE.app/Contents/Eclipse/plugins/com.st.stm32cube.common.mx_6.9.1.202307191849
2023-11-08 10:21:27,473 [INFO] PluginManage:196 - Search for loadable plugins [exclusion list=, ]
2023-11-08 10:21:27,475 [INFO] PluginManage:310 - Check plugin analytics
2023-11-08 10:21:27,646 [INFO] AnalyticsPlugin:253 - Accepted Software Licenses: STM32CubeMX.6.8.1
2023-11-08 10:21:27,647 [INFO] AnalyticsPlugin:255 - Accepted CMSIS Pack Licenses: 
2023-11-08 10:21:27,647 [INFO] AnalyticsPlugin:257 - Accepted Firmware Licenses: FW.H7.1.11.0
2023-11-08 10:21:27,649 [INFO] PluginManage:359 - Loaded plugin analytics (category:tool,tabindex:-1)
2023-11-08 10:21:27,650 [INFO] PluginManage:310 - Check plugin cadmodel
2023-11-08 10:21:28,485 [INFO] CADModel:105 - Init CAD model plugin
2023-11-08 10:21:28,485 [INFO] PluginManage:359 - Loaded plugin cadmodel (category:power,tabindex:5)
2023-11-08 10:21:28,486 [INFO] PluginManage:310 - Check plugin clock
2023-11-08 10:21:28,498 [INFO] PluginManage:359 - Loaded plugin clock (category:base,tabindex:2)
2023-11-08 10:21:28,499 [INFO] PluginManage:310 - Check plugin ddr
2023-11-08 10:21:28,502 [INFO] PluginManage:359 - Loaded plugin ddr (category:tool,tabindex:6)
2023-11-08 10:21:28,503 [INFO] PluginManage:310 - Check plugin filemanager
2023-11-08 10:21:28,654 [INFO] PluginManage:359 - Loaded plugin filemanager (category:base,tabindex:10)
2023-11-08 10:21:28,654 [INFO] PluginManage:310 - Check plugin ipmanager
2023-11-08 10:21:28,661 [INFO] PluginManage:359 - Loaded plugin ipmanager (category:base,tabindex:5)
2023-11-08 10:21:28,661 [INFO] PluginManage:310 - Check plugin lpbam
2023-11-08 10:21:28,672 [INFO] PluginManage:359 - Loaded plugin lpbam (category:base,tabindex:0)
2023-11-08 10:21:28,672 [INFO] PluginManage:310 - Check plugin memorymap
2023-11-08 10:21:28,693 [INFO] PluginManage:359 - Loaded plugin memorymap (category:base,tabindex:4)
2023-11-08 10:21:28,693 [INFO] PluginManage:310 - Check plugin pinoutandconfiguration
2023-11-08 10:21:28,704 [INFO] PluginManage:359 - Loaded plugin pinoutandconfiguration (category:base,tabindex:1)
2023-11-08 10:21:28,705 [INFO] PluginManage:310 - Check plugin pinoutconfig
2023-11-08 10:21:28,812 [WARN] SupportedApi:132 - Cannot load RTOS API schema: s4s-elt-must-match.1: The content of 'definitions' must match (annotation?, (simpleType | complexType)?, (unique | key | keyref)*)). A problem was found starting at: attribute.
2023-11-08 10:21:29,088 [INFO] PluginManage:359 - Loaded plugin pinoutconfig (category:base,tabindex:0)
2023-11-08 10:21:29,088 [INFO] PluginManage:310 - Check plugin power
2023-11-08 10:21:29,104 [INFO] PluginManage:359 - Loaded plugin power (category:power,tabindex:4)
2023-11-08 10:21:29,105 [INFO] PluginManage:310 - Check plugin projectmanager
2023-11-08 10:21:29,134 [INFO] PluginManage:359 - Loaded plugin projectmanager (category:projectmanager,tabindex:3)
2023-11-08 10:21:29,134 [INFO] PluginManage:310 - Check plugin thirdparty
2023-11-08 10:21:29,334 [INFO] PluginManage:359 - Loaded plugin thirdparty (category:base,tabindex:-1)
2023-11-08 10:21:29,334 [WARN] IntegrityCheckThread:84 - waiting for thirdparty lock release [integrity check]
2023-11-08 10:21:29,335 [INFO] IntegrityCheckThread:86 - entering critical section [integrity check]
2023-11-08 10:21:29,335 [INFO] PluginManage:310 - Check plugin tools
2023-11-08 10:21:29,335 [INFO] ThirdPartyUpdaterWithRetryManager:70 - Updater plugin not ready yet. [1/15]
2023-11-08 10:21:29,338 [INFO] PluginManage:359 - Loaded plugin tools (category:base,tabindex:7)
2023-11-08 10:21:29,338 [INFO] PluginManage:310 - Check plugin tutovideos
2023-11-08 10:21:29,807 [INFO] PluginManage:359 - Loaded plugin tutovideos (category:base,tabindex:-1)
2023-11-08 10:21:29,807 [INFO] PluginManage:310 - Check plugin updater
2023-11-08 10:21:29,822 [INFO] PluginManage:359 - Loaded plugin updater (category:base,tabindex:12)
2023-11-08 10:21:29,822 [INFO] PluginManage:310 - Check plugin userauth
2023-11-08 10:21:29,893 [INFO] UserAuth:113 - Init User Auth plugin
2023-11-08 10:21:29,894 [INFO] PluginManage:359 - Loaded plugin userauth (category:base,tabindex:14)
2023-11-08 10:21:29,895 [INFO] PluginManage:283 - PluginManage : Loaded plugins [17]
2023-11-08 10:21:30,363 [INFO] PinOutPanel:1499 - setPackage(No Configuration,No Configuration)
2023-11-08 10:21:30,480 [INFO] CADModel:165 - CPN selected for project level
2023-11-08 10:21:30,480 [INFO] CADModel:114 - Register for checkConnection events
2023-11-08 10:21:30,495 [INFO] IPUIPlugin:80 - create IPUIPlugin
2023-11-08 10:21:30,496 [INFO] PluginManager:220 - loadIPPluginJar : add mdma
2023-11-08 10:21:30,504 [INFO] IPUIPlugin:80 - create IPUIPlugin
2023-11-08 10:21:30,504 [INFO] PluginManager:220 - loadIPPluginJar : add freertos
2023-11-08 10:21:30,510 [INFO] IPUIPlugin:80 - create IPUIPlugin
2023-11-08 10:21:30,511 [INFO] PluginManager:220 - loadIPPluginJar : add gic
2023-11-08 10:21:30,521 [INFO] IPUIPlugin:80 - create IPUIPlugin
2023-11-08 10:21:30,521 [INFO] PluginManager:220 - loadIPPluginJar : add adc
2023-11-08 10:21:30,524 [INFO] IPUIPlugin:80 - create IPUIPlugin
2023-11-08 10:21:30,524 [INFO] PluginManager:220 - loadIPPluginJar : add gtzc
2023-11-08 10:21:30,526 [INFO] IPUIPlugin:80 - create IPUIPlugin
2023-11-08 10:21:30,526 [INFO] PluginManager:220 - loadIPPluginJar : add quadspi
2023-11-08 10:21:30,529 [INFO] IPUIPlugin:80 - create IPUIPlugin
2023-11-08 10:21:30,529 [INFO] PluginManager:220 - loadIPPluginJar : add aes
2023-11-08 10:21:30,533 [INFO] IPUIPlugin:80 - create IPUIPlugin
2023-11-08 10:21:30,533 [INFO] PluginManager:220 - loadIPPluginJar : add pdm2pcm
2023-11-08 10:21:30,535 [INFO] IPUIPlugin:80 - create IPUIPlugin
2023-11-08 10:21:30,535 [INFO] PluginManager:220 - loadIPPluginJar : add hash
2023-11-08 10:21:30,537 [INFO] IPUIPlugin:80 - create IPUIPlugin
2023-11-08 10:21:30,538 [INFO] PluginManager:220 - loadIPPluginJar : add tim
2023-11-08 10:21:30,539 [INFO] IPUIPlugin:80 - create IPUIPlugin
2023-11-08 10:21:30,540 [INFO] PluginManager:220 - loadIPPluginJar : add tsc
2023-11-08 10:21:30,542 [INFO] IPUIPlugin:80 - create IPUIPlugin
2023-11-08 10:21:30,542 [INFO] PluginManager:220 - loadIPPluginJar : add ts
2023-11-08 10:21:30,545 [INFO] IPUIPlugin:80 - create IPUIPlugin
2023-11-08 10:21:30,545 [INFO] PluginManager:220 - loadIPPluginJar : add can
2023-11-08 10:21:30,548 [INFO] IPUIPlugin:80 - create IPUIPlugin
2023-11-08 10:21:30,548 [INFO] PluginManager:220 - loadIPPluginJar : add dma3
2023-11-08 10:21:30,550 [INFO] IPUIPlugin:80 - create IPUIPlugin
2023-11-08 10:21:30,551 [INFO] PluginManager:220 - loadIPPluginJar : add dfsdm
2023-11-08 10:21:30,553 [INFO] IPUIPlugin:80 - create IPUIPlugin
2023-11-08 10:21:30,553 [INFO] PluginManager:220 - loadIPPluginJar : add spi
2023-11-08 10:21:30,556 [INFO] IPUIPlugin:80 - create IPUIPlugin
2023-11-08 10:21:30,556 [INFO] PluginManager:220 - loadIPPluginJar : add gfxmmu
2023-11-08 10:21:30,558 [INFO] IPUIPlugin:80 - create IPUIPlugin
2023-11-08 10:21:30,558 [INFO] PluginManager:220 - loadIPPluginJar : add genericplugin
2023-11-08 10:21:30,560 [INFO] IPUIPlugin:80 - create IPUIPlugin
2023-11-08 10:21:30,560 [INFO] PluginManager:220 - loadIPPluginJar : add cryp
2023-11-08 10:21:30,565 [INFO] IPUIPlugin:80 - create IPUIPlugin
2023-11-08 10:21:30,565 [INFO] PluginManager:220 - loadIPPluginJar : add gpio
2023-11-08 10:21:30,567 [INFO] IPUIPlugin:80 - create IPUIPlugin
2023-11-08 10:21:30,568 [INFO] PluginManager:220 - loadIPPluginJar : add comp
2023-11-08 10:21:30,570 [INFO] IPUIPlugin:80 - create IPUIPlugin
2023-11-08 10:21:30,570 [INFO] PluginManager:220 - loadIPPluginJar : add tracer_emb
2023-11-08 10:21:30,573 [INFO] IPUIPlugin:80 - create IPUIPlugin
2023-11-08 10:21:30,574 [INFO] PluginManager:220 - loadIPPluginJar : add openamp
2023-11-08 10:21:30,579 [INFO] IPUIPlugin:80 - create IPUIPlugin
2023-11-08 10:21:30,579 [INFO] PluginManager:220 - loadIPPluginJar : add stm32_wpan
2023-11-08 10:21:30,587 [INFO] IPUIPlugin:80 - create IPUIPlugin
2023-11-08 10:21:30,591 [INFO] PluginManager:220 - loadIPPluginJar : add plateformsettings
2023-11-08 10:21:30,596 [INFO] IPUIPlugin:80 - create IPUIPlugin
2023-11-08 10:21:30,596 [INFO] PluginManager:220 - loadIPPluginJar : add ipddr
2023-11-08 10:21:30,599 [INFO] IPUIPlugin:80 - create IPUIPlugin
2023-11-08 10:21:30,599 [INFO] PluginManager:220 - loadIPPluginJar : add usart
2023-11-08 10:21:30,600 [INFO] IPUIPlugin:80 - create IPUIPlugin
2023-11-08 10:21:30,600 [INFO] PluginManager:220 - loadIPPluginJar : add ltdc
2023-11-08 10:21:30,605 [INFO] IPUIPlugin:80 - create IPUIPlugin
2023-11-08 10:21:30,605 [INFO] PluginManager:220 - loadIPPluginJar : add nvic
2023-11-08 10:21:30,607 [INFO] IPUIPlugin:80 - create IPUIPlugin
2023-11-08 10:21:30,607 [INFO] PluginManager:220 - loadIPPluginJar : add fatfs
2023-11-08 10:21:30,616 [INFO] IPUIPlugin:80 - create IPUIPlugin
2023-11-08 10:21:30,616 [INFO] PluginManager:220 - loadIPPluginJar : add linkedlist
2023-11-08 10:21:30,622 [INFO] IPUIPlugin:80 - create IPUIPlugin
2023-11-08 10:21:30,623 [INFO] PluginManager:220 - loadIPPluginJar : add dma
2023-11-08 10:21:30,628 [INFO] IPUIPlugin:80 - create IPUIPlugin
2023-11-08 10:21:30,629 [INFO] PluginManager:220 - loadIPPluginJar : add fmc
2023-11-08 10:21:30,632 [INFO] IPUIPlugin:80 - create IPUIPlugin
2023-11-08 10:21:30,632 [INFO] PluginManager:220 - loadIPPluginJar : add i2s
2023-11-08 10:21:30,634 [INFO] IPUIPlugin:80 - create IPUIPlugin
2023-11-08 10:21:30,634 [INFO] PluginManager:220 - loadIPPluginJar : add ucpd
2023-11-08 10:21:30,638 [INFO] IPUIPlugin:80 - create IPUIPlugin
2023-11-08 10:21:30,638 [INFO] PluginManager:220 - loadIPPluginJar : add lorawan
2023-11-08 10:21:30,642 [INFO] IPUIPlugin:80 - create IPUIPlugin
2023-11-08 10:21:30,642 [INFO] PluginManager:220 - loadIPPluginJar : add opamp
2023-11-08 10:21:30,645 [INFO] IPUIPlugin:80 - create IPUIPlugin
2023-11-08 10:21:30,645 [INFO] PluginManager:220 - loadIPPluginJar : add i3c
2023-11-08 10:21:30,648 [INFO] IPUIPlugin:80 - create IPUIPlugin
2023-11-08 10:21:30,649 [INFO] PluginManager:220 - loadIPPluginJar : add touchsensing
2023-11-08 10:21:30,651 [INFO] IPUIPlugin:80 - create IPUIPlugin
2023-11-08 10:21:30,651 [INFO] PluginManager:220 - loadIPPluginJar : add i2c
2023-11-08 10:21:30,655 [INFO] IPUIPlugin:80 - create IPUIPlugin
2023-11-08 10:21:30,655 [INFO] PluginManager:220 - loadIPPluginJar : add resmgrutility
2023-11-08 10:21:30,660 [INFO] IPUIPlugin:80 - create IPUIPlugin
2023-11-08 10:21:30,660 [INFO] PluginManager:220 - loadIPPluginJar : add sai
2023-11-08 10:21:30,663 [INFO] IPUIPlugin:80 - create IPUIPlugin
2023-11-08 10:21:30,663 [INFO] PluginManager:220 - loadIPPluginJar : add usbx
2023-11-08 10:21:30,774 [INFO] CADModel:165 - CPN selected for project level
2023-11-08 10:21:30,774 [INFO] CADModel:114 - Register for checkConnection events
2023-11-08 10:21:30,775 [FATAL] Updater:308 - Updater called before beeing initialized
2023-11-08 10:21:30,775 [ERROR] CADModel:125 - Updater not yet initialized, retry later 
2023-11-08 10:21:31,060 [INFO] CADModel:165 - CPN selected for project level
2023-11-08 10:21:31,060 [INFO] CADModel:114 - Register for checkConnection events
2023-11-08 10:21:31,060 [FATAL] Updater:308 - Updater called before beeing initialized
2023-11-08 10:21:31,060 [ERROR] CADModel:125 - Updater not yet initialized, retry later 
2023-11-08 10:21:31,064 [FATAL] Updater:308 - Updater called before beeing initialized
2023-11-08 10:21:31,154 [FATAL] Updater:308 - Updater called before beeing initialized
2023-11-08 10:21:31,161 [INFO] DbMcusAds:53 - JSON generation date=Thu Sep 30 02:55:09 EDT 2021 (1632984909247)
2023-11-08 10:21:31,161 [FATAL] Updater:308 - Updater called before beeing initialized
2023-11-08 10:21:31,316 [WARN] DetailPanel:346 - Failed to get advertising image, set to default
2023-11-08 10:21:31,411 [FATAL] Updater:308 - Updater called before beeing initialized
2023-11-08 10:21:31,413 [FATAL] Updater:308 - Updater called before beeing initialized
2023-11-08 10:21:31,413 [FATAL] Updater:308 - Updater called before beeing initialized
2023-11-08 10:21:31,413 [WARN] DetailPanel:346 - Failed to get advertising image, set to default
2023-11-08 10:21:31,414 [FATAL] Updater:308 - Updater called before beeing initialized
2023-11-08 10:21:31,441 [ERROR] Updater:1120 - MainUpdater not yet initialized. External WinMGr cannot be set.
2023-11-08 10:21:31,462 [INFO] Updater:1056 - Updater Version found : 6.9.1
2023-11-08 10:21:31,484 [INFO] ApplicationProperties:184 - Using Application install path: /Applications/STM32CubeIDE.app/Contents/Eclipse/plugins/com.st.stm32cube.common.mx_6.9.1.202307191849
2023-11-08 10:21:31,796 [INFO] MainUpdater:2868 - connection check result : 10
2023-11-08 10:21:31,796 [INFO] MainUpdater:3562 - Updater definition file requires update
2023-11-08 10:21:31,796 [INFO] MainUpdater:285 - Updater Check For Update Now.
2023-11-08 10:21:31,797 [INFO] MicroXplorer:498 - Change Database Version : DB.6.0.91
2023-11-08 10:21:31,807 [INFO] McuFinderGlobals:63 - Set McuFinder mode to 2 (CubeIDE integrated)
2023-11-08 10:21:31,807 [INFO] UserAuth:179 - activating auth plugin
2023-11-08 10:21:31,810 [INFO] UserAuth:393 - Internet connection configuration mode: 1
2023-11-08 10:21:31,824 [INFO] ServerAccessManage:473 - Download File updaters.zip
2023-11-08 10:21:31,827 [INFO] JxBrowserEngine:151 - Initiate JxBrowser Engine with user profile folder
2023-11-08 10:21:31,885 [INFO] FileExtend:240 - Unzip File : updaters.zip
2023-11-08 10:21:31,885 [INFO] FileExtend:255 - Standard Zip Deflate
2023-11-08 10:21:32,102 [INFO] ServerAccessManage:473 - Download File PacksControlFlags.xml
2023-11-08 10:21:32,196 [INFO] ServerAccessManage:473 - Download File cubemx.pidx
2023-11-08 10:21:32,290 [INFO] LoadServerUpdatesThread:373 - End of LoadServerUpdate Thread
2023-11-08 10:21:32,340 [WARN] MainUpdater:1189 - Updater busy. Cannot search thirdparties
2023-11-08 10:21:32,340 [INFO] ThirdPartyUpdaterWithRetryManager:96 - Updater plugin is busy. [1/15]
2023-11-08 10:21:32,451 [INFO] CheckServerUpdateThread:120 - End of CheckServer Thread
2023-11-08 10:21:33,564 [INFO] WebApp:157 - Instantiating new browser for Auth
2023-11-08 10:21:34,524 [INFO] WebApp:753 - Register for checkConnection events
2023-11-08 10:21:34,524 [INFO] WebApp:390 - Apply proxy settings
2023-11-08 10:21:34,526 [INFO] WebApp:455 - Chromium authenticates against System proxy
2023-11-08 10:21:34,765 [INFO] WebApp:188 - Starting web application
2023-11-08 10:21:34,765 [INFO] WebApp:520 - Web application path used /Applications/STM32CubeIDE.app/Contents/Eclipse/plugins/com.st.stm32cube.common.mx_6.9.1.202307191849/db/plugins/mcufinder/reactClient1/index.html
2023-11-08 10:21:35,469 [WARN] PackLoader:240 - Cannot read IP mode file for STMicroelectronics.X-CUBE-SMBUS.2.1.0
2023-11-08 10:21:35,530 [WARN] PackLoader:240 - Cannot read IP mode file for STMicroelectronics.X-CUBE-MEMS1.9.2.0
2023-11-08 10:21:35,686 [WARN] PackLoader:240 - Cannot read IP mode file for STMicroelectronics.X-CUBE-AZRTOS-F7.1.1.0
2023-11-08 10:21:35,694 [ERROR] RealEvaluatedCondition:428 - Found unsupported composite condition: GROUP='STM32_MetaDataManager' CLASS='Data Exchange'
2023-11-08 10:21:35,694 [ERROR] RealEvaluatedCondition:428 - Found unsupported composite condition: GROUP='STM32_MetaDataManager' CLASS='Data Exchange'
2023-11-08 10:21:35,695 [WARN] PackLoader:240 - Cannot read IP mode file for STMicroelectronics.FP-SNS-MOTENV1.4.3.0
2023-11-08 10:21:35,701 [WARN] PackLoader:240 - Cannot read IP mode file for STMicroelectronics.FP-SNS-MOTENV1.4.3.2
2023-11-08 10:21:35,705 [WARN] PackLoader:240 - Cannot read IP mode file for STMicroelectronics.FP-SNS-FLIGHT1.5.0.0
2023-11-08 10:21:35,708 [ERROR] RealEvaluatedCondition:428 - Found unsupported composite condition: GROUP='STM32_MetaDataManager' CLASS='Data Exchange'
2023-11-08 10:21:35,709 [ERROR] RealEvaluatedCondition:428 - Found unsupported composite condition: CLASS='Data Exchange' GROUP='STM32_MetaDataManager'
2023-11-08 10:21:35,710 [WARN] PackLoader:240 - Cannot read IP mode file for STMicroelectronics.FP-SNS-MOTENV1.4.3.1
2023-11-08 10:21:35,714 [WARN] PackLoader:240 - Cannot read IP mode file for STMicroelectronics.FP-SNS-FLIGHT1.5.0.1
2023-11-08 10:21:35,718 [WARN] PackLoader:240 - Cannot read IP mode file for STMicroelectronics.X-CUBE-BLE1.6.2.3
2023-11-08 10:21:35,723 [WARN] PackLoader:240 - Cannot read IP mode file for STMicroelectronics.X-CUBE-BLE1.6.2.4
2023-11-08 10:21:35,727 [WARN] PackLoader:240 - Cannot read IP mode file for STMicroelectronics.FP-SNS-FLIGHT1.5.0.2
2023-11-08 10:21:35,735 [WARN] PackLoader:240 - Cannot read IP mode file for STMicroelectronics.X-CUBE-TOF1.3.1.0
2023-11-08 10:21:35,746 [WARN] PackLoader:240 - Cannot read IP mode file for STMicroelectronics.X-CUBE-DISPLAY.3.0.0
2023-11-08 10:21:35,753 [WARN] PackLoader:240 - Cannot read IP mode file for STMicroelectronics.X-CUBE-BLE1.7.0.0
2023-11-08 10:21:35,758 [WARN] PackLoader:240 - Cannot read IP mode file for STMicroelectronics.X-CUBE-TOUCHGFX.4.22.0
2023-11-08 10:21:35,761 [WARN] PackLoader:240 - Cannot read IP mode file for STMicroelectronics.X-CUBE-TOUCHGFX.4.22.1
2023-11-08 10:21:35,796 [WARN] PackLoader:240 - Cannot read IP mode file for STMicroelectronics.X-CUBE-MEMS1.9.3.0
2023-11-08 10:21:35,894 [WARN] PackLoader:240 - Cannot read IP mode file for STMicroelectronics.X-CUBE-AI.7.2.0
2023-11-08 10:21:35,897 [WARN] PackLoader:240 - Cannot read IP mode file for STMicroelectronics.FP-SNS-SMARTAG2.1.2.0
2023-11-08 10:21:35,905 [INFO] LogOutputStream:77 - [STDOUT_REDIRECT] 1 : Invalid condition id : UX_CORESTACK_Condition cause : null
2023-11-08 10:21:35,905 [INFO] LogOutputStream:77 - [STDOUT_REDIRECT] 1 : Invalid condition id : UX_CORESTACK_Condition cause : null
2023-11-08 10:21:35,905 [INFO] LogOutputStream:77 - [STDOUT_REDIRECT] 1 : Invalid condition id : UX_CORESTACK_Condition cause : null
2023-11-08 10:21:35,906 [INFO] LogOutputStream:77 - [STDOUT_REDIRECT] 1 : Invalid condition id : UX_CORESTACK_Condition cause : null
2023-11-08 10:21:35,906 [INFO] LogOutputStream:77 - [STDOUT_REDIRECT] 1 : Invalid condition id : UX_CORESTACK_Condition cause : null
2023-11-08 10:21:35,909 [WARN] PackLoader:240 - Cannot read IP mode file for STMicroelectronics.X-CUBE-AZRTOS-WL.2.0.0
2023-11-08 10:21:35,915 [WARN] PackLoader:240 - Cannot read IP mode file for WES.I-CUBE-Cesium.1.3.0
2023-11-08 10:21:35,918 [WARN] PackLoader:240 - Cannot read IP mode file for STMicroelectronics.X-CUBE-BLE2.3.3.0
2023-11-08 10:21:35,922 [WARN] PackLoader:240 - Cannot read IP mode file for STMicroelectronics.X-CUBE-DISPLAY.2.2.0
2023-11-08 10:21:35,931 [WARN] PackLoader:240 - Cannot read IP mode file for STMicroelectronics.X-CUBE-TOF1.3.2.0
2023-11-08 10:21:35,937 [WARN] PackLoader:240 - Cannot read IP mode file for STMicroelectronics.X-CUBE-ISPU.1.0.0
2023-11-08 10:21:35,954 [WARN] PackLoader:240 - Cannot read IP mode file for STMicroelectronics.X-CUBE-AZRTOS-H7.2.1.0
2023-11-08 10:21:35,959 [WARN] PackLoader:240 - Cannot read IP mode file for STMicroelectronics.X-CUBE-TOUCHGFX.4.21.1
2023-11-08 10:21:35,962 [WARN] PackLoader:240 - Cannot read IP mode file for STMicroelectronics.X-CUBE-TOUCHGFX.4.21.0
2023-11-08 10:21:35,965 [WARN] PackLoader:240 - Cannot read IP mode file for STMicroelectronics.X-CUBE-TOUCHGFX.4.21.3
2023-11-08 10:21:35,967 [WARN] PackLoader:240 - Cannot read IP mode file for STMicroelectronics.X-CUBE-TOUCHGFX.4.21.4
2023-11-08 10:21:36,011 [WARN] PackLoader:240 - Cannot read IP mode file for STMicroelectronics.X-CUBE-MEMS1.9.4.0
2023-11-08 10:21:36,108 [WARN] PackLoader:240 - Cannot read IP mode file for STMicroelectronics.X-CUBE-AI.7.3.0
2023-11-08 10:21:36,114 [WARN] PackLoader:240 - Cannot read IP mode file for STMicroelectronics.X-CUBE-ALGOBUILD.1.3.0
2023-11-08 10:21:36,125 [WARN] PackLoader:240 - Cannot read IP mode file for STMicroelectronics.X-CUBE-AZRTOS-G0.1.1.0
2023-11-08 10:21:36,130 [WARN] PackLoader:240 - Cannot read IP mode file for STMicroelectronics.X-CUBE-NFC4.3.0.0
2023-11-08 10:21:36,155 [WARN] PackLoader:240 - Cannot read IP mode file for SEGGER.I-CUBE-embOS.1.2.0
2023-11-08 10:21:36,194 [WARN] PackLoader:240 - Cannot read IP mode file for STMicroelectronics.X-CUBE-BLEMGR.3.0.0
2023-11-08 10:21:36,200 [WARN] PackLoader:240 - Cannot read IP mode file for STMicroelectronics.X-CUBE-BLEMGR.1.3.0
2023-11-08 10:21:36,204 [WARN] PackLoader:240 - Cannot read IP mode file for STMicroelectronics.FP-ATR-SIGFOX1.3.2.0
2023-11-08 10:21:36,210 [WARN] PackLoader:240 - Cannot read IP mode file for emotas.I-CUBE-CANOPEN.1.1.2
2023-11-08 10:21:36,213 [WARN] PackLoader:240 - Cannot read IP mode file for STMicroelectronics.X-CUBE-TOUCHGFX.4.20.0
2023-11-08 10:21:36,240 [WARN] PackLoader:240 - Cannot read IP mode file for STMicroelectronics.X-CUBE-MEMS1.9.5.0
2023-11-08 10:21:36,362 [WARN] PackLoader:240 - Cannot read IP mode file for SEGGER.I-CUBE-embOS.1.3.1
2023-11-08 10:21:36,392 [WARN] PackLoader:240 - Cannot read IP mode file for STMicroelectronics.X-CUBE-GNSS1.6.0.0
2023-11-08 10:21:36,404 [WARN] PackLoader:240 - Cannot read IP mode file for STMicroelectronics.X-CUBE-AZRTOS-F4.1.1.0
2023-11-08 10:21:36,411 [WARN] PackLoader:240 - Cannot read IP mode file for STMicroelectronics.X-CUBE-BLEMGR.1.2.0
2023-11-08 10:21:36,426 [WARN] PackLoader:240 - Cannot read IP mode file for STMicroelectronics.X-CUBE-AZRTOS-L5.2.0.0
2023-11-08 10:21:36,474 [WARN] PackLoader:240 - Cannot read IP mode file for STMicroelectronics.X-CUBE-MEMS1.9.6.0
2023-11-08 10:21:36,594 [WARN] PackLoader:240 - Cannot read IP mode file for STMicroelectronics.X-CUBE-EEPRMA1.4.2.0
2023-11-08 10:21:36,598 [WARN] PackLoader:240 - Cannot read IP mode file for ITTIA_DB.I-CUBE-ITTIADB.8.8.0
2023-11-08 10:21:36,603 [WARN] PackLoader:240 - Cannot read IP mode file for STMicroelectronics.X-CUBE-BLEMGR.2.0.0
2023-11-08 10:21:36,608 [WARN] PackLoader:240 - Cannot read IP mode file for STMicroelectronics.X-CUBE-NFC4.2.0.5
2023-11-08 10:21:36,612 [WARN] PackLoader:240 - Cannot read IP mode file for STMicroelectronics.X-CUBE-NFC4.2.0.4
2023-11-08 10:21:36,626 [WARN] ConditionMgr:438 - getConditionDescription Invalid condition id : UX DEVICE CLASS RTOS Condition cause : null
2023-11-08 10:21:36,626 [WARN] ConditionMgr:438 - getConditionDescription Invalid condition id : UX DEVICE CLASS RTOS Condition cause : null
2023-11-08 10:21:36,629 [WARN] PackLoader:240 - Cannot read IP mode file for STMicroelectronics.X-CUBE-AZRTOS-H7.3.1.0
2023-11-08 10:21:36,630 [WARN] ConditionMgr:1039 - genDependencies : Invalid condition id : UX DEVICE CLASS RTOS Condition cause : null
2023-11-08 10:21:36,631 [WARN] ConditionMgr:1039 - genDependencies : Invalid condition id : UX DEVICE CLASS RTOS Condition cause : null
2023-11-08 10:21:36,632 [WARN] ConditionMgr:1039 - genDependencies : Invalid condition id : UX DEVICE CLASS RTOS Condition cause : null
2023-11-08 10:21:36,632 [WARN] ConditionMgr:1039 - genDependencies : Invalid condition id : UX DEVICE CLASS RTOS Condition cause : null
2023-11-08 10:21:36,632 [WARN] ConditionMgr:1039 - genDependencies : Invalid condition id : UX DEVICE CLASS RTOS Condition cause : null
2023-11-08 10:21:36,647 [WARN] PackLoader:240 - Cannot read IP mode file for STMicroelectronics.X-CUBE-AZRTOS-F4.1.0.0
2023-11-08 10:21:36,653 [WARN] PackLoader:240 - Cannot read IP mode file for STMicroelectronics.X-CUBE-NFC7.1.0.1
2023-11-08 10:21:36,657 [WARN] PackLoader:240 - Cannot read IP mode file for STMicroelectronics.X-CUBE-NFC7.1.0.0
2023-11-08 10:21:36,664 [WARN] PackLoader:240 - Cannot read IP mode file for STMicroelectronics.X-CUBE-NFC6.3.0.0
2023-11-08 10:21:36,668 [WARN] PackLoader:240 - Cannot read IP mode file for STMicroelectronics.X-CUBE-EEPRMA1.4.1.0
2023-11-08 10:21:36,672 [WARN] PackLoader:240 - Cannot read IP mode file for STMicroelectronics.X-CUBE-AI.8.1.0
2023-11-08 10:21:36,684 [WARN] ConditionMgr:438 - getConditionDescription Invalid condition id : LAN8742 Phy interface Condition cause : null
2023-11-08 10:21:36,685 [WARN] PackLoader:240 - Cannot read IP mode file for STMicroelectronics.X-CUBE-AZRTOS-L4.2.0.0
2023-11-08 10:21:36,686 [WARN] ConditionMgr:1039 - genDependencies : Invalid condition id : LAN8742 Phy interface Condition cause : null
2023-11-08 10:21:36,686 [WARN] ConditionMgr:1039 - genDependencies : Invalid condition id : LAN8742 Phy interface Condition cause : null
2023-11-08 10:21:36,686 [WARN] ConditionMgr:1039 - genDependencies : Invalid condition id : LAN8742 Phy interface Condition cause : null
2023-11-08 10:21:36,693 [WARN] PackLoader:240 - Cannot read IP mode file for STMicroelectronics.X-CUBE-SFXS2LP1.4.0.0
2023-11-08 10:21:36,712 [WARN] PackLoader:240 - Cannot read IP mode file for STMicroelectronics.X-CUBE-AZRTOS-H7.3.0.0
2023-11-08 10:21:36,716 [WARN] PackLoader:240 - Cannot read IP mode file for STMicroelectronics.X-CUBE-ISPU.1.1.0
2023-11-08 10:21:36,721 [WARN] PackLoader:240 - Cannot read IP mode file for RoweBots.I-CUBE-UNISONRTOS.5.5.0-4
2023-11-08 10:21:36,724 [WARN] PackLoader:240 - Cannot read IP mode file for STMicroelectronics.X-CUBE-AI.8.0.0
2023-11-08 10:21:36,733 [WARN] ConditionMgr:438 - getConditionDescription Invalid condition id : UX DEVICE CLASS RTOS Condition cause : null
2023-11-08 10:21:36,733 [WARN] ConditionMgr:438 - getConditionDescription Invalid condition id : UX DEVICE CLASS RTOS Condition cause : null
2023-11-08 10:21:36,735 [WARN] PackLoader:240 - Cannot read IP mode file for STMicroelectronics.X-CUBE-AZRTOS-WB.2.0.0
2023-11-08 10:21:36,735 [WARN] ConditionMgr:1039 - genDependencies : Invalid condition id : UX DEVICE CLASS RTOS Condition cause : null
2023-11-08 10:21:36,735 [WARN] ConditionMgr:1039 - genDependencies : Invalid condition id : UX DEVICE CLASS RTOS Condition cause : null
2023-11-08 10:21:36,736 [WARN] ConditionMgr:1039 - genDependencies : Invalid condition id : UX DEVICE CLASS RTOS Condition cause : null
2023-11-08 10:21:36,736 [WARN] ConditionMgr:1039 - genDependencies : Invalid condition id : UX DEVICE CLASS RTOS Condition cause : null
2023-11-08 10:21:36,736 [WARN] ConditionMgr:1039 - genDependencies : Invalid condition id : UX DEVICE CLASS RTOS Condition cause : null
2023-11-08 10:21:36,740 [WARN] PackLoader:240 - Cannot read IP mode file for STMicroelectronics.X-CUBE-FREERTOS.1.0.0
2023-11-08 10:21:36,744 [WARN] PackLoader:240 - Cannot read IP mode file for STMicroelectronics.X-CUBE-FREERTOS.1.0.1
2023-11-08 10:21:36,748 [WARN] PackLoader:240 - Cannot read IP mode file for STMicroelectronics.X-CUBE-BLEMGR.1.0.0
2023-11-08 10:21:36,760 [WARN] PackLoader:240 - Cannot read IP mode file for STMicroelectronics.X-CUBE-AZRTOS-L5.1.1.0
2023-11-08 10:21:36,764 [WARN] PackLoader:240 - Cannot read IP mode file for STMicroelectronics.X-CUBE-AI.8.0.1
2023-11-08 10:21:36,770 [WARN] PackLoader:240 - Cannot read IP mode file for STMicroelectronics.X-CUBE-SUBG2.5.0.0
2023-11-08 10:21:36,781 [WARN] PackLoader:240 - Cannot read IP mode file for STMicroelectronics.X-CUBE-TOF1.3.3.1
2023-11-08 10:21:36,798 [WARN] PackLoader:240 - Cannot read IP mode file for STMicroelectronics.X-CUBE-AZRTOS-G4.2.0.0
2023-11-08 10:21:36,806 [WARN] PackLoader:240 - Cannot read IP mode file for STMicroelectronics.X-CUBE-TOF1.3.3.0
2023-11-08 10:21:36,815 [WARN] PackLoader:240 - Cannot read IP mode file for STMicroelectronics.FP-ATR-ASTRA1.1.1.1
2023-11-08 10:21:36,828 [WARN] PackLoader:240 - Cannot read IP mode file for Infineon.AIROC-Wi-Fi-Bluetooth-STM32.1.5.1
2023-11-08 10:21:36,832 [WARN] PackLoader:240 - Cannot read IP mode file for STMicroelectronics.FP-ATR-ASTRA1.1.1.0
2023-11-08 10:21:36,841 [WARN] PackLoader:240 - Cannot read IP mode file for STMicroelectronics.X-CUBE-AZRTOS-G4.1.0.0
2023-11-08 10:21:36,847 [WARN] PackLoader:240 - Cannot read IP mode file for wolfSSL.I-CUBE-wolfSSL.5.3.0
2023-11-08 10:21:36,862 [WARN] PackLoader:240 - Cannot read IP mode file for STMicroelectronics.X-CUBE-AZRTOS-L4.1.0.0
2023-11-08 10:21:36,898 [WARN] PackLoader:240 - Cannot read IP mode file for STMicroelectronics.X-CUBE-MEMS1.10.0.0
2023-11-08 10:21:36,998 [WARN] PackLoader:240 - Cannot read IP mode file for STMicroelectronics.X-CUBE-FREERTOS.1.1.0
2023-11-08 10:21:37,027 [WARN] PackLoader:240 - Cannot read IP mode file for STMicroelectronics.X-CUBE-AZRTOS-F7.1.0.0
2023-11-08 10:21:37,037 [WARN] PackLoader:240 - Cannot read IP mode file for STMicroelectronics.X-CUBE-AZRTOS-WL.1.0.0
2023-11-08 10:21:37,041 [WARN] PackLoader:240 - Cannot read IP mode file for portGmbH.I-Cube-SoM-uGOAL.1.1.0
2023-11-08 10:21:37,045 [WARN] PackLoader:240 - Cannot read IP mode file for STMicroelectronics.X-CUBE-ALS.1.0.1
2023-11-08 10:21:37,058 [WARN] PackLoader:240 - Cannot read IP mode file for STMicroelectronics.X-CUBE-AZRTOS-WB.1.1.0
2023-11-08 10:21:37,070 [WARN] PackLoader:240 - Cannot read IP mode file for STMicroelectronics.X-CUBE-AZRTOS-L5.1.0.0
2023-11-08 10:21:37,074 [WARN] PackLoader:240 - Cannot read IP mode file for STMicroelectronics.X-CUBE-EEPRMA1.3.1.1
2023-11-08 10:21:37,078 [WARN] PackLoader:240 - Cannot read IP mode file for STMicroelectronics.FP-ATR-ASTRA1.2.0.0
2023-11-08 10:21:37,079 [INFO] ThirdParty:978 - Integrity check success = true
2023-11-08 10:21:37,079 [INFO] IntegrityCheckThread:100 - exiting critical section [integrity check]
2023-11-08 10:21:37,079 [INFO] IntegrityCheckThread:103 - End integrity checks thread
2023-11-08 10:21:55,439 [ERROR] LogOutputStream:75 - [STDERR_REDIRECT] SLF4J: Failed to load class "org.slf4j.impl.StaticLoggerBinder".
2023-11-08 10:21:55,439 [ERROR] LogOutputStream:75 - [STDERR_REDIRECT] SLF4J: Defaulting to no-operation (NOP) logger implementation
2023-11-08 10:21:55,440 [ERROR] LogOutputStream:75 - [STDERR_REDIRECT] SLF4J: See http://www.slf4j.org/codes.html#StaticLoggerBinder for further details.
