2024-02-04 18:38:28,507 [INFO] Activator:176 - 


2024-02-04 18:38:28,515 [INFO] Activator:177 - !SESSION log4j initialized
2024-02-04 18:38:33,842 [ERROR] LogOutputStream:75 - [STDERR_REDIRECT] 
2024-02-04 18:38:34,349 [INFO] LogOutputStream:77 - [STDOUT_REDIRECT] 
2024-02-04 18:38:36,032 [INFO] LogOutputStream:77 - [STDOUT_REDIRECT] 
2024-02-04 18:38:38,493 [INFO] ApplicationProperties:184 - Using Application install path: /Applications/STM32CubeIDE.app/Contents/Eclipse/plugins/com.st.stm32cube.common.mx_6.9.1.202307191849
2024-02-04 18:38:38,513 [INFO] DbMcusXml:78 - Set database path to: /Applications/STM32CubeIDE.app/Contents/Eclipse/plugins/com.st.stm32cube.common.mx_6.9.1.202307191849//db//mcu/
2024-02-04 18:38:38,514 [INFO] ApiDb:274 - Set plugin database path to: /Applications/STM32CubeIDE.app/Contents/Eclipse/plugins/com.st.stm32cube.common.mx_6.9.1.202307191849//db//plugins/boardmanager/
2024-02-04 18:38:38,514 [WARN] ApiDb:259 - Overriding images path with different value:  => /Applications/STM32CubeIDE.app/Contents/Eclipse/plugins/com.st.stm32cube.common.mx_6.9.1.202307191849//db//plugins/mcufinder/images/
2024-02-04 18:38:38,524 [INFO] ApiDb:250 - Set database path to: /Users/jeffsnyder/.stmcufinder/plugins/mcufinder//mcu/
2024-02-04 18:38:38,526 [INFO] DbMcusAds:125 - Set database path to: /Users/jeffsnyder/.stmcufinder/plugins/mcufinder//mcu/
2024-02-04 18:38:38,529 [INFO] CrossReferenceDbSqlite:203 - Set database path to: /Users/jeffsnyder/.stmcufinder/plugins/mcufinder//mcu/cs/
2024-02-04 18:38:38,661 [INFO] RulesReader:64 - Compatibility file has been processed (293 Rules)
2024-02-04 18:38:38,757 [INFO] DbMcusXml:78 - Set database path to: /Applications/STM32CubeIDE.app/Contents/Eclipse/plugins/com.st.stm32cube.common.mx_6.9.1.202307191849//db//mcu/
2024-02-04 18:38:38,757 [INFO] ApiDb:274 - Set plugin database path to: /Applications/STM32CubeIDE.app/Contents/Eclipse/plugins/com.st.stm32cube.common.mx_6.9.1.202307191849//db//plugins/boardmanager/
2024-02-04 18:38:38,758 [INFO] ApiDb:261 - Set plugin images path to: /Applications/STM32CubeIDE.app/Contents/Eclipse/plugins/com.st.stm32cube.common.mx_6.9.1.202307191849//db//plugins/mcufinder/images/
2024-02-04 18:38:38,758 [WARN] DbFile:41 - Overriding database path with different value: /Users/jeffsnyder/.stmcufinder/plugins/mcufinder/ => /Users/jeffsnyder/.stmcufinder/plugins/mcufinder
2024-02-04 18:38:38,758 [INFO] ApiDb:250 - Set database path to: /Users/jeffsnyder/.stmcufinder/plugins/mcufinder//mcu/
2024-02-04 18:38:38,758 [WARN] DbFile:41 - Overriding database path with different value: /Users/jeffsnyder/.stmcufinder/plugins/mcufinder/ => /Users/jeffsnyder/.stmcufinder/plugins/mcufinder
2024-02-04 18:38:38,758 [INFO] DbMcusAds:125 - Set database path to: /Users/jeffsnyder/.stmcufinder/plugins/mcufinder//mcu/
2024-02-04 18:38:38,758 [WARN] DbFile:41 - Overriding database path with different value: /Users/jeffsnyder/.stmcufinder/plugins/mcufinder/ => /Users/jeffsnyder/.stmcufinder/plugins/mcufinder
2024-02-04 18:38:38,758 [WARN] DbFile:41 - Overriding database path with different value: /Users/jeffsnyder/.stmcufinder/plugins/mcufinder/ => /Users/jeffsnyder/.stmcufinder/plugins/mcufinder
2024-02-04 18:38:38,759 [INFO] CrossReferenceDbSqlite:203 - Set database path to: /Users/jeffsnyder/.stmcufinder/plugins/mcufinder//mcu/cs/
2024-02-04 18:38:38,851 [INFO] MainPanel:262 - HeapMemory: 268435456
2024-02-04 18:38:38,958 [INFO] DbMcusXml:78 - Set database path to: /Applications/STM32CubeIDE.app/Contents/Eclipse/plugins/com.st.stm32cube.common.mx_6.9.1.202307191849//db//mcu/
2024-02-04 18:38:38,958 [INFO] ApiDb:274 - Set plugin database path to: /Applications/STM32CubeIDE.app/Contents/Eclipse/plugins/com.st.stm32cube.common.mx_6.9.1.202307191849//db//plugins/boardmanager/
2024-02-04 18:38:38,958 [INFO] ApiDb:261 - Set plugin images path to: /Applications/STM32CubeIDE.app/Contents/Eclipse/plugins/com.st.stm32cube.common.mx_6.9.1.202307191849//db//plugins/mcufinder/images/
2024-02-04 18:38:38,959 [WARN] DbFile:41 - Overriding database path with different value: /Users/jeffsnyder/.stmcufinder/plugins/mcufinder/ => /Users/jeffsnyder/.stmcufinder/plugins/mcufinder
2024-02-04 18:38:38,959 [INFO] ApiDb:250 - Set database path to: /Users/jeffsnyder/.stmcufinder/plugins/mcufinder//mcu/
2024-02-04 18:38:38,959 [WARN] DbFile:41 - Overriding database path with different value: /Users/jeffsnyder/.stmcufinder/plugins/mcufinder/ => /Users/jeffsnyder/.stmcufinder/plugins/mcufinder
2024-02-04 18:38:38,959 [INFO] DbMcusAds:125 - Set database path to: /Users/jeffsnyder/.stmcufinder/plugins/mcufinder//mcu/
2024-02-04 18:38:38,959 [WARN] DbFile:41 - Overriding database path with different value: /Users/jeffsnyder/.stmcufinder/plugins/mcufinder/ => /Users/jeffsnyder/.stmcufinder/plugins/mcufinder
2024-02-04 18:38:38,959 [WARN] DbFile:41 - Overriding database path with different value: /Users/jeffsnyder/.stmcufinder/plugins/mcufinder/ => /Users/jeffsnyder/.stmcufinder/plugins/mcufinder
2024-02-04 18:38:38,959 [INFO] CrossReferenceDbSqlite:203 - Set database path to: /Users/jeffsnyder/.stmcufinder/plugins/mcufinder//mcu/cs/
2024-02-04 18:38:38,978 [INFO] ApplicationProperties:184 - Using Application install path: /Applications/STM32CubeIDE.app/Contents/Eclipse/plugins/com.st.stm32cube.common.mx_6.9.1.202307191849
2024-02-04 18:38:38,979 [INFO] PluginManage:196 - Search for loadable plugins [exclusion list=, ]
2024-02-04 18:38:38,980 [INFO] PluginManage:310 - Check plugin analytics
2024-02-04 18:38:39,187 [INFO] AnalyticsPlugin:253 - Accepted Software Licenses: STM32CubeMX.6.8.1
2024-02-04 18:38:39,187 [INFO] AnalyticsPlugin:255 - Accepted CMSIS Pack Licenses: ARM.CMSIS-DSP.1.15.0
2024-02-04 18:38:39,188 [INFO] AnalyticsPlugin:257 - Accepted Firmware Licenses: FW.H7.1.11.0
2024-02-04 18:38:39,191 [INFO] PluginManage:359 - Loaded plugin analytics (category:tool,tabindex:-1)
2024-02-04 18:38:39,191 [INFO] PluginManage:310 - Check plugin cadmodel
2024-02-04 18:38:39,965 [INFO] CADModel:105 - Init CAD model plugin
2024-02-04 18:38:39,965 [INFO] PluginManage:359 - Loaded plugin cadmodel (category:power,tabindex:5)
2024-02-04 18:38:39,965 [INFO] PluginManage:310 - Check plugin clock
2024-02-04 18:38:39,975 [INFO] PluginManage:359 - Loaded plugin clock (category:base,tabindex:2)
2024-02-04 18:38:39,976 [INFO] PluginManage:310 - Check plugin ddr
2024-02-04 18:38:39,978 [INFO] PluginManage:359 - Loaded plugin ddr (category:tool,tabindex:6)
2024-02-04 18:38:39,978 [INFO] PluginManage:310 - Check plugin filemanager
2024-02-04 18:38:40,120 [INFO] PluginManage:359 - Loaded plugin filemanager (category:base,tabindex:10)
2024-02-04 18:38:40,120 [INFO] PluginManage:310 - Check plugin ipmanager
2024-02-04 18:38:40,126 [INFO] PluginManage:359 - Loaded plugin ipmanager (category:base,tabindex:5)
2024-02-04 18:38:40,126 [INFO] PluginManage:310 - Check plugin lpbam
2024-02-04 18:38:40,137 [INFO] PluginManage:359 - Loaded plugin lpbam (category:base,tabindex:0)
2024-02-04 18:38:40,138 [INFO] PluginManage:310 - Check plugin memorymap
2024-02-04 18:38:40,152 [INFO] PluginManage:359 - Loaded plugin memorymap (category:base,tabindex:4)
2024-02-04 18:38:40,153 [INFO] PluginManage:310 - Check plugin pinoutandconfiguration
2024-02-04 18:38:40,160 [INFO] PluginManage:359 - Loaded plugin pinoutandconfiguration (category:base,tabindex:1)
2024-02-04 18:38:40,160 [INFO] PluginManage:310 - Check plugin pinoutconfig
2024-02-04 18:38:40,267 [WARN] SupportedApi:132 - Cannot load RTOS API schema: s4s-elt-must-match.1: The content of 'definitions' must match (annotation?, (simpleType | complexType)?, (unique | key | keyref)*)). A problem was found starting at: attribute.
2024-02-04 18:38:40,420 [INFO] PluginManage:359 - Loaded plugin pinoutconfig (category:base,tabindex:0)
2024-02-04 18:38:40,420 [INFO] PluginManage:310 - Check plugin power
2024-02-04 18:38:40,431 [INFO] PluginManage:359 - Loaded plugin power (category:power,tabindex:4)
2024-02-04 18:38:40,431 [INFO] PluginManage:310 - Check plugin projectmanager
2024-02-04 18:38:40,447 [INFO] PluginManage:359 - Loaded plugin projectmanager (category:projectmanager,tabindex:3)
2024-02-04 18:38:40,447 [INFO] PluginManage:310 - Check plugin thirdparty
2024-02-04 18:38:40,584 [WARN] IntegrityCheckThread:84 - waiting for thirdparty lock release [integrity check]
2024-02-04 18:38:40,584 [INFO] PluginManage:359 - Loaded plugin thirdparty (category:base,tabindex:-1)
2024-02-04 18:38:40,584 [INFO] IntegrityCheckThread:86 - entering critical section [integrity check]
2024-02-04 18:38:40,584 [INFO] PluginManage:310 - Check plugin tools
2024-02-04 18:38:40,584 [INFO] ThirdPartyUpdaterWithRetryManager:70 - Updater plugin not ready yet. [1/15]
2024-02-04 18:38:40,587 [INFO] PluginManage:359 - Loaded plugin tools (category:base,tabindex:7)
2024-02-04 18:38:40,587 [INFO] PluginManage:310 - Check plugin tutovideos
2024-02-04 18:38:40,798 [INFO] PluginManage:359 - Loaded plugin tutovideos (category:base,tabindex:-1)
2024-02-04 18:38:40,799 [INFO] PluginManage:310 - Check plugin updater
2024-02-04 18:38:40,810 [INFO] PluginManage:359 - Loaded plugin updater (category:base,tabindex:12)
2024-02-04 18:38:40,811 [INFO] PluginManage:310 - Check plugin userauth
2024-02-04 18:38:40,816 [INFO] UserAuth:113 - Init User Auth plugin
2024-02-04 18:38:40,817 [INFO] PluginManage:359 - Loaded plugin userauth (category:base,tabindex:14)
2024-02-04 18:38:40,817 [INFO] PluginManage:283 - PluginManage : Loaded plugins [17]
2024-02-04 18:38:41,002 [INFO] PinOutPanel:1499 - setPackage(No Configuration,No Configuration)
2024-02-04 18:38:41,098 [INFO] CADModel:165 - CPN selected for project level
2024-02-04 18:38:41,098 [INFO] CADModel:114 - Register for checkConnection events
2024-02-04 18:38:41,121 [INFO] IPUIPlugin:80 - create IPUIPlugin
2024-02-04 18:38:41,122 [INFO] PluginManager:220 - loadIPPluginJar : add mdma
2024-02-04 18:38:41,130 [INFO] IPUIPlugin:80 - create IPUIPlugin
2024-02-04 18:38:41,130 [INFO] PluginManager:220 - loadIPPluginJar : add freertos
2024-02-04 18:38:41,147 [INFO] IPUIPlugin:80 - create IPUIPlugin
2024-02-04 18:38:41,147 [INFO] PluginManager:220 - loadIPPluginJar : add gic
2024-02-04 18:38:41,158 [INFO] IPUIPlugin:80 - create IPUIPlugin
2024-02-04 18:38:41,159 [INFO] PluginManager:220 - loadIPPluginJar : add adc
2024-02-04 18:38:41,162 [INFO] IPUIPlugin:80 - create IPUIPlugin
2024-02-04 18:38:41,162 [INFO] PluginManager:220 - loadIPPluginJar : add gtzc
2024-02-04 18:38:41,163 [INFO] IPUIPlugin:80 - create IPUIPlugin
2024-02-04 18:38:41,163 [INFO] PluginManager:220 - loadIPPluginJar : add quadspi
2024-02-04 18:38:41,166 [INFO] IPUIPlugin:80 - create IPUIPlugin
2024-02-04 18:38:41,167 [INFO] PluginManager:220 - loadIPPluginJar : add aes
2024-02-04 18:38:41,170 [INFO] IPUIPlugin:80 - create IPUIPlugin
2024-02-04 18:38:41,170 [INFO] PluginManager:220 - loadIPPluginJar : add pdm2pcm
2024-02-04 18:38:41,172 [INFO] IPUIPlugin:80 - create IPUIPlugin
2024-02-04 18:38:41,172 [INFO] PluginManager:220 - loadIPPluginJar : add hash
2024-02-04 18:38:41,174 [INFO] IPUIPlugin:80 - create IPUIPlugin
2024-02-04 18:38:41,174 [INFO] PluginManager:220 - loadIPPluginJar : add tim
2024-02-04 18:38:41,176 [INFO] IPUIPlugin:80 - create IPUIPlugin
2024-02-04 18:38:41,176 [INFO] PluginManager:220 - loadIPPluginJar : add tsc
2024-02-04 18:38:41,178 [INFO] IPUIPlugin:80 - create IPUIPlugin
2024-02-04 18:38:41,178 [INFO] PluginManager:220 - loadIPPluginJar : add ts
2024-02-04 18:38:41,181 [INFO] IPUIPlugin:80 - create IPUIPlugin
2024-02-04 18:38:41,182 [INFO] PluginManager:220 - loadIPPluginJar : add can
2024-02-04 18:38:41,184 [INFO] IPUIPlugin:80 - create IPUIPlugin
2024-02-04 18:38:41,184 [INFO] PluginManager:220 - loadIPPluginJar : add dma3
2024-02-04 18:38:41,186 [INFO] IPUIPlugin:80 - create IPUIPlugin
2024-02-04 18:38:41,186 [INFO] PluginManager:220 - loadIPPluginJar : add dfsdm
2024-02-04 18:38:41,188 [INFO] IPUIPlugin:80 - create IPUIPlugin
2024-02-04 18:38:41,188 [INFO] PluginManager:220 - loadIPPluginJar : add spi
2024-02-04 18:38:41,191 [INFO] IPUIPlugin:80 - create IPUIPlugin
2024-02-04 18:38:41,191 [INFO] PluginManager:220 - loadIPPluginJar : add gfxmmu
2024-02-04 18:38:41,192 [INFO] IPUIPlugin:80 - create IPUIPlugin
2024-02-04 18:38:41,192 [INFO] PluginManager:220 - loadIPPluginJar : add genericplugin
2024-02-04 18:38:41,195 [INFO] IPUIPlugin:80 - create IPUIPlugin
2024-02-04 18:38:41,195 [INFO] PluginManager:220 - loadIPPluginJar : add cryp
2024-02-04 18:38:41,199 [INFO] IPUIPlugin:80 - create IPUIPlugin
2024-02-04 18:38:41,199 [INFO] PluginManager:220 - loadIPPluginJar : add gpio
2024-02-04 18:38:41,201 [INFO] IPUIPlugin:80 - create IPUIPlugin
2024-02-04 18:38:41,201 [INFO] PluginManager:220 - loadIPPluginJar : add comp
2024-02-04 18:38:41,203 [INFO] IPUIPlugin:80 - create IPUIPlugin
2024-02-04 18:38:41,203 [INFO] PluginManager:220 - loadIPPluginJar : add tracer_emb
2024-02-04 18:38:41,207 [INFO] IPUIPlugin:80 - create IPUIPlugin
2024-02-04 18:38:41,207 [INFO] PluginManager:220 - loadIPPluginJar : add openamp
2024-02-04 18:38:41,212 [INFO] IPUIPlugin:80 - create IPUIPlugin
2024-02-04 18:38:41,213 [INFO] PluginManager:220 - loadIPPluginJar : add stm32_wpan
2024-02-04 18:38:41,220 [INFO] IPUIPlugin:80 - create IPUIPlugin
2024-02-04 18:38:41,224 [INFO] PluginManager:220 - loadIPPluginJar : add plateformsettings
2024-02-04 18:38:41,228 [INFO] IPUIPlugin:80 - create IPUIPlugin
2024-02-04 18:38:41,228 [INFO] PluginManager:220 - loadIPPluginJar : add ipddr
2024-02-04 18:38:41,230 [INFO] IPUIPlugin:80 - create IPUIPlugin
2024-02-04 18:38:41,231 [INFO] PluginManager:220 - loadIPPluginJar : add usart
2024-02-04 18:38:41,232 [INFO] IPUIPlugin:80 - create IPUIPlugin
2024-02-04 18:38:41,232 [INFO] PluginManager:220 - loadIPPluginJar : add ltdc
2024-02-04 18:38:41,237 [INFO] IPUIPlugin:80 - create IPUIPlugin
2024-02-04 18:38:41,237 [INFO] PluginManager:220 - loadIPPluginJar : add nvic
2024-02-04 18:38:41,238 [INFO] IPUIPlugin:80 - create IPUIPlugin
2024-02-04 18:38:41,239 [INFO] PluginManager:220 - loadIPPluginJar : add fatfs
2024-02-04 18:38:41,246 [INFO] IPUIPlugin:80 - create IPUIPlugin
2024-02-04 18:38:41,246 [INFO] PluginManager:220 - loadIPPluginJar : add linkedlist
2024-02-04 18:38:41,251 [INFO] IPUIPlugin:80 - create IPUIPlugin
2024-02-04 18:38:41,252 [INFO] PluginManager:220 - loadIPPluginJar : add dma
2024-02-04 18:38:41,256 [INFO] IPUIPlugin:80 - create IPUIPlugin
2024-02-04 18:38:41,257 [INFO] PluginManager:220 - loadIPPluginJar : add fmc
2024-02-04 18:38:41,259 [INFO] IPUIPlugin:80 - create IPUIPlugin
2024-02-04 18:38:41,259 [INFO] PluginManager:220 - loadIPPluginJar : add i2s
2024-02-04 18:38:41,260 [INFO] IPUIPlugin:80 - create IPUIPlugin
2024-02-04 18:38:41,260 [INFO] PluginManager:220 - loadIPPluginJar : add ucpd
2024-02-04 18:38:41,263 [INFO] IPUIPlugin:80 - create IPUIPlugin
2024-02-04 18:38:41,263 [INFO] PluginManager:220 - loadIPPluginJar : add lorawan
2024-02-04 18:38:41,266 [INFO] IPUIPlugin:80 - create IPUIPlugin
2024-02-04 18:38:41,266 [INFO] PluginManager:220 - loadIPPluginJar : add opamp
2024-02-04 18:38:41,271 [INFO] IPUIPlugin:80 - create IPUIPlugin
2024-02-04 18:38:41,271 [INFO] PluginManager:220 - loadIPPluginJar : add i3c
2024-02-04 18:38:41,276 [INFO] IPUIPlugin:80 - create IPUIPlugin
2024-02-04 18:38:41,276 [INFO] PluginManager:220 - loadIPPluginJar : add touchsensing
2024-02-04 18:38:41,279 [INFO] IPUIPlugin:80 - create IPUIPlugin
2024-02-04 18:38:41,279 [INFO] PluginManager:220 - loadIPPluginJar : add i2c
2024-02-04 18:38:41,284 [INFO] IPUIPlugin:80 - create IPUIPlugin
2024-02-04 18:38:41,285 [INFO] PluginManager:220 - loadIPPluginJar : add resmgrutility
2024-02-04 18:38:41,288 [INFO] IPUIPlugin:80 - create IPUIPlugin
2024-02-04 18:38:41,288 [INFO] PluginManager:220 - loadIPPluginJar : add sai
2024-02-04 18:38:41,291 [INFO] IPUIPlugin:80 - create IPUIPlugin
2024-02-04 18:38:41,291 [INFO] PluginManager:220 - loadIPPluginJar : add usbx
2024-02-04 18:38:41,391 [INFO] CADModel:165 - CPN selected for project level
2024-02-04 18:38:41,392 [INFO] CADModel:114 - Register for checkConnection events
2024-02-04 18:38:41,392 [FATAL] Updater:308 - Updater called before beeing initialized
2024-02-04 18:38:41,392 [ERROR] CADModel:125 - Updater not yet initialized, retry later 
2024-02-04 18:38:41,562 [INFO] CADModel:165 - CPN selected for project level
2024-02-04 18:38:41,562 [INFO] CADModel:114 - Register for checkConnection events
2024-02-04 18:38:41,562 [FATAL] Updater:308 - Updater called before beeing initialized
2024-02-04 18:38:41,563 [ERROR] CADModel:125 - Updater not yet initialized, retry later 
2024-02-04 18:38:41,566 [FATAL] Updater:308 - Updater called before beeing initialized
2024-02-04 18:38:41,652 [FATAL] Updater:308 - Updater called before beeing initialized
2024-02-04 18:38:41,659 [INFO] DbMcusAds:53 - JSON generation date=Thu Sep 30 02:55:09 EDT 2021 (1632984909247)
2024-02-04 18:38:41,659 [FATAL] Updater:308 - Updater called before beeing initialized
2024-02-04 18:38:41,829 [WARN] DetailPanel:346 - Failed to get advertising image, set to default
2024-02-04 18:38:41,928 [FATAL] Updater:308 - Updater called before beeing initialized
2024-02-04 18:38:41,931 [FATAL] Updater:308 - Updater called before beeing initialized
2024-02-04 18:38:41,931 [FATAL] Updater:308 - Updater called before beeing initialized
2024-02-04 18:38:41,931 [WARN] DetailPanel:346 - Failed to get advertising image, set to default
2024-02-04 18:38:41,932 [FATAL] Updater:308 - Updater called before beeing initialized
2024-02-04 18:38:41,963 [ERROR] Updater:1120 - MainUpdater not yet initialized. External WinMGr cannot be set.
2024-02-04 18:38:41,998 [INFO] Updater:1056 - Updater Version found : 6.9.1
2024-02-04 18:38:42,033 [INFO] ApplicationProperties:184 - Using Application install path: /Applications/STM32CubeIDE.app/Contents/Eclipse/plugins/com.st.stm32cube.common.mx_6.9.1.202307191849
2024-02-04 18:38:42,228 [INFO] MainUpdater:2868 - connection check result : 10
2024-02-04 18:38:42,229 [INFO] MainUpdater:3562 - Updater definition file requires update
2024-02-04 18:38:42,230 [INFO] MainUpdater:285 - Updater Check For Update Now.
2024-02-04 18:38:42,230 [INFO] MicroXplorer:498 - Change Database Version : DB.6.0.91
2024-02-04 18:38:42,237 [INFO] McuFinderGlobals:63 - Set McuFinder mode to 2 (CubeIDE integrated)
2024-02-04 18:38:42,237 [INFO] UserAuth:179 - activating auth plugin
2024-02-04 18:38:42,239 [INFO] UserAuth:393 - Internet connection configuration mode: 1
2024-02-04 18:38:42,257 [INFO] JxBrowserEngine:151 - Initiate JxBrowser Engine with user profile folder
2024-02-04 18:38:42,265 [INFO] ServerAccessManage:473 - Download File updaters.zip
2024-02-04 18:38:42,333 [INFO] FileExtend:240 - Unzip File : updaters.zip
2024-02-04 18:38:42,333 [INFO] FileExtend:255 - Standard Zip Deflate
2024-02-04 18:38:42,576 [INFO] ServerAccessManage:473 - Download File PacksControlFlags.xml
2024-02-04 18:38:42,662 [INFO] ServerAccessManage:473 - Download File cubemx.pidx
2024-02-04 18:38:43,380 [INFO] ServerAccessManage:473 - Download File STMicroelectronics.X-CUBE-EEPRMA1.pdsc
2024-02-04 18:38:43,590 [WARN] MainUpdater:1189 - Updater busy. Cannot search thirdparties
2024-02-04 18:38:43,590 [INFO] ThirdPartyUpdaterWithRetryManager:96 - Updater plugin is busy. [1/15]
2024-02-04 18:38:44,013 [ERROR] ServerAccessManage:1089 - Problem, file not found on Server
2024-02-04 18:38:44,531 [ERROR] ServerAccessManage:1089 - Problem, file not found on Server
2024-02-04 18:38:46,593 [WARN] MainUpdater:1189 - Updater busy. Cannot search thirdparties
2024-02-04 18:38:46,593 [INFO] ThirdPartyUpdaterWithRetryManager:96 - Updater plugin is busy. [2/15]
2024-02-04 18:38:47,057 [WARN] PackLoader:240 - Cannot read IP mode file for STMicroelectronics.X-CUBE-EEPRMA1.5.1.0
2024-02-04 18:38:47,064 [INFO] PopulateThirdPartyThread:66 - Ending populate Thread
2024-02-04 18:38:47,067 [INFO] ThirdParty:1030 - CMSIS Pack Vendor :STMicroelectronics X-CUBE-EEPRMA1 5.1.0
2024-02-04 18:38:47,067 [INFO] LoadServerUpdatesThread:373 - End of LoadServerUpdate Thread
2024-02-04 18:38:47,194 [INFO] CheckServerUpdateThread:120 - End of CheckServer Thread
2024-02-04 18:38:49,341 [INFO] WebApp:157 - Instantiating new browser for Auth
2024-02-04 18:38:49,760 [WARN] PackLoader:240 - Cannot read IP mode file for STMicroelectronics.X-CUBE-SMBUS.2.1.0
2024-02-04 18:38:49,765 [WARN] PackLoader:240 - Cannot read IP mode file for STMicroelectronics.X-CUBE-TOUCHGFX.4.23.0
2024-02-04 18:38:49,862 [WARN] PackLoader:240 - Cannot read IP mode file for STMicroelectronics.X-CUBE-MEMS1.9.2.0
2024-02-04 18:38:50,174 [WARN] PackLoader:240 - Cannot read IP mode file for STMicroelectronics.X-CUBE-AZRTOS-F7.1.1.0
2024-02-04 18:38:50,183 [ERROR] RealEvaluatedCondition:428 - Found unsupported composite condition: GROUP='STM32_MetaDataManager' CLASS='Data Exchange'
2024-02-04 18:38:50,183 [ERROR] RealEvaluatedCondition:428 - Found unsupported composite condition: GROUP='STM32_MetaDataManager' CLASS='Data Exchange'
2024-02-04 18:38:50,185 [WARN] PackLoader:240 - Cannot read IP mode file for STMicroelectronics.FP-SNS-MOTENV1.4.3.0
2024-02-04 18:38:50,192 [WARN] PackLoader:240 - Cannot read IP mode file for STMicroelectronics.FP-SNS-MOTENV1.4.3.2
2024-02-04 18:38:50,196 [WARN] PackLoader:240 - Cannot read IP mode file for STMicroelectronics.FP-SNS-FLIGHT1.5.0.0
2024-02-04 18:38:50,200 [ERROR] RealEvaluatedCondition:428 - Found unsupported composite condition: CLASS='Data Exchange' GROUP='STM32_MetaDataManager'
2024-02-04 18:38:50,200 [ERROR] RealEvaluatedCondition:428 - Found unsupported composite condition: GROUP='STM32_MetaDataManager' CLASS='Data Exchange'
2024-02-04 18:38:50,202 [WARN] PackLoader:240 - Cannot read IP mode file for STMicroelectronics.FP-SNS-MOTENV1.4.3.1
2024-02-04 18:38:50,207 [WARN] PackLoader:240 - Cannot read IP mode file for STMicroelectronics.FP-SNS-FLIGHT1.5.0.1
2024-02-04 18:38:50,215 [WARN] PackLoader:240 - Cannot read IP mode file for STMicroelectronics.X-CUBE-BLE1.6.2.3
2024-02-04 18:38:50,221 [WARN] PackLoader:240 - Cannot read IP mode file for STMicroelectronics.X-CUBE-BLE1.6.2.4
2024-02-04 18:38:50,228 [WARN] PackLoader:240 - Cannot read IP mode file for STMicroelectronics.FP-SNS-FLIGHT1.5.0.2
2024-02-04 18:38:50,240 [WARN] PackLoader:240 - Cannot read IP mode file for STMicroelectronics.X-CUBE-TOF1.3.1.0
2024-02-04 18:38:50,256 [WARN] PackLoader:240 - Cannot read IP mode file for STMicroelectronics.X-CUBE-DISPLAY.3.0.0
2024-02-04 18:38:50,268 [WARN] PackLoader:240 - Cannot read IP mode file for STMicroelectronics.X-CUBE-BLE1.7.0.0
2024-02-04 18:38:50,273 [WARN] PackLoader:240 - Cannot read IP mode file for emotas.I-CUBE-CANOPEN.1.3.0
2024-02-04 18:38:50,277 [WARN] PackLoader:240 - Cannot read IP mode file for STMicroelectronics.X-CUBE-TOUCHGFX.4.22.0
2024-02-04 18:38:50,280 [WARN] PackLoader:240 - Cannot read IP mode file for STMicroelectronics.X-CUBE-TOUCHGFX.4.22.1
2024-02-04 18:38:50,283 [INFO] WebApp:753 - Register for checkConnection events
2024-02-04 18:38:50,283 [INFO] WebApp:390 - Apply proxy settings
2024-02-04 18:38:50,287 [INFO] WebApp:455 - Chromium authenticates against System proxy
2024-02-04 18:38:50,323 [WARN] PackLoader:240 - Cannot read IP mode file for STMicroelectronics.X-CUBE-MEMS1.9.3.0
2024-02-04 18:38:50,494 [WARN] PackLoader:240 - Cannot read IP mode file for STMicroelectronics.X-CUBE-AI.7.2.0
2024-02-04 18:38:50,499 [WARN] PackLoader:240 - Cannot read IP mode file for STMicroelectronics.FP-SNS-SMARTAG2.1.2.0
2024-02-04 18:38:50,509 [INFO] LogOutputStream:77 - [STDOUT_REDIRECT] 1 : Invalid condition id : UX_CORESTACK_Condition cause : null
2024-02-04 18:38:50,509 [INFO] LogOutputStream:77 - [STDOUT_REDIRECT] 1 : Invalid condition id : UX_CORESTACK_Condition cause : null
2024-02-04 18:38:50,510 [INFO] LogOutputStream:77 - [STDOUT_REDIRECT] 1 : Invalid condition id : UX_CORESTACK_Condition cause : null
2024-02-04 18:38:50,510 [INFO] LogOutputStream:77 - [STDOUT_REDIRECT] 1 : Invalid condition id : UX_CORESTACK_Condition cause : null
2024-02-04 18:38:50,510 [INFO] LogOutputStream:77 - [STDOUT_REDIRECT] 1 : Invalid condition id : UX_CORESTACK_Condition cause : null
2024-02-04 18:38:50,513 [WARN] PackLoader:240 - Cannot read IP mode file for STMicroelectronics.X-CUBE-AZRTOS-WL.2.0.0
2024-02-04 18:38:50,521 [WARN] PackLoader:240 - Cannot read IP mode file for WES.I-CUBE-Cesium.1.3.0
2024-02-04 18:38:50,526 [WARN] PackLoader:240 - Cannot read IP mode file for STMicroelectronics.X-CUBE-BLE2.3.3.0
2024-02-04 18:38:50,532 [WARN] PackLoader:240 - Cannot read IP mode file for STMicroelectronics.X-CUBE-DISPLAY.2.2.0
2024-02-04 18:38:50,544 [WARN] PackLoader:240 - Cannot read IP mode file for STMicroelectronics.X-CUBE-TOF1.3.2.0
2024-02-04 18:38:50,553 [WARN] PackLoader:240 - Cannot read IP mode file for STMicroelectronics.X-CUBE-ISPU.1.0.0
2024-02-04 18:38:50,587 [WARN] PackLoader:240 - Cannot read IP mode file for STMicroelectronics.X-CUBE-AZRTOS-H7.2.1.0
2024-02-04 18:38:50,594 [WARN] PackLoader:240 - Cannot read IP mode file for STMicroelectronics.X-CUBE-TOUCHGFX.4.21.1
2024-02-04 18:38:50,597 [WARN] PackLoader:240 - Cannot read IP mode file for STMicroelectronics.X-CUBE-TOUCHGFX.4.21.0
2024-02-04 18:38:50,600 [WARN] PackLoader:240 - Cannot read IP mode file for STMicroelectronics.X-CUBE-TOUCHGFX.4.21.3
2024-02-04 18:38:50,603 [WARN] PackLoader:240 - Cannot read IP mode file for STMicroelectronics.X-CUBE-TOUCHGFX.4.21.4
2024-02-04 18:38:50,637 [INFO] WebApp:188 - Starting web application
2024-02-04 18:38:50,637 [INFO] WebApp:520 - Web application path used /Applications/STM32CubeIDE.app/Contents/Eclipse/plugins/com.st.stm32cube.common.mx_6.9.1.202307191849/db/plugins/mcufinder/reactClient1/index.html
2024-02-04 18:38:50,643 [WARN] PackLoader:240 - Cannot read IP mode file for STMicroelectronics.X-CUBE-MEMS1.9.4.0
2024-02-04 18:38:50,906 [WARN] PackLoader:240 - Cannot read IP mode file for STMicroelectronics.X-CUBE-AI.7.3.0
2024-02-04 18:38:50,915 [WARN] PackLoader:240 - Cannot read IP mode file for STMicroelectronics.X-CUBE-ALGOBUILD.1.3.0
2024-02-04 18:38:50,938 [WARN] PackLoader:240 - Cannot read IP mode file for STMicroelectronics.X-CUBE-AZRTOS-G0.1.1.0
2024-02-04 18:38:50,957 [WARN] PackLoader:240 - Cannot read IP mode file for STMicroelectronics.X-CUBE-NFC4.3.0.0
2024-02-04 18:38:51,016 [WARN] PackLoader:240 - Cannot read IP mode file for SEGGER.I-CUBE-embOS.1.2.0
2024-02-04 18:38:51,104 [WARN] PackLoader:240 - Cannot read IP mode file for STMicroelectronics.X-CUBE-BLEMGR.3.0.0
2024-02-04 18:38:51,118 [WARN] PackLoader:240 - Cannot read IP mode file for STMicroelectronics.X-CUBE-BLEMGR.1.3.0
2024-02-04 18:38:51,125 [WARN] PackLoader:240 - Cannot read IP mode file for STMicroelectronics.FP-ATR-SIGFOX1.3.2.0
2024-02-04 18:38:51,133 [WARN] PackLoader:240 - Cannot read IP mode file for STMicroelectronics.X-CUBE-EEPRMA1.5.1.0
2024-02-04 18:38:51,142 [WARN] PackLoader:240 - Cannot read IP mode file for emotas.I-CUBE-CANOPEN.1.1.2
2024-02-04 18:38:51,146 [WARN] PackLoader:240 - Cannot read IP mode file for STMicroelectronics.X-CUBE-TOUCHGFX.4.20.0
2024-02-04 18:38:51,199 [WARN] PackLoader:240 - Cannot read IP mode file for STMicroelectronics.X-CUBE-MEMS1.9.5.0
2024-02-04 18:38:51,402 [WARN] PackLoader:240 - Cannot read IP mode file for SEGGER.I-CUBE-embOS.1.3.1
2024-02-04 18:38:51,437 [WARN] PackLoader:240 - Cannot read IP mode file for STMicroelectronics.X-CUBE-GNSS1.6.0.0
2024-02-04 18:38:51,453 [WARN] PackLoader:240 - Cannot read IP mode file for STMicroelectronics.X-CUBE-AZRTOS-F4.1.1.0
2024-02-04 18:38:51,459 [WARN] PackLoader:240 - Cannot read IP mode file for wolfSSL.I-CUBE-wolfSSL.5.6.6
2024-02-04 18:38:51,466 [WARN] PackLoader:240 - Cannot read IP mode file for STMicroelectronics.X-CUBE-BLEMGR.1.2.0
2024-02-04 18:38:51,485 [WARN] PackLoader:240 - Cannot read IP mode file for STMicroelectronics.X-CUBE-AZRTOS-L5.2.0.0
2024-02-04 18:38:51,521 [WARN] PackLoader:240 - Cannot read IP mode file for STMicroelectronics.X-CUBE-MEMS1.9.6.0
2024-02-04 18:38:51,670 [WARN] PackLoader:240 - Cannot read IP mode file for STMicroelectronics.X-CUBE-EEPRMA1.4.2.0
2024-02-04 18:38:51,675 [WARN] PackLoader:240 - Cannot read IP mode file for ITTIA_DB.I-CUBE-ITTIADB.8.8.0
2024-02-04 18:38:51,681 [ERROR] Engine:466 - /Users/jeffsnyder/STM32Cube/Repository/Packs/ARM/CMSIS-DSP/1.15.0/ARM.CMSIS-DSP.pdsc: PDSC version is not supported
2024-02-04 18:38:51,687 [WARN] PackLoader:240 - Cannot read IP mode file for STMicroelectronics.X-CUBE-BLEMGR.2.0.0
2024-02-04 18:38:51,693 [WARN] PackLoader:240 - Cannot read IP mode file for STMicroelectronics.X-CUBE-NFC4.2.0.5
2024-02-04 18:38:51,698 [WARN] PackLoader:240 - Cannot read IP mode file for STMicroelectronics.X-CUBE-NFC4.2.0.4
2024-02-04 18:38:51,714 [WARN] ConditionMgr:438 - getConditionDescription Invalid condition id : UX DEVICE CLASS RTOS Condition cause : null
2024-02-04 18:38:51,714 [WARN] ConditionMgr:438 - getConditionDescription Invalid condition id : UX DEVICE CLASS RTOS Condition cause : null
2024-02-04 18:38:51,718 [WARN] PackLoader:240 - Cannot read IP mode file for STMicroelectronics.X-CUBE-AZRTOS-H7.3.1.0
2024-02-04 18:38:51,719 [WARN] ConditionMgr:1039 - genDependencies : Invalid condition id : UX DEVICE CLASS RTOS Condition cause : null
2024-02-04 18:38:51,719 [WARN] ConditionMgr:1039 - genDependencies : Invalid condition id : UX DEVICE CLASS RTOS Condition cause : null
2024-02-04 18:38:51,719 [WARN] ConditionMgr:1039 - genDependencies : Invalid condition id : UX DEVICE CLASS RTOS Condition cause : null
2024-02-04 18:38:51,720 [WARN] ConditionMgr:1039 - genDependencies : Invalid condition id : UX DEVICE CLASS RTOS Condition cause : null
2024-02-04 18:38:51,720 [WARN] ConditionMgr:1039 - genDependencies : Invalid condition id : UX DEVICE CLASS RTOS Condition cause : null
2024-02-04 18:38:51,735 [WARN] PackLoader:240 - Cannot read IP mode file for STMicroelectronics.X-CUBE-AZRTOS-F4.1.0.0
2024-02-04 18:38:51,742 [WARN] PackLoader:240 - Cannot read IP mode file for STMicroelectronics.X-CUBE-NFC7.1.0.1
2024-02-04 18:38:51,747 [WARN] PackLoader:240 - Cannot read IP mode file for STMicroelectronics.X-CUBE-NFC7.1.0.0
2024-02-04 18:38:51,754 [WARN] PackLoader:240 - Cannot read IP mode file for STMicroelectronics.X-CUBE-NFC6.3.0.0
2024-02-04 18:38:51,761 [WARN] PackLoader:240 - Cannot read IP mode file for STMicroelectronics.X-CUBE-EEPRMA1.4.1.0
2024-02-04 18:38:51,765 [WARN] PackLoader:240 - Cannot read IP mode file for STMicroelectronics.X-CUBE-AI.8.1.0
2024-02-04 18:38:51,781 [WARN] ConditionMgr:438 - getConditionDescription Invalid condition id : LAN8742 Phy interface Condition cause : null
2024-02-04 18:38:51,782 [WARN] PackLoader:240 - Cannot read IP mode file for STMicroelectronics.X-CUBE-AZRTOS-L4.2.0.0
2024-02-04 18:38:51,783 [WARN] ConditionMgr:1039 - genDependencies : Invalid condition id : LAN8742 Phy interface Condition cause : null
2024-02-04 18:38:51,784 [WARN] ConditionMgr:1039 - genDependencies : Invalid condition id : LAN8742 Phy interface Condition cause : null
2024-02-04 18:38:51,784 [WARN] ConditionMgr:1039 - genDependencies : Invalid condition id : LAN8742 Phy interface Condition cause : null
2024-02-04 18:38:51,790 [WARN] PackLoader:240 - Cannot read IP mode file for STMicroelectronics.X-CUBE-SFXS2LP1.4.0.0
2024-02-04 18:38:51,818 [WARN] PackLoader:240 - Cannot read IP mode file for STMicroelectronics.X-CUBE-AZRTOS-H7.3.0.0
2024-02-04 18:38:51,824 [WARN] PackLoader:240 - Cannot read IP mode file for STMicroelectronics.X-CUBE-ISPU.1.1.0
2024-02-04 18:38:51,830 [WARN] PackLoader:240 - Cannot read IP mode file for RoweBots.I-CUBE-UNISONRTOS.5.5.0-4
2024-02-04 18:38:51,834 [WARN] PackLoader:240 - Cannot read IP mode file for STMicroelectronics.X-CUBE-AI.8.0.0
2024-02-04 18:38:51,845 [WARN] ConditionMgr:438 - getConditionDescription Invalid condition id : UX DEVICE CLASS RTOS Condition cause : null
2024-02-04 18:38:51,846 [WARN] ConditionMgr:438 - getConditionDescription Invalid condition id : UX DEVICE CLASS RTOS Condition cause : null
2024-02-04 18:38:51,848 [WARN] PackLoader:240 - Cannot read IP mode file for STMicroelectronics.X-CUBE-AZRTOS-WB.2.0.0
2024-02-04 18:38:51,849 [WARN] ConditionMgr:1039 - genDependencies : Invalid condition id : UX DEVICE CLASS RTOS Condition cause : null
2024-02-04 18:38:51,849 [WARN] ConditionMgr:1039 - genDependencies : Invalid condition id : UX DEVICE CLASS RTOS Condition cause : null
2024-02-04 18:38:51,849 [WARN] ConditionMgr:1039 - genDependencies : Invalid condition id : UX DEVICE CLASS RTOS Condition cause : null
2024-02-04 18:38:51,850 [WARN] ConditionMgr:1039 - genDependencies : Invalid condition id : UX DEVICE CLASS RTOS Condition cause : null
2024-02-04 18:38:51,850 [WARN] ConditionMgr:1039 - genDependencies : Invalid condition id : UX DEVICE CLASS RTOS Condition cause : null
2024-02-04 18:38:51,855 [WARN] PackLoader:240 - Cannot read IP mode file for STMicroelectronics.X-CUBE-FREERTOS.1.0.0
2024-02-04 18:38:51,861 [WARN] PackLoader:240 - Cannot read IP mode file for STMicroelectronics.X-CUBE-FREERTOS.1.0.1
2024-02-04 18:38:51,868 [WARN] PackLoader:240 - Cannot read IP mode file for STMicroelectronics.X-CUBE-BLEMGR.1.0.0
2024-02-04 18:38:51,883 [WARN] PackLoader:240 - Cannot read IP mode file for STMicroelectronics.X-CUBE-AZRTOS-L5.1.1.0
2024-02-04 18:38:51,888 [WARN] PackLoader:240 - Cannot read IP mode file for STMicroelectronics.X-CUBE-AI.8.0.1
2024-02-04 18:38:51,896 [WARN] PackLoader:240 - Cannot read IP mode file for STMicroelectronics.X-CUBE-SUBG2.5.0.0
2024-02-04 18:38:51,910 [WARN] PackLoader:240 - Cannot read IP mode file for STMicroelectronics.X-CUBE-TOF1.3.3.1
2024-02-04 18:38:51,931 [WARN] PackLoader:240 - Cannot read IP mode file for STMicroelectronics.X-CUBE-AZRTOS-G4.2.0.0
2024-02-04 18:38:51,941 [WARN] PackLoader:240 - Cannot read IP mode file for STMicroelectronics.X-CUBE-TOF1.3.3.0
2024-02-04 18:38:51,950 [WARN] PackLoader:240 - Cannot read IP mode file for STMicroelectronics.FP-ATR-ASTRA1.1.1.1
2024-02-04 18:38:51,973 [WARN] PackLoader:240 - Cannot read IP mode file for Infineon.AIROC-Wi-Fi-Bluetooth-STM32.1.5.1
2024-02-04 18:38:51,978 [WARN] PackLoader:240 - Cannot read IP mode file for STMicroelectronics.FP-ATR-ASTRA1.1.1.0
2024-02-04 18:38:51,981 [WARN] PackLoader:240 - Cannot read IP mode file for STMicroelectronics.FP-SNS-MOTENVWB1.1.3.0
2024-02-04 18:38:51,984 [WARN] PackLoader:240 - Cannot read IP mode file for STMicroelectronics.FP-SNS-MOTENVWB1.1.3.1
2024-02-04 18:38:51,996 [WARN] PackLoader:240 - Cannot read IP mode file for STMicroelectronics.X-CUBE-AZRTOS-G4.1.0.0
2024-02-04 18:38:52,000 [WARN] PackLoader:240 - Cannot read IP mode file for wolfSSL.I-CUBE-wolfSSL.5.3.0
2024-02-04 18:38:52,014 [WARN] PackLoader:240 - Cannot read IP mode file for STMicroelectronics.X-CUBE-AZRTOS-L4.1.0.0
2024-02-04 18:38:52,020 [WARN] PackLoader:240 - Cannot read IP mode file for STMicroelectronics.X-CUBE-ISPU.2.0.0
2024-02-04 18:38:52,053 [WARN] PackLoader:240 - Cannot read IP mode file for STMicroelectronics.X-CUBE-MEMS1.10.0.0
2024-02-04 18:38:52,159 [WARN] PackLoader:240 - Cannot read IP mode file for STMicroelectronics.X-CUBE-FREERTOS.1.1.0
2024-02-04 18:38:52,173 [WARN] PackLoader:240 - Cannot read IP mode file for STMicroelectronics.X-CUBE-AZRTOS-F7.1.0.0
2024-02-04 18:38:52,184 [WARN] PackLoader:240 - Cannot read IP mode file for STMicroelectronics.X-CUBE-AZRTOS-WL.1.0.0
2024-02-04 18:38:52,190 [WARN] PackLoader:240 - Cannot read IP mode file for portGmbH.I-Cube-SoM-uGOAL.1.1.0
2024-02-04 18:38:52,193 [WARN] PackLoader:240 - Cannot read IP mode file for STMicroelectronics.X-CUBE-ALS.1.0.1
2024-02-04 18:38:52,219 [WARN] PackLoader:240 - Cannot read IP mode file for STMicroelectronics.X-CUBE-AZRTOS-WB.1.1.0
2024-02-04 18:38:52,233 [WARN] PackLoader:240 - Cannot read IP mode file for STMicroelectronics.X-CUBE-AZRTOS-L5.1.0.0
2024-02-04 18:38:52,238 [WARN] PackLoader:240 - Cannot read IP mode file for STMicroelectronics.X-CUBE-EEPRMA1.3.1.1
2024-02-04 18:38:52,241 [WARN] PackLoader:240 - Cannot read IP mode file for STMicroelectronics.FP-ATR-ASTRA1.2.0.0
2024-02-04 18:38:52,250 [WARN] PackLoader:240 - Cannot read IP mode file for STMicroelectronics.X-CUBE-TOF1.3.4.0
2024-02-04 18:38:52,275 [WARN] PackLoader:240 - Cannot read IP mode file for STMicroelectronics.X-CUBE-AZRTOS-H7.3.2.0
2024-02-04 18:38:52,278 [INFO] ThirdParty:978 - Integrity check success = true
2024-02-04 18:38:52,278 [INFO] IntegrityCheckThread:100 - exiting critical section [integrity check]
2024-02-04 18:38:52,278 [INFO] IntegrityCheckThread:103 - End integrity checks thread
2024-02-04 18:39:12,236 [ERROR] LogOutputStream:75 - [STDERR_REDIRECT] SLF4J: Failed to load class "org.slf4j.impl.StaticLoggerBinder".
2024-02-04 18:39:12,237 [ERROR] LogOutputStream:75 - [STDERR_REDIRECT] SLF4J: Defaulting to no-operation (NOP) logger implementation
2024-02-04 18:39:12,238 [ERROR] LogOutputStream:75 - [STDERR_REDIRECT] SLF4J: See http://www.slf4j.org/codes.html#StaticLoggerBinder for further details.
2024-02-04 21:18:22,986 [ERROR] LogOutputStream:75 - [STDERR_REDIRECT] Managed Build system manifest file error: Option com.st.stm32cube.ide.mcu.option.internal.toolchain.type.1638453726.1517574879.928833740 uses a null category that is invalid in its context. The option was ignored.
2024-02-04 21:18:22,987 [ERROR] LogOutputStream:75 - [STDERR_REDIRECT] Managed Build system manifest file error: Option com.st.stm32cube.ide.mcu.option.internal.toolchain.version.1082824495.1968265708.1987390702 uses a null category that is invalid in its context. The option was ignored.
2024-02-04 21:18:22,987 [ERROR] LogOutputStream:75 - [STDERR_REDIRECT] Managed Build system manifest file error: Option com.st.stm32cube.ide.mcu.gnu.managedbuild.option.target_mcu.1068552204.835058615.1133707761 uses a null category that is invalid in its context. The option was ignored.
2024-02-04 21:18:22,987 [ERROR] LogOutputStream:75 - [STDERR_REDIRECT] Managed Build system manifest file error: Option com.st.stm32cube.ide.mcu.gnu.managedbuild.option.target_cpuid.1181626072.4454046.1398111370 uses a null category that is invalid in its context. The option was ignored.
2024-02-04 21:18:22,988 [ERROR] LogOutputStream:75 - [STDERR_REDIRECT] Managed Build system manifest file error: Option com.st.stm32cube.ide.mcu.gnu.managedbuild.option.target_coreid.1181757209.1892503939.1672521487 uses a null category that is invalid in its context. The option was ignored.
2024-02-04 21:18:22,988 [ERROR] LogOutputStream:75 - [STDERR_REDIRECT] Managed Build system manifest file error: Option com.st.stm32cube.ide.mcu.gnu.managedbuild.option.fpu.483419860.1292093416.596600067 uses a null category that is invalid in its context. The option was ignored.
2024-02-04 21:18:22,988 [ERROR] LogOutputStream:75 - [STDERR_REDIRECT] Managed Build system manifest file error: Option com.st.stm32cube.ide.mcu.gnu.managedbuild.option.floatabi.211922754.973782979.56644319 uses a null category that is invalid in its context. The option was ignored.
2024-02-04 21:18:22,989 [ERROR] LogOutputStream:75 - [STDERR_REDIRECT] Managed Build system manifest file error: Option com.st.stm32cube.ide.mcu.gnu.managedbuild.option.target_board.2068916344.612596060.215970189 uses a null category that is invalid in its context. The option was ignored.
2024-02-04 21:18:22,989 [ERROR] LogOutputStream:75 - [STDERR_REDIRECT] Managed Build system manifest file error: Option com.st.stm32cube.ide.mcu.gnu.managedbuild.option.defaults.1224684755.1225557238.2014715203 uses a null category that is invalid in its context. The option was ignored.
2024-02-04 21:18:22,989 [ERROR] LogOutputStream:75 - [STDERR_REDIRECT] Managed Build system manifest file error: Option com.st.stm32cube.ide.mcu.gnu.managedbuild.option.toolchain.328925234.715911792.486299132 uses a null category that is invalid in its context. The option was ignored.
2024-02-04 21:18:22,989 [ERROR] LogOutputStream:75 - [STDERR_REDIRECT] Managed Build system manifest file error: Option com.st.stm32cube.ide.mcu.gnu.managedbuild.option.convertbinary.1608956953.132992730.286809589 uses a null category that is invalid in its context. The option was ignored.
2024-02-04 21:18:22,990 [ERROR] LogOutputStream:75 - [STDERR_REDIRECT] Managed Build system manifest file error: Option com.st.stm32cube.ide.mcu.debug.option.cpuclock.342254069.1776532534.1084003024 uses a null category that is invalid in its context. The option was ignored.
