2023-09-18 10:47:21,182 [INFO] Activator:176 - 


2023-09-18 10:47:21,188 [INFO] Activator:177 - !SESSION log4j initialized
2023-09-18 10:47:25,008 [ERROR] LogOutputStream:75 - [STDERR_REDIRECT] 
2023-09-18 10:47:25,928 [INFO] LogOutputStream:77 - [STDOUT_REDIRECT] 
2023-09-18 10:47:27,574 [INFO] LogOutputStream:77 - [STDOUT_REDIRECT] 
2023-09-18 10:47:28,955 [INFO] ApplicationProperties:184 - Using Application install path: /Applications/STM32CubeIDE.app/Contents/Eclipse/plugins/com.st.stm32cube.common.mx_6.9.1.202307191849
2023-09-18 10:47:28,977 [INFO] DbMcusXml:78 - Set database path to: /Applications/STM32CubeIDE.app/Contents/Eclipse/plugins/com.st.stm32cube.common.mx_6.9.1.202307191849//db//mcu/
2023-09-18 10:47:28,977 [INFO] ApiDb:274 - Set plugin database path to: /Applications/STM32CubeIDE.app/Contents/Eclipse/plugins/com.st.stm32cube.common.mx_6.9.1.202307191849//db//plugins/boardmanager/
2023-09-18 10:47:28,977 [WARN] ApiDb:259 - Overriding images path with different value:  => /Applications/STM32CubeIDE.app/Contents/Eclipse/plugins/com.st.stm32cube.common.mx_6.9.1.202307191849//db//plugins/mcufinder/images/
2023-09-18 10:47:28,989 [INFO] ApiDb:250 - Set database path to: /Users/jeffsnyder/.stmcufinder/plugins/mcufinder//mcu/
2023-09-18 10:47:28,991 [INFO] DbMcusAds:125 - Set database path to: /Users/jeffsnyder/.stmcufinder/plugins/mcufinder//mcu/
2023-09-18 10:47:28,994 [INFO] CrossReferenceDbSqlite:203 - Set database path to: /Users/jeffsnyder/.stmcufinder/plugins/mcufinder//mcu/cs/
2023-09-18 10:47:29,112 [INFO] RulesReader:64 - Compatibility file has been processed (293 Rules)
2023-09-18 10:47:29,194 [INFO] DbMcusXml:78 - Set database path to: /Applications/STM32CubeIDE.app/Contents/Eclipse/plugins/com.st.stm32cube.common.mx_6.9.1.202307191849//db//mcu/
2023-09-18 10:47:29,194 [INFO] ApiDb:274 - Set plugin database path to: /Applications/STM32CubeIDE.app/Contents/Eclipse/plugins/com.st.stm32cube.common.mx_6.9.1.202307191849//db//plugins/boardmanager/
2023-09-18 10:47:29,195 [INFO] ApiDb:261 - Set plugin images path to: /Applications/STM32CubeIDE.app/Contents/Eclipse/plugins/com.st.stm32cube.common.mx_6.9.1.202307191849//db//plugins/mcufinder/images/
2023-09-18 10:47:29,195 [WARN] DbFile:41 - Overriding database path with different value: /Users/jeffsnyder/.stmcufinder/plugins/mcufinder/ => /Users/jeffsnyder/.stmcufinder/plugins/mcufinder
2023-09-18 10:47:29,195 [INFO] ApiDb:250 - Set database path to: /Users/jeffsnyder/.stmcufinder/plugins/mcufinder//mcu/
2023-09-18 10:47:29,195 [WARN] DbFile:41 - Overriding database path with different value: /Users/jeffsnyder/.stmcufinder/plugins/mcufinder/ => /Users/jeffsnyder/.stmcufinder/plugins/mcufinder
2023-09-18 10:47:29,195 [INFO] DbMcusAds:125 - Set database path to: /Users/jeffsnyder/.stmcufinder/plugins/mcufinder//mcu/
2023-09-18 10:47:29,195 [WARN] DbFile:41 - Overriding database path with different value: /Users/jeffsnyder/.stmcufinder/plugins/mcufinder/ => /Users/jeffsnyder/.stmcufinder/plugins/mcufinder
2023-09-18 10:47:29,195 [WARN] DbFile:41 - Overriding database path with different value: /Users/jeffsnyder/.stmcufinder/plugins/mcufinder/ => /Users/jeffsnyder/.stmcufinder/plugins/mcufinder
2023-09-18 10:47:29,195 [INFO] CrossReferenceDbSqlite:203 - Set database path to: /Users/jeffsnyder/.stmcufinder/plugins/mcufinder//mcu/cs/
2023-09-18 10:47:29,270 [INFO] MainPanel:262 - HeapMemory: 268435456
2023-09-18 10:47:29,384 [INFO] DbMcusXml:78 - Set database path to: /Applications/STM32CubeIDE.app/Contents/Eclipse/plugins/com.st.stm32cube.common.mx_6.9.1.202307191849//db//mcu/
2023-09-18 10:47:29,384 [INFO] ApiDb:274 - Set plugin database path to: /Applications/STM32CubeIDE.app/Contents/Eclipse/plugins/com.st.stm32cube.common.mx_6.9.1.202307191849//db//plugins/boardmanager/
2023-09-18 10:47:29,384 [INFO] ApiDb:261 - Set plugin images path to: /Applications/STM32CubeIDE.app/Contents/Eclipse/plugins/com.st.stm32cube.common.mx_6.9.1.202307191849//db//plugins/mcufinder/images/
2023-09-18 10:47:29,385 [WARN] DbFile:41 - Overriding database path with different value: /Users/jeffsnyder/.stmcufinder/plugins/mcufinder/ => /Users/jeffsnyder/.stmcufinder/plugins/mcufinder
2023-09-18 10:47:29,385 [INFO] ApiDb:250 - Set database path to: /Users/jeffsnyder/.stmcufinder/plugins/mcufinder//mcu/
2023-09-18 10:47:29,385 [WARN] DbFile:41 - Overriding database path with different value: /Users/jeffsnyder/.stmcufinder/plugins/mcufinder/ => /Users/jeffsnyder/.stmcufinder/plugins/mcufinder
2023-09-18 10:47:29,385 [INFO] DbMcusAds:125 - Set database path to: /Users/jeffsnyder/.stmcufinder/plugins/mcufinder//mcu/
2023-09-18 10:47:29,385 [WARN] DbFile:41 - Overriding database path with different value: /Users/jeffsnyder/.stmcufinder/plugins/mcufinder/ => /Users/jeffsnyder/.stmcufinder/plugins/mcufinder
2023-09-18 10:47:29,385 [WARN] DbFile:41 - Overriding database path with different value: /Users/jeffsnyder/.stmcufinder/plugins/mcufinder/ => /Users/jeffsnyder/.stmcufinder/plugins/mcufinder
2023-09-18 10:47:29,385 [INFO] CrossReferenceDbSqlite:203 - Set database path to: /Users/jeffsnyder/.stmcufinder/plugins/mcufinder//mcu/cs/
2023-09-18 10:47:29,403 [INFO] ApplicationProperties:184 - Using Application install path: /Applications/STM32CubeIDE.app/Contents/Eclipse/plugins/com.st.stm32cube.common.mx_6.9.1.202307191849
2023-09-18 10:47:29,405 [INFO] PluginManage:196 - Search for loadable plugins [exclusion list=, ]
2023-09-18 10:47:29,406 [INFO] PluginManage:310 - Check plugin analytics
2023-09-18 10:47:29,579 [INFO] AnalyticsPlugin:253 - Accepted Software Licenses: STM32CubeMX.6.8.1
2023-09-18 10:47:29,579 [INFO] AnalyticsPlugin:255 - Accepted CMSIS Pack Licenses: 
2023-09-18 10:47:29,579 [INFO] AnalyticsPlugin:257 - Accepted Firmware Licenses: FW.H7.1.11.0
2023-09-18 10:47:29,582 [INFO] PluginManage:359 - Loaded plugin analytics (category:tool,tabindex:-1)
2023-09-18 10:47:29,582 [INFO] PluginManage:310 - Check plugin cadmodel
2023-09-18 10:47:30,741 [INFO] CADModel:105 - Init CAD model plugin
2023-09-18 10:47:30,741 [INFO] PluginManage:359 - Loaded plugin cadmodel (category:power,tabindex:5)
2023-09-18 10:47:30,742 [INFO] PluginManage:310 - Check plugin clock
2023-09-18 10:47:30,757 [INFO] PluginManage:359 - Loaded plugin clock (category:base,tabindex:2)
2023-09-18 10:47:30,757 [INFO] PluginManage:310 - Check plugin ddr
2023-09-18 10:47:30,761 [INFO] PluginManage:359 - Loaded plugin ddr (category:tool,tabindex:6)
2023-09-18 10:47:30,761 [INFO] PluginManage:310 - Check plugin filemanager
2023-09-18 10:47:30,899 [INFO] PluginManage:359 - Loaded plugin filemanager (category:base,tabindex:10)
2023-09-18 10:47:30,899 [INFO] PluginManage:310 - Check plugin ipmanager
2023-09-18 10:47:30,905 [INFO] PluginManage:359 - Loaded plugin ipmanager (category:base,tabindex:5)
2023-09-18 10:47:30,905 [INFO] PluginManage:310 - Check plugin lpbam
2023-09-18 10:47:30,917 [INFO] PluginManage:359 - Loaded plugin lpbam (category:base,tabindex:0)
2023-09-18 10:47:30,917 [INFO] PluginManage:310 - Check plugin memorymap
2023-09-18 10:47:30,932 [INFO] PluginManage:359 - Loaded plugin memorymap (category:base,tabindex:4)
2023-09-18 10:47:30,932 [INFO] PluginManage:310 - Check plugin pinoutandconfiguration
2023-09-18 10:47:30,940 [INFO] PluginManage:359 - Loaded plugin pinoutandconfiguration (category:base,tabindex:1)
2023-09-18 10:47:30,940 [INFO] PluginManage:310 - Check plugin pinoutconfig
2023-09-18 10:47:31,030 [WARN] SupportedApi:132 - Cannot load RTOS API schema: s4s-elt-must-match.1: The content of 'definitions' must match (annotation?, (simpleType | complexType)?, (unique | key | keyref)*)). A problem was found starting at: attribute.
2023-09-18 10:47:31,183 [INFO] PluginManage:359 - Loaded plugin pinoutconfig (category:base,tabindex:0)
2023-09-18 10:47:31,183 [INFO] PluginManage:310 - Check plugin power
2023-09-18 10:47:31,194 [INFO] PluginManage:359 - Loaded plugin power (category:power,tabindex:4)
2023-09-18 10:47:31,194 [INFO] PluginManage:310 - Check plugin projectmanager
2023-09-18 10:47:31,206 [INFO] PluginManage:359 - Loaded plugin projectmanager (category:projectmanager,tabindex:3)
2023-09-18 10:47:31,206 [INFO] PluginManage:310 - Check plugin thirdparty
2023-09-18 10:47:31,332 [INFO] PluginManage:359 - Loaded plugin thirdparty (category:base,tabindex:-1)
2023-09-18 10:47:31,332 [INFO] PluginManage:310 - Check plugin tools
2023-09-18 10:47:31,332 [WARN] IntegrityCheckThread:84 - waiting for thirdparty lock release [integrity check]
2023-09-18 10:47:31,332 [INFO] IntegrityCheckThread:86 - entering critical section [integrity check]
2023-09-18 10:47:31,333 [INFO] ThirdPartyUpdaterWithRetryManager:70 - Updater plugin not ready yet. [1/15]
2023-09-18 10:47:31,334 [INFO] PluginManage:359 - Loaded plugin tools (category:base,tabindex:7)
2023-09-18 10:47:31,334 [INFO] PluginManage:310 - Check plugin tutovideos
2023-09-18 10:47:31,608 [INFO] PluginManage:359 - Loaded plugin tutovideos (category:base,tabindex:-1)
2023-09-18 10:47:31,608 [INFO] PluginManage:310 - Check plugin updater
2023-09-18 10:47:31,618 [INFO] PluginManage:359 - Loaded plugin updater (category:base,tabindex:12)
2023-09-18 10:47:31,619 [INFO] PluginManage:310 - Check plugin userauth
2023-09-18 10:47:31,623 [INFO] UserAuth:113 - Init User Auth plugin
2023-09-18 10:47:31,623 [INFO] PluginManage:359 - Loaded plugin userauth (category:base,tabindex:14)
2023-09-18 10:47:31,624 [INFO] PluginManage:283 - PluginManage : Loaded plugins [17]
2023-09-18 10:47:31,814 [INFO] PinOutPanel:1499 - setPackage(No Configuration,No Configuration)
2023-09-18 10:47:31,901 [INFO] CADModel:165 - CPN selected for project level
2023-09-18 10:47:31,901 [INFO] CADModel:114 - Register for checkConnection events
2023-09-18 10:47:31,918 [INFO] IPUIPlugin:80 - create IPUIPlugin
2023-09-18 10:47:31,918 [INFO] PluginManager:220 - loadIPPluginJar : add mdma
2023-09-18 10:47:31,929 [INFO] IPUIPlugin:80 - create IPUIPlugin
2023-09-18 10:47:31,929 [INFO] PluginManager:220 - loadIPPluginJar : add freertos
2023-09-18 10:47:31,938 [INFO] IPUIPlugin:80 - create IPUIPlugin
2023-09-18 10:47:31,939 [INFO] PluginManager:220 - loadIPPluginJar : add gic
2023-09-18 10:47:31,949 [INFO] IPUIPlugin:80 - create IPUIPlugin
2023-09-18 10:47:31,950 [INFO] PluginManager:220 - loadIPPluginJar : add adc
2023-09-18 10:47:31,953 [INFO] IPUIPlugin:80 - create IPUIPlugin
2023-09-18 10:47:31,953 [INFO] PluginManager:220 - loadIPPluginJar : add gtzc
2023-09-18 10:47:31,955 [INFO] IPUIPlugin:80 - create IPUIPlugin
2023-09-18 10:47:31,955 [INFO] PluginManager:220 - loadIPPluginJar : add quadspi
2023-09-18 10:47:31,958 [INFO] IPUIPlugin:80 - create IPUIPlugin
2023-09-18 10:47:31,958 [INFO] PluginManager:220 - loadIPPluginJar : add aes
2023-09-18 10:47:31,962 [INFO] IPUIPlugin:80 - create IPUIPlugin
2023-09-18 10:47:31,962 [INFO] PluginManager:220 - loadIPPluginJar : add pdm2pcm
2023-09-18 10:47:31,965 [INFO] IPUIPlugin:80 - create IPUIPlugin
2023-09-18 10:47:31,965 [INFO] PluginManager:220 - loadIPPluginJar : add hash
2023-09-18 10:47:31,967 [INFO] IPUIPlugin:80 - create IPUIPlugin
2023-09-18 10:47:31,967 [INFO] PluginManager:220 - loadIPPluginJar : add tim
2023-09-18 10:47:31,969 [INFO] IPUIPlugin:80 - create IPUIPlugin
2023-09-18 10:47:31,969 [INFO] PluginManager:220 - loadIPPluginJar : add tsc
2023-09-18 10:47:31,971 [INFO] IPUIPlugin:80 - create IPUIPlugin
2023-09-18 10:47:31,971 [INFO] PluginManager:220 - loadIPPluginJar : add ts
2023-09-18 10:47:31,975 [INFO] IPUIPlugin:80 - create IPUIPlugin
2023-09-18 10:47:31,975 [INFO] PluginManager:220 - loadIPPluginJar : add can
2023-09-18 10:47:31,977 [INFO] IPUIPlugin:80 - create IPUIPlugin
2023-09-18 10:47:31,977 [INFO] PluginManager:220 - loadIPPluginJar : add dma3
2023-09-18 10:47:31,979 [INFO] IPUIPlugin:80 - create IPUIPlugin
2023-09-18 10:47:31,979 [INFO] PluginManager:220 - loadIPPluginJar : add dfsdm
2023-09-18 10:47:31,982 [INFO] IPUIPlugin:80 - create IPUIPlugin
2023-09-18 10:47:31,983 [INFO] PluginManager:220 - loadIPPluginJar : add spi
2023-09-18 10:47:31,986 [INFO] IPUIPlugin:80 - create IPUIPlugin
2023-09-18 10:47:31,986 [INFO] PluginManager:220 - loadIPPluginJar : add gfxmmu
2023-09-18 10:47:31,987 [INFO] IPUIPlugin:80 - create IPUIPlugin
2023-09-18 10:47:31,987 [INFO] PluginManager:220 - loadIPPluginJar : add genericplugin
2023-09-18 10:47:31,990 [INFO] IPUIPlugin:80 - create IPUIPlugin
2023-09-18 10:47:31,991 [INFO] PluginManager:220 - loadIPPluginJar : add cryp
2023-09-18 10:47:31,998 [INFO] IPUIPlugin:80 - create IPUIPlugin
2023-09-18 10:47:31,998 [INFO] PluginManager:220 - loadIPPluginJar : add gpio
2023-09-18 10:47:32,000 [INFO] IPUIPlugin:80 - create IPUIPlugin
2023-09-18 10:47:32,000 [INFO] PluginManager:220 - loadIPPluginJar : add comp
2023-09-18 10:47:32,002 [INFO] IPUIPlugin:80 - create IPUIPlugin
2023-09-18 10:47:32,002 [INFO] PluginManager:220 - loadIPPluginJar : add tracer_emb
2023-09-18 10:47:32,005 [INFO] IPUIPlugin:80 - create IPUIPlugin
2023-09-18 10:47:32,005 [INFO] PluginManager:220 - loadIPPluginJar : add openamp
2023-09-18 10:47:32,010 [INFO] IPUIPlugin:80 - create IPUIPlugin
2023-09-18 10:47:32,010 [INFO] PluginManager:220 - loadIPPluginJar : add stm32_wpan
2023-09-18 10:47:32,019 [INFO] IPUIPlugin:80 - create IPUIPlugin
2023-09-18 10:47:32,022 [INFO] PluginManager:220 - loadIPPluginJar : add plateformsettings
2023-09-18 10:47:32,027 [INFO] IPUIPlugin:80 - create IPUIPlugin
2023-09-18 10:47:32,027 [INFO] PluginManager:220 - loadIPPluginJar : add ipddr
2023-09-18 10:47:32,030 [INFO] IPUIPlugin:80 - create IPUIPlugin
2023-09-18 10:47:32,030 [INFO] PluginManager:220 - loadIPPluginJar : add usart
2023-09-18 10:47:32,032 [INFO] IPUIPlugin:80 - create IPUIPlugin
2023-09-18 10:47:32,032 [INFO] PluginManager:220 - loadIPPluginJar : add ltdc
2023-09-18 10:47:32,037 [INFO] IPUIPlugin:80 - create IPUIPlugin
2023-09-18 10:47:32,037 [INFO] PluginManager:220 - loadIPPluginJar : add nvic
2023-09-18 10:47:32,038 [INFO] IPUIPlugin:80 - create IPUIPlugin
2023-09-18 10:47:32,038 [INFO] PluginManager:220 - loadIPPluginJar : add fatfs
2023-09-18 10:47:32,047 [INFO] IPUIPlugin:80 - create IPUIPlugin
2023-09-18 10:47:32,047 [INFO] PluginManager:220 - loadIPPluginJar : add linkedlist
2023-09-18 10:47:32,054 [INFO] IPUIPlugin:80 - create IPUIPlugin
2023-09-18 10:47:32,055 [INFO] PluginManager:220 - loadIPPluginJar : add dma
2023-09-18 10:47:32,060 [INFO] IPUIPlugin:80 - create IPUIPlugin
2023-09-18 10:47:32,060 [INFO] PluginManager:220 - loadIPPluginJar : add fmc
2023-09-18 10:47:32,064 [INFO] IPUIPlugin:80 - create IPUIPlugin
2023-09-18 10:47:32,064 [INFO] PluginManager:220 - loadIPPluginJar : add i2s
2023-09-18 10:47:32,066 [INFO] IPUIPlugin:80 - create IPUIPlugin
2023-09-18 10:47:32,066 [INFO] PluginManager:220 - loadIPPluginJar : add ucpd
2023-09-18 10:47:32,068 [INFO] IPUIPlugin:80 - create IPUIPlugin
2023-09-18 10:47:32,069 [INFO] PluginManager:220 - loadIPPluginJar : add lorawan
2023-09-18 10:47:32,071 [INFO] IPUIPlugin:80 - create IPUIPlugin
2023-09-18 10:47:32,071 [INFO] PluginManager:220 - loadIPPluginJar : add opamp
2023-09-18 10:47:32,074 [INFO] IPUIPlugin:80 - create IPUIPlugin
2023-09-18 10:47:32,074 [INFO] PluginManager:220 - loadIPPluginJar : add i3c
2023-09-18 10:47:32,077 [INFO] IPUIPlugin:80 - create IPUIPlugin
2023-09-18 10:47:32,077 [INFO] PluginManager:220 - loadIPPluginJar : add touchsensing
2023-09-18 10:47:32,080 [INFO] IPUIPlugin:80 - create IPUIPlugin
2023-09-18 10:47:32,080 [INFO] PluginManager:220 - loadIPPluginJar : add i2c
2023-09-18 10:47:32,084 [INFO] IPUIPlugin:80 - create IPUIPlugin
2023-09-18 10:47:32,084 [INFO] PluginManager:220 - loadIPPluginJar : add resmgrutility
2023-09-18 10:47:32,087 [INFO] IPUIPlugin:80 - create IPUIPlugin
2023-09-18 10:47:32,087 [INFO] PluginManager:220 - loadIPPluginJar : add sai
2023-09-18 10:47:32,089 [INFO] IPUIPlugin:80 - create IPUIPlugin
2023-09-18 10:47:32,089 [INFO] PluginManager:220 - loadIPPluginJar : add usbx
2023-09-18 10:47:32,202 [INFO] CADModel:165 - CPN selected for project level
2023-09-18 10:47:32,202 [INFO] CADModel:114 - Register for checkConnection events
2023-09-18 10:47:32,202 [FATAL] Updater:308 - Updater called before beeing initialized
2023-09-18 10:47:32,203 [ERROR] CADModel:125 - Updater not yet initialized, retry later 
2023-09-18 10:47:32,504 [INFO] CADModel:165 - CPN selected for project level
2023-09-18 10:47:32,504 [INFO] CADModel:114 - Register for checkConnection events
2023-09-18 10:47:32,504 [FATAL] Updater:308 - Updater called before beeing initialized
2023-09-18 10:47:32,504 [ERROR] CADModel:125 - Updater not yet initialized, retry later 
2023-09-18 10:47:32,508 [FATAL] Updater:308 - Updater called before beeing initialized
2023-09-18 10:47:32,593 [FATAL] Updater:308 - Updater called before beeing initialized
2023-09-18 10:47:32,600 [INFO] DbMcusAds:53 - JSON generation date=Thu Sep 30 02:55:09 EDT 2021 (1632984909247)
2023-09-18 10:47:32,601 [FATAL] Updater:308 - Updater called before beeing initialized
2023-09-18 10:47:32,656 [WARN] DetailPanel:346 - Failed to get advertising image, set to default
2023-09-18 10:47:32,742 [FATAL] Updater:308 - Updater called before beeing initialized
2023-09-18 10:47:32,744 [FATAL] Updater:308 - Updater called before beeing initialized
2023-09-18 10:47:32,744 [FATAL] Updater:308 - Updater called before beeing initialized
2023-09-18 10:47:32,744 [WARN] DetailPanel:346 - Failed to get advertising image, set to default
2023-09-18 10:47:32,744 [FATAL] Updater:308 - Updater called before beeing initialized
2023-09-18 10:47:32,770 [ERROR] Updater:1120 - MainUpdater not yet initialized. External WinMGr cannot be set.
2023-09-18 10:47:32,791 [INFO] Updater:1056 - Updater Version found : 6.9.1
2023-09-18 10:47:32,812 [INFO] ApplicationProperties:184 - Using Application install path: /Applications/STM32CubeIDE.app/Contents/Eclipse/plugins/com.st.stm32cube.common.mx_6.9.1.202307191849
2023-09-18 10:47:32,986 [INFO] MainUpdater:2868 - connection check result : 10
2023-09-18 10:47:32,987 [INFO] MainUpdater:285 - Updater Check For Update Now.
2023-09-18 10:47:32,987 [INFO] MicroXplorer:498 - Change Database Version : DB.6.0.91
2023-09-18 10:47:32,993 [INFO] McuFinderGlobals:63 - Set McuFinder mode to 2 (CubeIDE integrated)
2023-09-18 10:47:32,993 [INFO] UserAuth:179 - activating auth plugin
2023-09-18 10:47:32,995 [INFO] UserAuth:393 - Internet connection configuration mode: 1
2023-09-18 10:47:33,011 [INFO] JxBrowserEngine:151 - Initiate JxBrowser Engine with user profile folder
2023-09-18 10:47:33,159 [INFO] CheckServerUpdateThread:120 - End of CheckServer Thread
2023-09-18 10:47:34,502 [WARN] PackLoader:240 - Cannot read IP mode file for STMicroelectronics.X-CUBE-SMBUS.2.1.0
2023-09-18 10:47:34,579 [INFO] WebApp:157 - Instantiating new browser for Auth
2023-09-18 10:47:34,603 [WARN] PackLoader:240 - Cannot read IP mode file for STMicroelectronics.X-CUBE-MEMS1.9.2.0
2023-09-18 10:47:34,801 [WARN] PackLoader:240 - Cannot read IP mode file for STMicroelectronics.X-CUBE-AZRTOS-F7.1.1.0
2023-09-18 10:47:34,809 [ERROR] RealEvaluatedCondition:428 - Found unsupported composite condition: GROUP='STM32_MetaDataManager' CLASS='Data Exchange'
2023-09-18 10:47:34,809 [ERROR] RealEvaluatedCondition:428 - Found unsupported composite condition: GROUP='STM32_MetaDataManager' CLASS='Data Exchange'
2023-09-18 10:47:34,810 [WARN] PackLoader:240 - Cannot read IP mode file for STMicroelectronics.FP-SNS-MOTENV1.4.3.0
2023-09-18 10:47:34,815 [WARN] PackLoader:240 - Cannot read IP mode file for STMicroelectronics.FP-SNS-MOTENV1.4.3.2
2023-09-18 10:47:34,820 [WARN] PackLoader:240 - Cannot read IP mode file for STMicroelectronics.FP-SNS-FLIGHT1.5.0.0
2023-09-18 10:47:34,824 [ERROR] RealEvaluatedCondition:428 - Found unsupported composite condition: CLASS='Data Exchange' GROUP='STM32_MetaDataManager'
2023-09-18 10:47:34,824 [ERROR] RealEvaluatedCondition:428 - Found unsupported composite condition: CLASS='Data Exchange' GROUP='STM32_MetaDataManager'
2023-09-18 10:47:34,825 [WARN] PackLoader:240 - Cannot read IP mode file for STMicroelectronics.FP-SNS-MOTENV1.4.3.1
2023-09-18 10:47:34,830 [WARN] PackLoader:240 - Cannot read IP mode file for STMicroelectronics.FP-SNS-FLIGHT1.5.0.1
2023-09-18 10:47:34,836 [WARN] PackLoader:240 - Cannot read IP mode file for STMicroelectronics.X-CUBE-BLE1.6.2.3
2023-09-18 10:47:34,841 [WARN] PackLoader:240 - Cannot read IP mode file for STMicroelectronics.X-CUBE-BLE1.6.2.4
2023-09-18 10:47:34,846 [WARN] PackLoader:240 - Cannot read IP mode file for STMicroelectronics.FP-SNS-FLIGHT1.5.0.2
2023-09-18 10:47:34,856 [WARN] PackLoader:240 - Cannot read IP mode file for STMicroelectronics.X-CUBE-TOF1.3.1.0
2023-09-18 10:47:34,874 [WARN] PackLoader:240 - Cannot read IP mode file for STMicroelectronics.X-CUBE-DISPLAY.3.0.0
2023-09-18 10:47:34,883 [WARN] PackLoader:240 - Cannot read IP mode file for STMicroelectronics.X-CUBE-BLE1.7.0.0
2023-09-18 10:47:34,888 [WARN] PackLoader:240 - Cannot read IP mode file for STMicroelectronics.X-CUBE-TOUCHGFX.4.22.0
2023-09-18 10:47:34,941 [WARN] PackLoader:240 - Cannot read IP mode file for STMicroelectronics.X-CUBE-MEMS1.9.3.0
2023-09-18 10:47:35,136 [WARN] PackLoader:240 - Cannot read IP mode file for STMicroelectronics.X-CUBE-AI.7.2.0
2023-09-18 10:47:35,140 [WARN] PackLoader:240 - Cannot read IP mode file for STMicroelectronics.FP-SNS-SMARTAG2.1.2.0
2023-09-18 10:47:35,152 [INFO] LogOutputStream:77 - [STDOUT_REDIRECT] 1 : Invalid condition id : UX_CORESTACK_Condition cause : null
2023-09-18 10:47:35,153 [INFO] LogOutputStream:77 - [STDOUT_REDIRECT] 1 : Invalid condition id : UX_CORESTACK_Condition cause : null
2023-09-18 10:47:35,153 [INFO] LogOutputStream:77 - [STDOUT_REDIRECT] 1 : Invalid condition id : UX_CORESTACK_Condition cause : null
2023-09-18 10:47:35,153 [INFO] LogOutputStream:77 - [STDOUT_REDIRECT] 1 : Invalid condition id : UX_CORESTACK_Condition cause : null
2023-09-18 10:47:35,153 [INFO] LogOutputStream:77 - [STDOUT_REDIRECT] 1 : Invalid condition id : UX_CORESTACK_Condition cause : null
2023-09-18 10:47:35,156 [WARN] PackLoader:240 - Cannot read IP mode file for STMicroelectronics.X-CUBE-AZRTOS-WL.2.0.0
2023-09-18 10:47:35,163 [WARN] PackLoader:240 - Cannot read IP mode file for WES.I-CUBE-Cesium.1.3.0
2023-09-18 10:47:35,167 [WARN] PackLoader:240 - Cannot read IP mode file for STMicroelectronics.X-CUBE-BLE2.3.3.0
2023-09-18 10:47:35,173 [WARN] PackLoader:240 - Cannot read IP mode file for STMicroelectronics.X-CUBE-DISPLAY.2.2.0
2023-09-18 10:47:35,186 [WARN] PackLoader:240 - Cannot read IP mode file for STMicroelectronics.X-CUBE-TOF1.3.2.0
2023-09-18 10:47:35,198 [WARN] PackLoader:240 - Cannot read IP mode file for STMicroelectronics.X-CUBE-ISPU.1.0.0
2023-09-18 10:47:35,231 [WARN] PackLoader:240 - Cannot read IP mode file for STMicroelectronics.X-CUBE-AZRTOS-H7.2.1.0
2023-09-18 10:47:35,242 [WARN] PackLoader:240 - Cannot read IP mode file for STMicroelectronics.X-CUBE-TOUCHGFX.4.21.1
2023-09-18 10:47:35,245 [WARN] PackLoader:240 - Cannot read IP mode file for STMicroelectronics.X-CUBE-TOUCHGFX.4.21.0
2023-09-18 10:47:35,248 [WARN] PackLoader:240 - Cannot read IP mode file for STMicroelectronics.X-CUBE-TOUCHGFX.4.21.3
2023-09-18 10:47:35,251 [WARN] PackLoader:240 - Cannot read IP mode file for STMicroelectronics.X-CUBE-TOUCHGFX.4.21.4
2023-09-18 10:47:35,302 [WARN] PackLoader:240 - Cannot read IP mode file for STMicroelectronics.X-CUBE-MEMS1.9.4.0
2023-09-18 10:47:35,466 [WARN] PackLoader:240 - Cannot read IP mode file for STMicroelectronics.X-CUBE-AI.7.3.0
2023-09-18 10:47:35,478 [WARN] PackLoader:240 - Cannot read IP mode file for STMicroelectronics.X-CUBE-ALGOBUILD.1.3.0
2023-09-18 10:47:35,509 [WARN] PackLoader:240 - Cannot read IP mode file for STMicroelectronics.X-CUBE-AZRTOS-G0.1.1.0
2023-09-18 10:47:35,525 [WARN] PackLoader:240 - Cannot read IP mode file for STMicroelectronics.X-CUBE-NFC4.3.0.0
2023-09-18 10:47:35,596 [WARN] PackLoader:240 - Cannot read IP mode file for SEGGER.I-CUBE-embOS.1.2.0
2023-09-18 10:47:35,660 [WARN] PackLoader:240 - Cannot read IP mode file for STMicroelectronics.X-CUBE-BLEMGR.1.3.0
2023-09-18 10:47:35,667 [WARN] PackLoader:240 - Cannot read IP mode file for STMicroelectronics.FP-ATR-SIGFOX1.3.2.0
2023-09-18 10:47:35,681 [WARN] PackLoader:240 - Cannot read IP mode file for emotas.I-CUBE-CANOPEN.1.1.2
2023-09-18 10:47:35,684 [WARN] PackLoader:240 - Cannot read IP mode file for STMicroelectronics.X-CUBE-TOUCHGFX.4.20.0
2023-09-18 10:47:35,726 [WARN] PackLoader:240 - Cannot read IP mode file for STMicroelectronics.X-CUBE-MEMS1.9.5.0
2023-09-18 10:47:35,728 [INFO] WebApp:753 - Register for checkConnection events
2023-09-18 10:47:35,728 [INFO] WebApp:390 - Apply proxy settings
2023-09-18 10:47:35,732 [INFO] WebApp:455 - Chromium authenticates against System proxy
2023-09-18 10:47:35,916 [WARN] PackLoader:240 - Cannot read IP mode file for SEGGER.I-CUBE-embOS.1.3.1
2023-09-18 10:47:35,967 [WARN] PackLoader:240 - Cannot read IP mode file for STMicroelectronics.X-CUBE-GNSS1.6.0.0
2023-09-18 10:47:35,984 [WARN] PackLoader:240 - Cannot read IP mode file for STMicroelectronics.X-CUBE-AZRTOS-F4.1.1.0
2023-09-18 10:47:35,996 [WARN] PackLoader:240 - Cannot read IP mode file for STMicroelectronics.X-CUBE-BLEMGR.1.2.0
2023-09-18 10:47:35,997 [INFO] WebApp:188 - Starting web application
2023-09-18 10:47:35,997 [INFO] WebApp:520 - Web application path used /Applications/STM32CubeIDE.app/Contents/Eclipse/plugins/com.st.stm32cube.common.mx_6.9.1.202307191849/db/plugins/mcufinder/reactClient1/index.html
2023-09-18 10:47:36,013 [WARN] PackLoader:240 - Cannot read IP mode file for STMicroelectronics.X-CUBE-AZRTOS-L5.2.0.0
2023-09-18 10:47:36,065 [WARN] PackLoader:240 - Cannot read IP mode file for STMicroelectronics.X-CUBE-MEMS1.9.6.0
2023-09-18 10:47:36,306 [WARN] PackLoader:240 - Cannot read IP mode file for STMicroelectronics.X-CUBE-BLEMGR.2.0.0
2023-09-18 10:47:36,312 [WARN] PackLoader:240 - Cannot read IP mode file for STMicroelectronics.X-CUBE-NFC4.2.0.5
2023-09-18 10:47:36,316 [WARN] PackLoader:240 - Cannot read IP mode file for STMicroelectronics.X-CUBE-NFC4.2.0.4
2023-09-18 10:47:36,335 [WARN] ConditionMgr:438 - getConditionDescription Invalid condition id : UX DEVICE CLASS RTOS Condition cause : null
2023-09-18 10:47:36,335 [WARN] ConditionMgr:438 - getConditionDescription Invalid condition id : UX DEVICE CLASS RTOS Condition cause : null
2023-09-18 10:47:36,338 [WARN] PackLoader:240 - Cannot read IP mode file for STMicroelectronics.X-CUBE-AZRTOS-H7.3.1.0
2023-09-18 10:47:36,339 [WARN] ConditionMgr:1039 - genDependencies : Invalid condition id : UX DEVICE CLASS RTOS Condition cause : null
2023-09-18 10:47:36,340 [WARN] ConditionMgr:1039 - genDependencies : Invalid condition id : UX DEVICE CLASS RTOS Condition cause : null
2023-09-18 10:47:36,341 [WARN] ConditionMgr:1039 - genDependencies : Invalid condition id : UX DEVICE CLASS RTOS Condition cause : null
2023-09-18 10:47:36,341 [WARN] ConditionMgr:1039 - genDependencies : Invalid condition id : UX DEVICE CLASS RTOS Condition cause : null
2023-09-18 10:47:36,342 [WARN] ConditionMgr:1039 - genDependencies : Invalid condition id : UX DEVICE CLASS RTOS Condition cause : null
2023-09-18 10:47:36,364 [WARN] PackLoader:240 - Cannot read IP mode file for STMicroelectronics.X-CUBE-AZRTOS-F4.1.0.0
2023-09-18 10:47:36,371 [WARN] PackLoader:240 - Cannot read IP mode file for STMicroelectronics.X-CUBE-NFC7.1.0.1
2023-09-18 10:47:36,376 [WARN] PackLoader:240 - Cannot read IP mode file for STMicroelectronics.X-CUBE-NFC7.1.0.0
2023-09-18 10:47:36,383 [WARN] PackLoader:240 - Cannot read IP mode file for STMicroelectronics.X-CUBE-NFC6.3.0.0
2023-09-18 10:47:36,391 [WARN] PackLoader:240 - Cannot read IP mode file for STMicroelectronics.X-CUBE-EEPRMA1.4.1.0
2023-09-18 10:47:36,396 [WARN] PackLoader:240 - Cannot read IP mode file for STMicroelectronics.X-CUBE-AI.8.1.0
2023-09-18 10:47:36,415 [WARN] ConditionMgr:438 - getConditionDescription Invalid condition id : LAN8742 Phy interface Condition cause : null
2023-09-18 10:47:36,415 [WARN] PackLoader:240 - Cannot read IP mode file for STMicroelectronics.X-CUBE-AZRTOS-L4.2.0.0
2023-09-18 10:47:36,416 [WARN] ConditionMgr:1039 - genDependencies : Invalid condition id : LAN8742 Phy interface Condition cause : null
2023-09-18 10:47:36,417 [WARN] ConditionMgr:1039 - genDependencies : Invalid condition id : LAN8742 Phy interface Condition cause : null
2023-09-18 10:47:36,417 [WARN] ConditionMgr:1039 - genDependencies : Invalid condition id : LAN8742 Phy interface Condition cause : null
2023-09-18 10:47:36,425 [WARN] PackLoader:240 - Cannot read IP mode file for STMicroelectronics.X-CUBE-SFXS2LP1.4.0.0
2023-09-18 10:47:36,447 [WARN] PackLoader:240 - Cannot read IP mode file for STMicroelectronics.X-CUBE-AZRTOS-H7.3.0.0
2023-09-18 10:47:36,453 [WARN] PackLoader:240 - Cannot read IP mode file for STMicroelectronics.X-CUBE-ISPU.1.1.0
2023-09-18 10:47:36,459 [WARN] PackLoader:240 - Cannot read IP mode file for RoweBots.I-CUBE-UNISONRTOS.5.5.0-4
2023-09-18 10:47:36,463 [WARN] PackLoader:240 - Cannot read IP mode file for STMicroelectronics.X-CUBE-AI.8.0.0
2023-09-18 10:47:36,474 [WARN] ConditionMgr:438 - getConditionDescription Invalid condition id : UX DEVICE CLASS RTOS Condition cause : null
2023-09-18 10:47:36,474 [WARN] ConditionMgr:438 - getConditionDescription Invalid condition id : UX DEVICE CLASS RTOS Condition cause : null
2023-09-18 10:47:36,476 [WARN] PackLoader:240 - Cannot read IP mode file for STMicroelectronics.X-CUBE-AZRTOS-WB.2.0.0
2023-09-18 10:47:36,477 [WARN] ConditionMgr:1039 - genDependencies : Invalid condition id : UX DEVICE CLASS RTOS Condition cause : null
2023-09-18 10:47:36,477 [WARN] ConditionMgr:1039 - genDependencies : Invalid condition id : UX DEVICE CLASS RTOS Condition cause : null
2023-09-18 10:47:36,478 [WARN] ConditionMgr:1039 - genDependencies : Invalid condition id : UX DEVICE CLASS RTOS Condition cause : null
2023-09-18 10:47:36,478 [WARN] ConditionMgr:1039 - genDependencies : Invalid condition id : UX DEVICE CLASS RTOS Condition cause : null
2023-09-18 10:47:36,478 [WARN] ConditionMgr:1039 - genDependencies : Invalid condition id : UX DEVICE CLASS RTOS Condition cause : null
2023-09-18 10:47:36,483 [WARN] PackLoader:240 - Cannot read IP mode file for STMicroelectronics.X-CUBE-FREERTOS.1.0.0
2023-09-18 10:47:36,487 [WARN] PackLoader:240 - Cannot read IP mode file for STMicroelectronics.X-CUBE-FREERTOS.1.0.1
2023-09-18 10:47:36,493 [WARN] PackLoader:240 - Cannot read IP mode file for STMicroelectronics.X-CUBE-BLEMGR.1.0.0
2023-09-18 10:47:36,507 [WARN] PackLoader:240 - Cannot read IP mode file for STMicroelectronics.X-CUBE-AZRTOS-L5.1.1.0
2023-09-18 10:47:36,513 [WARN] PackLoader:240 - Cannot read IP mode file for STMicroelectronics.X-CUBE-AI.8.0.1
2023-09-18 10:47:36,521 [WARN] PackLoader:240 - Cannot read IP mode file for STMicroelectronics.X-CUBE-SUBG2.5.0.0
2023-09-18 10:47:36,535 [WARN] PackLoader:240 - Cannot read IP mode file for STMicroelectronics.X-CUBE-TOF1.3.3.1
2023-09-18 10:47:36,554 [WARN] PackLoader:240 - Cannot read IP mode file for STMicroelectronics.X-CUBE-AZRTOS-G4.2.0.0
2023-09-18 10:47:36,564 [WARN] PackLoader:240 - Cannot read IP mode file for STMicroelectronics.X-CUBE-TOF1.3.3.0
2023-09-18 10:47:36,572 [WARN] PackLoader:240 - Cannot read IP mode file for STMicroelectronics.FP-ATR-ASTRA1.1.1.1
2023-09-18 10:47:36,575 [WARN] PackLoader:240 - Cannot read IP mode file for STMicroelectronics.FP-ATR-ASTRA1.1.1.0
2023-09-18 10:47:36,589 [WARN] PackLoader:240 - Cannot read IP mode file for STMicroelectronics.X-CUBE-AZRTOS-G4.1.0.0
2023-09-18 10:47:36,594 [WARN] PackLoader:240 - Cannot read IP mode file for wolfSSL.I-CUBE-wolfSSL.5.3.0
2023-09-18 10:47:36,607 [WARN] PackLoader:240 - Cannot read IP mode file for STMicroelectronics.X-CUBE-AZRTOS-L4.1.0.0
2023-09-18 10:47:36,613 [WARN] PackLoader:240 - Cannot read IP mode file for STMicroelectronics.X-CUBE-FREERTOS.1.1.0
2023-09-18 10:47:36,626 [WARN] PackLoader:240 - Cannot read IP mode file for STMicroelectronics.X-CUBE-AZRTOS-F7.1.0.0
2023-09-18 10:47:36,638 [WARN] PackLoader:240 - Cannot read IP mode file for STMicroelectronics.X-CUBE-AZRTOS-WL.1.0.0
2023-09-18 10:47:36,643 [WARN] PackLoader:240 - Cannot read IP mode file for portGmbH.I-Cube-SoM-uGOAL.1.1.0
2023-09-18 10:47:36,647 [WARN] PackLoader:240 - Cannot read IP mode file for STMicroelectronics.X-CUBE-ALS.1.0.1
2023-09-18 10:47:36,664 [WARN] PackLoader:240 - Cannot read IP mode file for STMicroelectronics.X-CUBE-AZRTOS-WB.1.1.0
2023-09-18 10:47:36,677 [WARN] PackLoader:240 - Cannot read IP mode file for STMicroelectronics.X-CUBE-AZRTOS-L5.1.0.0
2023-09-18 10:47:36,683 [WARN] PackLoader:240 - Cannot read IP mode file for STMicroelectronics.X-CUBE-EEPRMA1.3.1.1
2023-09-18 10:47:36,686 [WARN] PackLoader:240 - Cannot read IP mode file for STMicroelectronics.FP-ATR-ASTRA1.2.0.0
2023-09-18 10:47:36,687 [INFO] ThirdParty:978 - Integrity check success = true
2023-09-18 10:47:36,687 [INFO] IntegrityCheckThread:100 - exiting critical section [integrity check]
2023-09-18 10:47:36,687 [INFO] IntegrityCheckThread:103 - End integrity checks thread
2023-09-18 10:47:56,721 [ERROR] LogOutputStream:75 - [STDERR_REDIRECT] SLF4J: Failed to load class "org.slf4j.impl.StaticLoggerBinder".
2023-09-18 10:47:56,721 [ERROR] LogOutputStream:75 - [STDERR_REDIRECT] SLF4J: Defaulting to no-operation (NOP) logger implementation
2023-09-18 10:47:56,721 [ERROR] LogOutputStream:75 - [STDERR_REDIRECT] SLF4J: See http://www.slf4j.org/codes.html#StaticLoggerBinder for further details.
