2024-04-13 17:54:40,339 [INFO] Activator:176 - 


2024-04-13 17:54:40,345 [INFO] Activator:177 - !SESSION log4j initialized
2024-04-13 17:54:44,719 [ERROR] LogOutputStream:75 - [STDERR_REDIRECT] 
2024-04-13 17:54:45,127 [INFO] LogOutputStream:77 - [STDOUT_REDIRECT] 
2024-04-13 17:54:46,809 [INFO] LogOutputStream:77 - [STDOUT_REDIRECT] 
2024-04-13 17:54:48,467 [INFO] ApplicationProperties:184 - Using Application install path: /Applications/STM32CubeIDE.app/Contents/Eclipse/plugins/com.st.stm32cube.common.mx_6.9.1.202307191849
2024-04-13 17:54:48,490 [INFO] DbMcusXml:78 - Set database path to: /Applications/STM32CubeIDE.app/Contents/Eclipse/plugins/com.st.stm32cube.common.mx_6.9.1.202307191849//db//mcu/
2024-04-13 17:54:48,490 [INFO] ApiDb:274 - Set plugin database path to: /Applications/STM32CubeIDE.app/Contents/Eclipse/plugins/com.st.stm32cube.common.mx_6.9.1.202307191849//db//plugins/boardmanager/
2024-04-13 17:54:48,491 [WARN] ApiDb:259 - Overriding images path with different value:  => /Applications/STM32CubeIDE.app/Contents/Eclipse/plugins/com.st.stm32cube.common.mx_6.9.1.202307191849//db//plugins/mcufinder/images/
2024-04-13 17:54:48,502 [INFO] ApiDb:250 - Set database path to: /Users/jeffsnyder/.stmcufinder/plugins/mcufinder//mcu/
2024-04-13 17:54:48,505 [INFO] DbMcusAds:125 - Set database path to: /Users/jeffsnyder/.stmcufinder/plugins/mcufinder//mcu/
2024-04-13 17:54:48,508 [INFO] CrossReferenceDbSqlite:203 - Set database path to: /Users/jeffsnyder/.stmcufinder/plugins/mcufinder//mcu/cs/
2024-04-13 17:54:48,624 [INFO] RulesReader:64 - Compatibility file has been processed (293 Rules)
2024-04-13 17:54:48,699 [INFO] DbMcusXml:78 - Set database path to: /Applications/STM32CubeIDE.app/Contents/Eclipse/plugins/com.st.stm32cube.common.mx_6.9.1.202307191849//db//mcu/
2024-04-13 17:54:48,699 [INFO] ApiDb:274 - Set plugin database path to: /Applications/STM32CubeIDE.app/Contents/Eclipse/plugins/com.st.stm32cube.common.mx_6.9.1.202307191849//db//plugins/boardmanager/
2024-04-13 17:54:48,699 [INFO] ApiDb:261 - Set plugin images path to: /Applications/STM32CubeIDE.app/Contents/Eclipse/plugins/com.st.stm32cube.common.mx_6.9.1.202307191849//db//plugins/mcufinder/images/
2024-04-13 17:54:48,699 [WARN] DbFile:41 - Overriding database path with different value: /Users/jeffsnyder/.stmcufinder/plugins/mcufinder/ => /Users/jeffsnyder/.stmcufinder/plugins/mcufinder
2024-04-13 17:54:48,699 [INFO] ApiDb:250 - Set database path to: /Users/jeffsnyder/.stmcufinder/plugins/mcufinder//mcu/
2024-04-13 17:54:48,699 [WARN] DbFile:41 - Overriding database path with different value: /Users/jeffsnyder/.stmcufinder/plugins/mcufinder/ => /Users/jeffsnyder/.stmcufinder/plugins/mcufinder
2024-04-13 17:54:48,700 [INFO] DbMcusAds:125 - Set database path to: /Users/jeffsnyder/.stmcufinder/plugins/mcufinder//mcu/
2024-04-13 17:54:48,700 [WARN] DbFile:41 - Overriding database path with different value: /Users/jeffsnyder/.stmcufinder/plugins/mcufinder/ => /Users/jeffsnyder/.stmcufinder/plugins/mcufinder
2024-04-13 17:54:48,700 [WARN] DbFile:41 - Overriding database path with different value: /Users/jeffsnyder/.stmcufinder/plugins/mcufinder/ => /Users/jeffsnyder/.stmcufinder/plugins/mcufinder
2024-04-13 17:54:48,700 [INFO] CrossReferenceDbSqlite:203 - Set database path to: /Users/jeffsnyder/.stmcufinder/plugins/mcufinder//mcu/cs/
2024-04-13 17:54:48,788 [INFO] MainPanel:262 - HeapMemory: 268435456
2024-04-13 17:54:48,922 [INFO] DbMcusXml:78 - Set database path to: /Applications/STM32CubeIDE.app/Contents/Eclipse/plugins/com.st.stm32cube.common.mx_6.9.1.202307191849//db//mcu/
2024-04-13 17:54:48,922 [INFO] ApiDb:274 - Set plugin database path to: /Applications/STM32CubeIDE.app/Contents/Eclipse/plugins/com.st.stm32cube.common.mx_6.9.1.202307191849//db//plugins/boardmanager/
2024-04-13 17:54:48,922 [INFO] ApiDb:261 - Set plugin images path to: /Applications/STM32CubeIDE.app/Contents/Eclipse/plugins/com.st.stm32cube.common.mx_6.9.1.202307191849//db//plugins/mcufinder/images/
2024-04-13 17:54:48,923 [WARN] DbFile:41 - Overriding database path with different value: /Users/jeffsnyder/.stmcufinder/plugins/mcufinder/ => /Users/jeffsnyder/.stmcufinder/plugins/mcufinder
2024-04-13 17:54:48,923 [INFO] ApiDb:250 - Set database path to: /Users/jeffsnyder/.stmcufinder/plugins/mcufinder//mcu/
2024-04-13 17:54:48,923 [WARN] DbFile:41 - Overriding database path with different value: /Users/jeffsnyder/.stmcufinder/plugins/mcufinder/ => /Users/jeffsnyder/.stmcufinder/plugins/mcufinder
2024-04-13 17:54:48,923 [INFO] DbMcusAds:125 - Set database path to: /Users/jeffsnyder/.stmcufinder/plugins/mcufinder//mcu/
2024-04-13 17:54:48,923 [WARN] DbFile:41 - Overriding database path with different value: /Users/jeffsnyder/.stmcufinder/plugins/mcufinder/ => /Users/jeffsnyder/.stmcufinder/plugins/mcufinder
2024-04-13 17:54:48,923 [WARN] DbFile:41 - Overriding database path with different value: /Users/jeffsnyder/.stmcufinder/plugins/mcufinder/ => /Users/jeffsnyder/.stmcufinder/plugins/mcufinder
2024-04-13 17:54:48,923 [INFO] CrossReferenceDbSqlite:203 - Set database path to: /Users/jeffsnyder/.stmcufinder/plugins/mcufinder//mcu/cs/
2024-04-13 17:54:48,942 [INFO] ApplicationProperties:184 - Using Application install path: /Applications/STM32CubeIDE.app/Contents/Eclipse/plugins/com.st.stm32cube.common.mx_6.9.1.202307191849
2024-04-13 17:54:48,943 [INFO] PluginManage:196 - Search for loadable plugins [exclusion list=, ]
2024-04-13 17:54:48,945 [INFO] PluginManage:310 - Check plugin analytics
2024-04-13 17:54:49,136 [INFO] AnalyticsPlugin:253 - Accepted Software Licenses: STM32CubeMX.6.8.1
2024-04-13 17:54:49,136 [INFO] AnalyticsPlugin:255 - Accepted CMSIS Pack Licenses: ARM.CMSIS-DSP.1.15.0
2024-04-13 17:54:49,137 [INFO] AnalyticsPlugin:257 - Accepted Firmware Licenses: FW.H7.1.11.0
2024-04-13 17:54:49,139 [INFO] PluginManage:359 - Loaded plugin analytics (category:tool,tabindex:-1)
2024-04-13 17:54:49,140 [INFO] PluginManage:310 - Check plugin cadmodel
2024-04-13 17:54:49,422 [INFO] CADModel:105 - Init CAD model plugin
2024-04-13 17:54:49,422 [INFO] PluginManage:359 - Loaded plugin cadmodel (category:power,tabindex:5)
2024-04-13 17:54:49,422 [INFO] PluginManage:310 - Check plugin clock
2024-04-13 17:54:49,438 [INFO] PluginManage:359 - Loaded plugin clock (category:base,tabindex:2)
2024-04-13 17:54:49,438 [INFO] PluginManage:310 - Check plugin ddr
2024-04-13 17:54:49,441 [INFO] PluginManage:359 - Loaded plugin ddr (category:tool,tabindex:6)
2024-04-13 17:54:49,441 [INFO] PluginManage:310 - Check plugin filemanager
2024-04-13 17:54:49,595 [INFO] PluginManage:359 - Loaded plugin filemanager (category:base,tabindex:10)
2024-04-13 17:54:49,595 [INFO] PluginManage:310 - Check plugin ipmanager
2024-04-13 17:54:49,602 [INFO] PluginManage:359 - Loaded plugin ipmanager (category:base,tabindex:5)
2024-04-13 17:54:49,602 [INFO] PluginManage:310 - Check plugin lpbam
2024-04-13 17:54:49,614 [INFO] PluginManage:359 - Loaded plugin lpbam (category:base,tabindex:0)
2024-04-13 17:54:49,614 [INFO] PluginManage:310 - Check plugin memorymap
2024-04-13 17:54:49,629 [INFO] PluginManage:359 - Loaded plugin memorymap (category:base,tabindex:4)
2024-04-13 17:54:49,629 [INFO] PluginManage:310 - Check plugin pinoutandconfiguration
2024-04-13 17:54:49,637 [INFO] PluginManage:359 - Loaded plugin pinoutandconfiguration (category:base,tabindex:1)
2024-04-13 17:54:49,637 [INFO] PluginManage:310 - Check plugin pinoutconfig
2024-04-13 17:54:49,737 [WARN] SupportedApi:132 - Cannot load RTOS API schema: s4s-elt-must-match.1: The content of 'definitions' must match (annotation?, (simpleType | complexType)?, (unique | key | keyref)*)). A problem was found starting at: attribute.
2024-04-13 17:54:49,913 [INFO] PluginManage:359 - Loaded plugin pinoutconfig (category:base,tabindex:0)
2024-04-13 17:54:49,913 [INFO] PluginManage:310 - Check plugin power
2024-04-13 17:54:49,926 [INFO] PluginManage:359 - Loaded plugin power (category:power,tabindex:4)
2024-04-13 17:54:49,926 [INFO] PluginManage:310 - Check plugin projectmanager
2024-04-13 17:54:49,938 [INFO] PluginManage:359 - Loaded plugin projectmanager (category:projectmanager,tabindex:3)
2024-04-13 17:54:49,938 [INFO] PluginManage:310 - Check plugin thirdparty
2024-04-13 17:54:50,074 [INFO] PluginManage:359 - Loaded plugin thirdparty (category:base,tabindex:-1)
2024-04-13 17:54:50,074 [WARN] IntegrityCheckThread:84 - waiting for thirdparty lock release [integrity check]
2024-04-13 17:54:50,074 [INFO] PluginManage:310 - Check plugin tools
2024-04-13 17:54:50,074 [INFO] IntegrityCheckThread:86 - entering critical section [integrity check]
2024-04-13 17:54:50,075 [INFO] ThirdPartyUpdaterWithRetryManager:70 - Updater plugin not ready yet. [1/15]
2024-04-13 17:54:50,078 [INFO] PluginManage:359 - Loaded plugin tools (category:base,tabindex:7)
2024-04-13 17:54:50,078 [INFO] PluginManage:310 - Check plugin tutovideos
2024-04-13 17:54:50,364 [INFO] PluginManage:359 - Loaded plugin tutovideos (category:base,tabindex:-1)
2024-04-13 17:54:50,364 [INFO] PluginManage:310 - Check plugin updater
2024-04-13 17:54:50,376 [INFO] PluginManage:359 - Loaded plugin updater (category:base,tabindex:12)
2024-04-13 17:54:50,376 [INFO] PluginManage:310 - Check plugin userauth
2024-04-13 17:54:50,381 [INFO] UserAuth:113 - Init User Auth plugin
2024-04-13 17:54:50,381 [INFO] PluginManage:359 - Loaded plugin userauth (category:base,tabindex:14)
2024-04-13 17:54:50,381 [INFO] PluginManage:283 - PluginManage : Loaded plugins [17]
2024-04-13 17:54:50,575 [INFO] PinOutPanel:1499 - setPackage(No Configuration,No Configuration)
2024-04-13 17:54:50,680 [INFO] CADModel:165 - CPN selected for project level
2024-04-13 17:54:50,680 [INFO] CADModel:114 - Register for checkConnection events
2024-04-13 17:54:50,698 [INFO] IPUIPlugin:80 - create IPUIPlugin
2024-04-13 17:54:50,702 [INFO] PluginManager:220 - loadIPPluginJar : add mdma
2024-04-13 17:54:50,711 [INFO] IPUIPlugin:80 - create IPUIPlugin
2024-04-13 17:54:50,712 [INFO] PluginManager:220 - loadIPPluginJar : add freertos
2024-04-13 17:54:50,721 [INFO] IPUIPlugin:80 - create IPUIPlugin
2024-04-13 17:54:50,722 [INFO] PluginManager:220 - loadIPPluginJar : add gic
2024-04-13 17:54:50,732 [INFO] IPUIPlugin:80 - create IPUIPlugin
2024-04-13 17:54:50,732 [INFO] PluginManager:220 - loadIPPluginJar : add adc
2024-04-13 17:54:50,734 [INFO] IPUIPlugin:80 - create IPUIPlugin
2024-04-13 17:54:50,735 [INFO] PluginManager:220 - loadIPPluginJar : add gtzc
2024-04-13 17:54:50,736 [INFO] IPUIPlugin:80 - create IPUIPlugin
2024-04-13 17:54:50,736 [INFO] PluginManager:220 - loadIPPluginJar : add quadspi
2024-04-13 17:54:50,738 [INFO] IPUIPlugin:80 - create IPUIPlugin
2024-04-13 17:54:50,738 [INFO] PluginManager:220 - loadIPPluginJar : add aes
2024-04-13 17:54:50,741 [INFO] IPUIPlugin:80 - create IPUIPlugin
2024-04-13 17:54:50,741 [INFO] PluginManager:220 - loadIPPluginJar : add pdm2pcm
2024-04-13 17:54:50,743 [INFO] IPUIPlugin:80 - create IPUIPlugin
2024-04-13 17:54:50,743 [INFO] PluginManager:220 - loadIPPluginJar : add hash
2024-04-13 17:54:50,745 [INFO] IPUIPlugin:80 - create IPUIPlugin
2024-04-13 17:54:50,745 [INFO] PluginManager:220 - loadIPPluginJar : add tim
2024-04-13 17:54:50,747 [INFO] IPUIPlugin:80 - create IPUIPlugin
2024-04-13 17:54:50,747 [INFO] PluginManager:220 - loadIPPluginJar : add tsc
2024-04-13 17:54:50,749 [INFO] IPUIPlugin:80 - create IPUIPlugin
2024-04-13 17:54:50,749 [INFO] PluginManager:220 - loadIPPluginJar : add ts
2024-04-13 17:54:50,753 [INFO] IPUIPlugin:80 - create IPUIPlugin
2024-04-13 17:54:50,753 [INFO] PluginManager:220 - loadIPPluginJar : add can
2024-04-13 17:54:50,755 [INFO] IPUIPlugin:80 - create IPUIPlugin
2024-04-13 17:54:50,755 [INFO] PluginManager:220 - loadIPPluginJar : add dma3
2024-04-13 17:54:50,758 [INFO] IPUIPlugin:80 - create IPUIPlugin
2024-04-13 17:54:50,758 [INFO] PluginManager:220 - loadIPPluginJar : add dfsdm
2024-04-13 17:54:50,760 [INFO] IPUIPlugin:80 - create IPUIPlugin
2024-04-13 17:54:50,760 [INFO] PluginManager:220 - loadIPPluginJar : add spi
2024-04-13 17:54:50,763 [INFO] IPUIPlugin:80 - create IPUIPlugin
2024-04-13 17:54:50,763 [INFO] PluginManager:220 - loadIPPluginJar : add gfxmmu
2024-04-13 17:54:50,764 [INFO] IPUIPlugin:80 - create IPUIPlugin
2024-04-13 17:54:50,765 [INFO] PluginManager:220 - loadIPPluginJar : add genericplugin
2024-04-13 17:54:50,768 [INFO] IPUIPlugin:80 - create IPUIPlugin
2024-04-13 17:54:50,768 [INFO] PluginManager:220 - loadIPPluginJar : add cryp
2024-04-13 17:54:50,772 [INFO] IPUIPlugin:80 - create IPUIPlugin
2024-04-13 17:54:50,772 [INFO] PluginManager:220 - loadIPPluginJar : add gpio
2024-04-13 17:54:50,773 [INFO] IPUIPlugin:80 - create IPUIPlugin
2024-04-13 17:54:50,773 [INFO] PluginManager:220 - loadIPPluginJar : add comp
2024-04-13 17:54:50,775 [INFO] IPUIPlugin:80 - create IPUIPlugin
2024-04-13 17:54:50,775 [INFO] PluginManager:220 - loadIPPluginJar : add tracer_emb
2024-04-13 17:54:50,780 [INFO] IPUIPlugin:80 - create IPUIPlugin
2024-04-13 17:54:50,781 [INFO] PluginManager:220 - loadIPPluginJar : add openamp
2024-04-13 17:54:50,788 [INFO] IPUIPlugin:80 - create IPUIPlugin
2024-04-13 17:54:50,788 [INFO] PluginManager:220 - loadIPPluginJar : add stm32_wpan
2024-04-13 17:54:50,799 [INFO] IPUIPlugin:80 - create IPUIPlugin
2024-04-13 17:54:50,802 [INFO] PluginManager:220 - loadIPPluginJar : add plateformsettings
2024-04-13 17:54:50,807 [INFO] IPUIPlugin:80 - create IPUIPlugin
2024-04-13 17:54:50,807 [INFO] PluginManager:220 - loadIPPluginJar : add ipddr
2024-04-13 17:54:50,811 [INFO] IPUIPlugin:80 - create IPUIPlugin
2024-04-13 17:54:50,811 [INFO] PluginManager:220 - loadIPPluginJar : add usart
2024-04-13 17:54:50,813 [INFO] IPUIPlugin:80 - create IPUIPlugin
2024-04-13 17:54:50,813 [INFO] PluginManager:220 - loadIPPluginJar : add ltdc
2024-04-13 17:54:50,820 [INFO] IPUIPlugin:80 - create IPUIPlugin
2024-04-13 17:54:50,820 [INFO] PluginManager:220 - loadIPPluginJar : add nvic
2024-04-13 17:54:50,821 [INFO] IPUIPlugin:80 - create IPUIPlugin
2024-04-13 17:54:50,821 [INFO] PluginManager:220 - loadIPPluginJar : add fatfs
2024-04-13 17:54:50,832 [INFO] IPUIPlugin:80 - create IPUIPlugin
2024-04-13 17:54:50,832 [INFO] PluginManager:220 - loadIPPluginJar : add linkedlist
2024-04-13 17:54:50,841 [INFO] IPUIPlugin:80 - create IPUIPlugin
2024-04-13 17:54:50,841 [INFO] PluginManager:220 - loadIPPluginJar : add dma
2024-04-13 17:54:50,847 [INFO] IPUIPlugin:80 - create IPUIPlugin
2024-04-13 17:54:50,847 [INFO] PluginManager:220 - loadIPPluginJar : add fmc
2024-04-13 17:54:50,851 [INFO] IPUIPlugin:80 - create IPUIPlugin
2024-04-13 17:54:50,851 [INFO] PluginManager:220 - loadIPPluginJar : add i2s
2024-04-13 17:54:50,853 [INFO] IPUIPlugin:80 - create IPUIPlugin
2024-04-13 17:54:50,853 [INFO] PluginManager:220 - loadIPPluginJar : add ucpd
2024-04-13 17:54:50,856 [INFO] IPUIPlugin:80 - create IPUIPlugin
2024-04-13 17:54:50,856 [INFO] PluginManager:220 - loadIPPluginJar : add lorawan
2024-04-13 17:54:50,860 [INFO] IPUIPlugin:80 - create IPUIPlugin
2024-04-13 17:54:50,860 [INFO] PluginManager:220 - loadIPPluginJar : add opamp
2024-04-13 17:54:50,864 [INFO] IPUIPlugin:80 - create IPUIPlugin
2024-04-13 17:54:50,864 [INFO] PluginManager:220 - loadIPPluginJar : add i3c
2024-04-13 17:54:50,868 [INFO] IPUIPlugin:80 - create IPUIPlugin
2024-04-13 17:54:50,868 [INFO] PluginManager:220 - loadIPPluginJar : add touchsensing
2024-04-13 17:54:50,871 [INFO] IPUIPlugin:80 - create IPUIPlugin
2024-04-13 17:54:50,871 [INFO] PluginManager:220 - loadIPPluginJar : add i2c
2024-04-13 17:54:50,876 [INFO] IPUIPlugin:80 - create IPUIPlugin
2024-04-13 17:54:50,876 [INFO] PluginManager:220 - loadIPPluginJar : add resmgrutility
2024-04-13 17:54:50,879 [INFO] IPUIPlugin:80 - create IPUIPlugin
2024-04-13 17:54:50,879 [INFO] PluginManager:220 - loadIPPluginJar : add sai
2024-04-13 17:54:50,882 [INFO] IPUIPlugin:80 - create IPUIPlugin
2024-04-13 17:54:50,882 [INFO] PluginManager:220 - loadIPPluginJar : add usbx
2024-04-13 17:54:50,983 [INFO] CADModel:165 - CPN selected for project level
2024-04-13 17:54:50,983 [INFO] CADModel:114 - Register for checkConnection events
2024-04-13 17:54:50,984 [FATAL] Updater:308 - Updater called before beeing initialized
2024-04-13 17:54:50,984 [ERROR] CADModel:125 - Updater not yet initialized, retry later 
2024-04-13 17:54:51,155 [INFO] CADModel:165 - CPN selected for project level
2024-04-13 17:54:51,156 [INFO] CADModel:114 - Register for checkConnection events
2024-04-13 17:54:51,156 [FATAL] Updater:308 - Updater called before beeing initialized
2024-04-13 17:54:51,156 [ERROR] CADModel:125 - Updater not yet initialized, retry later 
2024-04-13 17:54:51,160 [FATAL] Updater:308 - Updater called before beeing initialized
2024-04-13 17:54:51,238 [FATAL] Updater:308 - Updater called before beeing initialized
2024-04-13 17:54:51,245 [INFO] DbMcusAds:53 - JSON generation date=Thu Sep 30 02:55:09 EDT 2021 (1632984909247)
2024-04-13 17:54:51,245 [FATAL] Updater:308 - Updater called before beeing initialized
2024-04-13 17:54:51,401 [WARN] DetailPanel:346 - Failed to get advertising image, set to default
2024-04-13 17:54:51,501 [FATAL] Updater:308 - Updater called before beeing initialized
2024-04-13 17:54:51,503 [FATAL] Updater:308 - Updater called before beeing initialized
2024-04-13 17:54:51,516 [FATAL] Updater:308 - Updater called before beeing initialized
2024-04-13 17:54:51,517 [WARN] DetailPanel:346 - Failed to get advertising image, set to default
2024-04-13 17:54:51,518 [FATAL] Updater:308 - Updater called before beeing initialized
2024-04-13 17:54:51,550 [ERROR] Updater:1120 - MainUpdater not yet initialized. External WinMGr cannot be set.
2024-04-13 17:54:51,573 [INFO] Updater:1056 - Updater Version found : 6.9.1
2024-04-13 17:54:51,595 [INFO] ApplicationProperties:184 - Using Application install path: /Applications/STM32CubeIDE.app/Contents/Eclipse/plugins/com.st.stm32cube.common.mx_6.9.1.202307191849
2024-04-13 17:54:51,758 [INFO] MainUpdater:2868 - connection check result : 10
2024-04-13 17:54:51,758 [INFO] MainUpdater:3562 - Updater definition file requires update
2024-04-13 17:54:51,758 [INFO] MainUpdater:285 - Updater Check For Update Now.
2024-04-13 17:54:51,759 [INFO] MicroXplorer:498 - Change Database Version : DB.6.0.91
2024-04-13 17:54:51,764 [INFO] McuFinderGlobals:63 - Set McuFinder mode to 2 (CubeIDE integrated)
2024-04-13 17:54:51,764 [INFO] UserAuth:179 - activating auth plugin
2024-04-13 17:54:51,766 [INFO] UserAuth:393 - Internet connection configuration mode: 1
2024-04-13 17:54:51,791 [INFO] JxBrowserEngine:151 - Initiate JxBrowser Engine with user profile folder
2024-04-13 17:54:51,798 [INFO] ServerAccessManage:473 - Download File updaters.zip
2024-04-13 17:54:51,959 [INFO] FileExtend:240 - Unzip File : updaters.zip
2024-04-13 17:54:51,959 [INFO] FileExtend:255 - Standard Zip Deflate
2024-04-13 17:54:52,198 [INFO] ServerAccessManage:473 - Download File PacksControlFlags.xml
2024-04-13 17:54:52,374 [INFO] ServerAccessManage:473 - Download File cubemx.pidx
2024-04-13 17:54:52,948 [INFO] ServerAccessManage:473 - Download File STMicroelectronics.FP-SNS-MOTENV1.pdsc
2024-04-13 17:54:53,076 [WARN] MainUpdater:1189 - Updater busy. Cannot search thirdparties
2024-04-13 17:54:53,076 [INFO] ThirdPartyUpdaterWithRetryManager:96 - Updater plugin is busy. [1/15]
2024-04-13 17:54:53,396 [INFO] ServerAccessManage:473 - Download File STMicroelectronics.X-CUBE-BLEMGR.pdsc
2024-04-13 17:54:54,110 [INFO] ServerAccessManage:473 - Download File STMicroelectronics.X-CUBE-NFC6.pdsc
2024-04-13 17:54:54,280 [INFO] ServerAccessManage:473 - Download File STMicroelectronics.X-CUBE-SAFEA1.pdsc
2024-04-13 17:54:54,434 [INFO] ServerAccessManage:473 - Download File STMicroelectronics.X-CUBE-TCPP.pdsc
2024-04-13 17:54:54,586 [INFO] ServerAccessManage:473 - Download File STMicroelectronics.X-CUBE-TOF1.pdsc
2024-04-13 17:54:55,745 [ERROR] ServerAccessManage:1089 - Problem, file not found on Server
2024-04-13 17:54:55,839 [INFO] ServerAccessManage:473 - Download File STMicroelectronics.X-CUBE-TOUCHGFX.pdsc
2024-04-13 17:54:56,081 [WARN] MainUpdater:1189 - Updater busy. Cannot search thirdparties
2024-04-13 17:54:56,081 [INFO] ThirdPartyUpdaterWithRetryManager:96 - Updater plugin is busy. [2/15]
2024-04-13 17:54:57,182 [WARN] PackLoader:240 - Cannot read IP mode file for STMicroelectronics.FP-SNS-MOTENV1.5.0.0
2024-04-13 17:54:57,215 [WARN] PackLoader:240 - Cannot read IP mode file for STMicroelectronics.X-CUBE-BLEMGR.3.1.0
2024-04-13 17:54:57,240 [WARN] PackLoader:240 - Cannot read IP mode file for STMicroelectronics.X-CUBE-NFC6.3.1.0
2024-04-13 17:54:57,255 [WARN] PackLoader:240 - Cannot read IP mode file for STMicroelectronics.X-CUBE-SAFEA1.1.2.2
2024-04-13 17:54:57,267 [WARN] PackLoader:240 - Cannot read IP mode file for STMicroelectronics.X-CUBE-TCPP.4.1.0
2024-04-13 17:54:57,293 [WARN] PackLoader:240 - Cannot read IP mode file for STMicroelectronics.X-CUBE-TOF1.3.4.1
2024-04-13 17:54:57,328 [WARN] PackLoader:240 - Cannot read IP mode file for STMicroelectronics.X-CUBE-TOUCHGFX.4.23.2
2024-04-13 17:54:57,329 [INFO] PopulateThirdPartyThread:66 - Ending populate Thread
2024-04-13 17:54:57,331 [INFO] ThirdParty:1030 - CMSIS Pack Vendor :STMicroelectronics X-CUBE-BLEMGR 3.1.0
2024-04-13 17:54:57,331 [INFO] ThirdParty:1030 - CMSIS Pack Vendor :STMicroelectronics X-CUBE-TOF1 3.4.1
2024-04-13 17:54:57,331 [INFO] ThirdParty:1030 - CMSIS Pack Vendor :STMicroelectronics X-CUBE-TOUCHGFX 4.23.2
2024-04-13 17:54:57,331 [INFO] ThirdParty:1030 - CMSIS Pack Vendor :STMicroelectronics FP-SNS-MOTENV1 5.0.0
2024-04-13 17:54:57,331 [INFO] ThirdParty:1030 - CMSIS Pack Vendor :STMicroelectronics X-CUBE-SAFEA1 1.2.2
2024-04-13 17:54:57,331 [INFO] ThirdParty:1030 - CMSIS Pack Vendor :STMicroelectronics X-CUBE-NFC6 3.1.0
2024-04-13 17:54:57,331 [INFO] ThirdParty:1030 - CMSIS Pack Vendor :STMicroelectronics X-CUBE-TCPP 4.1.0
2024-04-13 17:54:57,332 [INFO] LoadServerUpdatesThread:373 - End of LoadServerUpdate Thread
2024-04-13 17:54:57,342 [INFO] CheckServerUpdateThread:120 - End of CheckServer Thread
2024-04-13 17:54:58,735 [INFO] WebApp:157 - Instantiating new browser for Auth
2024-04-13 17:54:59,258 [WARN] PackLoader:240 - Cannot read IP mode file for STMicroelectronics.X-CUBE-SMBUS.2.1.0
2024-04-13 17:54:59,262 [WARN] PackLoader:240 - Cannot read IP mode file for STMicroelectronics.X-CUBE-TOUCHGFX.4.23.0
2024-04-13 17:54:59,321 [WARN] PackLoader:240 - Cannot read IP mode file for STMicroelectronics.X-CUBE-MEMS1.9.2.0
2024-04-13 17:54:59,491 [WARN] PackLoader:240 - Cannot read IP mode file for STMicroelectronics.X-CUBE-TOUCHGFX.4.23.2
2024-04-13 17:54:59,531 [WARN] PackLoader:240 - Cannot read IP mode file for STMicroelectronics.X-CUBE-AZRTOS-F7.1.1.0
2024-04-13 17:54:59,550 [ERROR] RealEvaluatedCondition:428 - Found unsupported composite condition: CLASS='Data Exchange' GROUP='STM32_MetaDataManager'
2024-04-13 17:54:59,550 [ERROR] RealEvaluatedCondition:428 - Found unsupported composite condition: GROUP='STM32_MetaDataManager' CLASS='Data Exchange'
2024-04-13 17:54:59,552 [WARN] PackLoader:240 - Cannot read IP mode file for STMicroelectronics.FP-SNS-MOTENV1.4.3.0
2024-04-13 17:54:59,571 [WARN] PackLoader:240 - Cannot read IP mode file for STMicroelectronics.FP-SNS-MOTENV1.4.3.2
2024-04-13 17:54:59,577 [WARN] PackLoader:240 - Cannot read IP mode file for STMicroelectronics.FP-SNS-FLIGHT1.5.0.0
2024-04-13 17:54:59,585 [ERROR] RealEvaluatedCondition:428 - Found unsupported composite condition: CLASS='Data Exchange' GROUP='STM32_MetaDataManager'
2024-04-13 17:54:59,585 [ERROR] RealEvaluatedCondition:428 - Found unsupported composite condition: CLASS='Data Exchange' GROUP='STM32_MetaDataManager'
2024-04-13 17:54:59,586 [WARN] PackLoader:240 - Cannot read IP mode file for STMicroelectronics.FP-SNS-MOTENV1.4.3.1
2024-04-13 17:54:59,593 [WARN] PackLoader:240 - Cannot read IP mode file for STMicroelectronics.FP-SNS-FLIGHT1.5.0.1
2024-04-13 17:54:59,599 [WARN] PackLoader:240 - Cannot read IP mode file for STMicroelectronics.X-CUBE-BLE1.6.2.3
2024-04-13 17:54:59,604 [INFO] WebApp:753 - Register for checkConnection events
2024-04-13 17:54:59,605 [INFO] WebApp:390 - Apply proxy settings
2024-04-13 17:54:59,609 [INFO] WebApp:455 - Chromium authenticates against System proxy
2024-04-13 17:54:59,610 [WARN] PackLoader:240 - Cannot read IP mode file for STMicroelectronics.X-CUBE-BLE1.6.2.4
2024-04-13 17:54:59,615 [WARN] PackLoader:240 - Cannot read IP mode file for STMicroelectronics.FP-SNS-FLIGHT1.5.0.2
2024-04-13 17:54:59,625 [WARN] PackLoader:240 - Cannot read IP mode file for STMicroelectronics.X-CUBE-TOF1.3.1.0
2024-04-13 17:54:59,636 [WARN] PackLoader:240 - Cannot read IP mode file for STMicroelectronics.X-CUBE-DISPLAY.3.0.0
2024-04-13 17:54:59,643 [WARN] PackLoader:240 - Cannot read IP mode file for STMicroelectronics.X-CUBE-BLE1.7.0.0
2024-04-13 17:54:59,648 [WARN] PackLoader:240 - Cannot read IP mode file for emotas.I-CUBE-CANOPEN.1.3.0
2024-04-13 17:54:59,651 [WARN] PackLoader:240 - Cannot read IP mode file for STMicroelectronics.X-CUBE-TOUCHGFX.4.22.0
2024-04-13 17:54:59,654 [WARN] PackLoader:240 - Cannot read IP mode file for STMicroelectronics.X-CUBE-TOUCHGFX.4.22.1
2024-04-13 17:54:59,689 [WARN] PackLoader:240 - Cannot read IP mode file for STMicroelectronics.X-CUBE-MEMS1.9.3.0
2024-04-13 17:54:59,805 [WARN] PackLoader:240 - Cannot read IP mode file for STMicroelectronics.X-CUBE-AI.7.2.0
2024-04-13 17:54:59,813 [WARN] PackLoader:240 - Cannot read IP mode file for STMicroelectronics.X-CUBE-BLEMGR.3.1.0
2024-04-13 17:54:59,819 [WARN] PackLoader:240 - Cannot read IP mode file for STMicroelectronics.FP-SNS-SMARTAG2.1.2.0
2024-04-13 17:54:59,827 [INFO] LogOutputStream:77 - [STDOUT_REDIRECT] 1 : Invalid condition id : UX_CORESTACK_Condition cause : null
2024-04-13 17:54:59,828 [INFO] LogOutputStream:77 - [STDOUT_REDIRECT] 1 : Invalid condition id : UX_CORESTACK_Condition cause : null
2024-04-13 17:54:59,828 [INFO] LogOutputStream:77 - [STDOUT_REDIRECT] 1 : Invalid condition id : UX_CORESTACK_Condition cause : null
2024-04-13 17:54:59,829 [INFO] LogOutputStream:77 - [STDOUT_REDIRECT] 1 : Invalid condition id : UX_CORESTACK_Condition cause : null
2024-04-13 17:54:59,829 [INFO] LogOutputStream:77 - [STDOUT_REDIRECT] 1 : Invalid condition id : UX_CORESTACK_Condition cause : null
2024-04-13 17:54:59,831 [WARN] PackLoader:240 - Cannot read IP mode file for STMicroelectronics.X-CUBE-AZRTOS-WL.2.0.0
2024-04-13 17:54:59,835 [WARN] PackLoader:240 - Cannot read IP mode file for STMicroelectronics.FP-SNS-MOTENV1.5.0.0
2024-04-13 17:54:59,841 [WARN] PackLoader:240 - Cannot read IP mode file for WES.I-CUBE-Cesium.1.3.0
2024-04-13 17:54:59,845 [WARN] PackLoader:240 - Cannot read IP mode file for STMicroelectronics.X-CUBE-BLE2.3.3.0
2024-04-13 17:54:59,850 [WARN] PackLoader:240 - Cannot read IP mode file for STMicroelectronics.X-CUBE-DISPLAY.2.2.0
2024-04-13 17:54:59,861 [WARN] PackLoader:240 - Cannot read IP mode file for STMicroelectronics.X-CUBE-TOF1.3.2.0
2024-04-13 17:54:59,868 [WARN] PackLoader:240 - Cannot read IP mode file for STMicroelectronics.X-CUBE-ISPU.1.0.0
2024-04-13 17:54:59,883 [WARN] PackLoader:240 - Cannot read IP mode file for STMicroelectronics.X-CUBE-AZRTOS-H7.2.1.0
2024-04-13 17:54:59,883 [INFO] WebApp:188 - Starting web application
2024-04-13 17:54:59,883 [INFO] WebApp:520 - Web application path used /Applications/STM32CubeIDE.app/Contents/Eclipse/plugins/com.st.stm32cube.common.mx_6.9.1.202307191849/db/plugins/mcufinder/reactClient1/index.html
2024-04-13 17:54:59,890 [WARN] PackLoader:240 - Cannot read IP mode file for STMicroelectronics.X-CUBE-TCPP.4.1.0
2024-04-13 17:54:59,895 [WARN] PackLoader:240 - Cannot read IP mode file for STMicroelectronics.X-CUBE-TOUCHGFX.4.21.1
2024-04-13 17:54:59,898 [WARN] PackLoader:240 - Cannot read IP mode file for STMicroelectronics.X-CUBE-TOUCHGFX.4.21.0
2024-04-13 17:54:59,901 [WARN] PackLoader:240 - Cannot read IP mode file for STMicroelectronics.X-CUBE-TOUCHGFX.4.21.3
2024-04-13 17:54:59,904 [WARN] PackLoader:240 - Cannot read IP mode file for STMicroelectronics.X-CUBE-TOUCHGFX.4.21.4
2024-04-13 17:54:59,947 [WARN] PackLoader:240 - Cannot read IP mode file for STMicroelectronics.X-CUBE-MEMS1.9.4.0
2024-04-13 17:55:00,168 [WARN] PackLoader:240 - Cannot read IP mode file for STMicroelectronics.X-CUBE-AI.7.3.0
2024-04-13 17:55:00,175 [WARN] PackLoader:240 - Cannot read IP mode file for STMicroelectronics.X-CUBE-ALGOBUILD.1.3.0
2024-04-13 17:55:00,194 [WARN] PackLoader:240 - Cannot read IP mode file for STMicroelectronics.X-CUBE-AZRTOS-G0.1.1.0
2024-04-13 17:55:00,202 [WARN] PackLoader:240 - Cannot read IP mode file for STMicroelectronics.X-CUBE-SAFEA1.1.2.2
2024-04-13 17:55:00,210 [WARN] PackLoader:240 - Cannot read IP mode file for STMicroelectronics.X-CUBE-NFC4.3.0.0
2024-04-13 17:55:00,272 [WARN] PackLoader:240 - Cannot read IP mode file for SEGGER.I-CUBE-embOS.1.2.0
2024-04-13 17:55:00,335 [WARN] PackLoader:240 - Cannot read IP mode file for STMicroelectronics.X-CUBE-BLEMGR.3.0.0
2024-04-13 17:55:00,346 [WARN] PackLoader:240 - Cannot read IP mode file for STMicroelectronics.X-CUBE-BLEMGR.1.3.0
2024-04-13 17:55:00,353 [WARN] PackLoader:240 - Cannot read IP mode file for STMicroelectronics.FP-ATR-SIGFOX1.3.2.0
2024-04-13 17:55:00,362 [WARN] PackLoader:240 - Cannot read IP mode file for STMicroelectronics.X-CUBE-EEPRMA1.5.1.0
2024-04-13 17:55:00,371 [WARN] PackLoader:240 - Cannot read IP mode file for emotas.I-CUBE-CANOPEN.1.1.2
2024-04-13 17:55:00,375 [WARN] PackLoader:240 - Cannot read IP mode file for STMicroelectronics.X-CUBE-TOUCHGFX.4.20.0
2024-04-13 17:55:00,419 [WARN] PackLoader:240 - Cannot read IP mode file for STMicroelectronics.X-CUBE-MEMS1.9.5.0
2024-04-13 17:55:00,597 [WARN] PackLoader:240 - Cannot read IP mode file for SEGGER.I-CUBE-embOS.1.3.1
2024-04-13 17:55:00,641 [WARN] PackLoader:240 - Cannot read IP mode file for STMicroelectronics.X-CUBE-GNSS1.6.0.0
2024-04-13 17:55:00,679 [WARN] PackLoader:240 - Cannot read IP mode file for STMicroelectronics.X-CUBE-AZRTOS-F4.1.1.0
2024-04-13 17:55:00,686 [WARN] PackLoader:240 - Cannot read IP mode file for wolfSSL.I-CUBE-wolfSSL.5.6.6
2024-04-13 17:55:00,694 [WARN] PackLoader:240 - Cannot read IP mode file for STMicroelectronics.X-CUBE-BLEMGR.1.2.0
2024-04-13 17:55:00,712 [WARN] PackLoader:240 - Cannot read IP mode file for STMicroelectronics.X-CUBE-AZRTOS-L5.2.0.0
2024-04-13 17:55:00,745 [WARN] PackLoader:240 - Cannot read IP mode file for STMicroelectronics.X-CUBE-MEMS1.9.6.0
2024-04-13 17:55:00,879 [WARN] PackLoader:240 - Cannot read IP mode file for STMicroelectronics.X-CUBE-EEPRMA1.4.2.0
2024-04-13 17:55:00,888 [WARN] PackLoader:240 - Cannot read IP mode file for STMicroelectronics.X-CUBE-NFC6.3.1.0
2024-04-13 17:55:00,898 [WARN] PackLoader:240 - Cannot read IP mode file for ITTIA_DB.I-CUBE-ITTIADB.8.8.0
2024-04-13 17:55:00,905 [ERROR] Engine:466 - /Users/jeffsnyder/STM32Cube/Repository/Packs/ARM/CMSIS-DSP/1.15.0/ARM.CMSIS-DSP.pdsc: PDSC version is not supported
2024-04-13 17:55:00,917 [WARN] PackLoader:240 - Cannot read IP mode file for STMicroelectronics.X-CUBE-BLEMGR.2.0.0
2024-04-13 17:55:00,924 [WARN] PackLoader:240 - Cannot read IP mode file for STMicroelectronics.X-CUBE-NFC4.2.0.5
2024-04-13 17:55:00,931 [WARN] PackLoader:240 - Cannot read IP mode file for STMicroelectronics.X-CUBE-NFC4.2.0.4
2024-04-13 17:55:00,950 [WARN] ConditionMgr:438 - getConditionDescription Invalid condition id : UX DEVICE CLASS RTOS Condition cause : null
2024-04-13 17:55:00,950 [WARN] ConditionMgr:438 - getConditionDescription Invalid condition id : UX DEVICE CLASS RTOS Condition cause : null
2024-04-13 17:55:00,953 [WARN] PackLoader:240 - Cannot read IP mode file for STMicroelectronics.X-CUBE-AZRTOS-H7.3.1.0
2024-04-13 17:55:00,954 [WARN] ConditionMgr:1039 - genDependencies : Invalid condition id : UX DEVICE CLASS RTOS Condition cause : null
2024-04-13 17:55:00,954 [WARN] ConditionMgr:1039 - genDependencies : Invalid condition id : UX DEVICE CLASS RTOS Condition cause : null
2024-04-13 17:55:00,955 [WARN] ConditionMgr:1039 - genDependencies : Invalid condition id : UX DEVICE CLASS RTOS Condition cause : null
2024-04-13 17:55:00,955 [WARN] ConditionMgr:1039 - genDependencies : Invalid condition id : UX DEVICE CLASS RTOS Condition cause : null
2024-04-13 17:55:00,956 [WARN] ConditionMgr:1039 - genDependencies : Invalid condition id : UX DEVICE CLASS RTOS Condition cause : null
2024-04-13 17:55:00,973 [WARN] PackLoader:240 - Cannot read IP mode file for STMicroelectronics.X-CUBE-AZRTOS-F4.1.0.0
2024-04-13 17:55:00,979 [WARN] PackLoader:240 - Cannot read IP mode file for STMicroelectronics.X-CUBE-NFC7.1.0.1
2024-04-13 17:55:00,984 [WARN] PackLoader:240 - Cannot read IP mode file for STMicroelectronics.X-CUBE-NFC7.1.0.0
2024-04-13 17:55:00,991 [WARN] PackLoader:240 - Cannot read IP mode file for STMicroelectronics.X-CUBE-NFC6.3.0.0
2024-04-13 17:55:00,997 [WARN] PackLoader:240 - Cannot read IP mode file for STMicroelectronics.X-CUBE-EEPRMA1.4.1.0
2024-04-13 17:55:01,002 [WARN] PackLoader:240 - Cannot read IP mode file for STMicroelectronics.X-CUBE-AI.8.1.0
2024-04-13 17:55:01,026 [WARN] ConditionMgr:438 - getConditionDescription Invalid condition id : LAN8742 Phy interface Condition cause : null
2024-04-13 17:55:01,027 [WARN] PackLoader:240 - Cannot read IP mode file for STMicroelectronics.X-CUBE-AZRTOS-L4.2.0.0
2024-04-13 17:55:01,029 [WARN] ConditionMgr:1039 - genDependencies : Invalid condition id : LAN8742 Phy interface Condition cause : null
2024-04-13 17:55:01,029 [WARN] ConditionMgr:1039 - genDependencies : Invalid condition id : LAN8742 Phy interface Condition cause : null
2024-04-13 17:55:01,030 [WARN] ConditionMgr:1039 - genDependencies : Invalid condition id : LAN8742 Phy interface Condition cause : null
2024-04-13 17:55:01,037 [WARN] PackLoader:240 - Cannot read IP mode file for STMicroelectronics.X-CUBE-SFXS2LP1.4.0.0
2024-04-13 17:55:01,062 [WARN] PackLoader:240 - Cannot read IP mode file for STMicroelectronics.X-CUBE-AZRTOS-H7.3.0.0
2024-04-13 17:55:01,067 [WARN] PackLoader:240 - Cannot read IP mode file for STMicroelectronics.X-CUBE-ISPU.1.1.0
2024-04-13 17:55:01,074 [WARN] PackLoader:240 - Cannot read IP mode file for RoweBots.I-CUBE-UNISONRTOS.5.5.0-4
2024-04-13 17:55:01,078 [WARN] PackLoader:240 - Cannot read IP mode file for STMicroelectronics.X-CUBE-AI.8.0.0
2024-04-13 17:55:01,091 [WARN] ConditionMgr:438 - getConditionDescription Invalid condition id : UX DEVICE CLASS RTOS Condition cause : null
2024-04-13 17:55:01,091 [WARN] ConditionMgr:438 - getConditionDescription Invalid condition id : UX DEVICE CLASS RTOS Condition cause : null
2024-04-13 17:55:01,093 [WARN] PackLoader:240 - Cannot read IP mode file for STMicroelectronics.X-CUBE-AZRTOS-WB.2.0.0
2024-04-13 17:55:01,094 [WARN] ConditionMgr:1039 - genDependencies : Invalid condition id : UX DEVICE CLASS RTOS Condition cause : null
2024-04-13 17:55:01,094 [WARN] ConditionMgr:1039 - genDependencies : Invalid condition id : UX DEVICE CLASS RTOS Condition cause : null
2024-04-13 17:55:01,095 [WARN] ConditionMgr:1039 - genDependencies : Invalid condition id : UX DEVICE CLASS RTOS Condition cause : null
2024-04-13 17:55:01,095 [WARN] ConditionMgr:1039 - genDependencies : Invalid condition id : UX DEVICE CLASS RTOS Condition cause : null
2024-04-13 17:55:01,095 [WARN] ConditionMgr:1039 - genDependencies : Invalid condition id : UX DEVICE CLASS RTOS Condition cause : null
2024-04-13 17:55:01,103 [WARN] PackLoader:240 - Cannot read IP mode file for STMicroelectronics.X-CUBE-FREERTOS.1.0.0
2024-04-13 17:55:01,108 [WARN] PackLoader:240 - Cannot read IP mode file for STMicroelectronics.X-CUBE-FREERTOS.1.0.1
2024-04-13 17:55:01,119 [WARN] PackLoader:240 - Cannot read IP mode file for STMicroelectronics.X-CUBE-BLEMGR.1.0.0
2024-04-13 17:55:01,145 [WARN] PackLoader:240 - Cannot read IP mode file for STMicroelectronics.X-CUBE-AZRTOS-L5.1.1.0
2024-04-13 17:55:01,149 [WARN] PackLoader:240 - Cannot read IP mode file for STMicroelectronics.X-CUBE-AI.8.0.1
2024-04-13 17:55:01,160 [WARN] PackLoader:240 - Cannot read IP mode file for STMicroelectronics.X-CUBE-SUBG2.5.0.0
2024-04-13 17:55:01,175 [WARN] PackLoader:240 - Cannot read IP mode file for STMicroelectronics.X-CUBE-TOF1.3.3.1
2024-04-13 17:55:01,216 [WARN] PackLoader:240 - Cannot read IP mode file for STMicroelectronics.X-CUBE-AZRTOS-G4.2.0.0
2024-04-13 17:55:01,226 [WARN] PackLoader:240 - Cannot read IP mode file for STMicroelectronics.X-CUBE-TOF1.3.3.0
2024-04-13 17:55:01,235 [WARN] PackLoader:240 - Cannot read IP mode file for STMicroelectronics.FP-ATR-ASTRA1.1.1.1
2024-04-13 17:55:01,245 [WARN] PackLoader:240 - Cannot read IP mode file for Infineon.AIROC-Wi-Fi-Bluetooth-STM32.1.5.1
2024-04-13 17:55:01,253 [WARN] PackLoader:240 - Cannot read IP mode file for STMicroelectronics.FP-ATR-ASTRA1.1.1.0
2024-04-13 17:55:01,258 [WARN] PackLoader:240 - Cannot read IP mode file for STMicroelectronics.FP-SNS-MOTENVWB1.1.3.0
2024-04-13 17:55:01,263 [WARN] PackLoader:240 - Cannot read IP mode file for STMicroelectronics.FP-SNS-MOTENVWB1.1.3.1
2024-04-13 17:55:01,277 [WARN] PackLoader:240 - Cannot read IP mode file for STMicroelectronics.X-CUBE-AZRTOS-G4.1.0.0
2024-04-13 17:55:01,282 [WARN] PackLoader:240 - Cannot read IP mode file for wolfSSL.I-CUBE-wolfSSL.5.3.0
2024-04-13 17:55:01,295 [WARN] PackLoader:240 - Cannot read IP mode file for STMicroelectronics.X-CUBE-AZRTOS-L4.1.0.0
2024-04-13 17:55:01,302 [WARN] PackLoader:240 - Cannot read IP mode file for STMicroelectronics.X-CUBE-ISPU.2.0.0
2024-04-13 17:55:01,339 [WARN] PackLoader:240 - Cannot read IP mode file for STMicroelectronics.X-CUBE-MEMS1.10.0.0
2024-04-13 17:55:01,466 [WARN] PackLoader:240 - Cannot read IP mode file for STMicroelectronics.X-CUBE-FREERTOS.1.1.0
2024-04-13 17:55:01,481 [WARN] PackLoader:240 - Cannot read IP mode file for STMicroelectronics.X-CUBE-AZRTOS-F7.1.0.0
2024-04-13 17:55:01,496 [WARN] PackLoader:240 - Cannot read IP mode file for STMicroelectronics.X-CUBE-AZRTOS-WL.1.0.0
2024-04-13 17:55:01,502 [WARN] PackLoader:240 - Cannot read IP mode file for portGmbH.I-Cube-SoM-uGOAL.1.1.0
2024-04-13 17:55:01,506 [WARN] PackLoader:240 - Cannot read IP mode file for STMicroelectronics.X-CUBE-ALS.1.0.1
2024-04-13 17:55:01,529 [WARN] PackLoader:240 - Cannot read IP mode file for STMicroelectronics.X-CUBE-AZRTOS-WB.1.1.0
2024-04-13 17:55:01,541 [WARN] PackLoader:240 - Cannot read IP mode file for STMicroelectronics.X-CUBE-AZRTOS-L5.1.0.0
2024-04-13 17:55:01,546 [WARN] PackLoader:240 - Cannot read IP mode file for STMicroelectronics.X-CUBE-EEPRMA1.3.1.1
2024-04-13 17:55:01,549 [WARN] PackLoader:240 - Cannot read IP mode file for STMicroelectronics.FP-ATR-ASTRA1.2.0.0
2024-04-13 17:55:01,558 [WARN] PackLoader:240 - Cannot read IP mode file for STMicroelectronics.X-CUBE-TOF1.3.4.0
2024-04-13 17:55:01,580 [WARN] PackLoader:240 - Cannot read IP mode file for STMicroelectronics.X-CUBE-TOF1.3.4.1
2024-04-13 17:55:01,602 [WARN] PackLoader:240 - Cannot read IP mode file for STMicroelectronics.X-CUBE-AZRTOS-H7.3.2.0
2024-04-13 17:55:01,605 [INFO] ThirdParty:978 - Integrity check success = true
2024-04-13 17:55:01,605 [INFO] IntegrityCheckThread:100 - exiting critical section [integrity check]
2024-04-13 17:55:01,605 [INFO] IntegrityCheckThread:103 - End integrity checks thread
2024-04-13 17:55:20,787 [ERROR] LogOutputStream:75 - [STDERR_REDIRECT] SLF4J: Failed to load class "org.slf4j.impl.StaticLoggerBinder".
2024-04-13 17:55:20,788 [ERROR] LogOutputStream:75 - [STDERR_REDIRECT] SLF4J: Defaulting to no-operation (NOP) logger implementation
2024-04-13 17:55:20,789 [ERROR] LogOutputStream:75 - [STDERR_REDIRECT] SLF4J: See http://www.slf4j.org/codes.html#StaticLoggerBinder for further details.
2024-04-13 20:43:08,445 [ERROR] LogOutputStream:75 - [STDERR_REDIRECT] 
