2024-02-06 12:36:23,742 [ERROR] LogOutputStream:75 - [STDERR_REDIRECT] 
2024-02-06 12:48:37,093 [INFO] Activator:176 - 


2024-02-06 12:48:37,095 [INFO] Activator:177 - !SESSION log4j initialized
2024-02-06 12:48:41,641 [ERROR] LogOutputStream:75 - [STDERR_REDIRECT] 
2024-02-06 12:48:42,154 [INFO] LogOutputStream:77 - [STDOUT_REDIRECT] 
2024-02-06 12:48:43,918 [INFO] LogOutputStream:77 - [STDOUT_REDIRECT] 
2024-02-06 12:48:45,145 [INFO] ApplicationProperties:184 - Using Application install path: /Applications/STM32CubeIDE.app/Contents/Eclipse/plugins/com.st.stm32cube.common.mx_6.9.1.202307191849
2024-02-06 12:48:45,165 [INFO] DbMcusXml:78 - Set database path to: /Applications/STM32CubeIDE.app/Contents/Eclipse/plugins/com.st.stm32cube.common.mx_6.9.1.202307191849//db//mcu/
2024-02-06 12:48:45,165 [INFO] ApiDb:274 - Set plugin database path to: /Applications/STM32CubeIDE.app/Contents/Eclipse/plugins/com.st.stm32cube.common.mx_6.9.1.202307191849//db//plugins/boardmanager/
2024-02-06 12:48:45,165 [WARN] ApiDb:259 - Overriding images path with different value:  => /Applications/STM32CubeIDE.app/Contents/Eclipse/plugins/com.st.stm32cube.common.mx_6.9.1.202307191849//db//plugins/mcufinder/images/
2024-02-06 12:48:45,178 [INFO] ApiDb:250 - Set database path to: /Users/jeffsnyder/.stmcufinder/plugins/mcufinder//mcu/
2024-02-06 12:48:45,180 [INFO] DbMcusAds:125 - Set database path to: /Users/jeffsnyder/.stmcufinder/plugins/mcufinder//mcu/
2024-02-06 12:48:45,183 [INFO] CrossReferenceDbSqlite:203 - Set database path to: /Users/jeffsnyder/.stmcufinder/plugins/mcufinder//mcu/cs/
2024-02-06 12:48:45,302 [INFO] RulesReader:64 - Compatibility file has been processed (293 Rules)
2024-02-06 12:48:45,376 [INFO] DbMcusXml:78 - Set database path to: /Applications/STM32CubeIDE.app/Contents/Eclipse/plugins/com.st.stm32cube.common.mx_6.9.1.202307191849//db//mcu/
2024-02-06 12:48:45,376 [INFO] ApiDb:274 - Set plugin database path to: /Applications/STM32CubeIDE.app/Contents/Eclipse/plugins/com.st.stm32cube.common.mx_6.9.1.202307191849//db//plugins/boardmanager/
2024-02-06 12:48:45,376 [INFO] ApiDb:261 - Set plugin images path to: /Applications/STM32CubeIDE.app/Contents/Eclipse/plugins/com.st.stm32cube.common.mx_6.9.1.202307191849//db//plugins/mcufinder/images/
2024-02-06 12:48:45,377 [WARN] DbFile:41 - Overriding database path with different value: /Users/jeffsnyder/.stmcufinder/plugins/mcufinder/ => /Users/jeffsnyder/.stmcufinder/plugins/mcufinder
2024-02-06 12:48:45,377 [INFO] ApiDb:250 - Set database path to: /Users/jeffsnyder/.stmcufinder/plugins/mcufinder//mcu/
2024-02-06 12:48:45,377 [WARN] DbFile:41 - Overriding database path with different value: /Users/jeffsnyder/.stmcufinder/plugins/mcufinder/ => /Users/jeffsnyder/.stmcufinder/plugins/mcufinder
2024-02-06 12:48:45,377 [INFO] DbMcusAds:125 - Set database path to: /Users/jeffsnyder/.stmcufinder/plugins/mcufinder//mcu/
2024-02-06 12:48:45,377 [WARN] DbFile:41 - Overriding database path with different value: /Users/jeffsnyder/.stmcufinder/plugins/mcufinder/ => /Users/jeffsnyder/.stmcufinder/plugins/mcufinder
2024-02-06 12:48:45,377 [WARN] DbFile:41 - Overriding database path with different value: /Users/jeffsnyder/.stmcufinder/plugins/mcufinder/ => /Users/jeffsnyder/.stmcufinder/plugins/mcufinder
2024-02-06 12:48:45,377 [INFO] CrossReferenceDbSqlite:203 - Set database path to: /Users/jeffsnyder/.stmcufinder/plugins/mcufinder//mcu/cs/
2024-02-06 12:48:45,451 [INFO] MainPanel:262 - HeapMemory: 268435456
2024-02-06 12:48:45,552 [INFO] DbMcusXml:78 - Set database path to: /Applications/STM32CubeIDE.app/Contents/Eclipse/plugins/com.st.stm32cube.common.mx_6.9.1.202307191849//db//mcu/
2024-02-06 12:48:45,553 [INFO] ApiDb:274 - Set plugin database path to: /Applications/STM32CubeIDE.app/Contents/Eclipse/plugins/com.st.stm32cube.common.mx_6.9.1.202307191849//db//plugins/boardmanager/
2024-02-06 12:48:45,553 [INFO] ApiDb:261 - Set plugin images path to: /Applications/STM32CubeIDE.app/Contents/Eclipse/plugins/com.st.stm32cube.common.mx_6.9.1.202307191849//db//plugins/mcufinder/images/
2024-02-06 12:48:45,553 [WARN] DbFile:41 - Overriding database path with different value: /Users/jeffsnyder/.stmcufinder/plugins/mcufinder/ => /Users/jeffsnyder/.stmcufinder/plugins/mcufinder
2024-02-06 12:48:45,553 [INFO] ApiDb:250 - Set database path to: /Users/jeffsnyder/.stmcufinder/plugins/mcufinder//mcu/
2024-02-06 12:48:45,553 [WARN] DbFile:41 - Overriding database path with different value: /Users/jeffsnyder/.stmcufinder/plugins/mcufinder/ => /Users/jeffsnyder/.stmcufinder/plugins/mcufinder
2024-02-06 12:48:45,554 [INFO] DbMcusAds:125 - Set database path to: /Users/jeffsnyder/.stmcufinder/plugins/mcufinder//mcu/
2024-02-06 12:48:45,554 [WARN] DbFile:41 - Overriding database path with different value: /Users/jeffsnyder/.stmcufinder/plugins/mcufinder/ => /Users/jeffsnyder/.stmcufinder/plugins/mcufinder
2024-02-06 12:48:45,554 [WARN] DbFile:41 - Overriding database path with different value: /Users/jeffsnyder/.stmcufinder/plugins/mcufinder/ => /Users/jeffsnyder/.stmcufinder/plugins/mcufinder
2024-02-06 12:48:45,554 [INFO] CrossReferenceDbSqlite:203 - Set database path to: /Users/jeffsnyder/.stmcufinder/plugins/mcufinder//mcu/cs/
2024-02-06 12:48:45,571 [INFO] ApplicationProperties:184 - Using Application install path: /Applications/STM32CubeIDE.app/Contents/Eclipse/plugins/com.st.stm32cube.common.mx_6.9.1.202307191849
2024-02-06 12:48:45,572 [INFO] PluginManage:196 - Search for loadable plugins [exclusion list=, ]
2024-02-06 12:48:45,573 [INFO] PluginManage:310 - Check plugin analytics
2024-02-06 12:48:45,736 [INFO] AnalyticsPlugin:253 - Accepted Software Licenses: STM32CubeMX.6.8.1
2024-02-06 12:48:45,736 [INFO] AnalyticsPlugin:255 - Accepted CMSIS Pack Licenses: ARM.CMSIS-DSP.1.15.0
2024-02-06 12:48:45,736 [INFO] AnalyticsPlugin:257 - Accepted Firmware Licenses: FW.H7.1.11.0
2024-02-06 12:48:45,738 [INFO] PluginManage:359 - Loaded plugin analytics (category:tool,tabindex:-1)
2024-02-06 12:48:45,739 [INFO] PluginManage:310 - Check plugin cadmodel
2024-02-06 12:48:46,535 [INFO] CADModel:105 - Init CAD model plugin
2024-02-06 12:48:46,536 [INFO] PluginManage:359 - Loaded plugin cadmodel (category:power,tabindex:5)
2024-02-06 12:48:46,536 [INFO] PluginManage:310 - Check plugin clock
2024-02-06 12:48:46,546 [INFO] PluginManage:359 - Loaded plugin clock (category:base,tabindex:2)
2024-02-06 12:48:46,547 [INFO] PluginManage:310 - Check plugin ddr
2024-02-06 12:48:46,549 [INFO] PluginManage:359 - Loaded plugin ddr (category:tool,tabindex:6)
2024-02-06 12:48:46,550 [INFO] PluginManage:310 - Check plugin filemanager
2024-02-06 12:48:46,687 [INFO] PluginManage:359 - Loaded plugin filemanager (category:base,tabindex:10)
2024-02-06 12:48:46,687 [INFO] PluginManage:310 - Check plugin ipmanager
2024-02-06 12:48:46,694 [INFO] PluginManage:359 - Loaded plugin ipmanager (category:base,tabindex:5)
2024-02-06 12:48:46,694 [INFO] PluginManage:310 - Check plugin lpbam
2024-02-06 12:48:46,705 [INFO] PluginManage:359 - Loaded plugin lpbam (category:base,tabindex:0)
2024-02-06 12:48:46,705 [INFO] PluginManage:310 - Check plugin memorymap
2024-02-06 12:48:46,720 [INFO] PluginManage:359 - Loaded plugin memorymap (category:base,tabindex:4)
2024-02-06 12:48:46,720 [INFO] PluginManage:310 - Check plugin pinoutandconfiguration
2024-02-06 12:48:46,727 [INFO] PluginManage:359 - Loaded plugin pinoutandconfiguration (category:base,tabindex:1)
2024-02-06 12:48:46,728 [INFO] PluginManage:310 - Check plugin pinoutconfig
2024-02-06 12:48:46,828 [WARN] SupportedApi:132 - Cannot load RTOS API schema: s4s-elt-must-match.1: The content of 'definitions' must match (annotation?, (simpleType | complexType)?, (unique | key | keyref)*)). A problem was found starting at: attribute.
2024-02-06 12:48:46,977 [INFO] PluginManage:359 - Loaded plugin pinoutconfig (category:base,tabindex:0)
2024-02-06 12:48:46,977 [INFO] PluginManage:310 - Check plugin power
2024-02-06 12:48:46,988 [INFO] PluginManage:359 - Loaded plugin power (category:power,tabindex:4)
2024-02-06 12:48:46,988 [INFO] PluginManage:310 - Check plugin projectmanager
2024-02-06 12:48:47,000 [INFO] PluginManage:359 - Loaded plugin projectmanager (category:projectmanager,tabindex:3)
2024-02-06 12:48:47,000 [INFO] PluginManage:310 - Check plugin thirdparty
2024-02-06 12:48:47,121 [INFO] PluginManage:359 - Loaded plugin thirdparty (category:base,tabindex:-1)
2024-02-06 12:48:47,121 [WARN] IntegrityCheckThread:84 - waiting for thirdparty lock release [integrity check]
2024-02-06 12:48:47,122 [INFO] PluginManage:310 - Check plugin tools
2024-02-06 12:48:47,122 [INFO] IntegrityCheckThread:86 - entering critical section [integrity check]
2024-02-06 12:48:47,122 [INFO] ThirdPartyUpdaterWithRetryManager:70 - Updater plugin not ready yet. [1/15]
2024-02-06 12:48:47,124 [INFO] PluginManage:359 - Loaded plugin tools (category:base,tabindex:7)
2024-02-06 12:48:47,124 [INFO] PluginManage:310 - Check plugin tutovideos
2024-02-06 12:48:47,321 [INFO] PluginManage:359 - Loaded plugin tutovideos (category:base,tabindex:-1)
2024-02-06 12:48:47,321 [INFO] PluginManage:310 - Check plugin updater
2024-02-06 12:48:47,331 [INFO] PluginManage:359 - Loaded plugin updater (category:base,tabindex:12)
2024-02-06 12:48:47,331 [INFO] PluginManage:310 - Check plugin userauth
2024-02-06 12:48:47,337 [INFO] UserAuth:113 - Init User Auth plugin
2024-02-06 12:48:47,337 [INFO] PluginManage:359 - Loaded plugin userauth (category:base,tabindex:14)
2024-02-06 12:48:47,338 [INFO] PluginManage:283 - PluginManage : Loaded plugins [17]
2024-02-06 12:48:47,520 [INFO] PinOutPanel:1499 - setPackage(No Configuration,No Configuration)
2024-02-06 12:48:47,607 [INFO] CADModel:165 - CPN selected for project level
2024-02-06 12:48:47,608 [INFO] CADModel:114 - Register for checkConnection events
2024-02-06 12:48:47,620 [INFO] IPUIPlugin:80 - create IPUIPlugin
2024-02-06 12:48:47,621 [INFO] PluginManager:220 - loadIPPluginJar : add mdma
2024-02-06 12:48:47,628 [INFO] IPUIPlugin:80 - create IPUIPlugin
2024-02-06 12:48:47,628 [INFO] PluginManager:220 - loadIPPluginJar : add freertos
2024-02-06 12:48:47,634 [INFO] IPUIPlugin:80 - create IPUIPlugin
2024-02-06 12:48:47,634 [INFO] PluginManager:220 - loadIPPluginJar : add gic
2024-02-06 12:48:47,643 [INFO] IPUIPlugin:80 - create IPUIPlugin
2024-02-06 12:48:47,643 [INFO] PluginManager:220 - loadIPPluginJar : add adc
2024-02-06 12:48:47,645 [INFO] IPUIPlugin:80 - create IPUIPlugin
2024-02-06 12:48:47,646 [INFO] PluginManager:220 - loadIPPluginJar : add gtzc
2024-02-06 12:48:47,647 [INFO] IPUIPlugin:80 - create IPUIPlugin
2024-02-06 12:48:47,647 [INFO] PluginManager:220 - loadIPPluginJar : add quadspi
2024-02-06 12:48:47,649 [INFO] IPUIPlugin:80 - create IPUIPlugin
2024-02-06 12:48:47,649 [INFO] PluginManager:220 - loadIPPluginJar : add aes
2024-02-06 12:48:47,652 [INFO] IPUIPlugin:80 - create IPUIPlugin
2024-02-06 12:48:47,652 [INFO] PluginManager:220 - loadIPPluginJar : add pdm2pcm
2024-02-06 12:48:47,654 [INFO] IPUIPlugin:80 - create IPUIPlugin
2024-02-06 12:48:47,654 [INFO] PluginManager:220 - loadIPPluginJar : add hash
2024-02-06 12:48:47,656 [INFO] IPUIPlugin:80 - create IPUIPlugin
2024-02-06 12:48:47,656 [INFO] PluginManager:220 - loadIPPluginJar : add tim
2024-02-06 12:48:47,658 [INFO] IPUIPlugin:80 - create IPUIPlugin
2024-02-06 12:48:47,658 [INFO] PluginManager:220 - loadIPPluginJar : add tsc
2024-02-06 12:48:47,660 [INFO] IPUIPlugin:80 - create IPUIPlugin
2024-02-06 12:48:47,660 [INFO] PluginManager:220 - loadIPPluginJar : add ts
2024-02-06 12:48:47,662 [INFO] IPUIPlugin:80 - create IPUIPlugin
2024-02-06 12:48:47,662 [INFO] PluginManager:220 - loadIPPluginJar : add can
2024-02-06 12:48:47,664 [INFO] IPUIPlugin:80 - create IPUIPlugin
2024-02-06 12:48:47,664 [INFO] PluginManager:220 - loadIPPluginJar : add dma3
2024-02-06 12:48:47,666 [INFO] IPUIPlugin:80 - create IPUIPlugin
2024-02-06 12:48:47,666 [INFO] PluginManager:220 - loadIPPluginJar : add dfsdm
2024-02-06 12:48:47,669 [INFO] IPUIPlugin:80 - create IPUIPlugin
2024-02-06 12:48:47,669 [INFO] PluginManager:220 - loadIPPluginJar : add spi
2024-02-06 12:48:47,671 [INFO] IPUIPlugin:80 - create IPUIPlugin
2024-02-06 12:48:47,671 [INFO] PluginManager:220 - loadIPPluginJar : add gfxmmu
2024-02-06 12:48:47,673 [INFO] IPUIPlugin:80 - create IPUIPlugin
2024-02-06 12:48:47,673 [INFO] PluginManager:220 - loadIPPluginJar : add genericplugin
2024-02-06 12:48:47,675 [INFO] IPUIPlugin:80 - create IPUIPlugin
2024-02-06 12:48:47,675 [INFO] PluginManager:220 - loadIPPluginJar : add cryp
2024-02-06 12:48:47,679 [INFO] IPUIPlugin:80 - create IPUIPlugin
2024-02-06 12:48:47,679 [INFO] PluginManager:220 - loadIPPluginJar : add gpio
2024-02-06 12:48:47,681 [INFO] IPUIPlugin:80 - create IPUIPlugin
2024-02-06 12:48:47,681 [INFO] PluginManager:220 - loadIPPluginJar : add comp
2024-02-06 12:48:47,683 [INFO] IPUIPlugin:80 - create IPUIPlugin
2024-02-06 12:48:47,683 [INFO] PluginManager:220 - loadIPPluginJar : add tracer_emb
2024-02-06 12:48:47,685 [INFO] IPUIPlugin:80 - create IPUIPlugin
2024-02-06 12:48:47,685 [INFO] PluginManager:220 - loadIPPluginJar : add openamp
2024-02-06 12:48:47,690 [INFO] IPUIPlugin:80 - create IPUIPlugin
2024-02-06 12:48:47,690 [INFO] PluginManager:220 - loadIPPluginJar : add stm32_wpan
2024-02-06 12:48:47,696 [INFO] IPUIPlugin:80 - create IPUIPlugin
2024-02-06 12:48:47,699 [INFO] PluginManager:220 - loadIPPluginJar : add plateformsettings
2024-02-06 12:48:47,703 [INFO] IPUIPlugin:80 - create IPUIPlugin
2024-02-06 12:48:47,703 [INFO] PluginManager:220 - loadIPPluginJar : add ipddr
2024-02-06 12:48:47,705 [INFO] IPUIPlugin:80 - create IPUIPlugin
2024-02-06 12:48:47,706 [INFO] PluginManager:220 - loadIPPluginJar : add usart
2024-02-06 12:48:47,707 [INFO] IPUIPlugin:80 - create IPUIPlugin
2024-02-06 12:48:47,707 [INFO] PluginManager:220 - loadIPPluginJar : add ltdc
2024-02-06 12:48:47,711 [INFO] IPUIPlugin:80 - create IPUIPlugin
2024-02-06 12:48:47,712 [INFO] PluginManager:220 - loadIPPluginJar : add nvic
2024-02-06 12:48:47,713 [INFO] IPUIPlugin:80 - create IPUIPlugin
2024-02-06 12:48:47,713 [INFO] PluginManager:220 - loadIPPluginJar : add fatfs
2024-02-06 12:48:47,720 [INFO] IPUIPlugin:80 - create IPUIPlugin
2024-02-06 12:48:47,720 [INFO] PluginManager:220 - loadIPPluginJar : add linkedlist
2024-02-06 12:48:47,726 [INFO] IPUIPlugin:80 - create IPUIPlugin
2024-02-06 12:48:47,726 [INFO] PluginManager:220 - loadIPPluginJar : add dma
2024-02-06 12:48:47,730 [INFO] IPUIPlugin:80 - create IPUIPlugin
2024-02-06 12:48:47,730 [INFO] PluginManager:220 - loadIPPluginJar : add fmc
2024-02-06 12:48:47,732 [INFO] IPUIPlugin:80 - create IPUIPlugin
2024-02-06 12:48:47,732 [INFO] PluginManager:220 - loadIPPluginJar : add i2s
2024-02-06 12:48:47,734 [INFO] IPUIPlugin:80 - create IPUIPlugin
2024-02-06 12:48:47,734 [INFO] PluginManager:220 - loadIPPluginJar : add ucpd
2024-02-06 12:48:47,736 [INFO] IPUIPlugin:80 - create IPUIPlugin
2024-02-06 12:48:47,736 [INFO] PluginManager:220 - loadIPPluginJar : add lorawan
2024-02-06 12:48:47,739 [INFO] IPUIPlugin:80 - create IPUIPlugin
2024-02-06 12:48:47,739 [INFO] PluginManager:220 - loadIPPluginJar : add opamp
2024-02-06 12:48:47,742 [INFO] IPUIPlugin:80 - create IPUIPlugin
2024-02-06 12:48:47,742 [INFO] PluginManager:220 - loadIPPluginJar : add i3c
2024-02-06 12:48:47,746 [INFO] IPUIPlugin:80 - create IPUIPlugin
2024-02-06 12:48:47,746 [INFO] PluginManager:220 - loadIPPluginJar : add touchsensing
2024-02-06 12:48:47,749 [INFO] IPUIPlugin:80 - create IPUIPlugin
2024-02-06 12:48:47,749 [INFO] PluginManager:220 - loadIPPluginJar : add i2c
2024-02-06 12:48:47,752 [INFO] IPUIPlugin:80 - create IPUIPlugin
2024-02-06 12:48:47,752 [INFO] PluginManager:220 - loadIPPluginJar : add resmgrutility
2024-02-06 12:48:47,755 [INFO] IPUIPlugin:80 - create IPUIPlugin
2024-02-06 12:48:47,756 [INFO] PluginManager:220 - loadIPPluginJar : add sai
2024-02-06 12:48:47,758 [INFO] IPUIPlugin:80 - create IPUIPlugin
2024-02-06 12:48:47,758 [INFO] PluginManager:220 - loadIPPluginJar : add usbx
2024-02-06 12:48:47,860 [INFO] CADModel:165 - CPN selected for project level
2024-02-06 12:48:47,860 [INFO] CADModel:114 - Register for checkConnection events
2024-02-06 12:48:47,860 [FATAL] Updater:308 - Updater called before beeing initialized
2024-02-06 12:48:47,860 [ERROR] CADModel:125 - Updater not yet initialized, retry later 
2024-02-06 12:48:48,044 [INFO] CADModel:165 - CPN selected for project level
2024-02-06 12:48:48,045 [INFO] CADModel:114 - Register for checkConnection events
2024-02-06 12:48:48,045 [FATAL] Updater:308 - Updater called before beeing initialized
2024-02-06 12:48:48,045 [ERROR] CADModel:125 - Updater not yet initialized, retry later 
2024-02-06 12:48:48,048 [FATAL] Updater:308 - Updater called before beeing initialized
2024-02-06 12:48:48,115 [FATAL] Updater:308 - Updater called before beeing initialized
2024-02-06 12:48:48,120 [INFO] DbMcusAds:53 - JSON generation date=Thu Sep 30 02:55:09 EDT 2021 (1632984909247)
2024-02-06 12:48:48,120 [FATAL] Updater:308 - Updater called before beeing initialized
2024-02-06 12:48:48,274 [WARN] DetailPanel:346 - Failed to get advertising image, set to default
2024-02-06 12:48:48,382 [FATAL] Updater:308 - Updater called before beeing initialized
2024-02-06 12:48:48,384 [FATAL] Updater:308 - Updater called before beeing initialized
2024-02-06 12:48:48,384 [FATAL] Updater:308 - Updater called before beeing initialized
2024-02-06 12:48:48,384 [WARN] DetailPanel:346 - Failed to get advertising image, set to default
2024-02-06 12:48:48,385 [FATAL] Updater:308 - Updater called before beeing initialized
2024-02-06 12:48:48,409 [ERROR] Updater:1120 - MainUpdater not yet initialized. External WinMGr cannot be set.
2024-02-06 12:48:48,430 [INFO] Updater:1056 - Updater Version found : 6.9.1
2024-02-06 12:48:48,449 [INFO] ApplicationProperties:184 - Using Application install path: /Applications/STM32CubeIDE.app/Contents/Eclipse/plugins/com.st.stm32cube.common.mx_6.9.1.202307191849
2024-02-06 12:48:48,635 [INFO] MainUpdater:2868 - connection check result : 10
2024-02-06 12:48:48,635 [INFO] MainUpdater:285 - Updater Check For Update Now.
2024-02-06 12:48:48,635 [INFO] MicroXplorer:498 - Change Database Version : DB.6.0.91
2024-02-06 12:48:48,641 [INFO] McuFinderGlobals:63 - Set McuFinder mode to 2 (CubeIDE integrated)
2024-02-06 12:48:48,641 [INFO] UserAuth:179 - activating auth plugin
2024-02-06 12:48:48,643 [INFO] UserAuth:393 - Internet connection configuration mode: 1
2024-02-06 12:48:48,659 [INFO] JxBrowserEngine:151 - Initiate JxBrowser Engine with user profile folder
2024-02-06 12:48:48,803 [INFO] CheckServerUpdateThread:120 - End of CheckServer Thread
2024-02-06 12:48:50,259 [WARN] PackLoader:240 - Cannot read IP mode file for STMicroelectronics.X-CUBE-SMBUS.2.1.0
2024-02-06 12:48:50,265 [WARN] PackLoader:240 - Cannot read IP mode file for STMicroelectronics.X-CUBE-TOUCHGFX.4.23.0
2024-02-06 12:48:50,321 [WARN] PackLoader:240 - Cannot read IP mode file for STMicroelectronics.X-CUBE-MEMS1.9.2.0
2024-02-06 12:48:50,492 [WARN] PackLoader:240 - Cannot read IP mode file for STMicroelectronics.X-CUBE-AZRTOS-F7.1.1.0
2024-02-06 12:48:50,498 [ERROR] RealEvaluatedCondition:428 - Found unsupported composite condition: GROUP='STM32_MetaDataManager' CLASS='Data Exchange'
2024-02-06 12:48:50,498 [ERROR] RealEvaluatedCondition:428 - Found unsupported composite condition: GROUP='STM32_MetaDataManager' CLASS='Data Exchange'
2024-02-06 12:48:50,499 [WARN] PackLoader:240 - Cannot read IP mode file for STMicroelectronics.FP-SNS-MOTENV1.4.3.0
2024-02-06 12:48:50,504 [WARN] PackLoader:240 - Cannot read IP mode file for STMicroelectronics.FP-SNS-MOTENV1.4.3.2
2024-02-06 12:48:50,509 [WARN] PackLoader:240 - Cannot read IP mode file for STMicroelectronics.FP-SNS-FLIGHT1.5.0.0
2024-02-06 12:48:50,512 [ERROR] RealEvaluatedCondition:428 - Found unsupported composite condition: CLASS='Data Exchange' GROUP='STM32_MetaDataManager'
2024-02-06 12:48:50,512 [ERROR] RealEvaluatedCondition:428 - Found unsupported composite condition: CLASS='Data Exchange' GROUP='STM32_MetaDataManager'
2024-02-06 12:48:50,513 [WARN] PackLoader:240 - Cannot read IP mode file for STMicroelectronics.FP-SNS-MOTENV1.4.3.1
2024-02-06 12:48:50,517 [WARN] PackLoader:240 - Cannot read IP mode file for STMicroelectronics.FP-SNS-FLIGHT1.5.0.1
2024-02-06 12:48:50,522 [WARN] PackLoader:240 - Cannot read IP mode file for STMicroelectronics.X-CUBE-BLE1.6.2.3
2024-02-06 12:48:50,526 [WARN] PackLoader:240 - Cannot read IP mode file for STMicroelectronics.X-CUBE-BLE1.6.2.4
2024-02-06 12:48:50,528 [WARN] PackLoader:240 - Cannot read IP mode file for STMicroelectronics.FP-SNS-FLIGHT1.5.0.2
2024-02-06 12:48:50,536 [WARN] PackLoader:240 - Cannot read IP mode file for STMicroelectronics.X-CUBE-TOF1.3.1.0
2024-02-06 12:48:50,546 [WARN] PackLoader:240 - Cannot read IP mode file for STMicroelectronics.X-CUBE-DISPLAY.3.0.0
2024-02-06 12:48:50,553 [WARN] PackLoader:240 - Cannot read IP mode file for STMicroelectronics.X-CUBE-BLE1.7.0.0
2024-02-06 12:48:50,557 [WARN] PackLoader:240 - Cannot read IP mode file for emotas.I-CUBE-CANOPEN.1.3.0
2024-02-06 12:48:50,560 [WARN] PackLoader:240 - Cannot read IP mode file for STMicroelectronics.X-CUBE-TOUCHGFX.4.22.0
2024-02-06 12:48:50,562 [WARN] PackLoader:240 - Cannot read IP mode file for STMicroelectronics.X-CUBE-TOUCHGFX.4.22.1
2024-02-06 12:48:50,608 [WARN] PackLoader:240 - Cannot read IP mode file for STMicroelectronics.X-CUBE-MEMS1.9.3.0
2024-02-06 12:48:50,791 [WARN] PackLoader:240 - Cannot read IP mode file for STMicroelectronics.X-CUBE-AI.7.2.0
2024-02-06 12:48:50,796 [WARN] PackLoader:240 - Cannot read IP mode file for STMicroelectronics.FP-SNS-SMARTAG2.1.2.0
2024-02-06 12:48:50,807 [INFO] LogOutputStream:77 - [STDOUT_REDIRECT] 1 : Invalid condition id : UX_CORESTACK_Condition cause : null
2024-02-06 12:48:50,808 [INFO] LogOutputStream:77 - [STDOUT_REDIRECT] 1 : Invalid condition id : UX_CORESTACK_Condition cause : null
2024-02-06 12:48:50,808 [INFO] LogOutputStream:77 - [STDOUT_REDIRECT] 1 : Invalid condition id : UX_CORESTACK_Condition cause : null
2024-02-06 12:48:50,808 [INFO] LogOutputStream:77 - [STDOUT_REDIRECT] 1 : Invalid condition id : UX_CORESTACK_Condition cause : null
2024-02-06 12:48:50,808 [INFO] LogOutputStream:77 - [STDOUT_REDIRECT] 1 : Invalid condition id : UX_CORESTACK_Condition cause : null
2024-02-06 12:48:50,812 [WARN] PackLoader:240 - Cannot read IP mode file for STMicroelectronics.X-CUBE-AZRTOS-WL.2.0.0
2024-02-06 12:48:50,820 [WARN] PackLoader:240 - Cannot read IP mode file for WES.I-CUBE-Cesium.1.3.0
2024-02-06 12:48:50,824 [WARN] PackLoader:240 - Cannot read IP mode file for STMicroelectronics.X-CUBE-BLE2.3.3.0
2024-02-06 12:48:50,830 [WARN] PackLoader:240 - Cannot read IP mode file for STMicroelectronics.X-CUBE-DISPLAY.2.2.0
2024-02-06 12:48:50,843 [WARN] PackLoader:240 - Cannot read IP mode file for STMicroelectronics.X-CUBE-TOF1.3.2.0
2024-02-06 12:48:50,854 [WARN] PackLoader:240 - Cannot read IP mode file for STMicroelectronics.X-CUBE-ISPU.1.0.0
2024-02-06 12:48:50,874 [WARN] PackLoader:240 - Cannot read IP mode file for STMicroelectronics.X-CUBE-AZRTOS-H7.2.1.0
2024-02-06 12:48:50,880 [WARN] PackLoader:240 - Cannot read IP mode file for STMicroelectronics.X-CUBE-TOUCHGFX.4.21.1
2024-02-06 12:48:50,882 [WARN] PackLoader:240 - Cannot read IP mode file for STMicroelectronics.X-CUBE-TOUCHGFX.4.21.0
2024-02-06 12:48:50,885 [WARN] PackLoader:240 - Cannot read IP mode file for STMicroelectronics.X-CUBE-TOUCHGFX.4.21.3
2024-02-06 12:48:50,887 [WARN] PackLoader:240 - Cannot read IP mode file for STMicroelectronics.X-CUBE-TOUCHGFX.4.21.4
2024-02-06 12:48:50,916 [WARN] PackLoader:240 - Cannot read IP mode file for STMicroelectronics.X-CUBE-MEMS1.9.4.0
2024-02-06 12:48:51,044 [WARN] PackLoader:240 - Cannot read IP mode file for STMicroelectronics.X-CUBE-AI.7.3.0
2024-02-06 12:48:51,049 [WARN] PackLoader:240 - Cannot read IP mode file for STMicroelectronics.X-CUBE-ALGOBUILD.1.3.0
2024-02-06 12:48:51,062 [WARN] PackLoader:240 - Cannot read IP mode file for STMicroelectronics.X-CUBE-AZRTOS-G0.1.1.0
2024-02-06 12:48:51,067 [WARN] PackLoader:240 - Cannot read IP mode file for STMicroelectronics.X-CUBE-NFC4.3.0.0
2024-02-06 12:48:51,106 [WARN] PackLoader:240 - Cannot read IP mode file for SEGGER.I-CUBE-embOS.1.2.0
2024-02-06 12:48:51,150 [WARN] PackLoader:240 - Cannot read IP mode file for STMicroelectronics.X-CUBE-BLEMGR.3.0.0
2024-02-06 12:48:51,159 [WARN] PackLoader:240 - Cannot read IP mode file for STMicroelectronics.X-CUBE-BLEMGR.1.3.0
2024-02-06 12:48:51,163 [WARN] PackLoader:240 - Cannot read IP mode file for STMicroelectronics.FP-ATR-SIGFOX1.3.2.0
2024-02-06 12:48:51,169 [WARN] PackLoader:240 - Cannot read IP mode file for STMicroelectronics.X-CUBE-EEPRMA1.5.1.0
2024-02-06 12:48:51,176 [WARN] PackLoader:240 - Cannot read IP mode file for emotas.I-CUBE-CANOPEN.1.1.2
2024-02-06 12:48:51,178 [WARN] PackLoader:240 - Cannot read IP mode file for STMicroelectronics.X-CUBE-TOUCHGFX.4.20.0
2024-02-06 12:48:51,227 [WARN] PackLoader:240 - Cannot read IP mode file for STMicroelectronics.X-CUBE-MEMS1.9.5.0
2024-02-06 12:48:51,388 [WARN] PackLoader:240 - Cannot read IP mode file for SEGGER.I-CUBE-embOS.1.3.1
2024-02-06 12:48:51,419 [WARN] PackLoader:240 - Cannot read IP mode file for STMicroelectronics.X-CUBE-GNSS1.6.0.0
2024-02-06 12:48:51,434 [WARN] PackLoader:240 - Cannot read IP mode file for STMicroelectronics.X-CUBE-AZRTOS-F4.1.1.0
2024-02-06 12:48:51,439 [WARN] PackLoader:240 - Cannot read IP mode file for wolfSSL.I-CUBE-wolfSSL.5.6.6
2024-02-06 12:48:51,444 [WARN] PackLoader:240 - Cannot read IP mode file for STMicroelectronics.X-CUBE-BLEMGR.1.2.0
2024-02-06 12:48:51,460 [WARN] PackLoader:240 - Cannot read IP mode file for STMicroelectronics.X-CUBE-AZRTOS-L5.2.0.0
2024-02-06 12:48:51,492 [WARN] PackLoader:240 - Cannot read IP mode file for STMicroelectronics.X-CUBE-MEMS1.9.6.0
2024-02-06 12:48:51,604 [WARN] PackLoader:240 - Cannot read IP mode file for STMicroelectronics.X-CUBE-EEPRMA1.4.2.0
2024-02-06 12:48:51,609 [WARN] PackLoader:240 - Cannot read IP mode file for ITTIA_DB.I-CUBE-ITTIADB.8.8.0
2024-02-06 12:48:51,615 [ERROR] Engine:466 - /Users/jeffsnyder/STM32Cube/Repository/Packs/ARM/CMSIS-DSP/1.15.0/ARM.CMSIS-DSP.pdsc: PDSC version is not supported
2024-02-06 12:48:51,620 [WARN] PackLoader:240 - Cannot read IP mode file for STMicroelectronics.X-CUBE-BLEMGR.2.0.0
2024-02-06 12:48:51,625 [WARN] PackLoader:240 - Cannot read IP mode file for STMicroelectronics.X-CUBE-NFC4.2.0.5
2024-02-06 12:48:51,629 [WARN] PackLoader:240 - Cannot read IP mode file for STMicroelectronics.X-CUBE-NFC4.2.0.4
2024-02-06 12:48:51,651 [WARN] ConditionMgr:438 - getConditionDescription Invalid condition id : UX DEVICE CLASS RTOS Condition cause : null
2024-02-06 12:48:51,651 [WARN] ConditionMgr:438 - getConditionDescription Invalid condition id : UX DEVICE CLASS RTOS Condition cause : null
2024-02-06 12:48:51,654 [WARN] PackLoader:240 - Cannot read IP mode file for STMicroelectronics.X-CUBE-AZRTOS-H7.3.1.0
2024-02-06 12:48:51,655 [WARN] ConditionMgr:1039 - genDependencies : Invalid condition id : UX DEVICE CLASS RTOS Condition cause : null
2024-02-06 12:48:51,655 [WARN] ConditionMgr:1039 - genDependencies : Invalid condition id : UX DEVICE CLASS RTOS Condition cause : null
2024-02-06 12:48:51,655 [WARN] ConditionMgr:1039 - genDependencies : Invalid condition id : UX DEVICE CLASS RTOS Condition cause : null
2024-02-06 12:48:51,656 [WARN] ConditionMgr:1039 - genDependencies : Invalid condition id : UX DEVICE CLASS RTOS Condition cause : null
2024-02-06 12:48:51,656 [WARN] ConditionMgr:1039 - genDependencies : Invalid condition id : UX DEVICE CLASS RTOS Condition cause : null
2024-02-06 12:48:51,671 [WARN] PackLoader:240 - Cannot read IP mode file for STMicroelectronics.X-CUBE-AZRTOS-F4.1.0.0
2024-02-06 12:48:51,677 [WARN] PackLoader:240 - Cannot read IP mode file for STMicroelectronics.X-CUBE-NFC7.1.0.1
2024-02-06 12:48:51,681 [WARN] PackLoader:240 - Cannot read IP mode file for STMicroelectronics.X-CUBE-NFC7.1.0.0
2024-02-06 12:48:51,687 [WARN] PackLoader:240 - Cannot read IP mode file for STMicroelectronics.X-CUBE-NFC6.3.0.0
2024-02-06 12:48:51,692 [WARN] PackLoader:240 - Cannot read IP mode file for STMicroelectronics.X-CUBE-EEPRMA1.4.1.0
2024-02-06 12:48:51,695 [WARN] PackLoader:240 - Cannot read IP mode file for STMicroelectronics.X-CUBE-AI.8.1.0
2024-02-06 12:48:51,710 [WARN] ConditionMgr:438 - getConditionDescription Invalid condition id : LAN8742 Phy interface Condition cause : null
2024-02-06 12:48:51,710 [WARN] PackLoader:240 - Cannot read IP mode file for STMicroelectronics.X-CUBE-AZRTOS-L4.2.0.0
2024-02-06 12:48:51,711 [WARN] ConditionMgr:1039 - genDependencies : Invalid condition id : LAN8742 Phy interface Condition cause : null
2024-02-06 12:48:51,711 [WARN] ConditionMgr:1039 - genDependencies : Invalid condition id : LAN8742 Phy interface Condition cause : null
2024-02-06 12:48:51,712 [WARN] ConditionMgr:1039 - genDependencies : Invalid condition id : LAN8742 Phy interface Condition cause : null
2024-02-06 12:48:51,718 [WARN] PackLoader:240 - Cannot read IP mode file for STMicroelectronics.X-CUBE-SFXS2LP1.4.0.0
2024-02-06 12:48:51,734 [WARN] PackLoader:240 - Cannot read IP mode file for STMicroelectronics.X-CUBE-AZRTOS-H7.3.0.0
2024-02-06 12:48:51,739 [WARN] PackLoader:240 - Cannot read IP mode file for STMicroelectronics.X-CUBE-ISPU.1.1.0
2024-02-06 12:48:51,745 [WARN] PackLoader:240 - Cannot read IP mode file for RoweBots.I-CUBE-UNISONRTOS.5.5.0-4
2024-02-06 12:48:51,748 [WARN] PackLoader:240 - Cannot read IP mode file for STMicroelectronics.X-CUBE-AI.8.0.0
2024-02-06 12:48:51,759 [WARN] ConditionMgr:438 - getConditionDescription Invalid condition id : UX DEVICE CLASS RTOS Condition cause : null
2024-02-06 12:48:51,760 [WARN] ConditionMgr:438 - getConditionDescription Invalid condition id : UX DEVICE CLASS RTOS Condition cause : null
2024-02-06 12:48:51,761 [WARN] PackLoader:240 - Cannot read IP mode file for STMicroelectronics.X-CUBE-AZRTOS-WB.2.0.0
2024-02-06 12:48:51,762 [WARN] ConditionMgr:1039 - genDependencies : Invalid condition id : UX DEVICE CLASS RTOS Condition cause : null
2024-02-06 12:48:51,762 [WARN] ConditionMgr:1039 - genDependencies : Invalid condition id : UX DEVICE CLASS RTOS Condition cause : null
2024-02-06 12:48:51,762 [WARN] ConditionMgr:1039 - genDependencies : Invalid condition id : UX DEVICE CLASS RTOS Condition cause : null
2024-02-06 12:48:51,762 [WARN] ConditionMgr:1039 - genDependencies : Invalid condition id : UX DEVICE CLASS RTOS Condition cause : null
2024-02-06 12:48:51,762 [WARN] ConditionMgr:1039 - genDependencies : Invalid condition id : UX DEVICE CLASS RTOS Condition cause : null
2024-02-06 12:48:51,766 [WARN] PackLoader:240 - Cannot read IP mode file for STMicroelectronics.X-CUBE-FREERTOS.1.0.0
2024-02-06 12:48:51,770 [WARN] PackLoader:240 - Cannot read IP mode file for STMicroelectronics.X-CUBE-FREERTOS.1.0.1
2024-02-06 12:48:51,775 [WARN] PackLoader:240 - Cannot read IP mode file for STMicroelectronics.X-CUBE-BLEMGR.1.0.0
2024-02-06 12:48:51,789 [WARN] PackLoader:240 - Cannot read IP mode file for STMicroelectronics.X-CUBE-AZRTOS-L5.1.1.0
2024-02-06 12:48:51,793 [WARN] PackLoader:240 - Cannot read IP mode file for STMicroelectronics.X-CUBE-AI.8.0.1
2024-02-06 12:48:51,801 [WARN] PackLoader:240 - Cannot read IP mode file for STMicroelectronics.X-CUBE-SUBG2.5.0.0
2024-02-06 12:48:51,814 [WARN] PackLoader:240 - Cannot read IP mode file for STMicroelectronics.X-CUBE-TOF1.3.3.1
2024-02-06 12:48:51,833 [WARN] PackLoader:240 - Cannot read IP mode file for STMicroelectronics.X-CUBE-AZRTOS-G4.2.0.0
2024-02-06 12:48:51,842 [WARN] PackLoader:240 - Cannot read IP mode file for STMicroelectronics.X-CUBE-TOF1.3.3.0
2024-02-06 12:48:51,850 [WARN] PackLoader:240 - Cannot read IP mode file for STMicroelectronics.FP-ATR-ASTRA1.1.1.1
2024-02-06 12:48:51,861 [WARN] PackLoader:240 - Cannot read IP mode file for Infineon.AIROC-Wi-Fi-Bluetooth-STM32.1.5.1
2024-02-06 12:48:51,866 [WARN] PackLoader:240 - Cannot read IP mode file for STMicroelectronics.FP-ATR-ASTRA1.1.1.0
2024-02-06 12:48:51,869 [WARN] PackLoader:240 - Cannot read IP mode file for STMicroelectronics.FP-SNS-MOTENVWB1.1.3.0
2024-02-06 12:48:51,872 [WARN] PackLoader:240 - Cannot read IP mode file for STMicroelectronics.FP-SNS-MOTENVWB1.1.3.1
2024-02-06 12:48:51,883 [WARN] PackLoader:240 - Cannot read IP mode file for STMicroelectronics.X-CUBE-AZRTOS-G4.1.0.0
2024-02-06 12:48:51,887 [WARN] PackLoader:240 - Cannot read IP mode file for wolfSSL.I-CUBE-wolfSSL.5.3.0
2024-02-06 12:48:51,908 [WARN] PackLoader:240 - Cannot read IP mode file for STMicroelectronics.X-CUBE-AZRTOS-L4.1.0.0
2024-02-06 12:48:51,918 [WARN] PackLoader:240 - Cannot read IP mode file for STMicroelectronics.X-CUBE-ISPU.2.0.0
2024-02-06 12:48:51,950 [WARN] PackLoader:240 - Cannot read IP mode file for STMicroelectronics.X-CUBE-MEMS1.10.0.0
2024-02-06 12:48:52,044 [WARN] PackLoader:240 - Cannot read IP mode file for STMicroelectronics.X-CUBE-FREERTOS.1.1.0
2024-02-06 12:48:52,058 [WARN] PackLoader:240 - Cannot read IP mode file for STMicroelectronics.X-CUBE-AZRTOS-F7.1.0.0
2024-02-06 12:48:52,069 [WARN] PackLoader:240 - Cannot read IP mode file for STMicroelectronics.X-CUBE-AZRTOS-WL.1.0.0
2024-02-06 12:48:52,074 [WARN] PackLoader:240 - Cannot read IP mode file for portGmbH.I-Cube-SoM-uGOAL.1.1.0
2024-02-06 12:48:52,077 [WARN] PackLoader:240 - Cannot read IP mode file for STMicroelectronics.X-CUBE-ALS.1.0.1
2024-02-06 12:48:52,088 [WARN] PackLoader:240 - Cannot read IP mode file for STMicroelectronics.X-CUBE-AZRTOS-WB.1.1.0
2024-02-06 12:48:52,101 [WARN] PackLoader:240 - Cannot read IP mode file for STMicroelectronics.X-CUBE-AZRTOS-L5.1.0.0
2024-02-06 12:48:52,106 [WARN] PackLoader:240 - Cannot read IP mode file for STMicroelectronics.X-CUBE-EEPRMA1.3.1.1
2024-02-06 12:48:52,109 [WARN] PackLoader:240 - Cannot read IP mode file for STMicroelectronics.FP-ATR-ASTRA1.2.0.0
2024-02-06 12:48:52,118 [WARN] PackLoader:240 - Cannot read IP mode file for STMicroelectronics.X-CUBE-TOF1.3.4.0
2024-02-06 12:48:52,142 [WARN] PackLoader:240 - Cannot read IP mode file for STMicroelectronics.X-CUBE-AZRTOS-H7.3.2.0
2024-02-06 12:48:52,145 [INFO] ThirdParty:978 - Integrity check success = true
2024-02-06 12:48:52,145 [INFO] IntegrityCheckThread:100 - exiting critical section [integrity check]
2024-02-06 12:48:52,145 [INFO] IntegrityCheckThread:103 - End integrity checks thread
2024-02-06 12:48:54,379 [INFO] WebApp:157 - Instantiating new browser for Auth
2024-02-06 12:48:55,084 [INFO] WebApp:753 - Register for checkConnection events
2024-02-06 12:48:55,084 [INFO] WebApp:390 - Apply proxy settings
2024-02-06 12:48:55,087 [INFO] WebApp:455 - Chromium authenticates against System proxy
2024-02-06 12:48:55,312 [INFO] WebApp:188 - Starting web application
2024-02-06 12:48:55,312 [INFO] WebApp:520 - Web application path used /Applications/STM32CubeIDE.app/Contents/Eclipse/plugins/com.st.stm32cube.common.mx_6.9.1.202307191849/db/plugins/mcufinder/reactClient1/index.html
2024-02-06 12:49:16,082 [ERROR] LogOutputStream:75 - [STDERR_REDIRECT] SLF4J: Failed to load class "org.slf4j.impl.StaticLoggerBinder".
2024-02-06 12:49:16,083 [ERROR] LogOutputStream:75 - [STDERR_REDIRECT] SLF4J: Defaulting to no-operation (NOP) logger implementation
2024-02-06 12:49:16,083 [ERROR] LogOutputStream:75 - [STDERR_REDIRECT] SLF4J: See http://www.slf4j.org/codes.html#StaticLoggerBinder for further details.
2024-02-06 14:50:21,480 [ERROR] LogOutputStream:75 - [STDERR_REDIRECT] 
