2023-10-10 12:25:12,771 [ERROR] LogOutputStream:75 - [STDERR_REDIRECT] 
2023-10-10 14:42:56,008 [INFO] Activator:176 - 


2023-10-10 14:42:56,011 [INFO] Activator:177 - !SESSION log4j initialized
2023-10-10 14:42:59,808 [ERROR] LogOutputStream:75 - [STDERR_REDIRECT] 
2023-10-10 14:43:00,867 [INFO] LogOutputStream:77 - [STDOUT_REDIRECT] 
2023-10-10 14:43:03,004 [INFO] LogOutputStream:77 - [STDOUT_REDIRECT] 
2023-10-10 14:43:04,446 [INFO] ApplicationProperties:184 - Using Application install path: /Applications/STM32CubeIDE.app/Contents/Eclipse/plugins/com.st.stm32cube.common.mx_6.9.1.202307191849
2023-10-10 14:43:04,464 [INFO] DbMcusXml:78 - Set database path to: /Applications/STM32CubeIDE.app/Contents/Eclipse/plugins/com.st.stm32cube.common.mx_6.9.1.202307191849//db//mcu/
2023-10-10 14:43:04,464 [INFO] ApiDb:274 - Set plugin database path to: /Applications/STM32CubeIDE.app/Contents/Eclipse/plugins/com.st.stm32cube.common.mx_6.9.1.202307191849//db//plugins/boardmanager/
2023-10-10 14:43:04,465 [WARN] ApiDb:259 - Overriding images path with different value:  => /Applications/STM32CubeIDE.app/Contents/Eclipse/plugins/com.st.stm32cube.common.mx_6.9.1.202307191849//db//plugins/mcufinder/images/
2023-10-10 14:43:04,477 [INFO] ApiDb:250 - Set database path to: /Users/jeffsnyder/.stmcufinder/plugins/mcufinder//mcu/
2023-10-10 14:43:04,479 [INFO] DbMcusAds:125 - Set database path to: /Users/jeffsnyder/.stmcufinder/plugins/mcufinder//mcu/
2023-10-10 14:43:04,482 [INFO] CrossReferenceDbSqlite:203 - Set database path to: /Users/jeffsnyder/.stmcufinder/plugins/mcufinder//mcu/cs/
2023-10-10 14:43:04,607 [INFO] RulesReader:64 - Compatibility file has been processed (293 Rules)
2023-10-10 14:43:04,690 [INFO] DbMcusXml:78 - Set database path to: /Applications/STM32CubeIDE.app/Contents/Eclipse/plugins/com.st.stm32cube.common.mx_6.9.1.202307191849//db//mcu/
2023-10-10 14:43:04,691 [INFO] ApiDb:274 - Set plugin database path to: /Applications/STM32CubeIDE.app/Contents/Eclipse/plugins/com.st.stm32cube.common.mx_6.9.1.202307191849//db//plugins/boardmanager/
2023-10-10 14:43:04,691 [INFO] ApiDb:261 - Set plugin images path to: /Applications/STM32CubeIDE.app/Contents/Eclipse/plugins/com.st.stm32cube.common.mx_6.9.1.202307191849//db//plugins/mcufinder/images/
2023-10-10 14:43:04,691 [WARN] DbFile:41 - Overriding database path with different value: /Users/jeffsnyder/.stmcufinder/plugins/mcufinder/ => /Users/jeffsnyder/.stmcufinder/plugins/mcufinder
2023-10-10 14:43:04,691 [INFO] ApiDb:250 - Set database path to: /Users/jeffsnyder/.stmcufinder/plugins/mcufinder//mcu/
2023-10-10 14:43:04,692 [WARN] DbFile:41 - Overriding database path with different value: /Users/jeffsnyder/.stmcufinder/plugins/mcufinder/ => /Users/jeffsnyder/.stmcufinder/plugins/mcufinder
2023-10-10 14:43:04,692 [INFO] DbMcusAds:125 - Set database path to: /Users/jeffsnyder/.stmcufinder/plugins/mcufinder//mcu/
2023-10-10 14:43:04,692 [WARN] DbFile:41 - Overriding database path with different value: /Users/jeffsnyder/.stmcufinder/plugins/mcufinder/ => /Users/jeffsnyder/.stmcufinder/plugins/mcufinder
2023-10-10 14:43:04,692 [WARN] DbFile:41 - Overriding database path with different value: /Users/jeffsnyder/.stmcufinder/plugins/mcufinder/ => /Users/jeffsnyder/.stmcufinder/plugins/mcufinder
2023-10-10 14:43:04,692 [INFO] CrossReferenceDbSqlite:203 - Set database path to: /Users/jeffsnyder/.stmcufinder/plugins/mcufinder//mcu/cs/
2023-10-10 14:43:04,771 [INFO] MainPanel:262 - HeapMemory: 268435456
2023-10-10 14:43:04,890 [INFO] DbMcusXml:78 - Set database path to: /Applications/STM32CubeIDE.app/Contents/Eclipse/plugins/com.st.stm32cube.common.mx_6.9.1.202307191849//db//mcu/
2023-10-10 14:43:04,890 [INFO] ApiDb:274 - Set plugin database path to: /Applications/STM32CubeIDE.app/Contents/Eclipse/plugins/com.st.stm32cube.common.mx_6.9.1.202307191849//db//plugins/boardmanager/
2023-10-10 14:43:04,890 [INFO] ApiDb:261 - Set plugin images path to: /Applications/STM32CubeIDE.app/Contents/Eclipse/plugins/com.st.stm32cube.common.mx_6.9.1.202307191849//db//plugins/mcufinder/images/
2023-10-10 14:43:04,890 [WARN] DbFile:41 - Overriding database path with different value: /Users/jeffsnyder/.stmcufinder/plugins/mcufinder/ => /Users/jeffsnyder/.stmcufinder/plugins/mcufinder
2023-10-10 14:43:04,890 [INFO] ApiDb:250 - Set database path to: /Users/jeffsnyder/.stmcufinder/plugins/mcufinder//mcu/
2023-10-10 14:43:04,890 [WARN] DbFile:41 - Overriding database path with different value: /Users/jeffsnyder/.stmcufinder/plugins/mcufinder/ => /Users/jeffsnyder/.stmcufinder/plugins/mcufinder
2023-10-10 14:43:04,891 [INFO] DbMcusAds:125 - Set database path to: /Users/jeffsnyder/.stmcufinder/plugins/mcufinder//mcu/
2023-10-10 14:43:04,891 [WARN] DbFile:41 - Overriding database path with different value: /Users/jeffsnyder/.stmcufinder/plugins/mcufinder/ => /Users/jeffsnyder/.stmcufinder/plugins/mcufinder
2023-10-10 14:43:04,891 [WARN] DbFile:41 - Overriding database path with different value: /Users/jeffsnyder/.stmcufinder/plugins/mcufinder/ => /Users/jeffsnyder/.stmcufinder/plugins/mcufinder
2023-10-10 14:43:04,891 [INFO] CrossReferenceDbSqlite:203 - Set database path to: /Users/jeffsnyder/.stmcufinder/plugins/mcufinder//mcu/cs/
2023-10-10 14:43:04,908 [INFO] ApplicationProperties:184 - Using Application install path: /Applications/STM32CubeIDE.app/Contents/Eclipse/plugins/com.st.stm32cube.common.mx_6.9.1.202307191849
2023-10-10 14:43:04,910 [INFO] PluginManage:196 - Search for loadable plugins [exclusion list=, ]
2023-10-10 14:43:04,912 [INFO] PluginManage:310 - Check plugin analytics
2023-10-10 14:43:05,113 [INFO] AnalyticsPlugin:253 - Accepted Software Licenses: STM32CubeMX.6.8.1
2023-10-10 14:43:05,113 [INFO] AnalyticsPlugin:255 - Accepted CMSIS Pack Licenses: 
2023-10-10 14:43:05,114 [INFO] AnalyticsPlugin:257 - Accepted Firmware Licenses: FW.H7.1.11.0
2023-10-10 14:43:05,116 [INFO] PluginManage:359 - Loaded plugin analytics (category:tool,tabindex:-1)
2023-10-10 14:43:05,117 [INFO] PluginManage:310 - Check plugin cadmodel
2023-10-10 14:43:05,732 [INFO] CADModel:105 - Init CAD model plugin
2023-10-10 14:43:05,733 [INFO] PluginManage:359 - Loaded plugin cadmodel (category:power,tabindex:5)
2023-10-10 14:43:05,733 [INFO] PluginManage:310 - Check plugin clock
2023-10-10 14:43:05,743 [INFO] PluginManage:359 - Loaded plugin clock (category:base,tabindex:2)
2023-10-10 14:43:05,743 [INFO] PluginManage:310 - Check plugin ddr
2023-10-10 14:43:05,746 [INFO] PluginManage:359 - Loaded plugin ddr (category:tool,tabindex:6)
2023-10-10 14:43:05,746 [INFO] PluginManage:310 - Check plugin filemanager
2023-10-10 14:43:05,889 [INFO] PluginManage:359 - Loaded plugin filemanager (category:base,tabindex:10)
2023-10-10 14:43:05,889 [INFO] PluginManage:310 - Check plugin ipmanager
2023-10-10 14:43:05,897 [INFO] PluginManage:359 - Loaded plugin ipmanager (category:base,tabindex:5)
2023-10-10 14:43:05,897 [INFO] PluginManage:310 - Check plugin lpbam
2023-10-10 14:43:05,911 [INFO] PluginManage:359 - Loaded plugin lpbam (category:base,tabindex:0)
2023-10-10 14:43:05,911 [INFO] PluginManage:310 - Check plugin memorymap
2023-10-10 14:43:05,926 [INFO] PluginManage:359 - Loaded plugin memorymap (category:base,tabindex:4)
2023-10-10 14:43:05,926 [INFO] PluginManage:310 - Check plugin pinoutandconfiguration
2023-10-10 14:43:05,934 [INFO] PluginManage:359 - Loaded plugin pinoutandconfiguration (category:base,tabindex:1)
2023-10-10 14:43:05,934 [INFO] PluginManage:310 - Check plugin pinoutconfig
2023-10-10 14:43:06,031 [WARN] SupportedApi:132 - Cannot load RTOS API schema: s4s-elt-must-match.1: The content of 'definitions' must match (annotation?, (simpleType | complexType)?, (unique | key | keyref)*)). A problem was found starting at: attribute.
2023-10-10 14:43:06,188 [INFO] PluginManage:359 - Loaded plugin pinoutconfig (category:base,tabindex:0)
2023-10-10 14:43:06,189 [INFO] PluginManage:310 - Check plugin power
2023-10-10 14:43:06,199 [INFO] PluginManage:359 - Loaded plugin power (category:power,tabindex:4)
2023-10-10 14:43:06,200 [INFO] PluginManage:310 - Check plugin projectmanager
2023-10-10 14:43:06,212 [INFO] PluginManage:359 - Loaded plugin projectmanager (category:projectmanager,tabindex:3)
2023-10-10 14:43:06,212 [INFO] PluginManage:310 - Check plugin thirdparty
2023-10-10 14:43:06,337 [INFO] PluginManage:359 - Loaded plugin thirdparty (category:base,tabindex:-1)
2023-10-10 14:43:06,337 [WARN] IntegrityCheckThread:84 - waiting for thirdparty lock release [integrity check]
2023-10-10 14:43:06,337 [INFO] PluginManage:310 - Check plugin tools
2023-10-10 14:43:06,337 [INFO] IntegrityCheckThread:86 - entering critical section [integrity check]
2023-10-10 14:43:06,337 [INFO] ThirdPartyUpdaterWithRetryManager:70 - Updater plugin not ready yet. [1/15]
2023-10-10 14:43:06,339 [INFO] PluginManage:359 - Loaded plugin tools (category:base,tabindex:7)
2023-10-10 14:43:06,339 [INFO] PluginManage:310 - Check plugin tutovideos
2023-10-10 14:43:06,591 [INFO] PluginManage:359 - Loaded plugin tutovideos (category:base,tabindex:-1)
2023-10-10 14:43:06,591 [INFO] PluginManage:310 - Check plugin updater
2023-10-10 14:43:06,602 [INFO] PluginManage:359 - Loaded plugin updater (category:base,tabindex:12)
2023-10-10 14:43:06,602 [INFO] PluginManage:310 - Check plugin userauth
2023-10-10 14:43:06,608 [INFO] UserAuth:113 - Init User Auth plugin
2023-10-10 14:43:06,608 [INFO] PluginManage:359 - Loaded plugin userauth (category:base,tabindex:14)
2023-10-10 14:43:06,608 [INFO] PluginManage:283 - PluginManage : Loaded plugins [17]
2023-10-10 14:43:06,810 [INFO] PinOutPanel:1499 - setPackage(No Configuration,No Configuration)
2023-10-10 14:43:06,914 [INFO] CADModel:165 - CPN selected for project level
2023-10-10 14:43:06,915 [INFO] CADModel:114 - Register for checkConnection events
2023-10-10 14:43:06,929 [INFO] IPUIPlugin:80 - create IPUIPlugin
2023-10-10 14:43:06,930 [INFO] PluginManager:220 - loadIPPluginJar : add mdma
2023-10-10 14:43:06,937 [INFO] IPUIPlugin:80 - create IPUIPlugin
2023-10-10 14:43:06,937 [INFO] PluginManager:220 - loadIPPluginJar : add freertos
2023-10-10 14:43:06,944 [INFO] IPUIPlugin:80 - create IPUIPlugin
2023-10-10 14:43:06,944 [INFO] PluginManager:220 - loadIPPluginJar : add gic
2023-10-10 14:43:06,953 [INFO] IPUIPlugin:80 - create IPUIPlugin
2023-10-10 14:43:06,953 [INFO] PluginManager:220 - loadIPPluginJar : add adc
2023-10-10 14:43:06,957 [INFO] IPUIPlugin:80 - create IPUIPlugin
2023-10-10 14:43:06,957 [INFO] PluginManager:220 - loadIPPluginJar : add gtzc
2023-10-10 14:43:06,959 [INFO] IPUIPlugin:80 - create IPUIPlugin
2023-10-10 14:43:06,959 [INFO] PluginManager:220 - loadIPPluginJar : add quadspi
2023-10-10 14:43:06,962 [INFO] IPUIPlugin:80 - create IPUIPlugin
2023-10-10 14:43:06,962 [INFO] PluginManager:220 - loadIPPluginJar : add aes
2023-10-10 14:43:06,965 [INFO] IPUIPlugin:80 - create IPUIPlugin
2023-10-10 14:43:06,965 [INFO] PluginManager:220 - loadIPPluginJar : add pdm2pcm
2023-10-10 14:43:06,967 [INFO] IPUIPlugin:80 - create IPUIPlugin
2023-10-10 14:43:06,968 [INFO] PluginManager:220 - loadIPPluginJar : add hash
2023-10-10 14:43:06,969 [INFO] IPUIPlugin:80 - create IPUIPlugin
2023-10-10 14:43:06,969 [INFO] PluginManager:220 - loadIPPluginJar : add tim
2023-10-10 14:43:06,971 [INFO] IPUIPlugin:80 - create IPUIPlugin
2023-10-10 14:43:06,971 [INFO] PluginManager:220 - loadIPPluginJar : add tsc
2023-10-10 14:43:06,973 [INFO] IPUIPlugin:80 - create IPUIPlugin
2023-10-10 14:43:06,973 [INFO] PluginManager:220 - loadIPPluginJar : add ts
2023-10-10 14:43:06,976 [INFO] IPUIPlugin:80 - create IPUIPlugin
2023-10-10 14:43:06,976 [INFO] PluginManager:220 - loadIPPluginJar : add can
2023-10-10 14:43:06,979 [INFO] IPUIPlugin:80 - create IPUIPlugin
2023-10-10 14:43:06,979 [INFO] PluginManager:220 - loadIPPluginJar : add dma3
2023-10-10 14:43:06,981 [INFO] IPUIPlugin:80 - create IPUIPlugin
2023-10-10 14:43:06,982 [INFO] PluginManager:220 - loadIPPluginJar : add dfsdm
2023-10-10 14:43:06,984 [INFO] IPUIPlugin:80 - create IPUIPlugin
2023-10-10 14:43:06,984 [INFO] PluginManager:220 - loadIPPluginJar : add spi
2023-10-10 14:43:06,986 [INFO] IPUIPlugin:80 - create IPUIPlugin
2023-10-10 14:43:06,986 [INFO] PluginManager:220 - loadIPPluginJar : add gfxmmu
2023-10-10 14:43:06,987 [INFO] IPUIPlugin:80 - create IPUIPlugin
2023-10-10 14:43:06,987 [INFO] PluginManager:220 - loadIPPluginJar : add genericplugin
2023-10-10 14:43:06,990 [INFO] IPUIPlugin:80 - create IPUIPlugin
2023-10-10 14:43:06,990 [INFO] PluginManager:220 - loadIPPluginJar : add cryp
2023-10-10 14:43:06,995 [INFO] IPUIPlugin:80 - create IPUIPlugin
2023-10-10 14:43:06,995 [INFO] PluginManager:220 - loadIPPluginJar : add gpio
2023-10-10 14:43:06,997 [INFO] IPUIPlugin:80 - create IPUIPlugin
2023-10-10 14:43:06,997 [INFO] PluginManager:220 - loadIPPluginJar : add comp
2023-10-10 14:43:06,999 [INFO] IPUIPlugin:80 - create IPUIPlugin
2023-10-10 14:43:07,000 [INFO] PluginManager:220 - loadIPPluginJar : add tracer_emb
2023-10-10 14:43:07,002 [INFO] IPUIPlugin:80 - create IPUIPlugin
2023-10-10 14:43:07,003 [INFO] PluginManager:220 - loadIPPluginJar : add openamp
2023-10-10 14:43:07,008 [INFO] IPUIPlugin:80 - create IPUIPlugin
2023-10-10 14:43:07,008 [INFO] PluginManager:220 - loadIPPluginJar : add stm32_wpan
2023-10-10 14:43:07,016 [INFO] IPUIPlugin:80 - create IPUIPlugin
2023-10-10 14:43:07,019 [INFO] PluginManager:220 - loadIPPluginJar : add plateformsettings
2023-10-10 14:43:07,023 [INFO] IPUIPlugin:80 - create IPUIPlugin
2023-10-10 14:43:07,023 [INFO] PluginManager:220 - loadIPPluginJar : add ipddr
2023-10-10 14:43:07,027 [INFO] IPUIPlugin:80 - create IPUIPlugin
2023-10-10 14:43:07,027 [INFO] PluginManager:220 - loadIPPluginJar : add usart
2023-10-10 14:43:07,029 [INFO] IPUIPlugin:80 - create IPUIPlugin
2023-10-10 14:43:07,029 [INFO] PluginManager:220 - loadIPPluginJar : add ltdc
2023-10-10 14:43:07,033 [INFO] IPUIPlugin:80 - create IPUIPlugin
2023-10-10 14:43:07,034 [INFO] PluginManager:220 - loadIPPluginJar : add nvic
2023-10-10 14:43:07,035 [INFO] IPUIPlugin:80 - create IPUIPlugin
2023-10-10 14:43:07,035 [INFO] PluginManager:220 - loadIPPluginJar : add fatfs
2023-10-10 14:43:07,043 [INFO] IPUIPlugin:80 - create IPUIPlugin
2023-10-10 14:43:07,043 [INFO] PluginManager:220 - loadIPPluginJar : add linkedlist
2023-10-10 14:43:07,049 [INFO] IPUIPlugin:80 - create IPUIPlugin
2023-10-10 14:43:07,049 [INFO] PluginManager:220 - loadIPPluginJar : add dma
2023-10-10 14:43:07,054 [INFO] IPUIPlugin:80 - create IPUIPlugin
2023-10-10 14:43:07,054 [INFO] PluginManager:220 - loadIPPluginJar : add fmc
2023-10-10 14:43:07,057 [INFO] IPUIPlugin:80 - create IPUIPlugin
2023-10-10 14:43:07,057 [INFO] PluginManager:220 - loadIPPluginJar : add i2s
2023-10-10 14:43:07,059 [INFO] IPUIPlugin:80 - create IPUIPlugin
2023-10-10 14:43:07,059 [INFO] PluginManager:220 - loadIPPluginJar : add ucpd
2023-10-10 14:43:07,062 [INFO] IPUIPlugin:80 - create IPUIPlugin
2023-10-10 14:43:07,062 [INFO] PluginManager:220 - loadIPPluginJar : add lorawan
2023-10-10 14:43:07,065 [INFO] IPUIPlugin:80 - create IPUIPlugin
2023-10-10 14:43:07,065 [INFO] PluginManager:220 - loadIPPluginJar : add opamp
2023-10-10 14:43:07,068 [INFO] IPUIPlugin:80 - create IPUIPlugin
2023-10-10 14:43:07,068 [INFO] PluginManager:220 - loadIPPluginJar : add i3c
2023-10-10 14:43:07,071 [INFO] IPUIPlugin:80 - create IPUIPlugin
2023-10-10 14:43:07,072 [INFO] PluginManager:220 - loadIPPluginJar : add touchsensing
2023-10-10 14:43:07,075 [INFO] IPUIPlugin:80 - create IPUIPlugin
2023-10-10 14:43:07,075 [INFO] PluginManager:220 - loadIPPluginJar : add i2c
2023-10-10 14:43:07,080 [INFO] IPUIPlugin:80 - create IPUIPlugin
2023-10-10 14:43:07,080 [INFO] PluginManager:220 - loadIPPluginJar : add resmgrutility
2023-10-10 14:43:07,083 [INFO] IPUIPlugin:80 - create IPUIPlugin
2023-10-10 14:43:07,083 [INFO] PluginManager:220 - loadIPPluginJar : add sai
2023-10-10 14:43:07,086 [INFO] IPUIPlugin:80 - create IPUIPlugin
2023-10-10 14:43:07,087 [INFO] PluginManager:220 - loadIPPluginJar : add usbx
2023-10-10 14:43:07,188 [INFO] CADModel:165 - CPN selected for project level
2023-10-10 14:43:07,188 [INFO] CADModel:114 - Register for checkConnection events
2023-10-10 14:43:07,188 [FATAL] Updater:308 - Updater called before beeing initialized
2023-10-10 14:43:07,188 [ERROR] CADModel:125 - Updater not yet initialized, retry later 
2023-10-10 14:43:07,409 [INFO] CADModel:165 - CPN selected for project level
2023-10-10 14:43:07,409 [INFO] CADModel:114 - Register for checkConnection events
2023-10-10 14:43:07,409 [FATAL] Updater:308 - Updater called before beeing initialized
2023-10-10 14:43:07,410 [ERROR] CADModel:125 - Updater not yet initialized, retry later 
2023-10-10 14:43:07,413 [FATAL] Updater:308 - Updater called before beeing initialized
2023-10-10 14:43:07,490 [FATAL] Updater:308 - Updater called before beeing initialized
2023-10-10 14:43:07,496 [INFO] DbMcusAds:53 - JSON generation date=Thu Sep 30 02:55:09 EDT 2021 (1632984909247)
2023-10-10 14:43:07,496 [FATAL] Updater:308 - Updater called before beeing initialized
2023-10-10 14:43:07,549 [WARN] DetailPanel:346 - Failed to get advertising image, set to default
2023-10-10 14:43:07,659 [FATAL] Updater:308 - Updater called before beeing initialized
2023-10-10 14:43:07,662 [FATAL] Updater:308 - Updater called before beeing initialized
2023-10-10 14:43:07,662 [FATAL] Updater:308 - Updater called before beeing initialized
2023-10-10 14:43:07,662 [WARN] DetailPanel:346 - Failed to get advertising image, set to default
2023-10-10 14:43:07,663 [FATAL] Updater:308 - Updater called before beeing initialized
2023-10-10 14:43:07,694 [ERROR] Updater:1120 - MainUpdater not yet initialized. External WinMGr cannot be set.
2023-10-10 14:43:07,715 [INFO] Updater:1056 - Updater Version found : 6.9.1
2023-10-10 14:43:07,738 [INFO] ApplicationProperties:184 - Using Application install path: /Applications/STM32CubeIDE.app/Contents/Eclipse/plugins/com.st.stm32cube.common.mx_6.9.1.202307191849
2023-10-10 14:43:07,892 [INFO] MainUpdater:2868 - connection check result : 10
2023-10-10 14:43:07,892 [INFO] MainUpdater:3562 - Updater definition file requires update
2023-10-10 14:43:07,893 [INFO] MainUpdater:285 - Updater Check For Update Now.
2023-10-10 14:43:07,893 [INFO] MicroXplorer:498 - Change Database Version : DB.6.0.91
2023-10-10 14:43:07,898 [INFO] McuFinderGlobals:63 - Set McuFinder mode to 2 (CubeIDE integrated)
2023-10-10 14:43:07,898 [INFO] UserAuth:179 - activating auth plugin
2023-10-10 14:43:07,900 [INFO] UserAuth:393 - Internet connection configuration mode: 1
2023-10-10 14:43:07,923 [INFO] JxBrowserEngine:151 - Initiate JxBrowser Engine with user profile folder
2023-10-10 14:43:07,954 [INFO] ServerAccessManage:473 - Download File updaters.zip
2023-10-10 14:43:08,108 [INFO] FileExtend:240 - Unzip File : updaters.zip
2023-10-10 14:43:08,108 [INFO] FileExtend:255 - Standard Zip Deflate
2023-10-10 14:43:08,336 [INFO] ServerAccessManage:473 - Download File PacksControlFlags.xml
2023-10-10 14:43:08,394 [INFO] ServerAccessManage:473 - Download File cubemx.pidx
2023-10-10 14:43:09,190 [INFO] WebApp:157 - Instantiating new browser for Auth
2023-10-10 14:43:09,338 [WARN] MainUpdater:1189 - Updater busy. Cannot search thirdparties
2023-10-10 14:43:09,338 [INFO] ThirdPartyUpdaterWithRetryManager:96 - Updater plugin is busy. [1/15]
2023-10-10 14:43:09,720 [INFO] ServerAccessManage:473 - Download File Infineon.AIROC-Wi-Fi-Bluetooth-STM32.pdsc
2023-10-10 14:43:10,040 [INFO] WebApp:753 - Register for checkConnection events
2023-10-10 14:43:10,040 [INFO] WebApp:390 - Apply proxy settings
2023-10-10 14:43:10,043 [INFO] WebApp:455 - Chromium authenticates against System proxy
2023-10-10 14:43:10,288 [INFO] WebApp:188 - Starting web application
2023-10-10 14:43:10,288 [INFO] WebApp:520 - Web application path used /Applications/STM32CubeIDE.app/Contents/Eclipse/plugins/com.st.stm32cube.common.mx_6.9.1.202307191849/db/plugins/mcufinder/reactClient1/index.html
2023-10-10 14:43:10,402 [WARN] PackLoader:240 - Cannot read IP mode file for Infineon.AIROC-Wi-Fi-Bluetooth-STM32.1.5.1
2023-10-10 14:43:10,414 [INFO] PopulateThirdPartyThread:66 - Ending populate Thread
2023-10-10 14:43:10,416 [INFO] ThirdParty:1030 - CMSIS Pack Vendor :Infineon AIROC-Wi-Fi-Bluetooth-STM32 1.5.1
2023-10-10 14:43:10,416 [INFO] LoadServerUpdatesThread:373 - End of LoadServerUpdate Thread
2023-10-10 14:43:10,511 [INFO] CheckServerUpdateThread:120 - End of CheckServer Thread
2023-10-10 14:43:12,474 [WARN] PackLoader:240 - Cannot read IP mode file for STMicroelectronics.X-CUBE-SMBUS.2.1.0
2023-10-10 14:43:12,521 [WARN] PackLoader:240 - Cannot read IP mode file for STMicroelectronics.X-CUBE-MEMS1.9.2.0
2023-10-10 14:43:12,672 [WARN] PackLoader:240 - Cannot read IP mode file for STMicroelectronics.X-CUBE-AZRTOS-F7.1.1.0
2023-10-10 14:43:12,679 [ERROR] RealEvaluatedCondition:428 - Found unsupported composite condition: CLASS='Data Exchange' GROUP='STM32_MetaDataManager'
2023-10-10 14:43:12,680 [ERROR] RealEvaluatedCondition:428 - Found unsupported composite condition: CLASS='Data Exchange' GROUP='STM32_MetaDataManager'
2023-10-10 14:43:12,680 [WARN] PackLoader:240 - Cannot read IP mode file for STMicroelectronics.FP-SNS-MOTENV1.4.3.0
2023-10-10 14:43:12,685 [WARN] PackLoader:240 - Cannot read IP mode file for STMicroelectronics.FP-SNS-MOTENV1.4.3.2
2023-10-10 14:43:12,688 [WARN] PackLoader:240 - Cannot read IP mode file for STMicroelectronics.FP-SNS-FLIGHT1.5.0.0
2023-10-10 14:43:12,692 [ERROR] RealEvaluatedCondition:428 - Found unsupported composite condition: CLASS='Data Exchange' GROUP='STM32_MetaDataManager'
2023-10-10 14:43:12,692 [ERROR] RealEvaluatedCondition:428 - Found unsupported composite condition: CLASS='Data Exchange' GROUP='STM32_MetaDataManager'
2023-10-10 14:43:12,694 [WARN] PackLoader:240 - Cannot read IP mode file for STMicroelectronics.FP-SNS-MOTENV1.4.3.1
2023-10-10 14:43:12,697 [WARN] PackLoader:240 - Cannot read IP mode file for STMicroelectronics.FP-SNS-FLIGHT1.5.0.1
2023-10-10 14:43:12,704 [WARN] PackLoader:240 - Cannot read IP mode file for STMicroelectronics.X-CUBE-BLE1.6.2.3
2023-10-10 14:43:12,711 [WARN] PackLoader:240 - Cannot read IP mode file for STMicroelectronics.X-CUBE-BLE1.6.2.4
2023-10-10 14:43:12,715 [WARN] PackLoader:240 - Cannot read IP mode file for STMicroelectronics.FP-SNS-FLIGHT1.5.0.2
2023-10-10 14:43:12,728 [WARN] PackLoader:240 - Cannot read IP mode file for STMicroelectronics.X-CUBE-TOF1.3.1.0
2023-10-10 14:43:12,746 [WARN] PackLoader:240 - Cannot read IP mode file for STMicroelectronics.X-CUBE-DISPLAY.3.0.0
2023-10-10 14:43:12,755 [WARN] PackLoader:240 - Cannot read IP mode file for STMicroelectronics.X-CUBE-BLE1.7.0.0
2023-10-10 14:43:12,764 [WARN] PackLoader:240 - Cannot read IP mode file for STMicroelectronics.X-CUBE-TOUCHGFX.4.22.0
2023-10-10 14:43:12,769 [WARN] PackLoader:240 - Cannot read IP mode file for STMicroelectronics.X-CUBE-TOUCHGFX.4.22.1
2023-10-10 14:43:12,816 [WARN] PackLoader:240 - Cannot read IP mode file for STMicroelectronics.X-CUBE-MEMS1.9.3.0
2023-10-10 14:43:12,948 [WARN] PackLoader:240 - Cannot read IP mode file for STMicroelectronics.X-CUBE-AI.7.2.0
2023-10-10 14:43:12,963 [WARN] PackLoader:240 - Cannot read IP mode file for STMicroelectronics.FP-SNS-SMARTAG2.1.2.0
2023-10-10 14:43:12,994 [INFO] LogOutputStream:77 - [STDOUT_REDIRECT] 1 : Invalid condition id : UX_CORESTACK_Condition cause : null
2023-10-10 14:43:12,997 [INFO] LogOutputStream:77 - [STDOUT_REDIRECT] 1 : Invalid condition id : UX_CORESTACK_Condition cause : null
2023-10-10 14:43:12,997 [INFO] LogOutputStream:77 - [STDOUT_REDIRECT] 1 : Invalid condition id : UX_CORESTACK_Condition cause : null
2023-10-10 14:43:12,997 [INFO] LogOutputStream:77 - [STDOUT_REDIRECT] 1 : Invalid condition id : UX_CORESTACK_Condition cause : null
2023-10-10 14:43:12,997 [INFO] LogOutputStream:77 - [STDOUT_REDIRECT] 1 : Invalid condition id : UX_CORESTACK_Condition cause : null
2023-10-10 14:43:13,001 [WARN] PackLoader:240 - Cannot read IP mode file for STMicroelectronics.X-CUBE-AZRTOS-WL.2.0.0
2023-10-10 14:43:13,009 [WARN] PackLoader:240 - Cannot read IP mode file for WES.I-CUBE-Cesium.1.3.0
2023-10-10 14:43:13,014 [WARN] PackLoader:240 - Cannot read IP mode file for STMicroelectronics.X-CUBE-BLE2.3.3.0
2023-10-10 14:43:13,019 [WARN] PackLoader:240 - Cannot read IP mode file for STMicroelectronics.X-CUBE-DISPLAY.2.2.0
2023-10-10 14:43:13,032 [WARN] PackLoader:240 - Cannot read IP mode file for STMicroelectronics.X-CUBE-TOF1.3.2.0
2023-10-10 14:43:13,041 [WARN] PackLoader:240 - Cannot read IP mode file for STMicroelectronics.X-CUBE-ISPU.1.0.0
2023-10-10 14:43:13,057 [WARN] PackLoader:240 - Cannot read IP mode file for STMicroelectronics.X-CUBE-AZRTOS-H7.2.1.0
2023-10-10 14:43:13,071 [WARN] PackLoader:240 - Cannot read IP mode file for STMicroelectronics.X-CUBE-TOUCHGFX.4.21.1
2023-10-10 14:43:13,073 [WARN] PackLoader:240 - Cannot read IP mode file for STMicroelectronics.X-CUBE-TOUCHGFX.4.21.0
2023-10-10 14:43:13,076 [WARN] PackLoader:240 - Cannot read IP mode file for STMicroelectronics.X-CUBE-TOUCHGFX.4.21.3
2023-10-10 14:43:13,080 [WARN] PackLoader:240 - Cannot read IP mode file for STMicroelectronics.X-CUBE-TOUCHGFX.4.21.4
2023-10-10 14:43:13,118 [WARN] PackLoader:240 - Cannot read IP mode file for STMicroelectronics.X-CUBE-MEMS1.9.4.0
2023-10-10 14:43:13,233 [WARN] PackLoader:240 - Cannot read IP mode file for STMicroelectronics.X-CUBE-AI.7.3.0
2023-10-10 14:43:13,238 [WARN] PackLoader:240 - Cannot read IP mode file for STMicroelectronics.X-CUBE-ALGOBUILD.1.3.0
2023-10-10 14:43:13,256 [WARN] PackLoader:240 - Cannot read IP mode file for STMicroelectronics.X-CUBE-AZRTOS-G0.1.1.0
2023-10-10 14:43:13,262 [WARN] PackLoader:240 - Cannot read IP mode file for STMicroelectronics.X-CUBE-NFC4.3.0.0
2023-10-10 14:43:13,293 [WARN] PackLoader:240 - Cannot read IP mode file for SEGGER.I-CUBE-embOS.1.2.0
2023-10-10 14:43:13,331 [WARN] PackLoader:240 - Cannot read IP mode file for STMicroelectronics.X-CUBE-BLEMGR.1.3.0
2023-10-10 14:43:13,335 [WARN] PackLoader:240 - Cannot read IP mode file for STMicroelectronics.FP-ATR-SIGFOX1.3.2.0
2023-10-10 14:43:13,342 [WARN] PackLoader:240 - Cannot read IP mode file for emotas.I-CUBE-CANOPEN.1.1.2
2023-10-10 14:43:13,345 [WARN] PackLoader:240 - Cannot read IP mode file for STMicroelectronics.X-CUBE-TOUCHGFX.4.20.0
2023-10-10 14:43:13,388 [WARN] PackLoader:240 - Cannot read IP mode file for STMicroelectronics.X-CUBE-MEMS1.9.5.0
2023-10-10 14:43:13,535 [WARN] PackLoader:240 - Cannot read IP mode file for SEGGER.I-CUBE-embOS.1.3.1
2023-10-10 14:43:13,568 [WARN] PackLoader:240 - Cannot read IP mode file for STMicroelectronics.X-CUBE-GNSS1.6.0.0
2023-10-10 14:43:13,584 [WARN] PackLoader:240 - Cannot read IP mode file for STMicroelectronics.X-CUBE-AZRTOS-F4.1.1.0
2023-10-10 14:43:13,594 [WARN] PackLoader:240 - Cannot read IP mode file for STMicroelectronics.X-CUBE-BLEMGR.1.2.0
2023-10-10 14:43:13,611 [WARN] PackLoader:240 - Cannot read IP mode file for STMicroelectronics.X-CUBE-AZRTOS-L5.2.0.0
2023-10-10 14:43:13,649 [WARN] PackLoader:240 - Cannot read IP mode file for STMicroelectronics.X-CUBE-MEMS1.9.6.0
2023-10-10 14:43:13,768 [WARN] PackLoader:240 - Cannot read IP mode file for ITTIA_DB.I-CUBE-ITTIADB.8.8.0
2023-10-10 14:43:13,774 [WARN] PackLoader:240 - Cannot read IP mode file for STMicroelectronics.X-CUBE-BLEMGR.2.0.0
2023-10-10 14:43:13,779 [WARN] PackLoader:240 - Cannot read IP mode file for STMicroelectronics.X-CUBE-NFC4.2.0.5
2023-10-10 14:43:13,782 [WARN] PackLoader:240 - Cannot read IP mode file for STMicroelectronics.X-CUBE-NFC4.2.0.4
2023-10-10 14:43:13,795 [WARN] ConditionMgr:438 - getConditionDescription Invalid condition id : UX DEVICE CLASS RTOS Condition cause : null
2023-10-10 14:43:13,795 [WARN] ConditionMgr:438 - getConditionDescription Invalid condition id : UX DEVICE CLASS RTOS Condition cause : null
2023-10-10 14:43:13,798 [WARN] PackLoader:240 - Cannot read IP mode file for STMicroelectronics.X-CUBE-AZRTOS-H7.3.1.0
2023-10-10 14:43:13,799 [WARN] ConditionMgr:1039 - genDependencies : Invalid condition id : UX DEVICE CLASS RTOS Condition cause : null
2023-10-10 14:43:13,799 [WARN] ConditionMgr:1039 - genDependencies : Invalid condition id : UX DEVICE CLASS RTOS Condition cause : null
2023-10-10 14:43:13,799 [WARN] ConditionMgr:1039 - genDependencies : Invalid condition id : UX DEVICE CLASS RTOS Condition cause : null
2023-10-10 14:43:13,799 [WARN] ConditionMgr:1039 - genDependencies : Invalid condition id : UX DEVICE CLASS RTOS Condition cause : null
2023-10-10 14:43:13,800 [WARN] ConditionMgr:1039 - genDependencies : Invalid condition id : UX DEVICE CLASS RTOS Condition cause : null
2023-10-10 14:43:13,813 [WARN] PackLoader:240 - Cannot read IP mode file for STMicroelectronics.X-CUBE-AZRTOS-F4.1.0.0
2023-10-10 14:43:13,818 [WARN] PackLoader:240 - Cannot read IP mode file for STMicroelectronics.X-CUBE-NFC7.1.0.1
2023-10-10 14:43:13,824 [WARN] PackLoader:240 - Cannot read IP mode file for STMicroelectronics.X-CUBE-NFC7.1.0.0
2023-10-10 14:43:13,830 [WARN] PackLoader:240 - Cannot read IP mode file for STMicroelectronics.X-CUBE-NFC6.3.0.0
2023-10-10 14:43:13,834 [WARN] PackLoader:240 - Cannot read IP mode file for STMicroelectronics.X-CUBE-EEPRMA1.4.1.0
2023-10-10 14:43:13,837 [WARN] PackLoader:240 - Cannot read IP mode file for STMicroelectronics.X-CUBE-AI.8.1.0
2023-10-10 14:43:13,850 [WARN] ConditionMgr:438 - getConditionDescription Invalid condition id : LAN8742 Phy interface Condition cause : null
2023-10-10 14:43:13,851 [WARN] PackLoader:240 - Cannot read IP mode file for STMicroelectronics.X-CUBE-AZRTOS-L4.2.0.0
2023-10-10 14:43:13,851 [WARN] ConditionMgr:1039 - genDependencies : Invalid condition id : LAN8742 Phy interface Condition cause : null
2023-10-10 14:43:13,851 [WARN] ConditionMgr:1039 - genDependencies : Invalid condition id : LAN8742 Phy interface Condition cause : null
2023-10-10 14:43:13,852 [WARN] ConditionMgr:1039 - genDependencies : Invalid condition id : LAN8742 Phy interface Condition cause : null
2023-10-10 14:43:13,857 [WARN] PackLoader:240 - Cannot read IP mode file for STMicroelectronics.X-CUBE-SFXS2LP1.4.0.0
2023-10-10 14:43:13,877 [WARN] PackLoader:240 - Cannot read IP mode file for STMicroelectronics.X-CUBE-AZRTOS-H7.3.0.0
2023-10-10 14:43:13,882 [WARN] PackLoader:240 - Cannot read IP mode file for STMicroelectronics.X-CUBE-ISPU.1.1.0
2023-10-10 14:43:13,887 [WARN] PackLoader:240 - Cannot read IP mode file for RoweBots.I-CUBE-UNISONRTOS.5.5.0-4
2023-10-10 14:43:13,891 [WARN] PackLoader:240 - Cannot read IP mode file for STMicroelectronics.X-CUBE-AI.8.0.0
2023-10-10 14:43:13,903 [WARN] ConditionMgr:438 - getConditionDescription Invalid condition id : UX DEVICE CLASS RTOS Condition cause : null
2023-10-10 14:43:13,903 [WARN] ConditionMgr:438 - getConditionDescription Invalid condition id : UX DEVICE CLASS RTOS Condition cause : null
2023-10-10 14:43:13,905 [WARN] PackLoader:240 - Cannot read IP mode file for STMicroelectronics.X-CUBE-AZRTOS-WB.2.0.0
2023-10-10 14:43:13,906 [WARN] ConditionMgr:1039 - genDependencies : Invalid condition id : UX DEVICE CLASS RTOS Condition cause : null
2023-10-10 14:43:13,906 [WARN] ConditionMgr:1039 - genDependencies : Invalid condition id : UX DEVICE CLASS RTOS Condition cause : null
2023-10-10 14:43:13,906 [WARN] ConditionMgr:1039 - genDependencies : Invalid condition id : UX DEVICE CLASS RTOS Condition cause : null
2023-10-10 14:43:13,906 [WARN] ConditionMgr:1039 - genDependencies : Invalid condition id : UX DEVICE CLASS RTOS Condition cause : null
2023-10-10 14:43:13,907 [WARN] ConditionMgr:1039 - genDependencies : Invalid condition id : UX DEVICE CLASS RTOS Condition cause : null
2023-10-10 14:43:13,911 [WARN] PackLoader:240 - Cannot read IP mode file for STMicroelectronics.X-CUBE-FREERTOS.1.0.0
2023-10-10 14:43:13,914 [WARN] PackLoader:240 - Cannot read IP mode file for STMicroelectronics.X-CUBE-FREERTOS.1.0.1
2023-10-10 14:43:13,919 [WARN] PackLoader:240 - Cannot read IP mode file for STMicroelectronics.X-CUBE-BLEMGR.1.0.0
2023-10-10 14:43:13,935 [WARN] PackLoader:240 - Cannot read IP mode file for STMicroelectronics.X-CUBE-AZRTOS-L5.1.1.0
2023-10-10 14:43:13,940 [WARN] PackLoader:240 - Cannot read IP mode file for STMicroelectronics.X-CUBE-AI.8.0.1
2023-10-10 14:43:13,947 [WARN] PackLoader:240 - Cannot read IP mode file for STMicroelectronics.X-CUBE-SUBG2.5.0.0
2023-10-10 14:43:13,958 [WARN] PackLoader:240 - Cannot read IP mode file for STMicroelectronics.X-CUBE-TOF1.3.3.1
2023-10-10 14:43:13,983 [WARN] PackLoader:240 - Cannot read IP mode file for STMicroelectronics.X-CUBE-AZRTOS-G4.2.0.0
2023-10-10 14:43:13,993 [WARN] PackLoader:240 - Cannot read IP mode file for STMicroelectronics.X-CUBE-TOF1.3.3.0
2023-10-10 14:43:14,001 [WARN] PackLoader:240 - Cannot read IP mode file for STMicroelectronics.FP-ATR-ASTRA1.1.1.1
2023-10-10 14:43:14,007 [WARN] PackLoader:240 - Cannot read IP mode file for Infineon.AIROC-Wi-Fi-Bluetooth-STM32.1.5.1
2023-10-10 14:43:14,012 [WARN] PackLoader:240 - Cannot read IP mode file for STMicroelectronics.FP-ATR-ASTRA1.1.1.0
2023-10-10 14:43:14,024 [WARN] PackLoader:240 - Cannot read IP mode file for STMicroelectronics.X-CUBE-AZRTOS-G4.1.0.0
2023-10-10 14:43:14,028 [WARN] PackLoader:240 - Cannot read IP mode file for wolfSSL.I-CUBE-wolfSSL.5.3.0
2023-10-10 14:43:14,043 [WARN] PackLoader:240 - Cannot read IP mode file for STMicroelectronics.X-CUBE-AZRTOS-L4.1.0.0
2023-10-10 14:43:14,048 [WARN] PackLoader:240 - Cannot read IP mode file for STMicroelectronics.X-CUBE-FREERTOS.1.1.0
2023-10-10 14:43:14,061 [WARN] PackLoader:240 - Cannot read IP mode file for STMicroelectronics.X-CUBE-AZRTOS-F7.1.0.0
2023-10-10 14:43:14,070 [WARN] PackLoader:240 - Cannot read IP mode file for STMicroelectronics.X-CUBE-AZRTOS-WL.1.0.0
2023-10-10 14:43:14,075 [WARN] PackLoader:240 - Cannot read IP mode file for portGmbH.I-Cube-SoM-uGOAL.1.1.0
2023-10-10 14:43:14,079 [WARN] PackLoader:240 - Cannot read IP mode file for STMicroelectronics.X-CUBE-ALS.1.0.1
2023-10-10 14:43:14,094 [WARN] PackLoader:240 - Cannot read IP mode file for STMicroelectronics.X-CUBE-AZRTOS-WB.1.1.0
2023-10-10 14:43:14,106 [WARN] PackLoader:240 - Cannot read IP mode file for STMicroelectronics.X-CUBE-AZRTOS-L5.1.0.0
2023-10-10 14:43:14,111 [WARN] PackLoader:240 - Cannot read IP mode file for STMicroelectronics.X-CUBE-EEPRMA1.3.1.1
2023-10-10 14:43:14,113 [WARN] PackLoader:240 - Cannot read IP mode file for STMicroelectronics.FP-ATR-ASTRA1.2.0.0
2023-10-10 14:43:14,114 [INFO] ThirdParty:978 - Integrity check success = true
2023-10-10 14:43:14,114 [INFO] IntegrityCheckThread:100 - exiting critical section [integrity check]
2023-10-10 14:43:14,114 [INFO] IntegrityCheckThread:103 - End integrity checks thread
2023-10-10 14:43:31,111 [ERROR] LogOutputStream:75 - [STDERR_REDIRECT] SLF4J: Failed to load class "org.slf4j.impl.StaticLoggerBinder".
2023-10-10 14:43:31,112 [ERROR] LogOutputStream:75 - [STDERR_REDIRECT] SLF4J: Defaulting to no-operation (NOP) logger implementation
2023-10-10 14:43:31,112 [ERROR] LogOutputStream:75 - [STDERR_REDIRECT] SLF4J: See http://www.slf4j.org/codes.html#StaticLoggerBinder for further details.
