2024-02-26 16:21:29,561 [INFO] Activator:176 - 


2024-02-26 16:21:29,568 [INFO] Activator:177 - !SESSION log4j initialized
2024-02-26 16:21:34,395 [ERROR] LogOutputStream:75 - [STDERR_REDIRECT] 
2024-02-26 16:21:34,963 [INFO] LogOutputStream:77 - [STDOUT_REDIRECT] 
2024-02-26 16:21:36,849 [INFO] LogOutputStream:77 - [STDOUT_REDIRECT] 
2024-02-26 16:21:39,153 [INFO] ApplicationProperties:184 - Using Application install path: /Applications/STM32CubeIDE.app/Contents/Eclipse/plugins/com.st.stm32cube.common.mx_6.9.1.202307191849
2024-02-26 16:21:39,173 [INFO] DbMcusXml:78 - Set database path to: /Applications/STM32CubeIDE.app/Contents/Eclipse/plugins/com.st.stm32cube.common.mx_6.9.1.202307191849//db//mcu/
2024-02-26 16:21:39,173 [INFO] ApiDb:274 - Set plugin database path to: /Applications/STM32CubeIDE.app/Contents/Eclipse/plugins/com.st.stm32cube.common.mx_6.9.1.202307191849//db//plugins/boardmanager/
2024-02-26 16:21:39,174 [WARN] ApiDb:259 - Overriding images path with different value:  => /Applications/STM32CubeIDE.app/Contents/Eclipse/plugins/com.st.stm32cube.common.mx_6.9.1.202307191849//db//plugins/mcufinder/images/
2024-02-26 16:21:39,186 [INFO] ApiDb:250 - Set database path to: /Users/jeffsnyder/.stmcufinder/plugins/mcufinder//mcu/
2024-02-26 16:21:39,188 [INFO] DbMcusAds:125 - Set database path to: /Users/jeffsnyder/.stmcufinder/plugins/mcufinder//mcu/
2024-02-26 16:21:39,192 [INFO] CrossReferenceDbSqlite:203 - Set database path to: /Users/jeffsnyder/.stmcufinder/plugins/mcufinder//mcu/cs/
2024-02-26 16:21:39,310 [INFO] RulesReader:64 - Compatibility file has been processed (293 Rules)
2024-02-26 16:21:39,388 [INFO] DbMcusXml:78 - Set database path to: /Applications/STM32CubeIDE.app/Contents/Eclipse/plugins/com.st.stm32cube.common.mx_6.9.1.202307191849//db//mcu/
2024-02-26 16:21:39,389 [INFO] ApiDb:274 - Set plugin database path to: /Applications/STM32CubeIDE.app/Contents/Eclipse/plugins/com.st.stm32cube.common.mx_6.9.1.202307191849//db//plugins/boardmanager/
2024-02-26 16:21:39,389 [INFO] ApiDb:261 - Set plugin images path to: /Applications/STM32CubeIDE.app/Contents/Eclipse/plugins/com.st.stm32cube.common.mx_6.9.1.202307191849//db//plugins/mcufinder/images/
2024-02-26 16:21:39,389 [WARN] DbFile:41 - Overriding database path with different value: /Users/jeffsnyder/.stmcufinder/plugins/mcufinder/ => /Users/jeffsnyder/.stmcufinder/plugins/mcufinder
2024-02-26 16:21:39,389 [INFO] ApiDb:250 - Set database path to: /Users/jeffsnyder/.stmcufinder/plugins/mcufinder//mcu/
2024-02-26 16:21:39,389 [WARN] DbFile:41 - Overriding database path with different value: /Users/jeffsnyder/.stmcufinder/plugins/mcufinder/ => /Users/jeffsnyder/.stmcufinder/plugins/mcufinder
2024-02-26 16:21:39,390 [INFO] DbMcusAds:125 - Set database path to: /Users/jeffsnyder/.stmcufinder/plugins/mcufinder//mcu/
2024-02-26 16:21:39,390 [WARN] DbFile:41 - Overriding database path with different value: /Users/jeffsnyder/.stmcufinder/plugins/mcufinder/ => /Users/jeffsnyder/.stmcufinder/plugins/mcufinder
2024-02-26 16:21:39,390 [WARN] DbFile:41 - Overriding database path with different value: /Users/jeffsnyder/.stmcufinder/plugins/mcufinder/ => /Users/jeffsnyder/.stmcufinder/plugins/mcufinder
2024-02-26 16:21:39,390 [INFO] CrossReferenceDbSqlite:203 - Set database path to: /Users/jeffsnyder/.stmcufinder/plugins/mcufinder//mcu/cs/
2024-02-26 16:21:39,472 [INFO] MainPanel:262 - HeapMemory: 268435456
2024-02-26 16:21:39,582 [INFO] DbMcusXml:78 - Set database path to: /Applications/STM32CubeIDE.app/Contents/Eclipse/plugins/com.st.stm32cube.common.mx_6.9.1.202307191849//db//mcu/
2024-02-26 16:21:39,582 [INFO] ApiDb:274 - Set plugin database path to: /Applications/STM32CubeIDE.app/Contents/Eclipse/plugins/com.st.stm32cube.common.mx_6.9.1.202307191849//db//plugins/boardmanager/
2024-02-26 16:21:39,582 [INFO] ApiDb:261 - Set plugin images path to: /Applications/STM32CubeIDE.app/Contents/Eclipse/plugins/com.st.stm32cube.common.mx_6.9.1.202307191849//db//plugins/mcufinder/images/
2024-02-26 16:21:39,583 [WARN] DbFile:41 - Overriding database path with different value: /Users/jeffsnyder/.stmcufinder/plugins/mcufinder/ => /Users/jeffsnyder/.stmcufinder/plugins/mcufinder
2024-02-26 16:21:39,583 [INFO] ApiDb:250 - Set database path to: /Users/jeffsnyder/.stmcufinder/plugins/mcufinder//mcu/
2024-02-26 16:21:39,583 [WARN] DbFile:41 - Overriding database path with different value: /Users/jeffsnyder/.stmcufinder/plugins/mcufinder/ => /Users/jeffsnyder/.stmcufinder/plugins/mcufinder
2024-02-26 16:21:39,583 [INFO] DbMcusAds:125 - Set database path to: /Users/jeffsnyder/.stmcufinder/plugins/mcufinder//mcu/
2024-02-26 16:21:39,583 [WARN] DbFile:41 - Overriding database path with different value: /Users/jeffsnyder/.stmcufinder/plugins/mcufinder/ => /Users/jeffsnyder/.stmcufinder/plugins/mcufinder
2024-02-26 16:21:39,583 [WARN] DbFile:41 - Overriding database path with different value: /Users/jeffsnyder/.stmcufinder/plugins/mcufinder/ => /Users/jeffsnyder/.stmcufinder/plugins/mcufinder
2024-02-26 16:21:39,583 [INFO] CrossReferenceDbSqlite:203 - Set database path to: /Users/jeffsnyder/.stmcufinder/plugins/mcufinder//mcu/cs/
2024-02-26 16:21:39,601 [INFO] ApplicationProperties:184 - Using Application install path: /Applications/STM32CubeIDE.app/Contents/Eclipse/plugins/com.st.stm32cube.common.mx_6.9.1.202307191849
2024-02-26 16:21:39,602 [INFO] PluginManage:196 - Search for loadable plugins [exclusion list=, ]
2024-02-26 16:21:39,603 [INFO] PluginManage:310 - Check plugin analytics
2024-02-26 16:21:39,781 [INFO] AnalyticsPlugin:253 - Accepted Software Licenses: STM32CubeMX.6.8.1
2024-02-26 16:21:39,781 [INFO] AnalyticsPlugin:255 - Accepted CMSIS Pack Licenses: ARM.CMSIS-DSP.1.15.0
2024-02-26 16:21:39,781 [INFO] AnalyticsPlugin:257 - Accepted Firmware Licenses: FW.H7.1.11.0
2024-02-26 16:21:39,784 [INFO] PluginManage:359 - Loaded plugin analytics (category:tool,tabindex:-1)
2024-02-26 16:21:39,785 [INFO] PluginManage:310 - Check plugin cadmodel
2024-02-26 16:21:40,253 [INFO] CADModel:105 - Init CAD model plugin
2024-02-26 16:21:40,253 [INFO] PluginManage:359 - Loaded plugin cadmodel (category:power,tabindex:5)
2024-02-26 16:21:40,253 [INFO] PluginManage:310 - Check plugin clock
2024-02-26 16:21:40,263 [INFO] PluginManage:359 - Loaded plugin clock (category:base,tabindex:2)
2024-02-26 16:21:40,264 [INFO] PluginManage:310 - Check plugin ddr
2024-02-26 16:21:40,266 [INFO] PluginManage:359 - Loaded plugin ddr (category:tool,tabindex:6)
2024-02-26 16:21:40,266 [INFO] PluginManage:310 - Check plugin filemanager
2024-02-26 16:21:40,402 [INFO] PluginManage:359 - Loaded plugin filemanager (category:base,tabindex:10)
2024-02-26 16:21:40,402 [INFO] PluginManage:310 - Check plugin ipmanager
2024-02-26 16:21:40,409 [INFO] PluginManage:359 - Loaded plugin ipmanager (category:base,tabindex:5)
2024-02-26 16:21:40,409 [INFO] PluginManage:310 - Check plugin lpbam
2024-02-26 16:21:40,420 [INFO] PluginManage:359 - Loaded plugin lpbam (category:base,tabindex:0)
2024-02-26 16:21:40,420 [INFO] PluginManage:310 - Check plugin memorymap
2024-02-26 16:21:40,436 [INFO] PluginManage:359 - Loaded plugin memorymap (category:base,tabindex:4)
2024-02-26 16:21:40,436 [INFO] PluginManage:310 - Check plugin pinoutandconfiguration
2024-02-26 16:21:40,444 [INFO] PluginManage:359 - Loaded plugin pinoutandconfiguration (category:base,tabindex:1)
2024-02-26 16:21:40,445 [INFO] PluginManage:310 - Check plugin pinoutconfig
2024-02-26 16:21:40,540 [WARN] SupportedApi:132 - Cannot load RTOS API schema: s4s-elt-must-match.1: The content of 'definitions' must match (annotation?, (simpleType | complexType)?, (unique | key | keyref)*)). A problem was found starting at: attribute.
2024-02-26 16:21:40,711 [INFO] PluginManage:359 - Loaded plugin pinoutconfig (category:base,tabindex:0)
2024-02-26 16:21:40,711 [INFO] PluginManage:310 - Check plugin power
2024-02-26 16:21:40,722 [INFO] PluginManage:359 - Loaded plugin power (category:power,tabindex:4)
2024-02-26 16:21:40,723 [INFO] PluginManage:310 - Check plugin projectmanager
2024-02-26 16:21:40,737 [INFO] PluginManage:359 - Loaded plugin projectmanager (category:projectmanager,tabindex:3)
2024-02-26 16:21:40,737 [INFO] PluginManage:310 - Check plugin thirdparty
2024-02-26 16:21:40,903 [INFO] PluginManage:359 - Loaded plugin thirdparty (category:base,tabindex:-1)
2024-02-26 16:21:40,903 [WARN] IntegrityCheckThread:84 - waiting for thirdparty lock release [integrity check]
2024-02-26 16:21:40,903 [INFO] IntegrityCheckThread:86 - entering critical section [integrity check]
2024-02-26 16:21:40,903 [INFO] PluginManage:310 - Check plugin tools
2024-02-26 16:21:40,904 [INFO] ThirdPartyUpdaterWithRetryManager:70 - Updater plugin not ready yet. [1/15]
2024-02-26 16:21:40,906 [INFO] PluginManage:359 - Loaded plugin tools (category:base,tabindex:7)
2024-02-26 16:21:40,906 [INFO] PluginManage:310 - Check plugin tutovideos
2024-02-26 16:21:41,108 [INFO] PluginManage:359 - Loaded plugin tutovideos (category:base,tabindex:-1)
2024-02-26 16:21:41,108 [INFO] PluginManage:310 - Check plugin updater
2024-02-26 16:21:41,120 [INFO] PluginManage:359 - Loaded plugin updater (category:base,tabindex:12)
2024-02-26 16:21:41,120 [INFO] PluginManage:310 - Check plugin userauth
2024-02-26 16:21:41,126 [INFO] UserAuth:113 - Init User Auth plugin
2024-02-26 16:21:41,126 [INFO] PluginManage:359 - Loaded plugin userauth (category:base,tabindex:14)
2024-02-26 16:21:41,126 [INFO] PluginManage:283 - PluginManage : Loaded plugins [17]
2024-02-26 16:21:41,322 [INFO] PinOutPanel:1499 - setPackage(No Configuration,No Configuration)
2024-02-26 16:21:41,426 [INFO] CADModel:165 - CPN selected for project level
2024-02-26 16:21:41,426 [INFO] CADModel:114 - Register for checkConnection events
2024-02-26 16:21:41,438 [INFO] IPUIPlugin:80 - create IPUIPlugin
2024-02-26 16:21:41,439 [INFO] PluginManager:220 - loadIPPluginJar : add mdma
2024-02-26 16:21:41,447 [INFO] IPUIPlugin:80 - create IPUIPlugin
2024-02-26 16:21:41,447 [INFO] PluginManager:220 - loadIPPluginJar : add freertos
2024-02-26 16:21:41,453 [INFO] IPUIPlugin:80 - create IPUIPlugin
2024-02-26 16:21:41,453 [INFO] PluginManager:220 - loadIPPluginJar : add gic
2024-02-26 16:21:41,462 [INFO] IPUIPlugin:80 - create IPUIPlugin
2024-02-26 16:21:41,462 [INFO] PluginManager:220 - loadIPPluginJar : add adc
2024-02-26 16:21:41,465 [INFO] IPUIPlugin:80 - create IPUIPlugin
2024-02-26 16:21:41,465 [INFO] PluginManager:220 - loadIPPluginJar : add gtzc
2024-02-26 16:21:41,467 [INFO] IPUIPlugin:80 - create IPUIPlugin
2024-02-26 16:21:41,467 [INFO] PluginManager:220 - loadIPPluginJar : add quadspi
2024-02-26 16:21:41,469 [INFO] IPUIPlugin:80 - create IPUIPlugin
2024-02-26 16:21:41,469 [INFO] PluginManager:220 - loadIPPluginJar : add aes
2024-02-26 16:21:41,473 [INFO] IPUIPlugin:80 - create IPUIPlugin
2024-02-26 16:21:41,473 [INFO] PluginManager:220 - loadIPPluginJar : add pdm2pcm
2024-02-26 16:21:41,475 [INFO] IPUIPlugin:80 - create IPUIPlugin
2024-02-26 16:21:41,475 [INFO] PluginManager:220 - loadIPPluginJar : add hash
2024-02-26 16:21:41,476 [INFO] IPUIPlugin:80 - create IPUIPlugin
2024-02-26 16:21:41,476 [INFO] PluginManager:220 - loadIPPluginJar : add tim
2024-02-26 16:21:41,478 [INFO] IPUIPlugin:80 - create IPUIPlugin
2024-02-26 16:21:41,478 [INFO] PluginManager:220 - loadIPPluginJar : add tsc
2024-02-26 16:21:41,480 [INFO] IPUIPlugin:80 - create IPUIPlugin
2024-02-26 16:21:41,480 [INFO] PluginManager:220 - loadIPPluginJar : add ts
2024-02-26 16:21:41,482 [INFO] IPUIPlugin:80 - create IPUIPlugin
2024-02-26 16:21:41,482 [INFO] PluginManager:220 - loadIPPluginJar : add can
2024-02-26 16:21:41,484 [INFO] IPUIPlugin:80 - create IPUIPlugin
2024-02-26 16:21:41,484 [INFO] PluginManager:220 - loadIPPluginJar : add dma3
2024-02-26 16:21:41,486 [INFO] IPUIPlugin:80 - create IPUIPlugin
2024-02-26 16:21:41,487 [INFO] PluginManager:220 - loadIPPluginJar : add dfsdm
2024-02-26 16:21:41,488 [INFO] IPUIPlugin:80 - create IPUIPlugin
2024-02-26 16:21:41,488 [INFO] PluginManager:220 - loadIPPluginJar : add spi
2024-02-26 16:21:41,491 [INFO] IPUIPlugin:80 - create IPUIPlugin
2024-02-26 16:21:41,491 [INFO] PluginManager:220 - loadIPPluginJar : add gfxmmu
2024-02-26 16:21:41,492 [INFO] IPUIPlugin:80 - create IPUIPlugin
2024-02-26 16:21:41,492 [INFO] PluginManager:220 - loadIPPluginJar : add genericplugin
2024-02-26 16:21:41,494 [INFO] IPUIPlugin:80 - create IPUIPlugin
2024-02-26 16:21:41,494 [INFO] PluginManager:220 - loadIPPluginJar : add cryp
2024-02-26 16:21:41,498 [INFO] IPUIPlugin:80 - create IPUIPlugin
2024-02-26 16:21:41,498 [INFO] PluginManager:220 - loadIPPluginJar : add gpio
2024-02-26 16:21:41,500 [INFO] IPUIPlugin:80 - create IPUIPlugin
2024-02-26 16:21:41,500 [INFO] PluginManager:220 - loadIPPluginJar : add comp
2024-02-26 16:21:41,502 [INFO] IPUIPlugin:80 - create IPUIPlugin
2024-02-26 16:21:41,502 [INFO] PluginManager:220 - loadIPPluginJar : add tracer_emb
2024-02-26 16:21:41,505 [INFO] IPUIPlugin:80 - create IPUIPlugin
2024-02-26 16:21:41,505 [INFO] PluginManager:220 - loadIPPluginJar : add openamp
2024-02-26 16:21:41,509 [INFO] IPUIPlugin:80 - create IPUIPlugin
2024-02-26 16:21:41,509 [INFO] PluginManager:220 - loadIPPluginJar : add stm32_wpan
2024-02-26 16:21:41,516 [INFO] IPUIPlugin:80 - create IPUIPlugin
2024-02-26 16:21:41,519 [INFO] PluginManager:220 - loadIPPluginJar : add plateformsettings
2024-02-26 16:21:41,523 [INFO] IPUIPlugin:80 - create IPUIPlugin
2024-02-26 16:21:41,523 [INFO] PluginManager:220 - loadIPPluginJar : add ipddr
2024-02-26 16:21:41,525 [INFO] IPUIPlugin:80 - create IPUIPlugin
2024-02-26 16:21:41,525 [INFO] PluginManager:220 - loadIPPluginJar : add usart
2024-02-26 16:21:41,526 [INFO] IPUIPlugin:80 - create IPUIPlugin
2024-02-26 16:21:41,527 [INFO] PluginManager:220 - loadIPPluginJar : add ltdc
2024-02-26 16:21:41,531 [INFO] IPUIPlugin:80 - create IPUIPlugin
2024-02-26 16:21:41,531 [INFO] PluginManager:220 - loadIPPluginJar : add nvic
2024-02-26 16:21:41,532 [INFO] IPUIPlugin:80 - create IPUIPlugin
2024-02-26 16:21:41,532 [INFO] PluginManager:220 - loadIPPluginJar : add fatfs
2024-02-26 16:21:41,539 [INFO] IPUIPlugin:80 - create IPUIPlugin
2024-02-26 16:21:41,540 [INFO] PluginManager:220 - loadIPPluginJar : add linkedlist
2024-02-26 16:21:41,546 [INFO] IPUIPlugin:80 - create IPUIPlugin
2024-02-26 16:21:41,546 [INFO] PluginManager:220 - loadIPPluginJar : add dma
2024-02-26 16:21:41,550 [INFO] IPUIPlugin:80 - create IPUIPlugin
2024-02-26 16:21:41,550 [INFO] PluginManager:220 - loadIPPluginJar : add fmc
2024-02-26 16:21:41,552 [INFO] IPUIPlugin:80 - create IPUIPlugin
2024-02-26 16:21:41,552 [INFO] PluginManager:220 - loadIPPluginJar : add i2s
2024-02-26 16:21:41,553 [INFO] IPUIPlugin:80 - create IPUIPlugin
2024-02-26 16:21:41,553 [INFO] PluginManager:220 - loadIPPluginJar : add ucpd
2024-02-26 16:21:41,556 [INFO] IPUIPlugin:80 - create IPUIPlugin
2024-02-26 16:21:41,556 [INFO] PluginManager:220 - loadIPPluginJar : add lorawan
2024-02-26 16:21:41,558 [INFO] IPUIPlugin:80 - create IPUIPlugin
2024-02-26 16:21:41,558 [INFO] PluginManager:220 - loadIPPluginJar : add opamp
2024-02-26 16:21:41,560 [INFO] IPUIPlugin:80 - create IPUIPlugin
2024-02-26 16:21:41,561 [INFO] PluginManager:220 - loadIPPluginJar : add i3c
2024-02-26 16:21:41,563 [INFO] IPUIPlugin:80 - create IPUIPlugin
2024-02-26 16:21:41,563 [INFO] PluginManager:220 - loadIPPluginJar : add touchsensing
2024-02-26 16:21:41,566 [INFO] IPUIPlugin:80 - create IPUIPlugin
2024-02-26 16:21:41,566 [INFO] PluginManager:220 - loadIPPluginJar : add i2c
2024-02-26 16:21:41,569 [INFO] IPUIPlugin:80 - create IPUIPlugin
2024-02-26 16:21:41,569 [INFO] PluginManager:220 - loadIPPluginJar : add resmgrutility
2024-02-26 16:21:41,572 [INFO] IPUIPlugin:80 - create IPUIPlugin
2024-02-26 16:21:41,572 [INFO] PluginManager:220 - loadIPPluginJar : add sai
2024-02-26 16:21:41,575 [INFO] IPUIPlugin:80 - create IPUIPlugin
2024-02-26 16:21:41,575 [INFO] PluginManager:220 - loadIPPluginJar : add usbx
2024-02-26 16:21:41,678 [INFO] CADModel:165 - CPN selected for project level
2024-02-26 16:21:41,678 [INFO] CADModel:114 - Register for checkConnection events
2024-02-26 16:21:41,679 [FATAL] Updater:308 - Updater called before beeing initialized
2024-02-26 16:21:41,679 [ERROR] CADModel:125 - Updater not yet initialized, retry later 
2024-02-26 16:21:41,863 [INFO] CADModel:165 - CPN selected for project level
2024-02-26 16:21:41,863 [INFO] CADModel:114 - Register for checkConnection events
2024-02-26 16:21:41,863 [FATAL] Updater:308 - Updater called before beeing initialized
2024-02-26 16:21:41,863 [ERROR] CADModel:125 - Updater not yet initialized, retry later 
2024-02-26 16:21:41,867 [FATAL] Updater:308 - Updater called before beeing initialized
2024-02-26 16:21:41,943 [FATAL] Updater:308 - Updater called before beeing initialized
2024-02-26 16:21:41,949 [INFO] DbMcusAds:53 - JSON generation date=Thu Sep 30 02:55:09 EDT 2021 (1632984909247)
2024-02-26 16:21:41,949 [FATAL] Updater:308 - Updater called before beeing initialized
2024-02-26 16:21:42,115 [WARN] DetailPanel:346 - Failed to get advertising image, set to default
2024-02-26 16:21:42,217 [FATAL] Updater:308 - Updater called before beeing initialized
2024-02-26 16:21:42,220 [FATAL] Updater:308 - Updater called before beeing initialized
2024-02-26 16:21:42,220 [FATAL] Updater:308 - Updater called before beeing initialized
2024-02-26 16:21:42,220 [WARN] DetailPanel:346 - Failed to get advertising image, set to default
2024-02-26 16:21:42,221 [FATAL] Updater:308 - Updater called before beeing initialized
2024-02-26 16:21:42,246 [ERROR] Updater:1120 - MainUpdater not yet initialized. External WinMGr cannot be set.
2024-02-26 16:21:42,267 [INFO] Updater:1056 - Updater Version found : 6.9.1
2024-02-26 16:21:42,287 [INFO] ApplicationProperties:184 - Using Application install path: /Applications/STM32CubeIDE.app/Contents/Eclipse/plugins/com.st.stm32cube.common.mx_6.9.1.202307191849
2024-02-26 16:21:42,419 [INFO] MainUpdater:2868 - connection check result : 10
2024-02-26 16:21:42,419 [INFO] MainUpdater:3562 - Updater definition file requires update
2024-02-26 16:21:42,419 [INFO] MainUpdater:285 - Updater Check For Update Now.
2024-02-26 16:21:42,419 [INFO] MicroXplorer:498 - Change Database Version : DB.6.0.91
2024-02-26 16:21:42,424 [INFO] McuFinderGlobals:63 - Set McuFinder mode to 2 (CubeIDE integrated)
2024-02-26 16:21:42,424 [INFO] UserAuth:179 - activating auth plugin
2024-02-26 16:21:42,426 [INFO] UserAuth:393 - Internet connection configuration mode: 1
2024-02-26 16:21:42,442 [INFO] JxBrowserEngine:151 - Initiate JxBrowser Engine with user profile folder
2024-02-26 16:21:42,459 [INFO] ServerAccessManage:473 - Download File updaters.zip
2024-02-26 16:21:42,514 [INFO] FileExtend:240 - Unzip File : updaters.zip
2024-02-26 16:21:42,514 [INFO] FileExtend:255 - Standard Zip Deflate
2024-02-26 16:21:42,720 [INFO] ServerAccessManage:473 - Download File PacksControlFlags.xml
2024-02-26 16:21:42,825 [INFO] ServerAccessManage:473 - Download File cubemx.pidx
2024-02-26 16:21:42,921 [INFO] LoadServerUpdatesThread:373 - End of LoadServerUpdate Thread
2024-02-26 16:21:43,094 [INFO] CheckServerUpdateThread:120 - End of CheckServer Thread
2024-02-26 16:21:44,140 [WARN] PackLoader:240 - Cannot read IP mode file for STMicroelectronics.X-CUBE-SMBUS.2.1.0
2024-02-26 16:21:44,148 [WARN] PackLoader:240 - Cannot read IP mode file for STMicroelectronics.X-CUBE-TOUCHGFX.4.23.0
2024-02-26 16:21:44,236 [WARN] PackLoader:240 - Cannot read IP mode file for STMicroelectronics.X-CUBE-MEMS1.9.2.0
2024-02-26 16:21:44,278 [INFO] WebApp:157 - Instantiating new browser for Auth
2024-02-26 16:21:44,445 [WARN] PackLoader:240 - Cannot read IP mode file for STMicroelectronics.X-CUBE-AZRTOS-F7.1.1.0
2024-02-26 16:21:44,453 [ERROR] RealEvaluatedCondition:428 - Found unsupported composite condition: CLASS='Data Exchange' GROUP='STM32_MetaDataManager'
2024-02-26 16:21:44,453 [ERROR] RealEvaluatedCondition:428 - Found unsupported composite condition: GROUP='STM32_MetaDataManager' CLASS='Data Exchange'
2024-02-26 16:21:44,455 [WARN] PackLoader:240 - Cannot read IP mode file for STMicroelectronics.FP-SNS-MOTENV1.4.3.0
2024-02-26 16:21:44,462 [WARN] PackLoader:240 - Cannot read IP mode file for STMicroelectronics.FP-SNS-MOTENV1.4.3.2
2024-02-26 16:21:44,466 [WARN] PackLoader:240 - Cannot read IP mode file for STMicroelectronics.FP-SNS-FLIGHT1.5.0.0
2024-02-26 16:21:44,470 [ERROR] RealEvaluatedCondition:428 - Found unsupported composite condition: CLASS='Data Exchange' GROUP='STM32_MetaDataManager'
2024-02-26 16:21:44,471 [ERROR] RealEvaluatedCondition:428 - Found unsupported composite condition: GROUP='STM32_MetaDataManager' CLASS='Data Exchange'
2024-02-26 16:21:44,472 [WARN] PackLoader:240 - Cannot read IP mode file for STMicroelectronics.FP-SNS-MOTENV1.4.3.1
2024-02-26 16:21:44,478 [WARN] PackLoader:240 - Cannot read IP mode file for STMicroelectronics.FP-SNS-FLIGHT1.5.0.1
2024-02-26 16:21:44,484 [WARN] PackLoader:240 - Cannot read IP mode file for STMicroelectronics.X-CUBE-BLE1.6.2.3
2024-02-26 16:21:44,489 [WARN] PackLoader:240 - Cannot read IP mode file for STMicroelectronics.X-CUBE-BLE1.6.2.4
2024-02-26 16:21:44,493 [WARN] PackLoader:240 - Cannot read IP mode file for STMicroelectronics.FP-SNS-FLIGHT1.5.0.2
2024-02-26 16:21:44,506 [WARN] PackLoader:240 - Cannot read IP mode file for STMicroelectronics.X-CUBE-TOF1.3.1.0
2024-02-26 16:21:44,520 [WARN] PackLoader:240 - Cannot read IP mode file for STMicroelectronics.X-CUBE-DISPLAY.3.0.0
2024-02-26 16:21:44,531 [WARN] PackLoader:240 - Cannot read IP mode file for STMicroelectronics.X-CUBE-BLE1.7.0.0
2024-02-26 16:21:44,538 [WARN] PackLoader:240 - Cannot read IP mode file for emotas.I-CUBE-CANOPEN.1.3.0
2024-02-26 16:21:44,542 [WARN] PackLoader:240 - Cannot read IP mode file for STMicroelectronics.X-CUBE-TOUCHGFX.4.22.0
2024-02-26 16:21:44,545 [WARN] PackLoader:240 - Cannot read IP mode file for STMicroelectronics.X-CUBE-TOUCHGFX.4.22.1
2024-02-26 16:21:44,608 [WARN] PackLoader:240 - Cannot read IP mode file for STMicroelectronics.X-CUBE-MEMS1.9.3.0
2024-02-26 16:21:44,753 [WARN] PackLoader:240 - Cannot read IP mode file for STMicroelectronics.X-CUBE-AI.7.2.0
2024-02-26 16:21:44,759 [WARN] PackLoader:240 - Cannot read IP mode file for STMicroelectronics.FP-SNS-SMARTAG2.1.2.0
2024-02-26 16:21:44,769 [INFO] LogOutputStream:77 - [STDOUT_REDIRECT] 1 : Invalid condition id : UX_CORESTACK_Condition cause : null
2024-02-26 16:21:44,770 [INFO] LogOutputStream:77 - [STDOUT_REDIRECT] 1 : Invalid condition id : UX_CORESTACK_Condition cause : null
2024-02-26 16:21:44,770 [INFO] LogOutputStream:77 - [STDOUT_REDIRECT] 1 : Invalid condition id : UX_CORESTACK_Condition cause : null
2024-02-26 16:21:44,770 [INFO] LogOutputStream:77 - [STDOUT_REDIRECT] 1 : Invalid condition id : UX_CORESTACK_Condition cause : null
2024-02-26 16:21:44,771 [INFO] LogOutputStream:77 - [STDOUT_REDIRECT] 1 : Invalid condition id : UX_CORESTACK_Condition cause : null
2024-02-26 16:21:44,775 [WARN] PackLoader:240 - Cannot read IP mode file for STMicroelectronics.X-CUBE-AZRTOS-WL.2.0.0
2024-02-26 16:21:44,783 [WARN] PackLoader:240 - Cannot read IP mode file for WES.I-CUBE-Cesium.1.3.0
2024-02-26 16:21:44,788 [WARN] PackLoader:240 - Cannot read IP mode file for STMicroelectronics.X-CUBE-BLE2.3.3.0
2024-02-26 16:21:44,794 [WARN] PackLoader:240 - Cannot read IP mode file for STMicroelectronics.X-CUBE-DISPLAY.2.2.0
2024-02-26 16:21:44,808 [WARN] PackLoader:240 - Cannot read IP mode file for STMicroelectronics.X-CUBE-TOF1.3.2.0
2024-02-26 16:21:44,819 [WARN] PackLoader:240 - Cannot read IP mode file for STMicroelectronics.X-CUBE-ISPU.1.0.0
2024-02-26 16:21:44,841 [WARN] PackLoader:240 - Cannot read IP mode file for STMicroelectronics.X-CUBE-AZRTOS-H7.2.1.0
2024-02-26 16:21:44,848 [WARN] PackLoader:240 - Cannot read IP mode file for STMicroelectronics.X-CUBE-TOUCHGFX.4.21.1
2024-02-26 16:21:44,851 [WARN] PackLoader:240 - Cannot read IP mode file for STMicroelectronics.X-CUBE-TOUCHGFX.4.21.0
2024-02-26 16:21:44,854 [WARN] PackLoader:240 - Cannot read IP mode file for STMicroelectronics.X-CUBE-TOUCHGFX.4.21.3
2024-02-26 16:21:44,858 [WARN] PackLoader:240 - Cannot read IP mode file for STMicroelectronics.X-CUBE-TOUCHGFX.4.21.4
2024-02-26 16:21:44,922 [WARN] PackLoader:240 - Cannot read IP mode file for STMicroelectronics.X-CUBE-MEMS1.9.4.0
2024-02-26 16:21:45,135 [WARN] PackLoader:240 - Cannot read IP mode file for STMicroelectronics.X-CUBE-AI.7.3.0
2024-02-26 16:21:45,140 [WARN] PackLoader:240 - Cannot read IP mode file for STMicroelectronics.X-CUBE-ALGOBUILD.1.3.0
2024-02-26 16:21:45,155 [WARN] PackLoader:240 - Cannot read IP mode file for STMicroelectronics.X-CUBE-AZRTOS-G0.1.1.0
2024-02-26 16:21:45,162 [WARN] PackLoader:240 - Cannot read IP mode file for STMicroelectronics.X-CUBE-NFC4.3.0.0
2024-02-26 16:21:45,197 [WARN] PackLoader:240 - Cannot read IP mode file for SEGGER.I-CUBE-embOS.1.2.0
2024-02-26 16:21:45,236 [WARN] PackLoader:240 - Cannot read IP mode file for STMicroelectronics.X-CUBE-BLEMGR.3.0.0
2024-02-26 16:21:45,245 [WARN] PackLoader:240 - Cannot read IP mode file for STMicroelectronics.X-CUBE-BLEMGR.1.3.0
2024-02-26 16:21:45,249 [WARN] PackLoader:240 - Cannot read IP mode file for STMicroelectronics.FP-ATR-SIGFOX1.3.2.0
2024-02-26 16:21:45,255 [WARN] PackLoader:240 - Cannot read IP mode file for STMicroelectronics.X-CUBE-EEPRMA1.5.1.0
2024-02-26 16:21:45,262 [WARN] PackLoader:240 - Cannot read IP mode file for emotas.I-CUBE-CANOPEN.1.1.2
2024-02-26 16:21:45,265 [WARN] PackLoader:240 - Cannot read IP mode file for STMicroelectronics.X-CUBE-TOUCHGFX.4.20.0
2024-02-26 16:21:45,307 [WARN] PackLoader:240 - Cannot read IP mode file for STMicroelectronics.X-CUBE-MEMS1.9.5.0
2024-02-26 16:21:45,360 [INFO] WebApp:753 - Register for checkConnection events
2024-02-26 16:21:45,361 [INFO] WebApp:390 - Apply proxy settings
2024-02-26 16:21:45,364 [INFO] WebApp:455 - Chromium authenticates against System proxy
2024-02-26 16:21:45,497 [WARN] PackLoader:240 - Cannot read IP mode file for SEGGER.I-CUBE-embOS.1.3.1
2024-02-26 16:21:45,534 [WARN] PackLoader:240 - Cannot read IP mode file for STMicroelectronics.X-CUBE-GNSS1.6.0.0
2024-02-26 16:21:45,551 [WARN] PackLoader:240 - Cannot read IP mode file for STMicroelectronics.X-CUBE-AZRTOS-F4.1.1.0
2024-02-26 16:21:45,557 [WARN] PackLoader:240 - Cannot read IP mode file for wolfSSL.I-CUBE-wolfSSL.5.6.6
2024-02-26 16:21:45,564 [WARN] PackLoader:240 - Cannot read IP mode file for STMicroelectronics.X-CUBE-BLEMGR.1.2.0
2024-02-26 16:21:45,594 [WARN] PackLoader:240 - Cannot read IP mode file for STMicroelectronics.X-CUBE-AZRTOS-L5.2.0.0
2024-02-26 16:21:45,631 [WARN] PackLoader:240 - Cannot read IP mode file for STMicroelectronics.X-CUBE-MEMS1.9.6.0
2024-02-26 16:21:45,674 [INFO] WebApp:188 - Starting web application
2024-02-26 16:21:45,675 [INFO] WebApp:520 - Web application path used /Applications/STM32CubeIDE.app/Contents/Eclipse/plugins/com.st.stm32cube.common.mx_6.9.1.202307191849/db/plugins/mcufinder/reactClient1/index.html
2024-02-26 16:21:45,786 [WARN] PackLoader:240 - Cannot read IP mode file for STMicroelectronics.X-CUBE-EEPRMA1.4.2.0
2024-02-26 16:21:45,793 [WARN] PackLoader:240 - Cannot read IP mode file for ITTIA_DB.I-CUBE-ITTIADB.8.8.0
2024-02-26 16:21:45,803 [ERROR] Engine:466 - /Users/jeffsnyder/STM32Cube/Repository/Packs/ARM/CMSIS-DSP/1.15.0/ARM.CMSIS-DSP.pdsc: PDSC version is not supported
2024-02-26 16:21:45,813 [WARN] PackLoader:240 - Cannot read IP mode file for STMicroelectronics.X-CUBE-BLEMGR.2.0.0
2024-02-26 16:21:45,820 [WARN] PackLoader:240 - Cannot read IP mode file for STMicroelectronics.X-CUBE-NFC4.2.0.5
2024-02-26 16:21:45,828 [WARN] PackLoader:240 - Cannot read IP mode file for STMicroelectronics.X-CUBE-NFC4.2.0.4
2024-02-26 16:21:45,852 [WARN] ConditionMgr:438 - getConditionDescription Invalid condition id : UX DEVICE CLASS RTOS Condition cause : null
2024-02-26 16:21:45,854 [WARN] ConditionMgr:438 - getConditionDescription Invalid condition id : UX DEVICE CLASS RTOS Condition cause : null
2024-02-26 16:21:45,857 [WARN] PackLoader:240 - Cannot read IP mode file for STMicroelectronics.X-CUBE-AZRTOS-H7.3.1.0
2024-02-26 16:21:45,858 [WARN] ConditionMgr:1039 - genDependencies : Invalid condition id : UX DEVICE CLASS RTOS Condition cause : null
2024-02-26 16:21:45,858 [WARN] ConditionMgr:1039 - genDependencies : Invalid condition id : UX DEVICE CLASS RTOS Condition cause : null
2024-02-26 16:21:45,859 [WARN] ConditionMgr:1039 - genDependencies : Invalid condition id : UX DEVICE CLASS RTOS Condition cause : null
2024-02-26 16:21:45,862 [WARN] ConditionMgr:1039 - genDependencies : Invalid condition id : UX DEVICE CLASS RTOS Condition cause : null
2024-02-26 16:21:45,862 [WARN] ConditionMgr:1039 - genDependencies : Invalid condition id : UX DEVICE CLASS RTOS Condition cause : null
2024-02-26 16:21:45,896 [WARN] PackLoader:240 - Cannot read IP mode file for STMicroelectronics.X-CUBE-AZRTOS-F4.1.0.0
2024-02-26 16:21:45,906 [WARN] PackLoader:240 - Cannot read IP mode file for STMicroelectronics.X-CUBE-NFC7.1.0.1
2024-02-26 16:21:45,920 [WARN] PackLoader:240 - Cannot read IP mode file for STMicroelectronics.X-CUBE-NFC7.1.0.0
2024-02-26 16:21:45,930 [WARN] PackLoader:240 - Cannot read IP mode file for STMicroelectronics.X-CUBE-NFC6.3.0.0
2024-02-26 16:21:45,939 [WARN] PackLoader:240 - Cannot read IP mode file for STMicroelectronics.X-CUBE-EEPRMA1.4.1.0
2024-02-26 16:21:45,944 [WARN] PackLoader:240 - Cannot read IP mode file for STMicroelectronics.X-CUBE-AI.8.1.0
2024-02-26 16:21:45,974 [WARN] ConditionMgr:438 - getConditionDescription Invalid condition id : LAN8742 Phy interface Condition cause : null
2024-02-26 16:21:45,976 [WARN] PackLoader:240 - Cannot read IP mode file for STMicroelectronics.X-CUBE-AZRTOS-L4.2.0.0
2024-02-26 16:21:45,978 [WARN] ConditionMgr:1039 - genDependencies : Invalid condition id : LAN8742 Phy interface Condition cause : null
2024-02-26 16:21:45,978 [WARN] ConditionMgr:1039 - genDependencies : Invalid condition id : LAN8742 Phy interface Condition cause : null
2024-02-26 16:21:45,979 [WARN] ConditionMgr:1039 - genDependencies : Invalid condition id : LAN8742 Phy interface Condition cause : null
2024-02-26 16:21:45,989 [WARN] PackLoader:240 - Cannot read IP mode file for STMicroelectronics.X-CUBE-SFXS2LP1.4.0.0
2024-02-26 16:21:46,019 [WARN] PackLoader:240 - Cannot read IP mode file for STMicroelectronics.X-CUBE-AZRTOS-H7.3.0.0
2024-02-26 16:21:46,027 [WARN] PackLoader:240 - Cannot read IP mode file for STMicroelectronics.X-CUBE-ISPU.1.1.0
2024-02-26 16:21:46,038 [WARN] PackLoader:240 - Cannot read IP mode file for RoweBots.I-CUBE-UNISONRTOS.5.5.0-4
2024-02-26 16:21:46,043 [WARN] PackLoader:240 - Cannot read IP mode file for STMicroelectronics.X-CUBE-AI.8.0.0
2024-02-26 16:21:46,063 [WARN] ConditionMgr:438 - getConditionDescription Invalid condition id : UX DEVICE CLASS RTOS Condition cause : null
2024-02-26 16:21:46,064 [WARN] ConditionMgr:438 - getConditionDescription Invalid condition id : UX DEVICE CLASS RTOS Condition cause : null
2024-02-26 16:21:46,068 [WARN] PackLoader:240 - Cannot read IP mode file for STMicroelectronics.X-CUBE-AZRTOS-WB.2.0.0
2024-02-26 16:21:46,069 [WARN] ConditionMgr:1039 - genDependencies : Invalid condition id : UX DEVICE CLASS RTOS Condition cause : null
2024-02-26 16:21:46,070 [WARN] ConditionMgr:1039 - genDependencies : Invalid condition id : UX DEVICE CLASS RTOS Condition cause : null
2024-02-26 16:21:46,071 [WARN] ConditionMgr:1039 - genDependencies : Invalid condition id : UX DEVICE CLASS RTOS Condition cause : null
2024-02-26 16:21:46,071 [WARN] ConditionMgr:1039 - genDependencies : Invalid condition id : UX DEVICE CLASS RTOS Condition cause : null
2024-02-26 16:21:46,072 [WARN] ConditionMgr:1039 - genDependencies : Invalid condition id : UX DEVICE CLASS RTOS Condition cause : null
2024-02-26 16:21:46,079 [WARN] PackLoader:240 - Cannot read IP mode file for STMicroelectronics.X-CUBE-FREERTOS.1.0.0
2024-02-26 16:21:46,084 [WARN] PackLoader:240 - Cannot read IP mode file for STMicroelectronics.X-CUBE-FREERTOS.1.0.1
2024-02-26 16:21:46,097 [WARN] PackLoader:240 - Cannot read IP mode file for STMicroelectronics.X-CUBE-BLEMGR.1.0.0
2024-02-26 16:21:46,120 [WARN] PackLoader:240 - Cannot read IP mode file for STMicroelectronics.X-CUBE-AZRTOS-L5.1.1.0
2024-02-26 16:21:46,131 [WARN] PackLoader:240 - Cannot read IP mode file for STMicroelectronics.X-CUBE-AI.8.0.1
2024-02-26 16:21:46,145 [WARN] PackLoader:240 - Cannot read IP mode file for STMicroelectronics.X-CUBE-SUBG2.5.0.0
2024-02-26 16:21:46,166 [WARN] PackLoader:240 - Cannot read IP mode file for STMicroelectronics.X-CUBE-TOF1.3.3.1
2024-02-26 16:21:46,194 [WARN] PackLoader:240 - Cannot read IP mode file for STMicroelectronics.X-CUBE-AZRTOS-G4.2.0.0
2024-02-26 16:21:46,203 [WARN] PackLoader:240 - Cannot read IP mode file for STMicroelectronics.X-CUBE-TOF1.3.3.0
2024-02-26 16:21:46,212 [WARN] PackLoader:240 - Cannot read IP mode file for STMicroelectronics.FP-ATR-ASTRA1.1.1.1
2024-02-26 16:21:46,226 [WARN] PackLoader:240 - Cannot read IP mode file for Infineon.AIROC-Wi-Fi-Bluetooth-STM32.1.5.1
2024-02-26 16:21:46,231 [WARN] PackLoader:240 - Cannot read IP mode file for STMicroelectronics.FP-ATR-ASTRA1.1.1.0
2024-02-26 16:21:46,234 [WARN] PackLoader:240 - Cannot read IP mode file for STMicroelectronics.FP-SNS-MOTENVWB1.1.3.0
2024-02-26 16:21:46,237 [WARN] PackLoader:240 - Cannot read IP mode file for STMicroelectronics.FP-SNS-MOTENVWB1.1.3.1
2024-02-26 16:21:46,248 [WARN] PackLoader:240 - Cannot read IP mode file for STMicroelectronics.X-CUBE-AZRTOS-G4.1.0.0
2024-02-26 16:21:46,252 [WARN] PackLoader:240 - Cannot read IP mode file for wolfSSL.I-CUBE-wolfSSL.5.3.0
2024-02-26 16:21:46,265 [WARN] PackLoader:240 - Cannot read IP mode file for STMicroelectronics.X-CUBE-AZRTOS-L4.1.0.0
2024-02-26 16:21:46,270 [WARN] PackLoader:240 - Cannot read IP mode file for STMicroelectronics.X-CUBE-ISPU.2.0.0
2024-02-26 16:21:46,300 [WARN] PackLoader:240 - Cannot read IP mode file for STMicroelectronics.X-CUBE-MEMS1.10.0.0
2024-02-26 16:21:46,393 [WARN] PackLoader:240 - Cannot read IP mode file for STMicroelectronics.X-CUBE-FREERTOS.1.1.0
2024-02-26 16:21:46,406 [WARN] PackLoader:240 - Cannot read IP mode file for STMicroelectronics.X-CUBE-AZRTOS-F7.1.0.0
2024-02-26 16:21:46,416 [WARN] PackLoader:240 - Cannot read IP mode file for STMicroelectronics.X-CUBE-AZRTOS-WL.1.0.0
2024-02-26 16:21:46,421 [WARN] PackLoader:240 - Cannot read IP mode file for portGmbH.I-Cube-SoM-uGOAL.1.1.0
2024-02-26 16:21:46,425 [WARN] PackLoader:240 - Cannot read IP mode file for STMicroelectronics.X-CUBE-ALS.1.0.1
2024-02-26 16:21:46,444 [WARN] PackLoader:240 - Cannot read IP mode file for STMicroelectronics.X-CUBE-AZRTOS-WB.1.1.0
2024-02-26 16:21:46,457 [WARN] PackLoader:240 - Cannot read IP mode file for STMicroelectronics.X-CUBE-AZRTOS-L5.1.0.0
2024-02-26 16:21:46,462 [WARN] PackLoader:240 - Cannot read IP mode file for STMicroelectronics.X-CUBE-EEPRMA1.3.1.1
2024-02-26 16:21:46,465 [WARN] PackLoader:240 - Cannot read IP mode file for STMicroelectronics.FP-ATR-ASTRA1.2.0.0
2024-02-26 16:21:46,473 [WARN] PackLoader:240 - Cannot read IP mode file for STMicroelectronics.X-CUBE-TOF1.3.4.0
2024-02-26 16:21:46,496 [WARN] PackLoader:240 - Cannot read IP mode file for STMicroelectronics.X-CUBE-AZRTOS-H7.3.2.0
2024-02-26 16:21:46,499 [INFO] ThirdParty:978 - Integrity check success = true
2024-02-26 16:21:46,499 [INFO] IntegrityCheckThread:100 - exiting critical section [integrity check]
2024-02-26 16:21:46,499 [INFO] IntegrityCheckThread:103 - End integrity checks thread
2024-02-26 16:22:06,685 [ERROR] LogOutputStream:75 - [STDERR_REDIRECT] SLF4J: Failed to load class "org.slf4j.impl.StaticLoggerBinder".
2024-02-26 16:22:06,685 [ERROR] LogOutputStream:75 - [STDERR_REDIRECT] SLF4J: Defaulting to no-operation (NOP) logger implementation
2024-02-26 16:22:06,686 [ERROR] LogOutputStream:75 - [STDERR_REDIRECT] SLF4J: See http://www.slf4j.org/codes.html#StaticLoggerBinder for further details.
