2023-10-04 19:12:39,829 [INFO] Activator:176 - 


2023-10-04 19:12:39,835 [INFO] Activator:177 - !SESSION log4j initialized
2023-10-04 19:12:44,107 [ERROR] LogOutputStream:75 - [STDERR_REDIRECT] 
2023-10-04 19:12:44,744 [INFO] LogOutputStream:77 - [STDOUT_REDIRECT] 
2023-10-04 19:12:46,401 [INFO] LogOutputStream:77 - [STDOUT_REDIRECT] 
2023-10-04 19:12:47,473 [INFO] ApplicationProperties:184 - Using Application install path: /Applications/STM32CubeIDE.app/Contents/Eclipse/plugins/com.st.stm32cube.common.mx_6.9.1.202307191849
2023-10-04 19:12:47,490 [INFO] DbMcusXml:78 - Set database path to: /Applications/STM32CubeIDE.app/Contents/Eclipse/plugins/com.st.stm32cube.common.mx_6.9.1.202307191849//db//mcu/
2023-10-04 19:12:47,491 [INFO] ApiDb:274 - Set plugin database path to: /Applications/STM32CubeIDE.app/Contents/Eclipse/plugins/com.st.stm32cube.common.mx_6.9.1.202307191849//db//plugins/boardmanager/
2023-10-04 19:12:47,491 [WARN] ApiDb:259 - Overriding images path with different value:  => /Applications/STM32CubeIDE.app/Contents/Eclipse/plugins/com.st.stm32cube.common.mx_6.9.1.202307191849//db//plugins/mcufinder/images/
2023-10-04 19:12:47,503 [INFO] ApiDb:250 - Set database path to: /Users/jeffsnyder/.stmcufinder/plugins/mcufinder//mcu/
2023-10-04 19:12:47,505 [INFO] DbMcusAds:125 - Set database path to: /Users/jeffsnyder/.stmcufinder/plugins/mcufinder//mcu/
2023-10-04 19:12:47,508 [INFO] CrossReferenceDbSqlite:203 - Set database path to: /Users/jeffsnyder/.stmcufinder/plugins/mcufinder//mcu/cs/
2023-10-04 19:12:47,627 [INFO] RulesReader:64 - Compatibility file has been processed (293 Rules)
2023-10-04 19:12:47,705 [INFO] DbMcusXml:78 - Set database path to: /Applications/STM32CubeIDE.app/Contents/Eclipse/plugins/com.st.stm32cube.common.mx_6.9.1.202307191849//db//mcu/
2023-10-04 19:12:47,705 [INFO] ApiDb:274 - Set plugin database path to: /Applications/STM32CubeIDE.app/Contents/Eclipse/plugins/com.st.stm32cube.common.mx_6.9.1.202307191849//db//plugins/boardmanager/
2023-10-04 19:12:47,705 [INFO] ApiDb:261 - Set plugin images path to: /Applications/STM32CubeIDE.app/Contents/Eclipse/plugins/com.st.stm32cube.common.mx_6.9.1.202307191849//db//plugins/mcufinder/images/
2023-10-04 19:12:47,705 [WARN] DbFile:41 - Overriding database path with different value: /Users/jeffsnyder/.stmcufinder/plugins/mcufinder/ => /Users/jeffsnyder/.stmcufinder/plugins/mcufinder
2023-10-04 19:12:47,706 [INFO] ApiDb:250 - Set database path to: /Users/jeffsnyder/.stmcufinder/plugins/mcufinder//mcu/
2023-10-04 19:12:47,706 [WARN] DbFile:41 - Overriding database path with different value: /Users/jeffsnyder/.stmcufinder/plugins/mcufinder/ => /Users/jeffsnyder/.stmcufinder/plugins/mcufinder
2023-10-04 19:12:47,706 [INFO] DbMcusAds:125 - Set database path to: /Users/jeffsnyder/.stmcufinder/plugins/mcufinder//mcu/
2023-10-04 19:12:47,706 [WARN] DbFile:41 - Overriding database path with different value: /Users/jeffsnyder/.stmcufinder/plugins/mcufinder/ => /Users/jeffsnyder/.stmcufinder/plugins/mcufinder
2023-10-04 19:12:47,706 [WARN] DbFile:41 - Overriding database path with different value: /Users/jeffsnyder/.stmcufinder/plugins/mcufinder/ => /Users/jeffsnyder/.stmcufinder/plugins/mcufinder
2023-10-04 19:12:47,706 [INFO] CrossReferenceDbSqlite:203 - Set database path to: /Users/jeffsnyder/.stmcufinder/plugins/mcufinder//mcu/cs/
2023-10-04 19:12:47,792 [INFO] MainPanel:262 - HeapMemory: 268435456
2023-10-04 19:12:47,895 [INFO] DbMcusXml:78 - Set database path to: /Applications/STM32CubeIDE.app/Contents/Eclipse/plugins/com.st.stm32cube.common.mx_6.9.1.202307191849//db//mcu/
2023-10-04 19:12:47,895 [INFO] ApiDb:274 - Set plugin database path to: /Applications/STM32CubeIDE.app/Contents/Eclipse/plugins/com.st.stm32cube.common.mx_6.9.1.202307191849//db//plugins/boardmanager/
2023-10-04 19:12:47,895 [INFO] ApiDb:261 - Set plugin images path to: /Applications/STM32CubeIDE.app/Contents/Eclipse/plugins/com.st.stm32cube.common.mx_6.9.1.202307191849//db//plugins/mcufinder/images/
2023-10-04 19:12:47,896 [WARN] DbFile:41 - Overriding database path with different value: /Users/jeffsnyder/.stmcufinder/plugins/mcufinder/ => /Users/jeffsnyder/.stmcufinder/plugins/mcufinder
2023-10-04 19:12:47,896 [INFO] ApiDb:250 - Set database path to: /Users/jeffsnyder/.stmcufinder/plugins/mcufinder//mcu/
2023-10-04 19:12:47,896 [WARN] DbFile:41 - Overriding database path with different value: /Users/jeffsnyder/.stmcufinder/plugins/mcufinder/ => /Users/jeffsnyder/.stmcufinder/plugins/mcufinder
2023-10-04 19:12:47,896 [INFO] DbMcusAds:125 - Set database path to: /Users/jeffsnyder/.stmcufinder/plugins/mcufinder//mcu/
2023-10-04 19:12:47,896 [WARN] DbFile:41 - Overriding database path with different value: /Users/jeffsnyder/.stmcufinder/plugins/mcufinder/ => /Users/jeffsnyder/.stmcufinder/plugins/mcufinder
2023-10-04 19:12:47,896 [WARN] DbFile:41 - Overriding database path with different value: /Users/jeffsnyder/.stmcufinder/plugins/mcufinder/ => /Users/jeffsnyder/.stmcufinder/plugins/mcufinder
2023-10-04 19:12:47,896 [INFO] CrossReferenceDbSqlite:203 - Set database path to: /Users/jeffsnyder/.stmcufinder/plugins/mcufinder//mcu/cs/
2023-10-04 19:12:47,913 [INFO] ApplicationProperties:184 - Using Application install path: /Applications/STM32CubeIDE.app/Contents/Eclipse/plugins/com.st.stm32cube.common.mx_6.9.1.202307191849
2023-10-04 19:12:47,915 [INFO] PluginManage:196 - Search for loadable plugins [exclusion list=, ]
2023-10-04 19:12:47,916 [INFO] PluginManage:310 - Check plugin analytics
2023-10-04 19:12:48,080 [INFO] AnalyticsPlugin:253 - Accepted Software Licenses: STM32CubeMX.6.8.1
2023-10-04 19:12:48,081 [INFO] AnalyticsPlugin:255 - Accepted CMSIS Pack Licenses: 
2023-10-04 19:12:48,081 [INFO] AnalyticsPlugin:257 - Accepted Firmware Licenses: FW.H7.1.11.0
2023-10-04 19:12:48,084 [INFO] PluginManage:359 - Loaded plugin analytics (category:tool,tabindex:-1)
2023-10-04 19:12:48,084 [INFO] PluginManage:310 - Check plugin cadmodel
2023-10-04 19:12:48,865 [INFO] CADModel:105 - Init CAD model plugin
2023-10-04 19:12:48,865 [INFO] PluginManage:359 - Loaded plugin cadmodel (category:power,tabindex:5)
2023-10-04 19:12:48,865 [INFO] PluginManage:310 - Check plugin clock
2023-10-04 19:12:48,875 [INFO] PluginManage:359 - Loaded plugin clock (category:base,tabindex:2)
2023-10-04 19:12:48,876 [INFO] PluginManage:310 - Check plugin ddr
2023-10-04 19:12:48,879 [INFO] PluginManage:359 - Loaded plugin ddr (category:tool,tabindex:6)
2023-10-04 19:12:48,879 [INFO] PluginManage:310 - Check plugin filemanager
2023-10-04 19:12:49,009 [INFO] PluginManage:359 - Loaded plugin filemanager (category:base,tabindex:10)
2023-10-04 19:12:49,009 [INFO] PluginManage:310 - Check plugin ipmanager
2023-10-04 19:12:49,016 [INFO] PluginManage:359 - Loaded plugin ipmanager (category:base,tabindex:5)
2023-10-04 19:12:49,016 [INFO] PluginManage:310 - Check plugin lpbam
2023-10-04 19:12:49,031 [INFO] PluginManage:359 - Loaded plugin lpbam (category:base,tabindex:0)
2023-10-04 19:12:49,031 [INFO] PluginManage:310 - Check plugin memorymap
2023-10-04 19:12:49,051 [INFO] PluginManage:359 - Loaded plugin memorymap (category:base,tabindex:4)
2023-10-04 19:12:49,051 [INFO] PluginManage:310 - Check plugin pinoutandconfiguration
2023-10-04 19:12:49,058 [INFO] PluginManage:359 - Loaded plugin pinoutandconfiguration (category:base,tabindex:1)
2023-10-04 19:12:49,059 [INFO] PluginManage:310 - Check plugin pinoutconfig
2023-10-04 19:12:49,154 [WARN] SupportedApi:132 - Cannot load RTOS API schema: s4s-elt-must-match.1: The content of 'definitions' must match (annotation?, (simpleType | complexType)?, (unique | key | keyref)*)). A problem was found starting at: attribute.
2023-10-04 19:12:49,295 [INFO] PluginManage:359 - Loaded plugin pinoutconfig (category:base,tabindex:0)
2023-10-04 19:12:49,295 [INFO] PluginManage:310 - Check plugin power
2023-10-04 19:12:49,306 [INFO] PluginManage:359 - Loaded plugin power (category:power,tabindex:4)
2023-10-04 19:12:49,306 [INFO] PluginManage:310 - Check plugin projectmanager
2023-10-04 19:12:49,321 [INFO] PluginManage:359 - Loaded plugin projectmanager (category:projectmanager,tabindex:3)
2023-10-04 19:12:49,321 [INFO] PluginManage:310 - Check plugin thirdparty
2023-10-04 19:12:49,454 [INFO] PluginManage:359 - Loaded plugin thirdparty (category:base,tabindex:-1)
2023-10-04 19:12:49,454 [WARN] IntegrityCheckThread:84 - waiting for thirdparty lock release [integrity check]
2023-10-04 19:12:49,455 [INFO] IntegrityCheckThread:86 - entering critical section [integrity check]
2023-10-04 19:12:49,455 [INFO] PluginManage:310 - Check plugin tools
2023-10-04 19:12:49,455 [INFO] ThirdPartyUpdaterWithRetryManager:70 - Updater plugin not ready yet. [1/15]
2023-10-04 19:12:49,457 [INFO] PluginManage:359 - Loaded plugin tools (category:base,tabindex:7)
2023-10-04 19:12:49,457 [INFO] PluginManage:310 - Check plugin tutovideos
2023-10-04 19:12:49,690 [INFO] PluginManage:359 - Loaded plugin tutovideos (category:base,tabindex:-1)
2023-10-04 19:12:49,690 [INFO] PluginManage:310 - Check plugin updater
2023-10-04 19:12:49,701 [INFO] PluginManage:359 - Loaded plugin updater (category:base,tabindex:12)
2023-10-04 19:12:49,701 [INFO] PluginManage:310 - Check plugin userauth
2023-10-04 19:12:49,706 [INFO] UserAuth:113 - Init User Auth plugin
2023-10-04 19:12:49,706 [INFO] PluginManage:359 - Loaded plugin userauth (category:base,tabindex:14)
2023-10-04 19:12:49,707 [INFO] PluginManage:283 - PluginManage : Loaded plugins [17]
2023-10-04 19:12:49,894 [INFO] PinOutPanel:1499 - setPackage(No Configuration,No Configuration)
2023-10-04 19:12:49,988 [INFO] CADModel:165 - CPN selected for project level
2023-10-04 19:12:49,989 [INFO] CADModel:114 - Register for checkConnection events
2023-10-04 19:12:50,002 [INFO] IPUIPlugin:80 - create IPUIPlugin
2023-10-04 19:12:50,002 [INFO] PluginManager:220 - loadIPPluginJar : add mdma
2023-10-04 19:12:50,009 [INFO] IPUIPlugin:80 - create IPUIPlugin
2023-10-04 19:12:50,009 [INFO] PluginManager:220 - loadIPPluginJar : add freertos
2023-10-04 19:12:50,015 [INFO] IPUIPlugin:80 - create IPUIPlugin
2023-10-04 19:12:50,015 [INFO] PluginManager:220 - loadIPPluginJar : add gic
2023-10-04 19:12:50,024 [INFO] IPUIPlugin:80 - create IPUIPlugin
2023-10-04 19:12:50,025 [INFO] PluginManager:220 - loadIPPluginJar : add adc
2023-10-04 19:12:50,028 [INFO] IPUIPlugin:80 - create IPUIPlugin
2023-10-04 19:12:50,028 [INFO] PluginManager:220 - loadIPPluginJar : add gtzc
2023-10-04 19:12:50,030 [INFO] IPUIPlugin:80 - create IPUIPlugin
2023-10-04 19:12:50,030 [INFO] PluginManager:220 - loadIPPluginJar : add quadspi
2023-10-04 19:12:50,033 [INFO] IPUIPlugin:80 - create IPUIPlugin
2023-10-04 19:12:50,033 [INFO] PluginManager:220 - loadIPPluginJar : add aes
2023-10-04 19:12:50,037 [INFO] IPUIPlugin:80 - create IPUIPlugin
2023-10-04 19:12:50,037 [INFO] PluginManager:220 - loadIPPluginJar : add pdm2pcm
2023-10-04 19:12:50,040 [INFO] IPUIPlugin:80 - create IPUIPlugin
2023-10-04 19:12:50,040 [INFO] PluginManager:220 - loadIPPluginJar : add hash
2023-10-04 19:12:50,041 [INFO] IPUIPlugin:80 - create IPUIPlugin
2023-10-04 19:12:50,042 [INFO] PluginManager:220 - loadIPPluginJar : add tim
2023-10-04 19:12:50,043 [INFO] IPUIPlugin:80 - create IPUIPlugin
2023-10-04 19:12:50,043 [INFO] PluginManager:220 - loadIPPluginJar : add tsc
2023-10-04 19:12:50,046 [INFO] IPUIPlugin:80 - create IPUIPlugin
2023-10-04 19:12:50,046 [INFO] PluginManager:220 - loadIPPluginJar : add ts
2023-10-04 19:12:50,048 [INFO] IPUIPlugin:80 - create IPUIPlugin
2023-10-04 19:12:50,048 [INFO] PluginManager:220 - loadIPPluginJar : add can
2023-10-04 19:12:50,050 [INFO] IPUIPlugin:80 - create IPUIPlugin
2023-10-04 19:12:50,050 [INFO] PluginManager:220 - loadIPPluginJar : add dma3
2023-10-04 19:12:50,052 [INFO] IPUIPlugin:80 - create IPUIPlugin
2023-10-04 19:12:50,052 [INFO] PluginManager:220 - loadIPPluginJar : add dfsdm
2023-10-04 19:12:50,055 [INFO] IPUIPlugin:80 - create IPUIPlugin
2023-10-04 19:12:50,056 [INFO] PluginManager:220 - loadIPPluginJar : add spi
2023-10-04 19:12:50,058 [INFO] IPUIPlugin:80 - create IPUIPlugin
2023-10-04 19:12:50,059 [INFO] PluginManager:220 - loadIPPluginJar : add gfxmmu
2023-10-04 19:12:50,060 [INFO] IPUIPlugin:80 - create IPUIPlugin
2023-10-04 19:12:50,060 [INFO] PluginManager:220 - loadIPPluginJar : add genericplugin
2023-10-04 19:12:50,063 [INFO] IPUIPlugin:80 - create IPUIPlugin
2023-10-04 19:12:50,063 [INFO] PluginManager:220 - loadIPPluginJar : add cryp
2023-10-04 19:12:50,069 [INFO] IPUIPlugin:80 - create IPUIPlugin
2023-10-04 19:12:50,070 [INFO] PluginManager:220 - loadIPPluginJar : add gpio
2023-10-04 19:12:50,071 [INFO] IPUIPlugin:80 - create IPUIPlugin
2023-10-04 19:12:50,072 [INFO] PluginManager:220 - loadIPPluginJar : add comp
2023-10-04 19:12:50,073 [INFO] IPUIPlugin:80 - create IPUIPlugin
2023-10-04 19:12:50,074 [INFO] PluginManager:220 - loadIPPluginJar : add tracer_emb
2023-10-04 19:12:50,077 [INFO] IPUIPlugin:80 - create IPUIPlugin
2023-10-04 19:12:50,078 [INFO] PluginManager:220 - loadIPPluginJar : add openamp
2023-10-04 19:12:50,083 [INFO] IPUIPlugin:80 - create IPUIPlugin
2023-10-04 19:12:50,083 [INFO] PluginManager:220 - loadIPPluginJar : add stm32_wpan
2023-10-04 19:12:50,092 [INFO] IPUIPlugin:80 - create IPUIPlugin
2023-10-04 19:12:50,095 [INFO] PluginManager:220 - loadIPPluginJar : add plateformsettings
2023-10-04 19:12:50,100 [INFO] IPUIPlugin:80 - create IPUIPlugin
2023-10-04 19:12:50,101 [INFO] PluginManager:220 - loadIPPluginJar : add ipddr
2023-10-04 19:12:50,104 [INFO] IPUIPlugin:80 - create IPUIPlugin
2023-10-04 19:12:50,104 [INFO] PluginManager:220 - loadIPPluginJar : add usart
2023-10-04 19:12:50,106 [INFO] IPUIPlugin:80 - create IPUIPlugin
2023-10-04 19:12:50,106 [INFO] PluginManager:220 - loadIPPluginJar : add ltdc
2023-10-04 19:12:50,111 [INFO] IPUIPlugin:80 - create IPUIPlugin
2023-10-04 19:12:50,111 [INFO] PluginManager:220 - loadIPPluginJar : add nvic
2023-10-04 19:12:50,112 [INFO] IPUIPlugin:80 - create IPUIPlugin
2023-10-04 19:12:50,112 [INFO] PluginManager:220 - loadIPPluginJar : add fatfs
2023-10-04 19:12:50,119 [INFO] IPUIPlugin:80 - create IPUIPlugin
2023-10-04 19:12:50,119 [INFO] PluginManager:220 - loadIPPluginJar : add linkedlist
2023-10-04 19:12:50,125 [INFO] IPUIPlugin:80 - create IPUIPlugin
2023-10-04 19:12:50,125 [INFO] PluginManager:220 - loadIPPluginJar : add dma
2023-10-04 19:12:50,129 [INFO] IPUIPlugin:80 - create IPUIPlugin
2023-10-04 19:12:50,129 [INFO] PluginManager:220 - loadIPPluginJar : add fmc
2023-10-04 19:12:50,132 [INFO] IPUIPlugin:80 - create IPUIPlugin
2023-10-04 19:12:50,132 [INFO] PluginManager:220 - loadIPPluginJar : add i2s
2023-10-04 19:12:50,134 [INFO] IPUIPlugin:80 - create IPUIPlugin
2023-10-04 19:12:50,134 [INFO] PluginManager:220 - loadIPPluginJar : add ucpd
2023-10-04 19:12:50,137 [INFO] IPUIPlugin:80 - create IPUIPlugin
2023-10-04 19:12:50,137 [INFO] PluginManager:220 - loadIPPluginJar : add lorawan
2023-10-04 19:12:50,140 [INFO] IPUIPlugin:80 - create IPUIPlugin
2023-10-04 19:12:50,140 [INFO] PluginManager:220 - loadIPPluginJar : add opamp
2023-10-04 19:12:50,144 [INFO] IPUIPlugin:80 - create IPUIPlugin
2023-10-04 19:12:50,144 [INFO] PluginManager:220 - loadIPPluginJar : add i3c
2023-10-04 19:12:50,148 [INFO] IPUIPlugin:80 - create IPUIPlugin
2023-10-04 19:12:50,148 [INFO] PluginManager:220 - loadIPPluginJar : add touchsensing
2023-10-04 19:12:50,150 [INFO] IPUIPlugin:80 - create IPUIPlugin
2023-10-04 19:12:50,150 [INFO] PluginManager:220 - loadIPPluginJar : add i2c
2023-10-04 19:12:50,154 [INFO] IPUIPlugin:80 - create IPUIPlugin
2023-10-04 19:12:50,154 [INFO] PluginManager:220 - loadIPPluginJar : add resmgrutility
2023-10-04 19:12:50,157 [INFO] IPUIPlugin:80 - create IPUIPlugin
2023-10-04 19:12:50,157 [INFO] PluginManager:220 - loadIPPluginJar : add sai
2023-10-04 19:12:50,159 [INFO] IPUIPlugin:80 - create IPUIPlugin
2023-10-04 19:12:50,159 [INFO] PluginManager:220 - loadIPPluginJar : add usbx
2023-10-04 19:12:50,261 [INFO] CADModel:165 - CPN selected for project level
2023-10-04 19:12:50,261 [INFO] CADModel:114 - Register for checkConnection events
2023-10-04 19:12:50,261 [FATAL] Updater:308 - Updater called before beeing initialized
2023-10-04 19:12:50,261 [ERROR] CADModel:125 - Updater not yet initialized, retry later 
2023-10-04 19:12:50,440 [INFO] CADModel:165 - CPN selected for project level
2023-10-04 19:12:50,440 [INFO] CADModel:114 - Register for checkConnection events
2023-10-04 19:12:50,440 [FATAL] Updater:308 - Updater called before beeing initialized
2023-10-04 19:12:50,440 [ERROR] CADModel:125 - Updater not yet initialized, retry later 
2023-10-04 19:12:50,444 [FATAL] Updater:308 - Updater called before beeing initialized
2023-10-04 19:12:50,520 [FATAL] Updater:308 - Updater called before beeing initialized
2023-10-04 19:12:50,526 [INFO] DbMcusAds:53 - JSON generation date=Thu Sep 30 02:55:09 EDT 2021 (1632984909247)
2023-10-04 19:12:50,526 [FATAL] Updater:308 - Updater called before beeing initialized
2023-10-04 19:12:50,671 [WARN] DetailPanel:346 - Failed to get advertising image, set to default
2023-10-04 19:12:50,775 [FATAL] Updater:308 - Updater called before beeing initialized
2023-10-04 19:12:50,778 [FATAL] Updater:308 - Updater called before beeing initialized
2023-10-04 19:12:50,778 [FATAL] Updater:308 - Updater called before beeing initialized
2023-10-04 19:12:50,778 [WARN] DetailPanel:346 - Failed to get advertising image, set to default
2023-10-04 19:12:50,779 [FATAL] Updater:308 - Updater called before beeing initialized
2023-10-04 19:12:50,813 [ERROR] Updater:1120 - MainUpdater not yet initialized. External WinMGr cannot be set.
2023-10-04 19:12:50,837 [INFO] Updater:1056 - Updater Version found : 6.9.1
2023-10-04 19:12:50,862 [INFO] ApplicationProperties:184 - Using Application install path: /Applications/STM32CubeIDE.app/Contents/Eclipse/plugins/com.st.stm32cube.common.mx_6.9.1.202307191849
2023-10-04 19:12:51,036 [INFO] MainUpdater:2868 - connection check result : 10
2023-10-04 19:12:51,036 [INFO] MainUpdater:3562 - Updater definition file requires update
2023-10-04 19:12:51,037 [INFO] MainUpdater:285 - Updater Check For Update Now.
2023-10-04 19:12:51,037 [INFO] MicroXplorer:498 - Change Database Version : DB.6.0.91
2023-10-04 19:12:51,042 [INFO] McuFinderGlobals:63 - Set McuFinder mode to 2 (CubeIDE integrated)
2023-10-04 19:12:51,042 [INFO] UserAuth:179 - activating auth plugin
2023-10-04 19:12:51,044 [INFO] UserAuth:393 - Internet connection configuration mode: 1
2023-10-04 19:12:51,060 [INFO] JxBrowserEngine:151 - Initiate JxBrowser Engine with user profile folder
2023-10-04 19:12:51,070 [INFO] ServerAccessManage:473 - Download File updaters.zip
2023-10-04 19:12:51,123 [INFO] FileExtend:240 - Unzip File : updaters.zip
2023-10-04 19:12:51,123 [INFO] FileExtend:255 - Standard Zip Deflate
2023-10-04 19:12:51,344 [INFO] ServerAccessManage:473 - Download File PacksControlFlags.xml
2023-10-04 19:12:51,628 [INFO] ServerAccessManage:473 - Download File cubemx.pidx
2023-10-04 19:12:52,388 [INFO] ServerAccessManage:473 - Download File STMicroelectronics.X-CUBE-TOUCHGFX.pdsc
2023-10-04 19:12:52,458 [WARN] MainUpdater:1189 - Updater busy. Cannot search thirdparties
2023-10-04 19:12:52,458 [INFO] ThirdPartyUpdaterWithRetryManager:96 - Updater plugin is busy. [1/15]
2023-10-04 19:12:52,866 [INFO] WebApp:157 - Instantiating new browser for Auth
2023-10-04 19:12:53,858 [INFO] WebApp:753 - Register for checkConnection events
2023-10-04 19:12:53,858 [INFO] WebApp:390 - Apply proxy settings
2023-10-04 19:12:53,860 [INFO] WebApp:455 - Chromium authenticates against System proxy
2023-10-04 19:12:54,170 [INFO] WebApp:188 - Starting web application
2023-10-04 19:12:54,170 [INFO] WebApp:520 - Web application path used /Applications/STM32CubeIDE.app/Contents/Eclipse/plugins/com.st.stm32cube.common.mx_6.9.1.202307191849/db/plugins/mcufinder/reactClient1/index.html
2023-10-04 19:12:54,281 [INFO] ServerAccessManage:473 - Download File ITTIA_DB.I-CUBE-ITTIADB.pdsc
2023-10-04 19:12:55,440 [WARN] PackLoader:240 - Cannot read IP mode file for STMicroelectronics.X-CUBE-TOUCHGFX.4.22.1
2023-10-04 19:12:55,451 [WARN] PackLoader:240 - Cannot read IP mode file for ITTIA_DB.I-CUBE-ITTIADB.8.8.0
2023-10-04 19:12:55,452 [INFO] PopulateThirdPartyThread:66 - Ending populate Thread
2023-10-04 19:12:55,454 [INFO] ThirdParty:1030 - CMSIS Pack Vendor :STMicroelectronics X-CUBE-TOUCHGFX 4.22.1
2023-10-04 19:12:55,454 [INFO] ThirdParty:1030 - CMSIS Pack Vendor :ITTIA_DB I-CUBE-ITTIADB 8.8.0
2023-10-04 19:12:55,454 [INFO] LoadServerUpdatesThread:373 - End of LoadServerUpdate Thread
2023-10-04 19:12:55,462 [WARN] MainUpdater:1189 - Updater busy. Cannot search thirdparties
2023-10-04 19:12:55,462 [INFO] ThirdPartyUpdaterWithRetryManager:96 - Updater plugin is busy. [2/15]
2023-10-04 19:12:55,565 [INFO] CheckServerUpdateThread:120 - End of CheckServer Thread
2023-10-04 19:12:58,575 [WARN] PackLoader:240 - Cannot read IP mode file for STMicroelectronics.X-CUBE-SMBUS.2.1.0
2023-10-04 19:12:58,625 [WARN] PackLoader:240 - Cannot read IP mode file for STMicroelectronics.X-CUBE-MEMS1.9.2.0
2023-10-04 19:12:58,798 [WARN] PackLoader:240 - Cannot read IP mode file for STMicroelectronics.X-CUBE-AZRTOS-F7.1.1.0
2023-10-04 19:12:58,805 [ERROR] RealEvaluatedCondition:428 - Found unsupported composite condition: CLASS='Data Exchange' GROUP='STM32_MetaDataManager'
2023-10-04 19:12:58,806 [ERROR] RealEvaluatedCondition:428 - Found unsupported composite condition: GROUP='STM32_MetaDataManager' CLASS='Data Exchange'
2023-10-04 19:12:58,807 [WARN] PackLoader:240 - Cannot read IP mode file for STMicroelectronics.FP-SNS-MOTENV1.4.3.0
2023-10-04 19:12:58,812 [WARN] PackLoader:240 - Cannot read IP mode file for STMicroelectronics.FP-SNS-MOTENV1.4.3.2
2023-10-04 19:12:58,816 [WARN] PackLoader:240 - Cannot read IP mode file for STMicroelectronics.FP-SNS-FLIGHT1.5.0.0
2023-10-04 19:12:58,819 [ERROR] RealEvaluatedCondition:428 - Found unsupported composite condition: GROUP='STM32_MetaDataManager' CLASS='Data Exchange'
2023-10-04 19:12:58,820 [ERROR] RealEvaluatedCondition:428 - Found unsupported composite condition: GROUP='STM32_MetaDataManager' CLASS='Data Exchange'
2023-10-04 19:12:58,821 [WARN] PackLoader:240 - Cannot read IP mode file for STMicroelectronics.FP-SNS-MOTENV1.4.3.1
2023-10-04 19:12:58,825 [WARN] PackLoader:240 - Cannot read IP mode file for STMicroelectronics.FP-SNS-FLIGHT1.5.0.1
2023-10-04 19:12:58,830 [WARN] PackLoader:240 - Cannot read IP mode file for STMicroelectronics.X-CUBE-BLE1.6.2.3
2023-10-04 19:12:58,835 [WARN] PackLoader:240 - Cannot read IP mode file for STMicroelectronics.X-CUBE-BLE1.6.2.4
2023-10-04 19:12:58,838 [WARN] PackLoader:240 - Cannot read IP mode file for STMicroelectronics.FP-SNS-FLIGHT1.5.0.2
2023-10-04 19:12:58,847 [WARN] PackLoader:240 - Cannot read IP mode file for STMicroelectronics.X-CUBE-TOF1.3.1.0
2023-10-04 19:12:58,858 [WARN] PackLoader:240 - Cannot read IP mode file for STMicroelectronics.X-CUBE-DISPLAY.3.0.0
2023-10-04 19:12:58,866 [WARN] PackLoader:240 - Cannot read IP mode file for STMicroelectronics.X-CUBE-BLE1.7.0.0
2023-10-04 19:12:58,871 [WARN] PackLoader:240 - Cannot read IP mode file for STMicroelectronics.X-CUBE-TOUCHGFX.4.22.0
2023-10-04 19:12:58,873 [WARN] PackLoader:240 - Cannot read IP mode file for STMicroelectronics.X-CUBE-TOUCHGFX.4.22.1
2023-10-04 19:12:58,910 [WARN] PackLoader:240 - Cannot read IP mode file for STMicroelectronics.X-CUBE-MEMS1.9.3.0
2023-10-04 19:12:59,027 [WARN] PackLoader:240 - Cannot read IP mode file for STMicroelectronics.X-CUBE-AI.7.2.0
2023-10-04 19:12:59,031 [WARN] PackLoader:240 - Cannot read IP mode file for STMicroelectronics.FP-SNS-SMARTAG2.1.2.0
2023-10-04 19:12:59,039 [INFO] LogOutputStream:77 - [STDOUT_REDIRECT] 1 : Invalid condition id : UX_CORESTACK_Condition cause : null
2023-10-04 19:12:59,040 [INFO] LogOutputStream:77 - [STDOUT_REDIRECT] 1 : Invalid condition id : UX_CORESTACK_Condition cause : null
2023-10-04 19:12:59,040 [INFO] LogOutputStream:77 - [STDOUT_REDIRECT] 1 : Invalid condition id : UX_CORESTACK_Condition cause : null
2023-10-04 19:12:59,041 [INFO] LogOutputStream:77 - [STDOUT_REDIRECT] 1 : Invalid condition id : UX_CORESTACK_Condition cause : null
2023-10-04 19:12:59,042 [INFO] LogOutputStream:77 - [STDOUT_REDIRECT] 1 : Invalid condition id : UX_CORESTACK_Condition cause : null
2023-10-04 19:12:59,045 [WARN] PackLoader:240 - Cannot read IP mode file for STMicroelectronics.X-CUBE-AZRTOS-WL.2.0.0
2023-10-04 19:12:59,051 [WARN] PackLoader:240 - Cannot read IP mode file for WES.I-CUBE-Cesium.1.3.0
2023-10-04 19:12:59,054 [WARN] PackLoader:240 - Cannot read IP mode file for STMicroelectronics.X-CUBE-BLE2.3.3.0
2023-10-04 19:12:59,059 [WARN] PackLoader:240 - Cannot read IP mode file for STMicroelectronics.X-CUBE-DISPLAY.2.2.0
2023-10-04 19:12:59,070 [WARN] PackLoader:240 - Cannot read IP mode file for STMicroelectronics.X-CUBE-TOF1.3.2.0
2023-10-04 19:12:59,077 [WARN] PackLoader:240 - Cannot read IP mode file for STMicroelectronics.X-CUBE-ISPU.1.0.0
2023-10-04 19:12:59,095 [WARN] PackLoader:240 - Cannot read IP mode file for STMicroelectronics.X-CUBE-AZRTOS-H7.2.1.0
2023-10-04 19:12:59,101 [WARN] PackLoader:240 - Cannot read IP mode file for STMicroelectronics.X-CUBE-TOUCHGFX.4.21.1
2023-10-04 19:12:59,103 [WARN] PackLoader:240 - Cannot read IP mode file for STMicroelectronics.X-CUBE-TOUCHGFX.4.21.0
2023-10-04 19:12:59,106 [WARN] PackLoader:240 - Cannot read IP mode file for STMicroelectronics.X-CUBE-TOUCHGFX.4.21.3
2023-10-04 19:12:59,108 [WARN] PackLoader:240 - Cannot read IP mode file for STMicroelectronics.X-CUBE-TOUCHGFX.4.21.4
2023-10-04 19:12:59,139 [WARN] PackLoader:240 - Cannot read IP mode file for STMicroelectronics.X-CUBE-MEMS1.9.4.0
2023-10-04 19:12:59,256 [WARN] PackLoader:240 - Cannot read IP mode file for STMicroelectronics.X-CUBE-AI.7.3.0
2023-10-04 19:12:59,260 [WARN] PackLoader:240 - Cannot read IP mode file for STMicroelectronics.X-CUBE-ALGOBUILD.1.3.0
2023-10-04 19:12:59,280 [WARN] PackLoader:240 - Cannot read IP mode file for STMicroelectronics.X-CUBE-AZRTOS-G0.1.1.0
2023-10-04 19:12:59,286 [WARN] PackLoader:240 - Cannot read IP mode file for STMicroelectronics.X-CUBE-NFC4.3.0.0
2023-10-04 19:12:59,319 [WARN] PackLoader:240 - Cannot read IP mode file for SEGGER.I-CUBE-embOS.1.2.0
2023-10-04 19:12:59,358 [WARN] PackLoader:240 - Cannot read IP mode file for STMicroelectronics.X-CUBE-BLEMGR.1.3.0
2023-10-04 19:12:59,364 [WARN] PackLoader:240 - Cannot read IP mode file for STMicroelectronics.FP-ATR-SIGFOX1.3.2.0
2023-10-04 19:12:59,370 [WARN] PackLoader:240 - Cannot read IP mode file for emotas.I-CUBE-CANOPEN.1.1.2
2023-10-04 19:12:59,372 [WARN] PackLoader:240 - Cannot read IP mode file for STMicroelectronics.X-CUBE-TOUCHGFX.4.20.0
2023-10-04 19:12:59,403 [WARN] PackLoader:240 - Cannot read IP mode file for STMicroelectronics.X-CUBE-MEMS1.9.5.0
2023-10-04 19:12:59,568 [WARN] PackLoader:240 - Cannot read IP mode file for SEGGER.I-CUBE-embOS.1.3.1
2023-10-04 19:12:59,606 [WARN] PackLoader:240 - Cannot read IP mode file for STMicroelectronics.X-CUBE-GNSS1.6.0.0
2023-10-04 19:12:59,619 [WARN] PackLoader:240 - Cannot read IP mode file for STMicroelectronics.X-CUBE-AZRTOS-F4.1.1.0
2023-10-04 19:12:59,626 [WARN] PackLoader:240 - Cannot read IP mode file for STMicroelectronics.X-CUBE-BLEMGR.1.2.0
2023-10-04 19:12:59,642 [WARN] PackLoader:240 - Cannot read IP mode file for STMicroelectronics.X-CUBE-AZRTOS-L5.2.0.0
2023-10-04 19:12:59,675 [WARN] PackLoader:240 - Cannot read IP mode file for STMicroelectronics.X-CUBE-MEMS1.9.6.0
2023-10-04 19:12:59,808 [WARN] PackLoader:240 - Cannot read IP mode file for ITTIA_DB.I-CUBE-ITTIADB.8.8.0
2023-10-04 19:12:59,822 [WARN] PackLoader:240 - Cannot read IP mode file for STMicroelectronics.X-CUBE-BLEMGR.2.0.0
2023-10-04 19:12:59,828 [WARN] PackLoader:240 - Cannot read IP mode file for STMicroelectronics.X-CUBE-NFC4.2.0.5
2023-10-04 19:12:59,832 [WARN] PackLoader:240 - Cannot read IP mode file for STMicroelectronics.X-CUBE-NFC4.2.0.4
2023-10-04 19:12:59,845 [WARN] ConditionMgr:438 - getConditionDescription Invalid condition id : UX DEVICE CLASS RTOS Condition cause : null
2023-10-04 19:12:59,845 [WARN] ConditionMgr:438 - getConditionDescription Invalid condition id : UX DEVICE CLASS RTOS Condition cause : null
2023-10-04 19:12:59,850 [WARN] PackLoader:240 - Cannot read IP mode file for STMicroelectronics.X-CUBE-AZRTOS-H7.3.1.0
2023-10-04 19:12:59,851 [WARN] ConditionMgr:1039 - genDependencies : Invalid condition id : UX DEVICE CLASS RTOS Condition cause : null
2023-10-04 19:12:59,851 [WARN] ConditionMgr:1039 - genDependencies : Invalid condition id : UX DEVICE CLASS RTOS Condition cause : null
2023-10-04 19:12:59,853 [WARN] ConditionMgr:1039 - genDependencies : Invalid condition id : UX DEVICE CLASS RTOS Condition cause : null
2023-10-04 19:12:59,853 [WARN] ConditionMgr:1039 - genDependencies : Invalid condition id : UX DEVICE CLASS RTOS Condition cause : null
2023-10-04 19:12:59,854 [WARN] ConditionMgr:1039 - genDependencies : Invalid condition id : UX DEVICE CLASS RTOS Condition cause : null
2023-10-04 19:12:59,867 [WARN] PackLoader:240 - Cannot read IP mode file for STMicroelectronics.X-CUBE-AZRTOS-F4.1.0.0
2023-10-04 19:12:59,873 [WARN] PackLoader:240 - Cannot read IP mode file for STMicroelectronics.X-CUBE-NFC7.1.0.1
2023-10-04 19:12:59,877 [WARN] PackLoader:240 - Cannot read IP mode file for STMicroelectronics.X-CUBE-NFC7.1.0.0
2023-10-04 19:12:59,883 [WARN] PackLoader:240 - Cannot read IP mode file for STMicroelectronics.X-CUBE-NFC6.3.0.0
2023-10-04 19:12:59,888 [WARN] PackLoader:240 - Cannot read IP mode file for STMicroelectronics.X-CUBE-EEPRMA1.4.1.0
2023-10-04 19:12:59,891 [WARN] PackLoader:240 - Cannot read IP mode file for STMicroelectronics.X-CUBE-AI.8.1.0
2023-10-04 19:12:59,905 [WARN] ConditionMgr:438 - getConditionDescription Invalid condition id : LAN8742 Phy interface Condition cause : null
2023-10-04 19:12:59,906 [WARN] PackLoader:240 - Cannot read IP mode file for STMicroelectronics.X-CUBE-AZRTOS-L4.2.0.0
2023-10-04 19:12:59,906 [WARN] ConditionMgr:1039 - genDependencies : Invalid condition id : LAN8742 Phy interface Condition cause : null
2023-10-04 19:12:59,907 [WARN] ConditionMgr:1039 - genDependencies : Invalid condition id : LAN8742 Phy interface Condition cause : null
2023-10-04 19:12:59,907 [WARN] ConditionMgr:1039 - genDependencies : Invalid condition id : LAN8742 Phy interface Condition cause : null
2023-10-04 19:12:59,914 [WARN] PackLoader:240 - Cannot read IP mode file for STMicroelectronics.X-CUBE-SFXS2LP1.4.0.0
2023-10-04 19:12:59,934 [WARN] PackLoader:240 - Cannot read IP mode file for STMicroelectronics.X-CUBE-AZRTOS-H7.3.0.0
2023-10-04 19:12:59,939 [WARN] PackLoader:240 - Cannot read IP mode file for STMicroelectronics.X-CUBE-ISPU.1.1.0
2023-10-04 19:12:59,943 [WARN] PackLoader:240 - Cannot read IP mode file for RoweBots.I-CUBE-UNISONRTOS.5.5.0-4
2023-10-04 19:12:59,948 [WARN] PackLoader:240 - Cannot read IP mode file for STMicroelectronics.X-CUBE-AI.8.0.0
2023-10-04 19:12:59,962 [WARN] ConditionMgr:438 - getConditionDescription Invalid condition id : UX DEVICE CLASS RTOS Condition cause : null
2023-10-04 19:12:59,962 [WARN] ConditionMgr:438 - getConditionDescription Invalid condition id : UX DEVICE CLASS RTOS Condition cause : null
2023-10-04 19:12:59,964 [WARN] PackLoader:240 - Cannot read IP mode file for STMicroelectronics.X-CUBE-AZRTOS-WB.2.0.0
2023-10-04 19:12:59,965 [WARN] ConditionMgr:1039 - genDependencies : Invalid condition id : UX DEVICE CLASS RTOS Condition cause : null
2023-10-04 19:12:59,966 [WARN] ConditionMgr:1039 - genDependencies : Invalid condition id : UX DEVICE CLASS RTOS Condition cause : null
2023-10-04 19:12:59,966 [WARN] ConditionMgr:1039 - genDependencies : Invalid condition id : UX DEVICE CLASS RTOS Condition cause : null
2023-10-04 19:12:59,967 [WARN] ConditionMgr:1039 - genDependencies : Invalid condition id : UX DEVICE CLASS RTOS Condition cause : null
2023-10-04 19:12:59,967 [WARN] ConditionMgr:1039 - genDependencies : Invalid condition id : UX DEVICE CLASS RTOS Condition cause : null
2023-10-04 19:12:59,971 [WARN] PackLoader:240 - Cannot read IP mode file for STMicroelectronics.X-CUBE-FREERTOS.1.0.0
2023-10-04 19:12:59,975 [WARN] PackLoader:240 - Cannot read IP mode file for STMicroelectronics.X-CUBE-FREERTOS.1.0.1
2023-10-04 19:12:59,980 [WARN] PackLoader:240 - Cannot read IP mode file for STMicroelectronics.X-CUBE-BLEMGR.1.0.0
2023-10-04 19:12:59,993 [WARN] PackLoader:240 - Cannot read IP mode file for STMicroelectronics.X-CUBE-AZRTOS-L5.1.1.0
2023-10-04 19:12:59,997 [WARN] PackLoader:240 - Cannot read IP mode file for STMicroelectronics.X-CUBE-AI.8.0.1
2023-10-04 19:13:00,005 [WARN] PackLoader:240 - Cannot read IP mode file for STMicroelectronics.X-CUBE-SUBG2.5.0.0
2023-10-04 19:13:00,017 [WARN] PackLoader:240 - Cannot read IP mode file for STMicroelectronics.X-CUBE-TOF1.3.3.1
2023-10-04 19:13:00,036 [WARN] PackLoader:240 - Cannot read IP mode file for STMicroelectronics.X-CUBE-AZRTOS-G4.2.0.0
2023-10-04 19:13:00,046 [WARN] PackLoader:240 - Cannot read IP mode file for STMicroelectronics.X-CUBE-TOF1.3.3.0
2023-10-04 19:13:00,057 [WARN] PackLoader:240 - Cannot read IP mode file for STMicroelectronics.FP-ATR-ASTRA1.1.1.1
2023-10-04 19:13:00,060 [WARN] PackLoader:240 - Cannot read IP mode file for STMicroelectronics.FP-ATR-ASTRA1.1.1.0
2023-10-04 19:13:00,074 [WARN] PackLoader:240 - Cannot read IP mode file for STMicroelectronics.X-CUBE-AZRTOS-G4.1.0.0
2023-10-04 19:13:00,080 [WARN] PackLoader:240 - Cannot read IP mode file for wolfSSL.I-CUBE-wolfSSL.5.3.0
2023-10-04 19:13:00,093 [WARN] PackLoader:240 - Cannot read IP mode file for STMicroelectronics.X-CUBE-AZRTOS-L4.1.0.0
2023-10-04 19:13:00,098 [WARN] PackLoader:240 - Cannot read IP mode file for STMicroelectronics.X-CUBE-FREERTOS.1.1.0
2023-10-04 19:13:00,111 [WARN] PackLoader:240 - Cannot read IP mode file for STMicroelectronics.X-CUBE-AZRTOS-F7.1.0.0
2023-10-04 19:13:00,121 [WARN] PackLoader:240 - Cannot read IP mode file for STMicroelectronics.X-CUBE-AZRTOS-WL.1.0.0
2023-10-04 19:13:00,125 [WARN] PackLoader:240 - Cannot read IP mode file for portGmbH.I-Cube-SoM-uGOAL.1.1.0
2023-10-04 19:13:00,128 [WARN] PackLoader:240 - Cannot read IP mode file for STMicroelectronics.X-CUBE-ALS.1.0.1
2023-10-04 19:13:00,142 [WARN] PackLoader:240 - Cannot read IP mode file for STMicroelectronics.X-CUBE-AZRTOS-WB.1.1.0
2023-10-04 19:13:00,155 [WARN] PackLoader:240 - Cannot read IP mode file for STMicroelectronics.X-CUBE-AZRTOS-L5.1.0.0
2023-10-04 19:13:00,160 [WARN] PackLoader:240 - Cannot read IP mode file for STMicroelectronics.X-CUBE-EEPRMA1.3.1.1
2023-10-04 19:13:00,164 [WARN] PackLoader:240 - Cannot read IP mode file for STMicroelectronics.FP-ATR-ASTRA1.2.0.0
2023-10-04 19:13:00,164 [INFO] ThirdParty:978 - Integrity check success = true
2023-10-04 19:13:00,165 [INFO] IntegrityCheckThread:100 - exiting critical section [integrity check]
2023-10-04 19:13:00,165 [INFO] IntegrityCheckThread:103 - End integrity checks thread
2023-10-04 19:13:14,940 [ERROR] LogOutputStream:75 - [STDERR_REDIRECT] SLF4J: Failed to load class "org.slf4j.impl.StaticLoggerBinder".
2023-10-04 19:13:14,941 [ERROR] LogOutputStream:75 - [STDERR_REDIRECT] SLF4J: Defaulting to no-operation (NOP) logger implementation
2023-10-04 19:13:14,941 [ERROR] LogOutputStream:75 - [STDERR_REDIRECT] SLF4J: See http://www.slf4j.org/codes.html#StaticLoggerBinder for further details.
2023-10-04 23:04:50,571 [ERROR] LogOutputStream:75 - [STDERR_REDIRECT] 
