2024-02-09 15:53:31,713 [INFO] Activator:176 - 


2024-02-09 15:53:31,723 [INFO] Activator:177 - !SESSION log4j initialized
2024-02-09 15:53:39,673 [ERROR] LogOutputStream:75 - [STDERR_REDIRECT] 
2024-02-09 15:53:40,982 [INFO] LogOutputStream:77 - [STDOUT_REDIRECT] 
2024-02-09 15:53:43,282 [INFO] LogOutputStream:77 - [STDOUT_REDIRECT] 
2024-02-09 15:53:45,770 [INFO] ApplicationProperties:184 - Using Application install path: /Applications/STM32CubeIDE.app/Contents/Eclipse/plugins/com.st.stm32cube.common.mx_6.9.1.202307191849
2024-02-09 15:53:45,801 [INFO] DbMcusXml:78 - Set database path to: /Applications/STM32CubeIDE.app/Contents/Eclipse/plugins/com.st.stm32cube.common.mx_6.9.1.202307191849//db//mcu/
2024-02-09 15:53:45,802 [INFO] ApiDb:274 - Set plugin database path to: /Applications/STM32CubeIDE.app/Contents/Eclipse/plugins/com.st.stm32cube.common.mx_6.9.1.202307191849//db//plugins/boardmanager/
2024-02-09 15:53:45,803 [WARN] ApiDb:259 - Overriding images path with different value:  => /Applications/STM32CubeIDE.app/Contents/Eclipse/plugins/com.st.stm32cube.common.mx_6.9.1.202307191849//db//plugins/mcufinder/images/
2024-02-09 15:53:45,818 [INFO] ApiDb:250 - Set database path to: /Users/jeffsnyder/.stmcufinder/plugins/mcufinder//mcu/
2024-02-09 15:53:45,821 [INFO] DbMcusAds:125 - Set database path to: /Users/jeffsnyder/.stmcufinder/plugins/mcufinder//mcu/
2024-02-09 15:53:45,826 [INFO] CrossReferenceDbSqlite:203 - Set database path to: /Users/jeffsnyder/.stmcufinder/plugins/mcufinder//mcu/cs/
2024-02-09 15:53:46,031 [INFO] RulesReader:64 - Compatibility file has been processed (293 Rules)
2024-02-09 15:53:46,148 [INFO] DbMcusXml:78 - Set database path to: /Applications/STM32CubeIDE.app/Contents/Eclipse/plugins/com.st.stm32cube.common.mx_6.9.1.202307191849//db//mcu/
2024-02-09 15:53:46,149 [INFO] ApiDb:274 - Set plugin database path to: /Applications/STM32CubeIDE.app/Contents/Eclipse/plugins/com.st.stm32cube.common.mx_6.9.1.202307191849//db//plugins/boardmanager/
2024-02-09 15:53:46,149 [INFO] ApiDb:261 - Set plugin images path to: /Applications/STM32CubeIDE.app/Contents/Eclipse/plugins/com.st.stm32cube.common.mx_6.9.1.202307191849//db//plugins/mcufinder/images/
2024-02-09 15:53:46,149 [WARN] DbFile:41 - Overriding database path with different value: /Users/jeffsnyder/.stmcufinder/plugins/mcufinder/ => /Users/jeffsnyder/.stmcufinder/plugins/mcufinder
2024-02-09 15:53:46,150 [INFO] ApiDb:250 - Set database path to: /Users/jeffsnyder/.stmcufinder/plugins/mcufinder//mcu/
2024-02-09 15:53:46,150 [WARN] DbFile:41 - Overriding database path with different value: /Users/jeffsnyder/.stmcufinder/plugins/mcufinder/ => /Users/jeffsnyder/.stmcufinder/plugins/mcufinder
2024-02-09 15:53:46,150 [INFO] DbMcusAds:125 - Set database path to: /Users/jeffsnyder/.stmcufinder/plugins/mcufinder//mcu/
2024-02-09 15:53:46,150 [WARN] DbFile:41 - Overriding database path with different value: /Users/jeffsnyder/.stmcufinder/plugins/mcufinder/ => /Users/jeffsnyder/.stmcufinder/plugins/mcufinder
2024-02-09 15:53:46,150 [WARN] DbFile:41 - Overriding database path with different value: /Users/jeffsnyder/.stmcufinder/plugins/mcufinder/ => /Users/jeffsnyder/.stmcufinder/plugins/mcufinder
2024-02-09 15:53:46,151 [INFO] CrossReferenceDbSqlite:203 - Set database path to: /Users/jeffsnyder/.stmcufinder/plugins/mcufinder//mcu/cs/
2024-02-09 15:53:46,275 [INFO] MainPanel:262 - HeapMemory: 513802240
2024-02-09 15:53:46,433 [INFO] DbMcusXml:78 - Set database path to: /Applications/STM32CubeIDE.app/Contents/Eclipse/plugins/com.st.stm32cube.common.mx_6.9.1.202307191849//db//mcu/
2024-02-09 15:53:46,433 [INFO] ApiDb:274 - Set plugin database path to: /Applications/STM32CubeIDE.app/Contents/Eclipse/plugins/com.st.stm32cube.common.mx_6.9.1.202307191849//db//plugins/boardmanager/
2024-02-09 15:53:46,434 [INFO] ApiDb:261 - Set plugin images path to: /Applications/STM32CubeIDE.app/Contents/Eclipse/plugins/com.st.stm32cube.common.mx_6.9.1.202307191849//db//plugins/mcufinder/images/
2024-02-09 15:53:46,435 [WARN] DbFile:41 - Overriding database path with different value: /Users/jeffsnyder/.stmcufinder/plugins/mcufinder/ => /Users/jeffsnyder/.stmcufinder/plugins/mcufinder
2024-02-09 15:53:46,435 [INFO] ApiDb:250 - Set database path to: /Users/jeffsnyder/.stmcufinder/plugins/mcufinder//mcu/
2024-02-09 15:53:46,435 [WARN] DbFile:41 - Overriding database path with different value: /Users/jeffsnyder/.stmcufinder/plugins/mcufinder/ => /Users/jeffsnyder/.stmcufinder/plugins/mcufinder
2024-02-09 15:53:46,435 [INFO] DbMcusAds:125 - Set database path to: /Users/jeffsnyder/.stmcufinder/plugins/mcufinder//mcu/
2024-02-09 15:53:46,435 [WARN] DbFile:41 - Overriding database path with different value: /Users/jeffsnyder/.stmcufinder/plugins/mcufinder/ => /Users/jeffsnyder/.stmcufinder/plugins/mcufinder
2024-02-09 15:53:46,435 [WARN] DbFile:41 - Overriding database path with different value: /Users/jeffsnyder/.stmcufinder/plugins/mcufinder/ => /Users/jeffsnyder/.stmcufinder/plugins/mcufinder
2024-02-09 15:53:46,435 [INFO] CrossReferenceDbSqlite:203 - Set database path to: /Users/jeffsnyder/.stmcufinder/plugins/mcufinder//mcu/cs/
2024-02-09 15:53:46,462 [INFO] ApplicationProperties:184 - Using Application install path: /Applications/STM32CubeIDE.app/Contents/Eclipse/plugins/com.st.stm32cube.common.mx_6.9.1.202307191849
2024-02-09 15:53:46,465 [INFO] PluginManage:196 - Search for loadable plugins [exclusion list=, ]
2024-02-09 15:53:46,467 [INFO] PluginManage:310 - Check plugin analytics
2024-02-09 15:53:46,741 [INFO] AnalyticsPlugin:253 - Accepted Software Licenses: STM32CubeMX.6.8.1
2024-02-09 15:53:46,742 [INFO] AnalyticsPlugin:255 - Accepted CMSIS Pack Licenses: ARM.CMSIS-DSP.1.15.0
2024-02-09 15:53:46,742 [INFO] AnalyticsPlugin:257 - Accepted Firmware Licenses: FW.H7.1.11.0
2024-02-09 15:53:46,747 [INFO] PluginManage:359 - Loaded plugin analytics (category:tool,tabindex:-1)
2024-02-09 15:53:46,748 [INFO] PluginManage:310 - Check plugin cadmodel
2024-02-09 15:53:47,375 [INFO] CADModel:105 - Init CAD model plugin
2024-02-09 15:53:47,375 [INFO] PluginManage:359 - Loaded plugin cadmodel (category:power,tabindex:5)
2024-02-09 15:53:47,375 [INFO] PluginManage:310 - Check plugin clock
2024-02-09 15:53:47,391 [INFO] PluginManage:359 - Loaded plugin clock (category:base,tabindex:2)
2024-02-09 15:53:47,391 [INFO] PluginManage:310 - Check plugin ddr
2024-02-09 15:53:47,395 [INFO] PluginManage:359 - Loaded plugin ddr (category:tool,tabindex:6)
2024-02-09 15:53:47,396 [INFO] PluginManage:310 - Check plugin filemanager
2024-02-09 15:53:47,601 [INFO] PluginManage:359 - Loaded plugin filemanager (category:base,tabindex:10)
2024-02-09 15:53:47,601 [INFO] PluginManage:310 - Check plugin ipmanager
2024-02-09 15:53:47,612 [INFO] PluginManage:359 - Loaded plugin ipmanager (category:base,tabindex:5)
2024-02-09 15:53:47,612 [INFO] PluginManage:310 - Check plugin lpbam
2024-02-09 15:53:47,628 [INFO] PluginManage:359 - Loaded plugin lpbam (category:base,tabindex:0)
2024-02-09 15:53:47,628 [INFO] PluginManage:310 - Check plugin memorymap
2024-02-09 15:53:47,650 [INFO] PluginManage:359 - Loaded plugin memorymap (category:base,tabindex:4)
2024-02-09 15:53:47,650 [INFO] PluginManage:310 - Check plugin pinoutandconfiguration
2024-02-09 15:53:47,661 [INFO] PluginManage:359 - Loaded plugin pinoutandconfiguration (category:base,tabindex:1)
2024-02-09 15:53:47,662 [INFO] PluginManage:310 - Check plugin pinoutconfig
2024-02-09 15:53:47,810 [WARN] SupportedApi:132 - Cannot load RTOS API schema: s4s-elt-must-match.1: The content of 'definitions' must match (annotation?, (simpleType | complexType)?, (unique | key | keyref)*)). A problem was found starting at: attribute.
2024-02-09 15:53:48,048 [INFO] PluginManage:359 - Loaded plugin pinoutconfig (category:base,tabindex:0)
2024-02-09 15:53:48,048 [INFO] PluginManage:310 - Check plugin power
2024-02-09 15:53:48,064 [INFO] PluginManage:359 - Loaded plugin power (category:power,tabindex:4)
2024-02-09 15:53:48,064 [INFO] PluginManage:310 - Check plugin projectmanager
2024-02-09 15:53:48,088 [INFO] PluginManage:359 - Loaded plugin projectmanager (category:projectmanager,tabindex:3)
2024-02-09 15:53:48,088 [INFO] PluginManage:310 - Check plugin thirdparty
2024-02-09 15:53:48,269 [INFO] PluginManage:359 - Loaded plugin thirdparty (category:base,tabindex:-1)
2024-02-09 15:53:48,269 [WARN] IntegrityCheckThread:84 - waiting for thirdparty lock release [integrity check]
2024-02-09 15:53:48,270 [INFO] PluginManage:310 - Check plugin tools
2024-02-09 15:53:48,270 [INFO] IntegrityCheckThread:86 - entering critical section [integrity check]
2024-02-09 15:53:48,270 [INFO] ThirdPartyUpdaterWithRetryManager:70 - Updater plugin not ready yet. [1/15]
2024-02-09 15:53:48,272 [INFO] PluginManage:359 - Loaded plugin tools (category:base,tabindex:7)
2024-02-09 15:53:48,273 [INFO] PluginManage:310 - Check plugin tutovideos
2024-02-09 15:53:48,596 [INFO] PluginManage:359 - Loaded plugin tutovideos (category:base,tabindex:-1)
2024-02-09 15:53:48,596 [INFO] PluginManage:310 - Check plugin updater
2024-02-09 15:53:48,612 [INFO] PluginManage:359 - Loaded plugin updater (category:base,tabindex:12)
2024-02-09 15:53:48,613 [INFO] PluginManage:310 - Check plugin userauth
2024-02-09 15:53:48,621 [INFO] UserAuth:113 - Init User Auth plugin
2024-02-09 15:53:48,622 [INFO] PluginManage:359 - Loaded plugin userauth (category:base,tabindex:14)
2024-02-09 15:53:48,623 [INFO] PluginManage:283 - PluginManage : Loaded plugins [17]
2024-02-09 15:53:48,924 [INFO] PinOutPanel:1499 - setPackage(No Configuration,No Configuration)
2024-02-09 15:53:49,070 [INFO] CADModel:165 - CPN selected for project level
2024-02-09 15:53:49,071 [INFO] CADModel:114 - Register for checkConnection events
2024-02-09 15:53:49,093 [INFO] IPUIPlugin:80 - create IPUIPlugin
2024-02-09 15:53:49,095 [INFO] PluginManager:220 - loadIPPluginJar : add mdma
2024-02-09 15:53:49,106 [INFO] IPUIPlugin:80 - create IPUIPlugin
2024-02-09 15:53:49,106 [INFO] PluginManager:220 - loadIPPluginJar : add freertos
2024-02-09 15:53:49,117 [INFO] IPUIPlugin:80 - create IPUIPlugin
2024-02-09 15:53:49,117 [INFO] PluginManager:220 - loadIPPluginJar : add gic
2024-02-09 15:53:49,131 [INFO] IPUIPlugin:80 - create IPUIPlugin
2024-02-09 15:53:49,132 [INFO] PluginManager:220 - loadIPPluginJar : add adc
2024-02-09 15:53:49,136 [INFO] IPUIPlugin:80 - create IPUIPlugin
2024-02-09 15:53:49,136 [INFO] PluginManager:220 - loadIPPluginJar : add gtzc
2024-02-09 15:53:49,138 [INFO] IPUIPlugin:80 - create IPUIPlugin
2024-02-09 15:53:49,138 [INFO] PluginManager:220 - loadIPPluginJar : add quadspi
2024-02-09 15:53:49,142 [INFO] IPUIPlugin:80 - create IPUIPlugin
2024-02-09 15:53:49,142 [INFO] PluginManager:220 - loadIPPluginJar : add aes
2024-02-09 15:53:49,147 [INFO] IPUIPlugin:80 - create IPUIPlugin
2024-02-09 15:53:49,148 [INFO] PluginManager:220 - loadIPPluginJar : add pdm2pcm
2024-02-09 15:53:49,151 [INFO] IPUIPlugin:80 - create IPUIPlugin
2024-02-09 15:53:49,151 [INFO] PluginManager:220 - loadIPPluginJar : add hash
2024-02-09 15:53:49,154 [INFO] IPUIPlugin:80 - create IPUIPlugin
2024-02-09 15:53:49,154 [INFO] PluginManager:220 - loadIPPluginJar : add tim
2024-02-09 15:53:49,156 [INFO] IPUIPlugin:80 - create IPUIPlugin
2024-02-09 15:53:49,157 [INFO] PluginManager:220 - loadIPPluginJar : add tsc
2024-02-09 15:53:49,159 [INFO] IPUIPlugin:80 - create IPUIPlugin
2024-02-09 15:53:49,159 [INFO] PluginManager:220 - loadIPPluginJar : add ts
2024-02-09 15:53:49,163 [INFO] IPUIPlugin:80 - create IPUIPlugin
2024-02-09 15:53:49,163 [INFO] PluginManager:220 - loadIPPluginJar : add can
2024-02-09 15:53:49,167 [INFO] IPUIPlugin:80 - create IPUIPlugin
2024-02-09 15:53:49,168 [INFO] PluginManager:220 - loadIPPluginJar : add dma3
2024-02-09 15:53:49,171 [INFO] IPUIPlugin:80 - create IPUIPlugin
2024-02-09 15:53:49,171 [INFO] PluginManager:220 - loadIPPluginJar : add dfsdm
2024-02-09 15:53:49,175 [INFO] IPUIPlugin:80 - create IPUIPlugin
2024-02-09 15:53:49,176 [INFO] PluginManager:220 - loadIPPluginJar : add spi
2024-02-09 15:53:49,179 [INFO] IPUIPlugin:80 - create IPUIPlugin
2024-02-09 15:53:49,179 [INFO] PluginManager:220 - loadIPPluginJar : add gfxmmu
2024-02-09 15:53:49,181 [INFO] IPUIPlugin:80 - create IPUIPlugin
2024-02-09 15:53:49,182 [INFO] PluginManager:220 - loadIPPluginJar : add genericplugin
2024-02-09 15:53:49,186 [INFO] IPUIPlugin:80 - create IPUIPlugin
2024-02-09 15:53:49,186 [INFO] PluginManager:220 - loadIPPluginJar : add cryp
2024-02-09 15:53:49,192 [INFO] IPUIPlugin:80 - create IPUIPlugin
2024-02-09 15:53:49,192 [INFO] PluginManager:220 - loadIPPluginJar : add gpio
2024-02-09 15:53:49,194 [INFO] IPUIPlugin:80 - create IPUIPlugin
2024-02-09 15:53:49,195 [INFO] PluginManager:220 - loadIPPluginJar : add comp
2024-02-09 15:53:49,197 [INFO] IPUIPlugin:80 - create IPUIPlugin
2024-02-09 15:53:49,197 [INFO] PluginManager:220 - loadIPPluginJar : add tracer_emb
2024-02-09 15:53:49,201 [INFO] IPUIPlugin:80 - create IPUIPlugin
2024-02-09 15:53:49,202 [INFO] PluginManager:220 - loadIPPluginJar : add openamp
2024-02-09 15:53:49,209 [INFO] IPUIPlugin:80 - create IPUIPlugin
2024-02-09 15:53:49,209 [INFO] PluginManager:220 - loadIPPluginJar : add stm32_wpan
2024-02-09 15:53:49,220 [INFO] IPUIPlugin:80 - create IPUIPlugin
2024-02-09 15:53:49,224 [INFO] PluginManager:220 - loadIPPluginJar : add plateformsettings
2024-02-09 15:53:49,229 [INFO] IPUIPlugin:80 - create IPUIPlugin
2024-02-09 15:53:49,229 [INFO] PluginManager:220 - loadIPPluginJar : add ipddr
2024-02-09 15:53:49,233 [INFO] IPUIPlugin:80 - create IPUIPlugin
2024-02-09 15:53:49,234 [INFO] PluginManager:220 - loadIPPluginJar : add usart
2024-02-09 15:53:49,235 [INFO] IPUIPlugin:80 - create IPUIPlugin
2024-02-09 15:53:49,236 [INFO] PluginManager:220 - loadIPPluginJar : add ltdc
2024-02-09 15:53:49,243 [INFO] IPUIPlugin:80 - create IPUIPlugin
2024-02-09 15:53:49,244 [INFO] PluginManager:220 - loadIPPluginJar : add nvic
2024-02-09 15:53:49,247 [INFO] IPUIPlugin:80 - create IPUIPlugin
2024-02-09 15:53:49,248 [INFO] PluginManager:220 - loadIPPluginJar : add fatfs
2024-02-09 15:53:49,260 [INFO] IPUIPlugin:80 - create IPUIPlugin
2024-02-09 15:53:49,260 [INFO] PluginManager:220 - loadIPPluginJar : add linkedlist
2024-02-09 15:53:49,269 [INFO] IPUIPlugin:80 - create IPUIPlugin
2024-02-09 15:53:49,269 [INFO] PluginManager:220 - loadIPPluginJar : add dma
2024-02-09 15:53:49,276 [INFO] IPUIPlugin:80 - create IPUIPlugin
2024-02-09 15:53:49,276 [INFO] PluginManager:220 - loadIPPluginJar : add fmc
2024-02-09 15:53:49,280 [INFO] IPUIPlugin:80 - create IPUIPlugin
2024-02-09 15:53:49,280 [INFO] PluginManager:220 - loadIPPluginJar : add i2s
2024-02-09 15:53:49,284 [INFO] IPUIPlugin:80 - create IPUIPlugin
2024-02-09 15:53:49,284 [INFO] PluginManager:220 - loadIPPluginJar : add ucpd
2024-02-09 15:53:49,287 [INFO] IPUIPlugin:80 - create IPUIPlugin
2024-02-09 15:53:49,287 [INFO] PluginManager:220 - loadIPPluginJar : add lorawan
2024-02-09 15:53:49,323 [INFO] IPUIPlugin:80 - create IPUIPlugin
2024-02-09 15:53:49,324 [INFO] PluginManager:220 - loadIPPluginJar : add opamp
2024-02-09 15:53:49,328 [INFO] IPUIPlugin:80 - create IPUIPlugin
2024-02-09 15:53:49,328 [INFO] PluginManager:220 - loadIPPluginJar : add i3c
2024-02-09 15:53:49,332 [INFO] IPUIPlugin:80 - create IPUIPlugin
2024-02-09 15:53:49,333 [INFO] PluginManager:220 - loadIPPluginJar : add touchsensing
2024-02-09 15:53:49,336 [INFO] IPUIPlugin:80 - create IPUIPlugin
2024-02-09 15:53:49,336 [INFO] PluginManager:220 - loadIPPluginJar : add i2c
2024-02-09 15:53:49,343 [INFO] IPUIPlugin:80 - create IPUIPlugin
2024-02-09 15:53:49,343 [INFO] PluginManager:220 - loadIPPluginJar : add resmgrutility
2024-02-09 15:53:49,348 [INFO] IPUIPlugin:80 - create IPUIPlugin
2024-02-09 15:53:49,348 [INFO] PluginManager:220 - loadIPPluginJar : add sai
2024-02-09 15:53:49,353 [INFO] IPUIPlugin:80 - create IPUIPlugin
2024-02-09 15:53:49,353 [INFO] PluginManager:220 - loadIPPluginJar : add usbx
2024-02-09 15:53:49,469 [INFO] CADModel:165 - CPN selected for project level
2024-02-09 15:53:49,470 [INFO] CADModel:114 - Register for checkConnection events
2024-02-09 15:53:49,470 [FATAL] Updater:308 - Updater called before beeing initialized
2024-02-09 15:53:49,470 [ERROR] CADModel:125 - Updater not yet initialized, retry later 
2024-02-09 15:53:49,753 [INFO] CADModel:165 - CPN selected for project level
2024-02-09 15:53:49,753 [INFO] CADModel:114 - Register for checkConnection events
2024-02-09 15:53:49,753 [FATAL] Updater:308 - Updater called before beeing initialized
2024-02-09 15:53:49,754 [ERROR] CADModel:125 - Updater not yet initialized, retry later 
2024-02-09 15:53:49,759 [FATAL] Updater:308 - Updater called before beeing initialized
2024-02-09 15:53:49,876 [FATAL] Updater:308 - Updater called before beeing initialized
2024-02-09 15:53:49,885 [INFO] DbMcusAds:53 - JSON generation date=Thu Sep 30 02:55:09 EDT 2021 (1632984909247)
2024-02-09 15:53:49,886 [FATAL] Updater:308 - Updater called before beeing initialized
2024-02-09 15:53:50,118 [WARN] DetailPanel:346 - Failed to get advertising image, set to default
2024-02-09 15:53:50,258 [FATAL] Updater:308 - Updater called before beeing initialized
2024-02-09 15:53:50,261 [FATAL] Updater:308 - Updater called before beeing initialized
2024-02-09 15:53:50,261 [FATAL] Updater:308 - Updater called before beeing initialized
2024-02-09 15:53:50,261 [WARN] DetailPanel:346 - Failed to get advertising image, set to default
2024-02-09 15:53:50,263 [FATAL] Updater:308 - Updater called before beeing initialized
2024-02-09 15:53:50,304 [ERROR] Updater:1120 - MainUpdater not yet initialized. External WinMGr cannot be set.
2024-02-09 15:53:50,336 [INFO] Updater:1056 - Updater Version found : 6.9.1
2024-02-09 15:53:50,367 [INFO] ApplicationProperties:184 - Using Application install path: /Applications/STM32CubeIDE.app/Contents/Eclipse/plugins/com.st.stm32cube.common.mx_6.9.1.202307191849
2024-02-09 15:53:50,598 [INFO] MainUpdater:2868 - connection check result : 10
2024-02-09 15:53:50,599 [INFO] MainUpdater:285 - Updater Check For Update Now.
2024-02-09 15:53:50,600 [INFO] MicroXplorer:498 - Change Database Version : DB.6.0.91
2024-02-09 15:53:50,608 [INFO] McuFinderGlobals:63 - Set McuFinder mode to 2 (CubeIDE integrated)
2024-02-09 15:53:50,608 [INFO] UserAuth:179 - activating auth plugin
2024-02-09 15:53:50,611 [INFO] UserAuth:393 - Internet connection configuration mode: 1
2024-02-09 15:53:50,634 [INFO] JxBrowserEngine:151 - Initiate JxBrowser Engine with user profile folder
2024-02-09 15:53:50,824 [INFO] CheckServerUpdateThread:120 - End of CheckServer Thread
2024-02-09 15:53:51,514 [WARN] PackLoader:240 - Cannot read IP mode file for STMicroelectronics.X-CUBE-SMBUS.2.1.0
2024-02-09 15:53:51,526 [WARN] PackLoader:240 - Cannot read IP mode file for STMicroelectronics.X-CUBE-TOUCHGFX.4.23.0
2024-02-09 15:53:51,639 [WARN] PackLoader:240 - Cannot read IP mode file for STMicroelectronics.X-CUBE-MEMS1.9.2.0
2024-02-09 15:53:52,006 [WARN] PackLoader:240 - Cannot read IP mode file for STMicroelectronics.X-CUBE-AZRTOS-F7.1.1.0
2024-02-09 15:53:52,031 [ERROR] RealEvaluatedCondition:428 - Found unsupported composite condition: GROUP='STM32_MetaDataManager' CLASS='Data Exchange'
2024-02-09 15:53:52,032 [ERROR] RealEvaluatedCondition:428 - Found unsupported composite condition: GROUP='STM32_MetaDataManager' CLASS='Data Exchange'
2024-02-09 15:53:52,037 [WARN] PackLoader:240 - Cannot read IP mode file for STMicroelectronics.FP-SNS-MOTENV1.4.3.0
2024-02-09 15:53:52,056 [WARN] PackLoader:240 - Cannot read IP mode file for STMicroelectronics.FP-SNS-MOTENV1.4.3.2
2024-02-09 15:53:52,072 [WARN] PackLoader:240 - Cannot read IP mode file for STMicroelectronics.FP-SNS-FLIGHT1.5.0.0
2024-02-09 15:53:52,087 [ERROR] RealEvaluatedCondition:428 - Found unsupported composite condition: CLASS='Data Exchange' GROUP='STM32_MetaDataManager'
2024-02-09 15:53:52,087 [ERROR] RealEvaluatedCondition:428 - Found unsupported composite condition: GROUP='STM32_MetaDataManager' CLASS='Data Exchange'
2024-02-09 15:53:52,092 [WARN] PackLoader:240 - Cannot read IP mode file for STMicroelectronics.FP-SNS-MOTENV1.4.3.1
2024-02-09 15:53:52,102 [WARN] PackLoader:240 - Cannot read IP mode file for STMicroelectronics.FP-SNS-FLIGHT1.5.0.1
2024-02-09 15:53:52,117 [WARN] PackLoader:240 - Cannot read IP mode file for STMicroelectronics.X-CUBE-BLE1.6.2.3
2024-02-09 15:53:52,127 [WARN] PackLoader:240 - Cannot read IP mode file for STMicroelectronics.X-CUBE-BLE1.6.2.4
2024-02-09 15:53:52,134 [WARN] PackLoader:240 - Cannot read IP mode file for STMicroelectronics.FP-SNS-FLIGHT1.5.0.2
2024-02-09 15:53:52,155 [WARN] PackLoader:240 - Cannot read IP mode file for STMicroelectronics.X-CUBE-TOF1.3.1.0
2024-02-09 15:53:52,182 [WARN] PackLoader:240 - Cannot read IP mode file for STMicroelectronics.X-CUBE-DISPLAY.3.0.0
2024-02-09 15:53:52,331 [WARN] PackLoader:240 - Cannot read IP mode file for STMicroelectronics.X-CUBE-BLE1.7.0.0
2024-02-09 15:53:52,342 [WARN] PackLoader:240 - Cannot read IP mode file for emotas.I-CUBE-CANOPEN.1.3.0
2024-02-09 15:53:52,357 [WARN] PackLoader:240 - Cannot read IP mode file for STMicroelectronics.X-CUBE-TOUCHGFX.4.22.0
2024-02-09 15:53:52,361 [WARN] PackLoader:240 - Cannot read IP mode file for STMicroelectronics.X-CUBE-TOUCHGFX.4.22.1
2024-02-09 15:53:52,629 [WARN] PackLoader:240 - Cannot read IP mode file for STMicroelectronics.X-CUBE-MEMS1.9.3.0
2024-02-09 15:53:52,919 [INFO] WebApp:157 - Instantiating new browser for Auth
2024-02-09 15:53:53,059 [WARN] PackLoader:240 - Cannot read IP mode file for STMicroelectronics.X-CUBE-AI.7.2.0
2024-02-09 15:53:53,069 [WARN] PackLoader:240 - Cannot read IP mode file for STMicroelectronics.FP-SNS-SMARTAG2.1.2.0
2024-02-09 15:53:53,110 [INFO] LogOutputStream:77 - [STDOUT_REDIRECT] 1 : Invalid condition id : UX_CORESTACK_Condition cause : null
2024-02-09 15:53:53,111 [INFO] LogOutputStream:77 - [STDOUT_REDIRECT] 1 : Invalid condition id : UX_CORESTACK_Condition cause : null
2024-02-09 15:53:53,112 [INFO] LogOutputStream:77 - [STDOUT_REDIRECT] 1 : Invalid condition id : UX_CORESTACK_Condition cause : null
2024-02-09 15:53:53,112 [INFO] LogOutputStream:77 - [STDOUT_REDIRECT] 1 : Invalid condition id : UX_CORESTACK_Condition cause : null
2024-02-09 15:53:53,113 [INFO] LogOutputStream:77 - [STDOUT_REDIRECT] 1 : Invalid condition id : UX_CORESTACK_Condition cause : null
2024-02-09 15:53:53,159 [WARN] PackLoader:240 - Cannot read IP mode file for STMicroelectronics.X-CUBE-AZRTOS-WL.2.0.0
2024-02-09 15:53:53,183 [WARN] PackLoader:240 - Cannot read IP mode file for WES.I-CUBE-Cesium.1.3.0
2024-02-09 15:53:53,193 [WARN] PackLoader:240 - Cannot read IP mode file for STMicroelectronics.X-CUBE-BLE2.3.3.0
2024-02-09 15:53:53,206 [WARN] PackLoader:240 - Cannot read IP mode file for STMicroelectronics.X-CUBE-DISPLAY.2.2.0
2024-02-09 15:53:53,237 [WARN] PackLoader:240 - Cannot read IP mode file for STMicroelectronics.X-CUBE-TOF1.3.2.0
2024-02-09 15:53:53,256 [WARN] PackLoader:240 - Cannot read IP mode file for STMicroelectronics.X-CUBE-ISPU.1.0.0
2024-02-09 15:53:53,299 [WARN] PackLoader:240 - Cannot read IP mode file for STMicroelectronics.X-CUBE-AZRTOS-H7.2.1.0
2024-02-09 15:53:53,316 [WARN] PackLoader:240 - Cannot read IP mode file for STMicroelectronics.X-CUBE-TOUCHGFX.4.21.1
2024-02-09 15:53:53,321 [WARN] PackLoader:240 - Cannot read IP mode file for STMicroelectronics.X-CUBE-TOUCHGFX.4.21.0
2024-02-09 15:53:53,328 [WARN] PackLoader:240 - Cannot read IP mode file for STMicroelectronics.X-CUBE-TOUCHGFX.4.21.3
2024-02-09 15:53:53,332 [WARN] PackLoader:240 - Cannot read IP mode file for STMicroelectronics.X-CUBE-TOUCHGFX.4.21.4
2024-02-09 15:53:53,416 [WARN] PackLoader:240 - Cannot read IP mode file for STMicroelectronics.X-CUBE-MEMS1.9.4.0
2024-02-09 15:53:53,666 [WARN] PackLoader:240 - Cannot read IP mode file for STMicroelectronics.X-CUBE-AI.7.3.0
2024-02-09 15:53:53,672 [WARN] PackLoader:240 - Cannot read IP mode file for STMicroelectronics.X-CUBE-ALGOBUILD.1.3.0
2024-02-09 15:53:53,696 [WARN] PackLoader:240 - Cannot read IP mode file for STMicroelectronics.X-CUBE-AZRTOS-G0.1.1.0
2024-02-09 15:53:53,705 [WARN] PackLoader:240 - Cannot read IP mode file for STMicroelectronics.X-CUBE-NFC4.3.0.0
2024-02-09 15:53:53,761 [WARN] PackLoader:240 - Cannot read IP mode file for SEGGER.I-CUBE-embOS.1.2.0
2024-02-09 15:53:53,939 [WARN] PackLoader:240 - Cannot read IP mode file for STMicroelectronics.X-CUBE-BLEMGR.3.0.0
2024-02-09 15:53:53,965 [WARN] PackLoader:240 - Cannot read IP mode file for STMicroelectronics.X-CUBE-BLEMGR.1.3.0
2024-02-09 15:53:53,973 [WARN] PackLoader:240 - Cannot read IP mode file for STMicroelectronics.FP-ATR-SIGFOX1.3.2.0
2024-02-09 15:53:53,982 [WARN] PackLoader:240 - Cannot read IP mode file for STMicroelectronics.X-CUBE-EEPRMA1.5.1.0
2024-02-09 15:53:53,995 [WARN] PackLoader:240 - Cannot read IP mode file for emotas.I-CUBE-CANOPEN.1.1.2
2024-02-09 15:53:54,000 [WARN] PackLoader:240 - Cannot read IP mode file for STMicroelectronics.X-CUBE-TOUCHGFX.4.20.0
2024-02-09 15:53:54,074 [WARN] PackLoader:240 - Cannot read IP mode file for STMicroelectronics.X-CUBE-MEMS1.9.5.0
2024-02-09 15:53:54,428 [WARN] PackLoader:240 - Cannot read IP mode file for SEGGER.I-CUBE-embOS.1.3.1
2024-02-09 15:53:54,498 [WARN] PackLoader:240 - Cannot read IP mode file for STMicroelectronics.X-CUBE-GNSS1.6.0.0
2024-02-09 15:53:54,529 [WARN] PackLoader:240 - Cannot read IP mode file for STMicroelectronics.X-CUBE-AZRTOS-F4.1.1.0
2024-02-09 15:53:54,537 [WARN] PackLoader:240 - Cannot read IP mode file for wolfSSL.I-CUBE-wolfSSL.5.6.6
2024-02-09 15:53:54,552 [WARN] PackLoader:240 - Cannot read IP mode file for STMicroelectronics.X-CUBE-BLEMGR.1.2.0
2024-02-09 15:53:54,592 [WARN] PackLoader:240 - Cannot read IP mode file for STMicroelectronics.X-CUBE-AZRTOS-L5.2.0.0
2024-02-09 15:53:54,659 [INFO] WebApp:753 - Register for checkConnection events
2024-02-09 15:53:54,659 [INFO] WebApp:390 - Apply proxy settings
2024-02-09 15:53:54,664 [INFO] WebApp:455 - Chromium authenticates against System proxy
2024-02-09 15:53:54,668 [WARN] PackLoader:240 - Cannot read IP mode file for STMicroelectronics.X-CUBE-MEMS1.9.6.0
2024-02-09 15:53:54,961 [WARN] PackLoader:240 - Cannot read IP mode file for STMicroelectronics.X-CUBE-EEPRMA1.4.2.0
2024-02-09 15:53:54,969 [WARN] PackLoader:240 - Cannot read IP mode file for ITTIA_DB.I-CUBE-ITTIADB.8.8.0
2024-02-09 15:53:54,977 [ERROR] Engine:466 - /Users/jeffsnyder/STM32Cube/Repository/Packs/ARM/CMSIS-DSP/1.15.0/ARM.CMSIS-DSP.pdsc: PDSC version is not supported
2024-02-09 15:53:54,989 [WARN] PackLoader:240 - Cannot read IP mode file for STMicroelectronics.X-CUBE-BLEMGR.2.0.0
2024-02-09 15:53:54,999 [WARN] PackLoader:240 - Cannot read IP mode file for STMicroelectronics.X-CUBE-NFC4.2.0.5
2024-02-09 15:53:55,008 [WARN] PackLoader:240 - Cannot read IP mode file for STMicroelectronics.X-CUBE-NFC4.2.0.4
2024-02-09 15:53:55,046 [WARN] ConditionMgr:438 - getConditionDescription Invalid condition id : UX DEVICE CLASS RTOS Condition cause : null
2024-02-09 15:53:55,046 [WARN] ConditionMgr:438 - getConditionDescription Invalid condition id : UX DEVICE CLASS RTOS Condition cause : null
2024-02-09 15:53:55,051 [WARN] PackLoader:240 - Cannot read IP mode file for STMicroelectronics.X-CUBE-AZRTOS-H7.3.1.0
2024-02-09 15:53:55,053 [WARN] ConditionMgr:1039 - genDependencies : Invalid condition id : UX DEVICE CLASS RTOS Condition cause : null
2024-02-09 15:53:55,053 [WARN] ConditionMgr:1039 - genDependencies : Invalid condition id : UX DEVICE CLASS RTOS Condition cause : null
2024-02-09 15:53:55,054 [WARN] ConditionMgr:1039 - genDependencies : Invalid condition id : UX DEVICE CLASS RTOS Condition cause : null
2024-02-09 15:53:55,055 [WARN] ConditionMgr:1039 - genDependencies : Invalid condition id : UX DEVICE CLASS RTOS Condition cause : null
2024-02-09 15:53:55,055 [WARN] ConditionMgr:1039 - genDependencies : Invalid condition id : UX DEVICE CLASS RTOS Condition cause : null
2024-02-09 15:53:55,133 [WARN] PackLoader:240 - Cannot read IP mode file for STMicroelectronics.X-CUBE-AZRTOS-F4.1.0.0
2024-02-09 15:53:55,147 [WARN] PackLoader:240 - Cannot read IP mode file for STMicroelectronics.X-CUBE-NFC7.1.0.1
2024-02-09 15:53:55,156 [WARN] PackLoader:240 - Cannot read IP mode file for STMicroelectronics.X-CUBE-NFC7.1.0.0
2024-02-09 15:53:55,171 [WARN] PackLoader:240 - Cannot read IP mode file for STMicroelectronics.X-CUBE-NFC6.3.0.0
2024-02-09 15:53:55,188 [INFO] WebApp:188 - Starting web application
2024-02-09 15:53:55,189 [INFO] WebApp:520 - Web application path used /Applications/STM32CubeIDE.app/Contents/Eclipse/plugins/com.st.stm32cube.common.mx_6.9.1.202307191849/db/plugins/mcufinder/reactClient1/index.html
2024-02-09 15:53:55,199 [WARN] PackLoader:240 - Cannot read IP mode file for STMicroelectronics.X-CUBE-EEPRMA1.4.1.0
2024-02-09 15:53:55,206 [WARN] PackLoader:240 - Cannot read IP mode file for STMicroelectronics.X-CUBE-AI.8.1.0
2024-02-09 15:53:55,277 [WARN] ConditionMgr:438 - getConditionDescription Invalid condition id : LAN8742 Phy interface Condition cause : null
2024-02-09 15:53:55,278 [WARN] PackLoader:240 - Cannot read IP mode file for STMicroelectronics.X-CUBE-AZRTOS-L4.2.0.0
2024-02-09 15:53:55,281 [WARN] ConditionMgr:1039 - genDependencies : Invalid condition id : LAN8742 Phy interface Condition cause : null
2024-02-09 15:53:55,285 [WARN] ConditionMgr:1039 - genDependencies : Invalid condition id : LAN8742 Phy interface Condition cause : null
2024-02-09 15:53:55,286 [WARN] ConditionMgr:1039 - genDependencies : Invalid condition id : LAN8742 Phy interface Condition cause : null
2024-02-09 15:53:55,301 [WARN] PackLoader:240 - Cannot read IP mode file for STMicroelectronics.X-CUBE-SFXS2LP1.4.0.0
2024-02-09 15:53:55,405 [WARN] PackLoader:240 - Cannot read IP mode file for STMicroelectronics.X-CUBE-AZRTOS-H7.3.0.0
2024-02-09 15:53:55,433 [WARN] PackLoader:240 - Cannot read IP mode file for STMicroelectronics.X-CUBE-ISPU.1.1.0
2024-02-09 15:53:55,452 [WARN] PackLoader:240 - Cannot read IP mode file for RoweBots.I-CUBE-UNISONRTOS.5.5.0-4
2024-02-09 15:53:55,517 [WARN] PackLoader:240 - Cannot read IP mode file for STMicroelectronics.X-CUBE-AI.8.0.0
2024-02-09 15:53:55,575 [WARN] ConditionMgr:438 - getConditionDescription Invalid condition id : UX DEVICE CLASS RTOS Condition cause : null
2024-02-09 15:53:55,576 [WARN] ConditionMgr:438 - getConditionDescription Invalid condition id : UX DEVICE CLASS RTOS Condition cause : null
2024-02-09 15:53:55,606 [WARN] PackLoader:240 - Cannot read IP mode file for STMicroelectronics.X-CUBE-AZRTOS-WB.2.0.0
2024-02-09 15:53:55,609 [WARN] ConditionMgr:1039 - genDependencies : Invalid condition id : UX DEVICE CLASS RTOS Condition cause : null
2024-02-09 15:53:55,610 [WARN] ConditionMgr:1039 - genDependencies : Invalid condition id : UX DEVICE CLASS RTOS Condition cause : null
2024-02-09 15:53:55,612 [WARN] ConditionMgr:1039 - genDependencies : Invalid condition id : UX DEVICE CLASS RTOS Condition cause : null
2024-02-09 15:53:55,614 [WARN] ConditionMgr:1039 - genDependencies : Invalid condition id : UX DEVICE CLASS RTOS Condition cause : null
2024-02-09 15:53:55,614 [WARN] ConditionMgr:1039 - genDependencies : Invalid condition id : UX DEVICE CLASS RTOS Condition cause : null
2024-02-09 15:53:55,631 [WARN] PackLoader:240 - Cannot read IP mode file for STMicroelectronics.X-CUBE-FREERTOS.1.0.0
2024-02-09 15:53:55,644 [WARN] PackLoader:240 - Cannot read IP mode file for STMicroelectronics.X-CUBE-FREERTOS.1.0.1
2024-02-09 15:53:55,674 [WARN] PackLoader:240 - Cannot read IP mode file for STMicroelectronics.X-CUBE-BLEMGR.1.0.0
2024-02-09 15:53:55,782 [WARN] PackLoader:240 - Cannot read IP mode file for STMicroelectronics.X-CUBE-AZRTOS-L5.1.1.0
2024-02-09 15:53:55,796 [WARN] PackLoader:240 - Cannot read IP mode file for STMicroelectronics.X-CUBE-AI.8.0.1
2024-02-09 15:53:55,825 [WARN] PackLoader:240 - Cannot read IP mode file for STMicroelectronics.X-CUBE-SUBG2.5.0.0
2024-02-09 15:53:55,863 [WARN] PackLoader:240 - Cannot read IP mode file for STMicroelectronics.X-CUBE-TOF1.3.3.1
2024-02-09 15:53:55,914 [WARN] PackLoader:240 - Cannot read IP mode file for STMicroelectronics.X-CUBE-AZRTOS-G4.2.0.0
2024-02-09 15:53:55,941 [WARN] PackLoader:240 - Cannot read IP mode file for STMicroelectronics.X-CUBE-TOF1.3.3.0
2024-02-09 15:53:55,968 [WARN] PackLoader:240 - Cannot read IP mode file for STMicroelectronics.FP-ATR-ASTRA1.1.1.1
2024-02-09 15:53:55,997 [WARN] PackLoader:240 - Cannot read IP mode file for Infineon.AIROC-Wi-Fi-Bluetooth-STM32.1.5.1
2024-02-09 15:53:56,010 [WARN] PackLoader:240 - Cannot read IP mode file for STMicroelectronics.FP-ATR-ASTRA1.1.1.0
2024-02-09 15:53:56,016 [WARN] PackLoader:240 - Cannot read IP mode file for STMicroelectronics.FP-SNS-MOTENVWB1.1.3.0
2024-02-09 15:53:56,024 [WARN] PackLoader:240 - Cannot read IP mode file for STMicroelectronics.FP-SNS-MOTENVWB1.1.3.1
2024-02-09 15:53:56,056 [WARN] PackLoader:240 - Cannot read IP mode file for STMicroelectronics.X-CUBE-AZRTOS-G4.1.0.0
2024-02-09 15:53:56,063 [WARN] PackLoader:240 - Cannot read IP mode file for wolfSSL.I-CUBE-wolfSSL.5.3.0
2024-02-09 15:53:56,137 [WARN] PackLoader:240 - Cannot read IP mode file for STMicroelectronics.X-CUBE-AZRTOS-L4.1.0.0
2024-02-09 15:53:56,151 [WARN] PackLoader:240 - Cannot read IP mode file for STMicroelectronics.X-CUBE-ISPU.2.0.0
2024-02-09 15:53:56,213 [WARN] PackLoader:240 - Cannot read IP mode file for STMicroelectronics.X-CUBE-MEMS1.10.0.0
2024-02-09 15:53:56,400 [WARN] PackLoader:240 - Cannot read IP mode file for STMicroelectronics.X-CUBE-FREERTOS.1.1.0
2024-02-09 15:53:56,427 [WARN] PackLoader:240 - Cannot read IP mode file for STMicroelectronics.X-CUBE-AZRTOS-F7.1.0.0
2024-02-09 15:53:56,447 [WARN] PackLoader:240 - Cannot read IP mode file for STMicroelectronics.X-CUBE-AZRTOS-WL.1.0.0
2024-02-09 15:53:56,455 [WARN] PackLoader:240 - Cannot read IP mode file for portGmbH.I-Cube-SoM-uGOAL.1.1.0
2024-02-09 15:53:56,459 [WARN] PackLoader:240 - Cannot read IP mode file for STMicroelectronics.X-CUBE-ALS.1.0.1
2024-02-09 15:53:56,497 [WARN] PackLoader:240 - Cannot read IP mode file for STMicroelectronics.X-CUBE-AZRTOS-WB.1.1.0
2024-02-09 15:53:56,555 [WARN] PackLoader:240 - Cannot read IP mode file for STMicroelectronics.X-CUBE-AZRTOS-L5.1.0.0
2024-02-09 15:53:56,571 [WARN] PackLoader:240 - Cannot read IP mode file for STMicroelectronics.X-CUBE-EEPRMA1.3.1.1
2024-02-09 15:53:56,579 [WARN] PackLoader:240 - Cannot read IP mode file for STMicroelectronics.FP-ATR-ASTRA1.2.0.0
2024-02-09 15:53:56,619 [WARN] PackLoader:240 - Cannot read IP mode file for STMicroelectronics.X-CUBE-TOF1.3.4.0
2024-02-09 15:53:56,720 [WARN] PackLoader:240 - Cannot read IP mode file for STMicroelectronics.X-CUBE-AZRTOS-H7.3.2.0
2024-02-09 15:53:56,726 [INFO] ThirdParty:978 - Integrity check success = true
2024-02-09 15:53:56,727 [INFO] IntegrityCheckThread:100 - exiting critical section [integrity check]
2024-02-09 15:53:56,727 [INFO] IntegrityCheckThread:103 - End integrity checks thread
2024-02-09 15:54:16,647 [ERROR] LogOutputStream:75 - [STDERR_REDIRECT] SLF4J: Failed to load class "org.slf4j.impl.StaticLoggerBinder".
2024-02-09 15:54:16,648 [ERROR] LogOutputStream:75 - [STDERR_REDIRECT] SLF4J: Defaulting to no-operation (NOP) logger implementation
2024-02-09 15:54:16,649 [ERROR] LogOutputStream:75 - [STDERR_REDIRECT] SLF4J: See http://www.slf4j.org/codes.html#StaticLoggerBinder for further details.
