2023-08-04 18:35:47,796 [ERROR] LogOutputStream:75 - [STDERR_REDIRECT] Managed Build system manifest file error: Option com.st.stm32cube.ide.mcu.gnu.managedbuild.option.target_mcu.1260405081.129614555 uses a null category that is invalid in its context. The option was ignored.
2023-08-04 18:35:47,803 [ERROR] LogOutputStream:75 - [STDERR_REDIRECT] Managed Build system manifest file error: Option com.st.stm32cube.ide.mcu.gnu.managedbuild.option.target_cpuid.2036668986.1027348835 uses a null category that is invalid in its context. The option was ignored.
2023-08-04 18:35:47,804 [ERROR] LogOutputStream:75 - [STDERR_REDIRECT] Managed Build system manifest file error: Option com.st.stm32cube.ide.mcu.gnu.managedbuild.option.target_coreid.644051479.653048645 uses a null category that is invalid in its context. The option was ignored.
2023-08-04 18:35:47,804 [ERROR] LogOutputStream:75 - [STDERR_REDIRECT] Managed Build system manifest file error: Option com.st.stm32cube.ide.mcu.gnu.managedbuild.option.fpu.840739115.1711096766 uses a null category that is invalid in its context. The option was ignored.
2023-08-04 18:35:47,804 [ERROR] LogOutputStream:75 - [STDERR_REDIRECT] Managed Build system manifest file error: Option com.st.stm32cube.ide.mcu.gnu.managedbuild.option.floatabi.195617868.34568051 uses a null category that is invalid in its context. The option was ignored.
2023-08-04 18:35:47,805 [ERROR] LogOutputStream:75 - [STDERR_REDIRECT] Managed Build system manifest file error: Option com.st.stm32cube.ide.mcu.gnu.managedbuild.option.target_board.34857600.417413168 uses a null category that is invalid in its context. The option was ignored.
2023-08-04 18:35:47,805 [ERROR] LogOutputStream:75 - [STDERR_REDIRECT] Managed Build system manifest file error: Option com.st.stm32cube.ide.mcu.gnu.managedbuild.option.defaults.106323798.1512840666 uses a null category that is invalid in its context. The option was ignored.
2023-08-04 18:35:47,805 [ERROR] LogOutputStream:75 - [STDERR_REDIRECT] Managed Build system manifest file error: Option com.st.stm32cube.ide.mcu.gnu.managedbuild.option.convertbinary.1651920022.1191251230 uses a null category that is invalid in its context. The option was ignored.
2023-08-04 18:35:47,806 [ERROR] LogOutputStream:75 - [STDERR_REDIRECT] Managed Build system manifest file error: Option com.st.stm32cube.ide.mcu.debug.option.cpuclock.1490825211.229834583 uses a null category that is invalid in its context. The option was ignored.
2023-08-04 18:41:15,131 [ERROR] LogOutputStream:75 - [STDERR_REDIRECT] Managed Build system manifest file error: Option com.st.stm32cube.ide.mcu.gnu.managedbuild.option.target_mcu.1260405081.129614555 uses a null category that is invalid in its context. The option was ignored.
2023-08-04 18:41:15,131 [ERROR] LogOutputStream:75 - [STDERR_REDIRECT] Managed Build system manifest file error: Option com.st.stm32cube.ide.mcu.gnu.managedbuild.option.target_cpuid.2036668986.1027348835 uses a null category that is invalid in its context. The option was ignored.
2023-08-04 18:41:15,132 [ERROR] LogOutputStream:75 - [STDERR_REDIRECT] Managed Build system manifest file error: Option com.st.stm32cube.ide.mcu.gnu.managedbuild.option.target_coreid.644051479.653048645 uses a null category that is invalid in its context. The option was ignored.
2023-08-04 18:41:15,132 [ERROR] LogOutputStream:75 - [STDERR_REDIRECT] Managed Build system manifest file error: Option com.st.stm32cube.ide.mcu.gnu.managedbuild.option.fpu.840739115.1711096766 uses a null category that is invalid in its context. The option was ignored.
2023-08-04 18:41:15,132 [ERROR] LogOutputStream:75 - [STDERR_REDIRECT] Managed Build system manifest file error: Option com.st.stm32cube.ide.mcu.gnu.managedbuild.option.floatabi.195617868.34568051 uses a null category that is invalid in its context. The option was ignored.
2023-08-04 18:41:15,133 [ERROR] LogOutputStream:75 - [STDERR_REDIRECT] Managed Build system manifest file error: Option com.st.stm32cube.ide.mcu.gnu.managedbuild.option.target_board.34857600.417413168 uses a null category that is invalid in its context. The option was ignored.
2023-08-04 18:41:15,133 [ERROR] LogOutputStream:75 - [STDERR_REDIRECT] Managed Build system manifest file error: Option com.st.stm32cube.ide.mcu.gnu.managedbuild.option.defaults.106323798.1512840666 uses a null category that is invalid in its context. The option was ignored.
2023-08-04 18:41:15,133 [ERROR] LogOutputStream:75 - [STDERR_REDIRECT] Managed Build system manifest file error: Option com.st.stm32cube.ide.mcu.gnu.managedbuild.option.convertbinary.1651920022.1191251230 uses a null category that is invalid in its context. The option was ignored.
2023-08-04 18:41:15,133 [ERROR] LogOutputStream:75 - [STDERR_REDIRECT] Managed Build system manifest file error: Option com.st.stm32cube.ide.mcu.debug.option.cpuclock.1490825211.229834583 uses a null category that is invalid in its context. The option was ignored.
2023-08-04 18:42:39,020 [ERROR] LogOutputStream:75 - [STDERR_REDIRECT] Managed Build system manifest file error: Option com.st.stm32cube.ide.mcu.gnu.managedbuild.option.target_mcu.1260405081.129614555 uses a null category that is invalid in its context. The option was ignored.
2023-08-04 18:42:39,021 [ERROR] LogOutputStream:75 - [STDERR_REDIRECT] Managed Build system manifest file error: Option com.st.stm32cube.ide.mcu.gnu.managedbuild.option.target_cpuid.2036668986.1027348835 uses a null category that is invalid in its context. The option was ignored.
2023-08-04 18:42:39,021 [ERROR] LogOutputStream:75 - [STDERR_REDIRECT] Managed Build system manifest file error: Option com.st.stm32cube.ide.mcu.gnu.managedbuild.option.target_coreid.644051479.653048645 uses a null category that is invalid in its context. The option was ignored.
2023-08-04 18:42:39,021 [ERROR] LogOutputStream:75 - [STDERR_REDIRECT] Managed Build system manifest file error: Option com.st.stm32cube.ide.mcu.gnu.managedbuild.option.fpu.840739115.1711096766 uses a null category that is invalid in its context. The option was ignored.
2023-08-04 18:42:39,022 [ERROR] LogOutputStream:75 - [STDERR_REDIRECT] Managed Build system manifest file error: Option com.st.stm32cube.ide.mcu.gnu.managedbuild.option.floatabi.195617868.34568051 uses a null category that is invalid in its context. The option was ignored.
2023-08-04 18:42:39,022 [ERROR] LogOutputStream:75 - [STDERR_REDIRECT] Managed Build system manifest file error: Option com.st.stm32cube.ide.mcu.gnu.managedbuild.option.target_board.34857600.417413168 uses a null category that is invalid in its context. The option was ignored.
2023-08-04 18:42:39,022 [ERROR] LogOutputStream:75 - [STDERR_REDIRECT] Managed Build system manifest file error: Option com.st.stm32cube.ide.mcu.gnu.managedbuild.option.defaults.106323798.1512840666 uses a null category that is invalid in its context. The option was ignored.
2023-08-04 18:42:39,022 [ERROR] LogOutputStream:75 - [STDERR_REDIRECT] Managed Build system manifest file error: Option com.st.stm32cube.ide.mcu.gnu.managedbuild.option.convertbinary.1651920022.1191251230 uses a null category that is invalid in its context. The option was ignored.
2023-08-04 18:42:39,023 [ERROR] LogOutputStream:75 - [STDERR_REDIRECT] Managed Build system manifest file error: Option com.st.stm32cube.ide.mcu.debug.option.cpuclock.1490825211.229834583 uses a null category that is invalid in its context. The option was ignored.
