2024-01-12 13:22:25,892 [ERROR] LogOutputStream:75 - [STDERR_REDIRECT] Managed Build system manifest file error: Option com.st.stm32cube.ide.mcu.option.internal.toolchain.type.1638453726.1517574879.928833740 uses a null category that is invalid in its context. The option was ignored.
2024-01-12 13:22:25,894 [ERROR] LogOutputStream:75 - [STDERR_REDIRECT] Managed Build system manifest file error: Option com.st.stm32cube.ide.mcu.option.internal.toolchain.version.1082824495.1968265708.1987390702 uses a null category that is invalid in its context. The option was ignored.
2024-01-12 13:22:25,894 [ERROR] LogOutputStream:75 - [STDERR_REDIRECT] Managed Build system manifest file error: Option com.st.stm32cube.ide.mcu.gnu.managedbuild.option.target_mcu.1068552204.835058615.1133707761 uses a null category that is invalid in its context. The option was ignored.
2024-01-12 13:22:25,894 [ERROR] LogOutputStream:75 - [STDERR_REDIRECT] Managed Build system manifest file error: Option com.st.stm32cube.ide.mcu.gnu.managedbuild.option.target_cpuid.1181626072.4454046.1398111370 uses a null category that is invalid in its context. The option was ignored.
2024-01-12 13:22:25,895 [ERROR] LogOutputStream:75 - [STDERR_REDIRECT] Managed Build system manifest file error: Option com.st.stm32cube.ide.mcu.gnu.managedbuild.option.target_coreid.1181757209.1892503939.1672521487 uses a null category that is invalid in its context. The option was ignored.
2024-01-12 13:22:25,895 [ERROR] LogOutputStream:75 - [STDERR_REDIRECT] Managed Build system manifest file error: Option com.st.stm32cube.ide.mcu.gnu.managedbuild.option.fpu.483419860.1292093416.596600067 uses a null category that is invalid in its context. The option was ignored.
2024-01-12 13:22:25,895 [ERROR] LogOutputStream:75 - [STDERR_REDIRECT] Managed Build system manifest file error: Option com.st.stm32cube.ide.mcu.gnu.managedbuild.option.floatabi.211922754.973782979.56644319 uses a null category that is invalid in its context. The option was ignored.
2024-01-12 13:22:25,896 [ERROR] LogOutputStream:75 - [STDERR_REDIRECT] Managed Build system manifest file error: Option com.st.stm32cube.ide.mcu.gnu.managedbuild.option.target_board.2068916344.612596060.215970189 uses a null category that is invalid in its context. The option was ignored.
2024-01-12 13:22:25,896 [ERROR] LogOutputStream:75 - [STDERR_REDIRECT] Managed Build system manifest file error: Option com.st.stm32cube.ide.mcu.gnu.managedbuild.option.defaults.1224684755.1225557238.2014715203 uses a null category that is invalid in its context. The option was ignored.
2024-01-12 13:22:25,896 [ERROR] LogOutputStream:75 - [STDERR_REDIRECT] Managed Build system manifest file error: Option com.st.stm32cube.ide.mcu.gnu.managedbuild.option.toolchain.328925234.715911792.486299132 uses a null category that is invalid in its context. The option was ignored.
2024-01-12 13:22:25,896 [ERROR] LogOutputStream:75 - [STDERR_REDIRECT] Managed Build system manifest file error: Option com.st.stm32cube.ide.mcu.gnu.managedbuild.option.convertbinary.1608956953.132992730.286809589 uses a null category that is invalid in its context. The option was ignored.
2024-01-12 13:22:25,897 [ERROR] LogOutputStream:75 - [STDERR_REDIRECT] Managed Build system manifest file error: Option com.st.stm32cube.ide.mcu.debug.option.cpuclock.342254069.1776532534.1084003024 uses a null category that is invalid in its context. The option was ignored.
2024-01-12 13:23:51,722 [ERROR] LogOutputStream:75 - [STDERR_REDIRECT] Managed Build system manifest file error: Option com.st.stm32cube.ide.mcu.option.internal.toolchain.type.1638453726.1517574879.928833740 uses a null category that is invalid in its context. The option was ignored.
2024-01-12 13:23:51,723 [ERROR] LogOutputStream:75 - [STDERR_REDIRECT] Managed Build system manifest file error: Option com.st.stm32cube.ide.mcu.option.internal.toolchain.version.1082824495.1968265708.1987390702 uses a null category that is invalid in its context. The option was ignored.
2024-01-12 13:23:51,723 [ERROR] LogOutputStream:75 - [STDERR_REDIRECT] Managed Build system manifest file error: Option com.st.stm32cube.ide.mcu.gnu.managedbuild.option.target_mcu.1068552204.835058615.1133707761 uses a null category that is invalid in its context. The option was ignored.
2024-01-12 13:23:51,723 [ERROR] LogOutputStream:75 - [STDERR_REDIRECT] Managed Build system manifest file error: Option com.st.stm32cube.ide.mcu.gnu.managedbuild.option.target_cpuid.1181626072.4454046.1398111370 uses a null category that is invalid in its context. The option was ignored.
2024-01-12 13:23:51,723 [ERROR] LogOutputStream:75 - [STDERR_REDIRECT] Managed Build system manifest file error: Option com.st.stm32cube.ide.mcu.gnu.managedbuild.option.target_coreid.1181757209.1892503939.1672521487 uses a null category that is invalid in its context. The option was ignored.
2024-01-12 13:23:51,724 [ERROR] LogOutputStream:75 - [STDERR_REDIRECT] Managed Build system manifest file error: Option com.st.stm32cube.ide.mcu.gnu.managedbuild.option.fpu.483419860.1292093416.596600067 uses a null category that is invalid in its context. The option was ignored.
2024-01-12 13:23:51,724 [ERROR] LogOutputStream:75 - [STDERR_REDIRECT] Managed Build system manifest file error: Option com.st.stm32cube.ide.mcu.gnu.managedbuild.option.floatabi.211922754.973782979.56644319 uses a null category that is invalid in its context. The option was ignored.
2024-01-12 13:23:51,724 [ERROR] LogOutputStream:75 - [STDERR_REDIRECT] Managed Build system manifest file error: Option com.st.stm32cube.ide.mcu.gnu.managedbuild.option.target_board.2068916344.612596060.215970189 uses a null category that is invalid in its context. The option was ignored.
2024-01-12 13:23:51,724 [ERROR] LogOutputStream:75 - [STDERR_REDIRECT] Managed Build system manifest file error: Option com.st.stm32cube.ide.mcu.gnu.managedbuild.option.defaults.1224684755.1225557238.2014715203 uses a null category that is invalid in its context. The option was ignored.
2024-01-12 13:23:51,725 [ERROR] LogOutputStream:75 - [STDERR_REDIRECT] Managed Build system manifest file error: Option com.st.stm32cube.ide.mcu.gnu.managedbuild.option.toolchain.328925234.715911792.486299132 uses a null category that is invalid in its context. The option was ignored.
2024-01-12 13:23:51,725 [ERROR] LogOutputStream:75 - [STDERR_REDIRECT] Managed Build system manifest file error: Option com.st.stm32cube.ide.mcu.gnu.managedbuild.option.convertbinary.1608956953.132992730.286809589 uses a null category that is invalid in its context. The option was ignored.
2024-01-12 13:23:51,725 [ERROR] LogOutputStream:75 - [STDERR_REDIRECT] Managed Build system manifest file error: Option com.st.stm32cube.ide.mcu.debug.option.cpuclock.342254069.1776532534.1084003024 uses a null category that is invalid in its context. The option was ignored.
2024-01-12 20:46:41,407 [ERROR] ConfigurationRetriever:142 - IOException on connection: Read timed out
