2024-02-13 19:09:31,772 [INFO] Activator:176 - 


2024-02-13 19:09:31,777 [INFO] Activator:177 - !SESSION log4j initialized
2024-02-13 19:09:36,105 [ERROR] LogOutputStream:75 - [STDERR_REDIRECT] 
2024-02-13 19:09:37,354 [INFO] LogOutputStream:77 - [STDOUT_REDIRECT] 
2024-02-13 19:09:41,687 [INFO] LogOutputStream:77 - [STDOUT_REDIRECT] 
2024-02-13 19:09:43,219 [INFO] ApplicationProperties:184 - Using Application install path: /Applications/STM32CubeIDE.app/Contents/Eclipse/plugins/com.st.stm32cube.common.mx_6.9.1.202307191849
2024-02-13 19:09:43,239 [INFO] DbMcusXml:78 - Set database path to: /Applications/STM32CubeIDE.app/Contents/Eclipse/plugins/com.st.stm32cube.common.mx_6.9.1.202307191849//db//mcu/
2024-02-13 19:09:43,240 [INFO] ApiDb:274 - Set plugin database path to: /Applications/STM32CubeIDE.app/Contents/Eclipse/plugins/com.st.stm32cube.common.mx_6.9.1.202307191849//db//plugins/boardmanager/
2024-02-13 19:09:43,240 [WARN] ApiDb:259 - Overriding images path with different value:  => /Applications/STM32CubeIDE.app/Contents/Eclipse/plugins/com.st.stm32cube.common.mx_6.9.1.202307191849//db//plugins/mcufinder/images/
2024-02-13 19:09:43,252 [INFO] ApiDb:250 - Set database path to: /Users/jeffsnyder/.stmcufinder/plugins/mcufinder//mcu/
2024-02-13 19:09:43,254 [INFO] DbMcusAds:125 - Set database path to: /Users/jeffsnyder/.stmcufinder/plugins/mcufinder//mcu/
2024-02-13 19:09:43,257 [INFO] CrossReferenceDbSqlite:203 - Set database path to: /Users/jeffsnyder/.stmcufinder/plugins/mcufinder//mcu/cs/
2024-02-13 19:09:43,379 [INFO] RulesReader:64 - Compatibility file has been processed (293 Rules)
2024-02-13 19:09:43,453 [INFO] DbMcusXml:78 - Set database path to: /Applications/STM32CubeIDE.app/Contents/Eclipse/plugins/com.st.stm32cube.common.mx_6.9.1.202307191849//db//mcu/
2024-02-13 19:09:43,453 [INFO] ApiDb:274 - Set plugin database path to: /Applications/STM32CubeIDE.app/Contents/Eclipse/plugins/com.st.stm32cube.common.mx_6.9.1.202307191849//db//plugins/boardmanager/
2024-02-13 19:09:43,453 [INFO] ApiDb:261 - Set plugin images path to: /Applications/STM32CubeIDE.app/Contents/Eclipse/plugins/com.st.stm32cube.common.mx_6.9.1.202307191849//db//plugins/mcufinder/images/
2024-02-13 19:09:43,454 [WARN] DbFile:41 - Overriding database path with different value: /Users/jeffsnyder/.stmcufinder/plugins/mcufinder/ => /Users/jeffsnyder/.stmcufinder/plugins/mcufinder
2024-02-13 19:09:43,454 [INFO] ApiDb:250 - Set database path to: /Users/jeffsnyder/.stmcufinder/plugins/mcufinder//mcu/
2024-02-13 19:09:43,454 [WARN] DbFile:41 - Overriding database path with different value: /Users/jeffsnyder/.stmcufinder/plugins/mcufinder/ => /Users/jeffsnyder/.stmcufinder/plugins/mcufinder
2024-02-13 19:09:43,454 [INFO] DbMcusAds:125 - Set database path to: /Users/jeffsnyder/.stmcufinder/plugins/mcufinder//mcu/
2024-02-13 19:09:43,454 [WARN] DbFile:41 - Overriding database path with different value: /Users/jeffsnyder/.stmcufinder/plugins/mcufinder/ => /Users/jeffsnyder/.stmcufinder/plugins/mcufinder
2024-02-13 19:09:43,454 [WARN] DbFile:41 - Overriding database path with different value: /Users/jeffsnyder/.stmcufinder/plugins/mcufinder/ => /Users/jeffsnyder/.stmcufinder/plugins/mcufinder
2024-02-13 19:09:43,454 [INFO] CrossReferenceDbSqlite:203 - Set database path to: /Users/jeffsnyder/.stmcufinder/plugins/mcufinder//mcu/cs/
2024-02-13 19:09:43,539 [INFO] MainPanel:262 - HeapMemory: 274726912
2024-02-13 19:09:43,637 [INFO] DbMcusXml:78 - Set database path to: /Applications/STM32CubeIDE.app/Contents/Eclipse/plugins/com.st.stm32cube.common.mx_6.9.1.202307191849//db//mcu/
2024-02-13 19:09:43,638 [INFO] ApiDb:274 - Set plugin database path to: /Applications/STM32CubeIDE.app/Contents/Eclipse/plugins/com.st.stm32cube.common.mx_6.9.1.202307191849//db//plugins/boardmanager/
2024-02-13 19:09:43,638 [INFO] ApiDb:261 - Set plugin images path to: /Applications/STM32CubeIDE.app/Contents/Eclipse/plugins/com.st.stm32cube.common.mx_6.9.1.202307191849//db//plugins/mcufinder/images/
2024-02-13 19:09:43,638 [WARN] DbFile:41 - Overriding database path with different value: /Users/jeffsnyder/.stmcufinder/plugins/mcufinder/ => /Users/jeffsnyder/.stmcufinder/plugins/mcufinder
2024-02-13 19:09:43,638 [INFO] ApiDb:250 - Set database path to: /Users/jeffsnyder/.stmcufinder/plugins/mcufinder//mcu/
2024-02-13 19:09:43,638 [WARN] DbFile:41 - Overriding database path with different value: /Users/jeffsnyder/.stmcufinder/plugins/mcufinder/ => /Users/jeffsnyder/.stmcufinder/plugins/mcufinder
2024-02-13 19:09:43,638 [INFO] DbMcusAds:125 - Set database path to: /Users/jeffsnyder/.stmcufinder/plugins/mcufinder//mcu/
2024-02-13 19:09:43,639 [WARN] DbFile:41 - Overriding database path with different value: /Users/jeffsnyder/.stmcufinder/plugins/mcufinder/ => /Users/jeffsnyder/.stmcufinder/plugins/mcufinder
2024-02-13 19:09:43,639 [WARN] DbFile:41 - Overriding database path with different value: /Users/jeffsnyder/.stmcufinder/plugins/mcufinder/ => /Users/jeffsnyder/.stmcufinder/plugins/mcufinder
2024-02-13 19:09:43,639 [INFO] CrossReferenceDbSqlite:203 - Set database path to: /Users/jeffsnyder/.stmcufinder/plugins/mcufinder//mcu/cs/
2024-02-13 19:09:43,656 [INFO] ApplicationProperties:184 - Using Application install path: /Applications/STM32CubeIDE.app/Contents/Eclipse/plugins/com.st.stm32cube.common.mx_6.9.1.202307191849
2024-02-13 19:09:43,657 [INFO] PluginManage:196 - Search for loadable plugins [exclusion list=, ]
2024-02-13 19:09:43,658 [INFO] PluginManage:310 - Check plugin analytics
2024-02-13 19:09:43,814 [INFO] AnalyticsPlugin:253 - Accepted Software Licenses: STM32CubeMX.6.8.1
2024-02-13 19:09:43,814 [INFO] AnalyticsPlugin:255 - Accepted CMSIS Pack Licenses: ARM.CMSIS-DSP.1.15.0
2024-02-13 19:09:43,814 [INFO] AnalyticsPlugin:257 - Accepted Firmware Licenses: FW.H7.1.11.0
2024-02-13 19:09:43,817 [INFO] PluginManage:359 - Loaded plugin analytics (category:tool,tabindex:-1)
2024-02-13 19:09:43,817 [INFO] PluginManage:310 - Check plugin cadmodel
2024-02-13 19:09:44,371 [INFO] CADModel:105 - Init CAD model plugin
2024-02-13 19:09:44,371 [INFO] PluginManage:359 - Loaded plugin cadmodel (category:power,tabindex:5)
2024-02-13 19:09:44,372 [INFO] PluginManage:310 - Check plugin clock
2024-02-13 19:09:44,385 [INFO] PluginManage:359 - Loaded plugin clock (category:base,tabindex:2)
2024-02-13 19:09:44,385 [INFO] PluginManage:310 - Check plugin ddr
2024-02-13 19:09:44,389 [INFO] PluginManage:359 - Loaded plugin ddr (category:tool,tabindex:6)
2024-02-13 19:09:44,389 [INFO] PluginManage:310 - Check plugin filemanager
2024-02-13 19:09:44,520 [INFO] PluginManage:359 - Loaded plugin filemanager (category:base,tabindex:10)
2024-02-13 19:09:44,520 [INFO] PluginManage:310 - Check plugin ipmanager
2024-02-13 19:09:44,528 [INFO] PluginManage:359 - Loaded plugin ipmanager (category:base,tabindex:5)
2024-02-13 19:09:44,528 [INFO] PluginManage:310 - Check plugin lpbam
2024-02-13 19:09:44,539 [INFO] PluginManage:359 - Loaded plugin lpbam (category:base,tabindex:0)
2024-02-13 19:09:44,540 [INFO] PluginManage:310 - Check plugin memorymap
2024-02-13 19:09:44,555 [INFO] PluginManage:359 - Loaded plugin memorymap (category:base,tabindex:4)
2024-02-13 19:09:44,555 [INFO] PluginManage:310 - Check plugin pinoutandconfiguration
2024-02-13 19:09:44,563 [INFO] PluginManage:359 - Loaded plugin pinoutandconfiguration (category:base,tabindex:1)
2024-02-13 19:09:44,563 [INFO] PluginManage:310 - Check plugin pinoutconfig
2024-02-13 19:09:44,664 [WARN] SupportedApi:132 - Cannot load RTOS API schema: s4s-elt-must-match.1: The content of 'definitions' must match (annotation?, (simpleType | complexType)?, (unique | key | keyref)*)). A problem was found starting at: attribute.
2024-02-13 19:09:44,824 [INFO] PluginManage:359 - Loaded plugin pinoutconfig (category:base,tabindex:0)
2024-02-13 19:09:44,824 [INFO] PluginManage:310 - Check plugin power
2024-02-13 19:09:44,835 [INFO] PluginManage:359 - Loaded plugin power (category:power,tabindex:4)
2024-02-13 19:09:44,836 [INFO] PluginManage:310 - Check plugin projectmanager
2024-02-13 19:09:44,850 [INFO] PluginManage:359 - Loaded plugin projectmanager (category:projectmanager,tabindex:3)
2024-02-13 19:09:44,850 [INFO] PluginManage:310 - Check plugin thirdparty
2024-02-13 19:09:45,009 [INFO] PluginManage:359 - Loaded plugin thirdparty (category:base,tabindex:-1)
2024-02-13 19:09:45,009 [WARN] IntegrityCheckThread:84 - waiting for thirdparty lock release [integrity check]
2024-02-13 19:09:45,009 [INFO] PluginManage:310 - Check plugin tools
2024-02-13 19:09:45,009 [INFO] IntegrityCheckThread:86 - entering critical section [integrity check]
2024-02-13 19:09:45,009 [INFO] ThirdPartyUpdaterWithRetryManager:70 - Updater plugin not ready yet. [1/15]
2024-02-13 19:09:45,011 [INFO] PluginManage:359 - Loaded plugin tools (category:base,tabindex:7)
2024-02-13 19:09:45,011 [INFO] PluginManage:310 - Check plugin tutovideos
2024-02-13 19:09:45,239 [INFO] PluginManage:359 - Loaded plugin tutovideos (category:base,tabindex:-1)
2024-02-13 19:09:45,239 [INFO] PluginManage:310 - Check plugin updater
2024-02-13 19:09:45,251 [INFO] PluginManage:359 - Loaded plugin updater (category:base,tabindex:12)
2024-02-13 19:09:45,251 [INFO] PluginManage:310 - Check plugin userauth
2024-02-13 19:09:45,256 [INFO] UserAuth:113 - Init User Auth plugin
2024-02-13 19:09:45,256 [INFO] PluginManage:359 - Loaded plugin userauth (category:base,tabindex:14)
2024-02-13 19:09:45,257 [INFO] PluginManage:283 - PluginManage : Loaded plugins [17]
2024-02-13 19:09:45,445 [INFO] PinOutPanel:1499 - setPackage(No Configuration,No Configuration)
2024-02-13 19:09:45,537 [INFO] CADModel:165 - CPN selected for project level
2024-02-13 19:09:45,537 [INFO] CADModel:114 - Register for checkConnection events
2024-02-13 19:09:45,551 [INFO] IPUIPlugin:80 - create IPUIPlugin
2024-02-13 19:09:45,551 [INFO] PluginManager:220 - loadIPPluginJar : add mdma
2024-02-13 19:09:45,559 [INFO] IPUIPlugin:80 - create IPUIPlugin
2024-02-13 19:09:45,559 [INFO] PluginManager:220 - loadIPPluginJar : add freertos
2024-02-13 19:09:45,566 [INFO] IPUIPlugin:80 - create IPUIPlugin
2024-02-13 19:09:45,566 [INFO] PluginManager:220 - loadIPPluginJar : add gic
2024-02-13 19:09:45,576 [INFO] IPUIPlugin:80 - create IPUIPlugin
2024-02-13 19:09:45,576 [INFO] PluginManager:220 - loadIPPluginJar : add adc
2024-02-13 19:09:45,579 [INFO] IPUIPlugin:80 - create IPUIPlugin
2024-02-13 19:09:45,580 [INFO] PluginManager:220 - loadIPPluginJar : add gtzc
2024-02-13 19:09:45,581 [INFO] IPUIPlugin:80 - create IPUIPlugin
2024-02-13 19:09:45,581 [INFO] PluginManager:220 - loadIPPluginJar : add quadspi
2024-02-13 19:09:45,584 [INFO] IPUIPlugin:80 - create IPUIPlugin
2024-02-13 19:09:45,584 [INFO] PluginManager:220 - loadIPPluginJar : add aes
2024-02-13 19:09:45,587 [INFO] IPUIPlugin:80 - create IPUIPlugin
2024-02-13 19:09:45,587 [INFO] PluginManager:220 - loadIPPluginJar : add pdm2pcm
2024-02-13 19:09:45,589 [INFO] IPUIPlugin:80 - create IPUIPlugin
2024-02-13 19:09:45,589 [INFO] PluginManager:220 - loadIPPluginJar : add hash
2024-02-13 19:09:45,591 [INFO] IPUIPlugin:80 - create IPUIPlugin
2024-02-13 19:09:45,591 [INFO] PluginManager:220 - loadIPPluginJar : add tim
2024-02-13 19:09:45,593 [INFO] IPUIPlugin:80 - create IPUIPlugin
2024-02-13 19:09:45,593 [INFO] PluginManager:220 - loadIPPluginJar : add tsc
2024-02-13 19:09:45,595 [INFO] IPUIPlugin:80 - create IPUIPlugin
2024-02-13 19:09:45,595 [INFO] PluginManager:220 - loadIPPluginJar : add ts
2024-02-13 19:09:45,598 [INFO] IPUIPlugin:80 - create IPUIPlugin
2024-02-13 19:09:45,598 [INFO] PluginManager:220 - loadIPPluginJar : add can
2024-02-13 19:09:45,601 [INFO] IPUIPlugin:80 - create IPUIPlugin
2024-02-13 19:09:45,601 [INFO] PluginManager:220 - loadIPPluginJar : add dma3
2024-02-13 19:09:45,603 [INFO] IPUIPlugin:80 - create IPUIPlugin
2024-02-13 19:09:45,603 [INFO] PluginManager:220 - loadIPPluginJar : add dfsdm
2024-02-13 19:09:45,605 [INFO] IPUIPlugin:80 - create IPUIPlugin
2024-02-13 19:09:45,606 [INFO] PluginManager:220 - loadIPPluginJar : add spi
2024-02-13 19:09:45,608 [INFO] IPUIPlugin:80 - create IPUIPlugin
2024-02-13 19:09:45,608 [INFO] PluginManager:220 - loadIPPluginJar : add gfxmmu
2024-02-13 19:09:45,609 [INFO] IPUIPlugin:80 - create IPUIPlugin
2024-02-13 19:09:45,609 [INFO] PluginManager:220 - loadIPPluginJar : add genericplugin
2024-02-13 19:09:45,612 [INFO] IPUIPlugin:80 - create IPUIPlugin
2024-02-13 19:09:45,612 [INFO] PluginManager:220 - loadIPPluginJar : add cryp
2024-02-13 19:09:45,616 [INFO] IPUIPlugin:80 - create IPUIPlugin
2024-02-13 19:09:45,617 [INFO] PluginManager:220 - loadIPPluginJar : add gpio
2024-02-13 19:09:45,618 [INFO] IPUIPlugin:80 - create IPUIPlugin
2024-02-13 19:09:45,618 [INFO] PluginManager:220 - loadIPPluginJar : add comp
2024-02-13 19:09:45,620 [INFO] IPUIPlugin:80 - create IPUIPlugin
2024-02-13 19:09:45,621 [INFO] PluginManager:220 - loadIPPluginJar : add tracer_emb
2024-02-13 19:09:45,623 [INFO] IPUIPlugin:80 - create IPUIPlugin
2024-02-13 19:09:45,624 [INFO] PluginManager:220 - loadIPPluginJar : add openamp
2024-02-13 19:09:45,628 [INFO] IPUIPlugin:80 - create IPUIPlugin
2024-02-13 19:09:45,628 [INFO] PluginManager:220 - loadIPPluginJar : add stm32_wpan
2024-02-13 19:09:45,635 [INFO] IPUIPlugin:80 - create IPUIPlugin
2024-02-13 19:09:45,638 [INFO] PluginManager:220 - loadIPPluginJar : add plateformsettings
2024-02-13 19:09:45,641 [INFO] IPUIPlugin:80 - create IPUIPlugin
2024-02-13 19:09:45,642 [INFO] PluginManager:220 - loadIPPluginJar : add ipddr
2024-02-13 19:09:45,644 [INFO] IPUIPlugin:80 - create IPUIPlugin
2024-02-13 19:09:45,644 [INFO] PluginManager:220 - loadIPPluginJar : add usart
2024-02-13 19:09:45,646 [INFO] IPUIPlugin:80 - create IPUIPlugin
2024-02-13 19:09:45,646 [INFO] PluginManager:220 - loadIPPluginJar : add ltdc
2024-02-13 19:09:45,651 [INFO] IPUIPlugin:80 - create IPUIPlugin
2024-02-13 19:09:45,651 [INFO] PluginManager:220 - loadIPPluginJar : add nvic
2024-02-13 19:09:45,652 [INFO] IPUIPlugin:80 - create IPUIPlugin
2024-02-13 19:09:45,653 [INFO] PluginManager:220 - loadIPPluginJar : add fatfs
2024-02-13 19:09:45,660 [INFO] IPUIPlugin:80 - create IPUIPlugin
2024-02-13 19:09:45,661 [INFO] PluginManager:220 - loadIPPluginJar : add linkedlist
2024-02-13 19:09:45,667 [INFO] IPUIPlugin:80 - create IPUIPlugin
2024-02-13 19:09:45,667 [INFO] PluginManager:220 - loadIPPluginJar : add dma
2024-02-13 19:09:45,672 [INFO] IPUIPlugin:80 - create IPUIPlugin
2024-02-13 19:09:45,672 [INFO] PluginManager:220 - loadIPPluginJar : add fmc
2024-02-13 19:09:45,675 [INFO] IPUIPlugin:80 - create IPUIPlugin
2024-02-13 19:09:45,675 [INFO] PluginManager:220 - loadIPPluginJar : add i2s
2024-02-13 19:09:45,676 [INFO] IPUIPlugin:80 - create IPUIPlugin
2024-02-13 19:09:45,677 [INFO] PluginManager:220 - loadIPPluginJar : add ucpd
2024-02-13 19:09:45,679 [INFO] IPUIPlugin:80 - create IPUIPlugin
2024-02-13 19:09:45,679 [INFO] PluginManager:220 - loadIPPluginJar : add lorawan
2024-02-13 19:09:45,681 [INFO] IPUIPlugin:80 - create IPUIPlugin
2024-02-13 19:09:45,682 [INFO] PluginManager:220 - loadIPPluginJar : add opamp
2024-02-13 19:09:45,685 [INFO] IPUIPlugin:80 - create IPUIPlugin
2024-02-13 19:09:45,685 [INFO] PluginManager:220 - loadIPPluginJar : add i3c
2024-02-13 19:09:45,688 [INFO] IPUIPlugin:80 - create IPUIPlugin
2024-02-13 19:09:45,688 [INFO] PluginManager:220 - loadIPPluginJar : add touchsensing
2024-02-13 19:09:45,690 [INFO] IPUIPlugin:80 - create IPUIPlugin
2024-02-13 19:09:45,690 [INFO] PluginManager:220 - loadIPPluginJar : add i2c
2024-02-13 19:09:45,694 [INFO] IPUIPlugin:80 - create IPUIPlugin
2024-02-13 19:09:45,694 [INFO] PluginManager:220 - loadIPPluginJar : add resmgrutility
2024-02-13 19:09:45,697 [INFO] IPUIPlugin:80 - create IPUIPlugin
2024-02-13 19:09:45,697 [INFO] PluginManager:220 - loadIPPluginJar : add sai
2024-02-13 19:09:45,700 [INFO] IPUIPlugin:80 - create IPUIPlugin
2024-02-13 19:09:45,700 [INFO] PluginManager:220 - loadIPPluginJar : add usbx
2024-02-13 19:09:45,802 [INFO] CADModel:165 - CPN selected for project level
2024-02-13 19:09:45,803 [INFO] CADModel:114 - Register for checkConnection events
2024-02-13 19:09:45,803 [FATAL] Updater:308 - Updater called before beeing initialized
2024-02-13 19:09:45,803 [ERROR] CADModel:125 - Updater not yet initialized, retry later 
2024-02-13 19:09:45,991 [INFO] CADModel:165 - CPN selected for project level
2024-02-13 19:09:45,991 [INFO] CADModel:114 - Register for checkConnection events
2024-02-13 19:09:45,992 [FATAL] Updater:308 - Updater called before beeing initialized
2024-02-13 19:09:45,992 [ERROR] CADModel:125 - Updater not yet initialized, retry later 
2024-02-13 19:09:45,995 [FATAL] Updater:308 - Updater called before beeing initialized
2024-02-13 19:09:46,087 [FATAL] Updater:308 - Updater called before beeing initialized
2024-02-13 19:09:46,094 [INFO] DbMcusAds:53 - JSON generation date=Thu Sep 30 02:55:09 EDT 2021 (1632984909247)
2024-02-13 19:09:46,094 [FATAL] Updater:308 - Updater called before beeing initialized
2024-02-13 19:09:46,251 [WARN] DetailPanel:346 - Failed to get advertising image, set to default
2024-02-13 19:09:46,342 [FATAL] Updater:308 - Updater called before beeing initialized
2024-02-13 19:09:46,355 [FATAL] Updater:308 - Updater called before beeing initialized
2024-02-13 19:09:46,355 [FATAL] Updater:308 - Updater called before beeing initialized
2024-02-13 19:09:46,355 [WARN] DetailPanel:346 - Failed to get advertising image, set to default
2024-02-13 19:09:46,356 [FATAL] Updater:308 - Updater called before beeing initialized
2024-02-13 19:09:46,386 [ERROR] Updater:1120 - MainUpdater not yet initialized. External WinMGr cannot be set.
2024-02-13 19:09:46,407 [INFO] Updater:1056 - Updater Version found : 6.9.1
2024-02-13 19:09:46,427 [INFO] ApplicationProperties:184 - Using Application install path: /Applications/STM32CubeIDE.app/Contents/Eclipse/plugins/com.st.stm32cube.common.mx_6.9.1.202307191849
2024-02-13 19:09:46,662 [INFO] MainUpdater:2868 - connection check result : 10
2024-02-13 19:09:46,663 [INFO] MainUpdater:285 - Updater Check For Update Now.
2024-02-13 19:09:46,663 [INFO] MicroXplorer:498 - Change Database Version : DB.6.0.91
2024-02-13 19:09:46,675 [INFO] McuFinderGlobals:63 - Set McuFinder mode to 2 (CubeIDE integrated)
2024-02-13 19:09:46,675 [INFO] UserAuth:179 - activating auth plugin
2024-02-13 19:09:46,678 [INFO] UserAuth:393 - Internet connection configuration mode: 1
2024-02-13 19:09:46,697 [INFO] JxBrowserEngine:151 - Initiate JxBrowser Engine with user profile folder
2024-02-13 19:09:46,851 [INFO] CheckServerUpdateThread:120 - End of CheckServer Thread
2024-02-13 19:09:48,143 [WARN] PackLoader:240 - Cannot read IP mode file for STMicroelectronics.X-CUBE-SMBUS.2.1.0
2024-02-13 19:09:48,149 [WARN] PackLoader:240 - Cannot read IP mode file for STMicroelectronics.X-CUBE-TOUCHGFX.4.23.0
2024-02-13 19:09:48,208 [WARN] PackLoader:240 - Cannot read IP mode file for STMicroelectronics.X-CUBE-MEMS1.9.2.0
2024-02-13 19:09:48,389 [WARN] PackLoader:240 - Cannot read IP mode file for STMicroelectronics.X-CUBE-AZRTOS-F7.1.1.0
2024-02-13 19:09:48,396 [ERROR] RealEvaluatedCondition:428 - Found unsupported composite condition: GROUP='STM32_MetaDataManager' CLASS='Data Exchange'
2024-02-13 19:09:48,396 [ERROR] RealEvaluatedCondition:428 - Found unsupported composite condition: GROUP='STM32_MetaDataManager' CLASS='Data Exchange'
2024-02-13 19:09:48,397 [WARN] PackLoader:240 - Cannot read IP mode file for STMicroelectronics.FP-SNS-MOTENV1.4.3.0
2024-02-13 19:09:48,404 [WARN] PackLoader:240 - Cannot read IP mode file for STMicroelectronics.FP-SNS-MOTENV1.4.3.2
2024-02-13 19:09:48,408 [WARN] PackLoader:240 - Cannot read IP mode file for STMicroelectronics.FP-SNS-FLIGHT1.5.0.0
2024-02-13 19:09:48,411 [ERROR] RealEvaluatedCondition:428 - Found unsupported composite condition: CLASS='Data Exchange' GROUP='STM32_MetaDataManager'
2024-02-13 19:09:48,411 [ERROR] RealEvaluatedCondition:428 - Found unsupported composite condition: CLASS='Data Exchange' GROUP='STM32_MetaDataManager'
2024-02-13 19:09:48,412 [WARN] PackLoader:240 - Cannot read IP mode file for STMicroelectronics.FP-SNS-MOTENV1.4.3.1
2024-02-13 19:09:48,417 [WARN] PackLoader:240 - Cannot read IP mode file for STMicroelectronics.FP-SNS-FLIGHT1.5.0.1
2024-02-13 19:09:48,421 [WARN] PackLoader:240 - Cannot read IP mode file for STMicroelectronics.X-CUBE-BLE1.6.2.3
2024-02-13 19:09:48,425 [WARN] PackLoader:240 - Cannot read IP mode file for STMicroelectronics.X-CUBE-BLE1.6.2.4
2024-02-13 19:09:48,428 [WARN] PackLoader:240 - Cannot read IP mode file for STMicroelectronics.FP-SNS-FLIGHT1.5.0.2
2024-02-13 19:09:48,437 [WARN] PackLoader:240 - Cannot read IP mode file for STMicroelectronics.X-CUBE-TOF1.3.1.0
2024-02-13 19:09:48,448 [WARN] PackLoader:240 - Cannot read IP mode file for STMicroelectronics.X-CUBE-DISPLAY.3.0.0
2024-02-13 19:09:48,455 [WARN] PackLoader:240 - Cannot read IP mode file for STMicroelectronics.X-CUBE-BLE1.7.0.0
2024-02-13 19:09:48,459 [WARN] PackLoader:240 - Cannot read IP mode file for emotas.I-CUBE-CANOPEN.1.3.0
2024-02-13 19:09:48,462 [WARN] PackLoader:240 - Cannot read IP mode file for STMicroelectronics.X-CUBE-TOUCHGFX.4.22.0
2024-02-13 19:09:48,465 [WARN] PackLoader:240 - Cannot read IP mode file for STMicroelectronics.X-CUBE-TOUCHGFX.4.22.1
2024-02-13 19:09:48,509 [WARN] PackLoader:240 - Cannot read IP mode file for STMicroelectronics.X-CUBE-MEMS1.9.3.0
2024-02-13 19:09:48,685 [WARN] PackLoader:240 - Cannot read IP mode file for STMicroelectronics.X-CUBE-AI.7.2.0
2024-02-13 19:09:48,689 [WARN] PackLoader:240 - Cannot read IP mode file for STMicroelectronics.FP-SNS-SMARTAG2.1.2.0
2024-02-13 19:09:48,697 [INFO] LogOutputStream:77 - [STDOUT_REDIRECT] 1 : Invalid condition id : UX_CORESTACK_Condition cause : null
2024-02-13 19:09:48,697 [INFO] LogOutputStream:77 - [STDOUT_REDIRECT] 1 : Invalid condition id : UX_CORESTACK_Condition cause : null
2024-02-13 19:09:48,697 [INFO] LogOutputStream:77 - [STDOUT_REDIRECT] 1 : Invalid condition id : UX_CORESTACK_Condition cause : null
2024-02-13 19:09:48,697 [INFO] LogOutputStream:77 - [STDOUT_REDIRECT] 1 : Invalid condition id : UX_CORESTACK_Condition cause : null
2024-02-13 19:09:48,698 [INFO] LogOutputStream:77 - [STDOUT_REDIRECT] 1 : Invalid condition id : UX_CORESTACK_Condition cause : null
2024-02-13 19:09:48,699 [WARN] PackLoader:240 - Cannot read IP mode file for STMicroelectronics.X-CUBE-AZRTOS-WL.2.0.0
2024-02-13 19:09:48,708 [WARN] PackLoader:240 - Cannot read IP mode file for WES.I-CUBE-Cesium.1.3.0
2024-02-13 19:09:48,712 [WARN] PackLoader:240 - Cannot read IP mode file for STMicroelectronics.X-CUBE-BLE2.3.3.0
2024-02-13 19:09:48,716 [WARN] PackLoader:240 - Cannot read IP mode file for STMicroelectronics.X-CUBE-DISPLAY.2.2.0
2024-02-13 19:09:48,726 [WARN] PackLoader:240 - Cannot read IP mode file for STMicroelectronics.X-CUBE-TOF1.3.2.0
2024-02-13 19:09:48,740 [WARN] PackLoader:240 - Cannot read IP mode file for STMicroelectronics.X-CUBE-ISPU.1.0.0
2024-02-13 19:09:48,758 [WARN] PackLoader:240 - Cannot read IP mode file for STMicroelectronics.X-CUBE-AZRTOS-H7.2.1.0
2024-02-13 19:09:48,764 [WARN] PackLoader:240 - Cannot read IP mode file for STMicroelectronics.X-CUBE-TOUCHGFX.4.21.1
2024-02-13 19:09:48,766 [WARN] PackLoader:240 - Cannot read IP mode file for STMicroelectronics.X-CUBE-TOUCHGFX.4.21.0
2024-02-13 19:09:48,769 [WARN] PackLoader:240 - Cannot read IP mode file for STMicroelectronics.X-CUBE-TOUCHGFX.4.21.3
2024-02-13 19:09:48,771 [WARN] PackLoader:240 - Cannot read IP mode file for STMicroelectronics.X-CUBE-TOUCHGFX.4.21.4
2024-02-13 19:09:48,809 [WARN] PackLoader:240 - Cannot read IP mode file for STMicroelectronics.X-CUBE-MEMS1.9.4.0
2024-02-13 19:09:48,933 [WARN] PackLoader:240 - Cannot read IP mode file for STMicroelectronics.X-CUBE-AI.7.3.0
2024-02-13 19:09:48,938 [WARN] PackLoader:240 - Cannot read IP mode file for STMicroelectronics.X-CUBE-ALGOBUILD.1.3.0
2024-02-13 19:09:48,954 [WARN] PackLoader:240 - Cannot read IP mode file for STMicroelectronics.X-CUBE-AZRTOS-G0.1.1.0
2024-02-13 19:09:48,961 [WARN] PackLoader:240 - Cannot read IP mode file for STMicroelectronics.X-CUBE-NFC4.3.0.0
2024-02-13 19:09:49,005 [WARN] PackLoader:240 - Cannot read IP mode file for SEGGER.I-CUBE-embOS.1.2.0
2024-02-13 19:09:49,050 [WARN] PackLoader:240 - Cannot read IP mode file for STMicroelectronics.X-CUBE-BLEMGR.3.0.0
2024-02-13 19:09:49,059 [WARN] PackLoader:240 - Cannot read IP mode file for STMicroelectronics.X-CUBE-BLEMGR.1.3.0
2024-02-13 19:09:49,064 [WARN] PackLoader:240 - Cannot read IP mode file for STMicroelectronics.FP-ATR-SIGFOX1.3.2.0
2024-02-13 19:09:49,070 [WARN] PackLoader:240 - Cannot read IP mode file for STMicroelectronics.X-CUBE-EEPRMA1.5.1.0
2024-02-13 19:09:49,077 [WARN] PackLoader:240 - Cannot read IP mode file for emotas.I-CUBE-CANOPEN.1.1.2
2024-02-13 19:09:49,080 [WARN] PackLoader:240 - Cannot read IP mode file for STMicroelectronics.X-CUBE-TOUCHGFX.4.20.0
2024-02-13 19:09:49,122 [WARN] PackLoader:240 - Cannot read IP mode file for STMicroelectronics.X-CUBE-MEMS1.9.5.0
2024-02-13 19:09:49,291 [WARN] PackLoader:240 - Cannot read IP mode file for SEGGER.I-CUBE-embOS.1.3.1
2024-02-13 19:09:49,333 [WARN] PackLoader:240 - Cannot read IP mode file for STMicroelectronics.X-CUBE-GNSS1.6.0.0
2024-02-13 19:09:49,351 [WARN] PackLoader:240 - Cannot read IP mode file for STMicroelectronics.X-CUBE-AZRTOS-F4.1.1.0
2024-02-13 19:09:49,357 [WARN] PackLoader:240 - Cannot read IP mode file for wolfSSL.I-CUBE-wolfSSL.5.6.6
2024-02-13 19:09:49,364 [WARN] PackLoader:240 - Cannot read IP mode file for STMicroelectronics.X-CUBE-BLEMGR.1.2.0
2024-02-13 19:09:49,383 [WARN] PackLoader:240 - Cannot read IP mode file for STMicroelectronics.X-CUBE-AZRTOS-L5.2.0.0
2024-02-13 19:09:49,429 [WARN] PackLoader:240 - Cannot read IP mode file for STMicroelectronics.X-CUBE-MEMS1.9.6.0
2024-02-13 19:09:49,562 [WARN] PackLoader:240 - Cannot read IP mode file for STMicroelectronics.X-CUBE-EEPRMA1.4.2.0
2024-02-13 19:09:49,566 [WARN] PackLoader:240 - Cannot read IP mode file for ITTIA_DB.I-CUBE-ITTIADB.8.8.0
2024-02-13 19:09:49,571 [ERROR] Engine:466 - /Users/jeffsnyder/STM32Cube/Repository/Packs/ARM/CMSIS-DSP/1.15.0/ARM.CMSIS-DSP.pdsc: PDSC version is not supported
2024-02-13 19:09:49,577 [WARN] PackLoader:240 - Cannot read IP mode file for STMicroelectronics.X-CUBE-BLEMGR.2.0.0
2024-02-13 19:09:49,581 [WARN] PackLoader:240 - Cannot read IP mode file for STMicroelectronics.X-CUBE-NFC4.2.0.5
2024-02-13 19:09:49,586 [WARN] PackLoader:240 - Cannot read IP mode file for STMicroelectronics.X-CUBE-NFC4.2.0.4
2024-02-13 19:09:49,599 [WARN] ConditionMgr:438 - getConditionDescription Invalid condition id : UX DEVICE CLASS RTOS Condition cause : null
2024-02-13 19:09:49,599 [WARN] ConditionMgr:438 - getConditionDescription Invalid condition id : UX DEVICE CLASS RTOS Condition cause : null
2024-02-13 19:09:49,601 [WARN] PackLoader:240 - Cannot read IP mode file for STMicroelectronics.X-CUBE-AZRTOS-H7.3.1.0
2024-02-13 19:09:49,602 [WARN] ConditionMgr:1039 - genDependencies : Invalid condition id : UX DEVICE CLASS RTOS Condition cause : null
2024-02-13 19:09:49,602 [WARN] ConditionMgr:1039 - genDependencies : Invalid condition id : UX DEVICE CLASS RTOS Condition cause : null
2024-02-13 19:09:49,603 [WARN] ConditionMgr:1039 - genDependencies : Invalid condition id : UX DEVICE CLASS RTOS Condition cause : null
2024-02-13 19:09:49,603 [WARN] ConditionMgr:1039 - genDependencies : Invalid condition id : UX DEVICE CLASS RTOS Condition cause : null
2024-02-13 19:09:49,603 [WARN] ConditionMgr:1039 - genDependencies : Invalid condition id : UX DEVICE CLASS RTOS Condition cause : null
2024-02-13 19:09:49,616 [WARN] PackLoader:240 - Cannot read IP mode file for STMicroelectronics.X-CUBE-AZRTOS-F4.1.0.0
2024-02-13 19:09:49,623 [WARN] PackLoader:240 - Cannot read IP mode file for STMicroelectronics.X-CUBE-NFC7.1.0.1
2024-02-13 19:09:49,626 [WARN] PackLoader:240 - Cannot read IP mode file for STMicroelectronics.X-CUBE-NFC7.1.0.0
2024-02-13 19:09:49,632 [WARN] PackLoader:240 - Cannot read IP mode file for STMicroelectronics.X-CUBE-NFC6.3.0.0
2024-02-13 19:09:49,636 [WARN] PackLoader:240 - Cannot read IP mode file for STMicroelectronics.X-CUBE-EEPRMA1.4.1.0
2024-02-13 19:09:49,639 [WARN] PackLoader:240 - Cannot read IP mode file for STMicroelectronics.X-CUBE-AI.8.1.0
2024-02-13 19:09:49,653 [WARN] ConditionMgr:438 - getConditionDescription Invalid condition id : LAN8742 Phy interface Condition cause : null
2024-02-13 19:09:49,654 [WARN] PackLoader:240 - Cannot read IP mode file for STMicroelectronics.X-CUBE-AZRTOS-L4.2.0.0
2024-02-13 19:09:49,655 [WARN] ConditionMgr:1039 - genDependencies : Invalid condition id : LAN8742 Phy interface Condition cause : null
2024-02-13 19:09:49,655 [WARN] ConditionMgr:1039 - genDependencies : Invalid condition id : LAN8742 Phy interface Condition cause : null
2024-02-13 19:09:49,656 [WARN] ConditionMgr:1039 - genDependencies : Invalid condition id : LAN8742 Phy interface Condition cause : null
2024-02-13 19:09:49,661 [WARN] PackLoader:240 - Cannot read IP mode file for STMicroelectronics.X-CUBE-SFXS2LP1.4.0.0
2024-02-13 19:09:49,677 [WARN] PackLoader:240 - Cannot read IP mode file for STMicroelectronics.X-CUBE-AZRTOS-H7.3.0.0
2024-02-13 19:09:49,682 [WARN] PackLoader:240 - Cannot read IP mode file for STMicroelectronics.X-CUBE-ISPU.1.1.0
2024-02-13 19:09:49,687 [WARN] PackLoader:240 - Cannot read IP mode file for RoweBots.I-CUBE-UNISONRTOS.5.5.0-4
2024-02-13 19:09:49,691 [WARN] PackLoader:240 - Cannot read IP mode file for STMicroelectronics.X-CUBE-AI.8.0.0
2024-02-13 19:09:49,700 [WARN] ConditionMgr:438 - getConditionDescription Invalid condition id : UX DEVICE CLASS RTOS Condition cause : null
2024-02-13 19:09:49,700 [WARN] ConditionMgr:438 - getConditionDescription Invalid condition id : UX DEVICE CLASS RTOS Condition cause : null
2024-02-13 19:09:49,702 [WARN] PackLoader:240 - Cannot read IP mode file for STMicroelectronics.X-CUBE-AZRTOS-WB.2.0.0
2024-02-13 19:09:49,702 [WARN] ConditionMgr:1039 - genDependencies : Invalid condition id : UX DEVICE CLASS RTOS Condition cause : null
2024-02-13 19:09:49,702 [WARN] ConditionMgr:1039 - genDependencies : Invalid condition id : UX DEVICE CLASS RTOS Condition cause : null
2024-02-13 19:09:49,703 [WARN] ConditionMgr:1039 - genDependencies : Invalid condition id : UX DEVICE CLASS RTOS Condition cause : null
2024-02-13 19:09:49,703 [WARN] ConditionMgr:1039 - genDependencies : Invalid condition id : UX DEVICE CLASS RTOS Condition cause : null
2024-02-13 19:09:49,703 [WARN] ConditionMgr:1039 - genDependencies : Invalid condition id : UX DEVICE CLASS RTOS Condition cause : null
2024-02-13 19:09:49,706 [WARN] PackLoader:240 - Cannot read IP mode file for STMicroelectronics.X-CUBE-FREERTOS.1.0.0
2024-02-13 19:09:49,709 [WARN] PackLoader:240 - Cannot read IP mode file for STMicroelectronics.X-CUBE-FREERTOS.1.0.1
2024-02-13 19:09:49,714 [WARN] PackLoader:240 - Cannot read IP mode file for STMicroelectronics.X-CUBE-BLEMGR.1.0.0
2024-02-13 19:09:49,725 [WARN] PackLoader:240 - Cannot read IP mode file for STMicroelectronics.X-CUBE-AZRTOS-L5.1.1.0
2024-02-13 19:09:49,730 [WARN] PackLoader:240 - Cannot read IP mode file for STMicroelectronics.X-CUBE-AI.8.0.1
2024-02-13 19:09:49,737 [WARN] PackLoader:240 - Cannot read IP mode file for STMicroelectronics.X-CUBE-SUBG2.5.0.0
2024-02-13 19:09:49,748 [WARN] PackLoader:240 - Cannot read IP mode file for STMicroelectronics.X-CUBE-TOF1.3.3.1
2024-02-13 19:09:49,764 [WARN] PackLoader:240 - Cannot read IP mode file for STMicroelectronics.X-CUBE-AZRTOS-G4.2.0.0
2024-02-13 19:09:49,772 [WARN] PackLoader:240 - Cannot read IP mode file for STMicroelectronics.X-CUBE-TOF1.3.3.0
2024-02-13 19:09:49,780 [WARN] PackLoader:240 - Cannot read IP mode file for STMicroelectronics.FP-ATR-ASTRA1.1.1.1
2024-02-13 19:09:49,789 [WARN] PackLoader:240 - Cannot read IP mode file for Infineon.AIROC-Wi-Fi-Bluetooth-STM32.1.5.1
2024-02-13 19:09:49,793 [WARN] PackLoader:240 - Cannot read IP mode file for STMicroelectronics.FP-ATR-ASTRA1.1.1.0
2024-02-13 19:09:49,796 [WARN] PackLoader:240 - Cannot read IP mode file for STMicroelectronics.FP-SNS-MOTENVWB1.1.3.0
2024-02-13 19:09:49,799 [WARN] PackLoader:240 - Cannot read IP mode file for STMicroelectronics.FP-SNS-MOTENVWB1.1.3.1
2024-02-13 19:09:49,809 [WARN] PackLoader:240 - Cannot read IP mode file for STMicroelectronics.X-CUBE-AZRTOS-G4.1.0.0
2024-02-13 19:09:49,812 [WARN] PackLoader:240 - Cannot read IP mode file for wolfSSL.I-CUBE-wolfSSL.5.3.0
2024-02-13 19:09:49,823 [WARN] PackLoader:240 - Cannot read IP mode file for STMicroelectronics.X-CUBE-AZRTOS-L4.1.0.0
2024-02-13 19:09:49,828 [WARN] PackLoader:240 - Cannot read IP mode file for STMicroelectronics.X-CUBE-ISPU.2.0.0
2024-02-13 19:09:49,859 [WARN] PackLoader:240 - Cannot read IP mode file for STMicroelectronics.X-CUBE-MEMS1.10.0.0
2024-02-13 19:09:49,961 [WARN] PackLoader:240 - Cannot read IP mode file for STMicroelectronics.X-CUBE-FREERTOS.1.1.0
2024-02-13 19:09:49,976 [WARN] PackLoader:240 - Cannot read IP mode file for STMicroelectronics.X-CUBE-AZRTOS-F7.1.0.0
2024-02-13 19:09:49,988 [WARN] PackLoader:240 - Cannot read IP mode file for STMicroelectronics.X-CUBE-AZRTOS-WL.1.0.0
2024-02-13 19:09:49,993 [WARN] PackLoader:240 - Cannot read IP mode file for portGmbH.I-Cube-SoM-uGOAL.1.1.0
2024-02-13 19:09:49,997 [WARN] PackLoader:240 - Cannot read IP mode file for STMicroelectronics.X-CUBE-ALS.1.0.1
2024-02-13 19:09:50,009 [WARN] PackLoader:240 - Cannot read IP mode file for STMicroelectronics.X-CUBE-AZRTOS-WB.1.1.0
2024-02-13 19:09:50,021 [WARN] PackLoader:240 - Cannot read IP mode file for STMicroelectronics.X-CUBE-AZRTOS-L5.1.0.0
2024-02-13 19:09:50,027 [WARN] PackLoader:240 - Cannot read IP mode file for STMicroelectronics.X-CUBE-EEPRMA1.3.1.1
2024-02-13 19:09:50,031 [WARN] PackLoader:240 - Cannot read IP mode file for STMicroelectronics.FP-ATR-ASTRA1.2.0.0
2024-02-13 19:09:50,039 [WARN] PackLoader:240 - Cannot read IP mode file for STMicroelectronics.X-CUBE-TOF1.3.4.0
2024-02-13 19:09:50,068 [WARN] PackLoader:240 - Cannot read IP mode file for STMicroelectronics.X-CUBE-AZRTOS-H7.3.2.0
2024-02-13 19:09:50,071 [INFO] ThirdParty:978 - Integrity check success = true
2024-02-13 19:09:50,071 [INFO] IntegrityCheckThread:100 - exiting critical section [integrity check]
2024-02-13 19:09:50,071 [INFO] IntegrityCheckThread:103 - End integrity checks thread
2024-02-13 19:09:52,666 [INFO] WebApp:157 - Instantiating new browser for Auth
2024-02-13 19:09:53,425 [INFO] WebApp:753 - Register for checkConnection events
2024-02-13 19:09:53,425 [INFO] WebApp:390 - Apply proxy settings
2024-02-13 19:09:53,428 [INFO] WebApp:455 - Chromium authenticates against System proxy
2024-02-13 19:09:53,698 [INFO] WebApp:188 - Starting web application
2024-02-13 19:09:53,699 [INFO] WebApp:520 - Web application path used /Applications/STM32CubeIDE.app/Contents/Eclipse/plugins/com.st.stm32cube.common.mx_6.9.1.202307191849/db/plugins/mcufinder/reactClient1/index.html
2024-02-13 19:10:14,547 [ERROR] LogOutputStream:75 - [STDERR_REDIRECT] SLF4J: Failed to load class "org.slf4j.impl.StaticLoggerBinder".
2024-02-13 19:10:14,548 [ERROR] LogOutputStream:75 - [STDERR_REDIRECT] SLF4J: Defaulting to no-operation (NOP) logger implementation
2024-02-13 19:10:14,548 [ERROR] LogOutputStream:75 - [STDERR_REDIRECT] SLF4J: See http://www.slf4j.org/codes.html#StaticLoggerBinder for further details.
