2023-09-16 11:15:19,910 [INFO] MainUpdater:2868 - connection check result : 10
2023-09-16 11:15:19,948 [INFO] MainUpdater:2868 - connection check result : 10
2023-09-16 11:15:21,472 [INFO] MicroXplorer:468 - Change Database Path : 
2023-09-16 11:15:21,472 [INFO] MicroXplorer:498 - Change Database Version : DB.6.0.91
2023-09-16 11:15:21,500 [WARN] ThirdParty:871 - waiting for thirdparty lock release [close project]
2023-09-16 11:15:21,500 [INFO] ThirdParty:873 - entering critical section [close project]
2023-09-16 11:15:21,500 [INFO] ThirdParty:883 - exiting critical section [close project]
2023-09-16 11:15:21,504 [INFO] PinOutPanel:1499 - setPackage(No Configuration,No Configuration)
2023-09-16 11:15:21,532 [WARN] IpParametersView:151 - Warning: This peripheral hasn't parameters
2023-09-16 11:15:21,537 [WARN] MainPanel:272 - <html><b><center>Warning: This peripheral has no parameters to be configured<br></b></html>
2023-09-16 11:15:21,547 [INFO] UtilMem:75 - Begin LoadConfig() Used Memory: 705955720 Bytes (1073741824)
2023-09-16 11:15:21,549 [INFO] MicroXplorer:468 - Change Database Path : 
2023-09-16 11:15:21,549 [INFO] MicroXplorer:498 - Change Database Version : DB.6.0.91
2023-09-16 11:15:21,549 [INFO] OpenFileManager:308 - Change cursor
2023-09-16 11:15:21,563 [INFO] RulesReader:64 - Compatibility file has been processed (293 Rules)
2023-09-16 11:15:21,568 [INFO] Mcu:1946 - Initializing MCU STM32H750IBKx STM32H750IBKx STM32H750IBK6
2023-09-16 11:15:24,894 [INFO] Context:659 - Trying to add GPIOservice into a context  which must be forbidden
2023-09-16 11:15:26,352 [INFO] RtosManager:555 - Registered RTOS mode: class=CMSIS, group=RTOS, mode=CMSIS_V1, owner=FREERTOS
2023-09-16 11:15:26,353 [INFO] RtosManager:555 - Registered RTOS mode: class=CMSIS, group=RTOS2, mode=CMSIS_V2, owner=FREERTOS
2023-09-16 11:15:26,353 [INFO] RtosManager:555 - Registered RTOS mode: class=RTOS, group=Core, mode=CMSIS_V1, owner=FREERTOS
2023-09-16 11:15:26,353 [INFO] RtosManager:555 - Registered RTOS mode: class=RTOS, group=Core, mode=CMSIS_V2, owner=FREERTOS
2023-09-16 11:15:26,353 [WARN] ModelIntegratedComponent:184 - Missing modes for component STMicroelectronics:FreeRTOS:0.0.1:STMicroelectronics:RTOS:FreeRTOS:Core:::10.2.0:
2023-09-16 11:15:26,356 [WARN] ModelIntegratedComponent:63 - No mode defined for component null
2023-09-16 11:15:26,356 [WARN] ModelIntegratedComponent:63 - No mode defined for component null
2023-09-16 11:15:26,356 [WARN] ModelIntegratedComponent:63 - No mode defined for component null
2023-09-16 11:15:26,356 [WARN] ModelIntegratedComponent:63 - No mode defined for component null
2023-09-16 11:15:26,356 [WARN] ModelIntegratedComponent:63 - No mode defined for component null
2023-09-16 11:15:26,356 [WARN] ModelIntegratedComponent:63 - No mode defined for component null
2023-09-16 11:15:26,356 [WARN] ModelIntegratedComponent:63 - No mode defined for component null
2023-09-16 11:15:26,356 [WARN] ModelIntegratedComponent:63 - No mode defined for component null
2023-09-16 11:15:26,356 [WARN] ModelIntegratedComponent:63 - No mode defined for component null
2023-09-16 11:15:26,356 [WARN] ModelIntegratedComponent:63 - No mode defined for component null
2023-09-16 11:15:26,357 [WARN] ModelIntegratedComponent:63 - No mode defined for component null
2023-09-16 11:15:26,357 [WARN] ModelIntegratedComponent:63 - No mode defined for component null
2023-09-16 11:15:26,357 [WARN] ModelIntegratedComponent:63 - No mode defined for component null
2023-09-16 11:15:26,357 [WARN] ModelIntegratedComponent:63 - No mode defined for component null
2023-09-16 11:15:26,357 [WARN] ModelIntegratedComponent:63 - No mode defined for component null
2023-09-16 11:15:26,357 [WARN] ModelIntegratedComponent:63 - No mode defined for component null
2023-09-16 11:15:26,357 [WARN] ModelIntegratedComponent:63 - No mode defined for component null
2023-09-16 11:15:26,357 [WARN] ModelIntegratedComponent:63 - No mode defined for component null
2023-09-16 11:15:26,357 [WARN] ModelIntegratedComponent:63 - No mode defined for component null
2023-09-16 11:15:26,357 [WARN] ModelIntegratedComponent:63 - No mode defined for component null
2023-09-16 11:15:26,357 [WARN] ModelIntegratedComponent:63 - No mode defined for component null
2023-09-16 11:15:26,357 [WARN] ModelIntegratedComponent:63 - No mode defined for component null
2023-09-16 11:15:26,357 [WARN] ModelIntegratedComponent:63 - No mode defined for component null
2023-09-16 11:15:26,357 [WARN] ModelIntegratedComponent:63 - No mode defined for component null
2023-09-16 11:15:26,357 [WARN] ModelIntegratedComponent:63 - No mode defined for component null
2023-09-16 11:15:26,357 [WARN] ModelIntegratedComponent:63 - No mode defined for component null
2023-09-16 11:15:26,357 [WARN] ModelIntegratedComponent:63 - No mode defined for component null
2023-09-16 11:15:26,357 [WARN] ModelIntegratedComponent:63 - No mode defined for component null
2023-09-16 11:15:26,357 [WARN] ModelIntegratedComponent:63 - No mode defined for component null
2023-09-16 11:15:26,357 [WARN] ModelIntegratedComponent:63 - No mode defined for component null
2023-09-16 11:15:26,357 [WARN] ModelIntegratedComponent:63 - No mode defined for component null
2023-09-16 11:15:26,357 [WARN] ModelIntegratedComponent:63 - No mode defined for component null
2023-09-16 11:15:26,357 [WARN] ModelIntegratedComponent:63 - No mode defined for component null
2023-09-16 11:15:26,614 [INFO] ThirdPartyModel:298 - Start build external matchings
2023-09-16 11:15:29,683 [INFO] ThirdPartyModel:316 - End build external matchings
2023-09-16 11:15:29,729 [INFO] ImportTextPane:194 - (OptionalMessage_ERROR) IP (RCC) : Parameter (FDCANFreq_Value) has invalid value (160000000)
2023-09-16 11:15:29,729 [INFO] ImportTextPane:194 - (OptionalMessage_ERROR) IP (RCC) : Invalid parameter (FamilyName)
2023-09-16 11:15:29,729 [INFO] ImportTextPane:194 - (OptionalMessage_ERROR) IP (RCC) : Parameter (SAI4AFreq_Value) has invalid value (160000000)
2023-09-16 11:15:29,729 [INFO] ImportTextPane:194 - (OptionalMessage_ERROR) IP (RCC) : Parameter (SAI4BFreq_Value) has invalid value (160000000)
2023-09-16 11:15:29,734 [INFO] ImportTextPane:194 - (OptionalMessage_ERROR) IP (SDMMC1) : Invalid parameter (USE_SD_TRANSCEIVER)
2023-09-16 11:15:30,068 [INFO] UtilMem:75 - End LoadConfig() Used Memory: 466625288 Bytes (1073741824)
2023-09-16 11:15:30,108 [WARN] ThirdParty:833 - waiting for thirdparty lock release [change project]
2023-09-16 11:15:30,108 [INFO] ThirdParty:835 - entering critical section [change project]
2023-09-16 11:15:30,108 [INFO] ThirdParty:1030 - CMSIS Pack Vendor :STMicroelectronics USBPD 4.1
2023-09-16 11:15:30,108 [INFO] ThirdParty:1030 - CMSIS Pack Vendor :STMicroelectronics X-CUBE-GNSS1 6.0.0
2023-09-16 11:15:30,108 [INFO] ThirdParty:1030 - CMSIS Pack Vendor :STMicroelectronics USB_HOST 2.0.0
2023-09-16 11:15:30,108 [INFO] ThirdParty:1030 - CMSIS Pack Vendor :STMicroelectronics X-CUBE-AZRTOS-F4 1.1.0
2023-09-16 11:15:30,108 [INFO] ThirdParty:1030 - CMSIS Pack Vendor :STMicroelectronics LIBJPEG 8.0.0
2023-09-16 11:15:30,109 [INFO] ThirdParty:1030 - CMSIS Pack Vendor :STMicroelectronics X-CUBE-SMBUS 2.1.0
2023-09-16 11:15:30,109 [INFO] ThirdParty:1030 - CMSIS Pack Vendor :STMicroelectronics X-CUBE-MEMS1 9.2.0
2023-09-16 11:15:30,109 [INFO] ThirdParty:1030 - CMSIS Pack Vendor :STMicroelectronics X-CUBE-BLEMGR 1.2.0
2023-09-16 11:15:30,109 [INFO] ThirdParty:1030 - CMSIS Pack Vendor :STMicroelectronics X-CUBE-AZRTOS-F7 1.1.0
2023-09-16 11:15:30,109 [INFO] ThirdParty:1030 - CMSIS Pack Vendor :STMicroelectronics X-CUBE-AZRTOS-L5 2.0.0
2023-09-16 11:15:30,109 [INFO] ThirdParty:1030 - CMSIS Pack Vendor :STMicroelectronics USB_DEVICE 2.0.0
2023-09-16 11:15:30,109 [INFO] ThirdParty:1030 - CMSIS Pack Vendor :STMicroelectronics X-CUBE-MEMS1 9.6.0
2023-09-16 11:15:30,109 [INFO] ThirdParty:1030 - CMSIS Pack Vendor :STMicroelectronics FP-SNS-MOTENV1 4.3.0
2023-09-16 11:15:30,109 [INFO] ThirdParty:1030 - CMSIS Pack Vendor :STMicroelectronics FP-SNS-MOTENV1 4.3.2
2023-09-16 11:15:30,109 [INFO] ThirdParty:1030 - CMSIS Pack Vendor :STMicroelectronics FP-SNS-FLIGHT1 5.0.0
2023-09-16 11:15:30,109 [INFO] ThirdParty:1030 - CMSIS Pack Vendor :STMicroelectronics FP-SNS-MOTENV1 4.3.1
2023-09-16 11:15:30,109 [INFO] ThirdParty:1030 - CMSIS Pack Vendor :STMicroelectronics FP-SNS-FLIGHT1 5.0.1
2023-09-16 11:15:30,109 [INFO] ThirdParty:1030 - CMSIS Pack Vendor :STMicroelectronics X-CUBE-BLE1 6.2.3
2023-09-16 11:15:30,109 [INFO] ThirdParty:1030 - CMSIS Pack Vendor :STMicroelectronics X-CUBE-BLE1 6.2.4
2023-09-16 11:15:30,109 [INFO] ThirdParty:1030 - CMSIS Pack Vendor :STMicroelectronics FreeRTOS 0.0.1
2023-09-16 11:15:30,109 [INFO] ThirdParty:1030 - CMSIS Pack Vendor :STMicroelectronics X-CUBE-BLEMGR 2.0.0
2023-09-16 11:15:30,109 [INFO] ThirdParty:1030 - CMSIS Pack Vendor :STMicroelectronics FP-SNS-FLIGHT1 5.0.2
2023-09-16 11:15:30,109 [INFO] ThirdParty:1030 - CMSIS Pack Vendor :STMicroelectronics X-CUBE-NFC4 2.0.5
2023-09-16 11:15:30,109 [INFO] ThirdParty:1030 - CMSIS Pack Vendor :STMicroelectronics X-CUBE-NFC4 2.0.4
2023-09-16 11:15:30,109 [INFO] ThirdParty:1030 - CMSIS Pack Vendor :STMicroelectronics X-CUBE-AZRTOS-H7 3.1.0
2023-09-16 11:15:30,109 [INFO] ThirdParty:1030 - CMSIS Pack Vendor :STMicroelectronics PDM2PCM 3.3.0
2023-09-16 11:15:30,109 [INFO] ThirdParty:1030 - CMSIS Pack Vendor :STMicroelectronics X-CUBE-TOF1 3.1.0
2023-09-16 11:15:30,109 [INFO] ThirdParty:1030 - CMSIS Pack Vendor :STMicroelectronics X-CUBE-DISPLAY 3.0.0
2023-09-16 11:15:30,109 [INFO] ThirdParty:1030 - CMSIS Pack Vendor :STMicroelectronics X-CUBE-AZRTOS-F4 1.0.0
2023-09-16 11:15:30,109 [INFO] ThirdParty:1030 - CMSIS Pack Vendor :STMicroelectronics X-CUBE-BLE1 7.0.0
2023-09-16 11:15:30,109 [INFO] ThirdParty:1030 - CMSIS Pack Vendor :STMicroelectronics HAL Drivers 0.0.0
2023-09-16 11:15:30,109 [INFO] ThirdParty:1030 - CMSIS Pack Vendor :STMicroelectronics X-CUBE-TOUCHGFX 4.22.0
2023-09-16 11:15:30,109 [INFO] ThirdParty:1030 - CMSIS Pack Vendor :STMicroelectronics X-CUBE-NFC7 1.0.1
2023-09-16 11:15:30,109 [INFO] ThirdParty:1030 - CMSIS Pack Vendor :STMicroelectronics MBEDTLS 2.14.1
2023-09-16 11:15:30,109 [INFO] ThirdParty:1030 - CMSIS Pack Vendor :STMicroelectronics X-CUBE-NFC7 1.0.0
2023-09-16 11:15:30,109 [INFO] ThirdParty:1030 - CMSIS Pack Vendor :STMicroelectronics X-CUBE-NFC6 3.0.0
2023-09-16 11:15:30,109 [INFO] ThirdParty:1030 - CMSIS Pack Vendor :STMicroelectronics X-CUBE-MEMS1 9.3.0
2023-09-16 11:15:30,109 [INFO] ThirdParty:1030 - CMSIS Pack Vendor :STMicroelectronics X-CUBE-EEPRMA1 4.1.0
2023-09-16 11:15:30,110 [INFO] ThirdParty:1030 - CMSIS Pack Vendor :STMicroelectronics X-CUBE-AI 7.2.0
2023-09-16 11:15:30,110 [INFO] ThirdParty:1030 - CMSIS Pack Vendor :STMicroelectronics FP-SNS-SMARTAG2 1.2.0
2023-09-16 11:15:30,110 [INFO] ThirdParty:1030 - CMSIS Pack Vendor :STMicroelectronics X-CUBE-AZRTOS-WL 2.0.0
2023-09-16 11:15:30,110 [INFO] ThirdParty:1030 - CMSIS Pack Vendor :STMicroelectronics USB_DEVICE 1.0.0
2023-09-16 11:15:30,110 [INFO] ThirdParty:1030 - CMSIS Pack Vendor :STMicroelectronics X-CUBE-AI 8.1.0
2023-09-16 11:15:30,110 [INFO] ThirdParty:1030 - CMSIS Pack Vendor :STMicroelectronics X-CUBE-AZRTOS-L4 2.0.0
2023-09-16 11:15:30,110 [INFO] ThirdParty:1030 - CMSIS Pack Vendor :STMicroelectronics ThreadX 0.0.2
2023-09-16 11:15:30,110 [INFO] ThirdParty:1030 - CMSIS Pack Vendor :WES I-CUBE-Cesium 1.3.0
2023-09-16 11:15:30,110 [INFO] ThirdParty:1030 - CMSIS Pack Vendor :STMicroelectronics lwIP 2.1.2
2023-09-16 11:15:30,110 [INFO] ThirdParty:1030 - CMSIS Pack Vendor :STMicroelectronics X-CUBE-SFXS2LP1 4.0.0
2023-09-16 11:15:30,110 [INFO] ThirdParty:1030 - CMSIS Pack Vendor :STMicroelectronics X-CUBE-BLE2 3.3.0
2023-09-16 11:15:30,110 [INFO] ThirdParty:1030 - CMSIS Pack Vendor :STMicroelectronics X-CUBE-DISPLAY 2.2.0
2023-09-16 11:15:30,110 [INFO] ThirdParty:1030 - CMSIS Pack Vendor :STMicroelectronics X-CUBE-TOF1 3.2.0
2023-09-16 11:15:30,110 [INFO] ThirdParty:1030 - CMSIS Pack Vendor :STMicroelectronics PDM2PCM 3.2.0
2023-09-16 11:15:30,110 [INFO] ThirdParty:1030 - CMSIS Pack Vendor :STMicroelectronics X-CUBE-AZRTOS-H7 3.0.0
2023-09-16 11:15:30,110 [INFO] ThirdParty:1030 - CMSIS Pack Vendor :STMicroelectronics X-CUBE-ISPU 1.0.0
2023-09-16 11:15:30,110 [INFO] ThirdParty:1030 - CMSIS Pack Vendor :STMicroelectronics X-CUBE-ISPU 1.1.0
2023-09-16 11:15:30,110 [INFO] ThirdParty:1030 - CMSIS Pack Vendor :RoweBots I-CUBE-UNISONRTOS 5.5.0-4
2023-09-16 11:15:30,110 [INFO] ThirdParty:1030 - CMSIS Pack Vendor :STMicroelectronics X-CUBE-AZRTOS-H7 2.1.0
2023-09-16 11:15:30,110 [INFO] ThirdParty:1030 - CMSIS Pack Vendor :STMicroelectronics USB_DEVICE 3.0.0
2023-09-16 11:15:30,110 [INFO] ThirdParty:1030 - CMSIS Pack Vendor :STMicroelectronics X-CUBE-AI 8.0.0
2023-09-16 11:15:30,110 [INFO] ThirdParty:1030 - CMSIS Pack Vendor :STMicroelectronics X-CUBE-AZRTOS-WB 2.0.0
2023-09-16 11:15:30,110 [INFO] ThirdParty:1030 - CMSIS Pack Vendor :STMicroelectronics X-CUBE-FREERTOS 1.0.0
2023-09-16 11:15:30,110 [INFO] ThirdParty:1030 - CMSIS Pack Vendor :STMicroelectronics X-CUBE-FREERTOS 1.0.1
2023-09-16 11:15:30,110 [INFO] ThirdParty:1030 - CMSIS Pack Vendor :STMicroelectronics X-CUBE-TOUCHGFX 4.21.1
2023-09-16 11:15:30,110 [INFO] ThirdParty:1030 - CMSIS Pack Vendor :STMicroelectronics X-CUBE-TOUCHGFX 4.21.0
2023-09-16 11:15:30,110 [INFO] ThirdParty:1030 - CMSIS Pack Vendor :STMicroelectronics X-CUBE-TOUCHGFX 4.21.3
2023-09-16 11:15:30,110 [INFO] ThirdParty:1030 - CMSIS Pack Vendor :STMicroelectronics X-CUBE-BLEMGR 1.0.0
2023-09-16 11:15:30,110 [INFO] ThirdParty:1030 - CMSIS Pack Vendor :STMicroelectronics X-CUBE-TOUCHGFX 4.21.4
2023-09-16 11:15:30,110 [INFO] ThirdParty:1030 - CMSIS Pack Vendor :STMicroelectronics X-CUBE-MEMS1 9.4.0
2023-09-16 11:15:30,110 [INFO] ThirdParty:1030 - CMSIS Pack Vendor :STMicroelectronics X-CUBE-AI 7.3.0
2023-09-16 11:15:30,110 [INFO] ThirdParty:1030 - CMSIS Pack Vendor :STMicroelectronics X-CUBE-ALGOBUILD 1.3.0
2023-09-16 11:15:30,110 [INFO] ThirdParty:1030 - CMSIS Pack Vendor :STMicroelectronics X-CUBE-AZRTOS-L5 1.1.0
2023-09-16 11:15:30,110 [INFO] ThirdParty:1030 - CMSIS Pack Vendor :STMicroelectronics X-CUBE-AZRTOS-G0 1.1.0
2023-09-16 11:15:30,111 [INFO] ThirdParty:1030 - CMSIS Pack Vendor :STMicroelectronics X-CUBE-AI 8.0.1
2023-09-16 11:15:30,111 [INFO] ThirdParty:1030 - CMSIS Pack Vendor :STMicroelectronics X-CUBE-NFC4 3.0.0
2023-09-16 11:15:30,111 [INFO] ThirdParty:1030 - CMSIS Pack Vendor :SEGGER I-CUBE-embOS 1.2.0
2023-09-16 11:15:30,111 [INFO] ThirdParty:1030 - CMSIS Pack Vendor :STMicroelectronics X-CUBE-SUBG2 5.0.0
2023-09-16 11:15:30,111 [INFO] ThirdParty:1030 - CMSIS Pack Vendor :STMicroelectronics STM32_WPAN 1.0.0
2023-09-16 11:15:30,111 [INFO] ThirdParty:1030 - CMSIS Pack Vendor :STMicroelectronics lwIP 2.0.3
2023-09-16 11:15:30,111 [INFO] ThirdParty:1030 - CMSIS Pack Vendor :STMicroelectronics USB_HOST 1.0.0
2023-09-16 11:15:30,111 [INFO] ThirdParty:1030 - CMSIS Pack Vendor :STMicroelectronics X-CUBE-TOF1 3.3.1
2023-09-16 11:15:30,111 [INFO] ThirdParty:1030 - CMSIS Pack Vendor :STMicroelectronics X-CUBE-AZRTOS-G4 2.0.0
2023-09-16 11:15:30,111 [INFO] ThirdParty:1030 - CMSIS Pack Vendor :STMicroelectronics PDM2PCM 3.1.0
2023-09-16 11:15:30,111 [INFO] ThirdParty:1030 - CMSIS Pack Vendor :STMicroelectronics X-CUBE-TOF1 3.3.0
2023-09-16 11:15:30,111 [INFO] ThirdParty:1030 - CMSIS Pack Vendor :STMicroelectronics FP-ATR-ASTRA1 1.1.1
2023-09-16 11:15:30,111 [INFO] ThirdParty:1030 - CMSIS Pack Vendor :STMicroelectronics FP-ATR-ASTRA1 1.1.0
2023-09-16 11:15:30,111 [INFO] ThirdParty:1030 - CMSIS Pack Vendor :STMicroelectronics X-CUBE-BLEMGR 1.3.0
2023-09-16 11:15:30,111 [INFO] ThirdParty:1030 - CMSIS Pack Vendor :STMicroelectronics FP-ATR-SIGFOX1 3.2.0
2023-09-16 11:15:30,111 [INFO] ThirdParty:1030 - CMSIS Pack Vendor :STMicroelectronics X-CUBE-AZRTOS-G4 1.0.0
2023-09-16 11:15:30,111 [INFO] ThirdParty:1030 - CMSIS Pack Vendor :wolfSSL I-CUBE-wolfSSL 5.3.0
2023-09-16 11:15:30,111 [INFO] ThirdParty:1030 - CMSIS Pack Vendor :STMicroelectronics X-CUBE-AZRTOS-L4 1.0.0
2023-09-16 11:15:30,111 [INFO] ThirdParty:1030 - CMSIS Pack Vendor :STMicroelectronics MBEDTLS 2.16.2
2023-09-16 11:15:30,111 [INFO] ThirdParty:1030 - CMSIS Pack Vendor :emotas I-CUBE-CANOPEN 1.1.2
2023-09-16 11:15:30,111 [INFO] ThirdParty:1030 - CMSIS Pack Vendor :STMicroelectronics X-CUBE-TOUCHGFX 4.20.0
2023-09-16 11:15:30,111 [INFO] ThirdParty:1030 - CMSIS Pack Vendor :STMicroelectronics X-CUBE-FREERTOS 1.1.0
2023-09-16 11:15:30,111 [INFO] ThirdParty:1030 - CMSIS Pack Vendor :STMicroelectronics X-CUBE-AZRTOS-F7 1.0.0
2023-09-16 11:15:30,111 [INFO] ThirdParty:1030 - CMSIS Pack Vendor :STMicroelectronics X-CUBE-AZRTOS-WL 1.0.0
2023-09-16 11:15:30,111 [INFO] ThirdParty:1030 - CMSIS Pack Vendor :portGmbH I-Cube-SoM-uGOAL 1.1.0
2023-09-16 11:15:30,111 [INFO] ThirdParty:1030 - CMSIS Pack Vendor :STMicroelectronics X-CUBE-ALS 1.0.1
2023-09-16 11:15:30,111 [INFO] ThirdParty:1030 - CMSIS Pack Vendor :STMicroelectronics X-CUBE-MEMS1 9.5.0
2023-09-16 11:15:30,111 [INFO] ThirdParty:1030 - CMSIS Pack Vendor :STMicroelectronics ThreadX 1.0.0
2023-09-16 11:15:30,111 [INFO] ThirdParty:1030 - CMSIS Pack Vendor :STMicroelectronics X-CUBE-AZRTOS-WB 1.1.0
2023-09-16 11:15:30,111 [INFO] ThirdParty:1030 - CMSIS Pack Vendor :SEGGER I-CUBE-embOS 1.3.1
2023-09-16 11:15:30,111 [INFO] ThirdParty:1030 - CMSIS Pack Vendor :STMicroelectronics X-CUBE-AZRTOS-L5 1.0.0
2023-09-16 11:15:30,111 [INFO] ThirdParty:1030 - CMSIS Pack Vendor :STMicroelectronics X-CUBE-EEPRMA1 3.1.1
2023-09-16 11:15:30,111 [INFO] ThirdParty:1030 - CMSIS Pack Vendor :STMicroelectronics FP-ATR-ASTRA1 2.0.0
2023-09-16 11:15:30,111 [INFO] ThirdParty:841 - exiting critical section [change project]
2023-09-16 11:15:30,357 [INFO] PinOutPanel:1499 - setPackage(No Configuration,No Configuration)
2023-09-16 11:15:30,357 [INFO] PinOutPanel:1499 - setPackage(STM32H750IBKx,UFBGA176)
2023-09-16 11:15:30,975 [INFO] UtilMem:75 - Before build in PCC Used Memory: 521271296 Bytes (1073741824)
2023-09-16 11:15:31,126 [INFO] UtilMem:75 - After build in PCC Used Memory: 581043936 Bytes (1073741824)
2023-09-16 11:15:31,129 [INFO] ApiDbMcu:507 - Load IP Config File for FATFS
2023-09-16 11:15:31,154 [INFO] IPUIPlugin:80 - create IPUIPlugin
2023-09-16 11:15:31,154 [INFO] IPUIPlugin:80 - create IPUIPlugin
2023-09-16 11:15:31,154 [INFO] IPUIPlugin:80 - create IPUIPlugin
2023-09-16 11:15:31,155 [INFO] IPUIPlugin:80 - create IPUIPlugin
2023-09-16 11:15:31,155 [INFO] IPUIPlugin:80 - create IPUIPlugin
2023-09-16 11:15:31,155 [INFO] IPUIPlugin:80 - create IPUIPlugin
2023-09-16 11:15:31,155 [INFO] IPUIPlugin:80 - create IPUIPlugin
2023-09-16 11:15:31,155 [INFO] IPUIPlugin:80 - create IPUIPlugin
2023-09-16 11:15:31,155 [INFO] IPUIPlugin:80 - create IPUIPlugin
2023-09-16 11:15:31,155 [INFO] IPUIPlugin:80 - create IPUIPlugin
2023-09-16 11:15:31,155 [INFO] IPUIPlugin:80 - create IPUIPlugin
2023-09-16 11:15:31,156 [INFO] IPUIPlugin:80 - create IPUIPlugin
2023-09-16 11:15:31,156 [INFO] IPUIPlugin:80 - create IPUIPlugin
2023-09-16 11:15:31,156 [INFO] IPUIPlugin:80 - create IPUIPlugin
2023-09-16 11:15:31,156 [INFO] IPUIPlugin:80 - create IPUIPlugin
2023-09-16 11:15:31,156 [INFO] IPUIPlugin:80 - create IPUIPlugin
2023-09-16 11:15:31,156 [INFO] IPUIPlugin:80 - create IPUIPlugin
2023-09-16 11:15:31,156 [INFO] IPUIPlugin:80 - create IPUIPlugin
2023-09-16 11:15:31,156 [INFO] IPUIPlugin:80 - create IPUIPlugin
2023-09-16 11:15:31,156 [INFO] IPUIPlugin:80 - create IPUIPlugin
2023-09-16 11:15:31,156 [INFO] IPUIPlugin:80 - create IPUIPlugin
2023-09-16 11:15:31,156 [INFO] IPUIPlugin:80 - create IPUIPlugin
2023-09-16 11:15:31,157 [INFO] IPUIPlugin:80 - create IPUIPlugin
2023-09-16 11:15:31,157 [INFO] IPUIPlugin:80 - create IPUIPlugin
2023-09-16 11:15:31,157 [INFO] IPUIPlugin:80 - create IPUIPlugin
2023-09-16 11:15:31,157 [INFO] IPUIPlugin:80 - create IPUIPlugin
2023-09-16 11:15:31,157 [INFO] IPUIPlugin:80 - create IPUIPlugin
2023-09-16 11:15:31,157 [INFO] IPUIPlugin:80 - create IPUIPlugin
2023-09-16 11:15:31,157 [INFO] IPUIPlugin:80 - create IPUIPlugin
2023-09-16 11:15:31,158 [INFO] IPUIPlugin:80 - create IPUIPlugin
2023-09-16 11:15:31,158 [INFO] IPUIPlugin:80 - create IPUIPlugin
2023-09-16 11:15:31,158 [INFO] IPUIPlugin:80 - create IPUIPlugin
2023-09-16 11:15:31,158 [INFO] IPUIPlugin:80 - create IPUIPlugin
2023-09-16 11:15:31,158 [INFO] IPUIPlugin:80 - create IPUIPlugin
2023-09-16 11:15:31,159 [INFO] IPUIPlugin:80 - create IPUIPlugin
2023-09-16 11:15:31,159 [INFO] IPUIPlugin:80 - create IPUIPlugin
2023-09-16 11:15:31,159 [INFO] IPUIPlugin:80 - create IPUIPlugin
2023-09-16 11:15:31,159 [INFO] IPUIPlugin:80 - create IPUIPlugin
2023-09-16 11:15:31,160 [INFO] IPUIPlugin:80 - create IPUIPlugin
2023-09-16 11:15:31,160 [INFO] IPUIPlugin:80 - create IPUIPlugin
2023-09-16 11:15:31,160 [INFO] IPUIPlugin:80 - create IPUIPlugin
2023-09-16 11:15:31,160 [INFO] IPUIPlugin:80 - create IPUIPlugin
2023-09-16 11:15:31,161 [INFO] IPUIPlugin:80 - create IPUIPlugin
2023-09-16 11:15:31,161 [INFO] IPUIPlugin:80 - create IPUIPlugin
2023-09-16 11:15:31,161 [INFO] IPUIPlugin:80 - create IPUIPlugin
2023-09-16 11:15:31,161 [INFO] IPUIPlugin:80 - create IPUIPlugin
2023-09-16 11:15:31,161 [INFO] IPUIPlugin:80 - create IPUIPlugin
2023-09-16 11:15:31,161 [INFO] IPUIPlugin:80 - create IPUIPlugin
2023-09-16 11:15:31,162 [INFO] IPUIPlugin:80 - create IPUIPlugin
2023-09-16 11:15:31,162 [INFO] IPUIPlugin:80 - create IPUIPlugin
2023-09-16 11:15:31,162 [INFO] IPUIPlugin:80 - create IPUIPlugin
2023-09-16 11:15:31,162 [INFO] IPUIPlugin:80 - create IPUIPlugin
2023-09-16 11:15:31,162 [INFO] IPUIPlugin:80 - create IPUIPlugin
2023-09-16 11:15:31,162 [INFO] IPUIPlugin:80 - create IPUIPlugin
2023-09-16 11:15:31,163 [INFO] IPUIPlugin:80 - create IPUIPlugin
2023-09-16 11:15:31,163 [INFO] IPUIPlugin:80 - create IPUIPlugin
2023-09-16 11:15:31,163 [INFO] IPUIPlugin:80 - create IPUIPlugin
2023-09-16 11:15:31,163 [INFO] IPUIPlugin:80 - create IPUIPlugin
2023-09-16 11:15:31,164 [INFO] IPUIPlugin:80 - create IPUIPlugin
2023-09-16 11:15:31,164 [INFO] IPUIPlugin:80 - create IPUIPlugin
2023-09-16 11:15:31,164 [INFO] IPUIPlugin:80 - create IPUIPlugin
2023-09-16 11:15:31,165 [INFO] IPUIPlugin:80 - create IPUIPlugin
2023-09-16 11:15:31,165 [INFO] IPUIPlugin:80 - create IPUIPlugin
2023-09-16 11:15:31,165 [INFO] IPUIPlugin:80 - create IPUIPlugin
2023-09-16 11:15:31,165 [INFO] IPUIPlugin:80 - create IPUIPlugin
2023-09-16 11:15:31,165 [INFO] IPUIPlugin:80 - create IPUIPlugin
2023-09-16 11:15:31,165 [INFO] IPUIPlugin:80 - create IPUIPlugin
2023-09-16 11:15:31,166 [INFO] IPUIPlugin:80 - create IPUIPlugin
2023-09-16 11:15:31,166 [INFO] IPUIPlugin:80 - create IPUIPlugin
2023-09-16 11:15:31,166 [INFO] IPUIPlugin:80 - create IPUIPlugin
2023-09-16 11:15:31,166 [INFO] IPUIPlugin:80 - create IPUIPlugin
2023-09-16 11:15:31,166 [INFO] IPUIPlugin:80 - create IPUIPlugin
2023-09-16 11:15:31,166 [INFO] IPUIPlugin:80 - create IPUIPlugin
2023-09-16 11:15:31,167 [INFO] IPUIPlugin:80 - create IPUIPlugin
2023-09-16 11:15:31,167 [INFO] IPUIPlugin:80 - create IPUIPlugin
2023-09-16 11:15:31,167 [INFO] IPUIPlugin:80 - create IPUIPlugin
2023-09-16 11:15:31,167 [INFO] IPUIPlugin:80 - create IPUIPlugin
2023-09-16 11:15:31,167 [INFO] IPUIPlugin:80 - create IPUIPlugin
2023-09-16 11:15:31,167 [INFO] IPUIPlugin:80 - create IPUIPlugin
2023-09-16 11:15:31,167 [INFO] IPUIPlugin:80 - create IPUIPlugin
2023-09-16 11:15:31,167 [INFO] IPUIPlugin:80 - create IPUIPlugin
2023-09-16 11:15:31,167 [INFO] IPUIPlugin:80 - create IPUIPlugin
2023-09-16 11:15:31,168 [INFO] IPUIPlugin:80 - create IPUIPlugin
2023-09-16 11:15:31,168 [INFO] IPUIPlugin:80 - create IPUIPlugin
2023-09-16 11:15:31,168 [INFO] IPUIPlugin:80 - create IPUIPlugin
2023-09-16 11:15:31,168 [INFO] IPUIPlugin:80 - create IPUIPlugin
2023-09-16 11:15:31,168 [INFO] IPUIPlugin:80 - create IPUIPlugin
2023-09-16 11:15:31,169 [INFO] IPUIPlugin:80 - create IPUIPlugin
2023-09-16 11:15:31,169 [INFO] IPUIPlugin:80 - create IPUIPlugin
2023-09-16 11:15:31,169 [INFO] IPUIPlugin:80 - create IPUIPlugin
2023-09-16 11:15:31,170 [INFO] IPUIPlugin:80 - create IPUIPlugin
2023-09-16 11:15:31,170 [INFO] IPUIPlugin:80 - create IPUIPlugin
2023-09-16 11:15:31,170 [INFO] IPUIPlugin:80 - create IPUIPlugin
2023-09-16 11:15:31,171 [INFO] IPUIPlugin:80 - create IPUIPlugin
2023-09-16 11:15:31,171 [INFO] IPUIPlugin:80 - create IPUIPlugin
2023-09-16 11:15:31,172 [INFO] IPUIPlugin:80 - create IPUIPlugin
2023-09-16 11:15:31,172 [INFO] IPUIPlugin:80 - create IPUIPlugin
2023-09-16 11:15:31,173 [INFO] IPUIPlugin:80 - create IPUIPlugin
2023-09-16 11:15:31,173 [INFO] IPUIPlugin:80 - create IPUIPlugin
2023-09-16 11:15:31,178 [INFO] ApiDbMcu:507 - Load IP Config File for PDM2PCM
2023-09-16 11:15:31,244 [INFO] CADModel:165 - CPN selected for project levelSTM32H750IBK6
2023-09-16 11:15:31,244 [INFO] CADModel:114 - Register for checkConnection events
2023-09-16 11:15:31,283 [INFO] OpenFileManager:328 - Restore cursor
2023-09-16 11:15:40,136 [INFO] MainUpdater:2868 - connection check result : 10
2023-09-16 11:15:40,136 [INFO] MainUpdater:2868 - connection check result : 10
2023-09-16 11:15:42,957 [INFO] I2cTimingTraitement:330 - 0x0050174F
2023-09-16 11:15:42,963 [INFO] MicroXplorer:468 - Change Database Path : 
2023-09-16 11:15:42,964 [INFO] MicroXplorer:498 - Change Database Version : DB.6.0.91
2023-09-16 11:15:43,254 [WARN] ThirdParty:871 - waiting for thirdparty lock release [close project]
2023-09-16 11:15:43,255 [INFO] ThirdParty:873 - entering critical section [close project]
2023-09-16 11:15:43,255 [INFO] ThirdParty:883 - exiting critical section [close project]
2023-09-16 11:15:43,261 [INFO] PinOutPanel:1499 - setPackage(No Configuration,No Configuration)
2023-09-16 11:15:43,301 [WARN] IpParametersView:151 - Warning: This peripheral hasn't parameters
2023-09-16 11:15:43,305 [WARN] MainPanel:272 - <html><b><center>Warning: This peripheral has no parameters to be configured<br></b></html>
2023-09-16 11:15:43,310 [INFO] UtilMem:75 - Begin LoadConfig() Used Memory: 880569288 Bytes (1073741824)
2023-09-16 11:15:43,310 [INFO] MicroXplorer:468 - Change Database Path : 
2023-09-16 11:15:43,311 [INFO] MicroXplorer:498 - Change Database Version : DB.6.0.91
2023-09-16 11:15:43,311 [INFO] OpenFileManager:308 - Change cursor
2023-09-16 11:15:43,327 [INFO] Mcu:1946 - Initializing MCU STM32H730ZBTx STM32H730ZBTx STM32H730ZBT6
2023-09-16 11:15:46,527 [INFO] ApiDbIP:1709 - IP GPIO STM32H72_gpio_v1_0 refparameter PinAttribute is referenced in RefMode but not declared as Refparameter
2023-09-16 11:15:46,533 [INFO] Context:659 - Trying to add GPIOservice into a context  which must be forbidden
2023-09-16 11:15:47,404 [INFO] RtosManager:555 - Registered RTOS mode: class=CMSIS, group=RTOS, mode=CMSIS_V1, owner=FREERTOS
2023-09-16 11:15:47,404 [INFO] RtosManager:555 - Registered RTOS mode: class=CMSIS, group=RTOS2, mode=CMSIS_V2, owner=FREERTOS
2023-09-16 11:15:47,404 [INFO] RtosManager:555 - Registered RTOS mode: class=RTOS, group=Core, mode=CMSIS_V1, owner=FREERTOS
2023-09-16 11:15:47,404 [INFO] RtosManager:555 - Registered RTOS mode: class=RTOS, group=Core, mode=CMSIS_V2, owner=FREERTOS
2023-09-16 11:15:47,404 [WARN] ModelIntegratedComponent:184 - Missing modes for component STMicroelectronics:FreeRTOS:0.0.1:STMicroelectronics:RTOS:FreeRTOS:Core:::10.2.0:
2023-09-16 11:15:47,407 [WARN] ModelIntegratedComponent:63 - No mode defined for component null
2023-09-16 11:15:47,407 [WARN] ModelIntegratedComponent:63 - No mode defined for component null
2023-09-16 11:15:47,407 [WARN] ModelIntegratedComponent:63 - No mode defined for component null
2023-09-16 11:15:47,407 [WARN] ModelIntegratedComponent:63 - No mode defined for component null
2023-09-16 11:15:47,407 [WARN] ModelIntegratedComponent:63 - No mode defined for component null
2023-09-16 11:15:47,407 [WARN] ModelIntegratedComponent:63 - No mode defined for component null
2023-09-16 11:15:47,407 [WARN] ModelIntegratedComponent:63 - No mode defined for component null
2023-09-16 11:15:47,407 [WARN] ModelIntegratedComponent:63 - No mode defined for component null
2023-09-16 11:15:47,407 [WARN] ModelIntegratedComponent:63 - No mode defined for component null
2023-09-16 11:15:47,407 [WARN] ModelIntegratedComponent:63 - No mode defined for component null
2023-09-16 11:15:47,407 [WARN] ModelIntegratedComponent:63 - No mode defined for component null
2023-09-16 11:15:47,407 [WARN] ModelIntegratedComponent:63 - No mode defined for component null
2023-09-16 11:15:47,407 [WARN] ModelIntegratedComponent:63 - No mode defined for component null
2023-09-16 11:15:47,407 [WARN] ModelIntegratedComponent:63 - No mode defined for component null
2023-09-16 11:15:47,407 [WARN] ModelIntegratedComponent:63 - No mode defined for component null
2023-09-16 11:15:47,407 [WARN] ModelIntegratedComponent:63 - No mode defined for component null
2023-09-16 11:15:47,407 [WARN] ModelIntegratedComponent:63 - No mode defined for component null
2023-09-16 11:15:47,407 [WARN] ModelIntegratedComponent:63 - No mode defined for component null
2023-09-16 11:15:47,407 [WARN] ModelIntegratedComponent:63 - No mode defined for component null
2023-09-16 11:15:47,407 [WARN] ModelIntegratedComponent:63 - No mode defined for component null
2023-09-16 11:15:47,407 [WARN] ModelIntegratedComponent:63 - No mode defined for component null
2023-09-16 11:15:47,407 [WARN] ModelIntegratedComponent:63 - No mode defined for component null
2023-09-16 11:15:47,407 [WARN] ModelIntegratedComponent:63 - No mode defined for component null
2023-09-16 11:15:47,408 [WARN] ModelIntegratedComponent:63 - No mode defined for component null
2023-09-16 11:15:47,408 [WARN] ModelIntegratedComponent:63 - No mode defined for component null
2023-09-16 11:15:47,408 [WARN] ModelIntegratedComponent:63 - No mode defined for component null
2023-09-16 11:15:47,408 [WARN] ModelIntegratedComponent:63 - No mode defined for component null
2023-09-16 11:15:47,408 [WARN] ModelIntegratedComponent:63 - No mode defined for component null
2023-09-16 11:15:47,408 [WARN] ModelIntegratedComponent:63 - No mode defined for component null
2023-09-16 11:15:47,408 [WARN] ModelIntegratedComponent:63 - No mode defined for component null
2023-09-16 11:15:47,408 [WARN] ModelIntegratedComponent:63 - No mode defined for component null
2023-09-16 11:15:47,408 [WARN] ModelIntegratedComponent:63 - No mode defined for component null
2023-09-16 11:15:47,408 [WARN] ModelIntegratedComponent:63 - No mode defined for component null
2023-09-16 11:15:47,468 [WARN] ModelIntegratedComponent:182 - Modes not found for component STMicroelectronics:USB_DEVICE:1.0.0:STMicroelectronics:USB::USB Device:Audio FS::1.0:USB_DEVICE_1_0_RESTRICTED_FS
2023-09-16 11:15:47,468 [WARN] ModelIntegratedComponent:188 - Modes not found for component STMicroelectronics:USB_DEVICE:1.0.0:STMicroelectronics:USB::USB Device:Audio FS::1.0:USB_DEVICE_1_0_RESTRICTED_FS
2023-09-16 11:15:47,468 [WARN] ModelIntegratedComponent:182 - Modes not found for component STMicroelectronics:USB_DEVICE:1.0.0:STMicroelectronics:USB::USB Device:CDC FS::1.0:USB_DEVICE_1_0_RESTRICTED_FS
2023-09-16 11:15:47,468 [WARN] ModelIntegratedComponent:188 - Modes not found for component STMicroelectronics:USB_DEVICE:1.0.0:STMicroelectronics:USB::USB Device:CDC FS::1.0:USB_DEVICE_1_0_RESTRICTED_FS
2023-09-16 11:15:47,468 [WARN] ModelIntegratedComponent:182 - Modes not found for component STMicroelectronics:USB_DEVICE:1.0.0:STMicroelectronics:USB::USB Device:DFU FS::1.0:USB_DEVICE_1_0_RESTRICTED_FS
2023-09-16 11:15:47,468 [WARN] ModelIntegratedComponent:188 - Modes not found for component STMicroelectronics:USB_DEVICE:1.0.0:STMicroelectronics:USB::USB Device:DFU FS::1.0:USB_DEVICE_1_0_RESTRICTED_FS
2023-09-16 11:15:47,468 [WARN] ModelIntegratedComponent:182 - Modes not found for component STMicroelectronics:USB_DEVICE:1.0.0:STMicroelectronics:USB::USB Device:HID FS::1.0:USB_DEVICE_1_0_RESTRICTED_FS
2023-09-16 11:15:47,468 [WARN] ModelIntegratedComponent:188 - Modes not found for component STMicroelectronics:USB_DEVICE:1.0.0:STMicroelectronics:USB::USB Device:HID FS::1.0:USB_DEVICE_1_0_RESTRICTED_FS
2023-09-16 11:15:47,468 [WARN] ModelIntegratedComponent:182 - Modes not found for component STMicroelectronics:USB_DEVICE:1.0.0:STMicroelectronics:USB::USB Device:Custom HID FS::1.0:USB_DEVICE_1_0_RESTRICTED_FS
2023-09-16 11:15:47,468 [WARN] ModelIntegratedComponent:188 - Modes not found for component STMicroelectronics:USB_DEVICE:1.0.0:STMicroelectronics:USB::USB Device:Custom HID FS::1.0:USB_DEVICE_1_0_RESTRICTED_FS
2023-09-16 11:15:47,468 [WARN] ModelIntegratedComponent:182 - Modes not found for component STMicroelectronics:USB_DEVICE:1.0.0:STMicroelectronics:USB::USB Device:MSC FS::1.0:USB_DEVICE_1_0_RESTRICTED_FS
2023-09-16 11:15:47,468 [WARN] ModelIntegratedComponent:188 - Modes not found for component STMicroelectronics:USB_DEVICE:1.0.0:STMicroelectronics:USB::USB Device:MSC FS::1.0:USB_DEVICE_1_0_RESTRICTED_FS
2023-09-16 11:15:47,535 [WARN] ModelIntegratedComponent:182 - Modes not found for component STMicroelectronics:USB_HOST:1.0.0:STMicroelectronics:USB::USB Host:Audio FS::1.0:USB_HOST_1_0_RESTRICTED_FS
2023-09-16 11:15:47,535 [WARN] ModelIntegratedComponent:188 - Modes not found for component STMicroelectronics:USB_HOST:1.0.0:STMicroelectronics:USB::USB Host:Audio FS::1.0:USB_HOST_1_0_RESTRICTED_FS
2023-09-16 11:15:47,535 [WARN] ModelIntegratedComponent:182 - Modes not found for component STMicroelectronics:USB_HOST:1.0.0:STMicroelectronics:USB::USB Host:CDC FS::1.0:USB_HOST_1_0_RESTRICTED_FS
2023-09-16 11:15:47,536 [WARN] ModelIntegratedComponent:188 - Modes not found for component STMicroelectronics:USB_HOST:1.0.0:STMicroelectronics:USB::USB Host:CDC FS::1.0:USB_HOST_1_0_RESTRICTED_FS
2023-09-16 11:15:47,536 [WARN] ModelIntegratedComponent:182 - Modes not found for component STMicroelectronics:USB_HOST:1.0.0:STMicroelectronics:USB::USB Host:MSC FS::1.0:USB_HOST_1_0_RESTRICTED_FS
2023-09-16 11:15:47,536 [WARN] ModelIntegratedComponent:188 - Modes not found for component STMicroelectronics:USB_HOST:1.0.0:STMicroelectronics:USB::USB Host:MSC FS::1.0:USB_HOST_1_0_RESTRICTED_FS
2023-09-16 11:15:47,536 [WARN] ModelIntegratedComponent:182 - Modes not found for component STMicroelectronics:USB_HOST:1.0.0:STMicroelectronics:USB::USB Host:HID FS::1.0:USB_HOST_1_0_RESTRICTED_FS
2023-09-16 11:15:47,536 [WARN] ModelIntegratedComponent:188 - Modes not found for component STMicroelectronics:USB_HOST:1.0.0:STMicroelectronics:USB::USB Host:HID FS::1.0:USB_HOST_1_0_RESTRICTED_FS
2023-09-16 11:15:47,536 [WARN] ModelIntegratedComponent:182 - Modes not found for component STMicroelectronics:USB_HOST:1.0.0:STMicroelectronics:USB::USB Host:MTP FS::1.0:USB_HOST_1_0_RESTRICTED_FS
2023-09-16 11:15:47,536 [WARN] ModelIntegratedComponent:188 - Modes not found for component STMicroelectronics:USB_HOST:1.0.0:STMicroelectronics:USB::USB Host:MTP FS::1.0:USB_HOST_1_0_RESTRICTED_FS
2023-09-16 11:15:47,628 [INFO] ThirdPartyModel:298 - Start build external matchings
2023-09-16 11:15:50,624 [INFO] ThirdPartyModel:316 - End build external matchings
2023-09-16 11:15:50,661 [INFO] ImportTextPane:194 - (OptionalMessage_ERROR) IP (DMA) : Parameter (Instance) has Id (SPI1_TX) currently not set
2023-09-16 11:15:50,661 [INFO] ImportTextPane:194 - (OptionalMessage_ERROR) IP (DMA) : Parameter (Request) has Id (SPI1_TX) currently not set
2023-09-16 11:15:50,661 [INFO] ImportTextPane:194 - (OptionalMessage_ERROR) IP (DMA) : Parameter (Direction) has Id (SPI1_TX) currently not set
2023-09-16 11:15:50,661 [INFO] ImportTextPane:194 - (OptionalMessage_ERROR) IP (DMA) : Parameter (PeriphInc) has Id (SPI1_TX) currently not set
2023-09-16 11:15:50,661 [INFO] ImportTextPane:194 - (OptionalMessage_ERROR) IP (DMA) : Parameter (MemInc) has Id (SPI1_TX) currently not set
2023-09-16 11:15:50,662 [INFO] ImportTextPane:194 - (OptionalMessage_ERROR) IP (DMA) : Parameter (PeriphDataAlignment) has Id (SPI1_TX) currently not set
2023-09-16 11:15:50,662 [INFO] ImportTextPane:194 - (OptionalMessage_ERROR) IP (DMA) : Parameter (MemDataAlignment) has Id (SPI1_TX) currently not set
2023-09-16 11:15:50,662 [INFO] ImportTextPane:194 - (OptionalMessage_ERROR) IP (DMA) : Parameter (Mode) has Id (SPI1_TX) currently not set
2023-09-16 11:15:50,662 [INFO] ImportTextPane:194 - (OptionalMessage_ERROR) IP (DMA) : Parameter (Priority) has Id (SPI1_TX) currently not set
2023-09-16 11:15:50,662 [INFO] ImportTextPane:194 - (OptionalMessage_ERROR) IP (DMA) : Parameter (FIFOMode) has Id (SPI1_TX) currently not set
2023-09-16 11:15:50,662 [INFO] ImportTextPane:194 - (OptionalMessage_ERROR) IP (DMA) : Parameter (FIFOThreshold) has Id (SPI1_TX) currently not set
2023-09-16 11:15:50,662 [INFO] ImportTextPane:194 - (OptionalMessage_ERROR) IP (DMA) : Parameter (FIFOThreshold) has invalid value (null)
2023-09-16 11:15:50,662 [INFO] ImportTextPane:194 - (OptionalMessage_ERROR) IP (DMA) : Parameter (MemBurst) has Id (SPI1_TX) currently not set
2023-09-16 11:15:50,662 [INFO] ImportTextPane:194 - (OptionalMessage_ERROR) IP (DMA) : Parameter (MemBurst) has invalid value (null)
2023-09-16 11:15:50,662 [INFO] ImportTextPane:194 - (OptionalMessage_ERROR) IP (DMA) : Parameter (PeriphBurst) has Id (SPI1_TX) currently not set
2023-09-16 11:15:50,662 [INFO] ImportTextPane:194 - (OptionalMessage_ERROR) IP (DMA) : Parameter (PeriphBurst) has invalid value (null)
2023-09-16 11:15:50,662 [INFO] ImportTextPane:194 - (OptionalMessage_ERROR) IP (DMA) : Parameter (SignalID) has Id (SPI1_TX) currently not set
2023-09-16 11:15:50,662 [INFO] ImportTextPane:194 - (OptionalMessage_ERROR) IP (DMA) : Parameter (Polarity) has Id (SPI1_TX) currently not set
2023-09-16 11:15:50,662 [INFO] ImportTextPane:194 - (OptionalMessage_ERROR) IP (DMA) : Parameter (RequestNumber) has Id (SPI1_TX) currently not set
2023-09-16 11:15:50,662 [INFO] ImportTextPane:194 - (OptionalMessage_ERROR) IP (DMA) : Parameter (SyncSignalID) has Id (SPI1_TX) currently not set
2023-09-16 11:15:50,662 [INFO] ImportTextPane:194 - (OptionalMessage_ERROR) IP (DMA) : Parameter (SyncPolarity) has Id (SPI1_TX) currently not set
2023-09-16 11:15:50,662 [INFO] ImportTextPane:194 - (OptionalMessage_ERROR) IP (DMA) : Parameter (SyncEnable) has Id (SPI1_TX) currently not set
2023-09-16 11:15:50,662 [INFO] ImportTextPane:194 - (OptionalMessage_ERROR) IP (DMA) : Parameter (EventEnable) has Id (SPI1_TX) currently not set
2023-09-16 11:15:50,662 [INFO] ImportTextPane:194 - (OptionalMessage_ERROR) IP (DMA) : Parameter (SyncRequestNumber) has Id (SPI1_TX) currently not set
2023-09-16 11:15:50,662 [INFO] ImportTextPane:194 - (OptionalMessage_ERROR) IP (DMA) : Parameter (Instance) has Id (SPI2_RX) currently not set
2023-09-16 11:15:50,662 [INFO] ImportTextPane:194 - (OptionalMessage_ERROR) IP (DMA) : Parameter (Request) has Id (SPI2_RX) currently not set
2023-09-16 11:15:50,662 [INFO] ImportTextPane:194 - (OptionalMessage_ERROR) IP (DMA) : Parameter (Direction) has Id (SPI2_RX) currently not set
2023-09-16 11:15:50,662 [INFO] ImportTextPane:194 - (OptionalMessage_ERROR) IP (DMA) : Parameter (PeriphInc) has Id (SPI2_RX) currently not set
2023-09-16 11:15:50,662 [INFO] ImportTextPane:194 - (OptionalMessage_ERROR) IP (DMA) : Parameter (MemInc) has Id (SPI2_RX) currently not set
2023-09-16 11:15:50,662 [INFO] ImportTextPane:194 - (OptionalMessage_ERROR) IP (DMA) : Parameter (PeriphDataAlignment) has Id (SPI2_RX) currently not set
2023-09-16 11:15:50,663 [INFO] ImportTextPane:194 - (OptionalMessage_ERROR) IP (DMA) : Parameter (MemDataAlignment) has Id (SPI2_RX) currently not set
2023-09-16 11:15:50,663 [INFO] ImportTextPane:194 - (OptionalMessage_ERROR) IP (DMA) : Parameter (Mode) has Id (SPI2_RX) currently not set
2023-09-16 11:15:50,663 [INFO] ImportTextPane:194 - (OptionalMessage_ERROR) IP (DMA) : Parameter (Priority) has Id (SPI2_RX) currently not set
2023-09-16 11:15:50,663 [INFO] ImportTextPane:194 - (OptionalMessage_ERROR) IP (DMA) : Parameter (FIFOMode) has Id (SPI2_RX) currently not set
2023-09-16 11:15:50,663 [INFO] ImportTextPane:194 - (OptionalMessage_ERROR) IP (DMA) : Parameter (FIFOThreshold) has Id (SPI2_RX) currently not set
2023-09-16 11:15:50,663 [INFO] ImportTextPane:194 - (OptionalMessage_ERROR) IP (DMA) : Parameter (FIFOThreshold) has invalid value (null)
2023-09-16 11:15:50,663 [INFO] ImportTextPane:194 - (OptionalMessage_ERROR) IP (DMA) : Parameter (MemBurst) has Id (SPI2_RX) currently not set
2023-09-16 11:15:50,663 [INFO] ImportTextPane:194 - (OptionalMessage_ERROR) IP (DMA) : Parameter (MemBurst) has invalid value (null)
2023-09-16 11:15:50,663 [INFO] ImportTextPane:194 - (OptionalMessage_ERROR) IP (DMA) : Parameter (PeriphBurst) has Id (SPI2_RX) currently not set
2023-09-16 11:15:50,663 [INFO] ImportTextPane:194 - (OptionalMessage_ERROR) IP (DMA) : Parameter (PeriphBurst) has invalid value (null)
2023-09-16 11:15:50,663 [INFO] ImportTextPane:194 - (OptionalMessage_ERROR) IP (DMA) : Parameter (SignalID) has Id (SPI2_RX) currently not set
2023-09-16 11:15:50,663 [INFO] ImportTextPane:194 - (OptionalMessage_ERROR) IP (DMA) : Parameter (Polarity) has Id (SPI2_RX) currently not set
2023-09-16 11:15:50,663 [INFO] ImportTextPane:194 - (OptionalMessage_ERROR) IP (DMA) : Parameter (RequestNumber) has Id (SPI2_RX) currently not set
2023-09-16 11:15:50,663 [INFO] ImportTextPane:194 - (OptionalMessage_ERROR) IP (DMA) : Parameter (SyncSignalID) has Id (SPI2_RX) currently not set
2023-09-16 11:15:50,663 [INFO] ImportTextPane:194 - (OptionalMessage_ERROR) IP (DMA) : Parameter (SyncPolarity) has Id (SPI2_RX) currently not set
2023-09-16 11:15:50,663 [INFO] ImportTextPane:194 - (OptionalMessage_ERROR) IP (DMA) : Parameter (SyncEnable) has Id (SPI2_RX) currently not set
2023-09-16 11:15:50,663 [INFO] ImportTextPane:194 - (OptionalMessage_ERROR) IP (DMA) : Parameter (EventEnable) has Id (SPI2_RX) currently not set
2023-09-16 11:15:50,663 [INFO] ImportTextPane:194 - (OptionalMessage_ERROR) IP (DMA) : Parameter (SyncRequestNumber) has Id (SPI2_RX) currently not set
2023-09-16 11:15:50,663 [INFO] ImportTextPane:194 - (OptionalMessage_ERROR) IP (DMA) : Parameter (Instance) has Id (ADC1) currently not set
2023-09-16 11:15:50,663 [INFO] ImportTextPane:194 - (OptionalMessage_ERROR) IP (DMA) : Parameter (Request) has Id (ADC1) currently not set
2023-09-16 11:15:50,663 [INFO] ImportTextPane:194 - (OptionalMessage_ERROR) IP (DMA) : Parameter (Direction) has Id (ADC1) currently not set
2023-09-16 11:15:50,663 [INFO] ImportTextPane:194 - (OptionalMessage_ERROR) IP (DMA) : Parameter (PeriphInc) has Id (ADC1) currently not set
2023-09-16 11:15:50,663 [INFO] ImportTextPane:194 - (OptionalMessage_ERROR) IP (DMA) : Parameter (MemInc) has Id (ADC1) currently not set
2023-09-16 11:15:50,663 [INFO] ImportTextPane:194 - (OptionalMessage_ERROR) IP (DMA) : Parameter (PeriphDataAlignment) has Id (ADC1) currently not set
2023-09-16 11:15:50,663 [INFO] ImportTextPane:194 - (OptionalMessage_ERROR) IP (DMA) : Parameter (MemDataAlignment) has Id (ADC1) currently not set
2023-09-16 11:15:50,663 [INFO] ImportTextPane:194 - (OptionalMessage_ERROR) IP (DMA) : Parameter (Mode) has Id (ADC1) currently not set
2023-09-16 11:15:50,663 [INFO] ImportTextPane:194 - (OptionalMessage_ERROR) IP (DMA) : Parameter (Priority) has Id (ADC1) currently not set
2023-09-16 11:15:50,663 [INFO] ImportTextPane:194 - (OptionalMessage_ERROR) IP (DMA) : Parameter (FIFOMode) has Id (ADC1) currently not set
2023-09-16 11:15:50,663 [INFO] ImportTextPane:194 - (OptionalMessage_ERROR) IP (DMA) : Parameter (FIFOThreshold) has Id (ADC1) currently not set
2023-09-16 11:15:50,663 [INFO] ImportTextPane:194 - (OptionalMessage_ERROR) IP (DMA) : Parameter (FIFOThreshold) has invalid value (null)
2023-09-16 11:15:50,663 [INFO] ImportTextPane:194 - (OptionalMessage_ERROR) IP (DMA) : Parameter (MemBurst) has Id (ADC1) currently not set
2023-09-16 11:15:50,663 [INFO] ImportTextPane:194 - (OptionalMessage_ERROR) IP (DMA) : Parameter (MemBurst) has invalid value (null)
2023-09-16 11:15:50,663 [INFO] ImportTextPane:194 - (OptionalMessage_ERROR) IP (DMA) : Parameter (PeriphBurst) has Id (ADC1) currently not set
2023-09-16 11:15:50,663 [INFO] ImportTextPane:194 - (OptionalMessage_ERROR) IP (DMA) : Parameter (PeriphBurst) has invalid value (null)
2023-09-16 11:15:50,663 [INFO] ImportTextPane:194 - (OptionalMessage_ERROR) IP (DMA) : Parameter (SignalID) has Id (ADC1) currently not set
2023-09-16 11:15:50,663 [INFO] ImportTextPane:194 - (OptionalMessage_ERROR) IP (DMA) : Parameter (Polarity) has Id (ADC1) currently not set
2023-09-16 11:15:50,663 [INFO] ImportTextPane:194 - (OptionalMessage_ERROR) IP (DMA) : Parameter (RequestNumber) has Id (ADC1) currently not set
2023-09-16 11:15:50,663 [INFO] ImportTextPane:194 - (OptionalMessage_ERROR) IP (DMA) : Parameter (SyncSignalID) has Id (ADC1) currently not set
2023-09-16 11:15:50,663 [INFO] ImportTextPane:194 - (OptionalMessage_ERROR) IP (DMA) : Parameter (SyncPolarity) has Id (ADC1) currently not set
2023-09-16 11:15:50,663 [INFO] ImportTextPane:194 - (OptionalMessage_ERROR) IP (DMA) : Parameter (SyncEnable) has Id (ADC1) currently not set
2023-09-16 11:15:50,664 [INFO] ImportTextPane:194 - (OptionalMessage_ERROR) IP (DMA) : Parameter (EventEnable) has Id (ADC1) currently not set
2023-09-16 11:15:50,664 [INFO] ImportTextPane:194 - (OptionalMessage_ERROR) IP (DMA) : Parameter (SyncRequestNumber) has Id (ADC1) currently not set
2023-09-16 11:15:50,664 [INFO] ImportTextPane:194 - (OptionalMessage_ERROR) IP (DMA) : Parameter (Instance) has Id (SPI1_RX) currently not set
2023-09-16 11:15:50,664 [INFO] ImportTextPane:194 - (OptionalMessage_ERROR) IP (DMA) : Parameter (Request) has Id (SPI1_RX) currently not set
2023-09-16 11:15:50,664 [INFO] ImportTextPane:194 - (OptionalMessage_ERROR) IP (DMA) : Parameter (Direction) has Id (SPI1_RX) currently not set
2023-09-16 11:15:50,664 [INFO] ImportTextPane:194 - (OptionalMessage_ERROR) IP (DMA) : Parameter (PeriphInc) has Id (SPI1_RX) currently not set
2023-09-16 11:15:50,664 [INFO] ImportTextPane:194 - (OptionalMessage_ERROR) IP (DMA) : Parameter (MemInc) has Id (SPI1_RX) currently not set
2023-09-16 11:15:50,664 [INFO] ImportTextPane:194 - (OptionalMessage_ERROR) IP (DMA) : Parameter (PeriphDataAlignment) has Id (SPI1_RX) currently not set
2023-09-16 11:15:50,664 [INFO] ImportTextPane:194 - (OptionalMessage_ERROR) IP (DMA) : Parameter (MemDataAlignment) has Id (SPI1_RX) currently not set
2023-09-16 11:15:50,664 [INFO] ImportTextPane:194 - (OptionalMessage_ERROR) IP (DMA) : Parameter (Mode) has Id (SPI1_RX) currently not set
2023-09-16 11:15:50,664 [INFO] ImportTextPane:194 - (OptionalMessage_ERROR) IP (DMA) : Parameter (Priority) has Id (SPI1_RX) currently not set
2023-09-16 11:15:50,664 [INFO] ImportTextPane:194 - (OptionalMessage_ERROR) IP (DMA) : Parameter (FIFOMode) has Id (SPI1_RX) currently not set
2023-09-16 11:15:50,664 [INFO] ImportTextPane:194 - (OptionalMessage_ERROR) IP (DMA) : Parameter (FIFOThreshold) has Id (SPI1_RX) currently not set
2023-09-16 11:15:50,664 [INFO] ImportTextPane:194 - (OptionalMessage_ERROR) IP (DMA) : Parameter (FIFOThreshold) has invalid value (null)
2023-09-16 11:15:50,664 [INFO] ImportTextPane:194 - (OptionalMessage_ERROR) IP (DMA) : Parameter (MemBurst) has Id (SPI1_RX) currently not set
2023-09-16 11:15:50,664 [INFO] ImportTextPane:194 - (OptionalMessage_ERROR) IP (DMA) : Parameter (MemBurst) has invalid value (null)
2023-09-16 11:15:50,664 [INFO] ImportTextPane:194 - (OptionalMessage_ERROR) IP (DMA) : Parameter (PeriphBurst) has Id (SPI1_RX) currently not set
2023-09-16 11:15:50,664 [INFO] ImportTextPane:194 - (OptionalMessage_ERROR) IP (DMA) : Parameter (PeriphBurst) has invalid value (null)
2023-09-16 11:15:50,664 [INFO] ImportTextPane:194 - (OptionalMessage_ERROR) IP (DMA) : Parameter (SignalID) has Id (SPI1_RX) currently not set
2023-09-16 11:15:50,664 [INFO] ImportTextPane:194 - (OptionalMessage_ERROR) IP (DMA) : Parameter (Polarity) has Id (SPI1_RX) currently not set
2023-09-16 11:15:50,664 [INFO] ImportTextPane:194 - (OptionalMessage_ERROR) IP (DMA) : Parameter (RequestNumber) has Id (SPI1_RX) currently not set
2023-09-16 11:15:50,664 [INFO] ImportTextPane:194 - (OptionalMessage_ERROR) IP (DMA) : Parameter (SyncSignalID) has Id (SPI1_RX) currently not set
2023-09-16 11:15:50,664 [INFO] ImportTextPane:194 - (OptionalMessage_ERROR) IP (DMA) : Parameter (SyncPolarity) has Id (SPI1_RX) currently not set
2023-09-16 11:15:50,664 [INFO] ImportTextPane:194 - (OptionalMessage_ERROR) IP (DMA) : Parameter (SyncEnable) has Id (SPI1_RX) currently not set
2023-09-16 11:15:50,664 [INFO] ImportTextPane:194 - (OptionalMessage_ERROR) IP (DMA) : Parameter (EventEnable) has Id (SPI1_RX) currently not set
2023-09-16 11:15:50,664 [INFO] ImportTextPane:194 - (OptionalMessage_ERROR) IP (DMA) : Parameter (SyncRequestNumber) has Id (SPI1_RX) currently not set
2023-09-16 11:15:50,667 [INFO] ImportTextPane:194 - (OptionalMessage_ERROR) IP (RCC) : Parameter (FDCANFreq_Value) has invalid value (210000000)
2023-09-16 11:15:50,667 [INFO] ImportTextPane:194 - (OptionalMessage_ERROR) IP (RCC) : Invalid parameter (FamilyName)
2023-09-16 11:15:50,667 [INFO] ImportTextPane:194 - (OptionalMessage_ERROR) IP (RCC) : Parameter (SAI1Freq_Value) has invalid value (210000000)
2023-09-16 11:15:50,667 [INFO] ImportTextPane:194 - (OptionalMessage_ERROR) IP (RCC) : Parameter (SAI4AFreq_Value) has invalid value (210000000)
2023-09-16 11:15:50,667 [INFO] ImportTextPane:194 - (OptionalMessage_ERROR) IP (RCC) : Parameter (SAI4BFreq_Value) has invalid value (210000000)
2023-09-16 11:15:50,667 [INFO] ImportTextPane:194 - (OptionalMessage_ERROR) IP (RCC) : Parameter (USBFreq_Value) has invalid value (210000000)
2023-09-16 11:15:51,092 [INFO] UtilMem:75 - End LoadConfig() Used Memory: 549185800 Bytes (1073741824)
2023-09-16 11:15:51,144 [WARN] ThirdParty:833 - waiting for thirdparty lock release [change project]
2023-09-16 11:15:51,144 [INFO] ThirdParty:835 - entering critical section [change project]
2023-09-16 11:15:51,144 [INFO] ThirdParty:1030 - CMSIS Pack Vendor :STMicroelectronics USBPD 4.1
2023-09-16 11:15:51,145 [INFO] ThirdParty:1030 - CMSIS Pack Vendor :STMicroelectronics X-CUBE-GNSS1 6.0.0
2023-09-16 11:15:51,145 [INFO] ThirdParty:1030 - CMSIS Pack Vendor :STMicroelectronics USB_HOST 2.0.0
2023-09-16 11:15:51,145 [INFO] ThirdParty:1030 - CMSIS Pack Vendor :STMicroelectronics X-CUBE-AZRTOS-F4 1.1.0
2023-09-16 11:15:51,145 [INFO] ThirdParty:1030 - CMSIS Pack Vendor :STMicroelectronics LIBJPEG 8.0.0
2023-09-16 11:15:51,145 [INFO] ThirdParty:1030 - CMSIS Pack Vendor :STMicroelectronics X-CUBE-SMBUS 2.1.0
2023-09-16 11:15:51,145 [INFO] ThirdParty:1030 - CMSIS Pack Vendor :STMicroelectronics X-CUBE-MEMS1 9.2.0
2023-09-16 11:15:51,145 [INFO] ThirdParty:1030 - CMSIS Pack Vendor :STMicroelectronics X-CUBE-BLEMGR 1.2.0
2023-09-16 11:15:51,145 [INFO] ThirdParty:1030 - CMSIS Pack Vendor :STMicroelectronics X-CUBE-AZRTOS-F7 1.1.0
2023-09-16 11:15:51,145 [INFO] ThirdParty:1030 - CMSIS Pack Vendor :STMicroelectronics X-CUBE-AZRTOS-L5 2.0.0
2023-09-16 11:15:51,145 [INFO] ThirdParty:1030 - CMSIS Pack Vendor :STMicroelectronics USB_DEVICE 2.0.0
2023-09-16 11:15:51,145 [INFO] ThirdParty:1030 - CMSIS Pack Vendor :STMicroelectronics X-CUBE-MEMS1 9.6.0
2023-09-16 11:15:51,145 [INFO] ThirdParty:1030 - CMSIS Pack Vendor :STMicroelectronics FP-SNS-MOTENV1 4.3.0
2023-09-16 11:15:51,145 [INFO] ThirdParty:1030 - CMSIS Pack Vendor :STMicroelectronics FP-SNS-MOTENV1 4.3.2
2023-09-16 11:15:51,145 [INFO] ThirdParty:1030 - CMSIS Pack Vendor :STMicroelectronics FP-SNS-FLIGHT1 5.0.0
2023-09-16 11:15:51,145 [INFO] ThirdParty:1030 - CMSIS Pack Vendor :STMicroelectronics FP-SNS-MOTENV1 4.3.1
2023-09-16 11:15:51,145 [INFO] ThirdParty:1030 - CMSIS Pack Vendor :STMicroelectronics FP-SNS-FLIGHT1 5.0.1
2023-09-16 11:15:51,145 [INFO] ThirdParty:1030 - CMSIS Pack Vendor :STMicroelectronics X-CUBE-BLE1 6.2.3
2023-09-16 11:15:51,145 [INFO] ThirdParty:1030 - CMSIS Pack Vendor :STMicroelectronics X-CUBE-BLE1 6.2.4
2023-09-16 11:15:51,145 [INFO] ThirdParty:1030 - CMSIS Pack Vendor :STMicroelectronics FreeRTOS 0.0.1
2023-09-16 11:15:51,145 [INFO] ThirdParty:1030 - CMSIS Pack Vendor :STMicroelectronics X-CUBE-BLEMGR 2.0.0
2023-09-16 11:15:51,145 [INFO] ThirdParty:1030 - CMSIS Pack Vendor :STMicroelectronics FP-SNS-FLIGHT1 5.0.2
2023-09-16 11:15:51,145 [INFO] ThirdParty:1030 - CMSIS Pack Vendor :STMicroelectronics X-CUBE-NFC4 2.0.5
2023-09-16 11:15:51,145 [INFO] ThirdParty:1030 - CMSIS Pack Vendor :STMicroelectronics X-CUBE-NFC4 2.0.4
2023-09-16 11:15:51,145 [INFO] ThirdParty:1030 - CMSIS Pack Vendor :STMicroelectronics X-CUBE-AZRTOS-H7 3.1.0
2023-09-16 11:15:51,145 [INFO] ThirdParty:1030 - CMSIS Pack Vendor :STMicroelectronics PDM2PCM 3.3.0
2023-09-16 11:15:51,145 [INFO] ThirdParty:1030 - CMSIS Pack Vendor :STMicroelectronics X-CUBE-TOF1 3.1.0
2023-09-16 11:15:51,145 [INFO] ThirdParty:1030 - CMSIS Pack Vendor :STMicroelectronics X-CUBE-DISPLAY 3.0.0
2023-09-16 11:15:51,145 [INFO] ThirdParty:1030 - CMSIS Pack Vendor :STMicroelectronics X-CUBE-AZRTOS-F4 1.0.0
2023-09-16 11:15:51,145 [INFO] ThirdParty:1030 - CMSIS Pack Vendor :STMicroelectronics X-CUBE-BLE1 7.0.0
2023-09-16 11:15:51,145 [INFO] ThirdParty:1030 - CMSIS Pack Vendor :STMicroelectronics HAL Drivers 0.0.0
2023-09-16 11:15:51,145 [INFO] ThirdParty:1030 - CMSIS Pack Vendor :STMicroelectronics X-CUBE-TOUCHGFX 4.22.0
2023-09-16 11:15:51,145 [INFO] ThirdParty:1030 - CMSIS Pack Vendor :STMicroelectronics X-CUBE-NFC7 1.0.1
2023-09-16 11:15:51,145 [INFO] ThirdParty:1030 - CMSIS Pack Vendor :STMicroelectronics MBEDTLS 2.14.1
2023-09-16 11:15:51,145 [INFO] ThirdParty:1030 - CMSIS Pack Vendor :STMicroelectronics X-CUBE-NFC7 1.0.0
2023-09-16 11:15:51,145 [INFO] ThirdParty:1030 - CMSIS Pack Vendor :STMicroelectronics X-CUBE-NFC6 3.0.0
2023-09-16 11:15:51,145 [INFO] ThirdParty:1030 - CMSIS Pack Vendor :STMicroelectronics X-CUBE-MEMS1 9.3.0
2023-09-16 11:15:51,145 [INFO] ThirdParty:1030 - CMSIS Pack Vendor :STMicroelectronics X-CUBE-EEPRMA1 4.1.0
2023-09-16 11:15:51,145 [INFO] ThirdParty:1030 - CMSIS Pack Vendor :STMicroelectronics X-CUBE-AI 7.2.0
2023-09-16 11:15:51,145 [INFO] ThirdParty:1030 - CMSIS Pack Vendor :STMicroelectronics FP-SNS-SMARTAG2 1.2.0
2023-09-16 11:15:51,145 [INFO] ThirdParty:1030 - CMSIS Pack Vendor :STMicroelectronics X-CUBE-AZRTOS-WL 2.0.0
2023-09-16 11:15:51,145 [INFO] ThirdParty:1030 - CMSIS Pack Vendor :STMicroelectronics USB_DEVICE 1.0.0
2023-09-16 11:15:51,145 [INFO] ThirdParty:1030 - CMSIS Pack Vendor :STMicroelectronics X-CUBE-AI 8.1.0
2023-09-16 11:15:51,146 [INFO] ThirdParty:1030 - CMSIS Pack Vendor :STMicroelectronics X-CUBE-AZRTOS-L4 2.0.0
2023-09-16 11:15:51,146 [INFO] ThirdParty:1030 - CMSIS Pack Vendor :STMicroelectronics ThreadX 0.0.2
2023-09-16 11:15:51,146 [INFO] ThirdParty:1030 - CMSIS Pack Vendor :WES I-CUBE-Cesium 1.3.0
2023-09-16 11:15:51,146 [INFO] ThirdParty:1030 - CMSIS Pack Vendor :STMicroelectronics lwIP 2.1.2
2023-09-16 11:15:51,146 [INFO] ThirdParty:1030 - CMSIS Pack Vendor :STMicroelectronics X-CUBE-SFXS2LP1 4.0.0
2023-09-16 11:15:51,146 [INFO] ThirdParty:1030 - CMSIS Pack Vendor :STMicroelectronics X-CUBE-BLE2 3.3.0
2023-09-16 11:15:51,146 [INFO] ThirdParty:1030 - CMSIS Pack Vendor :STMicroelectronics X-CUBE-DISPLAY 2.2.0
2023-09-16 11:15:51,146 [INFO] ThirdParty:1030 - CMSIS Pack Vendor :STMicroelectronics X-CUBE-TOF1 3.2.0
2023-09-16 11:15:51,146 [INFO] ThirdParty:1030 - CMSIS Pack Vendor :STMicroelectronics PDM2PCM 3.2.0
2023-09-16 11:15:51,146 [INFO] ThirdParty:1030 - CMSIS Pack Vendor :STMicroelectronics X-CUBE-AZRTOS-H7 3.0.0
2023-09-16 11:15:51,146 [INFO] ThirdParty:1030 - CMSIS Pack Vendor :STMicroelectronics X-CUBE-ISPU 1.0.0
2023-09-16 11:15:51,146 [INFO] ThirdParty:1030 - CMSIS Pack Vendor :STMicroelectronics X-CUBE-ISPU 1.1.0
2023-09-16 11:15:51,146 [INFO] ThirdParty:1030 - CMSIS Pack Vendor :RoweBots I-CUBE-UNISONRTOS 5.5.0-4
2023-09-16 11:15:51,146 [INFO] ThirdParty:1030 - CMSIS Pack Vendor :STMicroelectronics X-CUBE-AZRTOS-H7 2.1.0
2023-09-16 11:15:51,146 [INFO] ThirdParty:1030 - CMSIS Pack Vendor :STMicroelectronics USB_DEVICE 3.0.0
2023-09-16 11:15:51,146 [INFO] ThirdParty:1030 - CMSIS Pack Vendor :STMicroelectronics X-CUBE-AI 8.0.0
2023-09-16 11:15:51,146 [INFO] ThirdParty:1030 - CMSIS Pack Vendor :STMicroelectronics X-CUBE-AZRTOS-WB 2.0.0
2023-09-16 11:15:51,146 [INFO] ThirdParty:1030 - CMSIS Pack Vendor :STMicroelectronics X-CUBE-FREERTOS 1.0.0
2023-09-16 11:15:51,146 [INFO] ThirdParty:1030 - CMSIS Pack Vendor :STMicroelectronics X-CUBE-FREERTOS 1.0.1
2023-09-16 11:15:51,146 [INFO] ThirdParty:1030 - CMSIS Pack Vendor :STMicroelectronics X-CUBE-TOUCHGFX 4.21.1
2023-09-16 11:15:51,146 [INFO] ThirdParty:1030 - CMSIS Pack Vendor :STMicroelectronics X-CUBE-TOUCHGFX 4.21.0
2023-09-16 11:15:51,146 [INFO] ThirdParty:1030 - CMSIS Pack Vendor :STMicroelectronics X-CUBE-TOUCHGFX 4.21.3
2023-09-16 11:15:51,146 [INFO] ThirdParty:1030 - CMSIS Pack Vendor :STMicroelectronics X-CUBE-BLEMGR 1.0.0
2023-09-16 11:15:51,146 [INFO] ThirdParty:1030 - CMSIS Pack Vendor :STMicroelectronics X-CUBE-TOUCHGFX 4.21.4
2023-09-16 11:15:51,146 [INFO] ThirdParty:1030 - CMSIS Pack Vendor :STMicroelectronics X-CUBE-MEMS1 9.4.0
2023-09-16 11:15:51,146 [INFO] ThirdParty:1030 - CMSIS Pack Vendor :STMicroelectronics X-CUBE-AI 7.3.0
2023-09-16 11:15:51,146 [INFO] ThirdParty:1030 - CMSIS Pack Vendor :STMicroelectronics X-CUBE-ALGOBUILD 1.3.0
2023-09-16 11:15:51,146 [INFO] ThirdParty:1030 - CMSIS Pack Vendor :STMicroelectronics X-CUBE-AZRTOS-L5 1.1.0
2023-09-16 11:15:51,146 [INFO] ThirdParty:1030 - CMSIS Pack Vendor :STMicroelectronics X-CUBE-AZRTOS-G0 1.1.0
2023-09-16 11:15:51,146 [INFO] ThirdParty:1030 - CMSIS Pack Vendor :STMicroelectronics X-CUBE-AI 8.0.1
2023-09-16 11:15:51,146 [INFO] ThirdParty:1030 - CMSIS Pack Vendor :STMicroelectronics X-CUBE-NFC4 3.0.0
2023-09-16 11:15:51,146 [INFO] ThirdParty:1030 - CMSIS Pack Vendor :SEGGER I-CUBE-embOS 1.2.0
2023-09-16 11:15:51,146 [INFO] ThirdParty:1030 - CMSIS Pack Vendor :STMicroelectronics X-CUBE-SUBG2 5.0.0
2023-09-16 11:15:51,146 [INFO] ThirdParty:1030 - CMSIS Pack Vendor :STMicroelectronics STM32_WPAN 1.0.0
2023-09-16 11:15:51,146 [INFO] ThirdParty:1030 - CMSIS Pack Vendor :STMicroelectronics lwIP 2.0.3
2023-09-16 11:15:51,146 [INFO] ThirdParty:1030 - CMSIS Pack Vendor :STMicroelectronics USB_HOST 1.0.0
2023-09-16 11:15:51,146 [INFO] ThirdParty:1030 - CMSIS Pack Vendor :STMicroelectronics X-CUBE-TOF1 3.3.1
2023-09-16 11:15:51,146 [INFO] ThirdParty:1030 - CMSIS Pack Vendor :STMicroelectronics X-CUBE-AZRTOS-G4 2.0.0
2023-09-16 11:15:51,146 [INFO] ThirdParty:1030 - CMSIS Pack Vendor :STMicroelectronics PDM2PCM 3.1.0
2023-09-16 11:15:51,147 [INFO] ThirdParty:1030 - CMSIS Pack Vendor :STMicroelectronics X-CUBE-TOF1 3.3.0
2023-09-16 11:15:51,147 [INFO] ThirdParty:1030 - CMSIS Pack Vendor :STMicroelectronics FP-ATR-ASTRA1 1.1.1
2023-09-16 11:15:51,147 [INFO] ThirdParty:1030 - CMSIS Pack Vendor :STMicroelectronics FP-ATR-ASTRA1 1.1.0
2023-09-16 11:15:51,147 [INFO] ThirdParty:1030 - CMSIS Pack Vendor :STMicroelectronics X-CUBE-BLEMGR 1.3.0
2023-09-16 11:15:51,147 [INFO] ThirdParty:1030 - CMSIS Pack Vendor :STMicroelectronics FP-ATR-SIGFOX1 3.2.0
2023-09-16 11:15:51,147 [INFO] ThirdParty:1030 - CMSIS Pack Vendor :STMicroelectronics X-CUBE-AZRTOS-G4 1.0.0
2023-09-16 11:15:51,147 [INFO] ThirdParty:1030 - CMSIS Pack Vendor :wolfSSL I-CUBE-wolfSSL 5.3.0
2023-09-16 11:15:51,147 [INFO] ThirdParty:1030 - CMSIS Pack Vendor :STMicroelectronics X-CUBE-AZRTOS-L4 1.0.0
2023-09-16 11:15:51,147 [INFO] ThirdParty:1030 - CMSIS Pack Vendor :STMicroelectronics MBEDTLS 2.16.2
2023-09-16 11:15:51,147 [INFO] ThirdParty:1030 - CMSIS Pack Vendor :emotas I-CUBE-CANOPEN 1.1.2
2023-09-16 11:15:51,147 [INFO] ThirdParty:1030 - CMSIS Pack Vendor :STMicroelectronics X-CUBE-TOUCHGFX 4.20.0
2023-09-16 11:15:51,147 [INFO] ThirdParty:1030 - CMSIS Pack Vendor :STMicroelectronics X-CUBE-FREERTOS 1.1.0
2023-09-16 11:15:51,147 [INFO] ThirdParty:1030 - CMSIS Pack Vendor :STMicroelectronics X-CUBE-AZRTOS-F7 1.0.0
2023-09-16 11:15:51,147 [INFO] ThirdParty:1030 - CMSIS Pack Vendor :STMicroelectronics X-CUBE-AZRTOS-WL 1.0.0
2023-09-16 11:15:51,147 [INFO] ThirdParty:1030 - CMSIS Pack Vendor :portGmbH I-Cube-SoM-uGOAL 1.1.0
2023-09-16 11:15:51,147 [INFO] ThirdParty:1030 - CMSIS Pack Vendor :STMicroelectronics X-CUBE-ALS 1.0.1
2023-09-16 11:15:51,147 [INFO] ThirdParty:1030 - CMSIS Pack Vendor :STMicroelectronics X-CUBE-MEMS1 9.5.0
2023-09-16 11:15:51,147 [INFO] ThirdParty:1030 - CMSIS Pack Vendor :STMicroelectronics ThreadX 1.0.0
2023-09-16 11:15:51,147 [INFO] ThirdParty:1030 - CMSIS Pack Vendor :STMicroelectronics X-CUBE-AZRTOS-WB 1.1.0
2023-09-16 11:15:51,147 [INFO] ThirdParty:1030 - CMSIS Pack Vendor :SEGGER I-CUBE-embOS 1.3.1
2023-09-16 11:15:51,147 [INFO] ThirdParty:1030 - CMSIS Pack Vendor :STMicroelectronics X-CUBE-AZRTOS-L5 1.0.0
2023-09-16 11:15:51,147 [INFO] ThirdParty:1030 - CMSIS Pack Vendor :STMicroelectronics X-CUBE-EEPRMA1 3.1.1
2023-09-16 11:15:51,147 [INFO] ThirdParty:1030 - CMSIS Pack Vendor :STMicroelectronics FP-ATR-ASTRA1 2.0.0
2023-09-16 11:15:51,147 [INFO] ThirdParty:841 - exiting critical section [change project]
2023-09-16 11:15:51,388 [INFO] PinOutPanel:1499 - setPackage(No Configuration,No Configuration)
2023-09-16 11:15:51,388 [INFO] PinOutPanel:1499 - setPackage(STM32H730ZBTx,LQFP144)
2023-09-16 11:15:52,039 [INFO] UtilMem:75 - Before build in PCC Used Memory: 641170432 Bytes (1073741824)
2023-09-16 11:15:52,937 [INFO] UtilMem:75 - After build in PCC Used Memory: 885598464 Bytes (1073741824)
2023-09-16 11:15:52,977 [INFO] IPUIPlugin:80 - create IPUIPlugin
2023-09-16 11:15:52,977 [INFO] IPUIPlugin:80 - create IPUIPlugin
2023-09-16 11:15:52,977 [INFO] IPUIPlugin:80 - create IPUIPlugin
2023-09-16 11:15:52,977 [INFO] IPUIPlugin:80 - create IPUIPlugin
2023-09-16 11:15:52,977 [INFO] IPUIPlugin:80 - create IPUIPlugin
2023-09-16 11:15:52,977 [INFO] IPUIPlugin:80 - create IPUIPlugin
2023-09-16 11:15:52,978 [INFO] IPUIPlugin:80 - create IPUIPlugin
2023-09-16 11:15:52,978 [INFO] IPUIPlugin:80 - create IPUIPlugin
2023-09-16 11:15:52,978 [INFO] IPUIPlugin:80 - create IPUIPlugin
2023-09-16 11:15:52,978 [INFO] IPUIPlugin:80 - create IPUIPlugin
2023-09-16 11:15:52,978 [INFO] IPUIPlugin:80 - create IPUIPlugin
2023-09-16 11:15:52,978 [INFO] IPUIPlugin:80 - create IPUIPlugin
2023-09-16 11:15:52,979 [INFO] IPUIPlugin:80 - create IPUIPlugin
2023-09-16 11:15:52,979 [INFO] IPUIPlugin:80 - create IPUIPlugin
2023-09-16 11:15:52,979 [INFO] IPUIPlugin:80 - create IPUIPlugin
2023-09-16 11:15:52,979 [INFO] IPUIPlugin:80 - create IPUIPlugin
2023-09-16 11:15:52,979 [INFO] IPUIPlugin:80 - create IPUIPlugin
2023-09-16 11:15:52,979 [INFO] IPUIPlugin:80 - create IPUIPlugin
2023-09-16 11:15:52,980 [INFO] IPUIPlugin:80 - create IPUIPlugin
2023-09-16 11:15:52,980 [INFO] IPUIPlugin:80 - create IPUIPlugin
2023-09-16 11:15:52,980 [INFO] IPUIPlugin:80 - create IPUIPlugin
2023-09-16 11:15:52,980 [INFO] IPUIPlugin:80 - create IPUIPlugin
2023-09-16 11:15:52,980 [INFO] IPUIPlugin:80 - create IPUIPlugin
2023-09-16 11:15:52,980 [INFO] IPUIPlugin:80 - create IPUIPlugin
2023-09-16 11:15:52,980 [INFO] IPUIPlugin:80 - create IPUIPlugin
2023-09-16 11:15:52,980 [INFO] IPUIPlugin:80 - create IPUIPlugin
2023-09-16 11:15:52,980 [INFO] IPUIPlugin:80 - create IPUIPlugin
2023-09-16 11:15:52,981 [INFO] IPUIPlugin:80 - create IPUIPlugin
2023-09-16 11:15:52,981 [INFO] IPUIPlugin:80 - create IPUIPlugin
2023-09-16 11:15:52,981 [INFO] IPUIPlugin:80 - create IPUIPlugin
2023-09-16 11:15:52,981 [INFO] IPUIPlugin:80 - create IPUIPlugin
2023-09-16 11:15:52,981 [INFO] IPUIPlugin:80 - create IPUIPlugin
2023-09-16 11:15:52,982 [INFO] IPUIPlugin:80 - create IPUIPlugin
2023-09-16 11:15:52,982 [INFO] IPUIPlugin:80 - create IPUIPlugin
2023-09-16 11:15:52,982 [INFO] IPUIPlugin:80 - create IPUIPlugin
2023-09-16 11:15:52,982 [INFO] IPUIPlugin:80 - create IPUIPlugin
2023-09-16 11:15:52,982 [INFO] IPUIPlugin:80 - create IPUIPlugin
2023-09-16 11:15:52,983 [INFO] IPUIPlugin:80 - create IPUIPlugin
2023-09-16 11:15:52,983 [INFO] IPUIPlugin:80 - create IPUIPlugin
2023-09-16 11:15:52,983 [INFO] IPUIPlugin:80 - create IPUIPlugin
2023-09-16 11:15:52,983 [INFO] IPUIPlugin:80 - create IPUIPlugin
2023-09-16 11:15:52,984 [INFO] IPUIPlugin:80 - create IPUIPlugin
2023-09-16 11:15:52,984 [INFO] IPUIPlugin:80 - create IPUIPlugin
2023-09-16 11:15:52,984 [INFO] IPUIPlugin:80 - create IPUIPlugin
2023-09-16 11:15:52,984 [INFO] IPUIPlugin:80 - create IPUIPlugin
2023-09-16 11:15:52,984 [INFO] IPUIPlugin:80 - create IPUIPlugin
2023-09-16 11:15:52,985 [INFO] IPUIPlugin:80 - create IPUIPlugin
2023-09-16 11:15:52,985 [INFO] IPUIPlugin:80 - create IPUIPlugin
2023-09-16 11:15:52,985 [INFO] IPUIPlugin:80 - create IPUIPlugin
2023-09-16 11:15:52,985 [INFO] IPUIPlugin:80 - create IPUIPlugin
2023-09-16 11:15:52,986 [INFO] IPUIPlugin:80 - create IPUIPlugin
2023-09-16 11:15:52,986 [INFO] IPUIPlugin:80 - create IPUIPlugin
2023-09-16 11:15:52,986 [INFO] IPUIPlugin:80 - create IPUIPlugin
2023-09-16 11:15:52,986 [INFO] IPUIPlugin:80 - create IPUIPlugin
2023-09-16 11:15:52,987 [INFO] IPUIPlugin:80 - create IPUIPlugin
2023-09-16 11:15:52,987 [INFO] IPUIPlugin:80 - create IPUIPlugin
2023-09-16 11:15:52,987 [INFO] IPUIPlugin:80 - create IPUIPlugin
2023-09-16 11:15:52,988 [INFO] IPUIPlugin:80 - create IPUIPlugin
2023-09-16 11:15:52,988 [INFO] IPUIPlugin:80 - create IPUIPlugin
2023-09-16 11:15:52,988 [INFO] IPUIPlugin:80 - create IPUIPlugin
2023-09-16 11:15:52,989 [INFO] IPUIPlugin:80 - create IPUIPlugin
2023-09-16 11:15:52,989 [INFO] IPUIPlugin:80 - create IPUIPlugin
2023-09-16 11:15:52,989 [INFO] IPUIPlugin:80 - create IPUIPlugin
2023-09-16 11:15:52,990 [INFO] IPUIPlugin:80 - create IPUIPlugin
2023-09-16 11:15:52,990 [INFO] IPUIPlugin:80 - create IPUIPlugin
2023-09-16 11:15:52,990 [INFO] IPUIPlugin:80 - create IPUIPlugin
2023-09-16 11:15:52,991 [INFO] IPUIPlugin:80 - create IPUIPlugin
2023-09-16 11:15:52,991 [INFO] IPUIPlugin:80 - create IPUIPlugin
2023-09-16 11:15:52,992 [INFO] IPUIPlugin:80 - create IPUIPlugin
2023-09-16 11:15:52,992 [INFO] IPUIPlugin:80 - create IPUIPlugin
2023-09-16 11:15:52,992 [INFO] IPUIPlugin:80 - create IPUIPlugin
2023-09-16 11:15:52,992 [INFO] IPUIPlugin:80 - create IPUIPlugin
2023-09-16 11:15:52,993 [INFO] IPUIPlugin:80 - create IPUIPlugin
2023-09-16 11:15:52,993 [INFO] IPUIPlugin:80 - create IPUIPlugin
2023-09-16 11:15:52,993 [INFO] IPUIPlugin:80 - create IPUIPlugin
2023-09-16 11:15:52,993 [INFO] IPUIPlugin:80 - create IPUIPlugin
2023-09-16 11:15:52,994 [INFO] IPUIPlugin:80 - create IPUIPlugin
2023-09-16 11:15:52,994 [INFO] IPUIPlugin:80 - create IPUIPlugin
2023-09-16 11:15:52,995 [INFO] IPUIPlugin:80 - create IPUIPlugin
2023-09-16 11:15:52,995 [INFO] IPUIPlugin:80 - create IPUIPlugin
2023-09-16 11:15:52,995 [INFO] IPUIPlugin:80 - create IPUIPlugin
2023-09-16 11:15:52,995 [INFO] IPUIPlugin:80 - create IPUIPlugin
2023-09-16 11:15:52,995 [INFO] IPUIPlugin:80 - create IPUIPlugin
2023-09-16 11:15:52,996 [INFO] IPUIPlugin:80 - create IPUIPlugin
2023-09-16 11:15:52,996 [INFO] IPUIPlugin:80 - create IPUIPlugin
2023-09-16 11:15:52,996 [INFO] IPUIPlugin:80 - create IPUIPlugin
2023-09-16 11:15:52,996 [INFO] IPUIPlugin:80 - create IPUIPlugin
2023-09-16 11:15:52,996 [INFO] IPUIPlugin:80 - create IPUIPlugin
2023-09-16 11:15:52,996 [INFO] IPUIPlugin:80 - create IPUIPlugin
2023-09-16 11:15:52,996 [INFO] IPUIPlugin:80 - create IPUIPlugin
2023-09-16 11:15:52,997 [INFO] IPUIPlugin:80 - create IPUIPlugin
2023-09-16 11:15:52,997 [INFO] IPUIPlugin:80 - create IPUIPlugin
2023-09-16 11:15:52,997 [INFO] IPUIPlugin:80 - create IPUIPlugin
2023-09-16 11:15:52,997 [INFO] IPUIPlugin:80 - create IPUIPlugin
2023-09-16 11:15:52,997 [INFO] IPUIPlugin:80 - create IPUIPlugin
2023-09-16 11:15:52,998 [INFO] IPUIPlugin:80 - create IPUIPlugin
2023-09-16 11:15:52,998 [INFO] IPUIPlugin:80 - create IPUIPlugin
2023-09-16 11:15:52,998 [INFO] IPUIPlugin:80 - create IPUIPlugin
2023-09-16 11:15:52,999 [INFO] IPUIPlugin:80 - create IPUIPlugin
2023-09-16 11:15:52,999 [INFO] IPUIPlugin:80 - create IPUIPlugin
2023-09-16 11:15:53,000 [INFO] IPUIPlugin:80 - create IPUIPlugin
2023-09-16 11:15:53,000 [INFO] IPUIPlugin:80 - create IPUIPlugin
2023-09-16 11:15:53,000 [INFO] IPUIPlugin:80 - create IPUIPlugin
2023-09-16 11:15:53,001 [INFO] IPUIPlugin:80 - create IPUIPlugin
2023-09-16 11:15:53,001 [INFO] IPUIPlugin:80 - create IPUIPlugin
2023-09-16 11:15:53,002 [INFO] IPUIPlugin:80 - create IPUIPlugin
2023-09-16 11:15:53,003 [INFO] IPUIPlugin:80 - create IPUIPlugin
2023-09-16 11:15:53,003 [INFO] IPUIPlugin:80 - create IPUIPlugin
2023-09-16 11:15:53,004 [INFO] IPUIPlugin:80 - create IPUIPlugin
2023-09-16 11:15:53,008 [INFO] ApiDbMcu:507 - Load IP Config File for PDM2PCM
2023-09-16 11:15:53,300 [INFO] CADModel:165 - CPN selected for project levelSTM32H730ZBT6
2023-09-16 11:15:53,301 [INFO] CADModel:114 - Register for checkConnection events
2023-09-16 11:15:53,340 [INFO] OpenFileManager:328 - Restore cursor
