2023-09-01 18:53:35,914 [INFO] Activator:176 - 


2023-09-01 18:53:35,920 [INFO] Activator:177 - !SESSION log4j initialized
2023-09-01 18:53:40,775 [ERROR] LogOutputStream:75 - [STDERR_REDIRECT] 
2023-09-01 18:53:41,548 [INFO] LogOutputStream:77 - [STDOUT_REDIRECT] 
2023-09-01 18:53:43,724 [INFO] LogOutputStream:77 - [STDOUT_REDIRECT] 
2023-09-01 18:53:45,387 [INFO] ApplicationProperties:184 - Using Application install path: /Applications/STM32CubeIDE.app/Contents/Eclipse/plugins/com.st.stm32cube.common.mx_6.9.1.202307191849
2023-09-01 18:53:45,408 [INFO] DbMcusXml:78 - Set database path to: /Applications/STM32CubeIDE.app/Contents/Eclipse/plugins/com.st.stm32cube.common.mx_6.9.1.202307191849//db//mcu/
2023-09-01 18:53:45,408 [INFO] ApiDb:274 - Set plugin database path to: /Applications/STM32CubeIDE.app/Contents/Eclipse/plugins/com.st.stm32cube.common.mx_6.9.1.202307191849//db//plugins/boardmanager/
2023-09-01 18:53:45,409 [WARN] ApiDb:259 - Overriding images path with different value:  => /Applications/STM32CubeIDE.app/Contents/Eclipse/plugins/com.st.stm32cube.common.mx_6.9.1.202307191849//db//plugins/mcufinder/images/
2023-09-01 18:53:45,420 [INFO] ApiDb:250 - Set database path to: /Users/jeffsnyder/.stmcufinder/plugins/mcufinder//mcu/
2023-09-01 18:53:45,422 [INFO] DbMcusAds:125 - Set database path to: /Users/jeffsnyder/.stmcufinder/plugins/mcufinder//mcu/
2023-09-01 18:53:45,425 [INFO] CrossReferenceDbSqlite:203 - Set database path to: /Users/jeffsnyder/.stmcufinder/plugins/mcufinder//mcu/cs/
2023-09-01 18:53:45,563 [INFO] RulesReader:64 - Compatibility file has been processed (293 Rules)
2023-09-01 18:53:45,644 [INFO] DbMcusXml:78 - Set database path to: /Applications/STM32CubeIDE.app/Contents/Eclipse/plugins/com.st.stm32cube.common.mx_6.9.1.202307191849//db//mcu/
2023-09-01 18:53:45,644 [INFO] ApiDb:274 - Set plugin database path to: /Applications/STM32CubeIDE.app/Contents/Eclipse/plugins/com.st.stm32cube.common.mx_6.9.1.202307191849//db//plugins/boardmanager/
2023-09-01 18:53:45,644 [INFO] ApiDb:261 - Set plugin images path to: /Applications/STM32CubeIDE.app/Contents/Eclipse/plugins/com.st.stm32cube.common.mx_6.9.1.202307191849//db//plugins/mcufinder/images/
2023-09-01 18:53:45,645 [WARN] DbFile:41 - Overriding database path with different value: /Users/jeffsnyder/.stmcufinder/plugins/mcufinder/ => /Users/jeffsnyder/.stmcufinder/plugins/mcufinder
2023-09-01 18:53:45,645 [INFO] ApiDb:250 - Set database path to: /Users/jeffsnyder/.stmcufinder/plugins/mcufinder//mcu/
2023-09-01 18:53:45,645 [WARN] DbFile:41 - Overriding database path with different value: /Users/jeffsnyder/.stmcufinder/plugins/mcufinder/ => /Users/jeffsnyder/.stmcufinder/plugins/mcufinder
2023-09-01 18:53:45,645 [INFO] DbMcusAds:125 - Set database path to: /Users/jeffsnyder/.stmcufinder/plugins/mcufinder//mcu/
2023-09-01 18:53:45,645 [WARN] DbFile:41 - Overriding database path with different value: /Users/jeffsnyder/.stmcufinder/plugins/mcufinder/ => /Users/jeffsnyder/.stmcufinder/plugins/mcufinder
2023-09-01 18:53:45,645 [WARN] DbFile:41 - Overriding database path with different value: /Users/jeffsnyder/.stmcufinder/plugins/mcufinder/ => /Users/jeffsnyder/.stmcufinder/plugins/mcufinder
2023-09-01 18:53:45,645 [INFO] CrossReferenceDbSqlite:203 - Set database path to: /Users/jeffsnyder/.stmcufinder/plugins/mcufinder//mcu/cs/
2023-09-01 18:53:45,731 [INFO] MainPanel:262 - HeapMemory: 268435456
2023-09-01 18:53:45,848 [INFO] DbMcusXml:78 - Set database path to: /Applications/STM32CubeIDE.app/Contents/Eclipse/plugins/com.st.stm32cube.common.mx_6.9.1.202307191849//db//mcu/
2023-09-01 18:53:45,848 [INFO] ApiDb:274 - Set plugin database path to: /Applications/STM32CubeIDE.app/Contents/Eclipse/plugins/com.st.stm32cube.common.mx_6.9.1.202307191849//db//plugins/boardmanager/
2023-09-01 18:53:45,848 [INFO] ApiDb:261 - Set plugin images path to: /Applications/STM32CubeIDE.app/Contents/Eclipse/plugins/com.st.stm32cube.common.mx_6.9.1.202307191849//db//plugins/mcufinder/images/
2023-09-01 18:53:45,849 [WARN] DbFile:41 - Overriding database path with different value: /Users/jeffsnyder/.stmcufinder/plugins/mcufinder/ => /Users/jeffsnyder/.stmcufinder/plugins/mcufinder
2023-09-01 18:53:45,849 [INFO] ApiDb:250 - Set database path to: /Users/jeffsnyder/.stmcufinder/plugins/mcufinder//mcu/
2023-09-01 18:53:45,849 [WARN] DbFile:41 - Overriding database path with different value: /Users/jeffsnyder/.stmcufinder/plugins/mcufinder/ => /Users/jeffsnyder/.stmcufinder/plugins/mcufinder
2023-09-01 18:53:45,849 [INFO] DbMcusAds:125 - Set database path to: /Users/jeffsnyder/.stmcufinder/plugins/mcufinder//mcu/
2023-09-01 18:53:45,849 [WARN] DbFile:41 - Overriding database path with different value: /Users/jeffsnyder/.stmcufinder/plugins/mcufinder/ => /Users/jeffsnyder/.stmcufinder/plugins/mcufinder
2023-09-01 18:53:45,849 [WARN] DbFile:41 - Overriding database path with different value: /Users/jeffsnyder/.stmcufinder/plugins/mcufinder/ => /Users/jeffsnyder/.stmcufinder/plugins/mcufinder
2023-09-01 18:53:45,850 [INFO] CrossReferenceDbSqlite:203 - Set database path to: /Users/jeffsnyder/.stmcufinder/plugins/mcufinder//mcu/cs/
2023-09-01 18:53:45,870 [INFO] ApplicationProperties:184 - Using Application install path: /Applications/STM32CubeIDE.app/Contents/Eclipse/plugins/com.st.stm32cube.common.mx_6.9.1.202307191849
2023-09-01 18:53:45,871 [INFO] PluginManage:196 - Search for loadable plugins [exclusion list=, ]
2023-09-01 18:53:45,872 [INFO] PluginManage:310 - Check plugin analytics
2023-09-01 18:53:46,053 [INFO] AnalyticsPlugin:253 - Accepted Software Licenses: STM32CubeMX.6.8.1
2023-09-01 18:53:46,054 [INFO] AnalyticsPlugin:255 - Accepted CMSIS Pack Licenses: 
2023-09-01 18:53:46,054 [INFO] AnalyticsPlugin:257 - Accepted Firmware Licenses: FW.H7.1.11.0
2023-09-01 18:53:46,056 [INFO] PluginManage:359 - Loaded plugin analytics (category:tool,tabindex:-1)
2023-09-01 18:53:46,057 [INFO] PluginManage:310 - Check plugin cadmodel
2023-09-01 18:53:46,925 [INFO] CADModel:105 - Init CAD model plugin
2023-09-01 18:53:46,925 [INFO] PluginManage:359 - Loaded plugin cadmodel (category:power,tabindex:5)
2023-09-01 18:53:46,925 [INFO] PluginManage:310 - Check plugin clock
2023-09-01 18:53:46,937 [INFO] PluginManage:359 - Loaded plugin clock (category:base,tabindex:2)
2023-09-01 18:53:46,937 [INFO] PluginManage:310 - Check plugin ddr
2023-09-01 18:53:46,940 [INFO] PluginManage:359 - Loaded plugin ddr (category:tool,tabindex:6)
2023-09-01 18:53:46,940 [INFO] PluginManage:310 - Check plugin filemanager
2023-09-01 18:53:47,089 [INFO] PluginManage:359 - Loaded plugin filemanager (category:base,tabindex:10)
2023-09-01 18:53:47,090 [INFO] PluginManage:310 - Check plugin ipmanager
2023-09-01 18:53:47,097 [INFO] PluginManage:359 - Loaded plugin ipmanager (category:base,tabindex:5)
2023-09-01 18:53:47,097 [INFO] PluginManage:310 - Check plugin lpbam
2023-09-01 18:53:47,109 [INFO] PluginManage:359 - Loaded plugin lpbam (category:base,tabindex:0)
2023-09-01 18:53:47,109 [INFO] PluginManage:310 - Check plugin memorymap
2023-09-01 18:53:47,125 [INFO] PluginManage:359 - Loaded plugin memorymap (category:base,tabindex:4)
2023-09-01 18:53:47,126 [INFO] PluginManage:310 - Check plugin pinoutandconfiguration
2023-09-01 18:53:47,134 [INFO] PluginManage:359 - Loaded plugin pinoutandconfiguration (category:base,tabindex:1)
2023-09-01 18:53:47,134 [INFO] PluginManage:310 - Check plugin pinoutconfig
2023-09-01 18:53:47,236 [WARN] SupportedApi:132 - Cannot load RTOS API schema: s4s-elt-must-match.1: The content of 'definitions' must match (annotation?, (simpleType | complexType)?, (unique | key | keyref)*)). A problem was found starting at: attribute.
2023-09-01 18:53:47,412 [INFO] PluginManage:359 - Loaded plugin pinoutconfig (category:base,tabindex:0)
2023-09-01 18:53:47,412 [INFO] PluginManage:310 - Check plugin power
2023-09-01 18:53:47,425 [INFO] PluginManage:359 - Loaded plugin power (category:power,tabindex:4)
2023-09-01 18:53:47,425 [INFO] PluginManage:310 - Check plugin projectmanager
2023-09-01 18:53:47,439 [INFO] PluginManage:359 - Loaded plugin projectmanager (category:projectmanager,tabindex:3)
2023-09-01 18:53:47,439 [INFO] PluginManage:310 - Check plugin thirdparty
2023-09-01 18:53:47,590 [INFO] PluginManage:359 - Loaded plugin thirdparty (category:base,tabindex:-1)
2023-09-01 18:53:47,590 [INFO] PluginManage:310 - Check plugin tools
2023-09-01 18:53:47,590 [WARN] IntegrityCheckThread:84 - waiting for thirdparty lock release [integrity check]
2023-09-01 18:53:47,591 [INFO] IntegrityCheckThread:86 - entering critical section [integrity check]
2023-09-01 18:53:47,592 [INFO] ThirdPartyUpdaterWithRetryManager:70 - Updater plugin not ready yet. [1/15]
2023-09-01 18:53:47,594 [INFO] PluginManage:359 - Loaded plugin tools (category:base,tabindex:7)
2023-09-01 18:53:47,594 [INFO] PluginManage:310 - Check plugin tutovideos
2023-09-01 18:53:47,847 [INFO] PluginManage:359 - Loaded plugin tutovideos (category:base,tabindex:-1)
2023-09-01 18:53:47,847 [INFO] PluginManage:310 - Check plugin updater
2023-09-01 18:53:47,859 [INFO] PluginManage:359 - Loaded plugin updater (category:base,tabindex:12)
2023-09-01 18:53:47,860 [INFO] PluginManage:310 - Check plugin userauth
2023-09-01 18:53:47,866 [INFO] UserAuth:113 - Init User Auth plugin
2023-09-01 18:53:47,866 [INFO] PluginManage:359 - Loaded plugin userauth (category:base,tabindex:14)
2023-09-01 18:53:47,867 [INFO] PluginManage:283 - PluginManage : Loaded plugins [17]
2023-09-01 18:53:48,077 [INFO] PinOutPanel:1499 - setPackage(No Configuration,No Configuration)
2023-09-01 18:53:48,180 [INFO] CADModel:165 - CPN selected for project level
2023-09-01 18:53:48,180 [INFO] CADModel:114 - Register for checkConnection events
2023-09-01 18:53:48,195 [INFO] IPUIPlugin:80 - create IPUIPlugin
2023-09-01 18:53:48,196 [INFO] PluginManager:220 - loadIPPluginJar : add mdma
2023-09-01 18:53:48,205 [INFO] IPUIPlugin:80 - create IPUIPlugin
2023-09-01 18:53:48,205 [INFO] PluginManager:220 - loadIPPluginJar : add freertos
2023-09-01 18:53:48,211 [INFO] IPUIPlugin:80 - create IPUIPlugin
2023-09-01 18:53:48,211 [INFO] PluginManager:220 - loadIPPluginJar : add gic
2023-09-01 18:53:48,221 [INFO] IPUIPlugin:80 - create IPUIPlugin
2023-09-01 18:53:48,222 [INFO] PluginManager:220 - loadIPPluginJar : add adc
2023-09-01 18:53:48,225 [INFO] IPUIPlugin:80 - create IPUIPlugin
2023-09-01 18:53:48,225 [INFO] PluginManager:220 - loadIPPluginJar : add gtzc
2023-09-01 18:53:48,226 [INFO] IPUIPlugin:80 - create IPUIPlugin
2023-09-01 18:53:48,226 [INFO] PluginManager:220 - loadIPPluginJar : add quadspi
2023-09-01 18:53:48,229 [INFO] IPUIPlugin:80 - create IPUIPlugin
2023-09-01 18:53:48,229 [INFO] PluginManager:220 - loadIPPluginJar : add aes
2023-09-01 18:53:48,232 [INFO] IPUIPlugin:80 - create IPUIPlugin
2023-09-01 18:53:48,232 [INFO] PluginManager:220 - loadIPPluginJar : add pdm2pcm
2023-09-01 18:53:48,234 [INFO] IPUIPlugin:80 - create IPUIPlugin
2023-09-01 18:53:48,235 [INFO] PluginManager:220 - loadIPPluginJar : add hash
2023-09-01 18:53:48,236 [INFO] IPUIPlugin:80 - create IPUIPlugin
2023-09-01 18:53:48,237 [INFO] PluginManager:220 - loadIPPluginJar : add tim
2023-09-01 18:53:48,238 [INFO] IPUIPlugin:80 - create IPUIPlugin
2023-09-01 18:53:48,238 [INFO] PluginManager:220 - loadIPPluginJar : add tsc
2023-09-01 18:53:48,240 [INFO] IPUIPlugin:80 - create IPUIPlugin
2023-09-01 18:53:48,240 [INFO] PluginManager:220 - loadIPPluginJar : add ts
2023-09-01 18:53:48,242 [INFO] IPUIPlugin:80 - create IPUIPlugin
2023-09-01 18:53:48,243 [INFO] PluginManager:220 - loadIPPluginJar : add can
2023-09-01 18:53:48,245 [INFO] IPUIPlugin:80 - create IPUIPlugin
2023-09-01 18:53:48,245 [INFO] PluginManager:220 - loadIPPluginJar : add dma3
2023-09-01 18:53:48,247 [INFO] IPUIPlugin:80 - create IPUIPlugin
2023-09-01 18:53:48,247 [INFO] PluginManager:220 - loadIPPluginJar : add dfsdm
2023-09-01 18:53:48,249 [INFO] IPUIPlugin:80 - create IPUIPlugin
2023-09-01 18:53:48,249 [INFO] PluginManager:220 - loadIPPluginJar : add spi
2023-09-01 18:53:48,252 [INFO] IPUIPlugin:80 - create IPUIPlugin
2023-09-01 18:53:48,252 [INFO] PluginManager:220 - loadIPPluginJar : add gfxmmu
2023-09-01 18:53:48,253 [INFO] IPUIPlugin:80 - create IPUIPlugin
2023-09-01 18:53:48,253 [INFO] PluginManager:220 - loadIPPluginJar : add genericplugin
2023-09-01 18:53:48,255 [INFO] IPUIPlugin:80 - create IPUIPlugin
2023-09-01 18:53:48,255 [INFO] PluginManager:220 - loadIPPluginJar : add cryp
2023-09-01 18:53:48,260 [INFO] IPUIPlugin:80 - create IPUIPlugin
2023-09-01 18:53:48,260 [INFO] PluginManager:220 - loadIPPluginJar : add gpio
2023-09-01 18:53:48,261 [INFO] IPUIPlugin:80 - create IPUIPlugin
2023-09-01 18:53:48,261 [INFO] PluginManager:220 - loadIPPluginJar : add comp
2023-09-01 18:53:48,263 [INFO] IPUIPlugin:80 - create IPUIPlugin
2023-09-01 18:53:48,263 [INFO] PluginManager:220 - loadIPPluginJar : add tracer_emb
2023-09-01 18:53:48,266 [INFO] IPUIPlugin:80 - create IPUIPlugin
2023-09-01 18:53:48,266 [INFO] PluginManager:220 - loadIPPluginJar : add openamp
2023-09-01 18:53:48,271 [INFO] IPUIPlugin:80 - create IPUIPlugin
2023-09-01 18:53:48,271 [INFO] PluginManager:220 - loadIPPluginJar : add stm32_wpan
2023-09-01 18:53:48,278 [INFO] IPUIPlugin:80 - create IPUIPlugin
2023-09-01 18:53:48,281 [INFO] PluginManager:220 - loadIPPluginJar : add plateformsettings
2023-09-01 18:53:48,285 [INFO] IPUIPlugin:80 - create IPUIPlugin
2023-09-01 18:53:48,285 [INFO] PluginManager:220 - loadIPPluginJar : add ipddr
2023-09-01 18:53:48,287 [INFO] IPUIPlugin:80 - create IPUIPlugin
2023-09-01 18:53:48,287 [INFO] PluginManager:220 - loadIPPluginJar : add usart
2023-09-01 18:53:48,288 [INFO] IPUIPlugin:80 - create IPUIPlugin
2023-09-01 18:53:48,289 [INFO] PluginManager:220 - loadIPPluginJar : add ltdc
2023-09-01 18:53:48,293 [INFO] IPUIPlugin:80 - create IPUIPlugin
2023-09-01 18:53:48,293 [INFO] PluginManager:220 - loadIPPluginJar : add nvic
2023-09-01 18:53:48,294 [INFO] IPUIPlugin:80 - create IPUIPlugin
2023-09-01 18:53:48,294 [INFO] PluginManager:220 - loadIPPluginJar : add fatfs
2023-09-01 18:53:48,302 [INFO] IPUIPlugin:80 - create IPUIPlugin
2023-09-01 18:53:48,302 [INFO] PluginManager:220 - loadIPPluginJar : add linkedlist
2023-09-01 18:53:48,310 [INFO] IPUIPlugin:80 - create IPUIPlugin
2023-09-01 18:53:48,310 [INFO] PluginManager:220 - loadIPPluginJar : add dma
2023-09-01 18:53:48,314 [INFO] IPUIPlugin:80 - create IPUIPlugin
2023-09-01 18:53:48,315 [INFO] PluginManager:220 - loadIPPluginJar : add fmc
2023-09-01 18:53:48,317 [INFO] IPUIPlugin:80 - create IPUIPlugin
2023-09-01 18:53:48,317 [INFO] PluginManager:220 - loadIPPluginJar : add i2s
2023-09-01 18:53:48,319 [INFO] IPUIPlugin:80 - create IPUIPlugin
2023-09-01 18:53:48,319 [INFO] PluginManager:220 - loadIPPluginJar : add ucpd
2023-09-01 18:53:48,321 [INFO] IPUIPlugin:80 - create IPUIPlugin
2023-09-01 18:53:48,321 [INFO] PluginManager:220 - loadIPPluginJar : add lorawan
2023-09-01 18:53:48,324 [INFO] IPUIPlugin:80 - create IPUIPlugin
2023-09-01 18:53:48,324 [INFO] PluginManager:220 - loadIPPluginJar : add opamp
2023-09-01 18:53:48,328 [INFO] IPUIPlugin:80 - create IPUIPlugin
2023-09-01 18:53:48,328 [INFO] PluginManager:220 - loadIPPluginJar : add i3c
2023-09-01 18:53:48,331 [INFO] IPUIPlugin:80 - create IPUIPlugin
2023-09-01 18:53:48,331 [INFO] PluginManager:220 - loadIPPluginJar : add touchsensing
2023-09-01 18:53:48,334 [INFO] IPUIPlugin:80 - create IPUIPlugin
2023-09-01 18:53:48,334 [INFO] PluginManager:220 - loadIPPluginJar : add i2c
2023-09-01 18:53:48,338 [INFO] IPUIPlugin:80 - create IPUIPlugin
2023-09-01 18:53:48,338 [INFO] PluginManager:220 - loadIPPluginJar : add resmgrutility
2023-09-01 18:53:48,342 [INFO] IPUIPlugin:80 - create IPUIPlugin
2023-09-01 18:53:48,342 [INFO] PluginManager:220 - loadIPPluginJar : add sai
2023-09-01 18:53:48,345 [INFO] IPUIPlugin:80 - create IPUIPlugin
2023-09-01 18:53:48,345 [INFO] PluginManager:220 - loadIPPluginJar : add usbx
2023-09-01 18:53:48,451 [INFO] CADModel:165 - CPN selected for project level
2023-09-01 18:53:48,451 [INFO] CADModel:114 - Register for checkConnection events
2023-09-01 18:53:48,451 [FATAL] Updater:308 - Updater called before beeing initialized
2023-09-01 18:53:48,452 [ERROR] CADModel:125 - Updater not yet initialized, retry later 
2023-09-01 18:53:48,644 [INFO] CADModel:165 - CPN selected for project level
2023-09-01 18:53:48,644 [INFO] CADModel:114 - Register for checkConnection events
2023-09-01 18:53:48,644 [FATAL] Updater:308 - Updater called before beeing initialized
2023-09-01 18:53:48,644 [ERROR] CADModel:125 - Updater not yet initialized, retry later 
2023-09-01 18:53:48,648 [FATAL] Updater:308 - Updater called before beeing initialized
2023-09-01 18:53:48,758 [FATAL] Updater:308 - Updater called before beeing initialized
2023-09-01 18:53:48,766 [INFO] DbMcusAds:53 - JSON generation date=Thu Sep 30 02:55:09 EDT 2021 (1632984909247)
2023-09-01 18:53:48,766 [FATAL] Updater:308 - Updater called before beeing initialized
2023-09-01 18:53:48,942 [WARN] DetailPanel:346 - Failed to get advertising image, set to default
2023-09-01 18:53:49,033 [FATAL] Updater:308 - Updater called before beeing initialized
2023-09-01 18:53:49,035 [FATAL] Updater:308 - Updater called before beeing initialized
2023-09-01 18:53:49,036 [FATAL] Updater:308 - Updater called before beeing initialized
2023-09-01 18:53:49,036 [WARN] DetailPanel:346 - Failed to get advertising image, set to default
2023-09-01 18:53:49,036 [FATAL] Updater:308 - Updater called before beeing initialized
2023-09-01 18:53:49,064 [ERROR] Updater:1120 - MainUpdater not yet initialized. External WinMGr cannot be set.
2023-09-01 18:53:49,084 [INFO] Updater:1056 - Updater Version found : 6.9.1
2023-09-01 18:53:49,104 [INFO] ApplicationProperties:184 - Using Application install path: /Applications/STM32CubeIDE.app/Contents/Eclipse/plugins/com.st.stm32cube.common.mx_6.9.1.202307191849
2023-09-01 18:53:49,261 [INFO] MainUpdater:2868 - connection check result : 10
2023-09-01 18:53:49,261 [INFO] MainUpdater:3562 - Updater definition file requires update
2023-09-01 18:53:49,262 [INFO] MainUpdater:285 - Updater Check For Update Now.
2023-09-01 18:53:49,262 [INFO] MicroXplorer:498 - Change Database Version : DB.6.0.91
2023-09-01 18:53:49,267 [INFO] McuFinderGlobals:63 - Set McuFinder mode to 2 (CubeIDE integrated)
2023-09-01 18:53:49,267 [INFO] UserAuth:179 - activating auth plugin
2023-09-01 18:53:49,269 [INFO] UserAuth:393 - Internet connection configuration mode: 1
2023-09-01 18:53:49,289 [INFO] JxBrowserEngine:151 - Initiate JxBrowser Engine with user profile folder
2023-09-01 18:53:49,300 [INFO] ServerAccessManage:473 - Download File updaters.zip
2023-09-01 18:53:49,366 [INFO] FileExtend:240 - Unzip File : updaters.zip
2023-09-01 18:53:49,367 [INFO] FileExtend:255 - Standard Zip Deflate
2023-09-01 18:53:49,603 [INFO] ServerAccessManage:473 - Download File PacksControlFlags.xml
2023-09-01 18:53:49,720 [INFO] ServerAccessManage:473 - Download File cubemx.pidx
2023-09-01 18:53:50,296 [INFO] ServerAccessManage:473 - Download File STMicroelectronics.X-CUBE-FREERTOS.pdsc
2023-09-01 18:53:50,593 [WARN] MainUpdater:1189 - Updater busy. Cannot search thirdparties
2023-09-01 18:53:50,593 [INFO] ThirdPartyUpdaterWithRetryManager:96 - Updater plugin is busy. [1/15]
2023-09-01 18:53:51,137 [INFO] WebApp:157 - Instantiating new browser for Auth
2023-09-01 18:53:51,526 [WARN] PackLoader:240 - Cannot read IP mode file for STMicroelectronics.X-CUBE-FREERTOS.1.1.0
2023-09-01 18:53:51,528 [INFO] PopulateThirdPartyThread:66 - Ending populate Thread
2023-09-01 18:53:51,530 [INFO] ThirdParty:1030 - CMSIS Pack Vendor :STMicroelectronics X-CUBE-FREERTOS 1.1.0
2023-09-01 18:53:51,530 [INFO] LoadServerUpdatesThread:373 - End of LoadServerUpdate Thread
2023-09-01 18:53:51,650 [INFO] CheckServerUpdateThread:120 - End of CheckServer Thread
2023-09-01 18:53:52,199 [INFO] WebApp:753 - Register for checkConnection events
2023-09-01 18:53:52,199 [INFO] WebApp:390 - Apply proxy settings
2023-09-01 18:53:52,202 [INFO] WebApp:455 - Chromium authenticates against System proxy
2023-09-01 18:53:52,453 [INFO] WebApp:188 - Starting web application
2023-09-01 18:53:52,454 [INFO] WebApp:520 - Web application path used /Applications/STM32CubeIDE.app/Contents/Eclipse/plugins/com.st.stm32cube.common.mx_6.9.1.202307191849/db/plugins/mcufinder/reactClient1/index.html
2023-09-01 18:53:53,714 [WARN] PackLoader:240 - Cannot read IP mode file for STMicroelectronics.X-CUBE-SMBUS.2.1.0
2023-09-01 18:53:53,785 [WARN] PackLoader:240 - Cannot read IP mode file for STMicroelectronics.X-CUBE-MEMS1.9.2.0
2023-09-01 18:53:54,024 [WARN] PackLoader:240 - Cannot read IP mode file for STMicroelectronics.X-CUBE-AZRTOS-F7.1.1.0
2023-09-01 18:53:54,033 [ERROR] RealEvaluatedCondition:428 - Found unsupported composite condition: CLASS='Data Exchange' GROUP='STM32_MetaDataManager'
2023-09-01 18:53:54,033 [ERROR] RealEvaluatedCondition:428 - Found unsupported composite condition: CLASS='Data Exchange' GROUP='STM32_MetaDataManager'
2023-09-01 18:53:54,034 [WARN] PackLoader:240 - Cannot read IP mode file for STMicroelectronics.FP-SNS-MOTENV1.4.3.0
2023-09-01 18:53:54,041 [WARN] PackLoader:240 - Cannot read IP mode file for STMicroelectronics.FP-SNS-MOTENV1.4.3.2
2023-09-01 18:53:54,047 [WARN] PackLoader:240 - Cannot read IP mode file for STMicroelectronics.FP-SNS-FLIGHT1.5.0.0
2023-09-01 18:53:54,051 [ERROR] RealEvaluatedCondition:428 - Found unsupported composite condition: GROUP='STM32_MetaDataManager' CLASS='Data Exchange'
2023-09-01 18:53:54,052 [ERROR] RealEvaluatedCondition:428 - Found unsupported composite condition: GROUP='STM32_MetaDataManager' CLASS='Data Exchange'
2023-09-01 18:53:54,053 [WARN] PackLoader:240 - Cannot read IP mode file for STMicroelectronics.FP-SNS-MOTENV1.4.3.1
2023-09-01 18:53:54,059 [WARN] PackLoader:240 - Cannot read IP mode file for STMicroelectronics.FP-SNS-FLIGHT1.5.0.1
2023-09-01 18:53:54,065 [WARN] PackLoader:240 - Cannot read IP mode file for STMicroelectronics.X-CUBE-BLE1.6.2.3
2023-09-01 18:53:54,070 [WARN] PackLoader:240 - Cannot read IP mode file for STMicroelectronics.X-CUBE-BLE1.6.2.4
2023-09-01 18:53:54,074 [WARN] PackLoader:240 - Cannot read IP mode file for STMicroelectronics.FP-SNS-FLIGHT1.5.0.2
2023-09-01 18:53:54,086 [WARN] PackLoader:240 - Cannot read IP mode file for STMicroelectronics.X-CUBE-TOF1.3.1.0
2023-09-01 18:53:54,098 [WARN] PackLoader:240 - Cannot read IP mode file for STMicroelectronics.X-CUBE-DISPLAY.3.0.0
2023-09-01 18:53:54,106 [WARN] PackLoader:240 - Cannot read IP mode file for STMicroelectronics.X-CUBE-BLE1.7.0.0
2023-09-01 18:53:54,110 [WARN] PackLoader:240 - Cannot read IP mode file for STMicroelectronics.X-CUBE-TOUCHGFX.4.22.0
2023-09-01 18:53:54,145 [WARN] PackLoader:240 - Cannot read IP mode file for STMicroelectronics.X-CUBE-MEMS1.9.3.0
2023-09-01 18:53:54,273 [WARN] PackLoader:240 - Cannot read IP mode file for STMicroelectronics.X-CUBE-AI.7.2.0
2023-09-01 18:53:54,290 [INFO] LogOutputStream:77 - [STDOUT_REDIRECT] 1 : Invalid condition id : UX_CORESTACK_Condition cause : null
2023-09-01 18:53:54,291 [INFO] LogOutputStream:77 - [STDOUT_REDIRECT] 1 : Invalid condition id : UX_CORESTACK_Condition cause : null
2023-09-01 18:53:54,291 [INFO] LogOutputStream:77 - [STDOUT_REDIRECT] 1 : Invalid condition id : UX_CORESTACK_Condition cause : null
2023-09-01 18:53:54,291 [INFO] LogOutputStream:77 - [STDOUT_REDIRECT] 1 : Invalid condition id : UX_CORESTACK_Condition cause : null
2023-09-01 18:53:54,291 [INFO] LogOutputStream:77 - [STDOUT_REDIRECT] 1 : Invalid condition id : UX_CORESTACK_Condition cause : null
2023-09-01 18:53:54,294 [WARN] PackLoader:240 - Cannot read IP mode file for STMicroelectronics.X-CUBE-AZRTOS-WL.2.0.0
2023-09-01 18:53:54,300 [WARN] PackLoader:240 - Cannot read IP mode file for WES.I-CUBE-Cesium.1.3.0
2023-09-01 18:53:54,305 [WARN] PackLoader:240 - Cannot read IP mode file for STMicroelectronics.X-CUBE-BLE2.3.3.0
2023-09-01 18:53:54,311 [WARN] PackLoader:240 - Cannot read IP mode file for STMicroelectronics.X-CUBE-DISPLAY.2.2.0
2023-09-01 18:53:54,324 [WARN] PackLoader:240 - Cannot read IP mode file for STMicroelectronics.X-CUBE-TOF1.3.2.0
2023-09-01 18:53:54,334 [WARN] PackLoader:240 - Cannot read IP mode file for STMicroelectronics.X-CUBE-ISPU.1.0.0
2023-09-01 18:53:54,366 [WARN] PackLoader:240 - Cannot read IP mode file for STMicroelectronics.X-CUBE-AZRTOS-H7.2.1.0
2023-09-01 18:53:54,371 [WARN] PackLoader:240 - Cannot read IP mode file for STMicroelectronics.X-CUBE-TOUCHGFX.4.21.1
2023-09-01 18:53:54,374 [WARN] PackLoader:240 - Cannot read IP mode file for STMicroelectronics.X-CUBE-TOUCHGFX.4.21.0
2023-09-01 18:53:54,377 [WARN] PackLoader:240 - Cannot read IP mode file for STMicroelectronics.X-CUBE-TOUCHGFX.4.21.3
2023-09-01 18:53:54,379 [WARN] PackLoader:240 - Cannot read IP mode file for STMicroelectronics.X-CUBE-TOUCHGFX.4.21.4
2023-09-01 18:53:54,417 [WARN] PackLoader:240 - Cannot read IP mode file for STMicroelectronics.X-CUBE-MEMS1.9.4.0
2023-09-01 18:53:54,583 [WARN] PackLoader:240 - Cannot read IP mode file for STMicroelectronics.X-CUBE-AI.7.3.0
2023-09-01 18:53:54,589 [WARN] PackLoader:240 - Cannot read IP mode file for STMicroelectronics.X-CUBE-ALGOBUILD.1.3.0
2023-09-01 18:53:54,612 [WARN] PackLoader:240 - Cannot read IP mode file for STMicroelectronics.X-CUBE-AZRTOS-G0.1.1.0
2023-09-01 18:53:54,622 [WARN] PackLoader:240 - Cannot read IP mode file for STMicroelectronics.X-CUBE-NFC4.3.0.0
2023-09-01 18:53:54,661 [WARN] PackLoader:240 - Cannot read IP mode file for SEGGER.I-CUBE-embOS.1.2.0
2023-09-01 18:53:54,716 [WARN] PackLoader:240 - Cannot read IP mode file for STMicroelectronics.X-CUBE-BLEMGR.1.3.0
2023-09-01 18:53:54,724 [WARN] PackLoader:240 - Cannot read IP mode file for STMicroelectronics.FP-ATR-SIGFOX1.3.2.0
2023-09-01 18:53:54,731 [WARN] PackLoader:240 - Cannot read IP mode file for emotas.I-CUBE-CANOPEN.1.1.2
2023-09-01 18:53:54,736 [WARN] PackLoader:240 - Cannot read IP mode file for STMicroelectronics.X-CUBE-TOUCHGFX.4.20.0
2023-09-01 18:53:54,782 [WARN] PackLoader:240 - Cannot read IP mode file for STMicroelectronics.X-CUBE-MEMS1.9.5.0
2023-09-01 18:53:54,995 [WARN] PackLoader:240 - Cannot read IP mode file for SEGGER.I-CUBE-embOS.1.3.1
2023-09-01 18:53:55,039 [WARN] PackLoader:240 - Cannot read IP mode file for STMicroelectronics.X-CUBE-GNSS1.6.0.0
2023-09-01 18:53:55,068 [WARN] PackLoader:240 - Cannot read IP mode file for STMicroelectronics.X-CUBE-AZRTOS-F4.1.1.0
2023-09-01 18:53:55,085 [WARN] PackLoader:240 - Cannot read IP mode file for STMicroelectronics.X-CUBE-BLEMGR.1.2.0
2023-09-01 18:53:55,114 [WARN] PackLoader:240 - Cannot read IP mode file for STMicroelectronics.X-CUBE-AZRTOS-L5.2.0.0
2023-09-01 18:53:55,172 [WARN] PackLoader:240 - Cannot read IP mode file for STMicroelectronics.X-CUBE-MEMS1.9.6.0
2023-09-01 18:53:55,304 [WARN] PackLoader:240 - Cannot read IP mode file for STMicroelectronics.X-CUBE-BLEMGR.2.0.0
2023-09-01 18:53:55,311 [WARN] PackLoader:240 - Cannot read IP mode file for STMicroelectronics.X-CUBE-NFC4.2.0.5
2023-09-01 18:53:55,328 [WARN] PackLoader:240 - Cannot read IP mode file for STMicroelectronics.X-CUBE-NFC4.2.0.4
2023-09-01 18:53:55,346 [WARN] ConditionMgr:438 - getConditionDescription Invalid condition id : UX DEVICE CLASS RTOS Condition cause : null
2023-09-01 18:53:55,347 [WARN] ConditionMgr:438 - getConditionDescription Invalid condition id : UX DEVICE CLASS RTOS Condition cause : null
2023-09-01 18:53:55,351 [WARN] PackLoader:240 - Cannot read IP mode file for STMicroelectronics.X-CUBE-AZRTOS-H7.3.1.0
2023-09-01 18:53:55,352 [WARN] ConditionMgr:1039 - genDependencies : Invalid condition id : UX DEVICE CLASS RTOS Condition cause : null
2023-09-01 18:53:55,352 [WARN] ConditionMgr:1039 - genDependencies : Invalid condition id : UX DEVICE CLASS RTOS Condition cause : null
2023-09-01 18:53:55,353 [WARN] ConditionMgr:1039 - genDependencies : Invalid condition id : UX DEVICE CLASS RTOS Condition cause : null
2023-09-01 18:53:55,354 [WARN] ConditionMgr:1039 - genDependencies : Invalid condition id : UX DEVICE CLASS RTOS Condition cause : null
2023-09-01 18:53:55,354 [WARN] ConditionMgr:1039 - genDependencies : Invalid condition id : UX DEVICE CLASS RTOS Condition cause : null
2023-09-01 18:53:55,373 [WARN] PackLoader:240 - Cannot read IP mode file for STMicroelectronics.X-CUBE-AZRTOS-F4.1.0.0
2023-09-01 18:53:55,380 [WARN] PackLoader:240 - Cannot read IP mode file for STMicroelectronics.X-CUBE-NFC7.1.0.1
2023-09-01 18:53:55,385 [WARN] PackLoader:240 - Cannot read IP mode file for STMicroelectronics.X-CUBE-NFC7.1.0.0
2023-09-01 18:53:55,390 [WARN] PackLoader:240 - Cannot read IP mode file for STMicroelectronics.X-CUBE-EEPRMA1.4.1.0
2023-09-01 18:53:55,395 [WARN] PackLoader:240 - Cannot read IP mode file for STMicroelectronics.X-CUBE-AI.8.1.0
2023-09-01 18:53:55,413 [WARN] ConditionMgr:438 - getConditionDescription Invalid condition id : LAN8742 Phy interface Condition cause : null
2023-09-01 18:53:55,414 [WARN] PackLoader:240 - Cannot read IP mode file for STMicroelectronics.X-CUBE-AZRTOS-L4.2.0.0
2023-09-01 18:53:55,417 [WARN] ConditionMgr:1039 - genDependencies : Invalid condition id : LAN8742 Phy interface Condition cause : null
2023-09-01 18:53:55,417 [WARN] ConditionMgr:1039 - genDependencies : Invalid condition id : LAN8742 Phy interface Condition cause : null
2023-09-01 18:53:55,418 [WARN] ConditionMgr:1039 - genDependencies : Invalid condition id : LAN8742 Phy interface Condition cause : null
2023-09-01 18:53:55,426 [WARN] PackLoader:240 - Cannot read IP mode file for STMicroelectronics.X-CUBE-SFXS2LP1.4.0.0
2023-09-01 18:53:55,462 [WARN] PackLoader:240 - Cannot read IP mode file for STMicroelectronics.X-CUBE-AZRTOS-H7.3.0.0
2023-09-01 18:53:55,469 [WARN] PackLoader:240 - Cannot read IP mode file for STMicroelectronics.X-CUBE-ISPU.1.1.0
2023-09-01 18:53:55,475 [WARN] PackLoader:240 - Cannot read IP mode file for RoweBots.I-CUBE-UNISONRTOS.5.5.0-4
2023-09-01 18:53:55,479 [WARN] PackLoader:240 - Cannot read IP mode file for STMicroelectronics.X-CUBE-AI.8.0.0
2023-09-01 18:53:55,491 [WARN] ConditionMgr:438 - getConditionDescription Invalid condition id : UX DEVICE CLASS RTOS Condition cause : null
2023-09-01 18:53:55,492 [WARN] ConditionMgr:438 - getConditionDescription Invalid condition id : UX DEVICE CLASS RTOS Condition cause : null
2023-09-01 18:53:55,494 [WARN] PackLoader:240 - Cannot read IP mode file for STMicroelectronics.X-CUBE-AZRTOS-WB.2.0.0
2023-09-01 18:53:55,495 [WARN] ConditionMgr:1039 - genDependencies : Invalid condition id : UX DEVICE CLASS RTOS Condition cause : null
2023-09-01 18:53:55,495 [WARN] ConditionMgr:1039 - genDependencies : Invalid condition id : UX DEVICE CLASS RTOS Condition cause : null
2023-09-01 18:53:55,496 [WARN] ConditionMgr:1039 - genDependencies : Invalid condition id : UX DEVICE CLASS RTOS Condition cause : null
2023-09-01 18:53:55,496 [WARN] ConditionMgr:1039 - genDependencies : Invalid condition id : UX DEVICE CLASS RTOS Condition cause : null
2023-09-01 18:53:55,497 [WARN] ConditionMgr:1039 - genDependencies : Invalid condition id : UX DEVICE CLASS RTOS Condition cause : null
2023-09-01 18:53:55,502 [WARN] PackLoader:240 - Cannot read IP mode file for STMicroelectronics.X-CUBE-FREERTOS.1.0.0
2023-09-01 18:53:55,507 [WARN] PackLoader:240 - Cannot read IP mode file for STMicroelectronics.X-CUBE-FREERTOS.1.0.1
2023-09-01 18:53:55,513 [WARN] PackLoader:240 - Cannot read IP mode file for STMicroelectronics.X-CUBE-BLEMGR.1.0.0
2023-09-01 18:53:55,530 [WARN] PackLoader:240 - Cannot read IP mode file for STMicroelectronics.X-CUBE-AZRTOS-L5.1.1.0
2023-09-01 18:53:55,537 [WARN] PackLoader:240 - Cannot read IP mode file for STMicroelectronics.X-CUBE-AI.8.0.1
2023-09-01 18:53:55,547 [WARN] PackLoader:240 - Cannot read IP mode file for STMicroelectronics.X-CUBE-SUBG2.5.0.0
2023-09-01 18:53:55,562 [WARN] PackLoader:240 - Cannot read IP mode file for STMicroelectronics.X-CUBE-TOF1.3.3.1
2023-09-01 18:53:55,599 [WARN] PackLoader:240 - Cannot read IP mode file for STMicroelectronics.X-CUBE-AZRTOS-G4.2.0.0
2023-09-01 18:53:55,615 [WARN] PackLoader:240 - Cannot read IP mode file for STMicroelectronics.X-CUBE-TOF1.3.3.0
2023-09-01 18:53:55,632 [WARN] PackLoader:240 - Cannot read IP mode file for STMicroelectronics.FP-ATR-ASTRA1.1.1.1
2023-09-01 18:53:55,637 [WARN] PackLoader:240 - Cannot read IP mode file for STMicroelectronics.FP-ATR-ASTRA1.1.1.0
2023-09-01 18:53:55,660 [WARN] PackLoader:240 - Cannot read IP mode file for STMicroelectronics.X-CUBE-AZRTOS-G4.1.0.0
2023-09-01 18:53:55,667 [WARN] PackLoader:240 - Cannot read IP mode file for wolfSSL.I-CUBE-wolfSSL.5.3.0
2023-09-01 18:53:55,686 [WARN] PackLoader:240 - Cannot read IP mode file for STMicroelectronics.X-CUBE-AZRTOS-L4.1.0.0
2023-09-01 18:53:55,692 [WARN] PackLoader:240 - Cannot read IP mode file for STMicroelectronics.X-CUBE-FREERTOS.1.1.0
2023-09-01 18:53:55,712 [WARN] PackLoader:240 - Cannot read IP mode file for STMicroelectronics.X-CUBE-AZRTOS-F7.1.0.0
2023-09-01 18:53:55,728 [WARN] PackLoader:240 - Cannot read IP mode file for STMicroelectronics.X-CUBE-AZRTOS-WL.1.0.0
2023-09-01 18:53:55,734 [WARN] PackLoader:240 - Cannot read IP mode file for portGmbH.I-Cube-SoM-uGOAL.1.1.0
2023-09-01 18:53:55,739 [WARN] PackLoader:240 - Cannot read IP mode file for STMicroelectronics.X-CUBE-ALS.1.0.1
2023-09-01 18:53:55,764 [WARN] PackLoader:240 - Cannot read IP mode file for STMicroelectronics.X-CUBE-AZRTOS-WB.1.1.0
2023-09-01 18:53:55,779 [WARN] PackLoader:240 - Cannot read IP mode file for STMicroelectronics.X-CUBE-AZRTOS-L5.1.0.0
2023-09-01 18:53:55,788 [WARN] PackLoader:240 - Cannot read IP mode file for STMicroelectronics.X-CUBE-EEPRMA1.3.1.1
2023-09-01 18:53:55,792 [WARN] PackLoader:240 - Cannot read IP mode file for STMicroelectronics.FP-ATR-ASTRA1.2.0.0
2023-09-01 18:53:55,793 [INFO] ThirdParty:978 - Integrity check success = true
2023-09-01 18:53:55,793 [INFO] IntegrityCheckThread:100 - exiting critical section [integrity check]
2023-09-01 18:53:55,793 [INFO] IntegrityCheckThread:103 - End integrity checks thread
2023-09-01 18:54:13,622 [ERROR] LogOutputStream:75 - [STDERR_REDIRECT] SLF4J: Failed to load class "org.slf4j.impl.StaticLoggerBinder".
2023-09-01 18:54:13,623 [ERROR] LogOutputStream:75 - [STDERR_REDIRECT] SLF4J: Defaulting to no-operation (NOP) logger implementation
2023-09-01 18:54:13,624 [ERROR] LogOutputStream:75 - [STDERR_REDIRECT] SLF4J: See http://www.slf4j.org/codes.html#StaticLoggerBinder for further details.
2023-09-01 19:01:02,695 [ERROR] LogOutputStream:75 - [STDERR_REDIRECT] 
2023-09-01 19:03:51,131 [INFO] Activator:176 - 


2023-09-01 19:03:51,133 [INFO] Activator:177 - !SESSION log4j initialized
2023-09-01 19:03:55,808 [ERROR] LogOutputStream:75 - [STDERR_REDIRECT] 
2023-09-01 19:03:56,417 [INFO] LogOutputStream:77 - [STDOUT_REDIRECT] 
2023-09-01 19:03:58,138 [INFO] LogOutputStream:77 - [STDOUT_REDIRECT] 
2023-09-01 19:03:59,448 [INFO] ApplicationProperties:184 - Using Application install path: /Applications/STM32CubeIDE.app/Contents/Eclipse/plugins/com.st.stm32cube.common.mx_6.9.1.202307191849
2023-09-01 19:03:59,464 [INFO] DbMcusXml:78 - Set database path to: /Applications/STM32CubeIDE.app/Contents/Eclipse/plugins/com.st.stm32cube.common.mx_6.9.1.202307191849//db//mcu/
2023-09-01 19:03:59,465 [INFO] ApiDb:274 - Set plugin database path to: /Applications/STM32CubeIDE.app/Contents/Eclipse/plugins/com.st.stm32cube.common.mx_6.9.1.202307191849//db//plugins/boardmanager/
2023-09-01 19:03:59,465 [WARN] ApiDb:259 - Overriding images path with different value:  => /Applications/STM32CubeIDE.app/Contents/Eclipse/plugins/com.st.stm32cube.common.mx_6.9.1.202307191849//db//plugins/mcufinder/images/
2023-09-01 19:03:59,475 [INFO] ApiDb:250 - Set database path to: /Users/jeffsnyder/.stmcufinder/plugins/mcufinder//mcu/
2023-09-01 19:03:59,477 [INFO] DbMcusAds:125 - Set database path to: /Users/jeffsnyder/.stmcufinder/plugins/mcufinder//mcu/
2023-09-01 19:03:59,480 [INFO] CrossReferenceDbSqlite:203 - Set database path to: /Users/jeffsnyder/.stmcufinder/plugins/mcufinder//mcu/cs/
2023-09-01 19:03:59,592 [INFO] RulesReader:64 - Compatibility file has been processed (293 Rules)
2023-09-01 19:03:59,666 [INFO] DbMcusXml:78 - Set database path to: /Applications/STM32CubeIDE.app/Contents/Eclipse/plugins/com.st.stm32cube.common.mx_6.9.1.202307191849//db//mcu/
2023-09-01 19:03:59,666 [INFO] ApiDb:274 - Set plugin database path to: /Applications/STM32CubeIDE.app/Contents/Eclipse/plugins/com.st.stm32cube.common.mx_6.9.1.202307191849//db//plugins/boardmanager/
2023-09-01 19:03:59,667 [INFO] ApiDb:261 - Set plugin images path to: /Applications/STM32CubeIDE.app/Contents/Eclipse/plugins/com.st.stm32cube.common.mx_6.9.1.202307191849//db//plugins/mcufinder/images/
2023-09-01 19:03:59,667 [WARN] DbFile:41 - Overriding database path with different value: /Users/jeffsnyder/.stmcufinder/plugins/mcufinder/ => /Users/jeffsnyder/.stmcufinder/plugins/mcufinder
2023-09-01 19:03:59,667 [INFO] ApiDb:250 - Set database path to: /Users/jeffsnyder/.stmcufinder/plugins/mcufinder//mcu/
2023-09-01 19:03:59,667 [WARN] DbFile:41 - Overriding database path with different value: /Users/jeffsnyder/.stmcufinder/plugins/mcufinder/ => /Users/jeffsnyder/.stmcufinder/plugins/mcufinder
2023-09-01 19:03:59,667 [INFO] DbMcusAds:125 - Set database path to: /Users/jeffsnyder/.stmcufinder/plugins/mcufinder//mcu/
2023-09-01 19:03:59,667 [WARN] DbFile:41 - Overriding database path with different value: /Users/jeffsnyder/.stmcufinder/plugins/mcufinder/ => /Users/jeffsnyder/.stmcufinder/plugins/mcufinder
2023-09-01 19:03:59,668 [WARN] DbFile:41 - Overriding database path with different value: /Users/jeffsnyder/.stmcufinder/plugins/mcufinder/ => /Users/jeffsnyder/.stmcufinder/plugins/mcufinder
2023-09-01 19:03:59,668 [INFO] CrossReferenceDbSqlite:203 - Set database path to: /Users/jeffsnyder/.stmcufinder/plugins/mcufinder//mcu/cs/
2023-09-01 19:03:59,740 [INFO] MainPanel:262 - HeapMemory: 268435456
2023-09-01 19:03:59,862 [INFO] DbMcusXml:78 - Set database path to: /Applications/STM32CubeIDE.app/Contents/Eclipse/plugins/com.st.stm32cube.common.mx_6.9.1.202307191849//db//mcu/
2023-09-01 19:03:59,862 [INFO] ApiDb:274 - Set plugin database path to: /Applications/STM32CubeIDE.app/Contents/Eclipse/plugins/com.st.stm32cube.common.mx_6.9.1.202307191849//db//plugins/boardmanager/
2023-09-01 19:03:59,862 [INFO] ApiDb:261 - Set plugin images path to: /Applications/STM32CubeIDE.app/Contents/Eclipse/plugins/com.st.stm32cube.common.mx_6.9.1.202307191849//db//plugins/mcufinder/images/
2023-09-01 19:03:59,863 [WARN] DbFile:41 - Overriding database path with different value: /Users/jeffsnyder/.stmcufinder/plugins/mcufinder/ => /Users/jeffsnyder/.stmcufinder/plugins/mcufinder
2023-09-01 19:03:59,863 [INFO] ApiDb:250 - Set database path to: /Users/jeffsnyder/.stmcufinder/plugins/mcufinder//mcu/
2023-09-01 19:03:59,863 [WARN] DbFile:41 - Overriding database path with different value: /Users/jeffsnyder/.stmcufinder/plugins/mcufinder/ => /Users/jeffsnyder/.stmcufinder/plugins/mcufinder
2023-09-01 19:03:59,863 [INFO] DbMcusAds:125 - Set database path to: /Users/jeffsnyder/.stmcufinder/plugins/mcufinder//mcu/
2023-09-01 19:03:59,863 [WARN] DbFile:41 - Overriding database path with different value: /Users/jeffsnyder/.stmcufinder/plugins/mcufinder/ => /Users/jeffsnyder/.stmcufinder/plugins/mcufinder
2023-09-01 19:03:59,864 [WARN] DbFile:41 - Overriding database path with different value: /Users/jeffsnyder/.stmcufinder/plugins/mcufinder/ => /Users/jeffsnyder/.stmcufinder/plugins/mcufinder
2023-09-01 19:03:59,864 [INFO] CrossReferenceDbSqlite:203 - Set database path to: /Users/jeffsnyder/.stmcufinder/plugins/mcufinder//mcu/cs/
2023-09-01 19:03:59,882 [INFO] ApplicationProperties:184 - Using Application install path: /Applications/STM32CubeIDE.app/Contents/Eclipse/plugins/com.st.stm32cube.common.mx_6.9.1.202307191849
2023-09-01 19:03:59,883 [INFO] PluginManage:196 - Search for loadable plugins [exclusion list=, ]
2023-09-01 19:03:59,884 [INFO] PluginManage:310 - Check plugin analytics
2023-09-01 19:04:00,070 [INFO] AnalyticsPlugin:253 - Accepted Software Licenses: STM32CubeMX.6.8.1
2023-09-01 19:04:00,071 [INFO] AnalyticsPlugin:255 - Accepted CMSIS Pack Licenses: 
2023-09-01 19:04:00,071 [INFO] AnalyticsPlugin:257 - Accepted Firmware Licenses: FW.H7.1.11.0
2023-09-01 19:04:00,073 [INFO] PluginManage:359 - Loaded plugin analytics (category:tool,tabindex:-1)
2023-09-01 19:04:00,074 [INFO] PluginManage:310 - Check plugin cadmodel
2023-09-01 19:04:00,332 [INFO] CADModel:105 - Init CAD model plugin
2023-09-01 19:04:00,332 [INFO] PluginManage:359 - Loaded plugin cadmodel (category:power,tabindex:5)
2023-09-01 19:04:00,332 [INFO] PluginManage:310 - Check plugin clock
2023-09-01 19:04:00,343 [INFO] PluginManage:359 - Loaded plugin clock (category:base,tabindex:2)
2023-09-01 19:04:00,344 [INFO] PluginManage:310 - Check plugin ddr
2023-09-01 19:04:00,347 [INFO] PluginManage:359 - Loaded plugin ddr (category:tool,tabindex:6)
2023-09-01 19:04:00,347 [INFO] PluginManage:310 - Check plugin filemanager
2023-09-01 19:04:00,491 [INFO] PluginManage:359 - Loaded plugin filemanager (category:base,tabindex:10)
2023-09-01 19:04:00,492 [INFO] PluginManage:310 - Check plugin ipmanager
2023-09-01 19:04:00,499 [INFO] PluginManage:359 - Loaded plugin ipmanager (category:base,tabindex:5)
2023-09-01 19:04:00,499 [INFO] PluginManage:310 - Check plugin lpbam
2023-09-01 19:04:00,511 [INFO] PluginManage:359 - Loaded plugin lpbam (category:base,tabindex:0)
2023-09-01 19:04:00,511 [INFO] PluginManage:310 - Check plugin memorymap
2023-09-01 19:04:00,526 [INFO] PluginManage:359 - Loaded plugin memorymap (category:base,tabindex:4)
2023-09-01 19:04:00,526 [INFO] PluginManage:310 - Check plugin pinoutandconfiguration
2023-09-01 19:04:00,533 [INFO] PluginManage:359 - Loaded plugin pinoutandconfiguration (category:base,tabindex:1)
2023-09-01 19:04:00,533 [INFO] PluginManage:310 - Check plugin pinoutconfig
2023-09-01 19:04:00,624 [WARN] SupportedApi:132 - Cannot load RTOS API schema: s4s-elt-must-match.1: The content of 'definitions' must match (annotation?, (simpleType | complexType)?, (unique | key | keyref)*)). A problem was found starting at: attribute.
2023-09-01 19:04:00,765 [INFO] PluginManage:359 - Loaded plugin pinoutconfig (category:base,tabindex:0)
2023-09-01 19:04:00,766 [INFO] PluginManage:310 - Check plugin power
2023-09-01 19:04:00,776 [INFO] PluginManage:359 - Loaded plugin power (category:power,tabindex:4)
2023-09-01 19:04:00,776 [INFO] PluginManage:310 - Check plugin projectmanager
2023-09-01 19:04:00,788 [INFO] PluginManage:359 - Loaded plugin projectmanager (category:projectmanager,tabindex:3)
2023-09-01 19:04:00,789 [INFO] PluginManage:310 - Check plugin thirdparty
2023-09-01 19:04:00,926 [WARN] IntegrityCheckThread:84 - waiting for thirdparty lock release [integrity check]
2023-09-01 19:04:00,927 [INFO] PluginManage:359 - Loaded plugin thirdparty (category:base,tabindex:-1)
2023-09-01 19:04:00,927 [INFO] IntegrityCheckThread:86 - entering critical section [integrity check]
2023-09-01 19:04:00,927 [INFO] PluginManage:310 - Check plugin tools
2023-09-01 19:04:00,927 [INFO] ThirdPartyUpdaterWithRetryManager:70 - Updater plugin not ready yet. [1/15]
2023-09-01 19:04:00,929 [INFO] PluginManage:359 - Loaded plugin tools (category:base,tabindex:7)
2023-09-01 19:04:00,929 [INFO] PluginManage:310 - Check plugin tutovideos
2023-09-01 19:04:01,167 [INFO] PluginManage:359 - Loaded plugin tutovideos (category:base,tabindex:-1)
2023-09-01 19:04:01,167 [INFO] PluginManage:310 - Check plugin updater
2023-09-01 19:04:01,178 [INFO] PluginManage:359 - Loaded plugin updater (category:base,tabindex:12)
2023-09-01 19:04:01,178 [INFO] PluginManage:310 - Check plugin userauth
2023-09-01 19:04:01,185 [INFO] UserAuth:113 - Init User Auth plugin
2023-09-01 19:04:01,185 [INFO] PluginManage:359 - Loaded plugin userauth (category:base,tabindex:14)
2023-09-01 19:04:01,185 [INFO] PluginManage:283 - PluginManage : Loaded plugins [17]
2023-09-01 19:04:01,380 [INFO] PinOutPanel:1499 - setPackage(No Configuration,No Configuration)
2023-09-01 19:04:01,480 [INFO] CADModel:165 - CPN selected for project level
2023-09-01 19:04:01,480 [INFO] CADModel:114 - Register for checkConnection events
2023-09-01 19:04:01,494 [INFO] IPUIPlugin:80 - create IPUIPlugin
2023-09-01 19:04:01,495 [INFO] PluginManager:220 - loadIPPluginJar : add mdma
2023-09-01 19:04:01,503 [INFO] IPUIPlugin:80 - create IPUIPlugin
2023-09-01 19:04:01,503 [INFO] PluginManager:220 - loadIPPluginJar : add freertos
2023-09-01 19:04:01,508 [INFO] IPUIPlugin:80 - create IPUIPlugin
2023-09-01 19:04:01,508 [INFO] PluginManager:220 - loadIPPluginJar : add gic
2023-09-01 19:04:01,517 [INFO] IPUIPlugin:80 - create IPUIPlugin
2023-09-01 19:04:01,517 [INFO] PluginManager:220 - loadIPPluginJar : add adc
2023-09-01 19:04:01,520 [INFO] IPUIPlugin:80 - create IPUIPlugin
2023-09-01 19:04:01,520 [INFO] PluginManager:220 - loadIPPluginJar : add gtzc
2023-09-01 19:04:01,522 [INFO] IPUIPlugin:80 - create IPUIPlugin
2023-09-01 19:04:01,522 [INFO] PluginManager:220 - loadIPPluginJar : add quadspi
2023-09-01 19:04:01,524 [INFO] IPUIPlugin:80 - create IPUIPlugin
2023-09-01 19:04:01,524 [INFO] PluginManager:220 - loadIPPluginJar : add aes
2023-09-01 19:04:01,527 [INFO] IPUIPlugin:80 - create IPUIPlugin
2023-09-01 19:04:01,527 [INFO] PluginManager:220 - loadIPPluginJar : add pdm2pcm
2023-09-01 19:04:01,529 [INFO] IPUIPlugin:80 - create IPUIPlugin
2023-09-01 19:04:01,530 [INFO] PluginManager:220 - loadIPPluginJar : add hash
2023-09-01 19:04:01,531 [INFO] IPUIPlugin:80 - create IPUIPlugin
2023-09-01 19:04:01,532 [INFO] PluginManager:220 - loadIPPluginJar : add tim
2023-09-01 19:04:01,533 [INFO] IPUIPlugin:80 - create IPUIPlugin
2023-09-01 19:04:01,533 [INFO] PluginManager:220 - loadIPPluginJar : add tsc
2023-09-01 19:04:01,535 [INFO] IPUIPlugin:80 - create IPUIPlugin
2023-09-01 19:04:01,535 [INFO] PluginManager:220 - loadIPPluginJar : add ts
2023-09-01 19:04:01,538 [INFO] IPUIPlugin:80 - create IPUIPlugin
2023-09-01 19:04:01,538 [INFO] PluginManager:220 - loadIPPluginJar : add can
2023-09-01 19:04:01,540 [INFO] IPUIPlugin:80 - create IPUIPlugin
2023-09-01 19:04:01,540 [INFO] PluginManager:220 - loadIPPluginJar : add dma3
2023-09-01 19:04:01,543 [INFO] IPUIPlugin:80 - create IPUIPlugin
2023-09-01 19:04:01,543 [INFO] PluginManager:220 - loadIPPluginJar : add dfsdm
2023-09-01 19:04:01,545 [INFO] IPUIPlugin:80 - create IPUIPlugin
2023-09-01 19:04:01,545 [INFO] PluginManager:220 - loadIPPluginJar : add spi
2023-09-01 19:04:01,548 [INFO] IPUIPlugin:80 - create IPUIPlugin
2023-09-01 19:04:01,548 [INFO] PluginManager:220 - loadIPPluginJar : add gfxmmu
2023-09-01 19:04:01,549 [INFO] IPUIPlugin:80 - create IPUIPlugin
2023-09-01 19:04:01,550 [INFO] PluginManager:220 - loadIPPluginJar : add genericplugin
2023-09-01 19:04:01,552 [INFO] IPUIPlugin:80 - create IPUIPlugin
2023-09-01 19:04:01,552 [INFO] PluginManager:220 - loadIPPluginJar : add cryp
2023-09-01 19:04:01,556 [INFO] IPUIPlugin:80 - create IPUIPlugin
2023-09-01 19:04:01,556 [INFO] PluginManager:220 - loadIPPluginJar : add gpio
2023-09-01 19:04:01,558 [INFO] IPUIPlugin:80 - create IPUIPlugin
2023-09-01 19:04:01,558 [INFO] PluginManager:220 - loadIPPluginJar : add comp
2023-09-01 19:04:01,561 [INFO] IPUIPlugin:80 - create IPUIPlugin
2023-09-01 19:04:01,561 [INFO] PluginManager:220 - loadIPPluginJar : add tracer_emb
2023-09-01 19:04:01,564 [INFO] IPUIPlugin:80 - create IPUIPlugin
2023-09-01 19:04:01,564 [INFO] PluginManager:220 - loadIPPluginJar : add openamp
2023-09-01 19:04:01,569 [INFO] IPUIPlugin:80 - create IPUIPlugin
2023-09-01 19:04:01,569 [INFO] PluginManager:220 - loadIPPluginJar : add stm32_wpan
2023-09-01 19:04:01,576 [INFO] IPUIPlugin:80 - create IPUIPlugin
2023-09-01 19:04:01,578 [INFO] PluginManager:220 - loadIPPluginJar : add plateformsettings
2023-09-01 19:04:01,590 [INFO] IPUIPlugin:80 - create IPUIPlugin
2023-09-01 19:04:01,590 [INFO] PluginManager:220 - loadIPPluginJar : add ipddr
2023-09-01 19:04:01,593 [INFO] IPUIPlugin:80 - create IPUIPlugin
2023-09-01 19:04:01,593 [INFO] PluginManager:220 - loadIPPluginJar : add usart
2023-09-01 19:04:01,594 [INFO] IPUIPlugin:80 - create IPUIPlugin
2023-09-01 19:04:01,594 [INFO] PluginManager:220 - loadIPPluginJar : add ltdc
2023-09-01 19:04:01,599 [INFO] IPUIPlugin:80 - create IPUIPlugin
2023-09-01 19:04:01,599 [INFO] PluginManager:220 - loadIPPluginJar : add nvic
2023-09-01 19:04:01,601 [INFO] IPUIPlugin:80 - create IPUIPlugin
2023-09-01 19:04:01,601 [INFO] PluginManager:220 - loadIPPluginJar : add fatfs
2023-09-01 19:04:01,609 [INFO] IPUIPlugin:80 - create IPUIPlugin
2023-09-01 19:04:01,609 [INFO] PluginManager:220 - loadIPPluginJar : add linkedlist
2023-09-01 19:04:01,615 [INFO] IPUIPlugin:80 - create IPUIPlugin
2023-09-01 19:04:01,615 [INFO] PluginManager:220 - loadIPPluginJar : add dma
2023-09-01 19:04:01,619 [INFO] IPUIPlugin:80 - create IPUIPlugin
2023-09-01 19:04:01,619 [INFO] PluginManager:220 - loadIPPluginJar : add fmc
2023-09-01 19:04:01,622 [INFO] IPUIPlugin:80 - create IPUIPlugin
2023-09-01 19:04:01,622 [INFO] PluginManager:220 - loadIPPluginJar : add i2s
2023-09-01 19:04:01,624 [INFO] IPUIPlugin:80 - create IPUIPlugin
2023-09-01 19:04:01,624 [INFO] PluginManager:220 - loadIPPluginJar : add ucpd
2023-09-01 19:04:01,626 [INFO] IPUIPlugin:80 - create IPUIPlugin
2023-09-01 19:04:01,626 [INFO] PluginManager:220 - loadIPPluginJar : add lorawan
2023-09-01 19:04:01,629 [INFO] IPUIPlugin:80 - create IPUIPlugin
2023-09-01 19:04:01,629 [INFO] PluginManager:220 - loadIPPluginJar : add opamp
2023-09-01 19:04:01,632 [INFO] IPUIPlugin:80 - create IPUIPlugin
2023-09-01 19:04:01,632 [INFO] PluginManager:220 - loadIPPluginJar : add i3c
2023-09-01 19:04:01,635 [INFO] IPUIPlugin:80 - create IPUIPlugin
2023-09-01 19:04:01,635 [INFO] PluginManager:220 - loadIPPluginJar : add touchsensing
2023-09-01 19:04:01,637 [INFO] IPUIPlugin:80 - create IPUIPlugin
2023-09-01 19:04:01,638 [INFO] PluginManager:220 - loadIPPluginJar : add i2c
2023-09-01 19:04:01,641 [INFO] IPUIPlugin:80 - create IPUIPlugin
2023-09-01 19:04:01,642 [INFO] PluginManager:220 - loadIPPluginJar : add resmgrutility
2023-09-01 19:04:01,644 [INFO] IPUIPlugin:80 - create IPUIPlugin
2023-09-01 19:04:01,645 [INFO] PluginManager:220 - loadIPPluginJar : add sai
2023-09-01 19:04:01,648 [INFO] IPUIPlugin:80 - create IPUIPlugin
2023-09-01 19:04:01,648 [INFO] PluginManager:220 - loadIPPluginJar : add usbx
2023-09-01 19:04:01,746 [INFO] CADModel:165 - CPN selected for project level
2023-09-01 19:04:01,746 [INFO] CADModel:114 - Register for checkConnection events
2023-09-01 19:04:01,746 [FATAL] Updater:308 - Updater called before beeing initialized
2023-09-01 19:04:01,746 [ERROR] CADModel:125 - Updater not yet initialized, retry later 
2023-09-01 19:04:01,908 [INFO] CADModel:165 - CPN selected for project level
2023-09-01 19:04:01,908 [INFO] CADModel:114 - Register for checkConnection events
2023-09-01 19:04:01,908 [FATAL] Updater:308 - Updater called before beeing initialized
2023-09-01 19:04:01,908 [ERROR] CADModel:125 - Updater not yet initialized, retry later 
2023-09-01 19:04:01,912 [FATAL] Updater:308 - Updater called before beeing initialized
2023-09-01 19:04:01,996 [FATAL] Updater:308 - Updater called before beeing initialized
2023-09-01 19:04:02,002 [INFO] DbMcusAds:53 - JSON generation date=Thu Sep 30 02:55:09 EDT 2021 (1632984909247)
2023-09-01 19:04:02,002 [FATAL] Updater:308 - Updater called before beeing initialized
2023-09-01 19:04:02,149 [WARN] DetailPanel:346 - Failed to get advertising image, set to default
2023-09-01 19:04:02,253 [FATAL] Updater:308 - Updater called before beeing initialized
2023-09-01 19:04:02,255 [FATAL] Updater:308 - Updater called before beeing initialized
2023-09-01 19:04:02,255 [FATAL] Updater:308 - Updater called before beeing initialized
2023-09-01 19:04:02,255 [WARN] DetailPanel:346 - Failed to get advertising image, set to default
2023-09-01 19:04:02,256 [FATAL] Updater:308 - Updater called before beeing initialized
2023-09-01 19:04:02,284 [ERROR] Updater:1120 - MainUpdater not yet initialized. External WinMGr cannot be set.
2023-09-01 19:04:02,303 [INFO] Updater:1056 - Updater Version found : 6.9.1
2023-09-01 19:04:02,322 [INFO] ApplicationProperties:184 - Using Application install path: /Applications/STM32CubeIDE.app/Contents/Eclipse/plugins/com.st.stm32cube.common.mx_6.9.1.202307191849
2023-09-01 19:04:02,485 [INFO] MainUpdater:2868 - connection check result : 10
2023-09-01 19:04:02,485 [INFO] MainUpdater:285 - Updater Check For Update Now.
2023-09-01 19:04:02,486 [INFO] MicroXplorer:498 - Change Database Version : DB.6.0.91
2023-09-01 19:04:02,492 [INFO] McuFinderGlobals:63 - Set McuFinder mode to 2 (CubeIDE integrated)
2023-09-01 19:04:02,493 [INFO] UserAuth:179 - activating auth plugin
2023-09-01 19:04:02,495 [INFO] UserAuth:393 - Internet connection configuration mode: 1
2023-09-01 19:04:02,512 [INFO] JxBrowserEngine:151 - Initiate JxBrowser Engine with user profile folder
2023-09-01 19:04:02,659 [INFO] CheckServerUpdateThread:120 - End of CheckServer Thread
2023-09-01 19:04:03,849 [INFO] WebApp:157 - Instantiating new browser for Auth
2023-09-01 19:04:04,059 [WARN] PackLoader:240 - Cannot read IP mode file for STMicroelectronics.X-CUBE-SMBUS.2.1.0
2023-09-01 19:04:04,134 [WARN] PackLoader:240 - Cannot read IP mode file for STMicroelectronics.X-CUBE-MEMS1.9.2.0
2023-09-01 19:04:04,343 [WARN] PackLoader:240 - Cannot read IP mode file for STMicroelectronics.X-CUBE-AZRTOS-F7.1.1.0
2023-09-01 19:04:04,349 [ERROR] RealEvaluatedCondition:428 - Found unsupported composite condition: CLASS='Data Exchange' GROUP='STM32_MetaDataManager'
2023-09-01 19:04:04,350 [ERROR] RealEvaluatedCondition:428 - Found unsupported composite condition: CLASS='Data Exchange' GROUP='STM32_MetaDataManager'
2023-09-01 19:04:04,351 [WARN] PackLoader:240 - Cannot read IP mode file for STMicroelectronics.FP-SNS-MOTENV1.4.3.0
2023-09-01 19:04:04,357 [WARN] PackLoader:240 - Cannot read IP mode file for STMicroelectronics.FP-SNS-MOTENV1.4.3.2
2023-09-01 19:04:04,362 [WARN] PackLoader:240 - Cannot read IP mode file for STMicroelectronics.FP-SNS-FLIGHT1.5.0.0
2023-09-01 19:04:04,366 [ERROR] RealEvaluatedCondition:428 - Found unsupported composite condition: CLASS='Data Exchange' GROUP='STM32_MetaDataManager'
2023-09-01 19:04:04,366 [ERROR] RealEvaluatedCondition:428 - Found unsupported composite condition: GROUP='STM32_MetaDataManager' CLASS='Data Exchange'
2023-09-01 19:04:04,367 [WARN] PackLoader:240 - Cannot read IP mode file for STMicroelectronics.FP-SNS-MOTENV1.4.3.1
2023-09-01 19:04:04,373 [WARN] PackLoader:240 - Cannot read IP mode file for STMicroelectronics.FP-SNS-FLIGHT1.5.0.1
2023-09-01 19:04:04,391 [WARN] PackLoader:240 - Cannot read IP mode file for STMicroelectronics.X-CUBE-BLE1.6.2.3
2023-09-01 19:04:04,402 [WARN] PackLoader:240 - Cannot read IP mode file for STMicroelectronics.X-CUBE-BLE1.6.2.4
2023-09-01 19:04:04,409 [WARN] PackLoader:240 - Cannot read IP mode file for STMicroelectronics.FP-SNS-FLIGHT1.5.0.2
2023-09-01 19:04:04,426 [WARN] PackLoader:240 - Cannot read IP mode file for STMicroelectronics.X-CUBE-TOF1.3.1.0
2023-09-01 19:04:04,449 [WARN] PackLoader:240 - Cannot read IP mode file for STMicroelectronics.X-CUBE-DISPLAY.3.0.0
2023-09-01 19:04:04,467 [WARN] PackLoader:240 - Cannot read IP mode file for STMicroelectronics.X-CUBE-BLE1.7.0.0
2023-09-01 19:04:04,479 [WARN] PackLoader:240 - Cannot read IP mode file for STMicroelectronics.X-CUBE-TOUCHGFX.4.22.0
2023-09-01 19:04:04,576 [WARN] PackLoader:240 - Cannot read IP mode file for STMicroelectronics.X-CUBE-MEMS1.9.3.0
2023-09-01 19:04:04,747 [WARN] PackLoader:240 - Cannot read IP mode file for STMicroelectronics.X-CUBE-AI.7.2.0
2023-09-01 19:04:04,758 [INFO] LogOutputStream:77 - [STDOUT_REDIRECT] 1 : Invalid condition id : UX_CORESTACK_Condition cause : null
2023-09-01 19:04:04,758 [INFO] LogOutputStream:77 - [STDOUT_REDIRECT] 1 : Invalid condition id : UX_CORESTACK_Condition cause : null
2023-09-01 19:04:04,758 [INFO] LogOutputStream:77 - [STDOUT_REDIRECT] 1 : Invalid condition id : UX_CORESTACK_Condition cause : null
2023-09-01 19:04:04,759 [INFO] LogOutputStream:77 - [STDOUT_REDIRECT] 1 : Invalid condition id : UX_CORESTACK_Condition cause : null
2023-09-01 19:04:04,759 [INFO] LogOutputStream:77 - [STDOUT_REDIRECT] 1 : Invalid condition id : UX_CORESTACK_Condition cause : null
2023-09-01 19:04:04,763 [WARN] PackLoader:240 - Cannot read IP mode file for STMicroelectronics.X-CUBE-AZRTOS-WL.2.0.0
2023-09-01 19:04:04,770 [WARN] PackLoader:240 - Cannot read IP mode file for WES.I-CUBE-Cesium.1.3.0
2023-09-01 19:04:04,776 [WARN] PackLoader:240 - Cannot read IP mode file for STMicroelectronics.X-CUBE-BLE2.3.3.0
2023-09-01 19:04:04,783 [WARN] PackLoader:240 - Cannot read IP mode file for STMicroelectronics.X-CUBE-DISPLAY.2.2.0
2023-09-01 19:04:04,797 [WARN] PackLoader:240 - Cannot read IP mode file for STMicroelectronics.X-CUBE-TOF1.3.2.0
2023-09-01 19:04:04,808 [WARN] PackLoader:240 - Cannot read IP mode file for STMicroelectronics.X-CUBE-ISPU.1.0.0
2023-09-01 19:04:04,831 [WARN] PackLoader:240 - Cannot read IP mode file for STMicroelectronics.X-CUBE-AZRTOS-H7.2.1.0
2023-09-01 19:04:04,837 [WARN] PackLoader:240 - Cannot read IP mode file for STMicroelectronics.X-CUBE-TOUCHGFX.4.21.1
2023-09-01 19:04:04,839 [WARN] PackLoader:240 - Cannot read IP mode file for STMicroelectronics.X-CUBE-TOUCHGFX.4.21.0
2023-09-01 19:04:04,842 [WARN] PackLoader:240 - Cannot read IP mode file for STMicroelectronics.X-CUBE-TOUCHGFX.4.21.3
2023-09-01 19:04:04,845 [WARN] PackLoader:240 - Cannot read IP mode file for STMicroelectronics.X-CUBE-TOUCHGFX.4.21.4
2023-09-01 19:04:04,865 [INFO] WebApp:753 - Register for checkConnection events
2023-09-01 19:04:04,865 [INFO] WebApp:390 - Apply proxy settings
2023-09-01 19:04:04,869 [INFO] WebApp:455 - Chromium authenticates against System proxy
2023-09-01 19:04:04,890 [WARN] PackLoader:240 - Cannot read IP mode file for STMicroelectronics.X-CUBE-MEMS1.9.4.0
2023-09-01 19:04:05,035 [WARN] PackLoader:240 - Cannot read IP mode file for STMicroelectronics.X-CUBE-AI.7.3.0
2023-09-01 19:04:05,041 [WARN] PackLoader:240 - Cannot read IP mode file for STMicroelectronics.X-CUBE-ALGOBUILD.1.3.0
2023-09-01 19:04:05,062 [WARN] PackLoader:240 - Cannot read IP mode file for STMicroelectronics.X-CUBE-AZRTOS-G0.1.1.0
2023-09-01 19:04:05,070 [WARN] PackLoader:240 - Cannot read IP mode file for STMicroelectronics.X-CUBE-NFC4.3.0.0
2023-09-01 19:04:05,114 [WARN] PackLoader:240 - Cannot read IP mode file for SEGGER.I-CUBE-embOS.1.2.0
2023-09-01 19:04:05,128 [INFO] WebApp:188 - Starting web application
2023-09-01 19:04:05,129 [INFO] WebApp:520 - Web application path used /Applications/STM32CubeIDE.app/Contents/Eclipse/plugins/com.st.stm32cube.common.mx_6.9.1.202307191849/db/plugins/mcufinder/reactClient1/index.html
2023-09-01 19:04:05,168 [WARN] PackLoader:240 - Cannot read IP mode file for STMicroelectronics.X-CUBE-BLEMGR.1.3.0
2023-09-01 19:04:05,172 [WARN] PackLoader:240 - Cannot read IP mode file for STMicroelectronics.FP-ATR-SIGFOX1.3.2.0
2023-09-01 19:04:05,186 [WARN] PackLoader:240 - Cannot read IP mode file for emotas.I-CUBE-CANOPEN.1.1.2
2023-09-01 19:04:05,190 [WARN] PackLoader:240 - Cannot read IP mode file for STMicroelectronics.X-CUBE-TOUCHGFX.4.20.0
2023-09-01 19:04:05,224 [WARN] PackLoader:240 - Cannot read IP mode file for STMicroelectronics.X-CUBE-MEMS1.9.5.0
2023-09-01 19:04:05,409 [WARN] PackLoader:240 - Cannot read IP mode file for SEGGER.I-CUBE-embOS.1.3.1
2023-09-01 19:04:05,451 [WARN] PackLoader:240 - Cannot read IP mode file for STMicroelectronics.X-CUBE-GNSS1.6.0.0
2023-09-01 19:04:05,468 [WARN] PackLoader:240 - Cannot read IP mode file for STMicroelectronics.X-CUBE-AZRTOS-F4.1.1.0
2023-09-01 19:04:05,477 [WARN] PackLoader:240 - Cannot read IP mode file for STMicroelectronics.X-CUBE-BLEMGR.1.2.0
2023-09-01 19:04:05,493 [WARN] PackLoader:240 - Cannot read IP mode file for STMicroelectronics.X-CUBE-AZRTOS-L5.2.0.0
2023-09-01 19:04:05,527 [WARN] PackLoader:240 - Cannot read IP mode file for STMicroelectronics.X-CUBE-MEMS1.9.6.0
2023-09-01 19:04:05,650 [WARN] PackLoader:240 - Cannot read IP mode file for STMicroelectronics.X-CUBE-BLEMGR.2.0.0
2023-09-01 19:04:05,656 [WARN] PackLoader:240 - Cannot read IP mode file for STMicroelectronics.X-CUBE-NFC4.2.0.5
2023-09-01 19:04:05,660 [WARN] PackLoader:240 - Cannot read IP mode file for STMicroelectronics.X-CUBE-NFC4.2.0.4
2023-09-01 19:04:05,673 [WARN] ConditionMgr:438 - getConditionDescription Invalid condition id : UX DEVICE CLASS RTOS Condition cause : null
2023-09-01 19:04:05,673 [WARN] ConditionMgr:438 - getConditionDescription Invalid condition id : UX DEVICE CLASS RTOS Condition cause : null
2023-09-01 19:04:05,676 [WARN] PackLoader:240 - Cannot read IP mode file for STMicroelectronics.X-CUBE-AZRTOS-H7.3.1.0
2023-09-01 19:04:05,677 [WARN] ConditionMgr:1039 - genDependencies : Invalid condition id : UX DEVICE CLASS RTOS Condition cause : null
2023-09-01 19:04:05,677 [WARN] ConditionMgr:1039 - genDependencies : Invalid condition id : UX DEVICE CLASS RTOS Condition cause : null
2023-09-01 19:04:05,678 [WARN] ConditionMgr:1039 - genDependencies : Invalid condition id : UX DEVICE CLASS RTOS Condition cause : null
2023-09-01 19:04:05,678 [WARN] ConditionMgr:1039 - genDependencies : Invalid condition id : UX DEVICE CLASS RTOS Condition cause : null
2023-09-01 19:04:05,678 [WARN] ConditionMgr:1039 - genDependencies : Invalid condition id : UX DEVICE CLASS RTOS Condition cause : null
2023-09-01 19:04:05,696 [WARN] PackLoader:240 - Cannot read IP mode file for STMicroelectronics.X-CUBE-AZRTOS-F4.1.0.0
2023-09-01 19:04:05,702 [WARN] PackLoader:240 - Cannot read IP mode file for STMicroelectronics.X-CUBE-NFC7.1.0.1
2023-09-01 19:04:05,706 [WARN] PackLoader:240 - Cannot read IP mode file for STMicroelectronics.X-CUBE-NFC7.1.0.0
2023-09-01 19:04:05,710 [WARN] PackLoader:240 - Cannot read IP mode file for STMicroelectronics.X-CUBE-EEPRMA1.4.1.0
2023-09-01 19:04:05,714 [WARN] PackLoader:240 - Cannot read IP mode file for STMicroelectronics.X-CUBE-AI.8.1.0
2023-09-01 19:04:05,732 [WARN] ConditionMgr:438 - getConditionDescription Invalid condition id : LAN8742 Phy interface Condition cause : null
2023-09-01 19:04:05,733 [WARN] PackLoader:240 - Cannot read IP mode file for STMicroelectronics.X-CUBE-AZRTOS-L4.2.0.0
2023-09-01 19:04:05,734 [WARN] ConditionMgr:1039 - genDependencies : Invalid condition id : LAN8742 Phy interface Condition cause : null
2023-09-01 19:04:05,734 [WARN] ConditionMgr:1039 - genDependencies : Invalid condition id : LAN8742 Phy interface Condition cause : null
2023-09-01 19:04:05,735 [WARN] ConditionMgr:1039 - genDependencies : Invalid condition id : LAN8742 Phy interface Condition cause : null
2023-09-01 19:04:05,742 [WARN] PackLoader:240 - Cannot read IP mode file for STMicroelectronics.X-CUBE-SFXS2LP1.4.0.0
2023-09-01 19:04:05,764 [WARN] PackLoader:240 - Cannot read IP mode file for STMicroelectronics.X-CUBE-AZRTOS-H7.3.0.0
2023-09-01 19:04:05,778 [WARN] PackLoader:240 - Cannot read IP mode file for STMicroelectronics.X-CUBE-ISPU.1.1.0
2023-09-01 19:04:05,783 [WARN] PackLoader:240 - Cannot read IP mode file for RoweBots.I-CUBE-UNISONRTOS.5.5.0-4
2023-09-01 19:04:05,785 [WARN] PackLoader:240 - Cannot read IP mode file for STMicroelectronics.X-CUBE-AI.8.0.0
2023-09-01 19:04:05,796 [WARN] ConditionMgr:438 - getConditionDescription Invalid condition id : UX DEVICE CLASS RTOS Condition cause : null
2023-09-01 19:04:05,796 [WARN] ConditionMgr:438 - getConditionDescription Invalid condition id : UX DEVICE CLASS RTOS Condition cause : null
2023-09-01 19:04:05,798 [WARN] PackLoader:240 - Cannot read IP mode file for STMicroelectronics.X-CUBE-AZRTOS-WB.2.0.0
2023-09-01 19:04:05,798 [WARN] ConditionMgr:1039 - genDependencies : Invalid condition id : UX DEVICE CLASS RTOS Condition cause : null
2023-09-01 19:04:05,798 [WARN] ConditionMgr:1039 - genDependencies : Invalid condition id : UX DEVICE CLASS RTOS Condition cause : null
2023-09-01 19:04:05,799 [WARN] ConditionMgr:1039 - genDependencies : Invalid condition id : UX DEVICE CLASS RTOS Condition cause : null
2023-09-01 19:04:05,799 [WARN] ConditionMgr:1039 - genDependencies : Invalid condition id : UX DEVICE CLASS RTOS Condition cause : null
2023-09-01 19:04:05,799 [WARN] ConditionMgr:1039 - genDependencies : Invalid condition id : UX DEVICE CLASS RTOS Condition cause : null
2023-09-01 19:04:05,804 [WARN] PackLoader:240 - Cannot read IP mode file for STMicroelectronics.X-CUBE-FREERTOS.1.0.0
2023-09-01 19:04:05,807 [WARN] PackLoader:240 - Cannot read IP mode file for STMicroelectronics.X-CUBE-FREERTOS.1.0.1
2023-09-01 19:04:05,813 [WARN] PackLoader:240 - Cannot read IP mode file for STMicroelectronics.X-CUBE-BLEMGR.1.0.0
2023-09-01 19:04:05,831 [WARN] PackLoader:240 - Cannot read IP mode file for STMicroelectronics.X-CUBE-AZRTOS-L5.1.1.0
2023-09-01 19:04:05,835 [WARN] PackLoader:240 - Cannot read IP mode file for STMicroelectronics.X-CUBE-AI.8.0.1
2023-09-01 19:04:05,842 [WARN] PackLoader:240 - Cannot read IP mode file for STMicroelectronics.X-CUBE-SUBG2.5.0.0
2023-09-01 19:04:05,855 [WARN] PackLoader:240 - Cannot read IP mode file for STMicroelectronics.X-CUBE-TOF1.3.3.1
2023-09-01 19:04:05,875 [WARN] PackLoader:240 - Cannot read IP mode file for STMicroelectronics.X-CUBE-AZRTOS-G4.2.0.0
2023-09-01 19:04:05,883 [WARN] PackLoader:240 - Cannot read IP mode file for STMicroelectronics.X-CUBE-TOF1.3.3.0
2023-09-01 19:04:05,891 [WARN] PackLoader:240 - Cannot read IP mode file for STMicroelectronics.FP-ATR-ASTRA1.1.1.1
2023-09-01 19:04:05,894 [WARN] PackLoader:240 - Cannot read IP mode file for STMicroelectronics.FP-ATR-ASTRA1.1.1.0
2023-09-01 19:04:05,907 [WARN] PackLoader:240 - Cannot read IP mode file for STMicroelectronics.X-CUBE-AZRTOS-G4.1.0.0
2023-09-01 19:04:05,911 [WARN] PackLoader:240 - Cannot read IP mode file for wolfSSL.I-CUBE-wolfSSL.5.3.0
2023-09-01 19:04:05,923 [WARN] PackLoader:240 - Cannot read IP mode file for STMicroelectronics.X-CUBE-AZRTOS-L4.1.0.0
2023-09-01 19:04:05,929 [WARN] PackLoader:240 - Cannot read IP mode file for STMicroelectronics.X-CUBE-FREERTOS.1.1.0
2023-09-01 19:04:05,941 [WARN] PackLoader:240 - Cannot read IP mode file for STMicroelectronics.X-CUBE-AZRTOS-F7.1.0.0
2023-09-01 19:04:05,951 [WARN] PackLoader:240 - Cannot read IP mode file for STMicroelectronics.X-CUBE-AZRTOS-WL.1.0.0
2023-09-01 19:04:05,955 [WARN] PackLoader:240 - Cannot read IP mode file for portGmbH.I-Cube-SoM-uGOAL.1.1.0
2023-09-01 19:04:05,958 [WARN] PackLoader:240 - Cannot read IP mode file for STMicroelectronics.X-CUBE-ALS.1.0.1
2023-09-01 19:04:05,973 [WARN] PackLoader:240 - Cannot read IP mode file for STMicroelectronics.X-CUBE-AZRTOS-WB.1.1.0
2023-09-01 19:04:05,986 [WARN] PackLoader:240 - Cannot read IP mode file for STMicroelectronics.X-CUBE-AZRTOS-L5.1.0.0
2023-09-01 19:04:05,991 [WARN] PackLoader:240 - Cannot read IP mode file for STMicroelectronics.X-CUBE-EEPRMA1.3.1.1
2023-09-01 19:04:05,994 [WARN] PackLoader:240 - Cannot read IP mode file for STMicroelectronics.FP-ATR-ASTRA1.2.0.0
2023-09-01 19:04:05,995 [INFO] ThirdParty:978 - Integrity check success = true
2023-09-01 19:04:05,995 [INFO] IntegrityCheckThread:100 - exiting critical section [integrity check]
2023-09-01 19:04:05,995 [INFO] IntegrityCheckThread:103 - End integrity checks thread
2023-09-01 19:04:25,849 [ERROR] LogOutputStream:75 - [STDERR_REDIRECT] SLF4J: Failed to load class "org.slf4j.impl.StaticLoggerBinder".
2023-09-01 19:04:25,850 [ERROR] LogOutputStream:75 - [STDERR_REDIRECT] SLF4J: Defaulting to no-operation (NOP) logger implementation
2023-09-01 19:04:25,850 [ERROR] LogOutputStream:75 - [STDERR_REDIRECT] SLF4J: See http://www.slf4j.org/codes.html#StaticLoggerBinder for further details.
2023-09-01 20:21:39,539 [ERROR] ConfigurationRetriever:142 - IOException on connection: sw-center.st.com
2023-09-01 20:21:39,565 [ERROR] ConfigurationRetriever:142 - IOException on connection: sw-center.st.com
2023-09-01 20:21:39,566 [ERROR] ConfigurationRetriever:142 - IOException on connection: sw-center.st.com
2023-09-01 20:21:54,975 [ERROR] ConfigurationRetriever:142 - IOException on connection: sw-center.st.com
2023-09-01 20:21:54,978 [ERROR] ConfigurationRetriever:142 - IOException on connection: sw-center.st.com
2023-09-01 20:21:54,979 [ERROR] ConfigurationRetriever:142 - IOException on connection: sw-center.st.com
2023-09-01 20:22:38,763 [ERROR] ConfigurationRetriever:142 - IOException on connection: sw-center.st.com
2023-09-01 20:22:38,765 [ERROR] ConfigurationRetriever:142 - IOException on connection: sw-center.st.com
2023-09-01 20:22:38,765 [ERROR] ConfigurationRetriever:142 - IOException on connection: sw-center.st.com
2023-09-01 20:23:45,723 [ERROR] ConfigurationRetriever:142 - IOException on connection: sw-center.st.com
2023-09-01 20:23:45,724 [ERROR] ConfigurationRetriever:142 - IOException on connection: sw-center.st.com
2023-09-01 20:23:45,725 [ERROR] ConfigurationRetriever:142 - IOException on connection: sw-center.st.com
2023-09-01 20:24:35,823 [ERROR] ConfigurationRetriever:142 - IOException on connection: sw-center.st.com
2023-09-01 20:24:35,825 [ERROR] ConfigurationRetriever:142 - IOException on connection: sw-center.st.com
2023-09-01 20:24:35,826 [ERROR] ConfigurationRetriever:142 - IOException on connection: sw-center.st.com
2023-09-01 20:25:22,762 [ERROR] ConfigurationRetriever:142 - IOException on connection: sw-center.st.com
2023-09-01 20:25:22,764 [ERROR] ConfigurationRetriever:142 - IOException on connection: sw-center.st.com
2023-09-01 20:25:22,765 [ERROR] ConfigurationRetriever:142 - IOException on connection: sw-center.st.com
2023-09-01 20:28:54,025 [ERROR] ConfigurationRetriever:142 - IOException on connection: sw-center.st.com
2023-09-01 20:28:54,026 [ERROR] ConfigurationRetriever:142 - IOException on connection: sw-center.st.com
2023-09-01 20:28:54,026 [ERROR] ConfigurationRetriever:142 - IOException on connection: sw-center.st.com
2023-09-01 20:29:00,144 [ERROR] ConfigurationRetriever:142 - IOException on connection: sw-center.st.com
2023-09-01 20:29:00,146 [ERROR] ConfigurationRetriever:142 - IOException on connection: sw-center.st.com
2023-09-01 20:29:00,147 [ERROR] ConfigurationRetriever:142 - IOException on connection: sw-center.st.com
2023-09-01 20:30:46,361 [ERROR] ConfigurationRetriever:142 - IOException on connection: sw-center.st.com
2023-09-01 20:30:46,363 [ERROR] ConfigurationRetriever:142 - IOException on connection: sw-center.st.com
2023-09-01 20:30:46,363 [ERROR] ConfigurationRetriever:142 - IOException on connection: sw-center.st.com
2023-09-01 20:35:21,166 [ERROR] ConfigurationRetriever:142 - IOException on connection: sw-center.st.com
2023-09-01 20:35:21,167 [ERROR] ConfigurationRetriever:142 - IOException on connection: sw-center.st.com
2023-09-01 20:35:21,168 [ERROR] ConfigurationRetriever:142 - IOException on connection: sw-center.st.com
2023-09-01 20:36:29,369 [ERROR] ConfigurationRetriever:142 - IOException on connection: sw-center.st.com
2023-09-01 20:36:29,370 [ERROR] ConfigurationRetriever:142 - IOException on connection: sw-center.st.com
2023-09-01 20:36:29,371 [ERROR] ConfigurationRetriever:142 - IOException on connection: sw-center.st.com
2023-09-01 20:56:32,649 [ERROR] ConfigurationRetriever:142 - IOException on connection: sw-center.st.com
2023-09-01 20:56:32,651 [ERROR] ConfigurationRetriever:142 - IOException on connection: sw-center.st.com
2023-09-01 20:56:32,651 [ERROR] ConfigurationRetriever:142 - IOException on connection: sw-center.st.com
2023-09-01 20:56:44,987 [ERROR] ConfigurationRetriever:142 - IOException on connection: sw-center.st.com
2023-09-01 20:56:44,989 [ERROR] ConfigurationRetriever:142 - IOException on connection: sw-center.st.com
2023-09-01 20:56:44,990 [ERROR] ConfigurationRetriever:142 - IOException on connection: sw-center.st.com
2023-09-01 22:54:33,032 [ERROR] LogOutputStream:75 - [STDERR_REDIRECT] 
