2023-08-22 21:49:50,802 [INFO] UtilMem:75 - End SaveConfig() Used Memory: 856601144 Bytes (1073741824)
2023-08-22 21:49:57,191 [INFO] UtilMem:75 - End SaveConfig() Used Memory: 444601656 Bytes (1073741824)
2023-08-22 21:49:57,510 [INFO] BlockDiagram:2759 - set Specific Code input for plugin: SPI
2023-08-22 21:49:57,510 [INFO] BlockDiagram:2759 - set Specific Code input for plugin: SPI
2023-08-22 21:49:57,510 [INFO] BlockDiagram:2759 - set Specific Code input for plugin: RCC
2023-08-22 21:49:57,510 [INFO] BlockDiagram:2759 - set Specific Code input for plugin: I2C
2023-08-22 21:49:57,510 [INFO] BlockDiagram:2759 - set Specific Code input for plugin: I2C
2023-08-22 21:49:57,510 [INFO] BlockDiagram:2759 - set Specific Code input for plugin: SDMMC
2023-08-22 21:49:57,510 [INFO] BlockDiagram:2759 - set Specific Code input for plugin: BDMA
2023-08-22 21:49:57,510 [INFO] BlockDiagram:2759 - set Specific Code input for plugin: FMC
2023-08-22 21:49:57,510 [INFO] BlockDiagram:2759 - set Specific Code input for plugin: FATFS
2023-08-22 21:49:57,510 [INFO] BlockDiagram:2759 - set Specific Code input for plugin: RNG
2023-08-22 21:49:57,510 [INFO] BlockDiagram:2759 - set Specific Code input for plugin: SYS
2023-08-22 21:49:57,510 [INFO] BlockDiagram:2759 - set Specific Code input for plugin: NVIC
2023-08-22 21:49:57,510 [INFO] BlockDiagram:2759 - set Specific Code input for plugin: CORTEX_M7
2023-08-22 21:49:57,510 [INFO] BlockDiagram:2759 - set Specific Code input for plugin: DMA
2023-08-22 21:49:57,510 [INFO] BlockDiagram:2759 - set Specific Code input for plugin: DEBUG
2023-08-22 21:49:57,511 [INFO] BlockDiagram:2759 - set Specific Code input for plugin: GPIO
2023-08-22 21:49:57,511 [INFO] BlockDiagram:2759 - set Specific Code input for plugin: SAI
2023-08-22 21:49:57,512 [INFO] CodeGenerator:799 - code generatio: config db path: /Applications/STM32CubeIDE.app/Contents/Eclipse/plugins/com.st.stm32cube.common.mx_6.9.1.202307191849//db/
2023-08-22 21:49:57,539 [INFO] Argument:319 - Argument : hdmavalue: null
2023-08-22 21:49:57,539 [INFO] Argument:321 - 	 sub Args: 
2023-08-22 21:49:57,539 [INFO] Argument:319 - Argument : Instancevalue: DMA1_Stream3
2023-08-22 21:49:57,539 [INFO] Argument:329 - Argument : Instancevalue: DMA1_Stream3
2023-08-22 21:49:57,540 [INFO] Argument:319 - Argument : Initvalue: null
2023-08-22 21:49:57,540 [INFO] Argument:321 - 	 sub Args: 
2023-08-22 21:49:57,540 [INFO] Argument:319 - Argument : Requestvalue: DMA_REQUEST_I2C1_RX
2023-08-22 21:49:57,540 [INFO] Argument:329 - Argument : Requestvalue: DMA_REQUEST_I2C1_RX
2023-08-22 21:49:57,540 [INFO] Argument:319 - Argument : Directionvalue: DMA_PERIPH_TO_MEMORY
2023-08-22 21:49:57,540 [INFO] Argument:329 - Argument : Directionvalue: DMA_PERIPH_TO_MEMORY
2023-08-22 21:49:57,540 [INFO] Argument:319 - Argument : PeriphIncvalue: DMA_PINC_DISABLE
2023-08-22 21:49:57,540 [INFO] Argument:329 - Argument : PeriphIncvalue: DMA_PINC_DISABLE
2023-08-22 21:49:57,540 [INFO] Argument:319 - Argument : MemIncvalue: DMA_MINC_ENABLE
2023-08-22 21:49:57,540 [INFO] Argument:329 - Argument : MemIncvalue: DMA_MINC_ENABLE
2023-08-22 21:49:57,540 [INFO] Argument:319 - Argument : PeriphDataAlignmentvalue: DMA_PDATAALIGN_BYTE
2023-08-22 21:49:57,540 [INFO] Argument:329 - Argument : PeriphDataAlignmentvalue: DMA_PDATAALIGN_BYTE
2023-08-22 21:49:57,540 [INFO] Argument:319 - Argument : MemDataAlignmentvalue: DMA_MDATAALIGN_BYTE
2023-08-22 21:49:57,540 [INFO] Argument:329 - Argument : MemDataAlignmentvalue: DMA_MDATAALIGN_BYTE
2023-08-22 21:49:57,540 [INFO] Argument:319 - Argument : Modevalue: DMA_CIRCULAR
2023-08-22 21:49:57,540 [INFO] Argument:329 - Argument : Modevalue: DMA_CIRCULAR
2023-08-22 21:49:57,540 [INFO] Argument:319 - Argument : Priorityvalue: DMA_PRIORITY_VERY_HIGH
2023-08-22 21:49:57,540 [INFO] Argument:329 - Argument : Priorityvalue: DMA_PRIORITY_VERY_HIGH
2023-08-22 21:49:57,540 [INFO] Argument:319 - Argument : FIFOModevalue: DMA_FIFOMODE_ENABLE
2023-08-22 21:49:57,540 [INFO] Argument:329 - Argument : FIFOModevalue: DMA_FIFOMODE_ENABLE
2023-08-22 21:49:57,541 [INFO] Argument:319 - Argument : FIFOThresholdvalue: DMA_FIFO_THRESHOLD_HALFFULL
2023-08-22 21:49:57,541 [INFO] Argument:329 - Argument : FIFOThresholdvalue: DMA_FIFO_THRESHOLD_HALFFULL
2023-08-22 21:49:57,541 [INFO] Argument:319 - Argument : MemBurstvalue: DMA_MBURST_SINGLE
2023-08-22 21:49:57,541 [INFO] Argument:329 - Argument : MemBurstvalue: DMA_MBURST_SINGLE
2023-08-22 21:49:57,541 [INFO] Argument:319 - Argument : PeriphBurstvalue: DMA_PBURST_SINGLE
2023-08-22 21:49:57,541 [INFO] Argument:329 - Argument : PeriphBurstvalue: DMA_PBURST_SINGLE
2023-08-22 21:49:57,541 [INFO] Argument:319 - Argument : Lockvalue: null
2023-08-22 21:49:57,541 [INFO] Argument:329 - Argument : Lockvalue: null
2023-08-22 21:49:57,541 [INFO] Argument:319 - Argument : Statevalue: null
2023-08-22 21:49:57,541 [INFO] Argument:329 - Argument : Statevalue: null
2023-08-22 21:49:57,541 [INFO] Argument:319 - Argument : Parentvalue: null
2023-08-22 21:49:57,541 [INFO] Argument:329 - Argument : Parentvalue: null
2023-08-22 21:49:57,541 [INFO] Argument:319 - Argument : XferCpltCallbackvalue: null
2023-08-22 21:49:57,541 [INFO] Argument:329 - Argument : XferCpltCallbackvalue: null
2023-08-22 21:49:57,541 [INFO] Argument:319 - Argument : XferHalfCpltCallbackvalue: null
2023-08-22 21:49:57,541 [INFO] Argument:329 - Argument : XferHalfCpltCallbackvalue: null
2023-08-22 21:49:57,541 [INFO] Argument:319 - Argument : XferM1CpltCallbackvalue: null
2023-08-22 21:49:57,541 [INFO] Argument:329 - Argument : XferM1CpltCallbackvalue: null
2023-08-22 21:49:57,541 [INFO] Argument:319 - Argument : XferM1HalfCpltCallbackvalue: null
2023-08-22 21:49:57,541 [INFO] Argument:329 - Argument : XferM1HalfCpltCallbackvalue: null
2023-08-22 21:49:57,541 [INFO] Argument:319 - Argument : XferErrorCallbackvalue: null
2023-08-22 21:49:57,541 [INFO] Argument:329 - Argument : XferErrorCallbackvalue: null
2023-08-22 21:49:57,541 [INFO] Argument:319 - Argument : XferAbortCallbackvalue: null
2023-08-22 21:49:57,541 [INFO] Argument:329 - Argument : XferAbortCallbackvalue: null
2023-08-22 21:49:57,541 [INFO] Argument:319 - Argument : ErrorCodevalue: null
2023-08-22 21:49:57,541 [INFO] Argument:329 - Argument : ErrorCodevalue: null
2023-08-22 21:49:57,541 [INFO] Argument:319 - Argument : StreamBaseAddressvalue: null
2023-08-22 21:49:57,542 [INFO] Argument:329 - Argument : StreamBaseAddressvalue: null
2023-08-22 21:49:57,542 [INFO] Argument:319 - Argument : StreamIndexvalue: null
2023-08-22 21:49:57,542 [INFO] Argument:329 - Argument : StreamIndexvalue: null
2023-08-22 21:49:57,542 [INFO] Argument:319 - Argument : hdmavalue: null
2023-08-22 21:49:57,543 [INFO] Argument:321 - 	 sub Args: 
2023-08-22 21:49:57,543 [INFO] Argument:319 - Argument : Instancevalue: DMA1_Stream4
2023-08-22 21:49:57,543 [INFO] Argument:329 - Argument : Instancevalue: DMA1_Stream4
2023-08-22 21:49:57,543 [INFO] Argument:319 - Argument : Initvalue: null
2023-08-22 21:49:57,543 [INFO] Argument:321 - 	 sub Args: 
2023-08-22 21:49:57,543 [INFO] Argument:319 - Argument : Requestvalue: DMA_REQUEST_I2C1_TX
2023-08-22 21:49:57,543 [INFO] Argument:329 - Argument : Requestvalue: DMA_REQUEST_I2C1_TX
2023-08-22 21:49:57,543 [INFO] Argument:319 - Argument : Directionvalue: DMA_MEMORY_TO_PERIPH
2023-08-22 21:49:57,543 [INFO] Argument:329 - Argument : Directionvalue: DMA_MEMORY_TO_PERIPH
2023-08-22 21:49:57,543 [INFO] Argument:319 - Argument : PeriphIncvalue: DMA_PINC_DISABLE
2023-08-22 21:49:57,543 [INFO] Argument:329 - Argument : PeriphIncvalue: DMA_PINC_DISABLE
2023-08-22 21:49:57,543 [INFO] Argument:319 - Argument : MemIncvalue: DMA_MINC_ENABLE
2023-08-22 21:49:57,543 [INFO] Argument:329 - Argument : MemIncvalue: DMA_MINC_ENABLE
2023-08-22 21:49:57,543 [INFO] Argument:319 - Argument : PeriphDataAlignmentvalue: DMA_PDATAALIGN_BYTE
2023-08-22 21:49:57,543 [INFO] Argument:329 - Argument : PeriphDataAlignmentvalue: DMA_PDATAALIGN_BYTE
2023-08-22 21:49:57,543 [INFO] Argument:319 - Argument : MemDataAlignmentvalue: DMA_MDATAALIGN_BYTE
2023-08-22 21:49:57,543 [INFO] Argument:329 - Argument : MemDataAlignmentvalue: DMA_MDATAALIGN_BYTE
2023-08-22 21:49:57,544 [INFO] Argument:319 - Argument : Modevalue: DMA_CIRCULAR
2023-08-22 21:49:57,544 [INFO] Argument:329 - Argument : Modevalue: DMA_CIRCULAR
2023-08-22 21:49:57,544 [INFO] Argument:319 - Argument : Priorityvalue: DMA_PRIORITY_VERY_HIGH
2023-08-22 21:49:57,544 [INFO] Argument:329 - Argument : Priorityvalue: DMA_PRIORITY_VERY_HIGH
2023-08-22 21:49:57,544 [INFO] Argument:319 - Argument : FIFOModevalue: DMA_FIFOMODE_ENABLE
2023-08-22 21:49:57,544 [INFO] Argument:329 - Argument : FIFOModevalue: DMA_FIFOMODE_ENABLE
2023-08-22 21:49:57,544 [INFO] Argument:319 - Argument : FIFOThresholdvalue: DMA_FIFO_THRESHOLD_HALFFULL
2023-08-22 21:49:57,544 [INFO] Argument:329 - Argument : FIFOThresholdvalue: DMA_FIFO_THRESHOLD_HALFFULL
2023-08-22 21:49:57,544 [INFO] Argument:319 - Argument : MemBurstvalue: DMA_MBURST_SINGLE
2023-08-22 21:49:57,544 [INFO] Argument:329 - Argument : MemBurstvalue: DMA_MBURST_SINGLE
2023-08-22 21:49:57,544 [INFO] Argument:319 - Argument : PeriphBurstvalue: DMA_PBURST_SINGLE
2023-08-22 21:49:57,544 [INFO] Argument:329 - Argument : PeriphBurstvalue: DMA_PBURST_SINGLE
2023-08-22 21:49:57,544 [INFO] Argument:319 - Argument : Lockvalue: null
2023-08-22 21:49:57,544 [INFO] Argument:329 - Argument : Lockvalue: null
2023-08-22 21:49:57,544 [INFO] Argument:319 - Argument : Statevalue: null
2023-08-22 21:49:57,544 [INFO] Argument:329 - Argument : Statevalue: null
2023-08-22 21:49:57,544 [INFO] Argument:319 - Argument : Parentvalue: null
2023-08-22 21:49:57,544 [INFO] Argument:329 - Argument : Parentvalue: null
2023-08-22 21:49:57,544 [INFO] Argument:319 - Argument : XferCpltCallbackvalue: null
2023-08-22 21:49:57,544 [INFO] Argument:329 - Argument : XferCpltCallbackvalue: null
2023-08-22 21:49:57,544 [INFO] Argument:319 - Argument : XferHalfCpltCallbackvalue: null
2023-08-22 21:49:57,544 [INFO] Argument:329 - Argument : XferHalfCpltCallbackvalue: null
2023-08-22 21:49:57,544 [INFO] Argument:319 - Argument : XferM1CpltCallbackvalue: null
2023-08-22 21:49:57,544 [INFO] Argument:329 - Argument : XferM1CpltCallbackvalue: null
2023-08-22 21:49:57,544 [INFO] Argument:319 - Argument : XferM1HalfCpltCallbackvalue: null
2023-08-22 21:49:57,544 [INFO] Argument:329 - Argument : XferM1HalfCpltCallbackvalue: null
2023-08-22 21:49:57,545 [INFO] Argument:319 - Argument : XferErrorCallbackvalue: null
2023-08-22 21:49:57,545 [INFO] Argument:329 - Argument : XferErrorCallbackvalue: null
2023-08-22 21:49:57,545 [INFO] Argument:319 - Argument : XferAbortCallbackvalue: null
2023-08-22 21:49:57,545 [INFO] Argument:329 - Argument : XferAbortCallbackvalue: null
2023-08-22 21:49:57,545 [INFO] Argument:319 - Argument : ErrorCodevalue: null
2023-08-22 21:49:57,545 [INFO] Argument:329 - Argument : ErrorCodevalue: null
2023-08-22 21:49:57,545 [INFO] Argument:319 - Argument : StreamBaseAddressvalue: null
2023-08-22 21:49:57,545 [INFO] Argument:329 - Argument : StreamBaseAddressvalue: null
2023-08-22 21:49:57,545 [INFO] Argument:319 - Argument : StreamIndexvalue: null
2023-08-22 21:49:57,545 [INFO] Argument:329 - Argument : StreamIndexvalue: null
2023-08-22 21:49:57,587 [INFO] Argument:319 - Argument : hdmavalue: null
2023-08-22 21:49:57,587 [INFO] Argument:321 - 	 sub Args: 
2023-08-22 21:49:57,587 [INFO] Argument:319 - Argument : Instancevalue: DMA1_Stream1
2023-08-22 21:49:57,587 [INFO] Argument:329 - Argument : Instancevalue: DMA1_Stream1
2023-08-22 21:49:57,587 [INFO] Argument:319 - Argument : Initvalue: null
2023-08-22 21:49:57,587 [INFO] Argument:321 - 	 sub Args: 
2023-08-22 21:49:57,587 [INFO] Argument:319 - Argument : Requestvalue: DMA_REQUEST_SAI1_A
2023-08-22 21:49:57,587 [INFO] Argument:329 - Argument : Requestvalue: DMA_REQUEST_SAI1_A
2023-08-22 21:49:57,587 [INFO] Argument:319 - Argument : Directionvalue: DMA_PERIPH_TO_MEMORY
2023-08-22 21:49:57,587 [INFO] Argument:329 - Argument : Directionvalue: DMA_PERIPH_TO_MEMORY
2023-08-22 21:49:57,587 [INFO] Argument:319 - Argument : PeriphIncvalue: DMA_PINC_DISABLE
2023-08-22 21:49:57,587 [INFO] Argument:329 - Argument : PeriphIncvalue: DMA_PINC_DISABLE
2023-08-22 21:49:57,587 [INFO] Argument:319 - Argument : MemIncvalue: DMA_MINC_ENABLE
2023-08-22 21:49:57,587 [INFO] Argument:329 - Argument : MemIncvalue: DMA_MINC_ENABLE
2023-08-22 21:49:57,587 [INFO] Argument:319 - Argument : PeriphDataAlignmentvalue: DMA_PDATAALIGN_WORD
2023-08-22 21:49:57,587 [INFO] Argument:329 - Argument : PeriphDataAlignmentvalue: DMA_PDATAALIGN_WORD
2023-08-22 21:49:57,587 [INFO] Argument:319 - Argument : MemDataAlignmentvalue: DMA_MDATAALIGN_WORD
2023-08-22 21:49:57,587 [INFO] Argument:329 - Argument : MemDataAlignmentvalue: DMA_MDATAALIGN_WORD
2023-08-22 21:49:57,587 [INFO] Argument:319 - Argument : Modevalue: DMA_CIRCULAR
2023-08-22 21:49:57,587 [INFO] Argument:329 - Argument : Modevalue: DMA_CIRCULAR
2023-08-22 21:49:57,587 [INFO] Argument:319 - Argument : Priorityvalue: DMA_PRIORITY_VERY_HIGH
2023-08-22 21:49:57,587 [INFO] Argument:329 - Argument : Priorityvalue: DMA_PRIORITY_VERY_HIGH
2023-08-22 21:49:57,587 [INFO] Argument:319 - Argument : FIFOModevalue: DMA_FIFOMODE_ENABLE
2023-08-22 21:49:57,587 [INFO] Argument:329 - Argument : FIFOModevalue: DMA_FIFOMODE_ENABLE
2023-08-22 21:49:57,588 [INFO] Argument:319 - Argument : FIFOThresholdvalue: DMA_FIFO_THRESHOLD_1QUARTERFULL
2023-08-22 21:49:57,588 [INFO] Argument:329 - Argument : FIFOThresholdvalue: DMA_FIFO_THRESHOLD_1QUARTERFULL
2023-08-22 21:49:57,588 [INFO] Argument:319 - Argument : MemBurstvalue: DMA_MBURST_SINGLE
2023-08-22 21:49:57,588 [INFO] Argument:329 - Argument : MemBurstvalue: DMA_MBURST_SINGLE
2023-08-22 21:49:57,588 [INFO] Argument:319 - Argument : PeriphBurstvalue: DMA_PBURST_SINGLE
2023-08-22 21:49:57,588 [INFO] Argument:329 - Argument : PeriphBurstvalue: DMA_PBURST_SINGLE
2023-08-22 21:49:57,588 [INFO] Argument:319 - Argument : Lockvalue: null
2023-08-22 21:49:57,588 [INFO] Argument:329 - Argument : Lockvalue: null
2023-08-22 21:49:57,588 [INFO] Argument:319 - Argument : Statevalue: null
2023-08-22 21:49:57,588 [INFO] Argument:329 - Argument : Statevalue: null
2023-08-22 21:49:57,588 [INFO] Argument:319 - Argument : Parentvalue: null
2023-08-22 21:49:57,588 [INFO] Argument:329 - Argument : Parentvalue: null
2023-08-22 21:49:57,588 [INFO] Argument:319 - Argument : XferCpltCallbackvalue: null
2023-08-22 21:49:57,588 [INFO] Argument:329 - Argument : XferCpltCallbackvalue: null
2023-08-22 21:49:57,588 [INFO] Argument:319 - Argument : XferHalfCpltCallbackvalue: null
2023-08-22 21:49:57,588 [INFO] Argument:329 - Argument : XferHalfCpltCallbackvalue: null
2023-08-22 21:49:57,588 [INFO] Argument:319 - Argument : XferM1CpltCallbackvalue: null
2023-08-22 21:49:57,588 [INFO] Argument:329 - Argument : XferM1CpltCallbackvalue: null
2023-08-22 21:49:57,588 [INFO] Argument:319 - Argument : XferM1HalfCpltCallbackvalue: null
2023-08-22 21:49:57,588 [INFO] Argument:329 - Argument : XferM1HalfCpltCallbackvalue: null
2023-08-22 21:49:57,588 [INFO] Argument:319 - Argument : XferErrorCallbackvalue: null
2023-08-22 21:49:57,588 [INFO] Argument:329 - Argument : XferErrorCallbackvalue: null
2023-08-22 21:49:57,588 [INFO] Argument:319 - Argument : XferAbortCallbackvalue: null
2023-08-22 21:49:57,588 [INFO] Argument:329 - Argument : XferAbortCallbackvalue: null
2023-08-22 21:49:57,588 [INFO] Argument:319 - Argument : ErrorCodevalue: null
2023-08-22 21:49:57,588 [INFO] Argument:329 - Argument : ErrorCodevalue: null
2023-08-22 21:49:57,588 [INFO] Argument:319 - Argument : StreamBaseAddressvalue: null
2023-08-22 21:49:57,588 [INFO] Argument:329 - Argument : StreamBaseAddressvalue: null
2023-08-22 21:49:57,588 [INFO] Argument:319 - Argument : StreamIndexvalue: null
2023-08-22 21:49:57,588 [INFO] Argument:329 - Argument : StreamIndexvalue: null
2023-08-22 21:49:57,588 [INFO] Argument:319 - Argument : hdmavalue: null
2023-08-22 21:49:57,588 [INFO] Argument:321 - 	 sub Args: 
2023-08-22 21:49:57,588 [INFO] Argument:319 - Argument : Instancevalue: DMA1_Stream1
2023-08-22 21:49:57,588 [INFO] Argument:329 - Argument : Instancevalue: DMA1_Stream1
2023-08-22 21:49:57,588 [INFO] Argument:319 - Argument : Initvalue: null
2023-08-22 21:49:57,588 [INFO] Argument:321 - 	 sub Args: 
2023-08-22 21:49:57,588 [INFO] Argument:319 - Argument : Requestvalue: DMA_REQUEST_SAI1_A
2023-08-22 21:49:57,588 [INFO] Argument:329 - Argument : Requestvalue: DMA_REQUEST_SAI1_A
2023-08-22 21:49:57,588 [INFO] Argument:319 - Argument : Directionvalue: DMA_PERIPH_TO_MEMORY
2023-08-22 21:49:57,588 [INFO] Argument:329 - Argument : Directionvalue: DMA_PERIPH_TO_MEMORY
2023-08-22 21:49:57,588 [INFO] Argument:319 - Argument : PeriphIncvalue: DMA_PINC_DISABLE
2023-08-22 21:49:57,588 [INFO] Argument:329 - Argument : PeriphIncvalue: DMA_PINC_DISABLE
2023-08-22 21:49:57,589 [INFO] Argument:319 - Argument : MemIncvalue: DMA_MINC_ENABLE
2023-08-22 21:49:57,589 [INFO] Argument:329 - Argument : MemIncvalue: DMA_MINC_ENABLE
2023-08-22 21:49:57,589 [INFO] Argument:319 - Argument : PeriphDataAlignmentvalue: DMA_PDATAALIGN_WORD
2023-08-22 21:49:57,589 [INFO] Argument:329 - Argument : PeriphDataAlignmentvalue: DMA_PDATAALIGN_WORD
2023-08-22 21:49:57,589 [INFO] Argument:319 - Argument : MemDataAlignmentvalue: DMA_MDATAALIGN_WORD
2023-08-22 21:49:57,589 [INFO] Argument:329 - Argument : MemDataAlignmentvalue: DMA_MDATAALIGN_WORD
2023-08-22 21:49:57,589 [INFO] Argument:319 - Argument : Modevalue: DMA_CIRCULAR
2023-08-22 21:49:57,589 [INFO] Argument:329 - Argument : Modevalue: DMA_CIRCULAR
2023-08-22 21:49:57,589 [INFO] Argument:319 - Argument : Priorityvalue: DMA_PRIORITY_VERY_HIGH
2023-08-22 21:49:57,589 [INFO] Argument:329 - Argument : Priorityvalue: DMA_PRIORITY_VERY_HIGH
2023-08-22 21:49:57,589 [INFO] Argument:319 - Argument : FIFOModevalue: DMA_FIFOMODE_ENABLE
2023-08-22 21:49:57,589 [INFO] Argument:329 - Argument : FIFOModevalue: DMA_FIFOMODE_ENABLE
2023-08-22 21:49:57,589 [INFO] Argument:319 - Argument : FIFOThresholdvalue: DMA_FIFO_THRESHOLD_1QUARTERFULL
2023-08-22 21:49:57,589 [INFO] Argument:329 - Argument : FIFOThresholdvalue: DMA_FIFO_THRESHOLD_1QUARTERFULL
2023-08-22 21:49:57,589 [INFO] Argument:319 - Argument : MemBurstvalue: DMA_MBURST_SINGLE
2023-08-22 21:49:57,589 [INFO] Argument:329 - Argument : MemBurstvalue: DMA_MBURST_SINGLE
2023-08-22 21:49:57,589 [INFO] Argument:319 - Argument : PeriphBurstvalue: DMA_PBURST_SINGLE
2023-08-22 21:49:57,589 [INFO] Argument:329 - Argument : PeriphBurstvalue: DMA_PBURST_SINGLE
2023-08-22 21:49:57,589 [INFO] Argument:319 - Argument : Lockvalue: null
2023-08-22 21:49:57,589 [INFO] Argument:329 - Argument : Lockvalue: null
2023-08-22 21:49:57,589 [INFO] Argument:319 - Argument : Statevalue: null
2023-08-22 21:49:57,589 [INFO] Argument:329 - Argument : Statevalue: null
2023-08-22 21:49:57,589 [INFO] Argument:319 - Argument : Parentvalue: null
2023-08-22 21:49:57,589 [INFO] Argument:329 - Argument : Parentvalue: null
2023-08-22 21:49:57,589 [INFO] Argument:319 - Argument : XferCpltCallbackvalue: null
2023-08-22 21:49:57,589 [INFO] Argument:329 - Argument : XferCpltCallbackvalue: null
2023-08-22 21:49:57,590 [INFO] Argument:319 - Argument : XferHalfCpltCallbackvalue: null
2023-08-22 21:49:57,590 [INFO] Argument:329 - Argument : XferHalfCpltCallbackvalue: null
2023-08-22 21:49:57,590 [INFO] Argument:319 - Argument : XferM1CpltCallbackvalue: null
2023-08-22 21:49:57,590 [INFO] Argument:329 - Argument : XferM1CpltCallbackvalue: null
2023-08-22 21:49:57,590 [INFO] Argument:319 - Argument : XferM1HalfCpltCallbackvalue: null
2023-08-22 21:49:57,590 [INFO] Argument:329 - Argument : XferM1HalfCpltCallbackvalue: null
2023-08-22 21:49:57,590 [INFO] Argument:319 - Argument : XferErrorCallbackvalue: null
2023-08-22 21:49:57,590 [INFO] Argument:329 - Argument : XferErrorCallbackvalue: null
2023-08-22 21:49:57,590 [INFO] Argument:319 - Argument : XferAbortCallbackvalue: null
2023-08-22 21:49:57,590 [INFO] Argument:329 - Argument : XferAbortCallbackvalue: null
2023-08-22 21:49:57,590 [INFO] Argument:319 - Argument : ErrorCodevalue: null
2023-08-22 21:49:57,590 [INFO] Argument:329 - Argument : ErrorCodevalue: null
2023-08-22 21:49:57,590 [INFO] Argument:319 - Argument : StreamBaseAddressvalue: null
2023-08-22 21:49:57,590 [INFO] Argument:329 - Argument : StreamBaseAddressvalue: null
2023-08-22 21:49:57,590 [INFO] Argument:319 - Argument : StreamIndexvalue: null
2023-08-22 21:49:57,590 [INFO] Argument:329 - Argument : StreamIndexvalue: null
2023-08-22 21:49:57,590 [INFO] Argument:319 - Argument : pSyncConfigvalue: null
2023-08-22 21:49:57,590 [INFO] Argument:321 - 	 sub Args: 
2023-08-22 21:49:57,590 [INFO] Argument:319 - Argument : SyncSignalIDvalue: HAL_DMAMUX1_SYNC_EXTI0
2023-08-22 21:49:57,590 [INFO] Argument:329 - Argument : SyncSignalIDvalue: HAL_DMAMUX1_SYNC_EXTI0
2023-08-22 21:49:57,590 [INFO] Argument:319 - Argument : SyncPolarityvalue: HAL_DMAMUX_SYNC_RISING
2023-08-22 21:49:57,590 [INFO] Argument:329 - Argument : SyncPolarityvalue: HAL_DMAMUX_SYNC_RISING
2023-08-22 21:49:57,590 [INFO] Argument:319 - Argument : SyncEnablevalue: DISABLE
2023-08-22 21:49:57,590 [INFO] Argument:329 - Argument : SyncEnablevalue: DISABLE
2023-08-22 21:49:57,590 [INFO] Argument:319 - Argument : EventEnablevalue: ENABLE
2023-08-22 21:49:57,590 [INFO] Argument:329 - Argument : EventEnablevalue: ENABLE
2023-08-22 21:49:57,590 [INFO] Argument:319 - Argument : RequestNumbervalue: 1
2023-08-22 21:49:57,590 [INFO] Argument:329 - Argument : RequestNumbervalue: 1
2023-08-22 21:49:57,591 [INFO] Argument:319 - Argument : hdmavalue: null
2023-08-22 21:49:57,591 [INFO] Argument:321 - 	 sub Args: 
2023-08-22 21:49:57,591 [INFO] Argument:319 - Argument : Instancevalue: DMA1_Stream2
2023-08-22 21:49:57,591 [INFO] Argument:329 - Argument : Instancevalue: DMA1_Stream2
2023-08-22 21:49:57,591 [INFO] Argument:319 - Argument : Initvalue: null
2023-08-22 21:49:57,591 [INFO] Argument:321 - 	 sub Args: 
2023-08-22 21:49:57,592 [INFO] Argument:319 - Argument : Requestvalue: DMA_REQUEST_SAI1_B
2023-08-22 21:49:57,592 [INFO] Argument:329 - Argument : Requestvalue: DMA_REQUEST_SAI1_B
2023-08-22 21:49:57,592 [INFO] Argument:319 - Argument : Directionvalue: DMA_MEMORY_TO_PERIPH
2023-08-22 21:49:57,592 [INFO] Argument:329 - Argument : Directionvalue: DMA_MEMORY_TO_PERIPH
2023-08-22 21:49:57,592 [INFO] Argument:319 - Argument : PeriphIncvalue: DMA_PINC_DISABLE
2023-08-22 21:49:57,592 [INFO] Argument:329 - Argument : PeriphIncvalue: DMA_PINC_DISABLE
2023-08-22 21:49:57,592 [INFO] Argument:319 - Argument : MemIncvalue: DMA_MINC_ENABLE
2023-08-22 21:49:57,592 [INFO] Argument:329 - Argument : MemIncvalue: DMA_MINC_ENABLE
2023-08-22 21:49:57,592 [INFO] Argument:319 - Argument : PeriphDataAlignmentvalue: DMA_PDATAALIGN_WORD
2023-08-22 21:49:57,592 [INFO] Argument:329 - Argument : PeriphDataAlignmentvalue: DMA_PDATAALIGN_WORD
2023-08-22 21:49:57,592 [INFO] Argument:319 - Argument : MemDataAlignmentvalue: DMA_MDATAALIGN_WORD
2023-08-22 21:49:57,592 [INFO] Argument:329 - Argument : MemDataAlignmentvalue: DMA_MDATAALIGN_WORD
2023-08-22 21:49:57,592 [INFO] Argument:319 - Argument : Modevalue: DMA_CIRCULAR
2023-08-22 21:49:57,592 [INFO] Argument:329 - Argument : Modevalue: DMA_CIRCULAR
2023-08-22 21:49:57,592 [INFO] Argument:319 - Argument : Priorityvalue: DMA_PRIORITY_VERY_HIGH
2023-08-22 21:49:57,592 [INFO] Argument:329 - Argument : Priorityvalue: DMA_PRIORITY_VERY_HIGH
2023-08-22 21:49:57,592 [INFO] Argument:319 - Argument : FIFOModevalue: DMA_FIFOMODE_ENABLE
2023-08-22 21:49:57,592 [INFO] Argument:329 - Argument : FIFOModevalue: DMA_FIFOMODE_ENABLE
2023-08-22 21:49:57,592 [INFO] Argument:319 - Argument : FIFOThresholdvalue: DMA_FIFO_THRESHOLD_1QUARTERFULL
2023-08-22 21:49:57,592 [INFO] Argument:329 - Argument : FIFOThresholdvalue: DMA_FIFO_THRESHOLD_1QUARTERFULL
2023-08-22 21:49:57,592 [INFO] Argument:319 - Argument : MemBurstvalue: DMA_MBURST_SINGLE
2023-08-22 21:49:57,592 [INFO] Argument:329 - Argument : MemBurstvalue: DMA_MBURST_SINGLE
2023-08-22 21:49:57,592 [INFO] Argument:319 - Argument : PeriphBurstvalue: DMA_PBURST_SINGLE
2023-08-22 21:49:57,592 [INFO] Argument:329 - Argument : PeriphBurstvalue: DMA_PBURST_SINGLE
2023-08-22 21:49:57,592 [INFO] Argument:319 - Argument : Lockvalue: null
2023-08-22 21:49:57,592 [INFO] Argument:329 - Argument : Lockvalue: null
2023-08-22 21:49:57,592 [INFO] Argument:319 - Argument : Statevalue: null
2023-08-22 21:49:57,592 [INFO] Argument:329 - Argument : Statevalue: null
2023-08-22 21:49:57,592 [INFO] Argument:319 - Argument : Parentvalue: null
2023-08-22 21:49:57,593 [INFO] Argument:329 - Argument : Parentvalue: null
2023-08-22 21:49:57,593 [INFO] Argument:319 - Argument : XferCpltCallbackvalue: null
2023-08-22 21:49:57,593 [INFO] Argument:329 - Argument : XferCpltCallbackvalue: null
2023-08-22 21:49:57,593 [INFO] Argument:319 - Argument : XferHalfCpltCallbackvalue: null
2023-08-22 21:49:57,593 [INFO] Argument:329 - Argument : XferHalfCpltCallbackvalue: null
2023-08-22 21:49:57,593 [INFO] Argument:319 - Argument : XferM1CpltCallbackvalue: null
2023-08-22 21:49:57,593 [INFO] Argument:329 - Argument : XferM1CpltCallbackvalue: null
2023-08-22 21:49:57,593 [INFO] Argument:319 - Argument : XferM1HalfCpltCallbackvalue: null
2023-08-22 21:49:57,593 [INFO] Argument:329 - Argument : XferM1HalfCpltCallbackvalue: null
2023-08-22 21:49:57,593 [INFO] Argument:319 - Argument : XferErrorCallbackvalue: null
2023-08-22 21:49:57,593 [INFO] Argument:329 - Argument : XferErrorCallbackvalue: null
2023-08-22 21:49:57,593 [INFO] Argument:319 - Argument : XferAbortCallbackvalue: null
2023-08-22 21:49:57,593 [INFO] Argument:329 - Argument : XferAbortCallbackvalue: null
2023-08-22 21:49:57,593 [INFO] Argument:319 - Argument : ErrorCodevalue: null
2023-08-22 21:49:57,593 [INFO] Argument:329 - Argument : ErrorCodevalue: null
2023-08-22 21:49:57,593 [INFO] Argument:319 - Argument : StreamBaseAddressvalue: null
2023-08-22 21:49:57,593 [INFO] Argument:329 - Argument : StreamBaseAddressvalue: null
2023-08-22 21:49:57,593 [INFO] Argument:319 - Argument : StreamIndexvalue: null
2023-08-22 21:49:57,593 [INFO] Argument:329 - Argument : StreamIndexvalue: null
2023-08-22 21:49:57,601 [INFO] Argument:319 - Argument : hdmavalue: null
2023-08-22 21:49:57,601 [INFO] Argument:321 - 	 sub Args: 
2023-08-22 21:49:57,601 [INFO] Argument:319 - Argument : Instancevalue: DMA1_Stream6
2023-08-22 21:49:57,601 [INFO] Argument:329 - Argument : Instancevalue: DMA1_Stream6
2023-08-22 21:49:57,601 [INFO] Argument:319 - Argument : Initvalue: null
2023-08-22 21:49:57,601 [INFO] Argument:321 - 	 sub Args: 
2023-08-22 21:49:57,601 [INFO] Argument:319 - Argument : Requestvalue: DMA_REQUEST_SPI1_RX
2023-08-22 21:49:57,601 [INFO] Argument:329 - Argument : Requestvalue: DMA_REQUEST_SPI1_RX
2023-08-22 21:49:57,601 [INFO] Argument:319 - Argument : Directionvalue: DMA_PERIPH_TO_MEMORY
2023-08-22 21:49:57,601 [INFO] Argument:329 - Argument : Directionvalue: DMA_PERIPH_TO_MEMORY
2023-08-22 21:49:57,601 [INFO] Argument:319 - Argument : PeriphIncvalue: DMA_PINC_DISABLE
2023-08-22 21:49:57,601 [INFO] Argument:329 - Argument : PeriphIncvalue: DMA_PINC_DISABLE
2023-08-22 21:49:57,601 [INFO] Argument:319 - Argument : MemIncvalue: DMA_MINC_ENABLE
2023-08-22 21:49:57,601 [INFO] Argument:329 - Argument : MemIncvalue: DMA_MINC_ENABLE
2023-08-22 21:49:57,601 [INFO] Argument:319 - Argument : PeriphDataAlignmentvalue: DMA_PDATAALIGN_BYTE
2023-08-22 21:49:57,601 [INFO] Argument:329 - Argument : PeriphDataAlignmentvalue: DMA_PDATAALIGN_BYTE
2023-08-22 21:49:57,601 [INFO] Argument:319 - Argument : MemDataAlignmentvalue: DMA_MDATAALIGN_BYTE
2023-08-22 21:49:57,601 [INFO] Argument:329 - Argument : MemDataAlignmentvalue: DMA_MDATAALIGN_BYTE
2023-08-22 21:49:57,601 [INFO] Argument:319 - Argument : Modevalue: DMA_CIRCULAR
2023-08-22 21:49:57,601 [INFO] Argument:329 - Argument : Modevalue: DMA_CIRCULAR
2023-08-22 21:49:57,601 [INFO] Argument:319 - Argument : Priorityvalue: DMA_PRIORITY_VERY_HIGH
2023-08-22 21:49:57,601 [INFO] Argument:329 - Argument : Priorityvalue: DMA_PRIORITY_VERY_HIGH
2023-08-22 21:49:57,601 [INFO] Argument:319 - Argument : FIFOModevalue: DMA_FIFOMODE_ENABLE
2023-08-22 21:49:57,601 [INFO] Argument:329 - Argument : FIFOModevalue: DMA_FIFOMODE_ENABLE
2023-08-22 21:49:57,601 [INFO] Argument:319 - Argument : FIFOThresholdvalue: DMA_FIFO_THRESHOLD_HALFFULL
2023-08-22 21:49:57,601 [INFO] Argument:329 - Argument : FIFOThresholdvalue: DMA_FIFO_THRESHOLD_HALFFULL
2023-08-22 21:49:57,601 [INFO] Argument:319 - Argument : MemBurstvalue: DMA_MBURST_SINGLE
2023-08-22 21:49:57,601 [INFO] Argument:329 - Argument : MemBurstvalue: DMA_MBURST_SINGLE
2023-08-22 21:49:57,601 [INFO] Argument:319 - Argument : PeriphBurstvalue: DMA_PBURST_SINGLE
2023-08-22 21:49:57,601 [INFO] Argument:329 - Argument : PeriphBurstvalue: DMA_PBURST_SINGLE
2023-08-22 21:49:57,601 [INFO] Argument:319 - Argument : Lockvalue: null
2023-08-22 21:49:57,601 [INFO] Argument:329 - Argument : Lockvalue: null
2023-08-22 21:49:57,602 [INFO] Argument:319 - Argument : Statevalue: null
2023-08-22 21:49:57,602 [INFO] Argument:329 - Argument : Statevalue: null
2023-08-22 21:49:57,602 [INFO] Argument:319 - Argument : Parentvalue: null
2023-08-22 21:49:57,602 [INFO] Argument:329 - Argument : Parentvalue: null
2023-08-22 21:49:57,602 [INFO] Argument:319 - Argument : XferCpltCallbackvalue: null
2023-08-22 21:49:57,602 [INFO] Argument:329 - Argument : XferCpltCallbackvalue: null
2023-08-22 21:49:57,602 [INFO] Argument:319 - Argument : XferHalfCpltCallbackvalue: null
2023-08-22 21:49:57,602 [INFO] Argument:329 - Argument : XferHalfCpltCallbackvalue: null
2023-08-22 21:49:57,602 [INFO] Argument:319 - Argument : XferM1CpltCallbackvalue: null
2023-08-22 21:49:57,602 [INFO] Argument:329 - Argument : XferM1CpltCallbackvalue: null
2023-08-22 21:49:57,602 [INFO] Argument:319 - Argument : XferM1HalfCpltCallbackvalue: null
2023-08-22 21:49:57,602 [INFO] Argument:329 - Argument : XferM1HalfCpltCallbackvalue: null
2023-08-22 21:49:57,602 [INFO] Argument:319 - Argument : XferErrorCallbackvalue: null
2023-08-22 21:49:57,602 [INFO] Argument:329 - Argument : XferErrorCallbackvalue: null
2023-08-22 21:49:57,602 [INFO] Argument:319 - Argument : XferAbortCallbackvalue: null
2023-08-22 21:49:57,602 [INFO] Argument:329 - Argument : XferAbortCallbackvalue: null
2023-08-22 21:49:57,602 [INFO] Argument:319 - Argument : ErrorCodevalue: null
2023-08-22 21:49:57,602 [INFO] Argument:329 - Argument : ErrorCodevalue: null
2023-08-22 21:49:57,602 [INFO] Argument:319 - Argument : StreamBaseAddressvalue: null
2023-08-22 21:49:57,602 [INFO] Argument:329 - Argument : StreamBaseAddressvalue: null
2023-08-22 21:49:57,602 [INFO] Argument:319 - Argument : StreamIndexvalue: null
2023-08-22 21:49:57,602 [INFO] Argument:329 - Argument : StreamIndexvalue: null
2023-08-22 21:49:57,603 [INFO] Argument:319 - Argument : hdmavalue: null
2023-08-22 21:49:57,603 [INFO] Argument:321 - 	 sub Args: 
2023-08-22 21:49:57,603 [INFO] Argument:319 - Argument : Instancevalue: DMA1_Stream0
2023-08-22 21:49:57,603 [INFO] Argument:329 - Argument : Instancevalue: DMA1_Stream0
2023-08-22 21:49:57,603 [INFO] Argument:319 - Argument : Initvalue: null
2023-08-22 21:49:57,603 [INFO] Argument:321 - 	 sub Args: 
2023-08-22 21:49:57,603 [INFO] Argument:319 - Argument : Requestvalue: DMA_REQUEST_SPI1_TX
2023-08-22 21:49:57,603 [INFO] Argument:329 - Argument : Requestvalue: DMA_REQUEST_SPI1_TX
2023-08-22 21:49:57,603 [INFO] Argument:319 - Argument : Directionvalue: DMA_MEMORY_TO_PERIPH
2023-08-22 21:49:57,603 [INFO] Argument:329 - Argument : Directionvalue: DMA_MEMORY_TO_PERIPH
2023-08-22 21:49:57,603 [INFO] Argument:319 - Argument : PeriphIncvalue: DMA_PINC_DISABLE
2023-08-22 21:49:57,603 [INFO] Argument:329 - Argument : PeriphIncvalue: DMA_PINC_DISABLE
2023-08-22 21:49:57,603 [INFO] Argument:319 - Argument : MemIncvalue: DMA_MINC_ENABLE
2023-08-22 21:49:57,603 [INFO] Argument:329 - Argument : MemIncvalue: DMA_MINC_ENABLE
2023-08-22 21:49:57,603 [INFO] Argument:319 - Argument : PeriphDataAlignmentvalue: DMA_PDATAALIGN_BYTE
2023-08-22 21:49:57,603 [INFO] Argument:329 - Argument : PeriphDataAlignmentvalue: DMA_PDATAALIGN_BYTE
2023-08-22 21:49:57,603 [INFO] Argument:319 - Argument : MemDataAlignmentvalue: DMA_MDATAALIGN_BYTE
2023-08-22 21:49:57,603 [INFO] Argument:329 - Argument : MemDataAlignmentvalue: DMA_MDATAALIGN_BYTE
2023-08-22 21:49:57,603 [INFO] Argument:319 - Argument : Modevalue: DMA_CIRCULAR
2023-08-22 21:49:57,603 [INFO] Argument:329 - Argument : Modevalue: DMA_CIRCULAR
2023-08-22 21:49:57,603 [INFO] Argument:319 - Argument : Priorityvalue: DMA_PRIORITY_VERY_HIGH
2023-08-22 21:49:57,603 [INFO] Argument:329 - Argument : Priorityvalue: DMA_PRIORITY_VERY_HIGH
2023-08-22 21:49:57,603 [INFO] Argument:319 - Argument : FIFOModevalue: DMA_FIFOMODE_ENABLE
2023-08-22 21:49:57,603 [INFO] Argument:329 - Argument : FIFOModevalue: DMA_FIFOMODE_ENABLE
2023-08-22 21:49:57,603 [INFO] Argument:319 - Argument : FIFOThresholdvalue: DMA_FIFO_THRESHOLD_HALFFULL
2023-08-22 21:49:57,603 [INFO] Argument:329 - Argument : FIFOThresholdvalue: DMA_FIFO_THRESHOLD_HALFFULL
2023-08-22 21:49:57,603 [INFO] Argument:319 - Argument : MemBurstvalue: DMA_MBURST_SINGLE
2023-08-22 21:49:57,603 [INFO] Argument:329 - Argument : MemBurstvalue: DMA_MBURST_SINGLE
2023-08-22 21:49:57,603 [INFO] Argument:319 - Argument : PeriphBurstvalue: DMA_PBURST_SINGLE
2023-08-22 21:49:57,603 [INFO] Argument:329 - Argument : PeriphBurstvalue: DMA_PBURST_SINGLE
2023-08-22 21:49:57,603 [INFO] Argument:319 - Argument : Lockvalue: null
2023-08-22 21:49:57,603 [INFO] Argument:329 - Argument : Lockvalue: null
2023-08-22 21:49:57,603 [INFO] Argument:319 - Argument : Statevalue: null
2023-08-22 21:49:57,604 [INFO] Argument:329 - Argument : Statevalue: null
2023-08-22 21:49:57,604 [INFO] Argument:319 - Argument : Parentvalue: null
2023-08-22 21:49:57,604 [INFO] Argument:329 - Argument : Parentvalue: null
2023-08-22 21:49:57,604 [INFO] Argument:319 - Argument : XferCpltCallbackvalue: null
2023-08-22 21:49:57,604 [INFO] Argument:329 - Argument : XferCpltCallbackvalue: null
2023-08-22 21:49:57,604 [INFO] Argument:319 - Argument : XferHalfCpltCallbackvalue: null
2023-08-22 21:49:57,604 [INFO] Argument:329 - Argument : XferHalfCpltCallbackvalue: null
2023-08-22 21:49:57,604 [INFO] Argument:319 - Argument : XferM1CpltCallbackvalue: null
2023-08-22 21:49:57,604 [INFO] Argument:329 - Argument : XferM1CpltCallbackvalue: null
2023-08-22 21:49:57,604 [INFO] Argument:319 - Argument : XferM1HalfCpltCallbackvalue: null
2023-08-22 21:49:57,604 [INFO] Argument:329 - Argument : XferM1HalfCpltCallbackvalue: null
2023-08-22 21:49:57,604 [INFO] Argument:319 - Argument : XferErrorCallbackvalue: null
2023-08-22 21:49:57,604 [INFO] Argument:329 - Argument : XferErrorCallbackvalue: null
2023-08-22 21:49:57,604 [INFO] Argument:319 - Argument : XferAbortCallbackvalue: null
2023-08-22 21:49:57,604 [INFO] Argument:329 - Argument : XferAbortCallbackvalue: null
2023-08-22 21:49:57,604 [INFO] Argument:319 - Argument : ErrorCodevalue: null
2023-08-22 21:49:57,604 [INFO] Argument:329 - Argument : ErrorCodevalue: null
2023-08-22 21:49:57,604 [INFO] Argument:319 - Argument : StreamBaseAddressvalue: null
2023-08-22 21:49:57,604 [INFO] Argument:329 - Argument : StreamBaseAddressvalue: null
2023-08-22 21:49:57,604 [INFO] Argument:319 - Argument : StreamIndexvalue: null
2023-08-22 21:49:57,604 [INFO] Argument:329 - Argument : StreamIndexvalue: null
2023-08-22 21:49:57,610 [INFO] Argument:319 - Argument : hdmavalue: null
2023-08-22 21:49:57,610 [INFO] Argument:321 - 	 sub Args: 
2023-08-22 21:49:57,610 [INFO] Argument:319 - Argument : Instancevalue: BDMA_Channel0
2023-08-22 21:49:57,610 [INFO] Argument:329 - Argument : Instancevalue: BDMA_Channel0
2023-08-22 21:49:57,610 [INFO] Argument:319 - Argument : Initvalue: null
2023-08-22 21:49:57,610 [INFO] Argument:321 - 	 sub Args: 
2023-08-22 21:49:57,610 [INFO] Argument:319 - Argument : Requestvalue: BDMA_REQUEST_SPI6_RX
2023-08-22 21:49:57,610 [INFO] Argument:329 - Argument : Requestvalue: BDMA_REQUEST_SPI6_RX
2023-08-22 21:49:57,610 [INFO] Argument:319 - Argument : Directionvalue: DMA_PERIPH_TO_MEMORY
2023-08-22 21:49:57,610 [INFO] Argument:329 - Argument : Directionvalue: DMA_PERIPH_TO_MEMORY
2023-08-22 21:49:57,610 [INFO] Argument:319 - Argument : PeriphIncvalue: DMA_PINC_DISABLE
2023-08-22 21:49:57,610 [INFO] Argument:329 - Argument : PeriphIncvalue: DMA_PINC_DISABLE
2023-08-22 21:49:57,610 [INFO] Argument:319 - Argument : MemIncvalue: DMA_MINC_ENABLE
2023-08-22 21:49:57,610 [INFO] Argument:329 - Argument : MemIncvalue: DMA_MINC_ENABLE
2023-08-22 21:49:57,610 [INFO] Argument:319 - Argument : PeriphDataAlignmentvalue: DMA_PDATAALIGN_BYTE
2023-08-22 21:49:57,610 [INFO] Argument:329 - Argument : PeriphDataAlignmentvalue: DMA_PDATAALIGN_BYTE
2023-08-22 21:49:57,610 [INFO] Argument:319 - Argument : MemDataAlignmentvalue: DMA_MDATAALIGN_BYTE
2023-08-22 21:49:57,610 [INFO] Argument:329 - Argument : MemDataAlignmentvalue: DMA_MDATAALIGN_BYTE
2023-08-22 21:49:57,610 [INFO] Argument:319 - Argument : Modevalue: DMA_CIRCULAR
2023-08-22 21:49:57,610 [INFO] Argument:329 - Argument : Modevalue: DMA_CIRCULAR
2023-08-22 21:49:57,610 [INFO] Argument:319 - Argument : Priorityvalue: DMA_PRIORITY_VERY_HIGH
2023-08-22 21:49:57,610 [INFO] Argument:329 - Argument : Priorityvalue: DMA_PRIORITY_VERY_HIGH
2023-08-22 21:49:57,610 [INFO] Argument:319 - Argument : Lockvalue: null
2023-08-22 21:49:57,610 [INFO] Argument:329 - Argument : Lockvalue: null
2023-08-22 21:49:57,610 [INFO] Argument:319 - Argument : Statevalue: null
2023-08-22 21:49:57,610 [INFO] Argument:329 - Argument : Statevalue: null
2023-08-22 21:49:57,610 [INFO] Argument:319 - Argument : Parentvalue: null
2023-08-22 21:49:57,610 [INFO] Argument:329 - Argument : Parentvalue: null
2023-08-22 21:49:57,610 [INFO] Argument:319 - Argument : XferCpltCallbackvalue: null
2023-08-22 21:49:57,610 [INFO] Argument:329 - Argument : XferCpltCallbackvalue: null
2023-08-22 21:49:57,610 [INFO] Argument:319 - Argument : XferHalfCpltCallbackvalue: null
2023-08-22 21:49:57,610 [INFO] Argument:329 - Argument : XferHalfCpltCallbackvalue: null
2023-08-22 21:49:57,610 [INFO] Argument:319 - Argument : XferM1CpltCallbackvalue: null
2023-08-22 21:49:57,610 [INFO] Argument:329 - Argument : XferM1CpltCallbackvalue: null
2023-08-22 21:49:57,610 [INFO] Argument:319 - Argument : XferM1HalfCpltCallbackvalue: null
2023-08-22 21:49:57,611 [INFO] Argument:329 - Argument : XferM1HalfCpltCallbackvalue: null
2023-08-22 21:49:57,611 [INFO] Argument:319 - Argument : XferErrorCallbackvalue: null
2023-08-22 21:49:57,611 [INFO] Argument:329 - Argument : XferErrorCallbackvalue: null
2023-08-22 21:49:57,611 [INFO] Argument:319 - Argument : XferAbortCallbackvalue: null
2023-08-22 21:49:57,611 [INFO] Argument:329 - Argument : XferAbortCallbackvalue: null
2023-08-22 21:49:57,611 [INFO] Argument:319 - Argument : ErrorCodevalue: null
2023-08-22 21:49:57,611 [INFO] Argument:329 - Argument : ErrorCodevalue: null
2023-08-22 21:49:57,611 [INFO] Argument:319 - Argument : StreamBaseAddressvalue: null
2023-08-22 21:49:57,611 [INFO] Argument:329 - Argument : StreamBaseAddressvalue: null
2023-08-22 21:49:57,611 [INFO] Argument:319 - Argument : StreamIndexvalue: null
2023-08-22 21:49:57,611 [INFO] Argument:329 - Argument : StreamIndexvalue: null
2023-08-22 21:49:57,774 [INFO] CodeEngine:255 - oldGeneratedFile, /Users/jeffsnyder/dev/Electrosteel_embedded/Electrosteel_Daisy_Audio/MXTmpFiles/license.tmp_save
2023-08-22 21:49:57,869 [INFO] CodeEngine:279 - Generated code: /Users/jeffsnyder/dev/Electrosteel_embedded/Electrosteel_Daisy_Audio/MXTmpFiles/license.tmp
2023-08-22 21:49:58,176 [INFO] CodeEngine:255 - oldGeneratedFile, /Users/jeffsnyder/dev/Electrosteel_embedded/Electrosteel_Daisy_Audio/Core/Src/gpio.c_save
2023-08-22 21:49:58,265 [INFO] CodeEngine:279 - Generated code: /Users/jeffsnyder/dev/Electrosteel_embedded/Electrosteel_Daisy_Audio/Core/Src/gpio.c
2023-08-22 21:49:58,275 [INFO] CodeEngine:255 - oldGeneratedFile, /Users/jeffsnyder/dev/Electrosteel_embedded/Electrosteel_Daisy_Audio/Core/Inc/gpio.h_save
2023-08-22 21:49:58,345 [INFO] CodeEngine:279 - Generated code: /Users/jeffsnyder/dev/Electrosteel_embedded/Electrosteel_Daisy_Audio/Core/Inc/gpio.h
2023-08-22 21:49:59,046 [WARN] IPConfigManager:99 - WARNING: Missing Config File for DEBUG ip!!
2023-08-22 21:50:03,228 [INFO] CodeEngine:255 - oldGeneratedFile, /Users/jeffsnyder/dev/Electrosteel_embedded/Electrosteel_Daisy_Audio/MXTmpFiles/fatfs_HalInit.tmp_save
2023-08-22 21:50:03,306 [INFO] CodeEngine:279 - Generated code: /Users/jeffsnyder/dev/Electrosteel_embedded/Electrosteel_Daisy_Audio/MXTmpFiles/fatfs_HalInit.tmp
2023-08-22 21:50:03,309 [INFO] CodeEngine:255 - oldGeneratedFile, /Users/jeffsnyder/dev/Electrosteel_embedded/Electrosteel_Daisy_Audio/MXTmpFiles/fatfs_vars.tmp_save
2023-08-22 21:50:03,381 [INFO] CodeEngine:279 - Generated code: /Users/jeffsnyder/dev/Electrosteel_embedded/Electrosteel_Daisy_Audio/MXTmpFiles/fatfs_vars.tmp
2023-08-22 21:50:03,383 [INFO] CodeEngine:255 - oldGeneratedFile, /Users/jeffsnyder/dev/Electrosteel_embedded/Electrosteel_Daisy_Audio/MXTmpFiles/fatfs_ext_vars.tmp_save
2023-08-22 21:50:03,439 [INFO] CodeEngine:279 - Generated code: /Users/jeffsnyder/dev/Electrosteel_embedded/Electrosteel_Daisy_Audio/MXTmpFiles/fatfs_ext_vars.tmp
2023-08-22 21:50:03,442 [INFO] CodeEngine:255 - oldGeneratedFile, /Users/jeffsnyder/dev/Electrosteel_embedded/Electrosteel_Daisy_Audio/MXTmpFiles/fatfs_inc.tmp_save
2023-08-22 21:50:03,497 [INFO] CodeEngine:279 - Generated code: /Users/jeffsnyder/dev/Electrosteel_embedded/Electrosteel_Daisy_Audio/MXTmpFiles/fatfs_inc.tmp
2023-08-22 21:50:03,622 [INFO] CodeEngine:255 - oldGeneratedFile, /Users/jeffsnyder/dev/Electrosteel_embedded/Electrosteel_Daisy_Audio/Core/Src/bdma.c_save
2023-08-22 21:50:03,675 [INFO] CodeEngine:279 - Generated code: /Users/jeffsnyder/dev/Electrosteel_embedded/Electrosteel_Daisy_Audio/Core/Src/bdma.c
2023-08-22 21:50:03,677 [INFO] CodeEngine:255 - oldGeneratedFile, /Users/jeffsnyder/dev/Electrosteel_embedded/Electrosteel_Daisy_Audio/Core/Inc/bdma.h_save
2023-08-22 21:50:03,727 [INFO] CodeEngine:279 - Generated code: /Users/jeffsnyder/dev/Electrosteel_embedded/Electrosteel_Daisy_Audio/Core/Inc/bdma.h
2023-08-22 21:50:03,731 [INFO] CodeEngine:255 - oldGeneratedFile, /Users/jeffsnyder/dev/Electrosteel_embedded/Electrosteel_Daisy_Audio/MXTmpFiles/cortex.tmp_save
2023-08-22 21:50:03,792 [INFO] CodeEngine:279 - Generated code: /Users/jeffsnyder/dev/Electrosteel_embedded/Electrosteel_Daisy_Audio/MXTmpFiles/cortex.tmp
2023-08-22 21:50:04,085 [INFO] CodeEngine:255 - oldGeneratedFile, /Users/jeffsnyder/dev/Electrosteel_embedded/Electrosteel_Daisy_Audio/Core/Src/dma.c_save
2023-08-22 21:50:04,143 [INFO] CodeEngine:279 - Generated code: /Users/jeffsnyder/dev/Electrosteel_embedded/Electrosteel_Daisy_Audio/Core/Src/dma.c
2023-08-22 21:50:04,145 [INFO] CodeEngine:255 - oldGeneratedFile, /Users/jeffsnyder/dev/Electrosteel_embedded/Electrosteel_Daisy_Audio/Core/Inc/dma.h_save
2023-08-22 21:50:04,198 [INFO] CodeEngine:279 - Generated code: /Users/jeffsnyder/dev/Electrosteel_embedded/Electrosteel_Daisy_Audio/Core/Inc/dma.h
2023-08-22 21:50:04,204 [INFO] CodeEngine:255 - oldGeneratedFile, /Users/jeffsnyder/dev/Electrosteel_embedded/Electrosteel_Daisy_Audio/MXTmpFiles/fatfs_HalInit.tmp_save
2023-08-22 21:50:04,254 [INFO] CodeEngine:279 - Generated code: /Users/jeffsnyder/dev/Electrosteel_embedded/Electrosteel_Daisy_Audio/MXTmpFiles/fatfs_HalInit.tmp
2023-08-22 21:50:04,256 [INFO] CodeEngine:255 - oldGeneratedFile, /Users/jeffsnyder/dev/Electrosteel_embedded/Electrosteel_Daisy_Audio/MXTmpFiles/fatfs_vars.tmp_save
2023-08-22 21:50:04,301 [INFO] CodeEngine:279 - Generated code: /Users/jeffsnyder/dev/Electrosteel_embedded/Electrosteel_Daisy_Audio/MXTmpFiles/fatfs_vars.tmp
2023-08-22 21:50:04,303 [INFO] CodeEngine:255 - oldGeneratedFile, /Users/jeffsnyder/dev/Electrosteel_embedded/Electrosteel_Daisy_Audio/MXTmpFiles/fatfs_ext_vars.tmp_save
2023-08-22 21:50:04,352 [INFO] CodeEngine:279 - Generated code: /Users/jeffsnyder/dev/Electrosteel_embedded/Electrosteel_Daisy_Audio/MXTmpFiles/fatfs_ext_vars.tmp
2023-08-22 21:50:04,354 [INFO] CodeEngine:255 - oldGeneratedFile, /Users/jeffsnyder/dev/Electrosteel_embedded/Electrosteel_Daisy_Audio/MXTmpFiles/fatfs_inc.tmp_save
2023-08-22 21:50:04,401 [INFO] CodeEngine:279 - Generated code: /Users/jeffsnyder/dev/Electrosteel_embedded/Electrosteel_Daisy_Audio/MXTmpFiles/fatfs_inc.tmp
2023-08-22 21:50:04,403 [INFO] CodeEngine:255 - oldGeneratedFile, /Users/jeffsnyder/dev/Electrosteel_embedded/Electrosteel_Daisy_Audio/FATFS/Target/ffconf.h_save
2023-08-22 21:50:04,464 [INFO] CodeEngine:279 - Generated code: /Users/jeffsnyder/dev/Electrosteel_embedded/Electrosteel_Daisy_Audio/FATFS/Target/ffconf.h
2023-08-22 21:50:04,467 [INFO] CodeEngine:255 - oldGeneratedFile, /Users/jeffsnyder/dev/Electrosteel_embedded/Electrosteel_Daisy_Audio/FATFS/Target/bsp_driver_sd.c_save
2023-08-22 21:50:04,527 [INFO] CodeEngine:279 - Generated code: /Users/jeffsnyder/dev/Electrosteel_embedded/Electrosteel_Daisy_Audio/FATFS/Target/bsp_driver_sd.c
2023-08-22 21:50:04,530 [INFO] CodeEngine:255 - oldGeneratedFile, /Users/jeffsnyder/dev/Electrosteel_embedded/Electrosteel_Daisy_Audio/FATFS/Target/bsp_driver_sd.h_save
2023-08-22 21:50:04,583 [INFO] CodeEngine:279 - Generated code: /Users/jeffsnyder/dev/Electrosteel_embedded/Electrosteel_Daisy_Audio/FATFS/Target/bsp_driver_sd.h
2023-08-22 21:50:04,585 [INFO] CodeEngine:255 - oldGeneratedFile, /Users/jeffsnyder/dev/Electrosteel_embedded/Electrosteel_Daisy_Audio/FATFS/Target/sd_diskio.h_save
2023-08-22 21:50:04,639 [INFO] CodeEngine:279 - Generated code: /Users/jeffsnyder/dev/Electrosteel_embedded/Electrosteel_Daisy_Audio/FATFS/Target/sd_diskio.h
2023-08-22 21:50:04,642 [INFO] CodeEngine:255 - oldGeneratedFile, /Users/jeffsnyder/dev/Electrosteel_embedded/Electrosteel_Daisy_Audio/FATFS/Target/sd_diskio.c_save
2023-08-22 21:50:04,706 [INFO] CodeEngine:279 - Generated code: /Users/jeffsnyder/dev/Electrosteel_embedded/Electrosteel_Daisy_Audio/FATFS/Target/sd_diskio.c
2023-08-22 21:50:04,712 [INFO] CodeEngine:255 - oldGeneratedFile, /Users/jeffsnyder/dev/Electrosteel_embedded/Electrosteel_Daisy_Audio/FATFS/App/fatfs.c_save
2023-08-22 21:50:04,773 [INFO] CodeEngine:279 - Generated code: /Users/jeffsnyder/dev/Electrosteel_embedded/Electrosteel_Daisy_Audio/FATFS/App/fatfs.c
2023-08-22 21:50:04,776 [INFO] CodeEngine:255 - oldGeneratedFile, /Users/jeffsnyder/dev/Electrosteel_embedded/Electrosteel_Daisy_Audio/FATFS/App/fatfs.h_save
2023-08-22 21:50:04,829 [INFO] CodeEngine:279 - Generated code: /Users/jeffsnyder/dev/Electrosteel_embedded/Electrosteel_Daisy_Audio/FATFS/App/fatfs.h
2023-08-22 21:50:04,832 [INFO] CodeEngine:255 - oldGeneratedFile, /Users/jeffsnyder/dev/Electrosteel_embedded/Electrosteel_Daisy_Audio/FATFS/Target/fatfs_platform.c_save
2023-08-22 21:50:04,885 [INFO] CodeEngine:279 - Generated code: /Users/jeffsnyder/dev/Electrosteel_embedded/Electrosteel_Daisy_Audio/FATFS/Target/fatfs_platform.c
2023-08-22 21:50:04,887 [INFO] CodeEngine:255 - oldGeneratedFile, /Users/jeffsnyder/dev/Electrosteel_embedded/Electrosteel_Daisy_Audio/FATFS/Target/fatfs_platform.h_save
2023-08-22 21:50:04,936 [INFO] CodeEngine:279 - Generated code: /Users/jeffsnyder/dev/Electrosteel_embedded/Electrosteel_Daisy_Audio/FATFS/Target/fatfs_platform.h
2023-08-22 21:50:04,940 [INFO] CodeEngine:255 - oldGeneratedFile, /Users/jeffsnyder/dev/Electrosteel_embedded/Electrosteel_Daisy_Audio/Core/Src/fmc.c_save
2023-08-22 21:50:05,007 [INFO] CodeEngine:279 - Generated code: /Users/jeffsnyder/dev/Electrosteel_embedded/Electrosteel_Daisy_Audio/Core/Src/fmc.c
2023-08-22 21:50:05,010 [INFO] CodeEngine:255 - oldGeneratedFile, /Users/jeffsnyder/dev/Electrosteel_embedded/Electrosteel_Daisy_Audio/Core/Inc/fmc.h_save
2023-08-22 21:50:05,067 [INFO] CodeEngine:279 - Generated code: /Users/jeffsnyder/dev/Electrosteel_embedded/Electrosteel_Daisy_Audio/Core/Inc/fmc.h
2023-08-22 21:50:05,073 [INFO] CodeEngine:255 - oldGeneratedFile, /Users/jeffsnyder/dev/Electrosteel_embedded/Electrosteel_Daisy_Audio/Core/Src/i2c.c_save
2023-08-22 21:50:05,153 [INFO] CodeEngine:279 - Generated code: /Users/jeffsnyder/dev/Electrosteel_embedded/Electrosteel_Daisy_Audio/Core/Src/i2c.c
2023-08-22 21:50:05,156 [INFO] CodeEngine:255 - oldGeneratedFile, /Users/jeffsnyder/dev/Electrosteel_embedded/Electrosteel_Daisy_Audio/Core/Inc/i2c.h_save
2023-08-22 21:50:05,208 [INFO] CodeEngine:279 - Generated code: /Users/jeffsnyder/dev/Electrosteel_embedded/Electrosteel_Daisy_Audio/Core/Inc/i2c.h
2023-08-22 21:50:05,212 [INFO] CodeEngine:255 - oldGeneratedFile, /Users/jeffsnyder/dev/Electrosteel_embedded/Electrosteel_Daisy_Audio/Core/Src/rng.c_save
2023-08-22 21:50:05,286 [INFO] CodeEngine:279 - Generated code: /Users/jeffsnyder/dev/Electrosteel_embedded/Electrosteel_Daisy_Audio/Core/Src/rng.c
2023-08-22 21:50:05,288 [INFO] CodeEngine:255 - oldGeneratedFile, /Users/jeffsnyder/dev/Electrosteel_embedded/Electrosteel_Daisy_Audio/Core/Inc/rng.h_save
2023-08-22 21:50:05,342 [INFO] CodeEngine:279 - Generated code: /Users/jeffsnyder/dev/Electrosteel_embedded/Electrosteel_Daisy_Audio/Core/Inc/rng.h
2023-08-22 21:50:05,347 [INFO] CodeEngine:255 - oldGeneratedFile, /Users/jeffsnyder/dev/Electrosteel_embedded/Electrosteel_Daisy_Audio/Core/Src/sai.c_save
2023-08-22 21:50:05,415 [INFO] CodeEngine:279 - Generated code: /Users/jeffsnyder/dev/Electrosteel_embedded/Electrosteel_Daisy_Audio/Core/Src/sai.c
2023-08-22 21:50:05,418 [INFO] CodeEngine:255 - oldGeneratedFile, /Users/jeffsnyder/dev/Electrosteel_embedded/Electrosteel_Daisy_Audio/Core/Inc/sai.h_save
2023-08-22 21:50:05,470 [INFO] CodeEngine:279 - Generated code: /Users/jeffsnyder/dev/Electrosteel_embedded/Electrosteel_Daisy_Audio/Core/Inc/sai.h
2023-08-22 21:50:05,475 [INFO] CodeEngine:255 - oldGeneratedFile, /Users/jeffsnyder/dev/Electrosteel_embedded/Electrosteel_Daisy_Audio/Core/Src/sdmmc.c_save
2023-08-22 21:50:05,544 [INFO] CodeEngine:279 - Generated code: /Users/jeffsnyder/dev/Electrosteel_embedded/Electrosteel_Daisy_Audio/Core/Src/sdmmc.c
2023-08-22 21:50:05,546 [INFO] CodeEngine:255 - oldGeneratedFile, /Users/jeffsnyder/dev/Electrosteel_embedded/Electrosteel_Daisy_Audio/Core/Inc/sdmmc.h_save
2023-08-22 21:50:05,594 [INFO] CodeEngine:279 - Generated code: /Users/jeffsnyder/dev/Electrosteel_embedded/Electrosteel_Daisy_Audio/Core/Inc/sdmmc.h
2023-08-22 21:50:05,598 [INFO] CodeEngine:255 - oldGeneratedFile, /Users/jeffsnyder/dev/Electrosteel_embedded/Electrosteel_Daisy_Audio/Core/Src/spi.c_save
2023-08-22 21:50:05,678 [INFO] CodeEngine:279 - Generated code: /Users/jeffsnyder/dev/Electrosteel_embedded/Electrosteel_Daisy_Audio/Core/Src/spi.c
2023-08-22 21:50:05,680 [INFO] CodeEngine:255 - oldGeneratedFile, /Users/jeffsnyder/dev/Electrosteel_embedded/Electrosteel_Daisy_Audio/Core/Inc/spi.h_save
2023-08-22 21:50:05,731 [INFO] CodeEngine:279 - Generated code: /Users/jeffsnyder/dev/Electrosteel_embedded/Electrosteel_Daisy_Audio/Core/Inc/spi.h
2023-08-22 21:50:05,753 [INFO] CodeEngine:255 - oldGeneratedFile, /Users/jeffsnyder/dev/Electrosteel_embedded/Electrosteel_Daisy_Audio/Core/Src/stm32h7xx_it.c_save
2023-08-22 21:50:05,904 [INFO] CodeEngine:279 - Generated code: /Users/jeffsnyder/dev/Electrosteel_embedded/Electrosteel_Daisy_Audio/Core/Src/stm32h7xx_it.c
2023-08-22 21:50:05,906 [INFO] CodeEngine:255 - oldGeneratedFile, /Users/jeffsnyder/dev/Electrosteel_embedded/Electrosteel_Daisy_Audio/Core/Inc/stm32h7xx_it.h_save
2023-08-22 21:50:05,957 [INFO] CodeEngine:279 - Generated code: /Users/jeffsnyder/dev/Electrosteel_embedded/Electrosteel_Daisy_Audio/Core/Inc/stm32h7xx_it.h
2023-08-22 21:50:06,451 [INFO] CodeEngine:255 - oldGeneratedFile, /Users/jeffsnyder/dev/Electrosteel_embedded/Electrosteel_Daisy_Audio/Core/Src/stm32h7xx_hal_msp.c_save
2023-08-22 21:50:06,534 [INFO] CodeEngine:279 - Generated code: /Users/jeffsnyder/dev/Electrosteel_embedded/Electrosteel_Daisy_Audio/Core/Src/stm32h7xx_hal_msp.c
2023-08-22 21:50:06,536 [INFO] CodeEngine:255 - oldGeneratedFile, /Users/jeffsnyder/dev/Electrosteel_embedded/Electrosteel_Daisy_Audio/MXTmpFiles/system.tmp_save
2023-08-22 21:50:06,606 [INFO] CodeEngine:279 - Generated code: /Users/jeffsnyder/dev/Electrosteel_embedded/Electrosteel_Daisy_Audio/MXTmpFiles/system.tmp
2023-08-22 21:50:06,610 [INFO] CodeEngine:311 - oldGeneratedFile, /Users/jeffsnyder/dev/Electrosteel_embedded/Electrosteel_Daisy_Audio/Core/Inc/stm32h7xx_hal_conf.h_save
2023-08-22 21:50:06,668 [INFO] CodeEngine:335 - Generated code: /Users/jeffsnyder/dev/Electrosteel_embedded/Electrosteel_Daisy_Audio/Core/Inc/stm32h7xx_hal_conf.h
2023-08-22 21:50:06,711 [INFO] CodeEngine:255 - oldGeneratedFile, /Users/jeffsnyder/dev/Electrosteel_embedded/Electrosteel_Daisy_Audio/Core/Inc/main.h_save
2023-08-22 21:50:06,782 [INFO] CodeEngine:279 - Generated code: /Users/jeffsnyder/dev/Electrosteel_embedded/Electrosteel_Daisy_Audio/Core/Inc/main.h
2023-08-22 21:50:06,784 [INFO] CodeEngine:255 - oldGeneratedFile, /Users/jeffsnyder/dev/Electrosteel_embedded/Electrosteel_Daisy_Audio/Core/Src/main.c_save
2023-08-22 21:50:06,882 [INFO] CodeEngine:279 - Generated code: /Users/jeffsnyder/dev/Electrosteel_embedded/Electrosteel_Daisy_Audio/Core/Src/main.c
2023-08-22 21:50:07,361 [INFO] ProjectBuilder:3064 - Time for Copy HAL[1] : 170mS.
2023-08-22 21:50:07,367 [INFO] ProjectBuilder:4404 - Project Generator version: 4.1.0
2023-08-22 21:50:07,589 [INFO] ConfigFileManager:1457 - The Die is : DIE450
2023-08-22 21:50:09,253 [INFO] ProjectBuilder:4626 - Time for Generating toolchain IDE Files: 1885mS.
2023-08-22 21:50:09,253 [INFO] ProjectBuilder:2935 - Time for Copy CMSIS : 0mS.
2023-08-22 21:50:09,257 [INFO] ProjectBuilder:2935 - Time for Copy CMSIS : 1mS.
