2023-09-09 16:17:21,451 [INFO] Activator:176 - 


2023-09-09 16:17:21,457 [INFO] Activator:177 - !SESSION log4j initialized
2023-09-09 16:17:28,591 [ERROR] LogOutputStream:75 - [STDERR_REDIRECT] 
2023-09-09 16:17:30,932 [INFO] LogOutputStream:77 - [STDOUT_REDIRECT] 
2023-09-09 16:17:33,252 [INFO] LogOutputStream:77 - [STDOUT_REDIRECT] 
2023-09-09 16:17:35,318 [INFO] ApplicationProperties:184 - Using Application install path: /Applications/STM32CubeIDE.app/Contents/Eclipse/plugins/com.st.stm32cube.common.mx_6.9.1.202307191849
2023-09-09 16:17:35,374 [INFO] DbMcusXml:78 - Set database path to: /Applications/STM32CubeIDE.app/Contents/Eclipse/plugins/com.st.stm32cube.common.mx_6.9.1.202307191849//db//mcu/
2023-09-09 16:17:35,375 [INFO] ApiDb:274 - Set plugin database path to: /Applications/STM32CubeIDE.app/Contents/Eclipse/plugins/com.st.stm32cube.common.mx_6.9.1.202307191849//db//plugins/boardmanager/
2023-09-09 16:17:35,375 [WARN] ApiDb:259 - Overriding images path with different value:  => /Applications/STM32CubeIDE.app/Contents/Eclipse/plugins/com.st.stm32cube.common.mx_6.9.1.202307191849//db//plugins/mcufinder/images/
2023-09-09 16:17:35,394 [INFO] ApiDb:250 - Set database path to: /Users/jeffsnyder/.stmcufinder/plugins/mcufinder//mcu/
2023-09-09 16:17:35,397 [INFO] DbMcusAds:125 - Set database path to: /Users/jeffsnyder/.stmcufinder/plugins/mcufinder//mcu/
2023-09-09 16:17:35,402 [INFO] CrossReferenceDbSqlite:203 - Set database path to: /Users/jeffsnyder/.stmcufinder/plugins/mcufinder//mcu/cs/
2023-09-09 16:17:35,699 [INFO] RulesReader:64 - Compatibility file has been processed (293 Rules)
2023-09-09 16:17:35,881 [INFO] DbMcusXml:78 - Set database path to: /Applications/STM32CubeIDE.app/Contents/Eclipse/plugins/com.st.stm32cube.common.mx_6.9.1.202307191849//db//mcu/
2023-09-09 16:17:35,882 [INFO] ApiDb:274 - Set plugin database path to: /Applications/STM32CubeIDE.app/Contents/Eclipse/plugins/com.st.stm32cube.common.mx_6.9.1.202307191849//db//plugins/boardmanager/
2023-09-09 16:17:35,882 [INFO] ApiDb:261 - Set plugin images path to: /Applications/STM32CubeIDE.app/Contents/Eclipse/plugins/com.st.stm32cube.common.mx_6.9.1.202307191849//db//plugins/mcufinder/images/
2023-09-09 16:17:35,884 [WARN] DbFile:41 - Overriding database path with different value: /Users/jeffsnyder/.stmcufinder/plugins/mcufinder/ => /Users/jeffsnyder/.stmcufinder/plugins/mcufinder
2023-09-09 16:17:35,885 [INFO] ApiDb:250 - Set database path to: /Users/jeffsnyder/.stmcufinder/plugins/mcufinder//mcu/
2023-09-09 16:17:35,885 [WARN] DbFile:41 - Overriding database path with different value: /Users/jeffsnyder/.stmcufinder/plugins/mcufinder/ => /Users/jeffsnyder/.stmcufinder/plugins/mcufinder
2023-09-09 16:17:35,886 [INFO] DbMcusAds:125 - Set database path to: /Users/jeffsnyder/.stmcufinder/plugins/mcufinder//mcu/
2023-09-09 16:17:35,886 [WARN] DbFile:41 - Overriding database path with different value: /Users/jeffsnyder/.stmcufinder/plugins/mcufinder/ => /Users/jeffsnyder/.stmcufinder/plugins/mcufinder
2023-09-09 16:17:35,886 [WARN] DbFile:41 - Overriding database path with different value: /Users/jeffsnyder/.stmcufinder/plugins/mcufinder/ => /Users/jeffsnyder/.stmcufinder/plugins/mcufinder
2023-09-09 16:17:35,887 [INFO] CrossReferenceDbSqlite:203 - Set database path to: /Users/jeffsnyder/.stmcufinder/plugins/mcufinder//mcu/cs/
2023-09-09 16:17:36,068 [INFO] MainPanel:262 - HeapMemory: 268435456
2023-09-09 16:17:36,305 [INFO] DbMcusXml:78 - Set database path to: /Applications/STM32CubeIDE.app/Contents/Eclipse/plugins/com.st.stm32cube.common.mx_6.9.1.202307191849//db//mcu/
2023-09-09 16:17:36,305 [INFO] ApiDb:274 - Set plugin database path to: /Applications/STM32CubeIDE.app/Contents/Eclipse/plugins/com.st.stm32cube.common.mx_6.9.1.202307191849//db//plugins/boardmanager/
2023-09-09 16:17:36,305 [INFO] ApiDb:261 - Set plugin images path to: /Applications/STM32CubeIDE.app/Contents/Eclipse/plugins/com.st.stm32cube.common.mx_6.9.1.202307191849//db//plugins/mcufinder/images/
2023-09-09 16:17:36,306 [WARN] DbFile:41 - Overriding database path with different value: /Users/jeffsnyder/.stmcufinder/plugins/mcufinder/ => /Users/jeffsnyder/.stmcufinder/plugins/mcufinder
2023-09-09 16:17:36,307 [INFO] ApiDb:250 - Set database path to: /Users/jeffsnyder/.stmcufinder/plugins/mcufinder//mcu/
2023-09-09 16:17:36,307 [WARN] DbFile:41 - Overriding database path with different value: /Users/jeffsnyder/.stmcufinder/plugins/mcufinder/ => /Users/jeffsnyder/.stmcufinder/plugins/mcufinder
2023-09-09 16:17:36,307 [INFO] DbMcusAds:125 - Set database path to: /Users/jeffsnyder/.stmcufinder/plugins/mcufinder//mcu/
2023-09-09 16:17:36,307 [WARN] DbFile:41 - Overriding database path with different value: /Users/jeffsnyder/.stmcufinder/plugins/mcufinder/ => /Users/jeffsnyder/.stmcufinder/plugins/mcufinder
2023-09-09 16:17:36,308 [WARN] DbFile:41 - Overriding database path with different value: /Users/jeffsnyder/.stmcufinder/plugins/mcufinder/ => /Users/jeffsnyder/.stmcufinder/plugins/mcufinder
2023-09-09 16:17:36,308 [INFO] CrossReferenceDbSqlite:203 - Set database path to: /Users/jeffsnyder/.stmcufinder/plugins/mcufinder//mcu/cs/
2023-09-09 16:17:36,345 [INFO] ApplicationProperties:184 - Using Application install path: /Applications/STM32CubeIDE.app/Contents/Eclipse/plugins/com.st.stm32cube.common.mx_6.9.1.202307191849
2023-09-09 16:17:36,348 [INFO] PluginManage:196 - Search for loadable plugins [exclusion list=, ]
2023-09-09 16:17:36,352 [INFO] PluginManage:310 - Check plugin analytics
2023-09-09 16:17:36,989 [INFO] AnalyticsPlugin:253 - Accepted Software Licenses: STM32CubeMX.6.8.1
2023-09-09 16:17:36,990 [INFO] AnalyticsPlugin:255 - Accepted CMSIS Pack Licenses: 
2023-09-09 16:17:36,992 [INFO] AnalyticsPlugin:257 - Accepted Firmware Licenses: FW.H7.1.11.0
2023-09-09 16:17:36,999 [INFO] PluginManage:359 - Loaded plugin analytics (category:tool,tabindex:-1)
2023-09-09 16:17:36,999 [INFO] PluginManage:310 - Check plugin cadmodel
2023-09-09 16:17:38,795 [INFO] CADModel:105 - Init CAD model plugin
2023-09-09 16:17:38,795 [INFO] PluginManage:359 - Loaded plugin cadmodel (category:power,tabindex:5)
2023-09-09 16:17:38,796 [INFO] PluginManage:310 - Check plugin clock
2023-09-09 16:17:38,814 [INFO] PluginManage:359 - Loaded plugin clock (category:base,tabindex:2)
2023-09-09 16:17:38,815 [INFO] PluginManage:310 - Check plugin ddr
2023-09-09 16:17:38,820 [INFO] PluginManage:359 - Loaded plugin ddr (category:tool,tabindex:6)
2023-09-09 16:17:38,820 [INFO] PluginManage:310 - Check plugin filemanager
2023-09-09 16:17:39,099 [INFO] PluginManage:359 - Loaded plugin filemanager (category:base,tabindex:10)
2023-09-09 16:17:39,100 [INFO] PluginManage:310 - Check plugin ipmanager
2023-09-09 16:17:39,112 [INFO] PluginManage:359 - Loaded plugin ipmanager (category:base,tabindex:5)
2023-09-09 16:17:39,112 [INFO] PluginManage:310 - Check plugin lpbam
2023-09-09 16:17:39,131 [INFO] PluginManage:359 - Loaded plugin lpbam (category:base,tabindex:0)
2023-09-09 16:17:39,131 [INFO] PluginManage:310 - Check plugin memorymap
2023-09-09 16:17:39,156 [INFO] PluginManage:359 - Loaded plugin memorymap (category:base,tabindex:4)
2023-09-09 16:17:39,156 [INFO] PluginManage:310 - Check plugin pinoutandconfiguration
2023-09-09 16:17:39,170 [INFO] PluginManage:359 - Loaded plugin pinoutandconfiguration (category:base,tabindex:1)
2023-09-09 16:17:39,170 [INFO] PluginManage:310 - Check plugin pinoutconfig
2023-09-09 16:17:39,375 [WARN] SupportedApi:132 - Cannot load RTOS API schema: s4s-elt-must-match.1: The content of 'definitions' must match (annotation?, (simpleType | complexType)?, (unique | key | keyref)*)). A problem was found starting at: attribute.
2023-09-09 16:17:39,671 [INFO] PluginManage:359 - Loaded plugin pinoutconfig (category:base,tabindex:0)
2023-09-09 16:17:39,671 [INFO] PluginManage:310 - Check plugin power
2023-09-09 16:17:39,688 [INFO] PluginManage:359 - Loaded plugin power (category:power,tabindex:4)
2023-09-09 16:17:39,688 [INFO] PluginManage:310 - Check plugin projectmanager
2023-09-09 16:17:39,719 [INFO] PluginManage:359 - Loaded plugin projectmanager (category:projectmanager,tabindex:3)
2023-09-09 16:17:39,720 [INFO] PluginManage:310 - Check plugin thirdparty
2023-09-09 16:17:39,965 [WARN] IntegrityCheckThread:84 - waiting for thirdparty lock release [integrity check]
2023-09-09 16:17:39,966 [INFO] IntegrityCheckThread:86 - entering critical section [integrity check]
2023-09-09 16:17:39,966 [INFO] PluginManage:359 - Loaded plugin thirdparty (category:base,tabindex:-1)
2023-09-09 16:17:39,966 [INFO] PluginManage:310 - Check plugin tools
2023-09-09 16:17:39,966 [INFO] ThirdPartyUpdaterWithRetryManager:70 - Updater plugin not ready yet. [1/15]
2023-09-09 16:17:39,986 [INFO] PluginManage:359 - Loaded plugin tools (category:base,tabindex:7)
2023-09-09 16:17:39,986 [INFO] PluginManage:310 - Check plugin tutovideos
2023-09-09 16:17:40,386 [INFO] PluginManage:359 - Loaded plugin tutovideos (category:base,tabindex:-1)
2023-09-09 16:17:40,386 [INFO] PluginManage:310 - Check plugin updater
2023-09-09 16:17:40,404 [INFO] PluginManage:359 - Loaded plugin updater (category:base,tabindex:12)
2023-09-09 16:17:40,404 [INFO] PluginManage:310 - Check plugin userauth
2023-09-09 16:17:40,433 [INFO] UserAuth:113 - Init User Auth plugin
2023-09-09 16:17:40,434 [INFO] PluginManage:359 - Loaded plugin userauth (category:base,tabindex:14)
2023-09-09 16:17:40,434 [INFO] PluginManage:283 - PluginManage : Loaded plugins [17]
2023-09-09 16:17:40,789 [INFO] PinOutPanel:1499 - setPackage(No Configuration,No Configuration)
2023-09-09 16:17:40,992 [INFO] CADModel:165 - CPN selected for project level
2023-09-09 16:17:40,992 [INFO] CADModel:114 - Register for checkConnection events
2023-09-09 16:17:41,012 [INFO] IPUIPlugin:80 - create IPUIPlugin
2023-09-09 16:17:41,013 [INFO] PluginManager:220 - loadIPPluginJar : add mdma
2023-09-09 16:17:41,024 [INFO] IPUIPlugin:80 - create IPUIPlugin
2023-09-09 16:17:41,024 [INFO] PluginManager:220 - loadIPPluginJar : add freertos
2023-09-09 16:17:41,033 [INFO] IPUIPlugin:80 - create IPUIPlugin
2023-09-09 16:17:41,034 [INFO] PluginManager:220 - loadIPPluginJar : add gic
2023-09-09 16:17:41,048 [INFO] IPUIPlugin:80 - create IPUIPlugin
2023-09-09 16:17:41,048 [INFO] PluginManager:220 - loadIPPluginJar : add adc
2023-09-09 16:17:41,053 [INFO] IPUIPlugin:80 - create IPUIPlugin
2023-09-09 16:17:41,053 [INFO] PluginManager:220 - loadIPPluginJar : add gtzc
2023-09-09 16:17:41,055 [INFO] IPUIPlugin:80 - create IPUIPlugin
2023-09-09 16:17:41,056 [INFO] PluginManager:220 - loadIPPluginJar : add quadspi
2023-09-09 16:17:41,059 [INFO] IPUIPlugin:80 - create IPUIPlugin
2023-09-09 16:17:41,060 [INFO] PluginManager:220 - loadIPPluginJar : add aes
2023-09-09 16:17:41,065 [INFO] IPUIPlugin:80 - create IPUIPlugin
2023-09-09 16:17:41,065 [INFO] PluginManager:220 - loadIPPluginJar : add pdm2pcm
2023-09-09 16:17:41,068 [INFO] IPUIPlugin:80 - create IPUIPlugin
2023-09-09 16:17:41,069 [INFO] PluginManager:220 - loadIPPluginJar : add hash
2023-09-09 16:17:41,072 [INFO] IPUIPlugin:80 - create IPUIPlugin
2023-09-09 16:17:41,072 [INFO] PluginManager:220 - loadIPPluginJar : add tim
2023-09-09 16:17:41,074 [INFO] IPUIPlugin:80 - create IPUIPlugin
2023-09-09 16:17:41,075 [INFO] PluginManager:220 - loadIPPluginJar : add tsc
2023-09-09 16:17:41,078 [INFO] IPUIPlugin:80 - create IPUIPlugin
2023-09-09 16:17:41,078 [INFO] PluginManager:220 - loadIPPluginJar : add ts
2023-09-09 16:17:41,082 [INFO] IPUIPlugin:80 - create IPUIPlugin
2023-09-09 16:17:41,082 [INFO] PluginManager:220 - loadIPPluginJar : add can
2023-09-09 16:17:41,086 [INFO] IPUIPlugin:80 - create IPUIPlugin
2023-09-09 16:17:41,086 [INFO] PluginManager:220 - loadIPPluginJar : add dma3
2023-09-09 16:17:41,090 [INFO] IPUIPlugin:80 - create IPUIPlugin
2023-09-09 16:17:41,090 [INFO] PluginManager:220 - loadIPPluginJar : add dfsdm
2023-09-09 16:17:41,094 [INFO] IPUIPlugin:80 - create IPUIPlugin
2023-09-09 16:17:41,094 [INFO] PluginManager:220 - loadIPPluginJar : add spi
2023-09-09 16:17:41,111 [INFO] IPUIPlugin:80 - create IPUIPlugin
2023-09-09 16:17:41,111 [INFO] PluginManager:220 - loadIPPluginJar : add gfxmmu
2023-09-09 16:17:41,114 [INFO] IPUIPlugin:80 - create IPUIPlugin
2023-09-09 16:17:41,114 [INFO] PluginManager:220 - loadIPPluginJar : add genericplugin
2023-09-09 16:17:41,118 [INFO] IPUIPlugin:80 - create IPUIPlugin
2023-09-09 16:17:41,118 [INFO] PluginManager:220 - loadIPPluginJar : add cryp
2023-09-09 16:17:41,125 [INFO] IPUIPlugin:80 - create IPUIPlugin
2023-09-09 16:17:41,125 [INFO] PluginManager:220 - loadIPPluginJar : add gpio
2023-09-09 16:17:41,129 [INFO] IPUIPlugin:80 - create IPUIPlugin
2023-09-09 16:17:41,129 [INFO] PluginManager:220 - loadIPPluginJar : add comp
2023-09-09 16:17:41,132 [INFO] IPUIPlugin:80 - create IPUIPlugin
2023-09-09 16:17:41,132 [INFO] PluginManager:220 - loadIPPluginJar : add tracer_emb
2023-09-09 16:17:41,137 [INFO] IPUIPlugin:80 - create IPUIPlugin
2023-09-09 16:17:41,138 [INFO] PluginManager:220 - loadIPPluginJar : add openamp
2023-09-09 16:17:41,145 [INFO] IPUIPlugin:80 - create IPUIPlugin
2023-09-09 16:17:41,146 [INFO] PluginManager:220 - loadIPPluginJar : add stm32_wpan
2023-09-09 16:17:41,156 [INFO] IPUIPlugin:80 - create IPUIPlugin
2023-09-09 16:17:41,161 [INFO] PluginManager:220 - loadIPPluginJar : add plateformsettings
2023-09-09 16:17:41,166 [INFO] IPUIPlugin:80 - create IPUIPlugin
2023-09-09 16:17:41,167 [INFO] PluginManager:220 - loadIPPluginJar : add ipddr
2023-09-09 16:17:41,171 [INFO] IPUIPlugin:80 - create IPUIPlugin
2023-09-09 16:17:41,171 [INFO] PluginManager:220 - loadIPPluginJar : add usart
2023-09-09 16:17:41,174 [INFO] IPUIPlugin:80 - create IPUIPlugin
2023-09-09 16:17:41,174 [INFO] PluginManager:220 - loadIPPluginJar : add ltdc
2023-09-09 16:17:41,180 [INFO] IPUIPlugin:80 - create IPUIPlugin
2023-09-09 16:17:41,181 [INFO] PluginManager:220 - loadIPPluginJar : add nvic
2023-09-09 16:17:41,183 [INFO] IPUIPlugin:80 - create IPUIPlugin
2023-09-09 16:17:41,183 [INFO] PluginManager:220 - loadIPPluginJar : add fatfs
2023-09-09 16:17:41,194 [INFO] IPUIPlugin:80 - create IPUIPlugin
2023-09-09 16:17:41,195 [INFO] PluginManager:220 - loadIPPluginJar : add linkedlist
2023-09-09 16:17:41,204 [INFO] IPUIPlugin:80 - create IPUIPlugin
2023-09-09 16:17:41,204 [INFO] PluginManager:220 - loadIPPluginJar : add dma
2023-09-09 16:17:41,210 [INFO] IPUIPlugin:80 - create IPUIPlugin
2023-09-09 16:17:41,211 [INFO] PluginManager:220 - loadIPPluginJar : add fmc
2023-09-09 16:17:41,215 [INFO] IPUIPlugin:80 - create IPUIPlugin
2023-09-09 16:17:41,215 [INFO] PluginManager:220 - loadIPPluginJar : add i2s
2023-09-09 16:17:41,218 [INFO] IPUIPlugin:80 - create IPUIPlugin
2023-09-09 16:17:41,218 [INFO] PluginManager:220 - loadIPPluginJar : add ucpd
2023-09-09 16:17:41,227 [INFO] IPUIPlugin:80 - create IPUIPlugin
2023-09-09 16:17:41,227 [INFO] PluginManager:220 - loadIPPluginJar : add lorawan
2023-09-09 16:17:41,231 [INFO] IPUIPlugin:80 - create IPUIPlugin
2023-09-09 16:17:41,231 [INFO] PluginManager:220 - loadIPPluginJar : add opamp
2023-09-09 16:17:41,238 [INFO] IPUIPlugin:80 - create IPUIPlugin
2023-09-09 16:17:41,238 [INFO] PluginManager:220 - loadIPPluginJar : add i3c
2023-09-09 16:17:41,249 [INFO] IPUIPlugin:80 - create IPUIPlugin
2023-09-09 16:17:41,249 [INFO] PluginManager:220 - loadIPPluginJar : add touchsensing
2023-09-09 16:17:41,256 [INFO] IPUIPlugin:80 - create IPUIPlugin
2023-09-09 16:17:41,257 [INFO] PluginManager:220 - loadIPPluginJar : add i2c
2023-09-09 16:17:41,264 [INFO] IPUIPlugin:80 - create IPUIPlugin
2023-09-09 16:17:41,265 [INFO] PluginManager:220 - loadIPPluginJar : add resmgrutility
2023-09-09 16:17:41,272 [INFO] IPUIPlugin:80 - create IPUIPlugin
2023-09-09 16:17:41,272 [INFO] PluginManager:220 - loadIPPluginJar : add sai
2023-09-09 16:17:41,279 [INFO] IPUIPlugin:80 - create IPUIPlugin
2023-09-09 16:17:41,279 [INFO] PluginManager:220 - loadIPPluginJar : add usbx
2023-09-09 16:17:41,435 [INFO] CADModel:165 - CPN selected for project level
2023-09-09 16:17:41,435 [INFO] CADModel:114 - Register for checkConnection events
2023-09-09 16:17:41,436 [FATAL] Updater:308 - Updater called before beeing initialized
2023-09-09 16:17:41,436 [ERROR] CADModel:125 - Updater not yet initialized, retry later 
2023-09-09 16:17:41,748 [INFO] CADModel:165 - CPN selected for project level
2023-09-09 16:17:41,748 [INFO] CADModel:114 - Register for checkConnection events
2023-09-09 16:17:41,749 [FATAL] Updater:308 - Updater called before beeing initialized
2023-09-09 16:17:41,749 [ERROR] CADModel:125 - Updater not yet initialized, retry later 
2023-09-09 16:17:41,754 [FATAL] Updater:308 - Updater called before beeing initialized
2023-09-09 16:17:41,953 [FATAL] Updater:308 - Updater called before beeing initialized
2023-09-09 16:17:41,963 [INFO] DbMcusAds:53 - JSON generation date=Thu Sep 30 02:55:09 EDT 2021 (1632984909247)
2023-09-09 16:17:41,963 [FATAL] Updater:308 - Updater called before beeing initialized
2023-09-09 16:17:42,295 [WARN] DetailPanel:346 - Failed to get advertising image, set to default
2023-09-09 16:17:42,500 [FATAL] Updater:308 - Updater called before beeing initialized
2023-09-09 16:17:42,510 [FATAL] Updater:308 - Updater called before beeing initialized
2023-09-09 16:17:42,513 [FATAL] Updater:308 - Updater called before beeing initialized
2023-09-09 16:17:42,514 [WARN] DetailPanel:346 - Failed to get advertising image, set to default
2023-09-09 16:17:42,515 [FATAL] Updater:308 - Updater called before beeing initialized
2023-09-09 16:17:42,579 [ERROR] Updater:1120 - MainUpdater not yet initialized. External WinMGr cannot be set.
2023-09-09 16:17:42,618 [INFO] Updater:1056 - Updater Version found : 6.9.1
2023-09-09 16:17:42,648 [INFO] ApplicationProperties:184 - Using Application install path: /Applications/STM32CubeIDE.app/Contents/Eclipse/plugins/com.st.stm32cube.common.mx_6.9.1.202307191849
2023-09-09 16:17:42,921 [INFO] MainUpdater:2868 - connection check result : 10
2023-09-09 16:17:42,921 [INFO] MainUpdater:3562 - Updater definition file requires update
2023-09-09 16:17:42,922 [INFO] MainUpdater:285 - Updater Check For Update Now.
2023-09-09 16:17:42,922 [INFO] MicroXplorer:498 - Change Database Version : DB.6.0.91
2023-09-09 16:17:42,930 [INFO] McuFinderGlobals:63 - Set McuFinder mode to 2 (CubeIDE integrated)
2023-09-09 16:17:42,930 [INFO] UserAuth:179 - activating auth plugin
2023-09-09 16:17:42,934 [INFO] UserAuth:393 - Internet connection configuration mode: 1
2023-09-09 16:17:42,952 [INFO] ServerAccessManage:473 - Download File updaters.zip
2023-09-09 16:17:42,957 [INFO] JxBrowserEngine:151 - Initiate JxBrowser Engine with user profile folder
2023-09-09 16:17:42,967 [WARN] MainUpdater:1189 - Updater busy. Cannot search thirdparties
2023-09-09 16:17:42,967 [INFO] ThirdPartyUpdaterWithRetryManager:96 - Updater plugin is busy. [1/15]
2023-09-09 16:17:43,047 [INFO] FileExtend:240 - Unzip File : updaters.zip
2023-09-09 16:17:43,047 [INFO] FileExtend:255 - Standard Zip Deflate
2023-09-09 16:17:43,413 [INFO] ServerAccessManage:473 - Download File PacksControlFlags.xml
2023-09-09 16:17:44,151 [INFO] ServerAccessManage:473 - Download File cubemx.pidx
2023-09-09 16:17:44,561 [INFO] ServerAccessManage:473 - Download File STMicroelectronics.FP-SNS-SMARTAG2.pdsc
2023-09-09 16:17:45,271 [INFO] ServerAccessManage:473 - Download File STMicroelectronics.X-CUBE-NFC6.pdsc
2023-09-09 16:17:45,968 [WARN] MainUpdater:1189 - Updater busy. Cannot search thirdparties
2023-09-09 16:17:45,968 [INFO] ThirdPartyUpdaterWithRetryManager:96 - Updater plugin is busy. [2/15]
2023-09-09 16:17:46,654 [WARN] PackLoader:240 - Cannot read IP mode file for STMicroelectronics.FP-SNS-SMARTAG2.1.2.0
2023-09-09 16:17:46,681 [WARN] PackLoader:240 - Cannot read IP mode file for STMicroelectronics.X-CUBE-NFC6.3.0.0
2023-09-09 16:17:46,736 [INFO] PopulateThirdPartyThread:66 - Ending populate Thread
2023-09-09 16:17:46,738 [INFO] ThirdParty:1030 - CMSIS Pack Vendor :STMicroelectronics FP-SNS-SMARTAG2 1.2.0
2023-09-09 16:17:46,738 [INFO] ThirdParty:1030 - CMSIS Pack Vendor :STMicroelectronics X-CUBE-NFC6 3.0.0
2023-09-09 16:17:46,739 [INFO] LoadServerUpdatesThread:373 - End of LoadServerUpdate Thread
2023-09-09 16:17:46,807 [INFO] CheckServerUpdateThread:120 - End of CheckServer Thread
2023-09-09 16:17:49,199 [WARN] PackLoader:240 - Cannot read IP mode file for STMicroelectronics.X-CUBE-SMBUS.2.1.0
2023-09-09 16:17:49,416 [WARN] PackLoader:240 - Cannot read IP mode file for STMicroelectronics.X-CUBE-MEMS1.9.2.0
