2023-11-29 17:56:53,639 [INFO] Activator:176 - 


2023-11-29 17:56:53,646 [INFO] Activator:177 - !SESSION log4j initialized
2023-11-29 17:56:57,833 [ERROR] LogOutputStream:75 - [STDERR_REDIRECT] 
2023-11-29 17:56:58,864 [INFO] LogOutputStream:77 - [STDOUT_REDIRECT] 
2023-11-29 17:57:00,283 [INFO] LogOutputStream:77 - [STDOUT_REDIRECT] 
2023-11-29 17:57:01,040 [INFO] ApplicationProperties:184 - Using Application install path: /Applications/STM32CubeIDE.app/Contents/Eclipse/plugins/com.st.stm32cube.common.mx_6.9.1.202307191849
2023-11-29 17:57:01,061 [INFO] DbMcusXml:78 - Set database path to: /Applications/STM32CubeIDE.app/Contents/Eclipse/plugins/com.st.stm32cube.common.mx_6.9.1.202307191849//db//mcu/
2023-11-29 17:57:01,062 [INFO] ApiDb:274 - Set plugin database path to: /Applications/STM32CubeIDE.app/Contents/Eclipse/plugins/com.st.stm32cube.common.mx_6.9.1.202307191849//db//plugins/boardmanager/
2023-11-29 17:57:01,062 [WARN] ApiDb:259 - Overriding images path with different value:  => /Applications/STM32CubeIDE.app/Contents/Eclipse/plugins/com.st.stm32cube.common.mx_6.9.1.202307191849//db//plugins/mcufinder/images/
2023-11-29 17:57:01,073 [INFO] ApiDb:250 - Set database path to: /Users/jeffsnyder/.stmcufinder/plugins/mcufinder//mcu/
2023-11-29 17:57:01,075 [INFO] DbMcusAds:125 - Set database path to: /Users/jeffsnyder/.stmcufinder/plugins/mcufinder//mcu/
2023-11-29 17:57:01,078 [INFO] CrossReferenceDbSqlite:203 - Set database path to: /Users/jeffsnyder/.stmcufinder/plugins/mcufinder//mcu/cs/
2023-11-29 17:57:01,195 [INFO] RulesReader:64 - Compatibility file has been processed (293 Rules)
2023-11-29 17:57:01,275 [INFO] DbMcusXml:78 - Set database path to: /Applications/STM32CubeIDE.app/Contents/Eclipse/plugins/com.st.stm32cube.common.mx_6.9.1.202307191849//db//mcu/
2023-11-29 17:57:01,275 [INFO] ApiDb:274 - Set plugin database path to: /Applications/STM32CubeIDE.app/Contents/Eclipse/plugins/com.st.stm32cube.common.mx_6.9.1.202307191849//db//plugins/boardmanager/
2023-11-29 17:57:01,275 [INFO] ApiDb:261 - Set plugin images path to: /Applications/STM32CubeIDE.app/Contents/Eclipse/plugins/com.st.stm32cube.common.mx_6.9.1.202307191849//db//plugins/mcufinder/images/
2023-11-29 17:57:01,275 [WARN] DbFile:41 - Overriding database path with different value: /Users/jeffsnyder/.stmcufinder/plugins/mcufinder/ => /Users/jeffsnyder/.stmcufinder/plugins/mcufinder
2023-11-29 17:57:01,275 [INFO] ApiDb:250 - Set database path to: /Users/jeffsnyder/.stmcufinder/plugins/mcufinder//mcu/
2023-11-29 17:57:01,276 [WARN] DbFile:41 - Overriding database path with different value: /Users/jeffsnyder/.stmcufinder/plugins/mcufinder/ => /Users/jeffsnyder/.stmcufinder/plugins/mcufinder
2023-11-29 17:57:01,276 [INFO] DbMcusAds:125 - Set database path to: /Users/jeffsnyder/.stmcufinder/plugins/mcufinder//mcu/
2023-11-29 17:57:01,276 [WARN] DbFile:41 - Overriding database path with different value: /Users/jeffsnyder/.stmcufinder/plugins/mcufinder/ => /Users/jeffsnyder/.stmcufinder/plugins/mcufinder
2023-11-29 17:57:01,276 [WARN] DbFile:41 - Overriding database path with different value: /Users/jeffsnyder/.stmcufinder/plugins/mcufinder/ => /Users/jeffsnyder/.stmcufinder/plugins/mcufinder
2023-11-29 17:57:01,276 [INFO] CrossReferenceDbSqlite:203 - Set database path to: /Users/jeffsnyder/.stmcufinder/plugins/mcufinder//mcu/cs/
2023-11-29 17:57:01,358 [INFO] MainPanel:262 - HeapMemory: 268435456
2023-11-29 17:57:01,481 [INFO] DbMcusXml:78 - Set database path to: /Applications/STM32CubeIDE.app/Contents/Eclipse/plugins/com.st.stm32cube.common.mx_6.9.1.202307191849//db//mcu/
2023-11-29 17:57:01,482 [INFO] ApiDb:274 - Set plugin database path to: /Applications/STM32CubeIDE.app/Contents/Eclipse/plugins/com.st.stm32cube.common.mx_6.9.1.202307191849//db//plugins/boardmanager/
2023-11-29 17:57:01,482 [INFO] ApiDb:261 - Set plugin images path to: /Applications/STM32CubeIDE.app/Contents/Eclipse/plugins/com.st.stm32cube.common.mx_6.9.1.202307191849//db//plugins/mcufinder/images/
2023-11-29 17:57:01,482 [WARN] DbFile:41 - Overriding database path with different value: /Users/jeffsnyder/.stmcufinder/plugins/mcufinder/ => /Users/jeffsnyder/.stmcufinder/plugins/mcufinder
2023-11-29 17:57:01,482 [INFO] ApiDb:250 - Set database path to: /Users/jeffsnyder/.stmcufinder/plugins/mcufinder//mcu/
2023-11-29 17:57:01,482 [WARN] DbFile:41 - Overriding database path with different value: /Users/jeffsnyder/.stmcufinder/plugins/mcufinder/ => /Users/jeffsnyder/.stmcufinder/plugins/mcufinder
2023-11-29 17:57:01,482 [INFO] DbMcusAds:125 - Set database path to: /Users/jeffsnyder/.stmcufinder/plugins/mcufinder//mcu/
2023-11-29 17:57:01,482 [WARN] DbFile:41 - Overriding database path with different value: /Users/jeffsnyder/.stmcufinder/plugins/mcufinder/ => /Users/jeffsnyder/.stmcufinder/plugins/mcufinder
2023-11-29 17:57:01,483 [WARN] DbFile:41 - Overriding database path with different value: /Users/jeffsnyder/.stmcufinder/plugins/mcufinder/ => /Users/jeffsnyder/.stmcufinder/plugins/mcufinder
2023-11-29 17:57:01,483 [INFO] CrossReferenceDbSqlite:203 - Set database path to: /Users/jeffsnyder/.stmcufinder/plugins/mcufinder//mcu/cs/
2023-11-29 17:57:01,500 [INFO] ApplicationProperties:184 - Using Application install path: /Applications/STM32CubeIDE.app/Contents/Eclipse/plugins/com.st.stm32cube.common.mx_6.9.1.202307191849
2023-11-29 17:57:01,501 [INFO] PluginManage:196 - Search for loadable plugins [exclusion list=, ]
2023-11-29 17:57:01,502 [INFO] PluginManage:310 - Check plugin analytics
2023-11-29 17:57:01,693 [INFO] AnalyticsPlugin:253 - Accepted Software Licenses: STM32CubeMX.6.8.1
2023-11-29 17:57:01,693 [INFO] AnalyticsPlugin:255 - Accepted CMSIS Pack Licenses: 
2023-11-29 17:57:01,693 [INFO] AnalyticsPlugin:257 - Accepted Firmware Licenses: FW.H7.1.11.0
2023-11-29 17:57:01,696 [INFO] PluginManage:359 - Loaded plugin analytics (category:tool,tabindex:-1)
2023-11-29 17:57:01,697 [INFO] PluginManage:310 - Check plugin cadmodel
2023-11-29 17:57:02,552 [INFO] CADModel:105 - Init CAD model plugin
2023-11-29 17:57:02,552 [INFO] PluginManage:359 - Loaded plugin cadmodel (category:power,tabindex:5)
2023-11-29 17:57:02,552 [INFO] PluginManage:310 - Check plugin clock
2023-11-29 17:57:02,562 [INFO] PluginManage:359 - Loaded plugin clock (category:base,tabindex:2)
2023-11-29 17:57:02,562 [INFO] PluginManage:310 - Check plugin ddr
2023-11-29 17:57:02,565 [INFO] PluginManage:359 - Loaded plugin ddr (category:tool,tabindex:6)
2023-11-29 17:57:02,565 [INFO] PluginManage:310 - Check plugin filemanager
2023-11-29 17:57:02,702 [INFO] PluginManage:359 - Loaded plugin filemanager (category:base,tabindex:10)
2023-11-29 17:57:02,702 [INFO] PluginManage:310 - Check plugin ipmanager
2023-11-29 17:57:02,709 [INFO] PluginManage:359 - Loaded plugin ipmanager (category:base,tabindex:5)
2023-11-29 17:57:02,709 [INFO] PluginManage:310 - Check plugin lpbam
2023-11-29 17:57:02,721 [INFO] PluginManage:359 - Loaded plugin lpbam (category:base,tabindex:0)
2023-11-29 17:57:02,721 [INFO] PluginManage:310 - Check plugin memorymap
2023-11-29 17:57:02,736 [INFO] PluginManage:359 - Loaded plugin memorymap (category:base,tabindex:4)
2023-11-29 17:57:02,736 [INFO] PluginManage:310 - Check plugin pinoutandconfiguration
2023-11-29 17:57:02,743 [INFO] PluginManage:359 - Loaded plugin pinoutandconfiguration (category:base,tabindex:1)
2023-11-29 17:57:02,743 [INFO] PluginManage:310 - Check plugin pinoutconfig
2023-11-29 17:57:02,849 [WARN] SupportedApi:132 - Cannot load RTOS API schema: s4s-elt-must-match.1: The content of 'definitions' must match (annotation?, (simpleType | complexType)?, (unique | key | keyref)*)). A problem was found starting at: attribute.
2023-11-29 17:57:03,009 [INFO] PluginManage:359 - Loaded plugin pinoutconfig (category:base,tabindex:0)
2023-11-29 17:57:03,009 [INFO] PluginManage:310 - Check plugin power
2023-11-29 17:57:03,020 [INFO] PluginManage:359 - Loaded plugin power (category:power,tabindex:4)
2023-11-29 17:57:03,020 [INFO] PluginManage:310 - Check plugin projectmanager
2023-11-29 17:57:03,032 [INFO] PluginManage:359 - Loaded plugin projectmanager (category:projectmanager,tabindex:3)
2023-11-29 17:57:03,033 [INFO] PluginManage:310 - Check plugin thirdparty
2023-11-29 17:57:03,156 [INFO] PluginManage:359 - Loaded plugin thirdparty (category:base,tabindex:-1)
2023-11-29 17:57:03,156 [WARN] IntegrityCheckThread:84 - waiting for thirdparty lock release [integrity check]
2023-11-29 17:57:03,157 [INFO] IntegrityCheckThread:86 - entering critical section [integrity check]
2023-11-29 17:57:03,157 [INFO] PluginManage:310 - Check plugin tools
2023-11-29 17:57:03,157 [INFO] ThirdPartyUpdaterWithRetryManager:70 - Updater plugin not ready yet. [1/15]
2023-11-29 17:57:03,159 [INFO] PluginManage:359 - Loaded plugin tools (category:base,tabindex:7)
2023-11-29 17:57:03,159 [INFO] PluginManage:310 - Check plugin tutovideos
2023-11-29 17:57:03,367 [INFO] PluginManage:359 - Loaded plugin tutovideos (category:base,tabindex:-1)
2023-11-29 17:57:03,367 [INFO] PluginManage:310 - Check plugin updater
2023-11-29 17:57:03,378 [INFO] PluginManage:359 - Loaded plugin updater (category:base,tabindex:12)
2023-11-29 17:57:03,378 [INFO] PluginManage:310 - Check plugin userauth
2023-11-29 17:57:03,384 [INFO] UserAuth:113 - Init User Auth plugin
2023-11-29 17:57:03,384 [INFO] PluginManage:359 - Loaded plugin userauth (category:base,tabindex:14)
2023-11-29 17:57:03,385 [INFO] PluginManage:283 - PluginManage : Loaded plugins [17]
2023-11-29 17:57:03,581 [INFO] PinOutPanel:1499 - setPackage(No Configuration,No Configuration)
2023-11-29 17:57:03,676 [INFO] CADModel:165 - CPN selected for project level
2023-11-29 17:57:03,676 [INFO] CADModel:114 - Register for checkConnection events
2023-11-29 17:57:03,690 [INFO] IPUIPlugin:80 - create IPUIPlugin
2023-11-29 17:57:03,690 [INFO] PluginManager:220 - loadIPPluginJar : add mdma
2023-11-29 17:57:03,697 [INFO] IPUIPlugin:80 - create IPUIPlugin
2023-11-29 17:57:03,697 [INFO] PluginManager:220 - loadIPPluginJar : add freertos
2023-11-29 17:57:03,704 [INFO] IPUIPlugin:80 - create IPUIPlugin
2023-11-29 17:57:03,704 [INFO] PluginManager:220 - loadIPPluginJar : add gic
2023-11-29 17:57:03,713 [INFO] IPUIPlugin:80 - create IPUIPlugin
2023-11-29 17:57:03,713 [INFO] PluginManager:220 - loadIPPluginJar : add adc
2023-11-29 17:57:03,716 [INFO] IPUIPlugin:80 - create IPUIPlugin
2023-11-29 17:57:03,716 [INFO] PluginManager:220 - loadIPPluginJar : add gtzc
2023-11-29 17:57:03,718 [INFO] IPUIPlugin:80 - create IPUIPlugin
2023-11-29 17:57:03,718 [INFO] PluginManager:220 - loadIPPluginJar : add quadspi
2023-11-29 17:57:03,721 [INFO] IPUIPlugin:80 - create IPUIPlugin
2023-11-29 17:57:03,721 [INFO] PluginManager:220 - loadIPPluginJar : add aes
2023-11-29 17:57:03,724 [INFO] IPUIPlugin:80 - create IPUIPlugin
2023-11-29 17:57:03,724 [INFO] PluginManager:220 - loadIPPluginJar : add pdm2pcm
2023-11-29 17:57:03,726 [INFO] IPUIPlugin:80 - create IPUIPlugin
2023-11-29 17:57:03,726 [INFO] PluginManager:220 - loadIPPluginJar : add hash
2023-11-29 17:57:03,727 [INFO] IPUIPlugin:80 - create IPUIPlugin
2023-11-29 17:57:03,727 [INFO] PluginManager:220 - loadIPPluginJar : add tim
2023-11-29 17:57:03,729 [INFO] IPUIPlugin:80 - create IPUIPlugin
2023-11-29 17:57:03,729 [INFO] PluginManager:220 - loadIPPluginJar : add tsc
2023-11-29 17:57:03,730 [INFO] IPUIPlugin:80 - create IPUIPlugin
2023-11-29 17:57:03,731 [INFO] PluginManager:220 - loadIPPluginJar : add ts
2023-11-29 17:57:03,733 [INFO] IPUIPlugin:80 - create IPUIPlugin
2023-11-29 17:57:03,733 [INFO] PluginManager:220 - loadIPPluginJar : add can
2023-11-29 17:57:03,735 [INFO] IPUIPlugin:80 - create IPUIPlugin
2023-11-29 17:57:03,735 [INFO] PluginManager:220 - loadIPPluginJar : add dma3
2023-11-29 17:57:03,737 [INFO] IPUIPlugin:80 - create IPUIPlugin
2023-11-29 17:57:03,737 [INFO] PluginManager:220 - loadIPPluginJar : add dfsdm
2023-11-29 17:57:03,740 [INFO] IPUIPlugin:80 - create IPUIPlugin
2023-11-29 17:57:03,740 [INFO] PluginManager:220 - loadIPPluginJar : add spi
2023-11-29 17:57:03,742 [INFO] IPUIPlugin:80 - create IPUIPlugin
2023-11-29 17:57:03,742 [INFO] PluginManager:220 - loadIPPluginJar : add gfxmmu
2023-11-29 17:57:03,743 [INFO] IPUIPlugin:80 - create IPUIPlugin
2023-11-29 17:57:03,744 [INFO] PluginManager:220 - loadIPPluginJar : add genericplugin
2023-11-29 17:57:03,746 [INFO] IPUIPlugin:80 - create IPUIPlugin
2023-11-29 17:57:03,746 [INFO] PluginManager:220 - loadIPPluginJar : add cryp
2023-11-29 17:57:03,750 [INFO] IPUIPlugin:80 - create IPUIPlugin
2023-11-29 17:57:03,751 [INFO] PluginManager:220 - loadIPPluginJar : add gpio
2023-11-29 17:57:03,752 [INFO] IPUIPlugin:80 - create IPUIPlugin
2023-11-29 17:57:03,752 [INFO] PluginManager:220 - loadIPPluginJar : add comp
2023-11-29 17:57:03,754 [INFO] IPUIPlugin:80 - create IPUIPlugin
2023-11-29 17:57:03,754 [INFO] PluginManager:220 - loadIPPluginJar : add tracer_emb
2023-11-29 17:57:03,757 [INFO] IPUIPlugin:80 - create IPUIPlugin
2023-11-29 17:57:03,757 [INFO] PluginManager:220 - loadIPPluginJar : add openamp
2023-11-29 17:57:03,762 [INFO] IPUIPlugin:80 - create IPUIPlugin
2023-11-29 17:57:03,762 [INFO] PluginManager:220 - loadIPPluginJar : add stm32_wpan
2023-11-29 17:57:03,770 [INFO] IPUIPlugin:80 - create IPUIPlugin
2023-11-29 17:57:03,773 [INFO] PluginManager:220 - loadIPPluginJar : add plateformsettings
2023-11-29 17:57:03,777 [INFO] IPUIPlugin:80 - create IPUIPlugin
2023-11-29 17:57:03,778 [INFO] PluginManager:220 - loadIPPluginJar : add ipddr
2023-11-29 17:57:03,780 [INFO] IPUIPlugin:80 - create IPUIPlugin
2023-11-29 17:57:03,780 [INFO] PluginManager:220 - loadIPPluginJar : add usart
2023-11-29 17:57:03,781 [INFO] IPUIPlugin:80 - create IPUIPlugin
2023-11-29 17:57:03,781 [INFO] PluginManager:220 - loadIPPluginJar : add ltdc
2023-11-29 17:57:03,785 [INFO] IPUIPlugin:80 - create IPUIPlugin
2023-11-29 17:57:03,785 [INFO] PluginManager:220 - loadIPPluginJar : add nvic
2023-11-29 17:57:03,786 [INFO] IPUIPlugin:80 - create IPUIPlugin
2023-11-29 17:57:03,787 [INFO] PluginManager:220 - loadIPPluginJar : add fatfs
2023-11-29 17:57:03,793 [INFO] IPUIPlugin:80 - create IPUIPlugin
2023-11-29 17:57:03,793 [INFO] PluginManager:220 - loadIPPluginJar : add linkedlist
2023-11-29 17:57:03,800 [INFO] IPUIPlugin:80 - create IPUIPlugin
2023-11-29 17:57:03,800 [INFO] PluginManager:220 - loadIPPluginJar : add dma
2023-11-29 17:57:03,805 [INFO] IPUIPlugin:80 - create IPUIPlugin
2023-11-29 17:57:03,805 [INFO] PluginManager:220 - loadIPPluginJar : add fmc
2023-11-29 17:57:03,807 [INFO] IPUIPlugin:80 - create IPUIPlugin
2023-11-29 17:57:03,807 [INFO] PluginManager:220 - loadIPPluginJar : add i2s
2023-11-29 17:57:03,809 [INFO] IPUIPlugin:80 - create IPUIPlugin
2023-11-29 17:57:03,809 [INFO] PluginManager:220 - loadIPPluginJar : add ucpd
2023-11-29 17:57:03,810 [INFO] IPUIPlugin:80 - create IPUIPlugin
2023-11-29 17:57:03,811 [INFO] PluginManager:220 - loadIPPluginJar : add lorawan
2023-11-29 17:57:03,814 [INFO] IPUIPlugin:80 - create IPUIPlugin
2023-11-29 17:57:03,814 [INFO] PluginManager:220 - loadIPPluginJar : add opamp
2023-11-29 17:57:03,817 [INFO] IPUIPlugin:80 - create IPUIPlugin
2023-11-29 17:57:03,817 [INFO] PluginManager:220 - loadIPPluginJar : add i3c
2023-11-29 17:57:03,821 [INFO] IPUIPlugin:80 - create IPUIPlugin
2023-11-29 17:57:03,821 [INFO] PluginManager:220 - loadIPPluginJar : add touchsensing
2023-11-29 17:57:03,823 [INFO] IPUIPlugin:80 - create IPUIPlugin
2023-11-29 17:57:03,823 [INFO] PluginManager:220 - loadIPPluginJar : add i2c
2023-11-29 17:57:03,828 [INFO] IPUIPlugin:80 - create IPUIPlugin
2023-11-29 17:57:03,828 [INFO] PluginManager:220 - loadIPPluginJar : add resmgrutility
2023-11-29 17:57:03,831 [INFO] IPUIPlugin:80 - create IPUIPlugin
2023-11-29 17:57:03,831 [INFO] PluginManager:220 - loadIPPluginJar : add sai
2023-11-29 17:57:03,835 [INFO] IPUIPlugin:80 - create IPUIPlugin
2023-11-29 17:57:03,836 [INFO] PluginManager:220 - loadIPPluginJar : add usbx
2023-11-29 17:57:03,938 [INFO] CADModel:165 - CPN selected for project level
2023-11-29 17:57:03,939 [INFO] CADModel:114 - Register for checkConnection events
2023-11-29 17:57:03,939 [FATAL] Updater:308 - Updater called before beeing initialized
2023-11-29 17:57:03,939 [ERROR] CADModel:125 - Updater not yet initialized, retry later 
2023-11-29 17:57:04,106 [INFO] CADModel:165 - CPN selected for project level
2023-11-29 17:57:04,107 [INFO] CADModel:114 - Register for checkConnection events
2023-11-29 17:57:04,107 [FATAL] Updater:308 - Updater called before beeing initialized
2023-11-29 17:57:04,107 [ERROR] CADModel:125 - Updater not yet initialized, retry later 
2023-11-29 17:57:04,109 [FATAL] Updater:308 - Updater called before beeing initialized
2023-11-29 17:57:04,184 [FATAL] Updater:308 - Updater called before beeing initialized
2023-11-29 17:57:04,189 [INFO] DbMcusAds:53 - JSON generation date=Thu Sep 30 02:55:09 EDT 2021 (1632984909247)
2023-11-29 17:57:04,190 [FATAL] Updater:308 - Updater called before beeing initialized
2023-11-29 17:57:04,247 [WARN] DetailPanel:346 - Failed to get advertising image, set to default
2023-11-29 17:57:04,344 [FATAL] Updater:308 - Updater called before beeing initialized
2023-11-29 17:57:04,346 [FATAL] Updater:308 - Updater called before beeing initialized
2023-11-29 17:57:04,346 [FATAL] Updater:308 - Updater called before beeing initialized
2023-11-29 17:57:04,346 [WARN] DetailPanel:346 - Failed to get advertising image, set to default
2023-11-29 17:57:04,347 [FATAL] Updater:308 - Updater called before beeing initialized
2023-11-29 17:57:04,385 [ERROR] Updater:1120 - MainUpdater not yet initialized. External WinMGr cannot be set.
2023-11-29 17:57:04,410 [INFO] Updater:1056 - Updater Version found : 6.9.1
2023-11-29 17:57:04,433 [INFO] ApplicationProperties:184 - Using Application install path: /Applications/STM32CubeIDE.app/Contents/Eclipse/plugins/com.st.stm32cube.common.mx_6.9.1.202307191849
2023-11-29 17:57:04,568 [INFO] MainUpdater:2868 - connection check result : 10
2023-11-29 17:57:04,569 [INFO] MainUpdater:3562 - Updater definition file requires update
2023-11-29 17:57:04,569 [INFO] MainUpdater:285 - Updater Check For Update Now.
2023-11-29 17:57:04,569 [INFO] MicroXplorer:498 - Change Database Version : DB.6.0.91
2023-11-29 17:57:04,574 [INFO] McuFinderGlobals:63 - Set McuFinder mode to 2 (CubeIDE integrated)
2023-11-29 17:57:04,574 [INFO] UserAuth:179 - activating auth plugin
2023-11-29 17:57:04,576 [INFO] UserAuth:393 - Internet connection configuration mode: 1
2023-11-29 17:57:04,592 [INFO] JxBrowserEngine:151 - Initiate JxBrowser Engine with user profile folder
2023-11-29 17:57:04,650 [INFO] ServerAccessManage:473 - Download File updaters.zip
2023-11-29 17:57:04,714 [INFO] FileExtend:240 - Unzip File : updaters.zip
2023-11-29 17:57:04,714 [INFO] FileExtend:255 - Standard Zip Deflate
2023-11-29 17:57:04,955 [INFO] ServerAccessManage:473 - Download File PacksControlFlags.xml
2023-11-29 17:57:05,046 [INFO] ServerAccessManage:473 - Download File cubemx.pidx
2023-11-29 17:57:05,403 [INFO] ServerAccessManage:473 - Download File STMicroelectronics.FP-SNS-MOTENVWB1.pdsc
2023-11-29 17:57:05,820 [INFO] WebApp:157 - Instantiating new browser for Auth
2023-11-29 17:57:06,102 [INFO] ServerAccessManage:473 - Download File STMicroelectronics.X-CUBE-TOF1.pdsc
2023-11-29 17:57:06,158 [WARN] MainUpdater:1189 - Updater busy. Cannot search thirdparties
2023-11-29 17:57:06,158 [INFO] ThirdPartyUpdaterWithRetryManager:96 - Updater plugin is busy. [1/15]
2023-11-29 17:57:06,719 [INFO] WebApp:753 - Register for checkConnection events
2023-11-29 17:57:06,719 [INFO] WebApp:390 - Apply proxy settings
2023-11-29 17:57:06,723 [INFO] WebApp:455 - Chromium authenticates against System proxy
2023-11-29 17:57:06,951 [ERROR] ServerAccessManage:1089 - Problem, file not found on Server
2023-11-29 17:57:06,993 [INFO] WebApp:188 - Starting web application
2023-11-29 17:57:06,993 [INFO] WebApp:520 - Web application path used /Applications/STM32CubeIDE.app/Contents/Eclipse/plugins/com.st.stm32cube.common.mx_6.9.1.202307191849/db/plugins/mcufinder/reactClient1/index.html
2023-11-29 17:57:07,416 [WARN] PackLoader:240 - Cannot read IP mode file for STMicroelectronics.FP-SNS-MOTENVWB1.1.3.1
2023-11-29 17:57:07,439 [WARN] PackLoader:240 - Cannot read IP mode file for STMicroelectronics.X-CUBE-TOF1.3.4.0
2023-11-29 17:57:07,460 [INFO] PopulateThirdPartyThread:66 - Ending populate Thread
2023-11-29 17:57:07,462 [INFO] ThirdParty:1030 - CMSIS Pack Vendor :STMicroelectronics FP-SNS-MOTENVWB1 1.3.1
2023-11-29 17:57:07,463 [INFO] ThirdParty:1030 - CMSIS Pack Vendor :STMicroelectronics X-CUBE-TOF1 3.4.0
2023-11-29 17:57:07,463 [INFO] LoadServerUpdatesThread:373 - End of LoadServerUpdate Thread
2023-11-29 17:57:07,548 [INFO] CheckServerUpdateThread:120 - End of CheckServer Thread
2023-11-29 17:57:09,266 [WARN] PackLoader:240 - Cannot read IP mode file for STMicroelectronics.X-CUBE-SMBUS.2.1.0
2023-11-29 17:57:09,318 [WARN] PackLoader:240 - Cannot read IP mode file for STMicroelectronics.X-CUBE-MEMS1.9.2.0
2023-11-29 17:57:09,494 [WARN] PackLoader:240 - Cannot read IP mode file for STMicroelectronics.X-CUBE-AZRTOS-F7.1.1.0
2023-11-29 17:57:09,511 [ERROR] RealEvaluatedCondition:428 - Found unsupported composite condition: GROUP='STM32_MetaDataManager' CLASS='Data Exchange'
2023-11-29 17:57:09,516 [ERROR] RealEvaluatedCondition:428 - Found unsupported composite condition: GROUP='STM32_MetaDataManager' CLASS='Data Exchange'
2023-11-29 17:57:09,522 [WARN] PackLoader:240 - Cannot read IP mode file for STMicroelectronics.FP-SNS-MOTENV1.4.3.0
2023-11-29 17:57:09,538 [WARN] PackLoader:240 - Cannot read IP mode file for STMicroelectronics.FP-SNS-MOTENV1.4.3.2
2023-11-29 17:57:09,552 [WARN] PackLoader:240 - Cannot read IP mode file for STMicroelectronics.FP-SNS-FLIGHT1.5.0.0
2023-11-29 17:57:09,562 [ERROR] RealEvaluatedCondition:428 - Found unsupported composite condition: CLASS='Data Exchange' GROUP='STM32_MetaDataManager'
2023-11-29 17:57:09,567 [ERROR] RealEvaluatedCondition:428 - Found unsupported composite condition: GROUP='STM32_MetaDataManager' CLASS='Data Exchange'
2023-11-29 17:57:09,573 [WARN] PackLoader:240 - Cannot read IP mode file for STMicroelectronics.FP-SNS-MOTENV1.4.3.1
2023-11-29 17:57:09,583 [WARN] PackLoader:240 - Cannot read IP mode file for STMicroelectronics.FP-SNS-FLIGHT1.5.0.1
2023-11-29 17:57:09,594 [WARN] PackLoader:240 - Cannot read IP mode file for STMicroelectronics.X-CUBE-BLE1.6.2.3
2023-11-29 17:57:09,604 [WARN] PackLoader:240 - Cannot read IP mode file for STMicroelectronics.X-CUBE-BLE1.6.2.4
2023-11-29 17:57:09,614 [WARN] PackLoader:240 - Cannot read IP mode file for STMicroelectronics.FP-SNS-FLIGHT1.5.0.2
2023-11-29 17:57:09,636 [WARN] PackLoader:240 - Cannot read IP mode file for STMicroelectronics.X-CUBE-TOF1.3.1.0
2023-11-29 17:57:09,649 [WARN] PackLoader:240 - Cannot read IP mode file for STMicroelectronics.X-CUBE-DISPLAY.3.0.0
2023-11-29 17:57:09,665 [WARN] PackLoader:240 - Cannot read IP mode file for STMicroelectronics.X-CUBE-BLE1.7.0.0
2023-11-29 17:57:09,670 [WARN] PackLoader:240 - Cannot read IP mode file for STMicroelectronics.X-CUBE-TOUCHGFX.4.22.0
2023-11-29 17:57:09,674 [WARN] PackLoader:240 - Cannot read IP mode file for STMicroelectronics.X-CUBE-TOUCHGFX.4.22.1
2023-11-29 17:57:09,710 [WARN] PackLoader:240 - Cannot read IP mode file for STMicroelectronics.X-CUBE-MEMS1.9.3.0
2023-11-29 17:57:09,826 [WARN] PackLoader:240 - Cannot read IP mode file for STMicroelectronics.X-CUBE-AI.7.2.0
2023-11-29 17:57:09,831 [WARN] PackLoader:240 - Cannot read IP mode file for STMicroelectronics.FP-SNS-SMARTAG2.1.2.0
2023-11-29 17:57:09,841 [INFO] LogOutputStream:77 - [STDOUT_REDIRECT] 1 : Invalid condition id : UX_CORESTACK_Condition cause : null
2023-11-29 17:57:09,842 [INFO] LogOutputStream:77 - [STDOUT_REDIRECT] 1 : Invalid condition id : UX_CORESTACK_Condition cause : null
2023-11-29 17:57:09,842 [INFO] LogOutputStream:77 - [STDOUT_REDIRECT] 1 : Invalid condition id : UX_CORESTACK_Condition cause : null
2023-11-29 17:57:09,842 [INFO] LogOutputStream:77 - [STDOUT_REDIRECT] 1 : Invalid condition id : UX_CORESTACK_Condition cause : null
2023-11-29 17:57:09,842 [INFO] LogOutputStream:77 - [STDOUT_REDIRECT] 1 : Invalid condition id : UX_CORESTACK_Condition cause : null
2023-11-29 17:57:09,846 [WARN] PackLoader:240 - Cannot read IP mode file for STMicroelectronics.X-CUBE-AZRTOS-WL.2.0.0
2023-11-29 17:57:09,855 [WARN] PackLoader:240 - Cannot read IP mode file for WES.I-CUBE-Cesium.1.3.0
2023-11-29 17:57:09,859 [WARN] PackLoader:240 - Cannot read IP mode file for STMicroelectronics.X-CUBE-BLE2.3.3.0
2023-11-29 17:57:09,870 [WARN] PackLoader:240 - Cannot read IP mode file for STMicroelectronics.X-CUBE-DISPLAY.2.2.0
2023-11-29 17:57:09,885 [WARN] PackLoader:240 - Cannot read IP mode file for STMicroelectronics.X-CUBE-TOF1.3.2.0
2023-11-29 17:57:09,898 [WARN] PackLoader:240 - Cannot read IP mode file for STMicroelectronics.X-CUBE-ISPU.1.0.0
2023-11-29 17:57:09,923 [WARN] PackLoader:240 - Cannot read IP mode file for STMicroelectronics.X-CUBE-AZRTOS-H7.2.1.0
2023-11-29 17:57:09,930 [WARN] PackLoader:240 - Cannot read IP mode file for STMicroelectronics.X-CUBE-TOUCHGFX.4.21.1
2023-11-29 17:57:09,933 [WARN] PackLoader:240 - Cannot read IP mode file for STMicroelectronics.X-CUBE-TOUCHGFX.4.21.0
2023-11-29 17:57:09,935 [WARN] PackLoader:240 - Cannot read IP mode file for STMicroelectronics.X-CUBE-TOUCHGFX.4.21.3
2023-11-29 17:57:09,938 [WARN] PackLoader:240 - Cannot read IP mode file for STMicroelectronics.X-CUBE-TOUCHGFX.4.21.4
2023-11-29 17:57:09,977 [WARN] PackLoader:240 - Cannot read IP mode file for STMicroelectronics.X-CUBE-MEMS1.9.4.0
2023-11-29 17:57:10,085 [WARN] PackLoader:240 - Cannot read IP mode file for STMicroelectronics.X-CUBE-AI.7.3.0
2023-11-29 17:57:10,090 [WARN] PackLoader:240 - Cannot read IP mode file for STMicroelectronics.X-CUBE-ALGOBUILD.1.3.0
2023-11-29 17:57:10,113 [WARN] PackLoader:240 - Cannot read IP mode file for STMicroelectronics.X-CUBE-AZRTOS-G0.1.1.0
2023-11-29 17:57:10,120 [WARN] PackLoader:240 - Cannot read IP mode file for STMicroelectronics.X-CUBE-NFC4.3.0.0
2023-11-29 17:57:10,156 [WARN] PackLoader:240 - Cannot read IP mode file for SEGGER.I-CUBE-embOS.1.2.0
2023-11-29 17:57:10,190 [WARN] PackLoader:240 - Cannot read IP mode file for STMicroelectronics.X-CUBE-BLEMGR.3.0.0
2023-11-29 17:57:10,200 [WARN] PackLoader:240 - Cannot read IP mode file for STMicroelectronics.X-CUBE-BLEMGR.1.3.0
2023-11-29 17:57:10,205 [WARN] PackLoader:240 - Cannot read IP mode file for STMicroelectronics.FP-ATR-SIGFOX1.3.2.0
2023-11-29 17:57:10,311 [WARN] PackLoader:240 - Cannot read IP mode file for emotas.I-CUBE-CANOPEN.1.1.2
2023-11-29 17:57:10,319 [WARN] PackLoader:240 - Cannot read IP mode file for STMicroelectronics.X-CUBE-TOUCHGFX.4.20.0
2023-11-29 17:57:10,371 [WARN] PackLoader:240 - Cannot read IP mode file for STMicroelectronics.X-CUBE-MEMS1.9.5.0
2023-11-29 17:57:10,556 [WARN] PackLoader:240 - Cannot read IP mode file for SEGGER.I-CUBE-embOS.1.3.1
2023-11-29 17:57:10,586 [WARN] PackLoader:240 - Cannot read IP mode file for STMicroelectronics.X-CUBE-GNSS1.6.0.0
2023-11-29 17:57:10,606 [WARN] PackLoader:240 - Cannot read IP mode file for STMicroelectronics.X-CUBE-AZRTOS-F4.1.1.0
2023-11-29 17:57:10,619 [WARN] PackLoader:240 - Cannot read IP mode file for STMicroelectronics.X-CUBE-BLEMGR.1.2.0
2023-11-29 17:57:10,633 [WARN] PackLoader:240 - Cannot read IP mode file for STMicroelectronics.X-CUBE-AZRTOS-L5.2.0.0
2023-11-29 17:57:10,687 [WARN] PackLoader:240 - Cannot read IP mode file for STMicroelectronics.X-CUBE-MEMS1.9.6.0
2023-11-29 17:57:10,838 [WARN] PackLoader:240 - Cannot read IP mode file for STMicroelectronics.X-CUBE-EEPRMA1.4.2.0
2023-11-29 17:57:10,843 [WARN] PackLoader:240 - Cannot read IP mode file for ITTIA_DB.I-CUBE-ITTIADB.8.8.0
2023-11-29 17:57:10,850 [WARN] PackLoader:240 - Cannot read IP mode file for STMicroelectronics.X-CUBE-BLEMGR.2.0.0
2023-11-29 17:57:10,856 [WARN] PackLoader:240 - Cannot read IP mode file for STMicroelectronics.X-CUBE-NFC4.2.0.5
2023-11-29 17:57:10,861 [WARN] PackLoader:240 - Cannot read IP mode file for STMicroelectronics.X-CUBE-NFC4.2.0.4
2023-11-29 17:57:10,878 [WARN] ConditionMgr:438 - getConditionDescription Invalid condition id : UX DEVICE CLASS RTOS Condition cause : null
2023-11-29 17:57:10,879 [WARN] ConditionMgr:438 - getConditionDescription Invalid condition id : UX DEVICE CLASS RTOS Condition cause : null
2023-11-29 17:57:10,882 [WARN] PackLoader:240 - Cannot read IP mode file for STMicroelectronics.X-CUBE-AZRTOS-H7.3.1.0
2023-11-29 17:57:10,884 [WARN] ConditionMgr:1039 - genDependencies : Invalid condition id : UX DEVICE CLASS RTOS Condition cause : null
2023-11-29 17:57:10,884 [WARN] ConditionMgr:1039 - genDependencies : Invalid condition id : UX DEVICE CLASS RTOS Condition cause : null
2023-11-29 17:57:10,886 [WARN] ConditionMgr:1039 - genDependencies : Invalid condition id : UX DEVICE CLASS RTOS Condition cause : null
2023-11-29 17:57:10,886 [WARN] ConditionMgr:1039 - genDependencies : Invalid condition id : UX DEVICE CLASS RTOS Condition cause : null
2023-11-29 17:57:10,886 [WARN] ConditionMgr:1039 - genDependencies : Invalid condition id : UX DEVICE CLASS RTOS Condition cause : null
2023-11-29 17:57:10,903 [WARN] PackLoader:240 - Cannot read IP mode file for STMicroelectronics.X-CUBE-AZRTOS-F4.1.0.0
2023-11-29 17:57:10,910 [WARN] PackLoader:240 - Cannot read IP mode file for STMicroelectronics.X-CUBE-NFC7.1.0.1
2023-11-29 17:57:10,916 [WARN] PackLoader:240 - Cannot read IP mode file for STMicroelectronics.X-CUBE-NFC7.1.0.0
2023-11-29 17:57:10,923 [WARN] PackLoader:240 - Cannot read IP mode file for STMicroelectronics.X-CUBE-NFC6.3.0.0
2023-11-29 17:57:10,929 [WARN] PackLoader:240 - Cannot read IP mode file for STMicroelectronics.X-CUBE-EEPRMA1.4.1.0
2023-11-29 17:57:10,933 [WARN] PackLoader:240 - Cannot read IP mode file for STMicroelectronics.X-CUBE-AI.8.1.0
2023-11-29 17:57:10,950 [WARN] ConditionMgr:438 - getConditionDescription Invalid condition id : LAN8742 Phy interface Condition cause : null
2023-11-29 17:57:10,951 [WARN] PackLoader:240 - Cannot read IP mode file for STMicroelectronics.X-CUBE-AZRTOS-L4.2.0.0
2023-11-29 17:57:10,953 [WARN] ConditionMgr:1039 - genDependencies : Invalid condition id : LAN8742 Phy interface Condition cause : null
2023-11-29 17:57:10,953 [WARN] ConditionMgr:1039 - genDependencies : Invalid condition id : LAN8742 Phy interface Condition cause : null
2023-11-29 17:57:10,953 [WARN] ConditionMgr:1039 - genDependencies : Invalid condition id : LAN8742 Phy interface Condition cause : null
2023-11-29 17:57:10,960 [WARN] PackLoader:240 - Cannot read IP mode file for STMicroelectronics.X-CUBE-SFXS2LP1.4.0.0
2023-11-29 17:57:10,987 [WARN] PackLoader:240 - Cannot read IP mode file for STMicroelectronics.X-CUBE-AZRTOS-H7.3.0.0
2023-11-29 17:57:10,995 [WARN] PackLoader:240 - Cannot read IP mode file for STMicroelectronics.X-CUBE-ISPU.1.1.0
2023-11-29 17:57:11,001 [WARN] PackLoader:240 - Cannot read IP mode file for RoweBots.I-CUBE-UNISONRTOS.5.5.0-4
2023-11-29 17:57:11,005 [WARN] PackLoader:240 - Cannot read IP mode file for STMicroelectronics.X-CUBE-AI.8.0.0
2023-11-29 17:57:11,016 [WARN] ConditionMgr:438 - getConditionDescription Invalid condition id : UX DEVICE CLASS RTOS Condition cause : null
2023-11-29 17:57:11,016 [WARN] ConditionMgr:438 - getConditionDescription Invalid condition id : UX DEVICE CLASS RTOS Condition cause : null
2023-11-29 17:57:11,019 [WARN] PackLoader:240 - Cannot read IP mode file for STMicroelectronics.X-CUBE-AZRTOS-WB.2.0.0
2023-11-29 17:57:11,020 [WARN] ConditionMgr:1039 - genDependencies : Invalid condition id : UX DEVICE CLASS RTOS Condition cause : null
2023-11-29 17:57:11,020 [WARN] ConditionMgr:1039 - genDependencies : Invalid condition id : UX DEVICE CLASS RTOS Condition cause : null
2023-11-29 17:57:11,021 [WARN] ConditionMgr:1039 - genDependencies : Invalid condition id : UX DEVICE CLASS RTOS Condition cause : null
2023-11-29 17:57:11,021 [WARN] ConditionMgr:1039 - genDependencies : Invalid condition id : UX DEVICE CLASS RTOS Condition cause : null
2023-11-29 17:57:11,021 [WARN] ConditionMgr:1039 - genDependencies : Invalid condition id : UX DEVICE CLASS RTOS Condition cause : null
2023-11-29 17:57:11,026 [WARN] PackLoader:240 - Cannot read IP mode file for STMicroelectronics.X-CUBE-FREERTOS.1.0.0
2023-11-29 17:57:11,030 [WARN] PackLoader:240 - Cannot read IP mode file for STMicroelectronics.X-CUBE-FREERTOS.1.0.1
2023-11-29 17:57:11,038 [WARN] PackLoader:240 - Cannot read IP mode file for STMicroelectronics.X-CUBE-BLEMGR.1.0.0
2023-11-29 17:57:11,054 [WARN] PackLoader:240 - Cannot read IP mode file for STMicroelectronics.X-CUBE-AZRTOS-L5.1.1.0
2023-11-29 17:57:11,059 [WARN] PackLoader:240 - Cannot read IP mode file for STMicroelectronics.X-CUBE-AI.8.0.1
2023-11-29 17:57:11,069 [WARN] PackLoader:240 - Cannot read IP mode file for STMicroelectronics.X-CUBE-SUBG2.5.0.0
2023-11-29 17:57:11,084 [WARN] PackLoader:240 - Cannot read IP mode file for STMicroelectronics.X-CUBE-TOF1.3.3.1
2023-11-29 17:57:11,107 [WARN] PackLoader:240 - Cannot read IP mode file for STMicroelectronics.X-CUBE-AZRTOS-G4.2.0.0
2023-11-29 17:57:11,118 [WARN] PackLoader:240 - Cannot read IP mode file for STMicroelectronics.X-CUBE-TOF1.3.3.0
2023-11-29 17:57:11,128 [WARN] PackLoader:240 - Cannot read IP mode file for STMicroelectronics.FP-ATR-ASTRA1.1.1.1
2023-11-29 17:57:11,140 [WARN] PackLoader:240 - Cannot read IP mode file for Infineon.AIROC-Wi-Fi-Bluetooth-STM32.1.5.1
2023-11-29 17:57:11,145 [WARN] PackLoader:240 - Cannot read IP mode file for STMicroelectronics.FP-ATR-ASTRA1.1.1.0
2023-11-29 17:57:11,149 [WARN] PackLoader:240 - Cannot read IP mode file for STMicroelectronics.FP-SNS-MOTENVWB1.1.3.0
2023-11-29 17:57:11,152 [WARN] PackLoader:240 - Cannot read IP mode file for STMicroelectronics.FP-SNS-MOTENVWB1.1.3.1
2023-11-29 17:57:11,164 [WARN] PackLoader:240 - Cannot read IP mode file for STMicroelectronics.X-CUBE-AZRTOS-G4.1.0.0
2023-11-29 17:57:11,169 [WARN] PackLoader:240 - Cannot read IP mode file for wolfSSL.I-CUBE-wolfSSL.5.3.0
2023-11-29 17:57:11,185 [WARN] PackLoader:240 - Cannot read IP mode file for STMicroelectronics.X-CUBE-AZRTOS-L4.1.0.0
2023-11-29 17:57:11,223 [WARN] PackLoader:240 - Cannot read IP mode file for STMicroelectronics.X-CUBE-MEMS1.10.0.0
2023-11-29 17:57:11,334 [WARN] PackLoader:240 - Cannot read IP mode file for STMicroelectronics.X-CUBE-FREERTOS.1.1.0
2023-11-29 17:57:11,349 [WARN] PackLoader:240 - Cannot read IP mode file for STMicroelectronics.X-CUBE-AZRTOS-F7.1.0.0
2023-11-29 17:57:11,366 [WARN] PackLoader:240 - Cannot read IP mode file for STMicroelectronics.X-CUBE-AZRTOS-WL.1.0.0
2023-11-29 17:57:11,371 [WARN] PackLoader:240 - Cannot read IP mode file for portGmbH.I-Cube-SoM-uGOAL.1.1.0
2023-11-29 17:57:11,374 [WARN] PackLoader:240 - Cannot read IP mode file for STMicroelectronics.X-CUBE-ALS.1.0.1
2023-11-29 17:57:11,396 [WARN] PackLoader:240 - Cannot read IP mode file for STMicroelectronics.X-CUBE-AZRTOS-WB.1.1.0
2023-11-29 17:57:11,408 [WARN] PackLoader:240 - Cannot read IP mode file for STMicroelectronics.X-CUBE-AZRTOS-L5.1.0.0
2023-11-29 17:57:11,414 [WARN] PackLoader:240 - Cannot read IP mode file for STMicroelectronics.X-CUBE-EEPRMA1.3.1.1
2023-11-29 17:57:11,418 [WARN] PackLoader:240 - Cannot read IP mode file for STMicroelectronics.FP-ATR-ASTRA1.2.0.0
2023-11-29 17:57:11,425 [WARN] PackLoader:240 - Cannot read IP mode file for STMicroelectronics.X-CUBE-TOF1.3.4.0
2023-11-29 17:57:11,434 [INFO] ThirdParty:978 - Integrity check success = true
2023-11-29 17:57:11,434 [INFO] IntegrityCheckThread:100 - exiting critical section [integrity check]
2023-11-29 17:57:11,434 [INFO] IntegrityCheckThread:103 - End integrity checks thread
2023-11-29 17:57:28,114 [ERROR] LogOutputStream:75 - [STDERR_REDIRECT] SLF4J: Failed to load class "org.slf4j.impl.StaticLoggerBinder".
2023-11-29 17:57:28,115 [ERROR] LogOutputStream:75 - [STDERR_REDIRECT] SLF4J: Defaulting to no-operation (NOP) logger implementation
2023-11-29 17:57:28,115 [ERROR] LogOutputStream:75 - [STDERR_REDIRECT] SLF4J: See http://www.slf4j.org/codes.html#StaticLoggerBinder for further details.
2023-11-29 20:00:40,095 [ERROR] LogOutputStream:75 - [STDERR_REDIRECT] 
