2024-02-17 19:25:48,585 [INFO] Activator:176 - 


2024-02-17 19:25:48,592 [INFO] Activator:177 - !SESSION log4j initialized
2024-02-17 19:25:53,443 [ERROR] LogOutputStream:75 - [STDERR_REDIRECT] 
2024-02-17 19:25:54,168 [INFO] LogOutputStream:77 - [STDOUT_REDIRECT] 
2024-02-17 19:25:55,919 [INFO] LogOutputStream:77 - [STDOUT_REDIRECT] 
2024-02-17 19:25:57,194 [INFO] ApplicationProperties:184 - Using Application install path: /Applications/STM32CubeIDE.app/Contents/Eclipse/plugins/com.st.stm32cube.common.mx_6.9.1.202307191849
2024-02-17 19:25:57,214 [INFO] DbMcusXml:78 - Set database path to: /Applications/STM32CubeIDE.app/Contents/Eclipse/plugins/com.st.stm32cube.common.mx_6.9.1.202307191849//db//mcu/
2024-02-17 19:25:57,214 [INFO] ApiDb:274 - Set plugin database path to: /Applications/STM32CubeIDE.app/Contents/Eclipse/plugins/com.st.stm32cube.common.mx_6.9.1.202307191849//db//plugins/boardmanager/
2024-02-17 19:25:57,215 [WARN] ApiDb:259 - Overriding images path with different value:  => /Applications/STM32CubeIDE.app/Contents/Eclipse/plugins/com.st.stm32cube.common.mx_6.9.1.202307191849//db//plugins/mcufinder/images/
2024-02-17 19:25:57,228 [INFO] ApiDb:250 - Set database path to: /Users/jeffsnyder/.stmcufinder/plugins/mcufinder//mcu/
2024-02-17 19:25:57,230 [INFO] DbMcusAds:125 - Set database path to: /Users/jeffsnyder/.stmcufinder/plugins/mcufinder//mcu/
2024-02-17 19:25:57,234 [INFO] CrossReferenceDbSqlite:203 - Set database path to: /Users/jeffsnyder/.stmcufinder/plugins/mcufinder//mcu/cs/
2024-02-17 19:25:57,363 [INFO] RulesReader:64 - Compatibility file has been processed (293 Rules)
2024-02-17 19:25:57,448 [INFO] DbMcusXml:78 - Set database path to: /Applications/STM32CubeIDE.app/Contents/Eclipse/plugins/com.st.stm32cube.common.mx_6.9.1.202307191849//db//mcu/
2024-02-17 19:25:57,449 [INFO] ApiDb:274 - Set plugin database path to: /Applications/STM32CubeIDE.app/Contents/Eclipse/plugins/com.st.stm32cube.common.mx_6.9.1.202307191849//db//plugins/boardmanager/
2024-02-17 19:25:57,449 [INFO] ApiDb:261 - Set plugin images path to: /Applications/STM32CubeIDE.app/Contents/Eclipse/plugins/com.st.stm32cube.common.mx_6.9.1.202307191849//db//plugins/mcufinder/images/
2024-02-17 19:25:57,449 [WARN] DbFile:41 - Overriding database path with different value: /Users/jeffsnyder/.stmcufinder/plugins/mcufinder/ => /Users/jeffsnyder/.stmcufinder/plugins/mcufinder
2024-02-17 19:25:57,449 [INFO] ApiDb:250 - Set database path to: /Users/jeffsnyder/.stmcufinder/plugins/mcufinder//mcu/
2024-02-17 19:25:57,449 [WARN] DbFile:41 - Overriding database path with different value: /Users/jeffsnyder/.stmcufinder/plugins/mcufinder/ => /Users/jeffsnyder/.stmcufinder/plugins/mcufinder
2024-02-17 19:25:57,450 [INFO] DbMcusAds:125 - Set database path to: /Users/jeffsnyder/.stmcufinder/plugins/mcufinder//mcu/
2024-02-17 19:25:57,450 [WARN] DbFile:41 - Overriding database path with different value: /Users/jeffsnyder/.stmcufinder/plugins/mcufinder/ => /Users/jeffsnyder/.stmcufinder/plugins/mcufinder
2024-02-17 19:25:57,450 [WARN] DbFile:41 - Overriding database path with different value: /Users/jeffsnyder/.stmcufinder/plugins/mcufinder/ => /Users/jeffsnyder/.stmcufinder/plugins/mcufinder
2024-02-17 19:25:57,450 [INFO] CrossReferenceDbSqlite:203 - Set database path to: /Users/jeffsnyder/.stmcufinder/plugins/mcufinder//mcu/cs/
2024-02-17 19:25:57,532 [INFO] MainPanel:262 - HeapMemory: 268435456
2024-02-17 19:25:57,715 [INFO] DbMcusXml:78 - Set database path to: /Applications/STM32CubeIDE.app/Contents/Eclipse/plugins/com.st.stm32cube.common.mx_6.9.1.202307191849//db//mcu/
2024-02-17 19:25:57,716 [INFO] ApiDb:274 - Set plugin database path to: /Applications/STM32CubeIDE.app/Contents/Eclipse/plugins/com.st.stm32cube.common.mx_6.9.1.202307191849//db//plugins/boardmanager/
2024-02-17 19:25:57,716 [INFO] ApiDb:261 - Set plugin images path to: /Applications/STM32CubeIDE.app/Contents/Eclipse/plugins/com.st.stm32cube.common.mx_6.9.1.202307191849//db//plugins/mcufinder/images/
2024-02-17 19:25:57,716 [WARN] DbFile:41 - Overriding database path with different value: /Users/jeffsnyder/.stmcufinder/plugins/mcufinder/ => /Users/jeffsnyder/.stmcufinder/plugins/mcufinder
2024-02-17 19:25:57,717 [INFO] ApiDb:250 - Set database path to: /Users/jeffsnyder/.stmcufinder/plugins/mcufinder//mcu/
2024-02-17 19:25:57,717 [WARN] DbFile:41 - Overriding database path with different value: /Users/jeffsnyder/.stmcufinder/plugins/mcufinder/ => /Users/jeffsnyder/.stmcufinder/plugins/mcufinder
2024-02-17 19:25:57,717 [INFO] DbMcusAds:125 - Set database path to: /Users/jeffsnyder/.stmcufinder/plugins/mcufinder//mcu/
2024-02-17 19:25:57,717 [WARN] DbFile:41 - Overriding database path with different value: /Users/jeffsnyder/.stmcufinder/plugins/mcufinder/ => /Users/jeffsnyder/.stmcufinder/plugins/mcufinder
2024-02-17 19:25:57,717 [WARN] DbFile:41 - Overriding database path with different value: /Users/jeffsnyder/.stmcufinder/plugins/mcufinder/ => /Users/jeffsnyder/.stmcufinder/plugins/mcufinder
2024-02-17 19:25:57,717 [INFO] CrossReferenceDbSqlite:203 - Set database path to: /Users/jeffsnyder/.stmcufinder/plugins/mcufinder//mcu/cs/
2024-02-17 19:25:57,739 [INFO] ApplicationProperties:184 - Using Application install path: /Applications/STM32CubeIDE.app/Contents/Eclipse/plugins/com.st.stm32cube.common.mx_6.9.1.202307191849
2024-02-17 19:25:57,741 [INFO] PluginManage:196 - Search for loadable plugins [exclusion list=, ]
2024-02-17 19:25:57,743 [INFO] PluginManage:310 - Check plugin analytics
2024-02-17 19:25:57,948 [INFO] AnalyticsPlugin:253 - Accepted Software Licenses: STM32CubeMX.6.8.1
2024-02-17 19:25:57,948 [INFO] AnalyticsPlugin:255 - Accepted CMSIS Pack Licenses: ARM.CMSIS-DSP.1.15.0
2024-02-17 19:25:57,949 [INFO] AnalyticsPlugin:257 - Accepted Firmware Licenses: FW.H7.1.11.0
2024-02-17 19:25:57,951 [INFO] PluginManage:359 - Loaded plugin analytics (category:tool,tabindex:-1)
2024-02-17 19:25:57,952 [INFO] PluginManage:310 - Check plugin cadmodel
2024-02-17 19:25:58,362 [INFO] CADModel:105 - Init CAD model plugin
2024-02-17 19:25:58,362 [INFO] PluginManage:359 - Loaded plugin cadmodel (category:power,tabindex:5)
2024-02-17 19:25:58,363 [INFO] PluginManage:310 - Check plugin clock
2024-02-17 19:25:58,374 [INFO] PluginManage:359 - Loaded plugin clock (category:base,tabindex:2)
2024-02-17 19:25:58,375 [INFO] PluginManage:310 - Check plugin ddr
2024-02-17 19:25:58,377 [INFO] PluginManage:359 - Loaded plugin ddr (category:tool,tabindex:6)
2024-02-17 19:25:58,378 [INFO] PluginManage:310 - Check plugin filemanager
2024-02-17 19:25:58,533 [INFO] PluginManage:359 - Loaded plugin filemanager (category:base,tabindex:10)
2024-02-17 19:25:58,534 [INFO] PluginManage:310 - Check plugin ipmanager
2024-02-17 19:25:58,542 [INFO] PluginManage:359 - Loaded plugin ipmanager (category:base,tabindex:5)
2024-02-17 19:25:58,542 [INFO] PluginManage:310 - Check plugin lpbam
2024-02-17 19:25:58,566 [INFO] PluginManage:359 - Loaded plugin lpbam (category:base,tabindex:0)
2024-02-17 19:25:58,566 [INFO] PluginManage:310 - Check plugin memorymap
2024-02-17 19:25:58,585 [INFO] PluginManage:359 - Loaded plugin memorymap (category:base,tabindex:4)
2024-02-17 19:25:58,586 [INFO] PluginManage:310 - Check plugin pinoutandconfiguration
2024-02-17 19:25:58,596 [INFO] PluginManage:359 - Loaded plugin pinoutandconfiguration (category:base,tabindex:1)
2024-02-17 19:25:58,596 [INFO] PluginManage:310 - Check plugin pinoutconfig
2024-02-17 19:25:58,725 [WARN] SupportedApi:132 - Cannot load RTOS API schema: s4s-elt-must-match.1: The content of 'definitions' must match (annotation?, (simpleType | complexType)?, (unique | key | keyref)*)). A problem was found starting at: attribute.
2024-02-17 19:25:58,901 [INFO] PluginManage:359 - Loaded plugin pinoutconfig (category:base,tabindex:0)
2024-02-17 19:25:58,902 [INFO] PluginManage:310 - Check plugin power
2024-02-17 19:25:58,916 [INFO] PluginManage:359 - Loaded plugin power (category:power,tabindex:4)
2024-02-17 19:25:58,916 [INFO] PluginManage:310 - Check plugin projectmanager
2024-02-17 19:25:58,932 [INFO] PluginManage:359 - Loaded plugin projectmanager (category:projectmanager,tabindex:3)
2024-02-17 19:25:58,932 [INFO] PluginManage:310 - Check plugin thirdparty
2024-02-17 19:25:59,078 [INFO] PluginManage:359 - Loaded plugin thirdparty (category:base,tabindex:-1)
2024-02-17 19:25:59,078 [WARN] IntegrityCheckThread:84 - waiting for thirdparty lock release [integrity check]
2024-02-17 19:25:59,078 [INFO] PluginManage:310 - Check plugin tools
2024-02-17 19:25:59,078 [INFO] IntegrityCheckThread:86 - entering critical section [integrity check]
2024-02-17 19:25:59,078 [INFO] ThirdPartyUpdaterWithRetryManager:70 - Updater plugin not ready yet. [1/15]
2024-02-17 19:25:59,080 [INFO] PluginManage:359 - Loaded plugin tools (category:base,tabindex:7)
2024-02-17 19:25:59,081 [INFO] PluginManage:310 - Check plugin tutovideos
2024-02-17 19:25:59,312 [INFO] PluginManage:359 - Loaded plugin tutovideos (category:base,tabindex:-1)
2024-02-17 19:25:59,312 [INFO] PluginManage:310 - Check plugin updater
2024-02-17 19:25:59,324 [INFO] PluginManage:359 - Loaded plugin updater (category:base,tabindex:12)
2024-02-17 19:25:59,324 [INFO] PluginManage:310 - Check plugin userauth
2024-02-17 19:25:59,330 [INFO] UserAuth:113 - Init User Auth plugin
2024-02-17 19:25:59,330 [INFO] PluginManage:359 - Loaded plugin userauth (category:base,tabindex:14)
2024-02-17 19:25:59,330 [INFO] PluginManage:283 - PluginManage : Loaded plugins [17]
2024-02-17 19:25:59,535 [INFO] PinOutPanel:1499 - setPackage(No Configuration,No Configuration)
2024-02-17 19:25:59,639 [INFO] CADModel:165 - CPN selected for project level
2024-02-17 19:25:59,640 [INFO] CADModel:114 - Register for checkConnection events
2024-02-17 19:25:59,654 [INFO] IPUIPlugin:80 - create IPUIPlugin
2024-02-17 19:25:59,654 [INFO] PluginManager:220 - loadIPPluginJar : add mdma
2024-02-17 19:25:59,662 [INFO] IPUIPlugin:80 - create IPUIPlugin
2024-02-17 19:25:59,663 [INFO] PluginManager:220 - loadIPPluginJar : add freertos
2024-02-17 19:25:59,669 [INFO] IPUIPlugin:80 - create IPUIPlugin
2024-02-17 19:25:59,669 [INFO] PluginManager:220 - loadIPPluginJar : add gic
2024-02-17 19:25:59,679 [INFO] IPUIPlugin:80 - create IPUIPlugin
2024-02-17 19:25:59,679 [INFO] PluginManager:220 - loadIPPluginJar : add adc
2024-02-17 19:25:59,683 [INFO] IPUIPlugin:80 - create IPUIPlugin
2024-02-17 19:25:59,683 [INFO] PluginManager:220 - loadIPPluginJar : add gtzc
2024-02-17 19:25:59,684 [INFO] IPUIPlugin:80 - create IPUIPlugin
2024-02-17 19:25:59,685 [INFO] PluginManager:220 - loadIPPluginJar : add quadspi
2024-02-17 19:25:59,688 [INFO] IPUIPlugin:80 - create IPUIPlugin
2024-02-17 19:25:59,688 [INFO] PluginManager:220 - loadIPPluginJar : add aes
2024-02-17 19:25:59,691 [INFO] IPUIPlugin:80 - create IPUIPlugin
2024-02-17 19:25:59,691 [INFO] PluginManager:220 - loadIPPluginJar : add pdm2pcm
2024-02-17 19:25:59,694 [INFO] IPUIPlugin:80 - create IPUIPlugin
2024-02-17 19:25:59,694 [INFO] PluginManager:220 - loadIPPluginJar : add hash
2024-02-17 19:25:59,696 [INFO] IPUIPlugin:80 - create IPUIPlugin
2024-02-17 19:25:59,696 [INFO] PluginManager:220 - loadIPPluginJar : add tim
2024-02-17 19:25:59,698 [INFO] IPUIPlugin:80 - create IPUIPlugin
2024-02-17 19:25:59,698 [INFO] PluginManager:220 - loadIPPluginJar : add tsc
2024-02-17 19:25:59,700 [INFO] IPUIPlugin:80 - create IPUIPlugin
2024-02-17 19:25:59,700 [INFO] PluginManager:220 - loadIPPluginJar : add ts
2024-02-17 19:25:59,703 [INFO] IPUIPlugin:80 - create IPUIPlugin
2024-02-17 19:25:59,703 [INFO] PluginManager:220 - loadIPPluginJar : add can
2024-02-17 19:25:59,706 [INFO] IPUIPlugin:80 - create IPUIPlugin
2024-02-17 19:25:59,707 [INFO] PluginManager:220 - loadIPPluginJar : add dma3
2024-02-17 19:25:59,710 [INFO] IPUIPlugin:80 - create IPUIPlugin
2024-02-17 19:25:59,711 [INFO] PluginManager:220 - loadIPPluginJar : add dfsdm
2024-02-17 19:25:59,713 [INFO] IPUIPlugin:80 - create IPUIPlugin
2024-02-17 19:25:59,714 [INFO] PluginManager:220 - loadIPPluginJar : add spi
2024-02-17 19:25:59,716 [INFO] IPUIPlugin:80 - create IPUIPlugin
2024-02-17 19:25:59,716 [INFO] PluginManager:220 - loadIPPluginJar : add gfxmmu
2024-02-17 19:25:59,717 [INFO] IPUIPlugin:80 - create IPUIPlugin
2024-02-17 19:25:59,717 [INFO] PluginManager:220 - loadIPPluginJar : add genericplugin
2024-02-17 19:25:59,720 [INFO] IPUIPlugin:80 - create IPUIPlugin
2024-02-17 19:25:59,721 [INFO] PluginManager:220 - loadIPPluginJar : add cryp
2024-02-17 19:25:59,726 [INFO] IPUIPlugin:80 - create IPUIPlugin
2024-02-17 19:25:59,726 [INFO] PluginManager:220 - loadIPPluginJar : add gpio
2024-02-17 19:25:59,728 [INFO] IPUIPlugin:80 - create IPUIPlugin
2024-02-17 19:25:59,728 [INFO] PluginManager:220 - loadIPPluginJar : add comp
2024-02-17 19:25:59,730 [INFO] IPUIPlugin:80 - create IPUIPlugin
2024-02-17 19:25:59,730 [INFO] PluginManager:220 - loadIPPluginJar : add tracer_emb
2024-02-17 19:25:59,733 [INFO] IPUIPlugin:80 - create IPUIPlugin
2024-02-17 19:25:59,733 [INFO] PluginManager:220 - loadIPPluginJar : add openamp
2024-02-17 19:25:59,739 [INFO] IPUIPlugin:80 - create IPUIPlugin
2024-02-17 19:25:59,739 [INFO] PluginManager:220 - loadIPPluginJar : add stm32_wpan
2024-02-17 19:25:59,746 [INFO] IPUIPlugin:80 - create IPUIPlugin
2024-02-17 19:25:59,749 [INFO] PluginManager:220 - loadIPPluginJar : add plateformsettings
2024-02-17 19:25:59,753 [INFO] IPUIPlugin:80 - create IPUIPlugin
2024-02-17 19:25:59,753 [INFO] PluginManager:220 - loadIPPluginJar : add ipddr
2024-02-17 19:25:59,756 [INFO] IPUIPlugin:80 - create IPUIPlugin
2024-02-17 19:25:59,756 [INFO] PluginManager:220 - loadIPPluginJar : add usart
2024-02-17 19:25:59,757 [INFO] IPUIPlugin:80 - create IPUIPlugin
2024-02-17 19:25:59,757 [INFO] PluginManager:220 - loadIPPluginJar : add ltdc
2024-02-17 19:25:59,761 [INFO] IPUIPlugin:80 - create IPUIPlugin
2024-02-17 19:25:59,762 [INFO] PluginManager:220 - loadIPPluginJar : add nvic
2024-02-17 19:25:59,763 [INFO] IPUIPlugin:80 - create IPUIPlugin
2024-02-17 19:25:59,763 [INFO] PluginManager:220 - loadIPPluginJar : add fatfs
2024-02-17 19:25:59,772 [INFO] IPUIPlugin:80 - create IPUIPlugin
2024-02-17 19:25:59,772 [INFO] PluginManager:220 - loadIPPluginJar : add linkedlist
2024-02-17 19:25:59,777 [INFO] IPUIPlugin:80 - create IPUIPlugin
2024-02-17 19:25:59,778 [INFO] PluginManager:220 - loadIPPluginJar : add dma
2024-02-17 19:25:59,782 [INFO] IPUIPlugin:80 - create IPUIPlugin
2024-02-17 19:25:59,782 [INFO] PluginManager:220 - loadIPPluginJar : add fmc
2024-02-17 19:25:59,785 [INFO] IPUIPlugin:80 - create IPUIPlugin
2024-02-17 19:25:59,785 [INFO] PluginManager:220 - loadIPPluginJar : add i2s
2024-02-17 19:25:59,786 [INFO] IPUIPlugin:80 - create IPUIPlugin
2024-02-17 19:25:59,787 [INFO] PluginManager:220 - loadIPPluginJar : add ucpd
2024-02-17 19:25:59,789 [INFO] IPUIPlugin:80 - create IPUIPlugin
2024-02-17 19:25:59,789 [INFO] PluginManager:220 - loadIPPluginJar : add lorawan
2024-02-17 19:25:59,792 [INFO] IPUIPlugin:80 - create IPUIPlugin
2024-02-17 19:25:59,792 [INFO] PluginManager:220 - loadIPPluginJar : add opamp
2024-02-17 19:25:59,795 [INFO] IPUIPlugin:80 - create IPUIPlugin
2024-02-17 19:25:59,796 [INFO] PluginManager:220 - loadIPPluginJar : add i3c
2024-02-17 19:25:59,800 [INFO] IPUIPlugin:80 - create IPUIPlugin
2024-02-17 19:25:59,800 [INFO] PluginManager:220 - loadIPPluginJar : add touchsensing
2024-02-17 19:25:59,803 [INFO] IPUIPlugin:80 - create IPUIPlugin
2024-02-17 19:25:59,803 [INFO] PluginManager:220 - loadIPPluginJar : add i2c
2024-02-17 19:25:59,808 [INFO] IPUIPlugin:80 - create IPUIPlugin
2024-02-17 19:25:59,808 [INFO] PluginManager:220 - loadIPPluginJar : add resmgrutility
2024-02-17 19:25:59,811 [INFO] IPUIPlugin:80 - create IPUIPlugin
2024-02-17 19:25:59,812 [INFO] PluginManager:220 - loadIPPluginJar : add sai
2024-02-17 19:25:59,815 [INFO] IPUIPlugin:80 - create IPUIPlugin
2024-02-17 19:25:59,815 [INFO] PluginManager:220 - loadIPPluginJar : add usbx
2024-02-17 19:25:59,918 [INFO] CADModel:165 - CPN selected for project level
2024-02-17 19:25:59,919 [INFO] CADModel:114 - Register for checkConnection events
2024-02-17 19:25:59,919 [FATAL] Updater:308 - Updater called before beeing initialized
2024-02-17 19:25:59,919 [ERROR] CADModel:125 - Updater not yet initialized, retry later 
2024-02-17 19:26:00,112 [INFO] CADModel:165 - CPN selected for project level
2024-02-17 19:26:00,112 [INFO] CADModel:114 - Register for checkConnection events
2024-02-17 19:26:00,112 [FATAL] Updater:308 - Updater called before beeing initialized
2024-02-17 19:26:00,113 [ERROR] CADModel:125 - Updater not yet initialized, retry later 
2024-02-17 19:26:00,116 [FATAL] Updater:308 - Updater called before beeing initialized
2024-02-17 19:26:00,204 [FATAL] Updater:308 - Updater called before beeing initialized
2024-02-17 19:26:00,211 [INFO] DbMcusAds:53 - JSON generation date=Thu Sep 30 02:55:09 EDT 2021 (1632984909247)
2024-02-17 19:26:00,211 [FATAL] Updater:308 - Updater called before beeing initialized
2024-02-17 19:26:00,396 [WARN] DetailPanel:346 - Failed to get advertising image, set to default
2024-02-17 19:26:00,510 [FATAL] Updater:308 - Updater called before beeing initialized
2024-02-17 19:26:00,513 [FATAL] Updater:308 - Updater called before beeing initialized
2024-02-17 19:26:00,513 [FATAL] Updater:308 - Updater called before beeing initialized
2024-02-17 19:26:00,513 [WARN] DetailPanel:346 - Failed to get advertising image, set to default
2024-02-17 19:26:00,514 [FATAL] Updater:308 - Updater called before beeing initialized
2024-02-17 19:26:00,539 [ERROR] Updater:1120 - MainUpdater not yet initialized. External WinMGr cannot be set.
2024-02-17 19:26:00,560 [INFO] Updater:1056 - Updater Version found : 6.9.1
2024-02-17 19:26:00,580 [INFO] ApplicationProperties:184 - Using Application install path: /Applications/STM32CubeIDE.app/Contents/Eclipse/plugins/com.st.stm32cube.common.mx_6.9.1.202307191849
2024-02-17 19:26:00,740 [INFO] MainUpdater:2868 - connection check result : 10
2024-02-17 19:26:00,740 [INFO] MainUpdater:3562 - Updater definition file requires update
2024-02-17 19:26:00,740 [INFO] MainUpdater:285 - Updater Check For Update Now.
2024-02-17 19:26:00,741 [INFO] MicroXplorer:498 - Change Database Version : DB.6.0.91
2024-02-17 19:26:00,747 [INFO] McuFinderGlobals:63 - Set McuFinder mode to 2 (CubeIDE integrated)
2024-02-17 19:26:00,747 [INFO] UserAuth:179 - activating auth plugin
2024-02-17 19:26:00,749 [INFO] UserAuth:393 - Internet connection configuration mode: 1
2024-02-17 19:26:00,769 [INFO] JxBrowserEngine:151 - Initiate JxBrowser Engine with user profile folder
2024-02-17 19:26:00,778 [INFO] ServerAccessManage:473 - Download File updaters.zip
2024-02-17 19:26:00,854 [INFO] FileExtend:240 - Unzip File : updaters.zip
2024-02-17 19:26:00,854 [INFO] FileExtend:255 - Standard Zip Deflate
2024-02-17 19:26:01,070 [INFO] ServerAccessManage:473 - Download File PacksControlFlags.xml
2024-02-17 19:26:01,150 [INFO] ServerAccessManage:473 - Download File cubemx.pidx
2024-02-17 19:26:01,256 [INFO] LoadServerUpdatesThread:373 - End of LoadServerUpdate Thread
2024-02-17 19:26:01,431 [INFO] CheckServerUpdateThread:120 - End of CheckServer Thread
2024-02-17 19:26:02,346 [WARN] PackLoader:240 - Cannot read IP mode file for STMicroelectronics.X-CUBE-SMBUS.2.1.0
2024-02-17 19:26:02,357 [WARN] PackLoader:240 - Cannot read IP mode file for STMicroelectronics.X-CUBE-TOUCHGFX.4.23.0
2024-02-17 19:26:02,483 [WARN] PackLoader:240 - Cannot read IP mode file for STMicroelectronics.X-CUBE-MEMS1.9.2.0
2024-02-17 19:26:02,599 [INFO] WebApp:157 - Instantiating new browser for Auth
2024-02-17 19:26:02,742 [WARN] PackLoader:240 - Cannot read IP mode file for STMicroelectronics.X-CUBE-AZRTOS-F7.1.1.0
2024-02-17 19:26:02,751 [ERROR] RealEvaluatedCondition:428 - Found unsupported composite condition: CLASS='Data Exchange' GROUP='STM32_MetaDataManager'
2024-02-17 19:26:02,752 [ERROR] RealEvaluatedCondition:428 - Found unsupported composite condition: GROUP='STM32_MetaDataManager' CLASS='Data Exchange'
2024-02-17 19:26:02,754 [WARN] PackLoader:240 - Cannot read IP mode file for STMicroelectronics.FP-SNS-MOTENV1.4.3.0
2024-02-17 19:26:02,763 [WARN] PackLoader:240 - Cannot read IP mode file for STMicroelectronics.FP-SNS-MOTENV1.4.3.2
2024-02-17 19:26:02,768 [WARN] PackLoader:240 - Cannot read IP mode file for STMicroelectronics.FP-SNS-FLIGHT1.5.0.0
2024-02-17 19:26:02,772 [ERROR] RealEvaluatedCondition:428 - Found unsupported composite condition: CLASS='Data Exchange' GROUP='STM32_MetaDataManager'
2024-02-17 19:26:02,773 [ERROR] RealEvaluatedCondition:428 - Found unsupported composite condition: CLASS='Data Exchange' GROUP='STM32_MetaDataManager'
2024-02-17 19:26:02,774 [WARN] PackLoader:240 - Cannot read IP mode file for STMicroelectronics.FP-SNS-MOTENV1.4.3.1
2024-02-17 19:26:02,781 [WARN] PackLoader:240 - Cannot read IP mode file for STMicroelectronics.FP-SNS-FLIGHT1.5.0.1
2024-02-17 19:26:02,788 [WARN] PackLoader:240 - Cannot read IP mode file for STMicroelectronics.X-CUBE-BLE1.6.2.3
2024-02-17 19:26:02,794 [WARN] PackLoader:240 - Cannot read IP mode file for STMicroelectronics.X-CUBE-BLE1.6.2.4
2024-02-17 19:26:02,799 [WARN] PackLoader:240 - Cannot read IP mode file for STMicroelectronics.FP-SNS-FLIGHT1.5.0.2
2024-02-17 19:26:02,812 [WARN] PackLoader:240 - Cannot read IP mode file for STMicroelectronics.X-CUBE-TOF1.3.1.0
2024-02-17 19:26:02,830 [WARN] PackLoader:240 - Cannot read IP mode file for STMicroelectronics.X-CUBE-DISPLAY.3.0.0
2024-02-17 19:26:02,841 [WARN] PackLoader:240 - Cannot read IP mode file for STMicroelectronics.X-CUBE-BLE1.7.0.0
2024-02-17 19:26:02,848 [WARN] PackLoader:240 - Cannot read IP mode file for emotas.I-CUBE-CANOPEN.1.3.0
2024-02-17 19:26:02,851 [WARN] PackLoader:240 - Cannot read IP mode file for STMicroelectronics.X-CUBE-TOUCHGFX.4.22.0
2024-02-17 19:26:02,854 [WARN] PackLoader:240 - Cannot read IP mode file for STMicroelectronics.X-CUBE-TOUCHGFX.4.22.1
2024-02-17 19:26:02,927 [WARN] PackLoader:240 - Cannot read IP mode file for STMicroelectronics.X-CUBE-MEMS1.9.3.0
2024-02-17 19:26:03,116 [WARN] PackLoader:240 - Cannot read IP mode file for STMicroelectronics.X-CUBE-AI.7.2.0
2024-02-17 19:26:03,121 [WARN] PackLoader:240 - Cannot read IP mode file for STMicroelectronics.FP-SNS-SMARTAG2.1.2.0
2024-02-17 19:26:03,134 [INFO] LogOutputStream:77 - [STDOUT_REDIRECT] 1 : Invalid condition id : UX_CORESTACK_Condition cause : null
2024-02-17 19:26:03,135 [INFO] LogOutputStream:77 - [STDOUT_REDIRECT] 1 : Invalid condition id : UX_CORESTACK_Condition cause : null
2024-02-17 19:26:03,135 [INFO] LogOutputStream:77 - [STDOUT_REDIRECT] 1 : Invalid condition id : UX_CORESTACK_Condition cause : null
2024-02-17 19:26:03,135 [INFO] LogOutputStream:77 - [STDOUT_REDIRECT] 1 : Invalid condition id : UX_CORESTACK_Condition cause : null
2024-02-17 19:26:03,136 [INFO] LogOutputStream:77 - [STDOUT_REDIRECT] 1 : Invalid condition id : UX_CORESTACK_Condition cause : null
2024-02-17 19:26:03,141 [WARN] PackLoader:240 - Cannot read IP mode file for STMicroelectronics.X-CUBE-AZRTOS-WL.2.0.0
2024-02-17 19:26:03,152 [WARN] PackLoader:240 - Cannot read IP mode file for WES.I-CUBE-Cesium.1.3.0
2024-02-17 19:26:03,157 [WARN] PackLoader:240 - Cannot read IP mode file for STMicroelectronics.X-CUBE-BLE2.3.3.0
2024-02-17 19:26:03,165 [WARN] PackLoader:240 - Cannot read IP mode file for STMicroelectronics.X-CUBE-DISPLAY.2.2.0
2024-02-17 19:26:03,184 [WARN] PackLoader:240 - Cannot read IP mode file for STMicroelectronics.X-CUBE-TOF1.3.2.0
2024-02-17 19:26:03,196 [WARN] PackLoader:240 - Cannot read IP mode file for STMicroelectronics.X-CUBE-ISPU.1.0.0
2024-02-17 19:26:03,218 [WARN] PackLoader:240 - Cannot read IP mode file for STMicroelectronics.X-CUBE-AZRTOS-H7.2.1.0
2024-02-17 19:26:03,224 [WARN] PackLoader:240 - Cannot read IP mode file for STMicroelectronics.X-CUBE-TOUCHGFX.4.21.1
2024-02-17 19:26:03,226 [WARN] PackLoader:240 - Cannot read IP mode file for STMicroelectronics.X-CUBE-TOUCHGFX.4.21.0
2024-02-17 19:26:03,229 [WARN] PackLoader:240 - Cannot read IP mode file for STMicroelectronics.X-CUBE-TOUCHGFX.4.21.3
2024-02-17 19:26:03,232 [WARN] PackLoader:240 - Cannot read IP mode file for STMicroelectronics.X-CUBE-TOUCHGFX.4.21.4
2024-02-17 19:26:03,289 [WARN] PackLoader:240 - Cannot read IP mode file for STMicroelectronics.X-CUBE-MEMS1.9.4.0
2024-02-17 19:26:03,467 [WARN] PackLoader:240 - Cannot read IP mode file for STMicroelectronics.X-CUBE-AI.7.3.0
2024-02-17 19:26:03,473 [WARN] PackLoader:240 - Cannot read IP mode file for STMicroelectronics.X-CUBE-ALGOBUILD.1.3.0
2024-02-17 19:26:03,487 [WARN] PackLoader:240 - Cannot read IP mode file for STMicroelectronics.X-CUBE-AZRTOS-G0.1.1.0
2024-02-17 19:26:03,496 [WARN] PackLoader:240 - Cannot read IP mode file for STMicroelectronics.X-CUBE-NFC4.3.0.0
2024-02-17 19:26:03,539 [WARN] PackLoader:240 - Cannot read IP mode file for SEGGER.I-CUBE-embOS.1.2.0
2024-02-17 19:26:03,589 [WARN] PackLoader:240 - Cannot read IP mode file for STMicroelectronics.X-CUBE-BLEMGR.3.0.0
2024-02-17 19:26:03,597 [WARN] PackLoader:240 - Cannot read IP mode file for STMicroelectronics.X-CUBE-BLEMGR.1.3.0
2024-02-17 19:26:03,602 [WARN] PackLoader:240 - Cannot read IP mode file for STMicroelectronics.FP-ATR-SIGFOX1.3.2.0
2024-02-17 19:26:03,607 [WARN] PackLoader:240 - Cannot read IP mode file for STMicroelectronics.X-CUBE-EEPRMA1.5.1.0
2024-02-17 19:26:03,614 [WARN] PackLoader:240 - Cannot read IP mode file for emotas.I-CUBE-CANOPEN.1.1.2
2024-02-17 19:26:03,617 [WARN] PackLoader:240 - Cannot read IP mode file for STMicroelectronics.X-CUBE-TOUCHGFX.4.20.0
2024-02-17 19:26:03,653 [WARN] PackLoader:240 - Cannot read IP mode file for STMicroelectronics.X-CUBE-MEMS1.9.5.0
2024-02-17 19:26:03,852 [WARN] PackLoader:240 - Cannot read IP mode file for SEGGER.I-CUBE-embOS.1.3.1
2024-02-17 19:26:03,863 [INFO] WebApp:753 - Register for checkConnection events
2024-02-17 19:26:03,863 [INFO] WebApp:390 - Apply proxy settings
2024-02-17 19:26:03,867 [INFO] WebApp:455 - Chromium authenticates against System proxy
2024-02-17 19:26:03,895 [WARN] PackLoader:240 - Cannot read IP mode file for STMicroelectronics.X-CUBE-GNSS1.6.0.0
2024-02-17 19:26:03,912 [WARN] PackLoader:240 - Cannot read IP mode file for STMicroelectronics.X-CUBE-AZRTOS-F4.1.1.0
2024-02-17 19:26:03,918 [WARN] PackLoader:240 - Cannot read IP mode file for wolfSSL.I-CUBE-wolfSSL.5.6.6
2024-02-17 19:26:03,925 [WARN] PackLoader:240 - Cannot read IP mode file for STMicroelectronics.X-CUBE-BLEMGR.1.2.0
2024-02-17 19:26:03,943 [WARN] PackLoader:240 - Cannot read IP mode file for STMicroelectronics.X-CUBE-AZRTOS-L5.2.0.0
2024-02-17 19:26:04,004 [WARN] PackLoader:240 - Cannot read IP mode file for STMicroelectronics.X-CUBE-MEMS1.9.6.0
2024-02-17 19:26:04,133 [WARN] PackLoader:240 - Cannot read IP mode file for STMicroelectronics.X-CUBE-EEPRMA1.4.2.0
2024-02-17 19:26:04,137 [WARN] PackLoader:240 - Cannot read IP mode file for ITTIA_DB.I-CUBE-ITTIADB.8.8.0
2024-02-17 19:26:04,143 [ERROR] Engine:466 - /Users/jeffsnyder/STM32Cube/Repository/Packs/ARM/CMSIS-DSP/1.15.0/ARM.CMSIS-DSP.pdsc: PDSC version is not supported
2024-02-17 19:26:04,149 [WARN] PackLoader:240 - Cannot read IP mode file for STMicroelectronics.X-CUBE-BLEMGR.2.0.0
2024-02-17 19:26:04,156 [WARN] PackLoader:240 - Cannot read IP mode file for STMicroelectronics.X-CUBE-NFC4.2.0.5
2024-02-17 19:26:04,161 [WARN] PackLoader:240 - Cannot read IP mode file for STMicroelectronics.X-CUBE-NFC4.2.0.4
2024-02-17 19:26:04,186 [WARN] ConditionMgr:438 - getConditionDescription Invalid condition id : UX DEVICE CLASS RTOS Condition cause : null
2024-02-17 19:26:04,186 [WARN] ConditionMgr:438 - getConditionDescription Invalid condition id : UX DEVICE CLASS RTOS Condition cause : null
2024-02-17 19:26:04,189 [WARN] PackLoader:240 - Cannot read IP mode file for STMicroelectronics.X-CUBE-AZRTOS-H7.3.1.0
2024-02-17 19:26:04,191 [WARN] ConditionMgr:1039 - genDependencies : Invalid condition id : UX DEVICE CLASS RTOS Condition cause : null
2024-02-17 19:26:04,191 [WARN] ConditionMgr:1039 - genDependencies : Invalid condition id : UX DEVICE CLASS RTOS Condition cause : null
2024-02-17 19:26:04,191 [WARN] ConditionMgr:1039 - genDependencies : Invalid condition id : UX DEVICE CLASS RTOS Condition cause : null
2024-02-17 19:26:04,192 [WARN] ConditionMgr:1039 - genDependencies : Invalid condition id : UX DEVICE CLASS RTOS Condition cause : null
2024-02-17 19:26:04,192 [WARN] ConditionMgr:1039 - genDependencies : Invalid condition id : UX DEVICE CLASS RTOS Condition cause : null
2024-02-17 19:26:04,193 [INFO] WebApp:188 - Starting web application
2024-02-17 19:26:04,193 [INFO] WebApp:520 - Web application path used /Applications/STM32CubeIDE.app/Contents/Eclipse/plugins/com.st.stm32cube.common.mx_6.9.1.202307191849/db/plugins/mcufinder/reactClient1/index.html
2024-02-17 19:26:04,209 [WARN] PackLoader:240 - Cannot read IP mode file for STMicroelectronics.X-CUBE-AZRTOS-F4.1.0.0
2024-02-17 19:26:04,218 [WARN] PackLoader:240 - Cannot read IP mode file for STMicroelectronics.X-CUBE-NFC7.1.0.1
2024-02-17 19:26:04,224 [WARN] PackLoader:240 - Cannot read IP mode file for STMicroelectronics.X-CUBE-NFC7.1.0.0
2024-02-17 19:26:04,231 [WARN] PackLoader:240 - Cannot read IP mode file for STMicroelectronics.X-CUBE-NFC6.3.0.0
2024-02-17 19:26:04,237 [WARN] PackLoader:240 - Cannot read IP mode file for STMicroelectronics.X-CUBE-EEPRMA1.4.1.0
2024-02-17 19:26:04,242 [WARN] PackLoader:240 - Cannot read IP mode file for STMicroelectronics.X-CUBE-AI.8.1.0
2024-02-17 19:26:04,260 [WARN] ConditionMgr:438 - getConditionDescription Invalid condition id : LAN8742 Phy interface Condition cause : null
2024-02-17 19:26:04,261 [WARN] PackLoader:240 - Cannot read IP mode file for STMicroelectronics.X-CUBE-AZRTOS-L4.2.0.0
2024-02-17 19:26:04,262 [WARN] ConditionMgr:1039 - genDependencies : Invalid condition id : LAN8742 Phy interface Condition cause : null
2024-02-17 19:26:04,262 [WARN] ConditionMgr:1039 - genDependencies : Invalid condition id : LAN8742 Phy interface Condition cause : null
2024-02-17 19:26:04,263 [WARN] ConditionMgr:1039 - genDependencies : Invalid condition id : LAN8742 Phy interface Condition cause : null
2024-02-17 19:26:04,269 [WARN] PackLoader:240 - Cannot read IP mode file for STMicroelectronics.X-CUBE-SFXS2LP1.4.0.0
2024-02-17 19:26:04,288 [WARN] PackLoader:240 - Cannot read IP mode file for STMicroelectronics.X-CUBE-AZRTOS-H7.3.0.0
2024-02-17 19:26:04,294 [WARN] PackLoader:240 - Cannot read IP mode file for STMicroelectronics.X-CUBE-ISPU.1.1.0
2024-02-17 19:26:04,301 [WARN] PackLoader:240 - Cannot read IP mode file for RoweBots.I-CUBE-UNISONRTOS.5.5.0-4
2024-02-17 19:26:04,305 [WARN] PackLoader:240 - Cannot read IP mode file for STMicroelectronics.X-CUBE-AI.8.0.0
2024-02-17 19:26:04,318 [WARN] ConditionMgr:438 - getConditionDescription Invalid condition id : UX DEVICE CLASS RTOS Condition cause : null
2024-02-17 19:26:04,318 [WARN] ConditionMgr:438 - getConditionDescription Invalid condition id : UX DEVICE CLASS RTOS Condition cause : null
2024-02-17 19:26:04,320 [WARN] PackLoader:240 - Cannot read IP mode file for STMicroelectronics.X-CUBE-AZRTOS-WB.2.0.0
2024-02-17 19:26:04,321 [WARN] ConditionMgr:1039 - genDependencies : Invalid condition id : UX DEVICE CLASS RTOS Condition cause : null
2024-02-17 19:26:04,321 [WARN] ConditionMgr:1039 - genDependencies : Invalid condition id : UX DEVICE CLASS RTOS Condition cause : null
2024-02-17 19:26:04,321 [WARN] ConditionMgr:1039 - genDependencies : Invalid condition id : UX DEVICE CLASS RTOS Condition cause : null
2024-02-17 19:26:04,322 [WARN] ConditionMgr:1039 - genDependencies : Invalid condition id : UX DEVICE CLASS RTOS Condition cause : null
2024-02-17 19:26:04,322 [WARN] ConditionMgr:1039 - genDependencies : Invalid condition id : UX DEVICE CLASS RTOS Condition cause : null
2024-02-17 19:26:04,327 [WARN] PackLoader:240 - Cannot read IP mode file for STMicroelectronics.X-CUBE-FREERTOS.1.0.0
2024-02-17 19:26:04,330 [WARN] PackLoader:240 - Cannot read IP mode file for STMicroelectronics.X-CUBE-FREERTOS.1.0.1
2024-02-17 19:26:04,336 [WARN] PackLoader:240 - Cannot read IP mode file for STMicroelectronics.X-CUBE-BLEMGR.1.0.0
2024-02-17 19:26:04,356 [WARN] PackLoader:240 - Cannot read IP mode file for STMicroelectronics.X-CUBE-AZRTOS-L5.1.1.0
2024-02-17 19:26:04,363 [WARN] PackLoader:240 - Cannot read IP mode file for STMicroelectronics.X-CUBE-AI.8.0.1
2024-02-17 19:26:04,375 [WARN] PackLoader:240 - Cannot read IP mode file for STMicroelectronics.X-CUBE-SUBG2.5.0.0
2024-02-17 19:26:04,409 [WARN] PackLoader:240 - Cannot read IP mode file for STMicroelectronics.X-CUBE-TOF1.3.3.1
2024-02-17 19:26:04,449 [WARN] PackLoader:240 - Cannot read IP mode file for STMicroelectronics.X-CUBE-AZRTOS-G4.2.0.0
2024-02-17 19:26:04,466 [WARN] PackLoader:240 - Cannot read IP mode file for STMicroelectronics.X-CUBE-TOF1.3.3.0
2024-02-17 19:26:04,489 [WARN] PackLoader:240 - Cannot read IP mode file for STMicroelectronics.FP-ATR-ASTRA1.1.1.1
2024-02-17 19:26:04,506 [WARN] PackLoader:240 - Cannot read IP mode file for Infineon.AIROC-Wi-Fi-Bluetooth-STM32.1.5.1
2024-02-17 19:26:04,526 [WARN] PackLoader:240 - Cannot read IP mode file for STMicroelectronics.FP-ATR-ASTRA1.1.1.0
2024-02-17 19:26:04,532 [WARN] PackLoader:240 - Cannot read IP mode file for STMicroelectronics.FP-SNS-MOTENVWB1.1.3.0
2024-02-17 19:26:04,539 [WARN] PackLoader:240 - Cannot read IP mode file for STMicroelectronics.FP-SNS-MOTENVWB1.1.3.1
2024-02-17 19:26:04,556 [WARN] PackLoader:240 - Cannot read IP mode file for STMicroelectronics.X-CUBE-AZRTOS-G4.1.0.0
2024-02-17 19:26:04,562 [WARN] PackLoader:240 - Cannot read IP mode file for wolfSSL.I-CUBE-wolfSSL.5.3.0
2024-02-17 19:26:04,592 [WARN] PackLoader:240 - Cannot read IP mode file for STMicroelectronics.X-CUBE-AZRTOS-L4.1.0.0
2024-02-17 19:26:04,600 [WARN] PackLoader:240 - Cannot read IP mode file for STMicroelectronics.X-CUBE-ISPU.2.0.0
2024-02-17 19:26:04,650 [WARN] PackLoader:240 - Cannot read IP mode file for STMicroelectronics.X-CUBE-MEMS1.10.0.0
2024-02-17 19:26:04,775 [WARN] PackLoader:240 - Cannot read IP mode file for STMicroelectronics.X-CUBE-FREERTOS.1.1.0
2024-02-17 19:26:04,788 [WARN] PackLoader:240 - Cannot read IP mode file for STMicroelectronics.X-CUBE-AZRTOS-F7.1.0.0
2024-02-17 19:26:04,800 [WARN] PackLoader:240 - Cannot read IP mode file for STMicroelectronics.X-CUBE-AZRTOS-WL.1.0.0
2024-02-17 19:26:04,805 [WARN] PackLoader:240 - Cannot read IP mode file for portGmbH.I-Cube-SoM-uGOAL.1.1.0
2024-02-17 19:26:04,809 [WARN] PackLoader:240 - Cannot read IP mode file for STMicroelectronics.X-CUBE-ALS.1.0.1
2024-02-17 19:26:04,833 [WARN] PackLoader:240 - Cannot read IP mode file for STMicroelectronics.X-CUBE-AZRTOS-WB.1.1.0
2024-02-17 19:26:04,846 [WARN] PackLoader:240 - Cannot read IP mode file for STMicroelectronics.X-CUBE-AZRTOS-L5.1.0.0
2024-02-17 19:26:04,852 [WARN] PackLoader:240 - Cannot read IP mode file for STMicroelectronics.X-CUBE-EEPRMA1.3.1.1
2024-02-17 19:26:04,855 [WARN] PackLoader:240 - Cannot read IP mode file for STMicroelectronics.FP-ATR-ASTRA1.2.0.0
2024-02-17 19:26:04,864 [WARN] PackLoader:240 - Cannot read IP mode file for STMicroelectronics.X-CUBE-TOF1.3.4.0
2024-02-17 19:26:04,891 [WARN] PackLoader:240 - Cannot read IP mode file for STMicroelectronics.X-CUBE-AZRTOS-H7.3.2.0
2024-02-17 19:26:04,894 [INFO] ThirdParty:978 - Integrity check success = true
2024-02-17 19:26:04,894 [INFO] IntegrityCheckThread:100 - exiting critical section [integrity check]
2024-02-17 19:26:04,894 [INFO] IntegrityCheckThread:103 - End integrity checks thread
2024-02-17 19:26:25,142 [ERROR] LogOutputStream:75 - [STDERR_REDIRECT] SLF4J: Failed to load class "org.slf4j.impl.StaticLoggerBinder".
2024-02-17 19:26:25,143 [ERROR] LogOutputStream:75 - [STDERR_REDIRECT] SLF4J: Defaulting to no-operation (NOP) logger implementation
2024-02-17 19:26:25,143 [ERROR] LogOutputStream:75 - [STDERR_REDIRECT] SLF4J: See http://www.slf4j.org/codes.html#StaticLoggerBinder for further details.
