2023-05-24 14:33:00,101 [INFO] Activator:176 - 


2023-05-24 14:33:00,108 [INFO] Activator:177 - !SESSION log4j initialized
2023-05-24 14:33:04,761 [ERROR] LogOutputStream:75 - [STDERR_REDIRECT] 
2023-05-24 14:33:05,607 [INFO] LogOutputStream:77 - [STDOUT_REDIRECT] 
2023-05-24 14:33:07,399 [INFO] LogOutputStream:77 - [STDOUT_REDIRECT] 
2023-05-24 14:33:25,442 [ERROR] LogOutputStream:75 - [STDERR_REDIRECT] SLF4J: Failed to load class "org.slf4j.impl.StaticLoggerBinder".
2023-05-24 14:33:25,443 [ERROR] LogOutputStream:75 - [STDERR_REDIRECT] SLF4J: Defaulting to no-operation (NOP) logger implementation
2023-05-24 14:33:25,443 [ERROR] LogOutputStream:75 - [STDERR_REDIRECT] SLF4J: See http://www.slf4j.org/codes.html#StaticLoggerBinder for further details.
2023-05-24 15:29:53,674 [ERROR] ConfigurationRetriever:142 - IOException on connection: sw-center.st.com
2023-05-24 15:29:53,674 [ERROR] ConfigurationRetriever:142 - IOException on connection: sw-center.st.com
2023-05-24 15:29:53,675 [ERROR] ConfigurationRetriever:142 - IOException on connection: sw-center.st.com
2023-05-24 15:29:53,688 [ERROR] ConfigurationRetriever:142 - IOException on connection: sw-center.st.com
2023-05-24 15:29:53,689 [ERROR] ConfigurationRetriever:142 - IOException on connection: sw-center.st.com
2023-05-24 15:29:53,689 [ERROR] ConfigurationRetriever:142 - IOException on connection: sw-center.st.com
2023-05-24 17:19:48,613 [ERROR] ConfigurationRetriever:142 - IOException on connection: sw-center.st.com
2023-05-24 17:19:48,614 [ERROR] ConfigurationRetriever:142 - IOException on connection: sw-center.st.com
2023-05-24 17:19:48,615 [ERROR] ConfigurationRetriever:142 - IOException on connection: sw-center.st.com
2023-05-24 17:19:48,628 [ERROR] ConfigurationRetriever:142 - IOException on connection: sw-center.st.com
2023-05-24 17:19:48,629 [ERROR] ConfigurationRetriever:142 - IOException on connection: sw-center.st.com
2023-05-24 17:19:48,630 [ERROR] ConfigurationRetriever:142 - IOException on connection: sw-center.st.com
2023-05-24 17:19:48,821 [ERROR] ConfigurationRetriever:142 - IOException on connection: sw-center.st.com
2023-05-24 17:19:48,823 [ERROR] ConfigurationRetriever:142 - IOException on connection: sw-center.st.com
2023-05-24 17:19:48,824 [ERROR] ConfigurationRetriever:142 - IOException on connection: sw-center.st.com
