2023-12-18 17:47:22,762 [INFO] Activator:176 - 


2023-12-18 17:47:22,767 [INFO] Activator:177 - !SESSION log4j initialized
2023-12-18 17:47:27,090 [ERROR] LogOutputStream:75 - [STDERR_REDIRECT] 
2023-12-18 17:47:27,665 [INFO] LogOutputStream:77 - [STDOUT_REDIRECT] 
2023-12-18 17:47:29,367 [INFO] LogOutputStream:77 - [STDOUT_REDIRECT] 
2023-12-18 17:47:30,254 [INFO] ApplicationProperties:184 - Using Application install path: /Applications/STM32CubeIDE.app/Contents/Eclipse/plugins/com.st.stm32cube.common.mx_6.9.1.202307191849
2023-12-18 17:47:30,272 [INFO] DbMcusXml:78 - Set database path to: /Applications/STM32CubeIDE.app/Contents/Eclipse/plugins/com.st.stm32cube.common.mx_6.9.1.202307191849//db//mcu/
2023-12-18 17:47:30,273 [INFO] ApiDb:274 - Set plugin database path to: /Applications/STM32CubeIDE.app/Contents/Eclipse/plugins/com.st.stm32cube.common.mx_6.9.1.202307191849//db//plugins/boardmanager/
2023-12-18 17:47:30,273 [WARN] ApiDb:259 - Overriding images path with different value:  => /Applications/STM32CubeIDE.app/Contents/Eclipse/plugins/com.st.stm32cube.common.mx_6.9.1.202307191849//db//plugins/mcufinder/images/
2023-12-18 17:47:30,285 [INFO] ApiDb:250 - Set database path to: /Users/jeffsnyder/.stmcufinder/plugins/mcufinder//mcu/
2023-12-18 17:47:30,287 [INFO] DbMcusAds:125 - Set database path to: /Users/jeffsnyder/.stmcufinder/plugins/mcufinder//mcu/
2023-12-18 17:47:30,290 [INFO] CrossReferenceDbSqlite:203 - Set database path to: /Users/jeffsnyder/.stmcufinder/plugins/mcufinder//mcu/cs/
2023-12-18 17:47:30,410 [INFO] RulesReader:64 - Compatibility file has been processed (293 Rules)
2023-12-18 17:47:30,484 [INFO] DbMcusXml:78 - Set database path to: /Applications/STM32CubeIDE.app/Contents/Eclipse/plugins/com.st.stm32cube.common.mx_6.9.1.202307191849//db//mcu/
2023-12-18 17:47:30,484 [INFO] ApiDb:274 - Set plugin database path to: /Applications/STM32CubeIDE.app/Contents/Eclipse/plugins/com.st.stm32cube.common.mx_6.9.1.202307191849//db//plugins/boardmanager/
2023-12-18 17:47:30,484 [INFO] ApiDb:261 - Set plugin images path to: /Applications/STM32CubeIDE.app/Contents/Eclipse/plugins/com.st.stm32cube.common.mx_6.9.1.202307191849//db//plugins/mcufinder/images/
2023-12-18 17:47:30,484 [WARN] DbFile:41 - Overriding database path with different value: /Users/jeffsnyder/.stmcufinder/plugins/mcufinder/ => /Users/jeffsnyder/.stmcufinder/plugins/mcufinder
2023-12-18 17:47:30,485 [INFO] ApiDb:250 - Set database path to: /Users/jeffsnyder/.stmcufinder/plugins/mcufinder//mcu/
2023-12-18 17:47:30,485 [WARN] DbFile:41 - Overriding database path with different value: /Users/jeffsnyder/.stmcufinder/plugins/mcufinder/ => /Users/jeffsnyder/.stmcufinder/plugins/mcufinder
2023-12-18 17:47:30,485 [INFO] DbMcusAds:125 - Set database path to: /Users/jeffsnyder/.stmcufinder/plugins/mcufinder//mcu/
2023-12-18 17:47:30,485 [WARN] DbFile:41 - Overriding database path with different value: /Users/jeffsnyder/.stmcufinder/plugins/mcufinder/ => /Users/jeffsnyder/.stmcufinder/plugins/mcufinder
2023-12-18 17:47:30,485 [WARN] DbFile:41 - Overriding database path with different value: /Users/jeffsnyder/.stmcufinder/plugins/mcufinder/ => /Users/jeffsnyder/.stmcufinder/plugins/mcufinder
2023-12-18 17:47:30,485 [INFO] CrossReferenceDbSqlite:203 - Set database path to: /Users/jeffsnyder/.stmcufinder/plugins/mcufinder//mcu/cs/
2023-12-18 17:47:30,561 [INFO] MainPanel:262 - HeapMemory: 272629760
2023-12-18 17:47:30,664 [INFO] DbMcusXml:78 - Set database path to: /Applications/STM32CubeIDE.app/Contents/Eclipse/plugins/com.st.stm32cube.common.mx_6.9.1.202307191849//db//mcu/
2023-12-18 17:47:30,664 [INFO] ApiDb:274 - Set plugin database path to: /Applications/STM32CubeIDE.app/Contents/Eclipse/plugins/com.st.stm32cube.common.mx_6.9.1.202307191849//db//plugins/boardmanager/
2023-12-18 17:47:30,664 [INFO] ApiDb:261 - Set plugin images path to: /Applications/STM32CubeIDE.app/Contents/Eclipse/plugins/com.st.stm32cube.common.mx_6.9.1.202307191849//db//plugins/mcufinder/images/
2023-12-18 17:47:30,665 [WARN] DbFile:41 - Overriding database path with different value: /Users/jeffsnyder/.stmcufinder/plugins/mcufinder/ => /Users/jeffsnyder/.stmcufinder/plugins/mcufinder
2023-12-18 17:47:30,665 [INFO] ApiDb:250 - Set database path to: /Users/jeffsnyder/.stmcufinder/plugins/mcufinder//mcu/
2023-12-18 17:47:30,665 [WARN] DbFile:41 - Overriding database path with different value: /Users/jeffsnyder/.stmcufinder/plugins/mcufinder/ => /Users/jeffsnyder/.stmcufinder/plugins/mcufinder
2023-12-18 17:47:30,665 [INFO] DbMcusAds:125 - Set database path to: /Users/jeffsnyder/.stmcufinder/plugins/mcufinder//mcu/
2023-12-18 17:47:30,665 [WARN] DbFile:41 - Overriding database path with different value: /Users/jeffsnyder/.stmcufinder/plugins/mcufinder/ => /Users/jeffsnyder/.stmcufinder/plugins/mcufinder
2023-12-18 17:47:30,665 [WARN] DbFile:41 - Overriding database path with different value: /Users/jeffsnyder/.stmcufinder/plugins/mcufinder/ => /Users/jeffsnyder/.stmcufinder/plugins/mcufinder
2023-12-18 17:47:30,665 [INFO] CrossReferenceDbSqlite:203 - Set database path to: /Users/jeffsnyder/.stmcufinder/plugins/mcufinder//mcu/cs/
2023-12-18 17:47:30,682 [INFO] ApplicationProperties:184 - Using Application install path: /Applications/STM32CubeIDE.app/Contents/Eclipse/plugins/com.st.stm32cube.common.mx_6.9.1.202307191849
2023-12-18 17:47:30,683 [INFO] PluginManage:196 - Search for loadable plugins [exclusion list=, ]
2023-12-18 17:47:30,685 [INFO] PluginManage:310 - Check plugin analytics
2023-12-18 17:47:30,843 [INFO] AnalyticsPlugin:253 - Accepted Software Licenses: STM32CubeMX.6.8.1
2023-12-18 17:47:30,843 [INFO] AnalyticsPlugin:255 - Accepted CMSIS Pack Licenses: 
2023-12-18 17:47:30,843 [INFO] AnalyticsPlugin:257 - Accepted Firmware Licenses: FW.H7.1.11.0
2023-12-18 17:47:30,846 [INFO] PluginManage:359 - Loaded plugin analytics (category:tool,tabindex:-1)
2023-12-18 17:47:30,846 [INFO] PluginManage:310 - Check plugin cadmodel
2023-12-18 17:47:31,187 [INFO] CADModel:105 - Init CAD model plugin
2023-12-18 17:47:31,187 [INFO] PluginManage:359 - Loaded plugin cadmodel (category:power,tabindex:5)
2023-12-18 17:47:31,187 [INFO] PluginManage:310 - Check plugin clock
2023-12-18 17:47:31,197 [INFO] PluginManage:359 - Loaded plugin clock (category:base,tabindex:2)
2023-12-18 17:47:31,198 [INFO] PluginManage:310 - Check plugin ddr
2023-12-18 17:47:31,200 [INFO] PluginManage:359 - Loaded plugin ddr (category:tool,tabindex:6)
2023-12-18 17:47:31,201 [INFO] PluginManage:310 - Check plugin filemanager
2023-12-18 17:47:31,342 [INFO] PluginManage:359 - Loaded plugin filemanager (category:base,tabindex:10)
2023-12-18 17:47:31,342 [INFO] PluginManage:310 - Check plugin ipmanager
2023-12-18 17:47:31,349 [INFO] PluginManage:359 - Loaded plugin ipmanager (category:base,tabindex:5)
2023-12-18 17:47:31,349 [INFO] PluginManage:310 - Check plugin lpbam
2023-12-18 17:47:31,361 [INFO] PluginManage:359 - Loaded plugin lpbam (category:base,tabindex:0)
2023-12-18 17:47:31,361 [INFO] PluginManage:310 - Check plugin memorymap
2023-12-18 17:47:31,377 [INFO] PluginManage:359 - Loaded plugin memorymap (category:base,tabindex:4)
2023-12-18 17:47:31,377 [INFO] PluginManage:310 - Check plugin pinoutandconfiguration
2023-12-18 17:47:31,385 [INFO] PluginManage:359 - Loaded plugin pinoutandconfiguration (category:base,tabindex:1)
2023-12-18 17:47:31,385 [INFO] PluginManage:310 - Check plugin pinoutconfig
2023-12-18 17:47:31,488 [WARN] SupportedApi:132 - Cannot load RTOS API schema: s4s-elt-must-match.1: The content of 'definitions' must match (annotation?, (simpleType | complexType)?, (unique | key | keyref)*)). A problem was found starting at: attribute.
2023-12-18 17:47:31,635 [INFO] PluginManage:359 - Loaded plugin pinoutconfig (category:base,tabindex:0)
2023-12-18 17:47:31,636 [INFO] PluginManage:310 - Check plugin power
2023-12-18 17:47:31,647 [INFO] PluginManage:359 - Loaded plugin power (category:power,tabindex:4)
2023-12-18 17:47:31,647 [INFO] PluginManage:310 - Check plugin projectmanager
2023-12-18 17:47:31,661 [INFO] PluginManage:359 - Loaded plugin projectmanager (category:projectmanager,tabindex:3)
2023-12-18 17:47:31,661 [INFO] PluginManage:310 - Check plugin thirdparty
2023-12-18 17:47:31,781 [INFO] PluginManage:359 - Loaded plugin thirdparty (category:base,tabindex:-1)
2023-12-18 17:47:31,781 [WARN] IntegrityCheckThread:84 - waiting for thirdparty lock release [integrity check]
2023-12-18 17:47:31,782 [INFO] PluginManage:310 - Check plugin tools
2023-12-18 17:47:31,782 [INFO] IntegrityCheckThread:86 - entering critical section [integrity check]
2023-12-18 17:47:31,782 [INFO] ThirdPartyUpdaterWithRetryManager:70 - Updater plugin not ready yet. [1/15]
2023-12-18 17:47:31,784 [INFO] PluginManage:359 - Loaded plugin tools (category:base,tabindex:7)
2023-12-18 17:47:31,784 [INFO] PluginManage:310 - Check plugin tutovideos
2023-12-18 17:47:31,990 [INFO] PluginManage:359 - Loaded plugin tutovideos (category:base,tabindex:-1)
2023-12-18 17:47:31,990 [INFO] PluginManage:310 - Check plugin updater
2023-12-18 17:47:32,001 [INFO] PluginManage:359 - Loaded plugin updater (category:base,tabindex:12)
2023-12-18 17:47:32,001 [INFO] PluginManage:310 - Check plugin userauth
2023-12-18 17:47:32,006 [INFO] UserAuth:113 - Init User Auth plugin
2023-12-18 17:47:32,006 [INFO] PluginManage:359 - Loaded plugin userauth (category:base,tabindex:14)
2023-12-18 17:47:32,006 [INFO] PluginManage:283 - PluginManage : Loaded plugins [17]
2023-12-18 17:47:32,189 [INFO] PinOutPanel:1499 - setPackage(No Configuration,No Configuration)
2023-12-18 17:47:32,280 [INFO] CADModel:165 - CPN selected for project level
2023-12-18 17:47:32,280 [INFO] CADModel:114 - Register for checkConnection events
2023-12-18 17:47:32,292 [INFO] IPUIPlugin:80 - create IPUIPlugin
2023-12-18 17:47:32,293 [INFO] PluginManager:220 - loadIPPluginJar : add mdma
2023-12-18 17:47:32,300 [INFO] IPUIPlugin:80 - create IPUIPlugin
2023-12-18 17:47:32,301 [INFO] PluginManager:220 - loadIPPluginJar : add freertos
2023-12-18 17:47:32,307 [INFO] IPUIPlugin:80 - create IPUIPlugin
2023-12-18 17:47:32,307 [INFO] PluginManager:220 - loadIPPluginJar : add gic
2023-12-18 17:47:32,316 [INFO] IPUIPlugin:80 - create IPUIPlugin
2023-12-18 17:47:32,316 [INFO] PluginManager:220 - loadIPPluginJar : add adc
2023-12-18 17:47:32,319 [INFO] IPUIPlugin:80 - create IPUIPlugin
2023-12-18 17:47:32,319 [INFO] PluginManager:220 - loadIPPluginJar : add gtzc
2023-12-18 17:47:32,321 [INFO] IPUIPlugin:80 - create IPUIPlugin
2023-12-18 17:47:32,321 [INFO] PluginManager:220 - loadIPPluginJar : add quadspi
2023-12-18 17:47:32,323 [INFO] IPUIPlugin:80 - create IPUIPlugin
2023-12-18 17:47:32,323 [INFO] PluginManager:220 - loadIPPluginJar : add aes
2023-12-18 17:47:32,327 [INFO] IPUIPlugin:80 - create IPUIPlugin
2023-12-18 17:47:32,327 [INFO] PluginManager:220 - loadIPPluginJar : add pdm2pcm
2023-12-18 17:47:32,329 [INFO] IPUIPlugin:80 - create IPUIPlugin
2023-12-18 17:47:32,329 [INFO] PluginManager:220 - loadIPPluginJar : add hash
2023-12-18 17:47:32,331 [INFO] IPUIPlugin:80 - create IPUIPlugin
2023-12-18 17:47:32,331 [INFO] PluginManager:220 - loadIPPluginJar : add tim
2023-12-18 17:47:32,333 [INFO] IPUIPlugin:80 - create IPUIPlugin
2023-12-18 17:47:32,333 [INFO] PluginManager:220 - loadIPPluginJar : add tsc
2023-12-18 17:47:32,335 [INFO] IPUIPlugin:80 - create IPUIPlugin
2023-12-18 17:47:32,335 [INFO] PluginManager:220 - loadIPPluginJar : add ts
2023-12-18 17:47:32,338 [INFO] IPUIPlugin:80 - create IPUIPlugin
2023-12-18 17:47:32,338 [INFO] PluginManager:220 - loadIPPluginJar : add can
2023-12-18 17:47:32,341 [INFO] IPUIPlugin:80 - create IPUIPlugin
2023-12-18 17:47:32,341 [INFO] PluginManager:220 - loadIPPluginJar : add dma3
2023-12-18 17:47:32,344 [INFO] IPUIPlugin:80 - create IPUIPlugin
2023-12-18 17:47:32,344 [INFO] PluginManager:220 - loadIPPluginJar : add dfsdm
2023-12-18 17:47:32,347 [INFO] IPUIPlugin:80 - create IPUIPlugin
2023-12-18 17:47:32,347 [INFO] PluginManager:220 - loadIPPluginJar : add spi
2023-12-18 17:47:32,350 [INFO] IPUIPlugin:80 - create IPUIPlugin
2023-12-18 17:47:32,350 [INFO] PluginManager:220 - loadIPPluginJar : add gfxmmu
2023-12-18 17:47:32,351 [INFO] IPUIPlugin:80 - create IPUIPlugin
2023-12-18 17:47:32,351 [INFO] PluginManager:220 - loadIPPluginJar : add genericplugin
2023-12-18 17:47:32,353 [INFO] IPUIPlugin:80 - create IPUIPlugin
2023-12-18 17:47:32,354 [INFO] PluginManager:220 - loadIPPluginJar : add cryp
2023-12-18 17:47:32,358 [INFO] IPUIPlugin:80 - create IPUIPlugin
2023-12-18 17:47:32,358 [INFO] PluginManager:220 - loadIPPluginJar : add gpio
2023-12-18 17:47:32,360 [INFO] IPUIPlugin:80 - create IPUIPlugin
2023-12-18 17:47:32,360 [INFO] PluginManager:220 - loadIPPluginJar : add comp
2023-12-18 17:47:32,362 [INFO] IPUIPlugin:80 - create IPUIPlugin
2023-12-18 17:47:32,362 [INFO] PluginManager:220 - loadIPPluginJar : add tracer_emb
2023-12-18 17:47:32,365 [INFO] IPUIPlugin:80 - create IPUIPlugin
2023-12-18 17:47:32,365 [INFO] PluginManager:220 - loadIPPluginJar : add openamp
2023-12-18 17:47:32,370 [INFO] IPUIPlugin:80 - create IPUIPlugin
2023-12-18 17:47:32,370 [INFO] PluginManager:220 - loadIPPluginJar : add stm32_wpan
2023-12-18 17:47:32,377 [INFO] IPUIPlugin:80 - create IPUIPlugin
2023-12-18 17:47:32,379 [INFO] PluginManager:220 - loadIPPluginJar : add plateformsettings
2023-12-18 17:47:32,383 [INFO] IPUIPlugin:80 - create IPUIPlugin
2023-12-18 17:47:32,383 [INFO] PluginManager:220 - loadIPPluginJar : add ipddr
2023-12-18 17:47:32,386 [INFO] IPUIPlugin:80 - create IPUIPlugin
2023-12-18 17:47:32,386 [INFO] PluginManager:220 - loadIPPluginJar : add usart
2023-12-18 17:47:32,387 [INFO] IPUIPlugin:80 - create IPUIPlugin
2023-12-18 17:47:32,387 [INFO] PluginManager:220 - loadIPPluginJar : add ltdc
2023-12-18 17:47:32,391 [INFO] IPUIPlugin:80 - create IPUIPlugin
2023-12-18 17:47:32,391 [INFO] PluginManager:220 - loadIPPluginJar : add nvic
2023-12-18 17:47:32,393 [INFO] IPUIPlugin:80 - create IPUIPlugin
2023-12-18 17:47:32,393 [INFO] PluginManager:220 - loadIPPluginJar : add fatfs
2023-12-18 17:47:32,400 [INFO] IPUIPlugin:80 - create IPUIPlugin
2023-12-18 17:47:32,400 [INFO] PluginManager:220 - loadIPPluginJar : add linkedlist
2023-12-18 17:47:32,406 [INFO] IPUIPlugin:80 - create IPUIPlugin
2023-12-18 17:47:32,406 [INFO] PluginManager:220 - loadIPPluginJar : add dma
2023-12-18 17:47:32,410 [INFO] IPUIPlugin:80 - create IPUIPlugin
2023-12-18 17:47:32,410 [INFO] PluginManager:220 - loadIPPluginJar : add fmc
2023-12-18 17:47:32,413 [INFO] IPUIPlugin:80 - create IPUIPlugin
2023-12-18 17:47:32,413 [INFO] PluginManager:220 - loadIPPluginJar : add i2s
2023-12-18 17:47:32,415 [INFO] IPUIPlugin:80 - create IPUIPlugin
2023-12-18 17:47:32,415 [INFO] PluginManager:220 - loadIPPluginJar : add ucpd
2023-12-18 17:47:32,417 [INFO] IPUIPlugin:80 - create IPUIPlugin
2023-12-18 17:47:32,417 [INFO] PluginManager:220 - loadIPPluginJar : add lorawan
2023-12-18 17:47:32,419 [INFO] IPUIPlugin:80 - create IPUIPlugin
2023-12-18 17:47:32,419 [INFO] PluginManager:220 - loadIPPluginJar : add opamp
2023-12-18 17:47:32,422 [INFO] IPUIPlugin:80 - create IPUIPlugin
2023-12-18 17:47:32,422 [INFO] PluginManager:220 - loadIPPluginJar : add i3c
2023-12-18 17:47:32,425 [INFO] IPUIPlugin:80 - create IPUIPlugin
2023-12-18 17:47:32,425 [INFO] PluginManager:220 - loadIPPluginJar : add touchsensing
2023-12-18 17:47:32,427 [INFO] IPUIPlugin:80 - create IPUIPlugin
2023-12-18 17:47:32,427 [INFO] PluginManager:220 - loadIPPluginJar : add i2c
2023-12-18 17:47:32,431 [INFO] IPUIPlugin:80 - create IPUIPlugin
2023-12-18 17:47:32,431 [INFO] PluginManager:220 - loadIPPluginJar : add resmgrutility
2023-12-18 17:47:32,434 [INFO] IPUIPlugin:80 - create IPUIPlugin
2023-12-18 17:47:32,434 [INFO] PluginManager:220 - loadIPPluginJar : add sai
2023-12-18 17:47:32,438 [INFO] IPUIPlugin:80 - create IPUIPlugin
2023-12-18 17:47:32,438 [INFO] PluginManager:220 - loadIPPluginJar : add usbx
2023-12-18 17:47:32,540 [INFO] CADModel:165 - CPN selected for project level
2023-12-18 17:47:32,540 [INFO] CADModel:114 - Register for checkConnection events
2023-12-18 17:47:32,540 [FATAL] Updater:308 - Updater called before beeing initialized
2023-12-18 17:47:32,540 [ERROR] CADModel:125 - Updater not yet initialized, retry later 
2023-12-18 17:47:32,710 [INFO] CADModel:165 - CPN selected for project level
2023-12-18 17:47:32,710 [INFO] CADModel:114 - Register for checkConnection events
2023-12-18 17:47:32,710 [FATAL] Updater:308 - Updater called before beeing initialized
2023-12-18 17:47:32,710 [ERROR] CADModel:125 - Updater not yet initialized, retry later 
2023-12-18 17:47:32,713 [FATAL] Updater:308 - Updater called before beeing initialized
2023-12-18 17:47:32,789 [FATAL] Updater:308 - Updater called before beeing initialized
2023-12-18 17:47:32,795 [INFO] DbMcusAds:53 - JSON generation date=Thu Sep 30 02:55:09 EDT 2021 (1632984909247)
2023-12-18 17:47:32,795 [FATAL] Updater:308 - Updater called before beeing initialized
2023-12-18 17:47:33,109 [WARN] DetailPanel:346 - Failed to get advertising image, set to default
2023-12-18 17:47:33,313 [FATAL] Updater:308 - Updater called before beeing initialized
2023-12-18 17:47:33,316 [FATAL] Updater:308 - Updater called before beeing initialized
2023-12-18 17:47:33,316 [FATAL] Updater:308 - Updater called before beeing initialized
2023-12-18 17:47:33,322 [WARN] DetailPanel:346 - Failed to get advertising image, set to default
2023-12-18 17:47:33,323 [FATAL] Updater:308 - Updater called before beeing initialized
2023-12-18 17:47:33,554 [ERROR] Updater:1120 - MainUpdater not yet initialized. External WinMGr cannot be set.
2023-12-18 17:47:33,588 [INFO] Updater:1056 - Updater Version found : 6.9.1
2023-12-18 17:47:33,618 [INFO] ApplicationProperties:184 - Using Application install path: /Applications/STM32CubeIDE.app/Contents/Eclipse/plugins/com.st.stm32cube.common.mx_6.9.1.202307191849
2023-12-18 17:47:33,961 [INFO] MainUpdater:2868 - connection check result : 10
2023-12-18 17:47:33,961 [INFO] MainUpdater:3562 - Updater definition file requires update
2023-12-18 17:47:33,962 [INFO] MainUpdater:285 - Updater Check For Update Now.
2023-12-18 17:47:33,962 [INFO] MicroXplorer:498 - Change Database Version : DB.6.0.91
2023-12-18 17:47:33,970 [INFO] McuFinderGlobals:63 - Set McuFinder mode to 2 (CubeIDE integrated)
2023-12-18 17:47:33,970 [INFO] UserAuth:179 - activating auth plugin
2023-12-18 17:47:34,087 [INFO] ServerAccessManage:473 - Download File updaters.zip
2023-12-18 17:47:34,130 [INFO] UserAuth:393 - Internet connection configuration mode: 1
2023-12-18 17:47:34,154 [INFO] JxBrowserEngine:151 - Initiate JxBrowser Engine with user profile folder
2023-12-18 17:47:34,256 [INFO] FileExtend:240 - Unzip File : updaters.zip
2023-12-18 17:47:34,256 [INFO] FileExtend:255 - Standard Zip Deflate
2023-12-18 17:47:34,630 [INFO] ServerAccessManage:473 - Download File PacksControlFlags.xml
2023-12-18 17:47:34,733 [INFO] ServerAccessManage:473 - Download File cubemx.pidx
2023-12-18 17:47:34,788 [WARN] MainUpdater:1189 - Updater busy. Cannot search thirdparties
2023-12-18 17:47:34,789 [INFO] ThirdPartyUpdaterWithRetryManager:96 - Updater plugin is busy. [1/15]
2023-12-18 17:47:35,506 [INFO] ServerAccessManage:473 - Download File STMicroelectronics.X-CUBE-ISPU.pdsc
2023-12-18 17:47:35,923 [INFO] ServerAccessManage:473 - Download File STMicroelectronics.X-CUBE-TOUCHGFX.pdsc
2023-12-18 17:47:36,890 [INFO] ServerAccessManage:473 - Download File STMicroelectronics.X-CUBE-AZRTOS-H7.pdsc
2023-12-18 17:47:37,629 [WARN] PackLoader:240 - Cannot read IP mode file for STMicroelectronics.X-CUBE-ISPU.2.0.0
2023-12-18 17:47:37,634 [WARN] PackLoader:240 - Cannot read IP mode file for STMicroelectronics.X-CUBE-TOUCHGFX.4.23.0
2023-12-18 17:47:37,679 [WARN] PackLoader:240 - Cannot read IP mode file for STMicroelectronics.X-CUBE-AZRTOS-H7.3.2.0
2023-12-18 17:47:37,693 [INFO] PopulateThirdPartyThread:66 - Ending populate Thread
2023-12-18 17:47:37,694 [INFO] ThirdParty:1030 - CMSIS Pack Vendor :STMicroelectronics X-CUBE-TOUCHGFX 4.23.0
2023-12-18 17:47:37,695 [INFO] ThirdParty:1030 - CMSIS Pack Vendor :STMicroelectronics X-CUBE-AZRTOS-H7 3.2.0
2023-12-18 17:47:37,695 [INFO] ThirdParty:1030 - CMSIS Pack Vendor :STMicroelectronics X-CUBE-ISPU 2.0.0
2023-12-18 17:47:37,695 [INFO] LoadServerUpdatesThread:373 - End of LoadServerUpdate Thread
2023-12-18 17:47:37,773 [INFO] CheckServerUpdateThread:120 - End of CheckServer Thread
2023-12-18 17:47:37,932 [WARN] PackLoader:240 - Cannot read IP mode file for STMicroelectronics.X-CUBE-SMBUS.2.1.0
2023-12-18 17:47:37,934 [WARN] PackLoader:240 - Cannot read IP mode file for STMicroelectronics.X-CUBE-TOUCHGFX.4.23.0
2023-12-18 17:47:38,001 [WARN] PackLoader:240 - Cannot read IP mode file for STMicroelectronics.X-CUBE-MEMS1.9.2.0
2023-12-18 17:47:38,195 [WARN] PackLoader:240 - Cannot read IP mode file for STMicroelectronics.X-CUBE-AZRTOS-F7.1.1.0
2023-12-18 17:47:38,202 [ERROR] RealEvaluatedCondition:428 - Found unsupported composite condition: CLASS='Data Exchange' GROUP='STM32_MetaDataManager'
2023-12-18 17:47:38,202 [ERROR] RealEvaluatedCondition:428 - Found unsupported composite condition: CLASS='Data Exchange' GROUP='STM32_MetaDataManager'
2023-12-18 17:47:38,204 [WARN] PackLoader:240 - Cannot read IP mode file for STMicroelectronics.FP-SNS-MOTENV1.4.3.0
2023-12-18 17:47:38,210 [WARN] PackLoader:240 - Cannot read IP mode file for STMicroelectronics.FP-SNS-MOTENV1.4.3.2
2023-12-18 17:47:38,214 [WARN] PackLoader:240 - Cannot read IP mode file for STMicroelectronics.FP-SNS-FLIGHT1.5.0.0
2023-12-18 17:47:38,217 [ERROR] RealEvaluatedCondition:428 - Found unsupported composite condition: CLASS='Data Exchange' GROUP='STM32_MetaDataManager'
2023-12-18 17:47:38,217 [ERROR] RealEvaluatedCondition:428 - Found unsupported composite condition: CLASS='Data Exchange' GROUP='STM32_MetaDataManager'
2023-12-18 17:47:38,219 [WARN] PackLoader:240 - Cannot read IP mode file for STMicroelectronics.FP-SNS-MOTENV1.4.3.1
2023-12-18 17:47:38,224 [WARN] PackLoader:240 - Cannot read IP mode file for STMicroelectronics.FP-SNS-FLIGHT1.5.0.1
2023-12-18 17:47:38,228 [WARN] PackLoader:240 - Cannot read IP mode file for STMicroelectronics.X-CUBE-BLE1.6.2.3
2023-12-18 17:47:38,232 [WARN] PackLoader:240 - Cannot read IP mode file for STMicroelectronics.X-CUBE-BLE1.6.2.4
2023-12-18 17:47:38,236 [WARN] PackLoader:240 - Cannot read IP mode file for STMicroelectronics.FP-SNS-FLIGHT1.5.0.2
2023-12-18 17:47:38,245 [WARN] PackLoader:240 - Cannot read IP mode file for STMicroelectronics.X-CUBE-TOF1.3.1.0
2023-12-18 17:47:38,256 [WARN] PackLoader:240 - Cannot read IP mode file for STMicroelectronics.X-CUBE-DISPLAY.3.0.0
2023-12-18 17:47:38,264 [WARN] PackLoader:240 - Cannot read IP mode file for STMicroelectronics.X-CUBE-BLE1.7.0.0
2023-12-18 17:47:38,267 [WARN] PackLoader:240 - Cannot read IP mode file for STMicroelectronics.X-CUBE-TOUCHGFX.4.22.0
2023-12-18 17:47:38,269 [WARN] PackLoader:240 - Cannot read IP mode file for STMicroelectronics.X-CUBE-TOUCHGFX.4.22.1
2023-12-18 17:47:38,303 [WARN] PackLoader:240 - Cannot read IP mode file for STMicroelectronics.X-CUBE-MEMS1.9.3.0
2023-12-18 17:47:38,484 [WARN] PackLoader:240 - Cannot read IP mode file for STMicroelectronics.X-CUBE-AI.7.2.0
2023-12-18 17:47:38,490 [WARN] PackLoader:240 - Cannot read IP mode file for STMicroelectronics.FP-SNS-SMARTAG2.1.2.0
2023-12-18 17:47:38,507 [INFO] LogOutputStream:77 - [STDOUT_REDIRECT] 1 : Invalid condition id : UX_CORESTACK_Condition cause : null
2023-12-18 17:47:38,508 [INFO] LogOutputStream:77 - [STDOUT_REDIRECT] 1 : Invalid condition id : UX_CORESTACK_Condition cause : null
2023-12-18 17:47:38,508 [INFO] LogOutputStream:77 - [STDOUT_REDIRECT] 1 : Invalid condition id : UX_CORESTACK_Condition cause : null
2023-12-18 17:47:38,509 [INFO] LogOutputStream:77 - [STDOUT_REDIRECT] 1 : Invalid condition id : UX_CORESTACK_Condition cause : null
2023-12-18 17:47:38,509 [INFO] LogOutputStream:77 - [STDOUT_REDIRECT] 1 : Invalid condition id : UX_CORESTACK_Condition cause : null
2023-12-18 17:47:38,515 [WARN] PackLoader:240 - Cannot read IP mode file for STMicroelectronics.X-CUBE-AZRTOS-WL.2.0.0
2023-12-18 17:47:38,525 [WARN] PackLoader:240 - Cannot read IP mode file for WES.I-CUBE-Cesium.1.3.0
2023-12-18 17:47:38,532 [WARN] PackLoader:240 - Cannot read IP mode file for STMicroelectronics.X-CUBE-BLE2.3.3.0
2023-12-18 17:47:38,541 [WARN] PackLoader:240 - Cannot read IP mode file for STMicroelectronics.X-CUBE-DISPLAY.2.2.0
2023-12-18 17:47:38,569 [WARN] PackLoader:240 - Cannot read IP mode file for STMicroelectronics.X-CUBE-TOF1.3.2.0
2023-12-18 17:47:38,590 [WARN] PackLoader:240 - Cannot read IP mode file for STMicroelectronics.X-CUBE-ISPU.1.0.0
2023-12-18 17:47:38,680 [WARN] PackLoader:240 - Cannot read IP mode file for STMicroelectronics.X-CUBE-AZRTOS-H7.2.1.0
2023-12-18 17:47:38,715 [WARN] PackLoader:240 - Cannot read IP mode file for STMicroelectronics.X-CUBE-TOUCHGFX.4.21.1
2023-12-18 17:47:38,736 [WARN] PackLoader:240 - Cannot read IP mode file for STMicroelectronics.X-CUBE-TOUCHGFX.4.21.0
2023-12-18 17:47:38,742 [WARN] PackLoader:240 - Cannot read IP mode file for STMicroelectronics.X-CUBE-TOUCHGFX.4.21.3
2023-12-18 17:47:38,753 [WARN] PackLoader:240 - Cannot read IP mode file for STMicroelectronics.X-CUBE-TOUCHGFX.4.21.4
2023-12-18 17:47:38,840 [WARN] PackLoader:240 - Cannot read IP mode file for STMicroelectronics.X-CUBE-MEMS1.9.4.0
2023-12-18 17:47:39,092 [WARN] PackLoader:240 - Cannot read IP mode file for STMicroelectronics.X-CUBE-AI.7.3.0
2023-12-18 17:47:39,102 [WARN] PackLoader:240 - Cannot read IP mode file for STMicroelectronics.X-CUBE-ALGOBUILD.1.3.0
2023-12-18 17:47:39,128 [WARN] PackLoader:240 - Cannot read IP mode file for STMicroelectronics.X-CUBE-AZRTOS-G0.1.1.0
2023-12-18 17:47:39,137 [WARN] PackLoader:240 - Cannot read IP mode file for STMicroelectronics.X-CUBE-NFC4.3.0.0
2023-12-18 17:47:39,184 [INFO] WebApp:157 - Instantiating new browser for Auth
2023-12-18 17:47:39,205 [WARN] PackLoader:240 - Cannot read IP mode file for SEGGER.I-CUBE-embOS.1.2.0
2023-12-18 17:47:39,287 [WARN] PackLoader:240 - Cannot read IP mode file for STMicroelectronics.X-CUBE-BLEMGR.3.0.0
2023-12-18 17:47:39,302 [WARN] PackLoader:240 - Cannot read IP mode file for STMicroelectronics.X-CUBE-BLEMGR.1.3.0
2023-12-18 17:47:39,309 [WARN] PackLoader:240 - Cannot read IP mode file for STMicroelectronics.FP-ATR-SIGFOX1.3.2.0
2023-12-18 17:47:39,318 [WARN] PackLoader:240 - Cannot read IP mode file for emotas.I-CUBE-CANOPEN.1.1.2
2023-12-18 17:47:39,324 [WARN] PackLoader:240 - Cannot read IP mode file for STMicroelectronics.X-CUBE-TOUCHGFX.4.20.0
2023-12-18 17:47:39,388 [WARN] PackLoader:240 - Cannot read IP mode file for STMicroelectronics.X-CUBE-MEMS1.9.5.0
2023-12-18 17:47:39,584 [WARN] PackLoader:240 - Cannot read IP mode file for SEGGER.I-CUBE-embOS.1.3.1
2023-12-18 17:47:39,632 [WARN] PackLoader:240 - Cannot read IP mode file for STMicroelectronics.X-CUBE-GNSS1.6.0.0
2023-12-18 17:47:39,665 [WARN] PackLoader:240 - Cannot read IP mode file for STMicroelectronics.X-CUBE-AZRTOS-F4.1.1.0
2023-12-18 17:47:39,685 [WARN] PackLoader:240 - Cannot read IP mode file for STMicroelectronics.X-CUBE-BLEMGR.1.2.0
2023-12-18 17:47:39,708 [WARN] PackLoader:240 - Cannot read IP mode file for STMicroelectronics.X-CUBE-AZRTOS-L5.2.0.0
2023-12-18 17:47:39,785 [WARN] PackLoader:240 - Cannot read IP mode file for STMicroelectronics.X-CUBE-MEMS1.9.6.0
2023-12-18 17:47:39,934 [WARN] PackLoader:240 - Cannot read IP mode file for STMicroelectronics.X-CUBE-EEPRMA1.4.2.0
2023-12-18 17:47:39,940 [WARN] PackLoader:240 - Cannot read IP mode file for ITTIA_DB.I-CUBE-ITTIADB.8.8.0
2023-12-18 17:47:39,947 [WARN] PackLoader:240 - Cannot read IP mode file for STMicroelectronics.X-CUBE-BLEMGR.2.0.0
2023-12-18 17:47:39,953 [WARN] PackLoader:240 - Cannot read IP mode file for STMicroelectronics.X-CUBE-NFC4.2.0.5
2023-12-18 17:47:39,959 [WARN] PackLoader:240 - Cannot read IP mode file for STMicroelectronics.X-CUBE-NFC4.2.0.4
2023-12-18 17:47:39,976 [WARN] ConditionMgr:438 - getConditionDescription Invalid condition id : UX DEVICE CLASS RTOS Condition cause : null
2023-12-18 17:47:39,976 [WARN] ConditionMgr:438 - getConditionDescription Invalid condition id : UX DEVICE CLASS RTOS Condition cause : null
2023-12-18 17:47:39,979 [WARN] PackLoader:240 - Cannot read IP mode file for STMicroelectronics.X-CUBE-AZRTOS-H7.3.1.0
2023-12-18 17:47:39,980 [WARN] ConditionMgr:1039 - genDependencies : Invalid condition id : UX DEVICE CLASS RTOS Condition cause : null
2023-12-18 17:47:39,980 [WARN] ConditionMgr:1039 - genDependencies : Invalid condition id : UX DEVICE CLASS RTOS Condition cause : null
2023-12-18 17:47:39,981 [WARN] ConditionMgr:1039 - genDependencies : Invalid condition id : UX DEVICE CLASS RTOS Condition cause : null
2023-12-18 17:47:39,981 [WARN] ConditionMgr:1039 - genDependencies : Invalid condition id : UX DEVICE CLASS RTOS Condition cause : null
2023-12-18 17:47:39,982 [WARN] ConditionMgr:1039 - genDependencies : Invalid condition id : UX DEVICE CLASS RTOS Condition cause : null
2023-12-18 17:47:40,003 [WARN] PackLoader:240 - Cannot read IP mode file for STMicroelectronics.X-CUBE-AZRTOS-F4.1.0.0
2023-12-18 17:47:40,009 [WARN] PackLoader:240 - Cannot read IP mode file for STMicroelectronics.X-CUBE-NFC7.1.0.1
2023-12-18 17:47:40,014 [WARN] PackLoader:240 - Cannot read IP mode file for STMicroelectronics.X-CUBE-NFC7.1.0.0
2023-12-18 17:47:40,020 [WARN] PackLoader:240 - Cannot read IP mode file for STMicroelectronics.X-CUBE-NFC6.3.0.0
2023-12-18 17:47:40,026 [WARN] PackLoader:240 - Cannot read IP mode file for STMicroelectronics.X-CUBE-EEPRMA1.4.1.0
2023-12-18 17:47:40,029 [WARN] PackLoader:240 - Cannot read IP mode file for STMicroelectronics.X-CUBE-AI.8.1.0
2023-12-18 17:47:40,047 [WARN] ConditionMgr:438 - getConditionDescription Invalid condition id : LAN8742 Phy interface Condition cause : null
2023-12-18 17:47:40,048 [WARN] PackLoader:240 - Cannot read IP mode file for STMicroelectronics.X-CUBE-AZRTOS-L4.2.0.0
2023-12-18 17:47:40,049 [WARN] ConditionMgr:1039 - genDependencies : Invalid condition id : LAN8742 Phy interface Condition cause : null
2023-12-18 17:47:40,049 [WARN] ConditionMgr:1039 - genDependencies : Invalid condition id : LAN8742 Phy interface Condition cause : null
2023-12-18 17:47:40,050 [WARN] ConditionMgr:1039 - genDependencies : Invalid condition id : LAN8742 Phy interface Condition cause : null
2023-12-18 17:47:40,057 [WARN] PackLoader:240 - Cannot read IP mode file for STMicroelectronics.X-CUBE-SFXS2LP1.4.0.0
2023-12-18 17:47:40,081 [WARN] PackLoader:240 - Cannot read IP mode file for STMicroelectronics.X-CUBE-AZRTOS-H7.3.0.0
2023-12-18 17:47:40,088 [WARN] PackLoader:240 - Cannot read IP mode file for STMicroelectronics.X-CUBE-ISPU.1.1.0
2023-12-18 17:47:40,095 [WARN] PackLoader:240 - Cannot read IP mode file for RoweBots.I-CUBE-UNISONRTOS.5.5.0-4
2023-12-18 17:47:40,098 [WARN] PackLoader:240 - Cannot read IP mode file for STMicroelectronics.X-CUBE-AI.8.0.0
2023-12-18 17:47:40,105 [INFO] WebApp:753 - Register for checkConnection events
2023-12-18 17:47:40,105 [INFO] WebApp:390 - Apply proxy settings
2023-12-18 17:47:40,107 [INFO] WebApp:455 - Chromium authenticates against System proxy
2023-12-18 17:47:40,110 [WARN] ConditionMgr:438 - getConditionDescription Invalid condition id : UX DEVICE CLASS RTOS Condition cause : null
2023-12-18 17:47:40,110 [WARN] ConditionMgr:438 - getConditionDescription Invalid condition id : UX DEVICE CLASS RTOS Condition cause : null
2023-12-18 17:47:40,112 [WARN] PackLoader:240 - Cannot read IP mode file for STMicroelectronics.X-CUBE-AZRTOS-WB.2.0.0
2023-12-18 17:47:40,112 [WARN] ConditionMgr:1039 - genDependencies : Invalid condition id : UX DEVICE CLASS RTOS Condition cause : null
2023-12-18 17:47:40,113 [WARN] ConditionMgr:1039 - genDependencies : Invalid condition id : UX DEVICE CLASS RTOS Condition cause : null
2023-12-18 17:47:40,113 [WARN] ConditionMgr:1039 - genDependencies : Invalid condition id : UX DEVICE CLASS RTOS Condition cause : null
2023-12-18 17:47:40,113 [WARN] ConditionMgr:1039 - genDependencies : Invalid condition id : UX DEVICE CLASS RTOS Condition cause : null
2023-12-18 17:47:40,113 [WARN] ConditionMgr:1039 - genDependencies : Invalid condition id : UX DEVICE CLASS RTOS Condition cause : null
2023-12-18 17:47:40,117 [WARN] PackLoader:240 - Cannot read IP mode file for STMicroelectronics.X-CUBE-FREERTOS.1.0.0
2023-12-18 17:47:40,121 [WARN] PackLoader:240 - Cannot read IP mode file for STMicroelectronics.X-CUBE-FREERTOS.1.0.1
2023-12-18 17:47:40,127 [WARN] PackLoader:240 - Cannot read IP mode file for STMicroelectronics.X-CUBE-BLEMGR.1.0.0
2023-12-18 17:47:40,141 [WARN] PackLoader:240 - Cannot read IP mode file for STMicroelectronics.X-CUBE-AZRTOS-L5.1.1.0
2023-12-18 17:47:40,146 [WARN] PackLoader:240 - Cannot read IP mode file for STMicroelectronics.X-CUBE-AI.8.0.1
2023-12-18 17:47:40,154 [WARN] PackLoader:240 - Cannot read IP mode file for STMicroelectronics.X-CUBE-SUBG2.5.0.0
2023-12-18 17:47:40,169 [WARN] PackLoader:240 - Cannot read IP mode file for STMicroelectronics.X-CUBE-TOF1.3.3.1
2023-12-18 17:47:40,197 [WARN] PackLoader:240 - Cannot read IP mode file for STMicroelectronics.X-CUBE-AZRTOS-G4.2.0.0
2023-12-18 17:47:40,208 [WARN] PackLoader:240 - Cannot read IP mode file for STMicroelectronics.X-CUBE-TOF1.3.3.0
2023-12-18 17:47:40,217 [WARN] PackLoader:240 - Cannot read IP mode file for STMicroelectronics.FP-ATR-ASTRA1.1.1.1
2023-12-18 17:47:40,227 [WARN] PackLoader:240 - Cannot read IP mode file for Infineon.AIROC-Wi-Fi-Bluetooth-STM32.1.5.1
2023-12-18 17:47:40,232 [WARN] PackLoader:240 - Cannot read IP mode file for STMicroelectronics.FP-ATR-ASTRA1.1.1.0
2023-12-18 17:47:40,234 [WARN] PackLoader:240 - Cannot read IP mode file for STMicroelectronics.FP-SNS-MOTENVWB1.1.3.0
2023-12-18 17:47:40,237 [WARN] PackLoader:240 - Cannot read IP mode file for STMicroelectronics.FP-SNS-MOTENVWB1.1.3.1
2023-12-18 17:47:40,248 [WARN] PackLoader:240 - Cannot read IP mode file for STMicroelectronics.X-CUBE-AZRTOS-G4.1.0.0
2023-12-18 17:47:40,252 [WARN] PackLoader:240 - Cannot read IP mode file for wolfSSL.I-CUBE-wolfSSL.5.3.0
2023-12-18 17:47:40,267 [WARN] PackLoader:240 - Cannot read IP mode file for STMicroelectronics.X-CUBE-AZRTOS-L4.1.0.0
2023-12-18 17:47:40,271 [WARN] PackLoader:240 - Cannot read IP mode file for STMicroelectronics.X-CUBE-ISPU.2.0.0
2023-12-18 17:47:40,305 [WARN] PackLoader:240 - Cannot read IP mode file for STMicroelectronics.X-CUBE-MEMS1.10.0.0
2023-12-18 17:47:40,377 [INFO] WebApp:188 - Starting web application
2023-12-18 17:47:40,377 [INFO] WebApp:520 - Web application path used /Applications/STM32CubeIDE.app/Contents/Eclipse/plugins/com.st.stm32cube.common.mx_6.9.1.202307191849/db/plugins/mcufinder/reactClient1/index.html
2023-12-18 17:47:40,411 [WARN] PackLoader:240 - Cannot read IP mode file for STMicroelectronics.X-CUBE-FREERTOS.1.1.0
2023-12-18 17:47:40,424 [WARN] PackLoader:240 - Cannot read IP mode file for STMicroelectronics.X-CUBE-AZRTOS-F7.1.0.0
2023-12-18 17:47:40,434 [WARN] PackLoader:240 - Cannot read IP mode file for STMicroelectronics.X-CUBE-AZRTOS-WL.1.0.0
2023-12-18 17:47:40,439 [WARN] PackLoader:240 - Cannot read IP mode file for portGmbH.I-Cube-SoM-uGOAL.1.1.0
2023-12-18 17:47:40,442 [WARN] PackLoader:240 - Cannot read IP mode file for STMicroelectronics.X-CUBE-ALS.1.0.1
2023-12-18 17:47:40,453 [WARN] PackLoader:240 - Cannot read IP mode file for STMicroelectronics.X-CUBE-AZRTOS-WB.1.1.0
2023-12-18 17:47:40,467 [WARN] PackLoader:240 - Cannot read IP mode file for STMicroelectronics.X-CUBE-AZRTOS-L5.1.0.0
2023-12-18 17:47:40,482 [WARN] PackLoader:240 - Cannot read IP mode file for STMicroelectronics.X-CUBE-EEPRMA1.3.1.1
2023-12-18 17:47:40,486 [WARN] PackLoader:240 - Cannot read IP mode file for STMicroelectronics.FP-ATR-ASTRA1.2.0.0
2023-12-18 17:47:40,498 [WARN] PackLoader:240 - Cannot read IP mode file for STMicroelectronics.X-CUBE-TOF1.3.4.0
2023-12-18 17:47:40,542 [WARN] PackLoader:240 - Cannot read IP mode file for STMicroelectronics.X-CUBE-AZRTOS-H7.3.2.0
2023-12-18 17:47:40,547 [INFO] ThirdParty:978 - Integrity check success = true
2023-12-18 17:47:40,547 [INFO] IntegrityCheckThread:100 - exiting critical section [integrity check]
2023-12-18 17:47:40,547 [INFO] IntegrityCheckThread:103 - End integrity checks thread
2023-12-18 17:48:01,185 [ERROR] LogOutputStream:75 - [STDERR_REDIRECT] SLF4J: Failed to load class "org.slf4j.impl.StaticLoggerBinder".
2023-12-18 17:48:01,185 [ERROR] LogOutputStream:75 - [STDERR_REDIRECT] SLF4J: Defaulting to no-operation (NOP) logger implementation
2023-12-18 17:48:01,186 [ERROR] LogOutputStream:75 - [STDERR_REDIRECT] SLF4J: See http://www.slf4j.org/codes.html#StaticLoggerBinder for further details.
