2024-01-19 21:31:53,839 [INFO] Activator:176 - 


2024-01-19 21:31:53,846 [INFO] Activator:177 - !SESSION log4j initialized
2024-01-19 21:31:59,705 [ERROR] LogOutputStream:75 - [STDERR_REDIRECT] 
2024-01-19 21:32:00,284 [INFO] LogOutputStream:77 - [STDOUT_REDIRECT] 
2024-01-19 21:32:02,198 [INFO] LogOutputStream:77 - [STDOUT_REDIRECT] 
2024-01-19 21:32:03,756 [INFO] ApplicationProperties:184 - Using Application install path: /Applications/STM32CubeIDE.app/Contents/Eclipse/plugins/com.st.stm32cube.common.mx_6.9.1.202307191849
2024-01-19 21:32:03,776 [INFO] DbMcusXml:78 - Set database path to: /Applications/STM32CubeIDE.app/Contents/Eclipse/plugins/com.st.stm32cube.common.mx_6.9.1.202307191849//db//mcu/
2024-01-19 21:32:03,777 [INFO] ApiDb:274 - Set plugin database path to: /Applications/STM32CubeIDE.app/Contents/Eclipse/plugins/com.st.stm32cube.common.mx_6.9.1.202307191849//db//plugins/boardmanager/
2024-01-19 21:32:03,777 [WARN] ApiDb:259 - Overriding images path with different value:  => /Applications/STM32CubeIDE.app/Contents/Eclipse/plugins/com.st.stm32cube.common.mx_6.9.1.202307191849//db//plugins/mcufinder/images/
2024-01-19 21:32:03,790 [INFO] ApiDb:250 - Set database path to: /Users/jeffsnyder/.stmcufinder/plugins/mcufinder//mcu/
2024-01-19 21:32:03,792 [INFO] DbMcusAds:125 - Set database path to: /Users/jeffsnyder/.stmcufinder/plugins/mcufinder//mcu/
2024-01-19 21:32:03,795 [INFO] CrossReferenceDbSqlite:203 - Set database path to: /Users/jeffsnyder/.stmcufinder/plugins/mcufinder//mcu/cs/
2024-01-19 21:32:03,938 [INFO] RulesReader:64 - Compatibility file has been processed (293 Rules)
2024-01-19 21:32:04,023 [INFO] DbMcusXml:78 - Set database path to: /Applications/STM32CubeIDE.app/Contents/Eclipse/plugins/com.st.stm32cube.common.mx_6.9.1.202307191849//db//mcu/
2024-01-19 21:32:04,024 [INFO] ApiDb:274 - Set plugin database path to: /Applications/STM32CubeIDE.app/Contents/Eclipse/plugins/com.st.stm32cube.common.mx_6.9.1.202307191849//db//plugins/boardmanager/
2024-01-19 21:32:04,024 [INFO] ApiDb:261 - Set plugin images path to: /Applications/STM32CubeIDE.app/Contents/Eclipse/plugins/com.st.stm32cube.common.mx_6.9.1.202307191849//db//plugins/mcufinder/images/
2024-01-19 21:32:04,024 [WARN] DbFile:41 - Overriding database path with different value: /Users/jeffsnyder/.stmcufinder/plugins/mcufinder/ => /Users/jeffsnyder/.stmcufinder/plugins/mcufinder
2024-01-19 21:32:04,024 [INFO] ApiDb:250 - Set database path to: /Users/jeffsnyder/.stmcufinder/plugins/mcufinder//mcu/
2024-01-19 21:32:04,024 [WARN] DbFile:41 - Overriding database path with different value: /Users/jeffsnyder/.stmcufinder/plugins/mcufinder/ => /Users/jeffsnyder/.stmcufinder/plugins/mcufinder
2024-01-19 21:32:04,025 [INFO] DbMcusAds:125 - Set database path to: /Users/jeffsnyder/.stmcufinder/plugins/mcufinder//mcu/
2024-01-19 21:32:04,025 [WARN] DbFile:41 - Overriding database path with different value: /Users/jeffsnyder/.stmcufinder/plugins/mcufinder/ => /Users/jeffsnyder/.stmcufinder/plugins/mcufinder
2024-01-19 21:32:04,025 [WARN] DbFile:41 - Overriding database path with different value: /Users/jeffsnyder/.stmcufinder/plugins/mcufinder/ => /Users/jeffsnyder/.stmcufinder/plugins/mcufinder
2024-01-19 21:32:04,025 [INFO] CrossReferenceDbSqlite:203 - Set database path to: /Users/jeffsnyder/.stmcufinder/plugins/mcufinder//mcu/cs/
2024-01-19 21:32:04,119 [INFO] MainPanel:262 - HeapMemory: 268435456
2024-01-19 21:32:04,228 [INFO] DbMcusXml:78 - Set database path to: /Applications/STM32CubeIDE.app/Contents/Eclipse/plugins/com.st.stm32cube.common.mx_6.9.1.202307191849//db//mcu/
2024-01-19 21:32:04,228 [INFO] ApiDb:274 - Set plugin database path to: /Applications/STM32CubeIDE.app/Contents/Eclipse/plugins/com.st.stm32cube.common.mx_6.9.1.202307191849//db//plugins/boardmanager/
2024-01-19 21:32:04,228 [INFO] ApiDb:261 - Set plugin images path to: /Applications/STM32CubeIDE.app/Contents/Eclipse/plugins/com.st.stm32cube.common.mx_6.9.1.202307191849//db//plugins/mcufinder/images/
2024-01-19 21:32:04,229 [WARN] DbFile:41 - Overriding database path with different value: /Users/jeffsnyder/.stmcufinder/plugins/mcufinder/ => /Users/jeffsnyder/.stmcufinder/plugins/mcufinder
2024-01-19 21:32:04,229 [INFO] ApiDb:250 - Set database path to: /Users/jeffsnyder/.stmcufinder/plugins/mcufinder//mcu/
2024-01-19 21:32:04,229 [WARN] DbFile:41 - Overriding database path with different value: /Users/jeffsnyder/.stmcufinder/plugins/mcufinder/ => /Users/jeffsnyder/.stmcufinder/plugins/mcufinder
2024-01-19 21:32:04,229 [INFO] DbMcusAds:125 - Set database path to: /Users/jeffsnyder/.stmcufinder/plugins/mcufinder//mcu/
2024-01-19 21:32:04,230 [WARN] DbFile:41 - Overriding database path with different value: /Users/jeffsnyder/.stmcufinder/plugins/mcufinder/ => /Users/jeffsnyder/.stmcufinder/plugins/mcufinder
2024-01-19 21:32:04,230 [WARN] DbFile:41 - Overriding database path with different value: /Users/jeffsnyder/.stmcufinder/plugins/mcufinder/ => /Users/jeffsnyder/.stmcufinder/plugins/mcufinder
2024-01-19 21:32:04,230 [INFO] CrossReferenceDbSqlite:203 - Set database path to: /Users/jeffsnyder/.stmcufinder/plugins/mcufinder//mcu/cs/
2024-01-19 21:32:04,249 [INFO] ApplicationProperties:184 - Using Application install path: /Applications/STM32CubeIDE.app/Contents/Eclipse/plugins/com.st.stm32cube.common.mx_6.9.1.202307191849
2024-01-19 21:32:04,250 [INFO] PluginManage:196 - Search for loadable plugins [exclusion list=, ]
2024-01-19 21:32:04,251 [INFO] PluginManage:310 - Check plugin analytics
2024-01-19 21:32:04,445 [INFO] AnalyticsPlugin:253 - Accepted Software Licenses: STM32CubeMX.6.8.1
2024-01-19 21:32:04,446 [INFO] AnalyticsPlugin:255 - Accepted CMSIS Pack Licenses: ARM.CMSIS-DSP.1.15.0
2024-01-19 21:32:04,446 [INFO] AnalyticsPlugin:257 - Accepted Firmware Licenses: FW.H7.1.11.0
2024-01-19 21:32:04,450 [INFO] PluginManage:359 - Loaded plugin analytics (category:tool,tabindex:-1)
2024-01-19 21:32:04,451 [INFO] PluginManage:310 - Check plugin cadmodel
2024-01-19 21:32:05,234 [INFO] CADModel:105 - Init CAD model plugin
2024-01-19 21:32:05,235 [INFO] PluginManage:359 - Loaded plugin cadmodel (category:power,tabindex:5)
2024-01-19 21:32:05,235 [INFO] PluginManage:310 - Check plugin clock
2024-01-19 21:32:05,245 [INFO] PluginManage:359 - Loaded plugin clock (category:base,tabindex:2)
2024-01-19 21:32:05,246 [INFO] PluginManage:310 - Check plugin ddr
2024-01-19 21:32:05,248 [INFO] PluginManage:359 - Loaded plugin ddr (category:tool,tabindex:6)
2024-01-19 21:32:05,248 [INFO] PluginManage:310 - Check plugin filemanager
2024-01-19 21:32:05,391 [INFO] PluginManage:359 - Loaded plugin filemanager (category:base,tabindex:10)
2024-01-19 21:32:05,391 [INFO] PluginManage:310 - Check plugin ipmanager
2024-01-19 21:32:05,398 [INFO] PluginManage:359 - Loaded plugin ipmanager (category:base,tabindex:5)
2024-01-19 21:32:05,398 [INFO] PluginManage:310 - Check plugin lpbam
2024-01-19 21:32:05,411 [INFO] PluginManage:359 - Loaded plugin lpbam (category:base,tabindex:0)
2024-01-19 21:32:05,412 [INFO] PluginManage:310 - Check plugin memorymap
2024-01-19 21:32:05,428 [INFO] PluginManage:359 - Loaded plugin memorymap (category:base,tabindex:4)
2024-01-19 21:32:05,428 [INFO] PluginManage:310 - Check plugin pinoutandconfiguration
2024-01-19 21:32:05,438 [INFO] PluginManage:359 - Loaded plugin pinoutandconfiguration (category:base,tabindex:1)
2024-01-19 21:32:05,438 [INFO] PluginManage:310 - Check plugin pinoutconfig
2024-01-19 21:32:05,543 [WARN] SupportedApi:132 - Cannot load RTOS API schema: s4s-elt-must-match.1: The content of 'definitions' must match (annotation?, (simpleType | complexType)?, (unique | key | keyref)*)). A problem was found starting at: attribute.
2024-01-19 21:32:05,718 [INFO] PluginManage:359 - Loaded plugin pinoutconfig (category:base,tabindex:0)
2024-01-19 21:32:05,718 [INFO] PluginManage:310 - Check plugin power
2024-01-19 21:32:05,730 [INFO] PluginManage:359 - Loaded plugin power (category:power,tabindex:4)
2024-01-19 21:32:05,731 [INFO] PluginManage:310 - Check plugin projectmanager
2024-01-19 21:32:05,747 [INFO] PluginManage:359 - Loaded plugin projectmanager (category:projectmanager,tabindex:3)
2024-01-19 21:32:05,747 [INFO] PluginManage:310 - Check plugin thirdparty
2024-01-19 21:32:05,906 [WARN] IntegrityCheckThread:84 - waiting for thirdparty lock release [integrity check]
2024-01-19 21:32:05,906 [INFO] PluginManage:359 - Loaded plugin thirdparty (category:base,tabindex:-1)
2024-01-19 21:32:05,906 [INFO] IntegrityCheckThread:86 - entering critical section [integrity check]
2024-01-19 21:32:05,906 [INFO] PluginManage:310 - Check plugin tools
2024-01-19 21:32:05,907 [INFO] ThirdPartyUpdaterWithRetryManager:70 - Updater plugin not ready yet. [1/15]
2024-01-19 21:32:05,909 [INFO] PluginManage:359 - Loaded plugin tools (category:base,tabindex:7)
2024-01-19 21:32:05,909 [INFO] PluginManage:310 - Check plugin tutovideos
2024-01-19 21:32:06,165 [INFO] PluginManage:359 - Loaded plugin tutovideos (category:base,tabindex:-1)
2024-01-19 21:32:06,165 [INFO] PluginManage:310 - Check plugin updater
2024-01-19 21:32:06,179 [INFO] PluginManage:359 - Loaded plugin updater (category:base,tabindex:12)
2024-01-19 21:32:06,179 [INFO] PluginManage:310 - Check plugin userauth
2024-01-19 21:32:06,186 [INFO] UserAuth:113 - Init User Auth plugin
2024-01-19 21:32:06,186 [INFO] PluginManage:359 - Loaded plugin userauth (category:base,tabindex:14)
2024-01-19 21:32:06,186 [INFO] PluginManage:283 - PluginManage : Loaded plugins [17]
2024-01-19 21:32:06,416 [INFO] PinOutPanel:1499 - setPackage(No Configuration,No Configuration)
2024-01-19 21:32:06,526 [INFO] CADModel:165 - CPN selected for project level
2024-01-19 21:32:06,526 [INFO] CADModel:114 - Register for checkConnection events
2024-01-19 21:32:06,540 [INFO] IPUIPlugin:80 - create IPUIPlugin
2024-01-19 21:32:06,540 [INFO] PluginManager:220 - loadIPPluginJar : add mdma
2024-01-19 21:32:06,548 [INFO] IPUIPlugin:80 - create IPUIPlugin
2024-01-19 21:32:06,549 [INFO] PluginManager:220 - loadIPPluginJar : add freertos
2024-01-19 21:32:06,554 [INFO] IPUIPlugin:80 - create IPUIPlugin
2024-01-19 21:32:06,554 [INFO] PluginManager:220 - loadIPPluginJar : add gic
2024-01-19 21:32:06,564 [INFO] IPUIPlugin:80 - create IPUIPlugin
2024-01-19 21:32:06,564 [INFO] PluginManager:220 - loadIPPluginJar : add adc
2024-01-19 21:32:06,567 [INFO] IPUIPlugin:80 - create IPUIPlugin
2024-01-19 21:32:06,567 [INFO] PluginManager:220 - loadIPPluginJar : add gtzc
2024-01-19 21:32:06,568 [INFO] IPUIPlugin:80 - create IPUIPlugin
2024-01-19 21:32:06,568 [INFO] PluginManager:220 - loadIPPluginJar : add quadspi
2024-01-19 21:32:06,571 [INFO] IPUIPlugin:80 - create IPUIPlugin
2024-01-19 21:32:06,571 [INFO] PluginManager:220 - loadIPPluginJar : add aes
2024-01-19 21:32:06,574 [INFO] IPUIPlugin:80 - create IPUIPlugin
2024-01-19 21:32:06,575 [INFO] PluginManager:220 - loadIPPluginJar : add pdm2pcm
2024-01-19 21:32:06,576 [INFO] IPUIPlugin:80 - create IPUIPlugin
2024-01-19 21:32:06,577 [INFO] PluginManager:220 - loadIPPluginJar : add hash
2024-01-19 21:32:06,578 [INFO] IPUIPlugin:80 - create IPUIPlugin
2024-01-19 21:32:06,578 [INFO] PluginManager:220 - loadIPPluginJar : add tim
2024-01-19 21:32:06,580 [INFO] IPUIPlugin:80 - create IPUIPlugin
2024-01-19 21:32:06,580 [INFO] PluginManager:220 - loadIPPluginJar : add tsc
2024-01-19 21:32:06,581 [INFO] IPUIPlugin:80 - create IPUIPlugin
2024-01-19 21:32:06,581 [INFO] PluginManager:220 - loadIPPluginJar : add ts
2024-01-19 21:32:06,584 [INFO] IPUIPlugin:80 - create IPUIPlugin
2024-01-19 21:32:06,584 [INFO] PluginManager:220 - loadIPPluginJar : add can
2024-01-19 21:32:06,586 [INFO] IPUIPlugin:80 - create IPUIPlugin
2024-01-19 21:32:06,586 [INFO] PluginManager:220 - loadIPPluginJar : add dma3
2024-01-19 21:32:06,588 [INFO] IPUIPlugin:80 - create IPUIPlugin
2024-01-19 21:32:06,588 [INFO] PluginManager:220 - loadIPPluginJar : add dfsdm
2024-01-19 21:32:06,591 [INFO] IPUIPlugin:80 - create IPUIPlugin
2024-01-19 21:32:06,591 [INFO] PluginManager:220 - loadIPPluginJar : add spi
2024-01-19 21:32:06,593 [INFO] IPUIPlugin:80 - create IPUIPlugin
2024-01-19 21:32:06,593 [INFO] PluginManager:220 - loadIPPluginJar : add gfxmmu
2024-01-19 21:32:06,594 [INFO] IPUIPlugin:80 - create IPUIPlugin
2024-01-19 21:32:06,594 [INFO] PluginManager:220 - loadIPPluginJar : add genericplugin
2024-01-19 21:32:06,597 [INFO] IPUIPlugin:80 - create IPUIPlugin
2024-01-19 21:32:06,597 [INFO] PluginManager:220 - loadIPPluginJar : add cryp
2024-01-19 21:32:06,601 [INFO] IPUIPlugin:80 - create IPUIPlugin
2024-01-19 21:32:06,601 [INFO] PluginManager:220 - loadIPPluginJar : add gpio
2024-01-19 21:32:06,603 [INFO] IPUIPlugin:80 - create IPUIPlugin
2024-01-19 21:32:06,603 [INFO] PluginManager:220 - loadIPPluginJar : add comp
2024-01-19 21:32:06,604 [INFO] IPUIPlugin:80 - create IPUIPlugin
2024-01-19 21:32:06,605 [INFO] PluginManager:220 - loadIPPluginJar : add tracer_emb
2024-01-19 21:32:06,607 [INFO] IPUIPlugin:80 - create IPUIPlugin
2024-01-19 21:32:06,608 [INFO] PluginManager:220 - loadIPPluginJar : add openamp
2024-01-19 21:32:06,612 [INFO] IPUIPlugin:80 - create IPUIPlugin
2024-01-19 21:32:06,612 [INFO] PluginManager:220 - loadIPPluginJar : add stm32_wpan
2024-01-19 21:32:06,619 [INFO] IPUIPlugin:80 - create IPUIPlugin
2024-01-19 21:32:06,621 [INFO] PluginManager:220 - loadIPPluginJar : add plateformsettings
2024-01-19 21:32:06,625 [INFO] IPUIPlugin:80 - create IPUIPlugin
2024-01-19 21:32:06,625 [INFO] PluginManager:220 - loadIPPluginJar : add ipddr
2024-01-19 21:32:06,627 [INFO] IPUIPlugin:80 - create IPUIPlugin
2024-01-19 21:32:06,627 [INFO] PluginManager:220 - loadIPPluginJar : add usart
2024-01-19 21:32:06,628 [INFO] IPUIPlugin:80 - create IPUIPlugin
2024-01-19 21:32:06,629 [INFO] PluginManager:220 - loadIPPluginJar : add ltdc
2024-01-19 21:32:06,633 [INFO] IPUIPlugin:80 - create IPUIPlugin
2024-01-19 21:32:06,633 [INFO] PluginManager:220 - loadIPPluginJar : add nvic
2024-01-19 21:32:06,635 [INFO] IPUIPlugin:80 - create IPUIPlugin
2024-01-19 21:32:06,635 [INFO] PluginManager:220 - loadIPPluginJar : add fatfs
2024-01-19 21:32:06,642 [INFO] IPUIPlugin:80 - create IPUIPlugin
2024-01-19 21:32:06,643 [INFO] PluginManager:220 - loadIPPluginJar : add linkedlist
2024-01-19 21:32:06,649 [INFO] IPUIPlugin:80 - create IPUIPlugin
2024-01-19 21:32:06,650 [INFO] PluginManager:220 - loadIPPluginJar : add dma
2024-01-19 21:32:06,655 [INFO] IPUIPlugin:80 - create IPUIPlugin
2024-01-19 21:32:06,655 [INFO] PluginManager:220 - loadIPPluginJar : add fmc
2024-01-19 21:32:06,657 [INFO] IPUIPlugin:80 - create IPUIPlugin
2024-01-19 21:32:06,657 [INFO] PluginManager:220 - loadIPPluginJar : add i2s
2024-01-19 21:32:06,660 [INFO] IPUIPlugin:80 - create IPUIPlugin
2024-01-19 21:32:06,660 [INFO] PluginManager:220 - loadIPPluginJar : add ucpd
2024-01-19 21:32:06,662 [INFO] IPUIPlugin:80 - create IPUIPlugin
2024-01-19 21:32:06,662 [INFO] PluginManager:220 - loadIPPluginJar : add lorawan
2024-01-19 21:32:06,665 [INFO] IPUIPlugin:80 - create IPUIPlugin
2024-01-19 21:32:06,666 [INFO] PluginManager:220 - loadIPPluginJar : add opamp
2024-01-19 21:32:06,668 [INFO] IPUIPlugin:80 - create IPUIPlugin
2024-01-19 21:32:06,669 [INFO] PluginManager:220 - loadIPPluginJar : add i3c
2024-01-19 21:32:06,672 [INFO] IPUIPlugin:80 - create IPUIPlugin
2024-01-19 21:32:06,672 [INFO] PluginManager:220 - loadIPPluginJar : add touchsensing
2024-01-19 21:32:06,675 [INFO] IPUIPlugin:80 - create IPUIPlugin
2024-01-19 21:32:06,675 [INFO] PluginManager:220 - loadIPPluginJar : add i2c
2024-01-19 21:32:06,678 [INFO] IPUIPlugin:80 - create IPUIPlugin
2024-01-19 21:32:06,679 [INFO] PluginManager:220 - loadIPPluginJar : add resmgrutility
2024-01-19 21:32:06,681 [INFO] IPUIPlugin:80 - create IPUIPlugin
2024-01-19 21:32:06,682 [INFO] PluginManager:220 - loadIPPluginJar : add sai
2024-01-19 21:32:06,684 [INFO] IPUIPlugin:80 - create IPUIPlugin
2024-01-19 21:32:06,684 [INFO] PluginManager:220 - loadIPPluginJar : add usbx
2024-01-19 21:32:06,782 [INFO] CADModel:165 - CPN selected for project level
2024-01-19 21:32:06,782 [INFO] CADModel:114 - Register for checkConnection events
2024-01-19 21:32:06,782 [FATAL] Updater:308 - Updater called before beeing initialized
2024-01-19 21:32:06,782 [ERROR] CADModel:125 - Updater not yet initialized, retry later 
2024-01-19 21:32:07,033 [INFO] CADModel:165 - CPN selected for project level
2024-01-19 21:32:07,034 [INFO] CADModel:114 - Register for checkConnection events
2024-01-19 21:32:07,034 [FATAL] Updater:308 - Updater called before beeing initialized
2024-01-19 21:32:07,034 [ERROR] CADModel:125 - Updater not yet initialized, retry later 
2024-01-19 21:32:07,037 [FATAL] Updater:308 - Updater called before beeing initialized
2024-01-19 21:32:07,136 [FATAL] Updater:308 - Updater called before beeing initialized
2024-01-19 21:32:07,143 [INFO] DbMcusAds:53 - JSON generation date=Thu Sep 30 02:55:09 EDT 2021 (1632984909247)
2024-01-19 21:32:07,144 [FATAL] Updater:308 - Updater called before beeing initialized
2024-01-19 21:32:07,336 [WARN] DetailPanel:346 - Failed to get advertising image, set to default
2024-01-19 21:32:07,470 [FATAL] Updater:308 - Updater called before beeing initialized
2024-01-19 21:32:07,473 [FATAL] Updater:308 - Updater called before beeing initialized
2024-01-19 21:32:07,473 [FATAL] Updater:308 - Updater called before beeing initialized
2024-01-19 21:32:07,473 [WARN] DetailPanel:346 - Failed to get advertising image, set to default
2024-01-19 21:32:07,474 [FATAL] Updater:308 - Updater called before beeing initialized
2024-01-19 21:32:07,505 [ERROR] Updater:1120 - MainUpdater not yet initialized. External WinMGr cannot be set.
2024-01-19 21:32:07,526 [INFO] Updater:1056 - Updater Version found : 6.9.1
2024-01-19 21:32:07,546 [INFO] ApplicationProperties:184 - Using Application install path: /Applications/STM32CubeIDE.app/Contents/Eclipse/plugins/com.st.stm32cube.common.mx_6.9.1.202307191849
2024-01-19 21:32:07,960 [INFO] MainUpdater:2868 - connection check result : 10
2024-01-19 21:32:07,961 [INFO] MainUpdater:285 - Updater Check For Update Now.
2024-01-19 21:32:07,961 [INFO] MicroXplorer:498 - Change Database Version : DB.6.0.91
2024-01-19 21:32:07,966 [INFO] McuFinderGlobals:63 - Set McuFinder mode to 2 (CubeIDE integrated)
2024-01-19 21:32:07,967 [INFO] UserAuth:179 - activating auth plugin
2024-01-19 21:32:07,969 [INFO] UserAuth:393 - Internet connection configuration mode: 1
2024-01-19 21:32:07,988 [INFO] JxBrowserEngine:151 - Initiate JxBrowser Engine with user profile folder
2024-01-19 21:32:08,161 [INFO] CheckServerUpdateThread:120 - End of CheckServer Thread
2024-01-19 21:32:09,223 [WARN] PackLoader:240 - Cannot read IP mode file for STMicroelectronics.X-CUBE-SMBUS.2.1.0
2024-01-19 21:32:09,247 [WARN] PackLoader:240 - Cannot read IP mode file for STMicroelectronics.X-CUBE-TOUCHGFX.4.23.0
2024-01-19 21:32:09,536 [WARN] PackLoader:240 - Cannot read IP mode file for STMicroelectronics.X-CUBE-MEMS1.9.2.0
2024-01-19 21:32:10,025 [WARN] PackLoader:240 - Cannot read IP mode file for STMicroelectronics.X-CUBE-AZRTOS-F7.1.1.0
2024-01-19 21:32:10,055 [ERROR] RealEvaluatedCondition:428 - Found unsupported composite condition: GROUP='STM32_MetaDataManager' CLASS='Data Exchange'
2024-01-19 21:32:10,055 [ERROR] RealEvaluatedCondition:428 - Found unsupported composite condition: CLASS='Data Exchange' GROUP='STM32_MetaDataManager'
2024-01-19 21:32:10,059 [WARN] PackLoader:240 - Cannot read IP mode file for STMicroelectronics.FP-SNS-MOTENV1.4.3.0
2024-01-19 21:32:10,088 [INFO] WebApp:157 - Instantiating new browser for Auth
2024-01-19 21:32:10,098 [WARN] PackLoader:240 - Cannot read IP mode file for STMicroelectronics.FP-SNS-MOTENV1.4.3.2
2024-01-19 21:32:10,110 [WARN] PackLoader:240 - Cannot read IP mode file for STMicroelectronics.FP-SNS-FLIGHT1.5.0.0
2024-01-19 21:32:10,132 [ERROR] RealEvaluatedCondition:428 - Found unsupported composite condition: GROUP='STM32_MetaDataManager' CLASS='Data Exchange'
2024-01-19 21:32:10,133 [ERROR] RealEvaluatedCondition:428 - Found unsupported composite condition: GROUP='STM32_MetaDataManager' CLASS='Data Exchange'
2024-01-19 21:32:10,134 [WARN] PackLoader:240 - Cannot read IP mode file for STMicroelectronics.FP-SNS-MOTENV1.4.3.1
2024-01-19 21:32:10,157 [WARN] PackLoader:240 - Cannot read IP mode file for STMicroelectronics.FP-SNS-FLIGHT1.5.0.1
2024-01-19 21:32:10,185 [WARN] PackLoader:240 - Cannot read IP mode file for STMicroelectronics.X-CUBE-BLE1.6.2.3
2024-01-19 21:32:10,210 [WARN] PackLoader:240 - Cannot read IP mode file for STMicroelectronics.X-CUBE-BLE1.6.2.4
2024-01-19 21:32:10,220 [WARN] PackLoader:240 - Cannot read IP mode file for STMicroelectronics.FP-SNS-FLIGHT1.5.0.2
2024-01-19 21:32:10,248 [WARN] PackLoader:240 - Cannot read IP mode file for STMicroelectronics.X-CUBE-TOF1.3.1.0
2024-01-19 21:32:10,270 [WARN] PackLoader:240 - Cannot read IP mode file for STMicroelectronics.X-CUBE-DISPLAY.3.0.0
2024-01-19 21:32:10,295 [WARN] PackLoader:240 - Cannot read IP mode file for STMicroelectronics.X-CUBE-BLE1.7.0.0
2024-01-19 21:32:10,303 [WARN] PackLoader:240 - Cannot read IP mode file for emotas.I-CUBE-CANOPEN.1.3.0
2024-01-19 21:32:10,308 [WARN] PackLoader:240 - Cannot read IP mode file for STMicroelectronics.X-CUBE-TOUCHGFX.4.22.0
2024-01-19 21:32:10,312 [WARN] PackLoader:240 - Cannot read IP mode file for STMicroelectronics.X-CUBE-TOUCHGFX.4.22.1
2024-01-19 21:32:10,410 [WARN] PackLoader:240 - Cannot read IP mode file for STMicroelectronics.X-CUBE-MEMS1.9.3.0
2024-01-19 21:32:10,750 [WARN] PackLoader:240 - Cannot read IP mode file for STMicroelectronics.X-CUBE-AI.7.2.0
2024-01-19 21:32:10,757 [WARN] PackLoader:240 - Cannot read IP mode file for STMicroelectronics.FP-SNS-SMARTAG2.1.2.0
2024-01-19 21:32:10,777 [INFO] LogOutputStream:77 - [STDOUT_REDIRECT] 1 : Invalid condition id : UX_CORESTACK_Condition cause : null
2024-01-19 21:32:10,778 [INFO] LogOutputStream:77 - [STDOUT_REDIRECT] 1 : Invalid condition id : UX_CORESTACK_Condition cause : null
2024-01-19 21:32:10,779 [INFO] LogOutputStream:77 - [STDOUT_REDIRECT] 1 : Invalid condition id : UX_CORESTACK_Condition cause : null
2024-01-19 21:32:10,779 [INFO] LogOutputStream:77 - [STDOUT_REDIRECT] 1 : Invalid condition id : UX_CORESTACK_Condition cause : null
2024-01-19 21:32:10,779 [INFO] LogOutputStream:77 - [STDOUT_REDIRECT] 1 : Invalid condition id : UX_CORESTACK_Condition cause : null
2024-01-19 21:32:10,784 [WARN] PackLoader:240 - Cannot read IP mode file for STMicroelectronics.X-CUBE-AZRTOS-WL.2.0.0
2024-01-19 21:32:10,798 [WARN] PackLoader:240 - Cannot read IP mode file for WES.I-CUBE-Cesium.1.3.0
2024-01-19 21:32:10,805 [WARN] PackLoader:240 - Cannot read IP mode file for STMicroelectronics.X-CUBE-BLE2.3.3.0
2024-01-19 21:32:10,818 [WARN] PackLoader:240 - Cannot read IP mode file for STMicroelectronics.X-CUBE-DISPLAY.2.2.0
2024-01-19 21:32:10,847 [WARN] PackLoader:240 - Cannot read IP mode file for STMicroelectronics.X-CUBE-TOF1.3.2.0
2024-01-19 21:32:10,869 [WARN] PackLoader:240 - Cannot read IP mode file for STMicroelectronics.X-CUBE-ISPU.1.0.0
2024-01-19 21:32:10,910 [WARN] PackLoader:240 - Cannot read IP mode file for STMicroelectronics.X-CUBE-AZRTOS-H7.2.1.0
2024-01-19 21:32:10,921 [WARN] PackLoader:240 - Cannot read IP mode file for STMicroelectronics.X-CUBE-TOUCHGFX.4.21.1
2024-01-19 21:32:10,925 [WARN] PackLoader:240 - Cannot read IP mode file for STMicroelectronics.X-CUBE-TOUCHGFX.4.21.0
2024-01-19 21:32:10,928 [WARN] PackLoader:240 - Cannot read IP mode file for STMicroelectronics.X-CUBE-TOUCHGFX.4.21.3
2024-01-19 21:32:10,933 [WARN] PackLoader:240 - Cannot read IP mode file for STMicroelectronics.X-CUBE-TOUCHGFX.4.21.4
2024-01-19 21:32:11,016 [WARN] PackLoader:240 - Cannot read IP mode file for STMicroelectronics.X-CUBE-MEMS1.9.4.0
2024-01-19 21:32:11,532 [WARN] PackLoader:240 - Cannot read IP mode file for STMicroelectronics.X-CUBE-AI.7.3.0
2024-01-19 21:32:11,555 [WARN] PackLoader:240 - Cannot read IP mode file for STMicroelectronics.X-CUBE-ALGOBUILD.1.3.0
2024-01-19 21:32:11,654 [WARN] PackLoader:240 - Cannot read IP mode file for STMicroelectronics.X-CUBE-AZRTOS-G0.1.1.0
2024-01-19 21:32:11,670 [WARN] PackLoader:240 - Cannot read IP mode file for STMicroelectronics.X-CUBE-NFC4.3.0.0
2024-01-19 21:32:11,747 [WARN] PackLoader:240 - Cannot read IP mode file for SEGGER.I-CUBE-embOS.1.2.0
2024-01-19 21:32:11,971 [WARN] PackLoader:240 - Cannot read IP mode file for STMicroelectronics.X-CUBE-BLEMGR.3.0.0
2024-01-19 21:32:11,991 [WARN] PackLoader:240 - Cannot read IP mode file for STMicroelectronics.X-CUBE-BLEMGR.1.3.0
2024-01-19 21:32:12,006 [WARN] PackLoader:240 - Cannot read IP mode file for STMicroelectronics.FP-ATR-SIGFOX1.3.2.0
2024-01-19 21:32:12,019 [WARN] PackLoader:240 - Cannot read IP mode file for emotas.I-CUBE-CANOPEN.1.1.2
2024-01-19 21:32:12,026 [WARN] PackLoader:240 - Cannot read IP mode file for STMicroelectronics.X-CUBE-TOUCHGFX.4.20.0
2024-01-19 21:32:12,048 [INFO] WebApp:753 - Register for checkConnection events
2024-01-19 21:32:12,049 [INFO] WebApp:390 - Apply proxy settings
2024-01-19 21:32:12,055 [INFO] WebApp:455 - Chromium authenticates against System proxy
2024-01-19 21:32:12,180 [WARN] PackLoader:240 - Cannot read IP mode file for STMicroelectronics.X-CUBE-MEMS1.9.5.0
2024-01-19 21:32:12,672 [INFO] WebApp:188 - Starting web application
2024-01-19 21:32:12,672 [INFO] WebApp:520 - Web application path used /Applications/STM32CubeIDE.app/Contents/Eclipse/plugins/com.st.stm32cube.common.mx_6.9.1.202307191849/db/plugins/mcufinder/reactClient1/index.html
2024-01-19 21:32:12,804 [WARN] PackLoader:240 - Cannot read IP mode file for SEGGER.I-CUBE-embOS.1.3.1
2024-01-19 21:32:12,921 [WARN] PackLoader:240 - Cannot read IP mode file for STMicroelectronics.X-CUBE-GNSS1.6.0.0
2024-01-19 21:32:13,029 [WARN] PackLoader:240 - Cannot read IP mode file for STMicroelectronics.X-CUBE-AZRTOS-F4.1.1.0
2024-01-19 21:32:13,042 [WARN] PackLoader:240 - Cannot read IP mode file for wolfSSL.I-CUBE-wolfSSL.5.6.6
2024-01-19 21:32:13,054 [WARN] PackLoader:240 - Cannot read IP mode file for STMicroelectronics.X-CUBE-BLEMGR.1.2.0
2024-01-19 21:32:13,142 [WARN] PackLoader:240 - Cannot read IP mode file for STMicroelectronics.X-CUBE-AZRTOS-L5.2.0.0
2024-01-19 21:32:13,226 [WARN] PackLoader:240 - Cannot read IP mode file for STMicroelectronics.X-CUBE-MEMS1.9.6.0
2024-01-19 21:32:13,501 [WARN] PackLoader:240 - Cannot read IP mode file for STMicroelectronics.X-CUBE-EEPRMA1.4.2.0
2024-01-19 21:32:13,508 [WARN] PackLoader:240 - Cannot read IP mode file for ITTIA_DB.I-CUBE-ITTIADB.8.8.0
2024-01-19 21:32:13,516 [ERROR] Engine:466 - /Users/jeffsnyder/STM32Cube/Repository/Packs/ARM/CMSIS-DSP/1.15.0/ARM.CMSIS-DSP.pdsc: PDSC version is not supported
2024-01-19 21:32:13,523 [WARN] PackLoader:240 - Cannot read IP mode file for STMicroelectronics.X-CUBE-BLEMGR.2.0.0
2024-01-19 21:32:13,531 [WARN] PackLoader:240 - Cannot read IP mode file for STMicroelectronics.X-CUBE-NFC4.2.0.5
2024-01-19 21:32:13,539 [WARN] PackLoader:240 - Cannot read IP mode file for STMicroelectronics.X-CUBE-NFC4.2.0.4
2024-01-19 21:32:13,567 [WARN] ConditionMgr:438 - getConditionDescription Invalid condition id : UX DEVICE CLASS RTOS Condition cause : null
2024-01-19 21:32:13,567 [WARN] ConditionMgr:438 - getConditionDescription Invalid condition id : UX DEVICE CLASS RTOS Condition cause : null
2024-01-19 21:32:13,572 [WARN] PackLoader:240 - Cannot read IP mode file for STMicroelectronics.X-CUBE-AZRTOS-H7.3.1.0
2024-01-19 21:32:13,574 [WARN] ConditionMgr:1039 - genDependencies : Invalid condition id : UX DEVICE CLASS RTOS Condition cause : null
2024-01-19 21:32:13,574 [WARN] ConditionMgr:1039 - genDependencies : Invalid condition id : UX DEVICE CLASS RTOS Condition cause : null
2024-01-19 21:32:13,575 [WARN] ConditionMgr:1039 - genDependencies : Invalid condition id : UX DEVICE CLASS RTOS Condition cause : null
2024-01-19 21:32:13,575 [WARN] ConditionMgr:1039 - genDependencies : Invalid condition id : UX DEVICE CLASS RTOS Condition cause : null
2024-01-19 21:32:13,575 [WARN] ConditionMgr:1039 - genDependencies : Invalid condition id : UX DEVICE CLASS RTOS Condition cause : null
2024-01-19 21:32:13,605 [WARN] PackLoader:240 - Cannot read IP mode file for STMicroelectronics.X-CUBE-AZRTOS-F4.1.0.0
2024-01-19 21:32:13,614 [WARN] PackLoader:240 - Cannot read IP mode file for STMicroelectronics.X-CUBE-NFC7.1.0.1
2024-01-19 21:32:13,621 [WARN] PackLoader:240 - Cannot read IP mode file for STMicroelectronics.X-CUBE-NFC7.1.0.0
2024-01-19 21:32:13,632 [WARN] PackLoader:240 - Cannot read IP mode file for STMicroelectronics.X-CUBE-NFC6.3.0.0
2024-01-19 21:32:13,640 [WARN] PackLoader:240 - Cannot read IP mode file for STMicroelectronics.X-CUBE-EEPRMA1.4.1.0
2024-01-19 21:32:13,647 [WARN] PackLoader:240 - Cannot read IP mode file for STMicroelectronics.X-CUBE-AI.8.1.0
2024-01-19 21:32:13,674 [WARN] ConditionMgr:438 - getConditionDescription Invalid condition id : LAN8742 Phy interface Condition cause : null
2024-01-19 21:32:13,675 [WARN] PackLoader:240 - Cannot read IP mode file for STMicroelectronics.X-CUBE-AZRTOS-L4.2.0.0
2024-01-19 21:32:13,677 [WARN] ConditionMgr:1039 - genDependencies : Invalid condition id : LAN8742 Phy interface Condition cause : null
2024-01-19 21:32:13,677 [WARN] ConditionMgr:1039 - genDependencies : Invalid condition id : LAN8742 Phy interface Condition cause : null
2024-01-19 21:32:13,678 [WARN] ConditionMgr:1039 - genDependencies : Invalid condition id : LAN8742 Phy interface Condition cause : null
2024-01-19 21:32:13,690 [WARN] PackLoader:240 - Cannot read IP mode file for STMicroelectronics.X-CUBE-SFXS2LP1.4.0.0
2024-01-19 21:32:13,724 [WARN] PackLoader:240 - Cannot read IP mode file for STMicroelectronics.X-CUBE-AZRTOS-H7.3.0.0
2024-01-19 21:32:13,732 [WARN] PackLoader:240 - Cannot read IP mode file for STMicroelectronics.X-CUBE-ISPU.1.1.0
2024-01-19 21:32:13,740 [WARN] PackLoader:240 - Cannot read IP mode file for RoweBots.I-CUBE-UNISONRTOS.5.5.0-4
2024-01-19 21:32:13,748 [WARN] PackLoader:240 - Cannot read IP mode file for STMicroelectronics.X-CUBE-AI.8.0.0
2024-01-19 21:32:13,766 [WARN] ConditionMgr:438 - getConditionDescription Invalid condition id : UX DEVICE CLASS RTOS Condition cause : null
2024-01-19 21:32:13,766 [WARN] ConditionMgr:438 - getConditionDescription Invalid condition id : UX DEVICE CLASS RTOS Condition cause : null
2024-01-19 21:32:13,768 [WARN] PackLoader:240 - Cannot read IP mode file for STMicroelectronics.X-CUBE-AZRTOS-WB.2.0.0
2024-01-19 21:32:13,769 [WARN] ConditionMgr:1039 - genDependencies : Invalid condition id : UX DEVICE CLASS RTOS Condition cause : null
2024-01-19 21:32:13,769 [WARN] ConditionMgr:1039 - genDependencies : Invalid condition id : UX DEVICE CLASS RTOS Condition cause : null
2024-01-19 21:32:13,770 [WARN] ConditionMgr:1039 - genDependencies : Invalid condition id : UX DEVICE CLASS RTOS Condition cause : null
2024-01-19 21:32:13,770 [WARN] ConditionMgr:1039 - genDependencies : Invalid condition id : UX DEVICE CLASS RTOS Condition cause : null
2024-01-19 21:32:13,771 [WARN] ConditionMgr:1039 - genDependencies : Invalid condition id : UX DEVICE CLASS RTOS Condition cause : null
2024-01-19 21:32:13,776 [WARN] PackLoader:240 - Cannot read IP mode file for STMicroelectronics.X-CUBE-FREERTOS.1.0.0
2024-01-19 21:32:13,781 [WARN] PackLoader:240 - Cannot read IP mode file for STMicroelectronics.X-CUBE-FREERTOS.1.0.1
2024-01-19 21:32:13,789 [WARN] PackLoader:240 - Cannot read IP mode file for STMicroelectronics.X-CUBE-BLEMGR.1.0.0
2024-01-19 21:32:13,811 [WARN] PackLoader:240 - Cannot read IP mode file for STMicroelectronics.X-CUBE-AZRTOS-L5.1.1.0
2024-01-19 21:32:13,822 [WARN] PackLoader:240 - Cannot read IP mode file for STMicroelectronics.X-CUBE-AI.8.0.1
2024-01-19 21:32:13,838 [WARN] PackLoader:240 - Cannot read IP mode file for STMicroelectronics.X-CUBE-SUBG2.5.0.0
2024-01-19 21:32:13,857 [WARN] PackLoader:240 - Cannot read IP mode file for STMicroelectronics.X-CUBE-TOF1.3.3.1
2024-01-19 21:32:13,885 [WARN] PackLoader:240 - Cannot read IP mode file for STMicroelectronics.X-CUBE-AZRTOS-G4.2.0.0
2024-01-19 21:32:13,900 [WARN] PackLoader:240 - Cannot read IP mode file for STMicroelectronics.X-CUBE-TOF1.3.3.0
2024-01-19 21:32:13,926 [WARN] PackLoader:240 - Cannot read IP mode file for STMicroelectronics.FP-ATR-ASTRA1.1.1.1
2024-01-19 21:32:13,946 [WARN] PackLoader:240 - Cannot read IP mode file for Infineon.AIROC-Wi-Fi-Bluetooth-STM32.1.5.1
2024-01-19 21:32:13,956 [WARN] PackLoader:240 - Cannot read IP mode file for STMicroelectronics.FP-ATR-ASTRA1.1.1.0
2024-01-19 21:32:13,961 [WARN] PackLoader:240 - Cannot read IP mode file for STMicroelectronics.FP-SNS-MOTENVWB1.1.3.0
2024-01-19 21:32:13,967 [WARN] PackLoader:240 - Cannot read IP mode file for STMicroelectronics.FP-SNS-MOTENVWB1.1.3.1
2024-01-19 21:32:13,986 [WARN] PackLoader:240 - Cannot read IP mode file for STMicroelectronics.X-CUBE-AZRTOS-G4.1.0.0
2024-01-19 21:32:13,991 [WARN] PackLoader:240 - Cannot read IP mode file for wolfSSL.I-CUBE-wolfSSL.5.3.0
2024-01-19 21:32:14,010 [WARN] PackLoader:240 - Cannot read IP mode file for STMicroelectronics.X-CUBE-AZRTOS-L4.1.0.0
2024-01-19 21:32:14,018 [WARN] PackLoader:240 - Cannot read IP mode file for STMicroelectronics.X-CUBE-ISPU.2.0.0
2024-01-19 21:32:14,068 [WARN] PackLoader:240 - Cannot read IP mode file for STMicroelectronics.X-CUBE-MEMS1.10.0.0
2024-01-19 21:32:14,234 [WARN] PackLoader:240 - Cannot read IP mode file for STMicroelectronics.X-CUBE-FREERTOS.1.1.0
2024-01-19 21:32:14,252 [WARN] PackLoader:240 - Cannot read IP mode file for STMicroelectronics.X-CUBE-AZRTOS-F7.1.0.0
2024-01-19 21:32:14,267 [WARN] PackLoader:240 - Cannot read IP mode file for STMicroelectronics.X-CUBE-AZRTOS-WL.1.0.0
2024-01-19 21:32:14,273 [WARN] PackLoader:240 - Cannot read IP mode file for portGmbH.I-Cube-SoM-uGOAL.1.1.0
2024-01-19 21:32:14,280 [WARN] PackLoader:240 - Cannot read IP mode file for STMicroelectronics.X-CUBE-ALS.1.0.1
2024-01-19 21:32:14,300 [WARN] PackLoader:240 - Cannot read IP mode file for STMicroelectronics.X-CUBE-AZRTOS-WB.1.1.0
2024-01-19 21:32:14,319 [WARN] PackLoader:240 - Cannot read IP mode file for STMicroelectronics.X-CUBE-AZRTOS-L5.1.0.0
2024-01-19 21:32:14,329 [WARN] PackLoader:240 - Cannot read IP mode file for STMicroelectronics.X-CUBE-EEPRMA1.3.1.1
2024-01-19 21:32:14,333 [WARN] PackLoader:240 - Cannot read IP mode file for STMicroelectronics.FP-ATR-ASTRA1.2.0.0
2024-01-19 21:32:14,346 [WARN] PackLoader:240 - Cannot read IP mode file for STMicroelectronics.X-CUBE-TOF1.3.4.0
2024-01-19 21:32:14,383 [WARN] PackLoader:240 - Cannot read IP mode file for STMicroelectronics.X-CUBE-AZRTOS-H7.3.2.0
2024-01-19 21:32:14,387 [INFO] ThirdParty:978 - Integrity check success = true
2024-01-19 21:32:14,387 [INFO] IntegrityCheckThread:100 - exiting critical section [integrity check]
2024-01-19 21:32:14,387 [INFO] IntegrityCheckThread:103 - End integrity checks thread
2024-01-19 21:32:33,929 [ERROR] LogOutputStream:75 - [STDERR_REDIRECT] SLF4J: Failed to load class "org.slf4j.impl.StaticLoggerBinder".
2024-01-19 21:32:33,931 [ERROR] LogOutputStream:75 - [STDERR_REDIRECT] SLF4J: Defaulting to no-operation (NOP) logger implementation
2024-01-19 21:32:33,931 [ERROR] LogOutputStream:75 - [STDERR_REDIRECT] SLF4J: See http://www.slf4j.org/codes.html#StaticLoggerBinder for further details.
