2023-10-31 10:04:22,381 [INFO] Activator:176 - 


2023-10-31 10:04:22,387 [INFO] Activator:177 - !SESSION log4j initialized
2023-10-31 10:04:27,811 [ERROR] LogOutputStream:75 - [STDERR_REDIRECT] 
2023-10-31 10:04:29,158 [INFO] LogOutputStream:77 - [STDOUT_REDIRECT] 
2023-10-31 10:04:31,914 [INFO] LogOutputStream:77 - [STDOUT_REDIRECT] 
2023-10-31 10:04:34,729 [INFO] ApplicationProperties:184 - Using Application install path: /Applications/STM32CubeIDE.app/Contents/Eclipse/plugins/com.st.stm32cube.common.mx_6.9.1.202307191849
2023-10-31 10:04:34,778 [INFO] DbMcusXml:78 - Set database path to: /Applications/STM32CubeIDE.app/Contents/Eclipse/plugins/com.st.stm32cube.common.mx_6.9.1.202307191849//db//mcu/
2023-10-31 10:04:34,779 [INFO] ApiDb:274 - Set plugin database path to: /Applications/STM32CubeIDE.app/Contents/Eclipse/plugins/com.st.stm32cube.common.mx_6.9.1.202307191849//db//plugins/boardmanager/
2023-10-31 10:04:34,780 [WARN] ApiDb:259 - Overriding images path with different value:  => /Applications/STM32CubeIDE.app/Contents/Eclipse/plugins/com.st.stm32cube.common.mx_6.9.1.202307191849//db//plugins/mcufinder/images/
2023-10-31 10:04:34,808 [INFO] ApiDb:250 - Set database path to: /Users/jeffsnyder/.stmcufinder/plugins/mcufinder//mcu/
2023-10-31 10:04:34,812 [INFO] DbMcusAds:125 - Set database path to: /Users/jeffsnyder/.stmcufinder/plugins/mcufinder//mcu/
2023-10-31 10:04:34,819 [INFO] CrossReferenceDbSqlite:203 - Set database path to: /Users/jeffsnyder/.stmcufinder/plugins/mcufinder//mcu/cs/
2023-10-31 10:04:35,082 [INFO] RulesReader:64 - Compatibility file has been processed (293 Rules)
2023-10-31 10:04:35,451 [INFO] DbMcusXml:78 - Set database path to: /Applications/STM32CubeIDE.app/Contents/Eclipse/plugins/com.st.stm32cube.common.mx_6.9.1.202307191849//db//mcu/
2023-10-31 10:04:35,453 [INFO] ApiDb:274 - Set plugin database path to: /Applications/STM32CubeIDE.app/Contents/Eclipse/plugins/com.st.stm32cube.common.mx_6.9.1.202307191849//db//plugins/boardmanager/
2023-10-31 10:04:35,455 [INFO] ApiDb:261 - Set plugin images path to: /Applications/STM32CubeIDE.app/Contents/Eclipse/plugins/com.st.stm32cube.common.mx_6.9.1.202307191849//db//plugins/mcufinder/images/
2023-10-31 10:04:35,456 [WARN] DbFile:41 - Overriding database path with different value: /Users/jeffsnyder/.stmcufinder/plugins/mcufinder/ => /Users/jeffsnyder/.stmcufinder/plugins/mcufinder
2023-10-31 10:04:35,456 [INFO] ApiDb:250 - Set database path to: /Users/jeffsnyder/.stmcufinder/plugins/mcufinder//mcu/
2023-10-31 10:04:35,457 [WARN] DbFile:41 - Overriding database path with different value: /Users/jeffsnyder/.stmcufinder/plugins/mcufinder/ => /Users/jeffsnyder/.stmcufinder/plugins/mcufinder
2023-10-31 10:04:35,458 [INFO] DbMcusAds:125 - Set database path to: /Users/jeffsnyder/.stmcufinder/plugins/mcufinder//mcu/
2023-10-31 10:04:35,458 [WARN] DbFile:41 - Overriding database path with different value: /Users/jeffsnyder/.stmcufinder/plugins/mcufinder/ => /Users/jeffsnyder/.stmcufinder/plugins/mcufinder
2023-10-31 10:04:35,459 [WARN] DbFile:41 - Overriding database path with different value: /Users/jeffsnyder/.stmcufinder/plugins/mcufinder/ => /Users/jeffsnyder/.stmcufinder/plugins/mcufinder
2023-10-31 10:04:35,460 [INFO] CrossReferenceDbSqlite:203 - Set database path to: /Users/jeffsnyder/.stmcufinder/plugins/mcufinder//mcu/cs/
2023-10-31 10:04:35,731 [INFO] MainPanel:262 - HeapMemory: 268435456
2023-10-31 10:04:36,288 [INFO] DbMcusXml:78 - Set database path to: /Applications/STM32CubeIDE.app/Contents/Eclipse/plugins/com.st.stm32cube.common.mx_6.9.1.202307191849//db//mcu/
2023-10-31 10:04:36,288 [INFO] ApiDb:274 - Set plugin database path to: /Applications/STM32CubeIDE.app/Contents/Eclipse/plugins/com.st.stm32cube.common.mx_6.9.1.202307191849//db//plugins/boardmanager/
2023-10-31 10:04:36,289 [INFO] ApiDb:261 - Set plugin images path to: /Applications/STM32CubeIDE.app/Contents/Eclipse/plugins/com.st.stm32cube.common.mx_6.9.1.202307191849//db//plugins/mcufinder/images/
2023-10-31 10:04:36,292 [WARN] DbFile:41 - Overriding database path with different value: /Users/jeffsnyder/.stmcufinder/plugins/mcufinder/ => /Users/jeffsnyder/.stmcufinder/plugins/mcufinder
2023-10-31 10:04:36,293 [INFO] ApiDb:250 - Set database path to: /Users/jeffsnyder/.stmcufinder/plugins/mcufinder//mcu/
2023-10-31 10:04:36,294 [WARN] DbFile:41 - Overriding database path with different value: /Users/jeffsnyder/.stmcufinder/plugins/mcufinder/ => /Users/jeffsnyder/.stmcufinder/plugins/mcufinder
2023-10-31 10:04:36,294 [INFO] DbMcusAds:125 - Set database path to: /Users/jeffsnyder/.stmcufinder/plugins/mcufinder//mcu/
2023-10-31 10:04:36,295 [WARN] DbFile:41 - Overriding database path with different value: /Users/jeffsnyder/.stmcufinder/plugins/mcufinder/ => /Users/jeffsnyder/.stmcufinder/plugins/mcufinder
2023-10-31 10:04:36,296 [WARN] DbFile:41 - Overriding database path with different value: /Users/jeffsnyder/.stmcufinder/plugins/mcufinder/ => /Users/jeffsnyder/.stmcufinder/plugins/mcufinder
2023-10-31 10:04:36,297 [INFO] CrossReferenceDbSqlite:203 - Set database path to: /Users/jeffsnyder/.stmcufinder/plugins/mcufinder//mcu/cs/
2023-10-31 10:04:36,354 [INFO] ApplicationProperties:184 - Using Application install path: /Applications/STM32CubeIDE.app/Contents/Eclipse/plugins/com.st.stm32cube.common.mx_6.9.1.202307191849
2023-10-31 10:04:36,357 [INFO] PluginManage:196 - Search for loadable plugins [exclusion list=, ]
2023-10-31 10:04:36,361 [INFO] PluginManage:310 - Check plugin analytics
2023-10-31 10:04:36,851 [INFO] AnalyticsPlugin:253 - Accepted Software Licenses: STM32CubeMX.6.8.1
2023-10-31 10:04:36,852 [INFO] AnalyticsPlugin:255 - Accepted CMSIS Pack Licenses: 
2023-10-31 10:04:36,852 [INFO] AnalyticsPlugin:257 - Accepted Firmware Licenses: FW.H7.1.11.0
2023-10-31 10:04:36,857 [INFO] PluginManage:359 - Loaded plugin analytics (category:tool,tabindex:-1)
2023-10-31 10:04:36,858 [INFO] PluginManage:310 - Check plugin cadmodel
2023-10-31 10:04:38,796 [INFO] CADModel:105 - Init CAD model plugin
2023-10-31 10:04:38,797 [INFO] PluginManage:359 - Loaded plugin cadmodel (category:power,tabindex:5)
2023-10-31 10:04:38,798 [INFO] PluginManage:310 - Check plugin clock
2023-10-31 10:04:38,820 [INFO] PluginManage:359 - Loaded plugin clock (category:base,tabindex:2)
2023-10-31 10:04:38,821 [INFO] PluginManage:310 - Check plugin ddr
2023-10-31 10:04:38,826 [INFO] PluginManage:359 - Loaded plugin ddr (category:tool,tabindex:6)
2023-10-31 10:04:38,827 [INFO] PluginManage:310 - Check plugin filemanager
2023-10-31 10:04:39,409 [INFO] PluginManage:359 - Loaded plugin filemanager (category:base,tabindex:10)
2023-10-31 10:04:39,410 [INFO] PluginManage:310 - Check plugin ipmanager
2023-10-31 10:04:39,428 [INFO] PluginManage:359 - Loaded plugin ipmanager (category:base,tabindex:5)
2023-10-31 10:04:39,429 [INFO] PluginManage:310 - Check plugin lpbam
2023-10-31 10:04:39,456 [INFO] PluginManage:359 - Loaded plugin lpbam (category:base,tabindex:0)
2023-10-31 10:04:39,456 [INFO] PluginManage:310 - Check plugin memorymap
2023-10-31 10:04:39,484 [INFO] PluginManage:359 - Loaded plugin memorymap (category:base,tabindex:4)
2023-10-31 10:04:39,484 [INFO] PluginManage:310 - Check plugin pinoutandconfiguration
2023-10-31 10:04:39,500 [INFO] PluginManage:359 - Loaded plugin pinoutandconfiguration (category:base,tabindex:1)
2023-10-31 10:04:39,501 [INFO] PluginManage:310 - Check plugin pinoutconfig
2023-10-31 10:04:39,731 [WARN] SupportedApi:132 - Cannot load RTOS API schema: s4s-elt-must-match.1: The content of 'definitions' must match (annotation?, (simpleType | complexType)?, (unique | key | keyref)*)). A problem was found starting at: attribute.
2023-10-31 10:04:40,453 [INFO] PluginManage:359 - Loaded plugin pinoutconfig (category:base,tabindex:0)
2023-10-31 10:04:40,454 [INFO] PluginManage:310 - Check plugin power
2023-10-31 10:04:40,477 [INFO] PluginManage:359 - Loaded plugin power (category:power,tabindex:4)
2023-10-31 10:04:40,478 [INFO] PluginManage:310 - Check plugin projectmanager
2023-10-31 10:04:40,510 [INFO] PluginManage:359 - Loaded plugin projectmanager (category:projectmanager,tabindex:3)
2023-10-31 10:04:40,510 [INFO] PluginManage:310 - Check plugin thirdparty
2023-10-31 10:04:40,802 [INFO] PluginManage:359 - Loaded plugin thirdparty (category:base,tabindex:-1)
2023-10-31 10:04:40,802 [INFO] PluginManage:310 - Check plugin tools
2023-10-31 10:04:40,802 [WARN] IntegrityCheckThread:84 - waiting for thirdparty lock release [integrity check]
2023-10-31 10:04:40,803 [INFO] IntegrityCheckThread:86 - entering critical section [integrity check]
2023-10-31 10:04:40,804 [INFO] ThirdPartyUpdaterWithRetryManager:70 - Updater plugin not ready yet. [1/15]
2023-10-31 10:04:40,809 [INFO] PluginManage:359 - Loaded plugin tools (category:base,tabindex:7)
2023-10-31 10:04:40,809 [INFO] PluginManage:310 - Check plugin tutovideos
2023-10-31 10:04:41,312 [INFO] PluginManage:359 - Loaded plugin tutovideos (category:base,tabindex:-1)
2023-10-31 10:04:41,313 [INFO] PluginManage:310 - Check plugin updater
2023-10-31 10:04:41,330 [INFO] PluginManage:359 - Loaded plugin updater (category:base,tabindex:12)
2023-10-31 10:04:41,331 [INFO] PluginManage:310 - Check plugin userauth
2023-10-31 10:04:41,339 [INFO] UserAuth:113 - Init User Auth plugin
2023-10-31 10:04:41,339 [INFO] PluginManage:359 - Loaded plugin userauth (category:base,tabindex:14)
2023-10-31 10:04:41,340 [INFO] PluginManage:283 - PluginManage : Loaded plugins [17]
2023-10-31 10:04:41,688 [INFO] PinOutPanel:1499 - setPackage(No Configuration,No Configuration)
2023-10-31 10:04:41,862 [INFO] CADModel:165 - CPN selected for project level
2023-10-31 10:04:41,863 [INFO] CADModel:114 - Register for checkConnection events
2023-10-31 10:04:41,885 [INFO] IPUIPlugin:80 - create IPUIPlugin
2023-10-31 10:04:41,886 [INFO] PluginManager:220 - loadIPPluginJar : add mdma
2023-10-31 10:04:41,900 [INFO] IPUIPlugin:80 - create IPUIPlugin
2023-10-31 10:04:41,901 [INFO] PluginManager:220 - loadIPPluginJar : add freertos
2023-10-31 10:04:41,911 [INFO] IPUIPlugin:80 - create IPUIPlugin
2023-10-31 10:04:41,912 [INFO] PluginManager:220 - loadIPPluginJar : add gic
2023-10-31 10:04:41,928 [INFO] IPUIPlugin:80 - create IPUIPlugin
2023-10-31 10:04:41,929 [INFO] PluginManager:220 - loadIPPluginJar : add adc
2023-10-31 10:04:41,934 [INFO] IPUIPlugin:80 - create IPUIPlugin
2023-10-31 10:04:41,935 [INFO] PluginManager:220 - loadIPPluginJar : add gtzc
2023-10-31 10:04:41,937 [INFO] IPUIPlugin:80 - create IPUIPlugin
2023-10-31 10:04:41,938 [INFO] PluginManager:220 - loadIPPluginJar : add quadspi
2023-10-31 10:04:41,942 [INFO] IPUIPlugin:80 - create IPUIPlugin
2023-10-31 10:04:41,942 [INFO] PluginManager:220 - loadIPPluginJar : add aes
2023-10-31 10:04:41,948 [INFO] IPUIPlugin:80 - create IPUIPlugin
2023-10-31 10:04:41,948 [INFO] PluginManager:220 - loadIPPluginJar : add pdm2pcm
2023-10-31 10:04:41,952 [INFO] IPUIPlugin:80 - create IPUIPlugin
2023-10-31 10:04:41,953 [INFO] PluginManager:220 - loadIPPluginJar : add hash
2023-10-31 10:04:41,956 [INFO] IPUIPlugin:80 - create IPUIPlugin
2023-10-31 10:04:41,956 [INFO] PluginManager:220 - loadIPPluginJar : add tim
2023-10-31 10:04:41,959 [INFO] IPUIPlugin:80 - create IPUIPlugin
2023-10-31 10:04:41,960 [INFO] PluginManager:220 - loadIPPluginJar : add tsc
2023-10-31 10:04:41,964 [INFO] IPUIPlugin:80 - create IPUIPlugin
2023-10-31 10:04:41,964 [INFO] PluginManager:220 - loadIPPluginJar : add ts
2023-10-31 10:04:41,969 [INFO] IPUIPlugin:80 - create IPUIPlugin
2023-10-31 10:04:41,969 [INFO] PluginManager:220 - loadIPPluginJar : add can
2023-10-31 10:04:41,974 [INFO] IPUIPlugin:80 - create IPUIPlugin
2023-10-31 10:04:41,975 [INFO] PluginManager:220 - loadIPPluginJar : add dma3
2023-10-31 10:04:41,979 [INFO] IPUIPlugin:80 - create IPUIPlugin
2023-10-31 10:04:41,980 [INFO] PluginManager:220 - loadIPPluginJar : add dfsdm
2023-10-31 10:04:41,984 [INFO] IPUIPlugin:80 - create IPUIPlugin
2023-10-31 10:04:41,984 [INFO] PluginManager:220 - loadIPPluginJar : add spi
2023-10-31 10:04:41,988 [INFO] IPUIPlugin:80 - create IPUIPlugin
2023-10-31 10:04:41,989 [INFO] PluginManager:220 - loadIPPluginJar : add gfxmmu
2023-10-31 10:04:41,992 [INFO] IPUIPlugin:80 - create IPUIPlugin
2023-10-31 10:04:41,993 [INFO] PluginManager:220 - loadIPPluginJar : add genericplugin
2023-10-31 10:04:41,998 [INFO] IPUIPlugin:80 - create IPUIPlugin
2023-10-31 10:04:41,998 [INFO] PluginManager:220 - loadIPPluginJar : add cryp
2023-10-31 10:04:42,006 [INFO] IPUIPlugin:80 - create IPUIPlugin
2023-10-31 10:04:42,007 [INFO] PluginManager:220 - loadIPPluginJar : add gpio
2023-10-31 10:04:42,010 [INFO] IPUIPlugin:80 - create IPUIPlugin
2023-10-31 10:04:42,010 [INFO] PluginManager:220 - loadIPPluginJar : add comp
2023-10-31 10:04:42,015 [INFO] IPUIPlugin:80 - create IPUIPlugin
2023-10-31 10:04:42,016 [INFO] PluginManager:220 - loadIPPluginJar : add tracer_emb
2023-10-31 10:04:42,021 [INFO] IPUIPlugin:80 - create IPUIPlugin
2023-10-31 10:04:42,022 [INFO] PluginManager:220 - loadIPPluginJar : add openamp
2023-10-31 10:04:42,033 [INFO] IPUIPlugin:80 - create IPUIPlugin
2023-10-31 10:04:42,034 [INFO] PluginManager:220 - loadIPPluginJar : add stm32_wpan
2023-10-31 10:04:42,048 [INFO] IPUIPlugin:80 - create IPUIPlugin
2023-10-31 10:04:42,053 [INFO] PluginManager:220 - loadIPPluginJar : add plateformsettings
2023-10-31 10:04:42,060 [INFO] IPUIPlugin:80 - create IPUIPlugin
2023-10-31 10:04:42,060 [INFO] PluginManager:220 - loadIPPluginJar : add ipddr
2023-10-31 10:04:42,066 [INFO] IPUIPlugin:80 - create IPUIPlugin
2023-10-31 10:04:42,066 [INFO] PluginManager:220 - loadIPPluginJar : add usart
2023-10-31 10:04:42,069 [INFO] IPUIPlugin:80 - create IPUIPlugin
2023-10-31 10:04:42,069 [INFO] PluginManager:220 - loadIPPluginJar : add ltdc
2023-10-31 10:04:42,076 [INFO] IPUIPlugin:80 - create IPUIPlugin
2023-10-31 10:04:42,076 [INFO] PluginManager:220 - loadIPPluginJar : add nvic
2023-10-31 10:04:42,079 [INFO] IPUIPlugin:80 - create IPUIPlugin
2023-10-31 10:04:42,080 [INFO] PluginManager:220 - loadIPPluginJar : add fatfs
2023-10-31 10:04:42,092 [INFO] IPUIPlugin:80 - create IPUIPlugin
2023-10-31 10:04:42,093 [INFO] PluginManager:220 - loadIPPluginJar : add linkedlist
2023-10-31 10:04:42,104 [INFO] IPUIPlugin:80 - create IPUIPlugin
2023-10-31 10:04:42,104 [INFO] PluginManager:220 - loadIPPluginJar : add dma
2023-10-31 10:04:42,112 [INFO] IPUIPlugin:80 - create IPUIPlugin
2023-10-31 10:04:42,113 [INFO] PluginManager:220 - loadIPPluginJar : add fmc
2023-10-31 10:04:42,117 [INFO] IPUIPlugin:80 - create IPUIPlugin
2023-10-31 10:04:42,117 [INFO] PluginManager:220 - loadIPPluginJar : add i2s
2023-10-31 10:04:42,121 [INFO] IPUIPlugin:80 - create IPUIPlugin
2023-10-31 10:04:42,121 [INFO] PluginManager:220 - loadIPPluginJar : add ucpd
2023-10-31 10:04:42,126 [INFO] IPUIPlugin:80 - create IPUIPlugin
2023-10-31 10:04:42,126 [INFO] PluginManager:220 - loadIPPluginJar : add lorawan
2023-10-31 10:04:42,131 [INFO] IPUIPlugin:80 - create IPUIPlugin
2023-10-31 10:04:42,132 [INFO] PluginManager:220 - loadIPPluginJar : add opamp
2023-10-31 10:04:42,137 [INFO] IPUIPlugin:80 - create IPUIPlugin
2023-10-31 10:04:42,138 [INFO] PluginManager:220 - loadIPPluginJar : add i3c
2023-10-31 10:04:42,144 [INFO] IPUIPlugin:80 - create IPUIPlugin
2023-10-31 10:04:42,144 [INFO] PluginManager:220 - loadIPPluginJar : add touchsensing
2023-10-31 10:04:42,149 [INFO] IPUIPlugin:80 - create IPUIPlugin
2023-10-31 10:04:42,150 [INFO] PluginManager:220 - loadIPPluginJar : add i2c
2023-10-31 10:04:42,158 [INFO] IPUIPlugin:80 - create IPUIPlugin
2023-10-31 10:04:42,158 [INFO] PluginManager:220 - loadIPPluginJar : add resmgrutility
2023-10-31 10:04:42,165 [INFO] IPUIPlugin:80 - create IPUIPlugin
2023-10-31 10:04:42,165 [INFO] PluginManager:220 - loadIPPluginJar : add sai
2023-10-31 10:04:42,170 [INFO] IPUIPlugin:80 - create IPUIPlugin
2023-10-31 10:04:42,171 [INFO] PluginManager:220 - loadIPPluginJar : add usbx
2023-10-31 10:04:42,311 [INFO] CADModel:165 - CPN selected for project level
2023-10-31 10:04:42,311 [INFO] CADModel:114 - Register for checkConnection events
2023-10-31 10:04:42,312 [FATAL] Updater:308 - Updater called before beeing initialized
2023-10-31 10:04:42,312 [ERROR] CADModel:125 - Updater not yet initialized, retry later 
2023-10-31 10:04:42,638 [INFO] CADModel:165 - CPN selected for project level
2023-10-31 10:04:42,638 [INFO] CADModel:114 - Register for checkConnection events
2023-10-31 10:04:42,638 [FATAL] Updater:308 - Updater called before beeing initialized
2023-10-31 10:04:42,638 [ERROR] CADModel:125 - Updater not yet initialized, retry later 
2023-10-31 10:04:42,643 [FATAL] Updater:308 - Updater called before beeing initialized
2023-10-31 10:04:42,772 [FATAL] Updater:308 - Updater called before beeing initialized
2023-10-31 10:04:42,782 [INFO] DbMcusAds:53 - JSON generation date=Thu Sep 30 02:55:09 EDT 2021 (1632984909247)
2023-10-31 10:04:42,782 [FATAL] Updater:308 - Updater called before beeing initialized
2023-10-31 10:04:43,051 [WARN] DetailPanel:346 - Failed to get advertising image, set to default
2023-10-31 10:04:43,217 [FATAL] Updater:308 - Updater called before beeing initialized
2023-10-31 10:04:43,220 [FATAL] Updater:308 - Updater called before beeing initialized
2023-10-31 10:04:43,220 [FATAL] Updater:308 - Updater called before beeing initialized
2023-10-31 10:04:43,221 [WARN] DetailPanel:346 - Failed to get advertising image, set to default
2023-10-31 10:04:43,222 [FATAL] Updater:308 - Updater called before beeing initialized
2023-10-31 10:04:43,266 [ERROR] Updater:1120 - MainUpdater not yet initialized. External WinMGr cannot be set.
2023-10-31 10:04:43,298 [INFO] Updater:1056 - Updater Version found : 6.9.1
2023-10-31 10:04:43,327 [INFO] ApplicationProperties:184 - Using Application install path: /Applications/STM32CubeIDE.app/Contents/Eclipse/plugins/com.st.stm32cube.common.mx_6.9.1.202307191849
2023-10-31 10:04:43,537 [INFO] MainUpdater:2868 - connection check result : 10
2023-10-31 10:04:43,538 [INFO] MainUpdater:3562 - Updater definition file requires update
2023-10-31 10:04:43,539 [INFO] MainUpdater:285 - Updater Check For Update Now.
2023-10-31 10:04:43,539 [INFO] MicroXplorer:498 - Change Database Version : DB.6.0.91
2023-10-31 10:04:43,548 [INFO] McuFinderGlobals:63 - Set McuFinder mode to 2 (CubeIDE integrated)
2023-10-31 10:04:43,549 [INFO] UserAuth:179 - activating auth plugin
2023-10-31 10:04:43,552 [INFO] UserAuth:393 - Internet connection configuration mode: 1
2023-10-31 10:04:43,570 [INFO] ServerAccessManage:473 - Download File updaters.zip
2023-10-31 10:04:43,577 [INFO] JxBrowserEngine:151 - Initiate JxBrowser Engine with user profile folder
2023-10-31 10:04:43,685 [INFO] FileExtend:240 - Unzip File : updaters.zip
2023-10-31 10:04:43,686 [INFO] FileExtend:255 - Standard Zip Deflate
2023-10-31 10:04:43,808 [WARN] MainUpdater:1189 - Updater busy. Cannot search thirdparties
2023-10-31 10:04:43,808 [INFO] ThirdPartyUpdaterWithRetryManager:96 - Updater plugin is busy. [1/15]
2023-10-31 10:04:43,992 [INFO] ServerAccessManage:473 - Download File PacksControlFlags.xml
2023-10-31 10:04:44,073 [INFO] ServerAccessManage:473 - Download File cubemx.pidx
2023-10-31 10:04:44,820 [INFO] ServerAccessManage:473 - Download File STMicroelectronics.X-CUBE-BLEMGR.pdsc
2023-10-31 10:04:45,193 [INFO] ServerAccessManage:473 - Download File STMicroelectronics.X-CUBE-EEPRMA1.pdsc
2023-10-31 10:04:45,753 [ERROR] ServerAccessManage:1089 - Problem, file not found on Server
2023-10-31 10:04:46,812 [WARN] MainUpdater:1189 - Updater busy. Cannot search thirdparties
2023-10-31 10:04:46,812 [INFO] ThirdPartyUpdaterWithRetryManager:96 - Updater plugin is busy. [2/15]
2023-10-31 10:04:46,937 [WARN] PackLoader:240 - Cannot read IP mode file for STMicroelectronics.X-CUBE-BLEMGR.3.0.0
2023-10-31 10:04:46,963 [WARN] PackLoader:240 - Cannot read IP mode file for STMicroelectronics.X-CUBE-EEPRMA1.4.2.0
2023-10-31 10:04:46,968 [INFO] PopulateThirdPartyThread:66 - Ending populate Thread
2023-10-31 10:04:46,970 [INFO] ThirdParty:1030 - CMSIS Pack Vendor :STMicroelectronics X-CUBE-BLEMGR 3.0.0
2023-10-31 10:04:46,970 [INFO] ThirdParty:1030 - CMSIS Pack Vendor :STMicroelectronics X-CUBE-EEPRMA1 4.2.0
2023-10-31 10:04:46,971 [INFO] LoadServerUpdatesThread:373 - End of LoadServerUpdate Thread
2023-10-31 10:04:47,084 [INFO] CheckServerUpdateThread:120 - End of CheckServer Thread
2023-10-31 10:04:49,994 [INFO] WebApp:157 - Instantiating new browser for Auth
2023-10-31 10:04:50,192 [WARN] PackLoader:240 - Cannot read IP mode file for STMicroelectronics.X-CUBE-SMBUS.2.1.0
2023-10-31 10:04:50,339 [WARN] PackLoader:240 - Cannot read IP mode file for STMicroelectronics.X-CUBE-MEMS1.9.2.0
2023-10-31 10:04:50,725 [WARN] PackLoader:240 - Cannot read IP mode file for STMicroelectronics.X-CUBE-AZRTOS-F7.1.1.0
2023-10-31 10:04:50,738 [ERROR] RealEvaluatedCondition:428 - Found unsupported composite condition: GROUP='STM32_MetaDataManager' CLASS='Data Exchange'
2023-10-31 10:04:50,738 [ERROR] RealEvaluatedCondition:428 - Found unsupported composite condition: CLASS='Data Exchange' GROUP='STM32_MetaDataManager'
2023-10-31 10:04:50,741 [WARN] PackLoader:240 - Cannot read IP mode file for STMicroelectronics.FP-SNS-MOTENV1.4.3.0
2023-10-31 10:04:50,752 [WARN] PackLoader:240 - Cannot read IP mode file for STMicroelectronics.FP-SNS-MOTENV1.4.3.2
2023-10-31 10:04:50,761 [WARN] PackLoader:240 - Cannot read IP mode file for STMicroelectronics.FP-SNS-FLIGHT1.5.0.0
2023-10-31 10:04:50,768 [ERROR] RealEvaluatedCondition:428 - Found unsupported composite condition: CLASS='Data Exchange' GROUP='STM32_MetaDataManager'
2023-10-31 10:04:50,768 [ERROR] RealEvaluatedCondition:428 - Found unsupported composite condition: GROUP='STM32_MetaDataManager' CLASS='Data Exchange'
2023-10-31 10:04:50,771 [WARN] PackLoader:240 - Cannot read IP mode file for STMicroelectronics.FP-SNS-MOTENV1.4.3.1
2023-10-31 10:04:50,781 [WARN] PackLoader:240 - Cannot read IP mode file for STMicroelectronics.FP-SNS-FLIGHT1.5.0.1
2023-10-31 10:04:50,793 [WARN] PackLoader:240 - Cannot read IP mode file for STMicroelectronics.X-CUBE-BLE1.6.2.3
2023-10-31 10:04:50,801 [WARN] PackLoader:240 - Cannot read IP mode file for STMicroelectronics.X-CUBE-BLE1.6.2.4
2023-10-31 10:04:50,806 [WARN] PackLoader:240 - Cannot read IP mode file for STMicroelectronics.FP-SNS-FLIGHT1.5.0.2
2023-10-31 10:04:50,820 [WARN] PackLoader:240 - Cannot read IP mode file for STMicroelectronics.X-CUBE-TOF1.3.1.0
2023-10-31 10:04:50,849 [WARN] PackLoader:240 - Cannot read IP mode file for STMicroelectronics.X-CUBE-DISPLAY.3.0.0
2023-10-31 10:04:50,894 [WARN] PackLoader:240 - Cannot read IP mode file for STMicroelectronics.X-CUBE-BLE1.7.0.0
2023-10-31 10:04:50,911 [WARN] PackLoader:240 - Cannot read IP mode file for STMicroelectronics.X-CUBE-TOUCHGFX.4.22.0
2023-10-31 10:04:50,917 [WARN] PackLoader:240 - Cannot read IP mode file for STMicroelectronics.X-CUBE-TOUCHGFX.4.22.1
2023-10-31 10:04:51,014 [WARN] PackLoader:240 - Cannot read IP mode file for STMicroelectronics.X-CUBE-MEMS1.9.3.0
2023-10-31 10:04:51,287 [WARN] PackLoader:240 - Cannot read IP mode file for STMicroelectronics.X-CUBE-AI.7.2.0
2023-10-31 10:04:51,293 [WARN] PackLoader:240 - Cannot read IP mode file for STMicroelectronics.FP-SNS-SMARTAG2.1.2.0
2023-10-31 10:04:51,307 [INFO] LogOutputStream:77 - [STDOUT_REDIRECT] 1 : Invalid condition id : UX_CORESTACK_Condition cause : null
2023-10-31 10:04:51,309 [INFO] LogOutputStream:77 - [STDOUT_REDIRECT] 1 : Invalid condition id : UX_CORESTACK_Condition cause : null
2023-10-31 10:04:51,310 [INFO] LogOutputStream:77 - [STDOUT_REDIRECT] 1 : Invalid condition id : UX_CORESTACK_Condition cause : null
2023-10-31 10:04:51,311 [INFO] LogOutputStream:77 - [STDOUT_REDIRECT] 1 : Invalid condition id : UX_CORESTACK_Condition cause : null
2023-10-31 10:04:51,311 [INFO] LogOutputStream:77 - [STDOUT_REDIRECT] 1 : Invalid condition id : UX_CORESTACK_Condition cause : null
2023-10-31 10:04:51,319 [WARN] PackLoader:240 - Cannot read IP mode file for STMicroelectronics.X-CUBE-AZRTOS-WL.2.0.0
2023-10-31 10:04:51,330 [WARN] PackLoader:240 - Cannot read IP mode file for WES.I-CUBE-Cesium.1.3.0
2023-10-31 10:04:51,337 [WARN] PackLoader:240 - Cannot read IP mode file for STMicroelectronics.X-CUBE-BLE2.3.3.0
2023-10-31 10:04:51,345 [WARN] PackLoader:240 - Cannot read IP mode file for STMicroelectronics.X-CUBE-DISPLAY.2.2.0
2023-10-31 10:04:51,354 [INFO] WebApp:753 - Register for checkConnection events
2023-10-31 10:04:51,355 [INFO] WebApp:390 - Apply proxy settings
2023-10-31 10:04:51,360 [INFO] WebApp:455 - Chromium authenticates against System proxy
2023-10-31 10:04:51,367 [WARN] PackLoader:240 - Cannot read IP mode file for STMicroelectronics.X-CUBE-TOF1.3.2.0
2023-10-31 10:04:51,385 [WARN] PackLoader:240 - Cannot read IP mode file for STMicroelectronics.X-CUBE-ISPU.1.0.0
2023-10-31 10:04:51,418 [WARN] PackLoader:240 - Cannot read IP mode file for STMicroelectronics.X-CUBE-AZRTOS-H7.2.1.0
2023-10-31 10:04:51,428 [WARN] PackLoader:240 - Cannot read IP mode file for STMicroelectronics.X-CUBE-TOUCHGFX.4.21.1
2023-10-31 10:04:51,433 [WARN] PackLoader:240 - Cannot read IP mode file for STMicroelectronics.X-CUBE-TOUCHGFX.4.21.0
2023-10-31 10:04:51,437 [WARN] PackLoader:240 - Cannot read IP mode file for STMicroelectronics.X-CUBE-TOUCHGFX.4.21.3
2023-10-31 10:04:51,442 [WARN] PackLoader:240 - Cannot read IP mode file for STMicroelectronics.X-CUBE-TOUCHGFX.4.21.4
2023-10-31 10:04:51,517 [WARN] PackLoader:240 - Cannot read IP mode file for STMicroelectronics.X-CUBE-MEMS1.9.4.0
2023-10-31 10:04:51,777 [WARN] PackLoader:240 - Cannot read IP mode file for STMicroelectronics.X-CUBE-AI.7.3.0
2023-10-31 10:04:51,786 [WARN] PackLoader:240 - Cannot read IP mode file for STMicroelectronics.X-CUBE-ALGOBUILD.1.3.0
2023-10-31 10:04:51,811 [WARN] PackLoader:240 - Cannot read IP mode file for STMicroelectronics.X-CUBE-AZRTOS-G0.1.1.0
2023-10-31 10:04:51,822 [WARN] PackLoader:240 - Cannot read IP mode file for STMicroelectronics.X-CUBE-NFC4.3.0.0
2023-10-31 10:04:51,826 [INFO] WebApp:188 - Starting web application
2023-10-31 10:04:51,827 [INFO] WebApp:520 - Web application path used /Applications/STM32CubeIDE.app/Contents/Eclipse/plugins/com.st.stm32cube.common.mx_6.9.1.202307191849/db/plugins/mcufinder/reactClient1/index.html
2023-10-31 10:04:51,895 [WARN] PackLoader:240 - Cannot read IP mode file for SEGGER.I-CUBE-embOS.1.2.0
2023-10-31 10:04:51,964 [WARN] PackLoader:240 - Cannot read IP mode file for STMicroelectronics.X-CUBE-BLEMGR.3.0.0
2023-10-31 10:04:51,978 [WARN] PackLoader:240 - Cannot read IP mode file for STMicroelectronics.X-CUBE-BLEMGR.1.3.0
2023-10-31 10:04:51,986 [WARN] PackLoader:240 - Cannot read IP mode file for STMicroelectronics.FP-ATR-SIGFOX1.3.2.0
2023-10-31 10:04:51,996 [WARN] PackLoader:240 - Cannot read IP mode file for emotas.I-CUBE-CANOPEN.1.1.2
2023-10-31 10:04:52,000 [WARN] PackLoader:240 - Cannot read IP mode file for STMicroelectronics.X-CUBE-TOUCHGFX.4.20.0
2023-10-31 10:04:52,086 [WARN] PackLoader:240 - Cannot read IP mode file for STMicroelectronics.X-CUBE-MEMS1.9.5.0
2023-10-31 10:04:52,478 [WARN] PackLoader:240 - Cannot read IP mode file for SEGGER.I-CUBE-embOS.1.3.1
2023-10-31 10:04:52,552 [WARN] PackLoader:240 - Cannot read IP mode file for STMicroelectronics.X-CUBE-GNSS1.6.0.0
2023-10-31 10:04:52,577 [WARN] PackLoader:240 - Cannot read IP mode file for STMicroelectronics.X-CUBE-AZRTOS-F4.1.1.0
2023-10-31 10:04:52,590 [WARN] PackLoader:240 - Cannot read IP mode file for STMicroelectronics.X-CUBE-BLEMGR.1.2.0
2023-10-31 10:04:52,620 [WARN] PackLoader:240 - Cannot read IP mode file for STMicroelectronics.X-CUBE-AZRTOS-L5.2.0.0
2023-10-31 10:04:52,687 [WARN] PackLoader:240 - Cannot read IP mode file for STMicroelectronics.X-CUBE-MEMS1.9.6.0
2023-10-31 10:04:52,954 [WARN] PackLoader:240 - Cannot read IP mode file for STMicroelectronics.X-CUBE-EEPRMA1.4.2.0
2023-10-31 10:04:52,965 [WARN] PackLoader:240 - Cannot read IP mode file for ITTIA_DB.I-CUBE-ITTIADB.8.8.0
2023-10-31 10:04:52,976 [WARN] PackLoader:240 - Cannot read IP mode file for STMicroelectronics.X-CUBE-BLEMGR.2.0.0
2023-10-31 10:04:52,986 [WARN] PackLoader:240 - Cannot read IP mode file for STMicroelectronics.X-CUBE-NFC4.2.0.5
2023-10-31 10:04:52,994 [WARN] PackLoader:240 - Cannot read IP mode file for STMicroelectronics.X-CUBE-NFC4.2.0.4
2023-10-31 10:04:53,022 [WARN] ConditionMgr:438 - getConditionDescription Invalid condition id : UX DEVICE CLASS RTOS Condition cause : null
2023-10-31 10:04:53,023 [WARN] ConditionMgr:438 - getConditionDescription Invalid condition id : UX DEVICE CLASS RTOS Condition cause : null
2023-10-31 10:04:53,030 [WARN] PackLoader:240 - Cannot read IP mode file for STMicroelectronics.X-CUBE-AZRTOS-H7.3.1.0
2023-10-31 10:04:53,032 [WARN] ConditionMgr:1039 - genDependencies : Invalid condition id : UX DEVICE CLASS RTOS Condition cause : null
2023-10-31 10:04:53,032 [WARN] ConditionMgr:1039 - genDependencies : Invalid condition id : UX DEVICE CLASS RTOS Condition cause : null
2023-10-31 10:04:53,033 [WARN] ConditionMgr:1039 - genDependencies : Invalid condition id : UX DEVICE CLASS RTOS Condition cause : null
2023-10-31 10:04:53,034 [WARN] ConditionMgr:1039 - genDependencies : Invalid condition id : UX DEVICE CLASS RTOS Condition cause : null
2023-10-31 10:04:53,034 [WARN] ConditionMgr:1039 - genDependencies : Invalid condition id : UX DEVICE CLASS RTOS Condition cause : null
2023-10-31 10:04:53,061 [WARN] PackLoader:240 - Cannot read IP mode file for STMicroelectronics.X-CUBE-AZRTOS-F4.1.0.0
2023-10-31 10:04:53,070 [WARN] PackLoader:240 - Cannot read IP mode file for STMicroelectronics.X-CUBE-NFC7.1.0.1
2023-10-31 10:04:53,078 [WARN] PackLoader:240 - Cannot read IP mode file for STMicroelectronics.X-CUBE-NFC7.1.0.0
2023-10-31 10:04:53,087 [WARN] PackLoader:240 - Cannot read IP mode file for STMicroelectronics.X-CUBE-NFC6.3.0.0
2023-10-31 10:04:53,096 [WARN] PackLoader:240 - Cannot read IP mode file for STMicroelectronics.X-CUBE-EEPRMA1.4.1.0
2023-10-31 10:04:53,102 [WARN] PackLoader:240 - Cannot read IP mode file for STMicroelectronics.X-CUBE-AI.8.1.0
2023-10-31 10:04:53,134 [WARN] ConditionMgr:438 - getConditionDescription Invalid condition id : LAN8742 Phy interface Condition cause : null
2023-10-31 10:04:53,135 [WARN] PackLoader:240 - Cannot read IP mode file for STMicroelectronics.X-CUBE-AZRTOS-L4.2.0.0
2023-10-31 10:04:53,138 [WARN] ConditionMgr:1039 - genDependencies : Invalid condition id : LAN8742 Phy interface Condition cause : null
2023-10-31 10:04:53,138 [WARN] ConditionMgr:1039 - genDependencies : Invalid condition id : LAN8742 Phy interface Condition cause : null
2023-10-31 10:04:53,139 [WARN] ConditionMgr:1039 - genDependencies : Invalid condition id : LAN8742 Phy interface Condition cause : null
2023-10-31 10:04:53,151 [WARN] PackLoader:240 - Cannot read IP mode file for STMicroelectronics.X-CUBE-SFXS2LP1.4.0.0
2023-10-31 10:04:53,186 [WARN] PackLoader:240 - Cannot read IP mode file for STMicroelectronics.X-CUBE-AZRTOS-H7.3.0.0
2023-10-31 10:04:53,196 [WARN] PackLoader:240 - Cannot read IP mode file for STMicroelectronics.X-CUBE-ISPU.1.1.0
2023-10-31 10:04:53,207 [WARN] PackLoader:240 - Cannot read IP mode file for RoweBots.I-CUBE-UNISONRTOS.5.5.0-4
2023-10-31 10:04:53,214 [WARN] PackLoader:240 - Cannot read IP mode file for STMicroelectronics.X-CUBE-AI.8.0.0
2023-10-31 10:04:53,233 [WARN] ConditionMgr:438 - getConditionDescription Invalid condition id : UX DEVICE CLASS RTOS Condition cause : null
2023-10-31 10:04:53,234 [WARN] ConditionMgr:438 - getConditionDescription Invalid condition id : UX DEVICE CLASS RTOS Condition cause : null
2023-10-31 10:04:53,237 [WARN] PackLoader:240 - Cannot read IP mode file for STMicroelectronics.X-CUBE-AZRTOS-WB.2.0.0
2023-10-31 10:04:53,238 [WARN] ConditionMgr:1039 - genDependencies : Invalid condition id : UX DEVICE CLASS RTOS Condition cause : null
2023-10-31 10:04:53,239 [WARN] ConditionMgr:1039 - genDependencies : Invalid condition id : UX DEVICE CLASS RTOS Condition cause : null
2023-10-31 10:04:53,239 [WARN] ConditionMgr:1039 - genDependencies : Invalid condition id : UX DEVICE CLASS RTOS Condition cause : null
2023-10-31 10:04:53,240 [WARN] ConditionMgr:1039 - genDependencies : Invalid condition id : UX DEVICE CLASS RTOS Condition cause : null
2023-10-31 10:04:53,240 [WARN] ConditionMgr:1039 - genDependencies : Invalid condition id : UX DEVICE CLASS RTOS Condition cause : null
2023-10-31 10:04:53,247 [WARN] PackLoader:240 - Cannot read IP mode file for STMicroelectronics.X-CUBE-FREERTOS.1.0.0
2023-10-31 10:04:53,252 [WARN] PackLoader:240 - Cannot read IP mode file for STMicroelectronics.X-CUBE-FREERTOS.1.0.1
2023-10-31 10:04:53,262 [WARN] PackLoader:240 - Cannot read IP mode file for STMicroelectronics.X-CUBE-BLEMGR.1.0.0
2023-10-31 10:04:53,287 [WARN] PackLoader:240 - Cannot read IP mode file for STMicroelectronics.X-CUBE-AZRTOS-L5.1.1.0
2023-10-31 10:04:53,294 [WARN] PackLoader:240 - Cannot read IP mode file for STMicroelectronics.X-CUBE-AI.8.0.1
2023-10-31 10:04:53,309 [WARN] PackLoader:240 - Cannot read IP mode file for STMicroelectronics.X-CUBE-SUBG2.5.0.0
2023-10-31 10:04:53,327 [WARN] PackLoader:240 - Cannot read IP mode file for STMicroelectronics.X-CUBE-TOF1.3.3.1
2023-10-31 10:04:53,363 [WARN] PackLoader:240 - Cannot read IP mode file for STMicroelectronics.X-CUBE-AZRTOS-G4.2.0.0
2023-10-31 10:04:53,380 [WARN] PackLoader:240 - Cannot read IP mode file for STMicroelectronics.X-CUBE-TOF1.3.3.0
2023-10-31 10:04:53,396 [WARN] PackLoader:240 - Cannot read IP mode file for STMicroelectronics.FP-ATR-ASTRA1.1.1.1
2023-10-31 10:04:53,417 [WARN] PackLoader:240 - Cannot read IP mode file for Infineon.AIROC-Wi-Fi-Bluetooth-STM32.1.5.1
2023-10-31 10:04:53,426 [WARN] PackLoader:240 - Cannot read IP mode file for STMicroelectronics.FP-ATR-ASTRA1.1.1.0
2023-10-31 10:04:53,446 [WARN] PackLoader:240 - Cannot read IP mode file for STMicroelectronics.X-CUBE-AZRTOS-G4.1.0.0
2023-10-31 10:04:53,453 [WARN] PackLoader:240 - Cannot read IP mode file for wolfSSL.I-CUBE-wolfSSL.5.3.0
2023-10-31 10:04:53,479 [WARN] PackLoader:240 - Cannot read IP mode file for STMicroelectronics.X-CUBE-AZRTOS-L4.1.0.0
2023-10-31 10:04:53,554 [WARN] PackLoader:240 - Cannot read IP mode file for STMicroelectronics.X-CUBE-MEMS1.10.0.0
2023-10-31 10:04:53,828 [WARN] PackLoader:240 - Cannot read IP mode file for STMicroelectronics.X-CUBE-FREERTOS.1.1.0
2023-10-31 10:04:53,850 [WARN] PackLoader:240 - Cannot read IP mode file for STMicroelectronics.X-CUBE-AZRTOS-F7.1.0.0
2023-10-31 10:04:53,871 [WARN] PackLoader:240 - Cannot read IP mode file for STMicroelectronics.X-CUBE-AZRTOS-WL.1.0.0
2023-10-31 10:04:53,883 [WARN] PackLoader:240 - Cannot read IP mode file for portGmbH.I-Cube-SoM-uGOAL.1.1.0
2023-10-31 10:04:53,890 [WARN] PackLoader:240 - Cannot read IP mode file for STMicroelectronics.X-CUBE-ALS.1.0.1
2023-10-31 10:04:53,914 [WARN] PackLoader:240 - Cannot read IP mode file for STMicroelectronics.X-CUBE-AZRTOS-WB.1.1.0
2023-10-31 10:04:53,938 [WARN] PackLoader:240 - Cannot read IP mode file for STMicroelectronics.X-CUBE-AZRTOS-L5.1.0.0
2023-10-31 10:04:53,949 [WARN] PackLoader:240 - Cannot read IP mode file for STMicroelectronics.X-CUBE-EEPRMA1.3.1.1
2023-10-31 10:04:53,954 [WARN] PackLoader:240 - Cannot read IP mode file for STMicroelectronics.FP-ATR-ASTRA1.2.0.0
2023-10-31 10:04:53,955 [INFO] ThirdParty:978 - Integrity check success = true
2023-10-31 10:04:53,955 [INFO] IntegrityCheckThread:100 - exiting critical section [integrity check]
2023-10-31 10:04:53,955 [INFO] IntegrityCheckThread:103 - End integrity checks thread
2023-10-31 10:05:13,331 [ERROR] LogOutputStream:75 - [STDERR_REDIRECT] SLF4J: Failed to load class "org.slf4j.impl.StaticLoggerBinder".
2023-10-31 10:05:13,332 [ERROR] LogOutputStream:75 - [STDERR_REDIRECT] SLF4J: Defaulting to no-operation (NOP) logger implementation
2023-10-31 10:05:13,333 [ERROR] LogOutputStream:75 - [STDERR_REDIRECT] SLF4J: See http://www.slf4j.org/codes.html#StaticLoggerBinder for further details.
