--------------- Build Started: 08/07/2023 22:06:27 Project: CE210514_PSOC3_5_Thermistor, Configuration: ARM GCC 5.4-2016-q2-update Debug ---------------
The code generation step is up to date.
arm-none-eabi-gcc.exe -mcpu=cortex-m3 -mthumb -I. -IGenerated_Source\PSoC5 -Wa,-alh=.\ARM_GCC_541\Debug/main.lst -g -Wall -ffunction-sections -ffat-lto-objects -O0 -c main.c -o .\ARM_GCC_541\Debug\main.o
main.c: In function 'main':
main.c:871:21: warning: unused variable 'status' [-Wunused-variable]
             uint8_t status = I2C_MasterWriteBlocking(0x70, 1, I2C_1_MODE_COMPLETE_XFER);
                     ^
main.c:1489:25: warning: unused variable 'status' [-Wunused-variable]
                 uint8_t status = I2C_MasterWriteBlocking(0x70, 1, I2C_1_MODE_COMPLETE_XFER);
                         ^
main.c:559:13: warning: unused variable 'myArrayCounter' [-Wunused-variable]
     uint8_t myArrayCounter = 0;
             ^
arm-none-eabi-ar.exe -rs .\ARM_GCC_541\Debug\CE210514_PSOC3_5_Thermistor.a .\ARM_GCC_541\Debug\cy_em_eeprom.o .\ARM_GCC_541\Debug\CyDmac.o .\ARM_GCC_541\Debug\CyFlash.o .\ARM_GCC_541\Debug\CyLib.o .\ARM_GCC_541\Debug\cyPm.o .\ARM_GCC_541\Debug\CySpc.o .\ARM_GCC_541\Debug\cyutils.o .\ARM_GCC_541\Debug\MISO_1.o .\ARM_GCC_541\Debug\MOSI_1.o .\ARM_GCC_541\Debug\SCLK_1.o .\ARM_GCC_541\Debug\MOSI_2.o .\ARM_GCC_541\Debug\MISO_2.o .\ARM_GCC_541\Debug\SPIM_1.o .\ARM_GCC_541\Debug\SPIM_1_PM.o .\ARM_GCC_541\Debug\SPIM_1_INT.o .\ARM_GCC_541\Debug\SCLK_2.o .\ARM_GCC_541\Debug\SPIM_1_IntClock.o .\ARM_GCC_541\Debug\SS_1.o .\ARM_GCC_541\Debug\SS_2.o .\ARM_GCC_541\Debug\I2C_1.o .\ARM_GCC_541\Debug\I2C_1_BOOT.o .\ARM_GCC_541\Debug\I2C_1_INT.o .\ARM_GCC_541\Debug\I2C_1_PM.o .\ARM_GCC_541\Debug\I2C_1_SLAVE.o .\ARM_GCC_541\Debug\I2C_1_MASTER.o .\ARM_GCC_541\Debug\SCL_1.o .\ARM_GCC_541\Debug\SDA_1.o .\ARM_GCC_541\Debug\oct1.o .\ARM_GCC_541\Debug\oct2.o .\ARM_GCC_541\Debug\oct3.o .\ARM_GCC_541\Debug\oct4.o .\ARM_GCC_541\Debug\ADC_SAR_Seq_1.o .\ARM_GCC_541\Debug\ADC_SAR_Seq_1_PM.o .\ARM_GCC_541\Debug\ADC_SAR_Seq_1_INT.o .\ARM_GCC_541\Debug\ADC_SAR_Seq_1_SAR.o .\ARM_GCC_541\Debug\ADC_SAR_Seq_1_SAR_INT.o .\ARM_GCC_541\Debug\ADC_SAR_Seq_1_SAR_PM.o .\ARM_GCC_541\Debug\ADC_SAR_Seq_1_IntClock.o .\ARM_GCC_541\Debug\ADC_SAR_Seq_1_TempBuf_dma.o .\ARM_GCC_541\Debug\ADC_SAR_Seq_1_FinalBuf_dma.o .\ARM_GCC_541\Debug\ADC_SAR_Seq_1_IRQ.o .\ARM_GCC_541\Debug\ADC_SAR_Seq_1_SAR_Bypass.o .\ARM_GCC_541\Debug\joy_y.o .\ARM_GCC_541\Debug\joy_x.o .\ARM_GCC_541\Debug\Clock_1.o .\ARM_GCC_541\Debug\Status_Reg_1.o .\ARM_GCC_541\Debug\Clock_2.o .\ARM_GCC_541\Debug\SPIS_1.o .\ARM_GCC_541\Debug\SPIS_1_PM.o .\ARM_GCC_541\Debug\SPIS_1_INT.o .\ARM_GCC_541\Debug\SPIS_1_BOOT.o .\ARM_GCC_541\Debug\SPIS_1_IntClock.o .\ARM_GCC_541\Debug\knob2.o .\ARM_GCC_541\Debug\knob1.o .\ARM_GCC_541\Debug\SPIS_2.o .\ARM_GCC_541\Debug\SPIS_2_PM.o .\ARM_GCC_541\Debug\SPIS_2_INT.o .\ARM_GCC_541\Debug\SPIS_2_BOOT.o .\ARM_GCC_541\Debug\SPIS_2_IntClock.o .\ARM_GCC_541\Debug\MISO_3.o .\ARM_GCC_541\Debug\SS_3.o .\ARM_GCC_541\Debug\SCLK_3.o .\ARM_GCC_541\Debug\MOSI_3.o .\ARM_GCC_541\Debug\my_Vbus_ISR.o .\ARM_GCC_541\Debug\USB.o .\ARM_GCC_541\Debug\USB_audio.o .\ARM_GCC_541\Debug\USB_boot.o .\ARM_GCC_541\Debug\USB_cdc.o .\ARM_GCC_541\Debug\USB_cls.o .\ARM_GCC_541\Debug\USB_descr.o .\ARM_GCC_541\Debug\USB_drv.o .\ARM_GCC_541\Debug\USB_episr.o .\ARM_GCC_541\Debug\USB_hid.o .\ARM_GCC_541\Debug\USB_pm.o .\ARM_GCC_541\Debug\USB_std.o .\ARM_GCC_541\Debug\USB_vnd.o .\ARM_GCC_541\Debug\USB_midi.o .\ARM_GCC_541\Debug\USB_msc.o .\ARM_GCC_541\Debug\Em_EEPROM.o .\ARM_GCC_541\Debug\USB_Vbus_ps.o .\ARM_GCC_541\Debug\USB_Dm.o .\ARM_GCC_541\Debug\USB_Dp.o .\ARM_GCC_541\Debug\vBusPin.o .\ARM_GCC_541\Debug\DMA_1_dma.o .\ARM_GCC_541\Debug\DMA_2_dma.o .\ARM_GCC_541\Debug\isr_SPI2_ss.o .\ARM_GCC_541\Debug\isr_SPI1_ss.o .\ARM_GCC_541\Debug\testpin2.o .\ARM_GCC_541\Debug\testpin3.o .\ARM_GCC_541\Debug\testpin1.o .\ARM_GCC_541\Debug\testpin4.o .\ARM_GCC_541\Debug\testpin5.o .\ARM_GCC_541\Debug\LED_TEST.o .\ARM_GCC_541\Debug\LED_green1.o .\ARM_GCC_541\Debug\LED_amber1.o .\ARM_GCC_541\Debug\LED_amber2.o .\ARM_GCC_541\Debug\LED_amber3.o .\ARM_GCC_541\Debug\LED_amber4.o .\ARM_GCC_541\Debug\LED_red1.o .\ARM_GCC_541\Debug\LED_red2.o .\ARM_GCC_541\Debug\LED_green2.o .\ARM_GCC_541\Debug\button1.o .\ARM_GCC_541\Debug\button2.o .\ARM_GCC_541\Debug\button3.o .\ARM_GCC_541\Debug\button4.o .\ARM_GCC_541\Debug\encoder_button.o .\ARM_GCC_541\Debug\neck1_button.o .\ARM_GCC_541\Debug\neck2_button.o .\ARM_GCC_541\Debug\edit_button.o .\ARM_GCC_541\Debug\testpin6.o .\ARM_GCC_541\Debug\EEPROM.o .\ARM_GCC_541\Debug\DMA_3_dma.o .\ARM_GCC_541\Debug\DMA_4_dma.o .\ARM_GCC_541\Debug\shift_button.o .\ARM_GCC_541\Debug\Decoder_1.o .\ARM_GCC_541\Debug\Decoder_1_PINS2.o .\ARM_GCC_541\Debug\Decoder_1_isrDtr.o .\ARM_GCC_541\Debug\CyBootAsmGnu.o
arm-none-eabi-ar.exe: creating .\ARM_GCC_541\Debug\CE210514_PSOC3_5_Thermistor.a
arm-none-eabi-gcc.exe -Wl,--start-group -o C:\Users\JeffSnyder\dev\Electrosteel_embedded\PSOC5_electrosteel_stringsensors_newpcb_brain\CE210514_PSOC3_5_Thermistor.cydsn\ARM_GCC_541\Debug\CE210514_PSOC3_5_Thermistor.elf .\ARM_GCC_541\Debug\main.o .\ARM_GCC_541\Debug\measurement.o .\ARM_GCC_541\Debug\removeOffsetNoise.o .\ARM_GCC_541\Debug\gfx.o .\ARM_GCC_541\Debug\gfx_font.o .\ARM_GCC_541\Debug\oled.o .\ARM_GCC_541\Debug\ssd1306.o .\ARM_GCC_541\Debug\cyfitter_cfg.o .\ARM_GCC_541\Debug\cymetadata.o .\ARM_GCC_541\Debug\Cm3Start.o .\ARM_GCC_541\Debug\CE210514_PSOC3_5_Thermistor.a "C:\Program Files (x86)\Cypress\PSoC Creator\4.4\PSoC Creator\psoc\content\cycomponentlibrary\CyComponentLibrary.cylib\CortexM3\ARM_GCC_541\Debug\CyComponentLibrary.a" -mcpu=cortex-m3 -mthumb -l m -L Generated_Source\PSoC5 -Wl,-Map,.\ARM_GCC_541\Debug/CE210514_PSOC3_5_Thermistor.map -T Generated_Source\PSoC5\cm3gcc.ld -specs=nano.specs -Wl,--gc-sections -u_printf_float -g -ffunction-sections -O0 -ffat-lto-objects -Wl,--end-group
cyelftool.exe -C C:\Users\JeffSnyder\dev\Electrosteel_embedded\PSOC5_electrosteel_stringsensors_newpcb_brain\CE210514_PSOC3_5_Thermistor.cydsn\ARM_GCC_541\Debug\CE210514_PSOC3_5_Thermistor.elf --flash_row_size 256 --flash_size 262144 --flash_offset 0x00000000
No ELF section .cychecksum found, creating one
Application checksum calculated and stored in ELF section .cychecksum
Checksum calculated and stored in ELF section .cymeta
cyelftool.exe -S C:\Users\JeffSnyder\dev\Electrosteel_embedded\PSOC5_electrosteel_stringsensors_newpcb_brain\CE210514_PSOC3_5_Thermistor.cydsn\ARM_GCC_541\Debug\CE210514_PSOC3_5_Thermistor.elf
Flash used: 239224 of 262144 bytes (91.3%).
SRAM used: 27637 of 65536 bytes (42.2%). Stack: 3840 bytes. Heap: 2048 bytes.
--------------- Build Succeeded: 08/07/2023 22:06:31 ---------------
