--------------- Clean Started: 07/26/2023 01:09:22 Project: CE210514_PSOC3_5_Thermistor, Configuration: ARM GCC 5.4-2016-q2-update Debug ---------------
Deleting file ".\ARM_GCC_541\Debug\main.o"
Deleting file ".\ARM_GCC_541\Debug\measurement.o"
Deleting file ".\ARM_GCC_541\Debug\removeOffsetNoise.o"
Deleting file ".\ARM_GCC_541\Debug\gfx.o"
Deleting file ".\ARM_GCC_541\Debug\gfx_font.o"
Deleting file ".\ARM_GCC_541\Debug\oled.o"
Deleting file ".\ARM_GCC_541\Debug\ssd1306.o"
Deleting file ".\ARM_GCC_541\Debug\cyfitter_cfg.o"
Deleting file ".\ARM_GCC_541\Debug\cymetadata.o"
Deleting file ".\ARM_GCC_541\Debug\cy_em_eeprom.o"
Deleting file ".\ARM_GCC_541\Debug\Cm3Start.o"
Deleting file ".\ARM_GCC_541\Debug\CyBootAsmGnu.o"
Deleting file ".\ARM_GCC_541\Debug\CyDmac.o"
Deleting file ".\ARM_GCC_541\Debug\CyFlash.o"
Deleting file ".\ARM_GCC_541\Debug\CyLib.o"
Deleting file ".\ARM_GCC_541\Debug\cyPm.o"
Deleting file ".\ARM_GCC_541\Debug\CySpc.o"
Deleting file ".\ARM_GCC_541\Debug\cyutils.o"
Deleting file ".\ARM_GCC_541\Debug\MISO_1.o"
Deleting file ".\ARM_GCC_541\Debug\MOSI_1.o"
Deleting file ".\ARM_GCC_541\Debug\SCLK_1.o"
Deleting file ".\ARM_GCC_541\Debug\MOSI_2.o"
Deleting file ".\ARM_GCC_541\Debug\MISO_2.o"
Deleting file ".\ARM_GCC_541\Debug\SPIM_1.o"
Deleting file ".\ARM_GCC_541\Debug\SPIM_1_PM.o"
Deleting file ".\ARM_GCC_541\Debug\SPIM_1_INT.o"
Deleting file ".\ARM_GCC_541\Debug\SCLK_2.o"
Deleting file ".\ARM_GCC_541\Debug\SPIM_1_IntClock.o"
Deleting file ".\ARM_GCC_541\Debug\SS_1.o"
Deleting file ".\ARM_GCC_541\Debug\SS_2.o"
Deleting file ".\ARM_GCC_541\Debug\I2C_1.o"
Deleting file ".\ARM_GCC_541\Debug\I2C_1_BOOT.o"
Deleting file ".\ARM_GCC_541\Debug\I2C_1_INT.o"
Deleting file ".\ARM_GCC_541\Debug\I2C_1_PM.o"
Deleting file ".\ARM_GCC_541\Debug\I2C_1_SLAVE.o"
Deleting file ".\ARM_GCC_541\Debug\I2C_1_MASTER.o"
Deleting file ".\ARM_GCC_541\Debug\SCL_1.o"
Deleting file ".\ARM_GCC_541\Debug\SDA_1.o"
Deleting file ".\ARM_GCC_541\Debug\oct1.o"
Deleting file ".\ARM_GCC_541\Debug\oct2.o"
Deleting file ".\ARM_GCC_541\Debug\oct3.o"
Deleting file ".\ARM_GCC_541\Debug\oct4.o"
Deleting file ".\ARM_GCC_541\Debug\ADC_SAR_Seq_1.o"
Deleting file ".\ARM_GCC_541\Debug\ADC_SAR_Seq_1_PM.o"
Deleting file ".\ARM_GCC_541\Debug\ADC_SAR_Seq_1_INT.o"
Deleting file ".\ARM_GCC_541\Debug\ADC_SAR_Seq_1_SAR.o"
Deleting file ".\ARM_GCC_541\Debug\ADC_SAR_Seq_1_SAR_INT.o"
Deleting file ".\ARM_GCC_541\Debug\ADC_SAR_Seq_1_SAR_PM.o"
Deleting file ".\ARM_GCC_541\Debug\ADC_SAR_Seq_1_IntClock.o"
Deleting file ".\ARM_GCC_541\Debug\ADC_SAR_Seq_1_TempBuf_dma.o"
Deleting file ".\ARM_GCC_541\Debug\ADC_SAR_Seq_1_FinalBuf_dma.o"
Deleting file ".\ARM_GCC_541\Debug\ADC_SAR_Seq_1_IRQ.o"
Deleting file ".\ARM_GCC_541\Debug\ADC_SAR_Seq_1_SAR_Bypass.o"
Deleting file ".\ARM_GCC_541\Debug\joy_y.o"
Deleting file ".\ARM_GCC_541\Debug\joy_x.o"
Deleting file ".\ARM_GCC_541\Debug\Clock_1.o"
Deleting file ".\ARM_GCC_541\Debug\SPIS_1.o"
Deleting file ".\ARM_GCC_541\Debug\SPIS_1_PM.o"
Deleting file ".\ARM_GCC_541\Debug\SPIS_1_INT.o"
Deleting file ".\ARM_GCC_541\Debug\SPIS_1_BOOT.o"
Deleting file ".\ARM_GCC_541\Debug\SPIS_1_IntClock.o"
Deleting file ".\ARM_GCC_541\Debug\knob2.o"
Deleting file ".\ARM_GCC_541\Debug\knob1.o"
Deleting file ".\ARM_GCC_541\Debug\SPIS_2.o"
Deleting file ".\ARM_GCC_541\Debug\SPIS_2_PM.o"
Deleting file ".\ARM_GCC_541\Debug\SPIS_2_INT.o"
Deleting file ".\ARM_GCC_541\Debug\SPIS_2_BOOT.o"
Deleting file ".\ARM_GCC_541\Debug\SPIS_2_IntClock.o"
Deleting file ".\ARM_GCC_541\Debug\QuadDec_1.o"
Deleting file ".\ARM_GCC_541\Debug\QuadDec_1_PM.o"
Deleting file ".\ARM_GCC_541\Debug\MISO_3.o"
Deleting file ".\ARM_GCC_541\Debug\SS_3.o"
Deleting file ".\ARM_GCC_541\Debug\SCLK_3.o"
Deleting file ".\ARM_GCC_541\Debug\MOSI_3.o"
Deleting file ".\ARM_GCC_541\Debug\QuadDec_1_Cnt16.o"
Deleting file ".\ARM_GCC_541\Debug\QuadDec_1_Cnt16_PM.o"
Deleting file ".\ARM_GCC_541\Debug\quad1_a.o"
Deleting file ".\ARM_GCC_541\Debug\quad1_b.o"
Deleting file ".\ARM_GCC_541\Debug\my_Vbus_ISR.o"
Deleting file ".\ARM_GCC_541\Debug\USB.o"
Deleting file ".\ARM_GCC_541\Debug\USB_audio.o"
Deleting file ".\ARM_GCC_541\Debug\USB_boot.o"
Deleting file ".\ARM_GCC_541\Debug\USB_cdc.o"
Deleting file ".\ARM_GCC_541\Debug\USB_cls.o"
Deleting file ".\ARM_GCC_541\Debug\USB_descr.o"
Deleting file ".\ARM_GCC_541\Debug\USB_drv.o"
Deleting file ".\ARM_GCC_541\Debug\USB_episr.o"
Deleting file ".\ARM_GCC_541\Debug\USB_hid.o"
Deleting file ".\ARM_GCC_541\Debug\USB_pm.o"
Deleting file ".\ARM_GCC_541\Debug\USB_std.o"
Deleting file ".\ARM_GCC_541\Debug\USB_vnd.o"
Deleting file ".\ARM_GCC_541\Debug\USB_midi.o"
Deleting file ".\ARM_GCC_541\Debug\USB_msc.o"
Deleting file ".\ARM_GCC_541\Debug\Em_EEPROM.o"
Deleting file ".\ARM_GCC_541\Debug\USB_Vbus_ps.o"
Deleting file ".\ARM_GCC_541\Debug\USB_Dm.o"
Deleting file ".\ARM_GCC_541\Debug\USB_Dp.o"
Deleting file ".\ARM_GCC_541\Debug\vBusPin.o"
Deleting file ".\ARM_GCC_541\Debug\DMA_1_dma.o"
Deleting file ".\ARM_GCC_541\Debug\DMA_2_dma.o"
Deleting file ".\ARM_GCC_541\Debug\isr_SPI2_ss.o"
Deleting file ".\ARM_GCC_541\Debug\isr_SPI1_ss.o"
Deleting file ".\ARM_GCC_541\Debug\testpin2.o"
Deleting file ".\ARM_GCC_541\Debug\testpin3.o"
Deleting file ".\ARM_GCC_541\Debug\testpin1.o"
Deleting file ".\ARM_GCC_541\Debug\testpin4.o"
Deleting file ".\ARM_GCC_541\Debug\testpin5.o"
Deleting file ".\ARM_GCC_541\Debug\LED_TEST.o"
Deleting file ".\ARM_GCC_541\Debug\LED_green1.o"
Deleting file ".\ARM_GCC_541\Debug\LED_amber1.o"
Deleting file ".\ARM_GCC_541\Debug\LED_amber2.o"
Deleting file ".\ARM_GCC_541\Debug\LED_amber3.o"
Deleting file ".\ARM_GCC_541\Debug\LED_amber4.o"
Deleting file ".\ARM_GCC_541\Debug\LED_red1.o"
Deleting file ".\ARM_GCC_541\Debug\LED_red2.o"
Deleting file ".\ARM_GCC_541\Debug\LED_green2.o"
Deleting file ".\ARM_GCC_541\Debug\button1.o"
Deleting file ".\ARM_GCC_541\Debug\button2.o"
Deleting file ".\ARM_GCC_541\Debug\button3.o"
Deleting file ".\ARM_GCC_541\Debug\button4.o"
Deleting file ".\ARM_GCC_541\Debug\encoder_button.o"
Deleting file ".\ARM_GCC_541\Debug\neck1_button.o"
Deleting file ".\ARM_GCC_541\Debug\neck2_button.o"
Deleting file ".\ARM_GCC_541\Debug\enter_button.o"
Deleting file ".\ARM_GCC_541\Debug\edit_button.o"
Deleting file ".\ARM_GCC_541\Debug\testpin6.o"
Deleting file ".\ARM_GCC_541\Debug\EEPROM.o"
Deleting file ".\ARM_GCC_541\Debug\DMA_3_dma.o"
Deleting file ".\ARM_GCC_541\Debug\DMA_4_dma.o"
Deleting file ".\ARM_GCC_541\Debug\cybootloader.o"
Deleting file ".\ARM_GCC_541\Debug\Bootloadable.o"
Deleting file ".\ARM_GCC_541\Debug\CE210514_PSOC3_5_Thermistor.hex"
Deleting file ".\ARM_GCC_541\Debug\CE210514_PSOC3_5_Thermistor.elf"
Deleting file ".\ARM_GCC_541\Debug\CE210514_PSOC3_5_Thermistor.map"
Deleting file ".\CE210514_PSOC3_5_Thermistor.cycdx"
Deleting file ".\CE210514_PSOC3_5_Thermistor.svd"
Deleting file ".\CE210514_PSOC3_5_Thermistor.rpt"
Deleting file ".\CE210514_PSOC3_5_Thermistor_timing.html"
Deleting file ".\ARM_GCC_541\Debug\.deps\SOURCE_C__ARM_GCC_GENERIC.P"
Deleting file ".\ARM_GCC_541\Debug\.deps\SOURCE_ASM__ARM_GCC_GENERIC.P"
--------------- Clean Succeeded: 07/26/2023 01:09:26 ---------------
