--------------- Rebuild Started: 08/07/2023 20:30:57 Project: CE210514_PSOC3_5_Thermistor, Configuration: ARM GCC 5.4-2016-q2-update Debug ---------------
Deleting file ".\ARM_GCC_541\Debug\main.o"
Deleting file ".\ARM_GCC_541\Debug\measurement.o"
Deleting file ".\ARM_GCC_541\Debug\removeOffsetNoise.o"
Deleting file ".\ARM_GCC_541\Debug\gfx.o"
Deleting file ".\ARM_GCC_541\Debug\gfx_font.o"
Deleting file ".\ARM_GCC_541\Debug\oled.o"
Deleting file ".\ARM_GCC_541\Debug\ssd1306.o"
Deleting file ".\ARM_GCC_541\Debug\cyfitter_cfg.o"
Deleting file ".\ARM_GCC_541\Debug\cymetadata.o"
Deleting file ".\ARM_GCC_541\Debug\cy_em_eeprom.o"
Deleting file ".\ARM_GCC_541\Debug\Cm3Start.o"
Deleting file ".\ARM_GCC_541\Debug\CyBootAsmGnu.o"
Deleting file ".\ARM_GCC_541\Debug\CyDmac.o"
Deleting file ".\ARM_GCC_541\Debug\CyFlash.o"
Deleting file ".\ARM_GCC_541\Debug\CyLib.o"
Deleting file ".\ARM_GCC_541\Debug\cyPm.o"
Deleting file ".\ARM_GCC_541\Debug\CySpc.o"
Deleting file ".\ARM_GCC_541\Debug\cyutils.o"
Deleting file ".\ARM_GCC_541\Debug\MISO_1.o"
Deleting file ".\ARM_GCC_541\Debug\MOSI_1.o"
Deleting file ".\ARM_GCC_541\Debug\SCLK_1.o"
Deleting file ".\ARM_GCC_541\Debug\MOSI_2.o"
Deleting file ".\ARM_GCC_541\Debug\MISO_2.o"
Deleting file ".\ARM_GCC_541\Debug\SPIM_1.o"
Deleting file ".\ARM_GCC_541\Debug\SPIM_1_PM.o"
Deleting file ".\ARM_GCC_541\Debug\SPIM_1_INT.o"
Deleting file ".\ARM_GCC_541\Debug\SCLK_2.o"
Deleting file ".\ARM_GCC_541\Debug\SPIM_1_IntClock.o"
Deleting file ".\ARM_GCC_541\Debug\SS_1.o"
Deleting file ".\ARM_GCC_541\Debug\SS_2.o"
Deleting file ".\ARM_GCC_541\Debug\I2C_1.o"
Deleting file ".\ARM_GCC_541\Debug\I2C_1_BOOT.o"
Deleting file ".\ARM_GCC_541\Debug\I2C_1_INT.o"
Deleting file ".\ARM_GCC_541\Debug\I2C_1_PM.o"
Deleting file ".\ARM_GCC_541\Debug\I2C_1_SLAVE.o"
Deleting file ".\ARM_GCC_541\Debug\I2C_1_MASTER.o"
Deleting file ".\ARM_GCC_541\Debug\SCL_1.o"
Deleting file ".\ARM_GCC_541\Debug\SDA_1.o"
Deleting file ".\ARM_GCC_541\Debug\oct1.o"
Deleting file ".\ARM_GCC_541\Debug\oct2.o"
Deleting file ".\ARM_GCC_541\Debug\oct3.o"
Deleting file ".\ARM_GCC_541\Debug\oct4.o"
Deleting file ".\ARM_GCC_541\Debug\ADC_SAR_Seq_1.o"
Deleting file ".\ARM_GCC_541\Debug\ADC_SAR_Seq_1_PM.o"
Deleting file ".\ARM_GCC_541\Debug\ADC_SAR_Seq_1_INT.o"
Deleting file ".\ARM_GCC_541\Debug\ADC_SAR_Seq_1_SAR.o"
Deleting file ".\ARM_GCC_541\Debug\ADC_SAR_Seq_1_SAR_INT.o"
Deleting file ".\ARM_GCC_541\Debug\ADC_SAR_Seq_1_SAR_PM.o"
Deleting file ".\ARM_GCC_541\Debug\ADC_SAR_Seq_1_IntClock.o"
Deleting file ".\ARM_GCC_541\Debug\ADC_SAR_Seq_1_TempBuf_dma.o"
Deleting file ".\ARM_GCC_541\Debug\ADC_SAR_Seq_1_FinalBuf_dma.o"
Deleting file ".\ARM_GCC_541\Debug\ADC_SAR_Seq_1_IRQ.o"
Deleting file ".\ARM_GCC_541\Debug\ADC_SAR_Seq_1_SAR_Bypass.o"
Deleting file ".\ARM_GCC_541\Debug\joy_y.o"
Deleting file ".\ARM_GCC_541\Debug\joy_x.o"
Deleting file ".\ARM_GCC_541\Debug\Clock_1.o"
Deleting file ".\ARM_GCC_541\Debug\Status_Reg_1.o"
Deleting file ".\ARM_GCC_541\Debug\Clock_2.o"
Deleting file ".\ARM_GCC_541\Debug\SPIS_1.o"
Deleting file ".\ARM_GCC_541\Debug\SPIS_1_PM.o"
Deleting file ".\ARM_GCC_541\Debug\SPIS_1_INT.o"
Deleting file ".\ARM_GCC_541\Debug\SPIS_1_BOOT.o"
Deleting file ".\ARM_GCC_541\Debug\SPIS_1_IntClock.o"
Deleting file ".\ARM_GCC_541\Debug\knob2.o"
Deleting file ".\ARM_GCC_541\Debug\knob1.o"
Deleting file ".\ARM_GCC_541\Debug\SPIS_2.o"
Deleting file ".\ARM_GCC_541\Debug\SPIS_2_PM.o"
Deleting file ".\ARM_GCC_541\Debug\SPIS_2_INT.o"
Deleting file ".\ARM_GCC_541\Debug\SPIS_2_BOOT.o"
Deleting file ".\ARM_GCC_541\Debug\SPIS_2_IntClock.o"
Deleting file ".\ARM_GCC_541\Debug\MISO_3.o"
Deleting file ".\ARM_GCC_541\Debug\SS_3.o"
Deleting file ".\ARM_GCC_541\Debug\SCLK_3.o"
Deleting file ".\ARM_GCC_541\Debug\MOSI_3.o"
Deleting file ".\ARM_GCC_541\Debug\my_Vbus_ISR.o"
Deleting file ".\ARM_GCC_541\Debug\USB.o"
Deleting file ".\ARM_GCC_541\Debug\USB_audio.o"
Deleting file ".\ARM_GCC_541\Debug\USB_boot.o"
Deleting file ".\ARM_GCC_541\Debug\USB_cdc.o"
Deleting file ".\ARM_GCC_541\Debug\USB_cls.o"
Deleting file ".\ARM_GCC_541\Debug\USB_descr.o"
Deleting file ".\ARM_GCC_541\Debug\USB_drv.o"
Deleting file ".\ARM_GCC_541\Debug\USB_episr.o"
Deleting file ".\ARM_GCC_541\Debug\USB_hid.o"
Deleting file ".\ARM_GCC_541\Debug\USB_pm.o"
Deleting file ".\ARM_GCC_541\Debug\USB_std.o"
Deleting file ".\ARM_GCC_541\Debug\USB_vnd.o"
Deleting file ".\ARM_GCC_541\Debug\USB_midi.o"
Deleting file ".\ARM_GCC_541\Debug\USB_msc.o"
Deleting file ".\ARM_GCC_541\Debug\Em_EEPROM.o"
Deleting file ".\ARM_GCC_541\Debug\USB_Vbus_ps.o"
Deleting file ".\ARM_GCC_541\Debug\USB_Dm.o"
Deleting file ".\ARM_GCC_541\Debug\USB_Dp.o"
Deleting file ".\ARM_GCC_541\Debug\vBusPin.o"
Deleting file ".\ARM_GCC_541\Debug\DMA_1_dma.o"
Deleting file ".\ARM_GCC_541\Debug\DMA_2_dma.o"
Deleting file ".\ARM_GCC_541\Debug\isr_SPI2_ss.o"
Deleting file ".\ARM_GCC_541\Debug\isr_SPI1_ss.o"
Deleting file ".\ARM_GCC_541\Debug\testpin2.o"
Deleting file ".\ARM_GCC_541\Debug\testpin3.o"
Deleting file ".\ARM_GCC_541\Debug\testpin1.o"
Deleting file ".\ARM_GCC_541\Debug\testpin4.o"
Deleting file ".\ARM_GCC_541\Debug\testpin5.o"
Deleting file ".\ARM_GCC_541\Debug\LED_TEST.o"
Deleting file ".\ARM_GCC_541\Debug\LED_green1.o"
Deleting file ".\ARM_GCC_541\Debug\LED_amber1.o"
Deleting file ".\ARM_GCC_541\Debug\LED_amber2.o"
Deleting file ".\ARM_GCC_541\Debug\LED_amber3.o"
Deleting file ".\ARM_GCC_541\Debug\LED_amber4.o"
Deleting file ".\ARM_GCC_541\Debug\LED_red1.o"
Deleting file ".\ARM_GCC_541\Debug\LED_red2.o"
Deleting file ".\ARM_GCC_541\Debug\LED_green2.o"
Deleting file ".\ARM_GCC_541\Debug\button1.o"
Deleting file ".\ARM_GCC_541\Debug\button2.o"
Deleting file ".\ARM_GCC_541\Debug\button3.o"
Deleting file ".\ARM_GCC_541\Debug\button4.o"
Deleting file ".\ARM_GCC_541\Debug\encoder_button.o"
Deleting file ".\ARM_GCC_541\Debug\neck1_button.o"
Deleting file ".\ARM_GCC_541\Debug\neck2_button.o"
Deleting file ".\ARM_GCC_541\Debug\edit_button.o"
Deleting file ".\ARM_GCC_541\Debug\testpin6.o"
Deleting file ".\ARM_GCC_541\Debug\EEPROM.o"
Deleting file ".\ARM_GCC_541\Debug\DMA_3_dma.o"
Deleting file ".\ARM_GCC_541\Debug\DMA_4_dma.o"
Deleting file ".\ARM_GCC_541\Debug\shift_button.o"
Deleting file ".\ARM_GCC_541\Debug\Decoder_1.o"
Deleting file ".\ARM_GCC_541\Debug\Decoder_1_PINS2.o"
Deleting file ".\ARM_GCC_541\Debug\Decoder_1_isrDtr.o"
Deleting file ".\ARM_GCC_541\Debug\CE210514_PSOC3_5_Thermistor.hex"
Deleting file ".\ARM_GCC_541\Debug\CE210514_PSOC3_5_Thermistor.elf"
Deleting file ".\ARM_GCC_541\Debug\CE210514_PSOC3_5_Thermistor.map"
Deleting file ".\CE210514_PSOC3_5_Thermistor.cycdx"
Deleting file ".\CE210514_PSOC3_5_Thermistor.svd"
Deleting file ".\CE210514_PSOC3_5_Thermistor.rpt"
Deleting file ".\CE210514_PSOC3_5_Thermistor_timing.html"
Deleting file ".\ARM_GCC_541\Debug\.deps\SOURCE_C__ARM_GCC_GENERIC.P"
Deleting file ".\ARM_GCC_541\Debug\.deps\SOURCE_ASM__ARM_GCC_GENERIC.P"
cydsfit.exe -.appdatapath "C:\Users\JeffSnyder\AppData\Local\Cypress Semiconductor\PSoC Creator\4.4" -.fdsnotice -.fdswarpdepfile=warp_dependencies.txt -.fdselabdepfile=elab_dependencies.txt -.fdsbldfile=generated_files.txt -.fdsreffile=referenced_files.txt -p C:\Users\JeffSnyder\dev\Electrosteel_embedded\PSOC5_electrosteel_stringsensors_newpcb_brain\CE210514_PSOC3_5_Thermistor.cydsn\CE210514_PSOC3_5_Thermistor.cyprj -d CY8C5888AXI-LP096 -s C:\Users\JeffSnyder\dev\Electrosteel_embedded\PSOC5_electrosteel_stringsensors_newpcb_brain\CE210514_PSOC3_5_Thermistor.cydsn\Generated_Source\PSoC5 -- -yv2 -q10 -ygs -o2 -v3 -.fftcfgtype=LE
Elaborating Design...
ADD: sdb.M0065: information: Analog terminal "vdac_ref" on ADC_SAR_SEQ_v2_10 is unconnected.
 * C:\Program Files (x86)\Cypress\PSoC Creator\4.4\PSoC Creator\psoc\content\CyComponentLibrary\CyComponentLibrary.cylib\ADC_SAR_SEQ_v2_10\PSoC5\ADC_SAR_SEQ_v2_10.cysch (Signal: vdac_ref)
 * C:\Program Files (x86)\Cypress\PSoC Creator\4.4\PSoC Creator\psoc\content\CyComponentLibrary\CyComponentLibrary.cylib\ADC_SAR_SEQ_v2_10\PSoC5\ADC_SAR_SEQ_v2_10.cysch (Shape_798)
 * C:\Program Files (x86)\Cypress\PSoC Creator\4.4\PSoC Creator\psoc\content\CyComponentLibrary\CyComponentLibrary.cylib\ADC_SAR_SEQ_v2_10\PSoC5\ADC_SAR_SEQ_v2_10.cysch (Shape_885)
HDL Generation...
Synthesis...
Tech Mapping...
Analog Placement...
Info: apr.M0002: Analog signal "Net_1145" is connected to one terminal only. (App=cydsfit)
Info: apr.M0002: Analog signal "Net_1146" is connected to one terminal only. (App=cydsfit)
Info: apr.M0002: Analog signal "Net_1147" is connected to one terminal only. (App=cydsfit)
Info: apr.M0002: Analog signal "Net_1148" is connected to one terminal only. (App=cydsfit)
Info: apr.M0002: Analog signal "Net_1149" is connected to one terminal only. (App=cydsfit)
Info: apr.M0002: Analog signal "Net_1150" is connected to one terminal only. (App=cydsfit)
Info: apr.M0002: Analog signal "Net_1151" is connected to one terminal only. (App=cydsfit)
Info: apr.M0002: Analog signal "Net_1152" is connected to one terminal only. (App=cydsfit)
Info: apr.M0002: Analog signal "Net_555" is connected to one terminal only. (App=cydsfit)
Info: apr.M0002: Analog signal "Net_557" is connected to one terminal only. (App=cydsfit)
Info: apr.M0002: Analog signal "Net_559" is connected to one terminal only. (App=cydsfit)
Info: apr.M0002: Analog signal "Net_560" is connected to one terminal only. (App=cydsfit)
Info: apr.M0002: Analog signal "Net_562" is connected to one terminal only. (App=cydsfit)
Info: apr.M0002: Analog signal "Net_564" is connected to one terminal only. (App=cydsfit)
Info: apr.M0002: Analog signal "Net_565" is connected to one terminal only. (App=cydsfit)
Info: apr.M0002: Analog signal "Net_567" is connected to one terminal only. (App=cydsfit)
Info: apr.M0002: Analog signal "Net_569" is connected to one terminal only. (App=cydsfit)
Info: apr.M0002: Analog signal "Net_570" is connected to one terminal only. (App=cydsfit)
Info: apr.M0002: Analog signal "Net_572" is connected to one terminal only. (App=cydsfit)
Info: apr.M0002: Analog signal "Net_574" is connected to one terminal only. (App=cydsfit)
Info: apr.M0002: Analog signal "Net_575" is connected to one terminal only. (App=cydsfit)
Info: apr.M0002: Analog signal "Net_577" is connected to one terminal only. (App=cydsfit)
Info: apr.M0002: Analog signal "Net_579" is connected to one terminal only. (App=cydsfit)
Info: apr.M0002: Analog signal "Net_580" is connected to one terminal only. (App=cydsfit)
Info: apr.M0002: Analog signal "Net_582" is connected to one terminal only. (App=cydsfit)
Info: apr.M0002: Analog signal "Net_584" is connected to one terminal only. (App=cydsfit)
Info: apr.M0002: Analog signal "Net_585" is connected to one terminal only. (App=cydsfit)
Info: apr.M0002: Analog signal "Net_587" is connected to one terminal only. (App=cydsfit)
Info: apr.M0002: Analog signal "Net_589" is connected to one terminal only. (App=cydsfit)
Info: apr.M0002: Analog signal "Net_590" is connected to one terminal only. (App=cydsfit)
Info: apr.M0002: Analog signal "Net_592" is connected to one terminal only. (App=cydsfit)
Info: apr.M0002: Analog signal "Net_594" is connected to one terminal only. (App=cydsfit)
Info: apr.M0002: Analog signal "Net_595" is connected to one terminal only. (App=cydsfit)
Info: apr.M0002: Analog signal "Net_597" is connected to one terminal only. (App=cydsfit)
Info: apr.M0002: Analog signal "Net_599" is connected to one terminal only. (App=cydsfit)
Info: apr.M0002: Analog signal "Net_600" is connected to one terminal only. (App=cydsfit)
Info: apr.M0002: Analog signal "Net_602" is connected to one terminal only. (App=cydsfit)
Info: apr.M0002: Analog signal "Net_604" is connected to one terminal only. (App=cydsfit)
Info: apr.M0002: Analog signal "Net_605" is connected to one terminal only. (App=cydsfit)
Info: apr.M0002: Analog signal "Net_607" is connected to one terminal only. (App=cydsfit)
Info: apr.M0002: Analog signal "Net_609" is connected to one terminal only. (App=cydsfit)
Info: apr.M0002: Analog signal "Net_610" is connected to one terminal only. (App=cydsfit)
Info: apr.M0002: Analog signal "Net_612" is connected to one terminal only. (App=cydsfit)
Info: apr.M0002: Analog signal "Net_614" is connected to one terminal only. (App=cydsfit)
Info: apr.M0002: Analog signal "Net_615" is connected to one terminal only. (App=cydsfit)
Info: apr.M0002: Analog signal "Net_616" is connected to one terminal only. (App=cydsfit)
Info: apr.M0002: Analog signal "Net_617" is connected to one terminal only. (App=cydsfit)
Info: apr.M0002: Analog signal "Net_618" is connected to one terminal only. (App=cydsfit)
Info: apr.M0002: Analog signal "Net_619" is connected to one terminal only. (App=cydsfit)
Info: apr.M0002: Analog signal "Net_620" is connected to one terminal only. (App=cydsfit)
Info: apr.M0002: Analog signal "Net_621" is connected to one terminal only. (App=cydsfit)
Info: apr.M0002: Analog signal "Net_622" is connected to one terminal only. (App=cydsfit)
Info: apr.M0002: Analog signal "Net_623" is connected to one terminal only. (App=cydsfit)
Info: apr.M0002: Analog signal "Net_624" is connected to one terminal only. (App=cydsfit)
Info: apr.M0002: Analog signal "Net_625" is connected to one terminal only. (App=cydsfit)
Info: apr.M0002: Analog signal "Net_626" is connected to one terminal only. (App=cydsfit)
Info: apr.M0002: Analog signal "Net_627" is connected to one terminal only. (App=cydsfit)
Info: apr.M0002: Analog signal "Net_628" is connected to one terminal only. (App=cydsfit)
Info: apr.M0002: Analog signal "Net_629" is connected to one terminal only. (App=cydsfit)
Info: apr.M0002: Analog signal "Net_630" is connected to one terminal only. (App=cydsfit)
Analog Routing...
Analog Code Generation...
Digital Placement...
Digital Routing...
Bitstream Generation...
Bitstream Verification...
Static timing analysis...
Warning: sta.M0019: CE210514_PSOC3_5_Thermistor_timing.html: Warning-1366: Setup time violation found in a path from clock ( CyBUS_CLK ) to clock ( CyBUS_CLK ). (File=C:\Users\JeffSnyder\dev\Electrosteel_embedded\PSOC5_electrosteel_stringsensors_newpcb_brain\CE210514_PSOC3_5_Thermistor.cydsn\CE210514_PSOC3_5_Thermistor_timing.html)
Warning: sta.M0019: CE210514_PSOC3_5_Thermistor_timing.html: Warning-1366: Setup time violation found in a path from clock ( SPIS_2_IntClock ) to clock ( CyBUS_CLK ). (File=C:\Users\JeffSnyder\dev\Electrosteel_embedded\PSOC5_electrosteel_stringsensors_newpcb_brain\CE210514_PSOC3_5_Thermistor.cydsn\CE210514_PSOC3_5_Thermistor_timing.html)
Warning: sta.M0019: CE210514_PSOC3_5_Thermistor_timing.html: Warning-1366: Setup time violation found in a path from clock ( SPIS_1_IntClock ) to clock ( CyBUS_CLK ). (File=C:\Users\JeffSnyder\dev\Electrosteel_embedded\PSOC5_electrosteel_stringsensors_newpcb_brain\CE210514_PSOC3_5_Thermistor.cydsn\CE210514_PSOC3_5_Thermistor_timing.html)
Warning: sta.M0019: CE210514_PSOC3_5_Thermistor_timing.html: Warning-1367: Hold time violation found in a path from clock ( CyBUS_CLK ) to clock ( SCLK_2(0)_SYNC/out ). (File=C:\Users\JeffSnyder\dev\Electrosteel_embedded\PSOC5_electrosteel_stringsensors_newpcb_brain\CE210514_PSOC3_5_Thermistor.cydsn\CE210514_PSOC3_5_Thermistor_timing.html)
API Generation...
Dependency Generation...
Cleanup...
arm-none-eabi-gcc.exe -mcpu=cortex-m3 -mthumb -I. -IGenerated_Source\PSoC5 -Wa,-alh=.\ARM_GCC_541\Debug/main.lst -g -Wall -ffunction-sections -ffat-lto-objects -O0 -c main.c -o .\ARM_GCC_541\Debug\main.o
main.c: In function 'main':
main.c:870:21: warning: unused variable 'status' [-Wunused-variable]
             uint8_t status = I2C_MasterWriteBlocking(0x70, 1, I2C_1_MODE_COMPLETE_XFER);
                     ^
main.c:1507:25: warning: unused variable 'status' [-Wunused-variable]
                 uint8_t status = I2C_MasterWriteBlocking(0x70, 1, I2C_1_MODE_COMPLETE_XFER);
                         ^
main.c:559:13: warning: unused variable 'myArrayCounter' [-Wunused-variable]
     uint8_t myArrayCounter = 0;
             ^
arm-none-eabi-gcc.exe -mcpu=cortex-m3 -mthumb -I. -IGenerated_Source\PSoC5 -Wa,-alh=.\ARM_GCC_541\Debug/measurement.lst -g -Wall -ffunction-sections -ffat-lto-objects -O0 -c measurement.c -o .\ARM_GCC_541\Debug\measurement.o
measurement.c: In function 'MeasureResistorVoltage':
measurement.c:84:9: warning: 'result' is used uninitialized in this function [-Wuninitialized]
  result = result - offset;
         ^
arm-none-eabi-gcc.exe -mcpu=cortex-m3 -mthumb -I. -IGenerated_Source\PSoC5 -Wa,-alh=.\ARM_GCC_541\Debug/removeOffsetNoise.lst -g -Wall -ffunction-sections -ffat-lto-objects -O0 -c removeOffsetNoise.c -o .\ARM_GCC_541\Debug\removeOffsetNoise.o
removeOffsetNoise.c: In function 'GetOffset':
removeOffsetNoise.c:127:12: warning: 'result' is used uninitialized in this function [-Wuninitialized]
     return result;
            ^
arm-none-eabi-gcc.exe -mcpu=cortex-m3 -mthumb -I. -IGenerated_Source\PSoC5 -Wa,-alh=.\ARM_GCC_541\Debug/gfx.lst -g -Wall -ffunction-sections -ffat-lto-objects -O0 -c gfx.c -o .\ARM_GCC_541\Debug\gfx.o
gfx.c: In function 'GFXdrawBitmap':
gfx.c:505:13: warning: implicit declaration of function 'startWrite' [-Wimplicit-function-declaration]
             startWrite();
             ^
gfx.c:513:13: warning: implicit declaration of function 'endWrite' [-Wimplicit-function-declaration]
             endWrite();
             ^
gfx.c: In function 'GFXdrawChar':
gfx.c:66:33: warning: cast to pointer from integer of different size [-Wint-to-pointer-cast]
 #define pgm_read_pointer(addr) ((void *)pgm_read_dword(addr))
                                 ^
gfx.c:565:51: note: in expansion of macro 'pgm_read_pointer'
                 GFXglyph *glyph  = &(((GFXglyph *)pgm_read_pointer(&myGFX->gfxFont->glyph))[c]);
                                                   ^
gfx.c:66:33: warning: cast to pointer from integer of different size [-Wint-to-pointer-cast]
 #define pgm_read_pointer(addr) ((void *)pgm_read_dword(addr))
                                 ^
gfx.c:566:47: note: in expansion of macro 'pgm_read_pointer'
                 uint8_t  *bitmap = (uint8_t *)pgm_read_pointer(&myGFX->gfxFont->bitmap);
                                               ^
gfx.c: In function 'GFXwrite':
gfx.c:66:33: warning: cast to pointer from integer of different size [-Wint-to-pointer-cast]
 #define pgm_read_pointer(addr) ((void *)pgm_read_dword(addr))
                                 ^
gfx.c:676:58: note: in expansion of macro 'pgm_read_pointer'
                         GFXglyph *glyph = &(((GFXglyph *)pgm_read_pointer(
                                                          ^
gfx.c: In function 'GFXsetFont':
gfx.c:66:33: warning: cast to pointer from integer of different size [-Wint-to-pointer-cast]
 #define pgm_read_pointer(addr) ((void *)pgm_read_dword(addr))
                                 ^
gfx.c:782:44: note: in expansion of macro 'pgm_read_pointer'
                     glyph = &(((GFXglyph *)pgm_read_pointer(&f->glyph))[i-first]);
                                            ^
gfx.c: In function 'GFXcharBounds':
gfx.c:66:33: warning: cast to pointer from integer of different size [-Wint-to-pointer-cast]
 #define pgm_read_pointer(addr) ((void *)pgm_read_dword(addr))
                                 ^
gfx.c:830:58: note: in expansion of macro 'pgm_read_pointer'
                         GFXglyph *glyph = &(((GFXglyph *)pgm_read_pointer(
                                                          ^
arm-none-eabi-gcc.exe -mcpu=cortex-m3 -mthumb -I. -IGenerated_Source\PSoC5 -Wa,-alh=.\ARM_GCC_541\Debug/gfx_font.lst -g -Wall -ffunction-sections -ffat-lto-objects -O0 -c gfx_font.c -o .\ARM_GCC_541\Debug\gfx_font.o
arm-none-eabi-gcc.exe -mcpu=cortex-m3 -mthumb -I. -IGenerated_Source\PSoC5 -Wa,-alh=.\ARM_GCC_541\Debug/oled.lst -g -Wall -ffunction-sections -ffat-lto-objects -O0 -c oled.c -o .\ARM_GCC_541\Debug\oled.o
arm-none-eabi-gcc.exe -mcpu=cortex-m3 -mthumb -I. -IGenerated_Source\PSoC5 -Wa,-alh=.\ARM_GCC_541\Debug/ssd1306.lst -g -Wall -ffunction-sections -ffat-lto-objects -O0 -c ssd1306.c -o .\ARM_GCC_541\Debug\ssd1306.o
ssd1306.c: In function 'ssd1306_display_full_buffer':
ssd1306.c:240:6: warning: unused variable 'p' [-Wunused-variable]
  int p = 0;
      ^
ssd1306.c: In function 'ssd1306_display_first_line':
ssd1306.c:322:6: warning: unused variable 'p' [-Wunused-variable]
  int p = 0;
      ^
ssd1306.c: In function 'ssd1306_write_2X':
ssd1306.c:414:10: warning: unused variable 'localBuffer' [-Wunused-variable]
  uint8_t localBuffer[(numBytes*2)+1];
          ^
arm-none-eabi-gcc.exe -mcpu=cortex-m3 -mthumb -I. -IGenerated_Source\PSoC5 -Wa,-alh=.\ARM_GCC_541\Debug/cyfitter_cfg.lst -g -Wall -ffunction-sections -ffat-lto-objects -O0 -c Generated_Source\PSoC5\cyfitter_cfg.c -o .\ARM_GCC_541\Debug\cyfitter_cfg.o
arm-none-eabi-gcc.exe -mcpu=cortex-m3 -mthumb -I. -IGenerated_Source\PSoC5 -Wa,-alh=.\ARM_GCC_541\Debug/cymetadata.lst -g -Wall -ffunction-sections -ffat-lto-objects -O0 -c Generated_Source\PSoC5\cymetadata.c -o .\ARM_GCC_541\Debug\cymetadata.o
arm-none-eabi-gcc.exe -mcpu=cortex-m3 -mthumb -I. -IGenerated_Source\PSoC5 -Wa,-alh=.\ARM_GCC_541\Debug/cy_em_eeprom.lst -g -Wall -ffunction-sections -ffat-lto-objects -O0 -c Generated_Source\PSoC5\cy_em_eeprom.c -o .\ARM_GCC_541\Debug\cy_em_eeprom.o
arm-none-eabi-gcc.exe -mcpu=cortex-m3 -mthumb -I. -IGenerated_Source\PSoC5 -Wa,-alh=.\ARM_GCC_541\Debug/Cm3Start.lst -g -Wall -ffunction-sections -ffat-lto-objects -O0 -c Generated_Source\PSoC5\Cm3Start.c -o .\ARM_GCC_541\Debug\Cm3Start.o
arm-none-eabi-gcc.exe -mcpu=cortex-m3 -mthumb -I. -IGenerated_Source\PSoC5 -Wa,-alh=.\ARM_GCC_541\Debug/CyDmac.lst -g -Wall -ffunction-sections -ffat-lto-objects -O0 -c Generated_Source\PSoC5\CyDmac.c -o .\ARM_GCC_541\Debug\CyDmac.o
arm-none-eabi-gcc.exe -mcpu=cortex-m3 -mthumb -I. -IGenerated_Source\PSoC5 -Wa,-alh=.\ARM_GCC_541\Debug/CyFlash.lst -g -Wall -ffunction-sections -ffat-lto-objects -O0 -c Generated_Source\PSoC5\CyFlash.c -o .\ARM_GCC_541\Debug\CyFlash.o
arm-none-eabi-gcc.exe -mcpu=cortex-m3 -mthumb -I. -IGenerated_Source\PSoC5 -Wa,-alh=.\ARM_GCC_541\Debug/CyLib.lst -g -Wall -ffunction-sections -ffat-lto-objects -O0 -c Generated_Source\PSoC5\CyLib.c -o .\ARM_GCC_541\Debug\CyLib.o
arm-none-eabi-gcc.exe -mcpu=cortex-m3 -mthumb -I. -IGenerated_Source\PSoC5 -Wa,-alh=.\ARM_GCC_541\Debug/cyPm.lst -g -Wall -ffunction-sections -ffat-lto-objects -O0 -c Generated_Source\PSoC5\cyPm.c -o .\ARM_GCC_541\Debug\cyPm.o
arm-none-eabi-gcc.exe -mcpu=cortex-m3 -mthumb -I. -IGenerated_Source\PSoC5 -Wa,-alh=.\ARM_GCC_541\Debug/CySpc.lst -g -Wall -ffunction-sections -ffat-lto-objects -O0 -c Generated_Source\PSoC5\CySpc.c -o .\ARM_GCC_541\Debug\CySpc.o
arm-none-eabi-gcc.exe -mcpu=cortex-m3 -mthumb -I. -IGenerated_Source\PSoC5 -Wa,-alh=.\ARM_GCC_541\Debug/cyutils.lst -g -Wall -ffunction-sections -ffat-lto-objects -O0 -c Generated_Source\PSoC5\cyutils.c -o .\ARM_GCC_541\Debug\cyutils.o
arm-none-eabi-gcc.exe -mcpu=cortex-m3 -mthumb -I. -IGenerated_Source\PSoC5 -Wa,-alh=.\ARM_GCC_541\Debug/MISO_1.lst -g -Wall -ffunction-sections -ffat-lto-objects -O0 -c Generated_Source\PSoC5\MISO_1.c -o .\ARM_GCC_541\Debug\MISO_1.o
arm-none-eabi-gcc.exe -mcpu=cortex-m3 -mthumb -I. -IGenerated_Source\PSoC5 -Wa,-alh=.\ARM_GCC_541\Debug/MOSI_1.lst -g -Wall -ffunction-sections -ffat-lto-objects -O0 -c Generated_Source\PSoC5\MOSI_1.c -o .\ARM_GCC_541\Debug\MOSI_1.o
arm-none-eabi-gcc.exe -mcpu=cortex-m3 -mthumb -I. -IGenerated_Source\PSoC5 -Wa,-alh=.\ARM_GCC_541\Debug/SCLK_1.lst -g -Wall -ffunction-sections -ffat-lto-objects -O0 -c Generated_Source\PSoC5\SCLK_1.c -o .\ARM_GCC_541\Debug\SCLK_1.o
arm-none-eabi-gcc.exe -mcpu=cortex-m3 -mthumb -I. -IGenerated_Source\PSoC5 -Wa,-alh=.\ARM_GCC_541\Debug/MOSI_2.lst -g -Wall -ffunction-sections -ffat-lto-objects -O0 -c Generated_Source\PSoC5\MOSI_2.c -o .\ARM_GCC_541\Debug\MOSI_2.o
arm-none-eabi-gcc.exe -mcpu=cortex-m3 -mthumb -I. -IGenerated_Source\PSoC5 -Wa,-alh=.\ARM_GCC_541\Debug/MISO_2.lst -g -Wall -ffunction-sections -ffat-lto-objects -O0 -c Generated_Source\PSoC5\MISO_2.c -o .\ARM_GCC_541\Debug\MISO_2.o
arm-none-eabi-gcc.exe -mcpu=cortex-m3 -mthumb -I. -IGenerated_Source\PSoC5 -Wa,-alh=.\ARM_GCC_541\Debug/SPIM_1.lst -g -Wall -ffunction-sections -ffat-lto-objects -O0 -c Generated_Source\PSoC5\SPIM_1.c -o .\ARM_GCC_541\Debug\SPIM_1.o
arm-none-eabi-gcc.exe -mcpu=cortex-m3 -mthumb -I. -IGenerated_Source\PSoC5 -Wa,-alh=.\ARM_GCC_541\Debug/SPIM_1_PM.lst -g -Wall -ffunction-sections -ffat-lto-objects -O0 -c Generated_Source\PSoC5\SPIM_1_PM.c -o .\ARM_GCC_541\Debug\SPIM_1_PM.o
arm-none-eabi-gcc.exe -mcpu=cortex-m3 -mthumb -I. -IGenerated_Source\PSoC5 -Wa,-alh=.\ARM_GCC_541\Debug/SPIM_1_INT.lst -g -Wall -ffunction-sections -ffat-lto-objects -O0 -c Generated_Source\PSoC5\SPIM_1_INT.c -o .\ARM_GCC_541\Debug\SPIM_1_INT.o
arm-none-eabi-gcc.exe -mcpu=cortex-m3 -mthumb -I. -IGenerated_Source\PSoC5 -Wa,-alh=.\ARM_GCC_541\Debug/SCLK_2.lst -g -Wall -ffunction-sections -ffat-lto-objects -O0 -c Generated_Source\PSoC5\SCLK_2.c -o .\ARM_GCC_541\Debug\SCLK_2.o
arm-none-eabi-gcc.exe -mcpu=cortex-m3 -mthumb -I. -IGenerated_Source\PSoC5 -Wa,-alh=.\ARM_GCC_541\Debug/SPIM_1_IntClock.lst -g -Wall -ffunction-sections -ffat-lto-objects -O0 -c Generated_Source\PSoC5\SPIM_1_IntClock.c -o .\ARM_GCC_541\Debug\SPIM_1_IntClock.o
arm-none-eabi-gcc.exe -mcpu=cortex-m3 -mthumb -I. -IGenerated_Source\PSoC5 -Wa,-alh=.\ARM_GCC_541\Debug/SS_1.lst -g -Wall -ffunction-sections -ffat-lto-objects -O0 -c Generated_Source\PSoC5\SS_1.c -o .\ARM_GCC_541\Debug\SS_1.o
arm-none-eabi-gcc.exe -mcpu=cortex-m3 -mthumb -I. -IGenerated_Source\PSoC5 -Wa,-alh=.\ARM_GCC_541\Debug/SS_2.lst -g -Wall -ffunction-sections -ffat-lto-objects -O0 -c Generated_Source\PSoC5\SS_2.c -o .\ARM_GCC_541\Debug\SS_2.o
arm-none-eabi-gcc.exe -mcpu=cortex-m3 -mthumb -I. -IGenerated_Source\PSoC5 -Wa,-alh=.\ARM_GCC_541\Debug/I2C_1.lst -g -Wall -ffunction-sections -ffat-lto-objects -O0 -c Generated_Source\PSoC5\I2C_1.c -o .\ARM_GCC_541\Debug\I2C_1.o
arm-none-eabi-gcc.exe -mcpu=cortex-m3 -mthumb -I. -IGenerated_Source\PSoC5 -Wa,-alh=.\ARM_GCC_541\Debug/I2C_1_BOOT.lst -g -Wall -ffunction-sections -ffat-lto-objects -O0 -c Generated_Source\PSoC5\I2C_1_BOOT.c -o .\ARM_GCC_541\Debug\I2C_1_BOOT.o
arm-none-eabi-gcc.exe -mcpu=cortex-m3 -mthumb -I. -IGenerated_Source\PSoC5 -Wa,-alh=.\ARM_GCC_541\Debug/I2C_1_INT.lst -g -Wall -ffunction-sections -ffat-lto-objects -O0 -c Generated_Source\PSoC5\I2C_1_INT.c -o .\ARM_GCC_541\Debug\I2C_1_INT.o
arm-none-eabi-gcc.exe -mcpu=cortex-m3 -mthumb -I. -IGenerated_Source\PSoC5 -Wa,-alh=.\ARM_GCC_541\Debug/I2C_1_PM.lst -g -Wall -ffunction-sections -ffat-lto-objects -O0 -c Generated_Source\PSoC5\I2C_1_PM.c -o .\ARM_GCC_541\Debug\I2C_1_PM.o
arm-none-eabi-gcc.exe -mcpu=cortex-m3 -mthumb -I. -IGenerated_Source\PSoC5 -Wa,-alh=.\ARM_GCC_541\Debug/I2C_1_SLAVE.lst -g -Wall -ffunction-sections -ffat-lto-objects -O0 -c Generated_Source\PSoC5\I2C_1_SLAVE.c -o .\ARM_GCC_541\Debug\I2C_1_SLAVE.o
arm-none-eabi-gcc.exe -mcpu=cortex-m3 -mthumb -I. -IGenerated_Source\PSoC5 -Wa,-alh=.\ARM_GCC_541\Debug/I2C_1_MASTER.lst -g -Wall -ffunction-sections -ffat-lto-objects -O0 -c Generated_Source\PSoC5\I2C_1_MASTER.c -o .\ARM_GCC_541\Debug\I2C_1_MASTER.o
arm-none-eabi-gcc.exe -mcpu=cortex-m3 -mthumb -I. -IGenerated_Source\PSoC5 -Wa,-alh=.\ARM_GCC_541\Debug/SCL_1.lst -g -Wall -ffunction-sections -ffat-lto-objects -O0 -c Generated_Source\PSoC5\SCL_1.c -o .\ARM_GCC_541\Debug\SCL_1.o
arm-none-eabi-gcc.exe -mcpu=cortex-m3 -mthumb -I. -IGenerated_Source\PSoC5 -Wa,-alh=.\ARM_GCC_541\Debug/SDA_1.lst -g -Wall -ffunction-sections -ffat-lto-objects -O0 -c Generated_Source\PSoC5\SDA_1.c -o .\ARM_GCC_541\Debug\SDA_1.o
arm-none-eabi-gcc.exe -mcpu=cortex-m3 -mthumb -I. -IGenerated_Source\PSoC5 -Wa,-alh=.\ARM_GCC_541\Debug/oct1.lst -g -Wall -ffunction-sections -ffat-lto-objects -O0 -c Generated_Source\PSoC5\oct1.c -o .\ARM_GCC_541\Debug\oct1.o
arm-none-eabi-gcc.exe -mcpu=cortex-m3 -mthumb -I. -IGenerated_Source\PSoC5 -Wa,-alh=.\ARM_GCC_541\Debug/oct2.lst -g -Wall -ffunction-sections -ffat-lto-objects -O0 -c Generated_Source\PSoC5\oct2.c -o .\ARM_GCC_541\Debug\oct2.o
arm-none-eabi-gcc.exe -mcpu=cortex-m3 -mthumb -I. -IGenerated_Source\PSoC5 -Wa,-alh=.\ARM_GCC_541\Debug/oct3.lst -g -Wall -ffunction-sections -ffat-lto-objects -O0 -c Generated_Source\PSoC5\oct3.c -o .\ARM_GCC_541\Debug\oct3.o
arm-none-eabi-gcc.exe -mcpu=cortex-m3 -mthumb -I. -IGenerated_Source\PSoC5 -Wa,-alh=.\ARM_GCC_541\Debug/oct4.lst -g -Wall -ffunction-sections -ffat-lto-objects -O0 -c Generated_Source\PSoC5\oct4.c -o .\ARM_GCC_541\Debug\oct4.o
arm-none-eabi-gcc.exe -mcpu=cortex-m3 -mthumb -I. -IGenerated_Source\PSoC5 -Wa,-alh=.\ARM_GCC_541\Debug/ADC_SAR_Seq_1.lst -g -Wall -ffunction-sections -ffat-lto-objects -O0 -c Generated_Source\PSoC5\ADC_SAR_Seq_1.c -o .\ARM_GCC_541\Debug\ADC_SAR_Seq_1.o
arm-none-eabi-gcc.exe -mcpu=cortex-m3 -mthumb -I. -IGenerated_Source\PSoC5 -Wa,-alh=.\ARM_GCC_541\Debug/ADC_SAR_Seq_1_PM.lst -g -Wall -ffunction-sections -ffat-lto-objects -O0 -c Generated_Source\PSoC5\ADC_SAR_Seq_1_PM.c -o .\ARM_GCC_541\Debug\ADC_SAR_Seq_1_PM.o
arm-none-eabi-gcc.exe -mcpu=cortex-m3 -mthumb -I. -IGenerated_Source\PSoC5 -Wa,-alh=.\ARM_GCC_541\Debug/ADC_SAR_Seq_1_INT.lst -g -Wall -ffunction-sections -ffat-lto-objects -O0 -c Generated_Source\PSoC5\ADC_SAR_Seq_1_INT.c -o .\ARM_GCC_541\Debug\ADC_SAR_Seq_1_INT.o
arm-none-eabi-gcc.exe -mcpu=cortex-m3 -mthumb -I. -IGenerated_Source\PSoC5 -Wa,-alh=.\ARM_GCC_541\Debug/ADC_SAR_Seq_1_SAR.lst -g -Wall -ffunction-sections -ffat-lto-objects -O0 -c Generated_Source\PSoC5\ADC_SAR_Seq_1_SAR.c -o .\ARM_GCC_541\Debug\ADC_SAR_Seq_1_SAR.o
arm-none-eabi-gcc.exe -mcpu=cortex-m3 -mthumb -I. -IGenerated_Source\PSoC5 -Wa,-alh=.\ARM_GCC_541\Debug/ADC_SAR_Seq_1_SAR_INT.lst -g -Wall -ffunction-sections -ffat-lto-objects -O0 -c Generated_Source\PSoC5\ADC_SAR_Seq_1_SAR_INT.c -o .\ARM_GCC_541\Debug\ADC_SAR_Seq_1_SAR_INT.o
arm-none-eabi-gcc.exe -mcpu=cortex-m3 -mthumb -I. -IGenerated_Source\PSoC5 -Wa,-alh=.\ARM_GCC_541\Debug/ADC_SAR_Seq_1_SAR_PM.lst -g -Wall -ffunction-sections -ffat-lto-objects -O0 -c Generated_Source\PSoC5\ADC_SAR_Seq_1_SAR_PM.c -o .\ARM_GCC_541\Debug\ADC_SAR_Seq_1_SAR_PM.o
arm-none-eabi-gcc.exe -mcpu=cortex-m3 -mthumb -I. -IGenerated_Source\PSoC5 -Wa,-alh=.\ARM_GCC_541\Debug/ADC_SAR_Seq_1_IntClock.lst -g -Wall -ffunction-sections -ffat-lto-objects -O0 -c Generated_Source\PSoC5\ADC_SAR_Seq_1_IntClock.c -o .\ARM_GCC_541\Debug\ADC_SAR_Seq_1_IntClock.o
arm-none-eabi-gcc.exe -mcpu=cortex-m3 -mthumb -I. -IGenerated_Source\PSoC5 -Wa,-alh=.\ARM_GCC_541\Debug/ADC_SAR_Seq_1_TempBuf_dma.lst -g -Wall -ffunction-sections -ffat-lto-objects -O0 -c Generated_Source\PSoC5\ADC_SAR_Seq_1_TempBuf_dma.c -o .\ARM_GCC_541\Debug\ADC_SAR_Seq_1_TempBuf_dma.o
arm-none-eabi-gcc.exe -mcpu=cortex-m3 -mthumb -I. -IGenerated_Source\PSoC5 -Wa,-alh=.\ARM_GCC_541\Debug/ADC_SAR_Seq_1_FinalBuf_dma.lst -g -Wall -ffunction-sections -ffat-lto-objects -O0 -c Generated_Source\PSoC5\ADC_SAR_Seq_1_FinalBuf_dma.c -o .\ARM_GCC_541\Debug\ADC_SAR_Seq_1_FinalBuf_dma.o
arm-none-eabi-gcc.exe -mcpu=cortex-m3 -mthumb -I. -IGenerated_Source\PSoC5 -Wa,-alh=.\ARM_GCC_541\Debug/ADC_SAR_Seq_1_IRQ.lst -g -Wall -ffunction-sections -ffat-lto-objects -O0 -c Generated_Source\PSoC5\ADC_SAR_Seq_1_IRQ.c -o .\ARM_GCC_541\Debug\ADC_SAR_Seq_1_IRQ.o
arm-none-eabi-gcc.exe -mcpu=cortex-m3 -mthumb -I. -IGenerated_Source\PSoC5 -Wa,-alh=.\ARM_GCC_541\Debug/ADC_SAR_Seq_1_SAR_Bypass.lst -g -Wall -ffunction-sections -ffat-lto-objects -O0 -c Generated_Source\PSoC5\ADC_SAR_Seq_1_SAR_Bypass.c -o .\ARM_GCC_541\Debug\ADC_SAR_Seq_1_SAR_Bypass.o
arm-none-eabi-gcc.exe -mcpu=cortex-m3 -mthumb -I. -IGenerated_Source\PSoC5 -Wa,-alh=.\ARM_GCC_541\Debug/joy_y.lst -g -Wall -ffunction-sections -ffat-lto-objects -O0 -c Generated_Source\PSoC5\joy_y.c -o .\ARM_GCC_541\Debug\joy_y.o
arm-none-eabi-gcc.exe -mcpu=cortex-m3 -mthumb -I. -IGenerated_Source\PSoC5 -Wa,-alh=.\ARM_GCC_541\Debug/joy_x.lst -g -Wall -ffunction-sections -ffat-lto-objects -O0 -c Generated_Source\PSoC5\joy_x.c -o .\ARM_GCC_541\Debug\joy_x.o
arm-none-eabi-gcc.exe -mcpu=cortex-m3 -mthumb -I. -IGenerated_Source\PSoC5 -Wa,-alh=.\ARM_GCC_541\Debug/Clock_1.lst -g -Wall -ffunction-sections -ffat-lto-objects -O0 -c Generated_Source\PSoC5\Clock_1.c -o .\ARM_GCC_541\Debug\Clock_1.o
arm-none-eabi-gcc.exe -mcpu=cortex-m3 -mthumb -I. -IGenerated_Source\PSoC5 -Wa,-alh=.\ARM_GCC_541\Debug/Status_Reg_1.lst -g -Wall -ffunction-sections -ffat-lto-objects -O0 -c Generated_Source\PSoC5\Status_Reg_1.c -o .\ARM_GCC_541\Debug\Status_Reg_1.o
arm-none-eabi-gcc.exe -mcpu=cortex-m3 -mthumb -I. -IGenerated_Source\PSoC5 -Wa,-alh=.\ARM_GCC_541\Debug/Clock_2.lst -g -Wall -ffunction-sections -ffat-lto-objects -O0 -c Generated_Source\PSoC5\Clock_2.c -o .\ARM_GCC_541\Debug\Clock_2.o
arm-none-eabi-gcc.exe -mcpu=cortex-m3 -mthumb -I. -IGenerated_Source\PSoC5 -Wa,-alh=.\ARM_GCC_541\Debug/SPIS_1.lst -g -Wall -ffunction-sections -ffat-lto-objects -O0 -c Generated_Source\PSoC5\SPIS_1.c -o .\ARM_GCC_541\Debug\SPIS_1.o
arm-none-eabi-gcc.exe -mcpu=cortex-m3 -mthumb -I. -IGenerated_Source\PSoC5 -Wa,-alh=.\ARM_GCC_541\Debug/SPIS_1_PM.lst -g -Wall -ffunction-sections -ffat-lto-objects -O0 -c Generated_Source\PSoC5\SPIS_1_PM.c -o .\ARM_GCC_541\Debug\SPIS_1_PM.o
arm-none-eabi-gcc.exe -mcpu=cortex-m3 -mthumb -I. -IGenerated_Source\PSoC5 -Wa,-alh=.\ARM_GCC_541\Debug/SPIS_1_INT.lst -g -Wall -ffunction-sections -ffat-lto-objects -O0 -c Generated_Source\PSoC5\SPIS_1_INT.c -o .\ARM_GCC_541\Debug\SPIS_1_INT.o
arm-none-eabi-gcc.exe -mcpu=cortex-m3 -mthumb -I. -IGenerated_Source\PSoC5 -Wa,-alh=.\ARM_GCC_541\Debug/SPIS_1_BOOT.lst -g -Wall -ffunction-sections -ffat-lto-objects -O0 -c Generated_Source\PSoC5\SPIS_1_BOOT.c -o .\ARM_GCC_541\Debug\SPIS_1_BOOT.o
arm-none-eabi-gcc.exe -mcpu=cortex-m3 -mthumb -I. -IGenerated_Source\PSoC5 -Wa,-alh=.\ARM_GCC_541\Debug/SPIS_1_IntClock.lst -g -Wall -ffunction-sections -ffat-lto-objects -O0 -c Generated_Source\PSoC5\SPIS_1_IntClock.c -o .\ARM_GCC_541\Debug\SPIS_1_IntClock.o
arm-none-eabi-gcc.exe -mcpu=cortex-m3 -mthumb -I. -IGenerated_Source\PSoC5 -Wa,-alh=.\ARM_GCC_541\Debug/knob2.lst -g -Wall -ffunction-sections -ffat-lto-objects -O0 -c Generated_Source\PSoC5\knob2.c -o .\ARM_GCC_541\Debug\knob2.o
arm-none-eabi-gcc.exe -mcpu=cortex-m3 -mthumb -I. -IGenerated_Source\PSoC5 -Wa,-alh=.\ARM_GCC_541\Debug/knob1.lst -g -Wall -ffunction-sections -ffat-lto-objects -O0 -c Generated_Source\PSoC5\knob1.c -o .\ARM_GCC_541\Debug\knob1.o
arm-none-eabi-gcc.exe -mcpu=cortex-m3 -mthumb -I. -IGenerated_Source\PSoC5 -Wa,-alh=.\ARM_GCC_541\Debug/SPIS_2.lst -g -Wall -ffunction-sections -ffat-lto-objects -O0 -c Generated_Source\PSoC5\SPIS_2.c -o .\ARM_GCC_541\Debug\SPIS_2.o
arm-none-eabi-gcc.exe -mcpu=cortex-m3 -mthumb -I. -IGenerated_Source\PSoC5 -Wa,-alh=.\ARM_GCC_541\Debug/SPIS_2_PM.lst -g -Wall -ffunction-sections -ffat-lto-objects -O0 -c Generated_Source\PSoC5\SPIS_2_PM.c -o .\ARM_GCC_541\Debug\SPIS_2_PM.o
arm-none-eabi-gcc.exe -mcpu=cortex-m3 -mthumb -I. -IGenerated_Source\PSoC5 -Wa,-alh=.\ARM_GCC_541\Debug/SPIS_2_INT.lst -g -Wall -ffunction-sections -ffat-lto-objects -O0 -c Generated_Source\PSoC5\SPIS_2_INT.c -o .\ARM_GCC_541\Debug\SPIS_2_INT.o
arm-none-eabi-gcc.exe -mcpu=cortex-m3 -mthumb -I. -IGenerated_Source\PSoC5 -Wa,-alh=.\ARM_GCC_541\Debug/SPIS_2_BOOT.lst -g -Wall -ffunction-sections -ffat-lto-objects -O0 -c Generated_Source\PSoC5\SPIS_2_BOOT.c -o .\ARM_GCC_541\Debug\SPIS_2_BOOT.o
arm-none-eabi-gcc.exe -mcpu=cortex-m3 -mthumb -I. -IGenerated_Source\PSoC5 -Wa,-alh=.\ARM_GCC_541\Debug/SPIS_2_IntClock.lst -g -Wall -ffunction-sections -ffat-lto-objects -O0 -c Generated_Source\PSoC5\SPIS_2_IntClock.c -o .\ARM_GCC_541\Debug\SPIS_2_IntClock.o
arm-none-eabi-gcc.exe -mcpu=cortex-m3 -mthumb -I. -IGenerated_Source\PSoC5 -Wa,-alh=.\ARM_GCC_541\Debug/MISO_3.lst -g -Wall -ffunction-sections -ffat-lto-objects -O0 -c Generated_Source\PSoC5\MISO_3.c -o .\ARM_GCC_541\Debug\MISO_3.o
arm-none-eabi-gcc.exe -mcpu=cortex-m3 -mthumb -I. -IGenerated_Source\PSoC5 -Wa,-alh=.\ARM_GCC_541\Debug/SS_3.lst -g -Wall -ffunction-sections -ffat-lto-objects -O0 -c Generated_Source\PSoC5\SS_3.c -o .\ARM_GCC_541\Debug\SS_3.o
arm-none-eabi-gcc.exe -mcpu=cortex-m3 -mthumb -I. -IGenerated_Source\PSoC5 -Wa,-alh=.\ARM_GCC_541\Debug/SCLK_3.lst -g -Wall -ffunction-sections -ffat-lto-objects -O0 -c Generated_Source\PSoC5\SCLK_3.c -o .\ARM_GCC_541\Debug\SCLK_3.o
arm-none-eabi-gcc.exe -mcpu=cortex-m3 -mthumb -I. -IGenerated_Source\PSoC5 -Wa,-alh=.\ARM_GCC_541\Debug/MOSI_3.lst -g -Wall -ffunction-sections -ffat-lto-objects -O0 -c Generated_Source\PSoC5\MOSI_3.c -o .\ARM_GCC_541\Debug\MOSI_3.o
arm-none-eabi-gcc.exe -mcpu=cortex-m3 -mthumb -I. -IGenerated_Source\PSoC5 -Wa,-alh=.\ARM_GCC_541\Debug/my_Vbus_ISR.lst -g -Wall -ffunction-sections -ffat-lto-objects -O0 -c Generated_Source\PSoC5\my_Vbus_ISR.c -o .\ARM_GCC_541\Debug\my_Vbus_ISR.o
arm-none-eabi-gcc.exe -mcpu=cortex-m3 -mthumb -I. -IGenerated_Source\PSoC5 -Wa,-alh=.\ARM_GCC_541\Debug/USB.lst -g -Wall -ffunction-sections -ffat-lto-objects -O0 -c Generated_Source\PSoC5\USB.c -o .\ARM_GCC_541\Debug\USB.o
arm-none-eabi-gcc.exe -mcpu=cortex-m3 -mthumb -I. -IGenerated_Source\PSoC5 -Wa,-alh=.\ARM_GCC_541\Debug/USB_audio.lst -g -Wall -ffunction-sections -ffat-lto-objects -O0 -c Generated_Source\PSoC5\USB_audio.c -o .\ARM_GCC_541\Debug\USB_audio.o
arm-none-eabi-gcc.exe -mcpu=cortex-m3 -mthumb -I. -IGenerated_Source\PSoC5 -Wa,-alh=.\ARM_GCC_541\Debug/USB_boot.lst -g -Wall -ffunction-sections -ffat-lto-objects -O0 -c Generated_Source\PSoC5\USB_boot.c -o .\ARM_GCC_541\Debug\USB_boot.o
arm-none-eabi-gcc.exe -mcpu=cortex-m3 -mthumb -I. -IGenerated_Source\PSoC5 -Wa,-alh=.\ARM_GCC_541\Debug/USB_cdc.lst -g -Wall -ffunction-sections -ffat-lto-objects -O0 -c Generated_Source\PSoC5\USB_cdc.c -o .\ARM_GCC_541\Debug\USB_cdc.o
arm-none-eabi-gcc.exe -mcpu=cortex-m3 -mthumb -I. -IGenerated_Source\PSoC5 -Wa,-alh=.\ARM_GCC_541\Debug/USB_cls.lst -g -Wall -ffunction-sections -ffat-lto-objects -O0 -c Generated_Source\PSoC5\USB_cls.c -o .\ARM_GCC_541\Debug\USB_cls.o
arm-none-eabi-gcc.exe -mcpu=cortex-m3 -mthumb -I. -IGenerated_Source\PSoC5 -Wa,-alh=.\ARM_GCC_541\Debug/USB_descr.lst -g -Wall -ffunction-sections -ffat-lto-objects -O0 -c Generated_Source\PSoC5\USB_descr.c -o .\ARM_GCC_541\Debug\USB_descr.o
arm-none-eabi-gcc.exe -mcpu=cortex-m3 -mthumb -I. -IGenerated_Source\PSoC5 -Wa,-alh=.\ARM_GCC_541\Debug/USB_drv.lst -g -Wall -ffunction-sections -ffat-lto-objects -O0 -c Generated_Source\PSoC5\USB_drv.c -o .\ARM_GCC_541\Debug\USB_drv.o
arm-none-eabi-gcc.exe -mcpu=cortex-m3 -mthumb -I. -IGenerated_Source\PSoC5 -Wa,-alh=.\ARM_GCC_541\Debug/USB_episr.lst -g -Wall -ffunction-sections -ffat-lto-objects -O0 -c Generated_Source\PSoC5\USB_episr.c -o .\ARM_GCC_541\Debug\USB_episr.o
arm-none-eabi-gcc.exe -mcpu=cortex-m3 -mthumb -I. -IGenerated_Source\PSoC5 -Wa,-alh=.\ARM_GCC_541\Debug/USB_hid.lst -g -Wall -ffunction-sections -ffat-lto-objects -O0 -c Generated_Source\PSoC5\USB_hid.c -o .\ARM_GCC_541\Debug\USB_hid.o
arm-none-eabi-gcc.exe -mcpu=cortex-m3 -mthumb -I. -IGenerated_Source\PSoC5 -Wa,-alh=.\ARM_GCC_541\Debug/USB_pm.lst -g -Wall -ffunction-sections -ffat-lto-objects -O0 -c Generated_Source\PSoC5\USB_pm.c -o .\ARM_GCC_541\Debug\USB_pm.o
arm-none-eabi-gcc.exe -mcpu=cortex-m3 -mthumb -I. -IGenerated_Source\PSoC5 -Wa,-alh=.\ARM_GCC_541\Debug/USB_std.lst -g -Wall -ffunction-sections -ffat-lto-objects -O0 -c Generated_Source\PSoC5\USB_std.c -o .\ARM_GCC_541\Debug\USB_std.o
arm-none-eabi-gcc.exe -mcpu=cortex-m3 -mthumb -I. -IGenerated_Source\PSoC5 -Wa,-alh=.\ARM_GCC_541\Debug/USB_vnd.lst -g -Wall -ffunction-sections -ffat-lto-objects -O0 -c Generated_Source\PSoC5\USB_vnd.c -o .\ARM_GCC_541\Debug\USB_vnd.o
arm-none-eabi-gcc.exe -mcpu=cortex-m3 -mthumb -I. -IGenerated_Source\PSoC5 -Wa,-alh=.\ARM_GCC_541\Debug/USB_midi.lst -g -Wall -ffunction-sections -ffat-lto-objects -O0 -c Generated_Source\PSoC5\USB_midi.c -o .\ARM_GCC_541\Debug\USB_midi.o
arm-none-eabi-gcc.exe -mcpu=cortex-m3 -mthumb -I. -IGenerated_Source\PSoC5 -Wa,-alh=.\ARM_GCC_541\Debug/USB_msc.lst -g -Wall -ffunction-sections -ffat-lto-objects -O0 -c Generated_Source\PSoC5\USB_msc.c -o .\ARM_GCC_541\Debug\USB_msc.o
arm-none-eabi-gcc.exe -mcpu=cortex-m3 -mthumb -I. -IGenerated_Source\PSoC5 -Wa,-alh=.\ARM_GCC_541\Debug/Em_EEPROM.lst -g -Wall -ffunction-sections -ffat-lto-objects -O0 -c Generated_Source\PSoC5\Em_EEPROM.c -o .\ARM_GCC_541\Debug\Em_EEPROM.o
arm-none-eabi-gcc.exe -mcpu=cortex-m3 -mthumb -I. -IGenerated_Source\PSoC5 -Wa,-alh=.\ARM_GCC_541\Debug/USB_Vbus_ps.lst -g -Wall -ffunction-sections -ffat-lto-objects -O0 -c Generated_Source\PSoC5\USB_Vbus_ps.c -o .\ARM_GCC_541\Debug\USB_Vbus_ps.o
arm-none-eabi-gcc.exe -mcpu=cortex-m3 -mthumb -I. -IGenerated_Source\PSoC5 -Wa,-alh=.\ARM_GCC_541\Debug/USB_Dm.lst -g -Wall -ffunction-sections -ffat-lto-objects -O0 -c Generated_Source\PSoC5\USB_Dm.c -o .\ARM_GCC_541\Debug\USB_Dm.o
arm-none-eabi-gcc.exe -mcpu=cortex-m3 -mthumb -I. -IGenerated_Source\PSoC5 -Wa,-alh=.\ARM_GCC_541\Debug/USB_Dp.lst -g -Wall -ffunction-sections -ffat-lto-objects -O0 -c Generated_Source\PSoC5\USB_Dp.c -o .\ARM_GCC_541\Debug\USB_Dp.o
arm-none-eabi-gcc.exe -mcpu=cortex-m3 -mthumb -I. -IGenerated_Source\PSoC5 -Wa,-alh=.\ARM_GCC_541\Debug/vBusPin.lst -g -Wall -ffunction-sections -ffat-lto-objects -O0 -c Generated_Source\PSoC5\vBusPin.c -o .\ARM_GCC_541\Debug\vBusPin.o
arm-none-eabi-gcc.exe -mcpu=cortex-m3 -mthumb -I. -IGenerated_Source\PSoC5 -Wa,-alh=.\ARM_GCC_541\Debug/DMA_1_dma.lst -g -Wall -ffunction-sections -ffat-lto-objects -O0 -c Generated_Source\PSoC5\DMA_1_dma.c -o .\ARM_GCC_541\Debug\DMA_1_dma.o
arm-none-eabi-gcc.exe -mcpu=cortex-m3 -mthumb -I. -IGenerated_Source\PSoC5 -Wa,-alh=.\ARM_GCC_541\Debug/DMA_2_dma.lst -g -Wall -ffunction-sections -ffat-lto-objects -O0 -c Generated_Source\PSoC5\DMA_2_dma.c -o .\ARM_GCC_541\Debug\DMA_2_dma.o
arm-none-eabi-gcc.exe -mcpu=cortex-m3 -mthumb -I. -IGenerated_Source\PSoC5 -Wa,-alh=.\ARM_GCC_541\Debug/isr_SPI2_ss.lst -g -Wall -ffunction-sections -ffat-lto-objects -O0 -c Generated_Source\PSoC5\isr_SPI2_ss.c -o .\ARM_GCC_541\Debug\isr_SPI2_ss.o
arm-none-eabi-gcc.exe -mcpu=cortex-m3 -mthumb -I. -IGenerated_Source\PSoC5 -Wa,-alh=.\ARM_GCC_541\Debug/isr_SPI1_ss.lst -g -Wall -ffunction-sections -ffat-lto-objects -O0 -c Generated_Source\PSoC5\isr_SPI1_ss.c -o .\ARM_GCC_541\Debug\isr_SPI1_ss.o
arm-none-eabi-gcc.exe -mcpu=cortex-m3 -mthumb -I. -IGenerated_Source\PSoC5 -Wa,-alh=.\ARM_GCC_541\Debug/testpin2.lst -g -Wall -ffunction-sections -ffat-lto-objects -O0 -c Generated_Source\PSoC5\testpin2.c -o .\ARM_GCC_541\Debug\testpin2.o
arm-none-eabi-gcc.exe -mcpu=cortex-m3 -mthumb -I. -IGenerated_Source\PSoC5 -Wa,-alh=.\ARM_GCC_541\Debug/testpin3.lst -g -Wall -ffunction-sections -ffat-lto-objects -O0 -c Generated_Source\PSoC5\testpin3.c -o .\ARM_GCC_541\Debug\testpin3.o
arm-none-eabi-gcc.exe -mcpu=cortex-m3 -mthumb -I. -IGenerated_Source\PSoC5 -Wa,-alh=.\ARM_GCC_541\Debug/testpin1.lst -g -Wall -ffunction-sections -ffat-lto-objects -O0 -c Generated_Source\PSoC5\testpin1.c -o .\ARM_GCC_541\Debug\testpin1.o
arm-none-eabi-gcc.exe -mcpu=cortex-m3 -mthumb -I. -IGenerated_Source\PSoC5 -Wa,-alh=.\ARM_GCC_541\Debug/testpin4.lst -g -Wall -ffunction-sections -ffat-lto-objects -O0 -c Generated_Source\PSoC5\testpin4.c -o .\ARM_GCC_541\Debug\testpin4.o
arm-none-eabi-gcc.exe -mcpu=cortex-m3 -mthumb -I. -IGenerated_Source\PSoC5 -Wa,-alh=.\ARM_GCC_541\Debug/testpin5.lst -g -Wall -ffunction-sections -ffat-lto-objects -O0 -c Generated_Source\PSoC5\testpin5.c -o .\ARM_GCC_541\Debug\testpin5.o
arm-none-eabi-gcc.exe -mcpu=cortex-m3 -mthumb -I. -IGenerated_Source\PSoC5 -Wa,-alh=.\ARM_GCC_541\Debug/LED_TEST.lst -g -Wall -ffunction-sections -ffat-lto-objects -O0 -c Generated_Source\PSoC5\LED_TEST.c -o .\ARM_GCC_541\Debug\LED_TEST.o
arm-none-eabi-gcc.exe -mcpu=cortex-m3 -mthumb -I. -IGenerated_Source\PSoC5 -Wa,-alh=.\ARM_GCC_541\Debug/LED_green1.lst -g -Wall -ffunction-sections -ffat-lto-objects -O0 -c Generated_Source\PSoC5\LED_green1.c -o .\ARM_GCC_541\Debug\LED_green1.o
arm-none-eabi-gcc.exe -mcpu=cortex-m3 -mthumb -I. -IGenerated_Source\PSoC5 -Wa,-alh=.\ARM_GCC_541\Debug/LED_amber1.lst -g -Wall -ffunction-sections -ffat-lto-objects -O0 -c Generated_Source\PSoC5\LED_amber1.c -o .\ARM_GCC_541\Debug\LED_amber1.o
arm-none-eabi-gcc.exe -mcpu=cortex-m3 -mthumb -I. -IGenerated_Source\PSoC5 -Wa,-alh=.\ARM_GCC_541\Debug/LED_amber2.lst -g -Wall -ffunction-sections -ffat-lto-objects -O0 -c Generated_Source\PSoC5\LED_amber2.c -o .\ARM_GCC_541\Debug\LED_amber2.o
arm-none-eabi-gcc.exe -mcpu=cortex-m3 -mthumb -I. -IGenerated_Source\PSoC5 -Wa,-alh=.\ARM_GCC_541\Debug/LED_amber3.lst -g -Wall -ffunction-sections -ffat-lto-objects -O0 -c Generated_Source\PSoC5\LED_amber3.c -o .\ARM_GCC_541\Debug\LED_amber3.o
arm-none-eabi-gcc.exe -mcpu=cortex-m3 -mthumb -I. -IGenerated_Source\PSoC5 -Wa,-alh=.\ARM_GCC_541\Debug/LED_amber4.lst -g -Wall -ffunction-sections -ffat-lto-objects -O0 -c Generated_Source\PSoC5\LED_amber4.c -o .\ARM_GCC_541\Debug\LED_amber4.o
arm-none-eabi-gcc.exe -mcpu=cortex-m3 -mthumb -I. -IGenerated_Source\PSoC5 -Wa,-alh=.\ARM_GCC_541\Debug/LED_red1.lst -g -Wall -ffunction-sections -ffat-lto-objects -O0 -c Generated_Source\PSoC5\LED_red1.c -o .\ARM_GCC_541\Debug\LED_red1.o
arm-none-eabi-gcc.exe -mcpu=cortex-m3 -mthumb -I. -IGenerated_Source\PSoC5 -Wa,-alh=.\ARM_GCC_541\Debug/LED_red2.lst -g -Wall -ffunction-sections -ffat-lto-objects -O0 -c Generated_Source\PSoC5\LED_red2.c -o .\ARM_GCC_541\Debug\LED_red2.o
arm-none-eabi-gcc.exe -mcpu=cortex-m3 -mthumb -I. -IGenerated_Source\PSoC5 -Wa,-alh=.\ARM_GCC_541\Debug/LED_green2.lst -g -Wall -ffunction-sections -ffat-lto-objects -O0 -c Generated_Source\PSoC5\LED_green2.c -o .\ARM_GCC_541\Debug\LED_green2.o
arm-none-eabi-gcc.exe -mcpu=cortex-m3 -mthumb -I. -IGenerated_Source\PSoC5 -Wa,-alh=.\ARM_GCC_541\Debug/button1.lst -g -Wall -ffunction-sections -ffat-lto-objects -O0 -c Generated_Source\PSoC5\button1.c -o .\ARM_GCC_541\Debug\button1.o
arm-none-eabi-gcc.exe -mcpu=cortex-m3 -mthumb -I. -IGenerated_Source\PSoC5 -Wa,-alh=.\ARM_GCC_541\Debug/button2.lst -g -Wall -ffunction-sections -ffat-lto-objects -O0 -c Generated_Source\PSoC5\button2.c -o .\ARM_GCC_541\Debug\button2.o
arm-none-eabi-gcc.exe -mcpu=cortex-m3 -mthumb -I. -IGenerated_Source\PSoC5 -Wa,-alh=.\ARM_GCC_541\Debug/button3.lst -g -Wall -ffunction-sections -ffat-lto-objects -O0 -c Generated_Source\PSoC5\button3.c -o .\ARM_GCC_541\Debug\button3.o
arm-none-eabi-gcc.exe -mcpu=cortex-m3 -mthumb -I. -IGenerated_Source\PSoC5 -Wa,-alh=.\ARM_GCC_541\Debug/button4.lst -g -Wall -ffunction-sections -ffat-lto-objects -O0 -c Generated_Source\PSoC5\button4.c -o .\ARM_GCC_541\Debug\button4.o
arm-none-eabi-gcc.exe -mcpu=cortex-m3 -mthumb -I. -IGenerated_Source\PSoC5 -Wa,-alh=.\ARM_GCC_541\Debug/encoder_button.lst -g -Wall -ffunction-sections -ffat-lto-objects -O0 -c Generated_Source\PSoC5\encoder_button.c -o .\ARM_GCC_541\Debug\encoder_button.o
arm-none-eabi-gcc.exe -mcpu=cortex-m3 -mthumb -I. -IGenerated_Source\PSoC5 -Wa,-alh=.\ARM_GCC_541\Debug/neck1_button.lst -g -Wall -ffunction-sections -ffat-lto-objects -O0 -c Generated_Source\PSoC5\neck1_button.c -o .\ARM_GCC_541\Debug\neck1_button.o
arm-none-eabi-gcc.exe -mcpu=cortex-m3 -mthumb -I. -IGenerated_Source\PSoC5 -Wa,-alh=.\ARM_GCC_541\Debug/neck2_button.lst -g -Wall -ffunction-sections -ffat-lto-objects -O0 -c Generated_Source\PSoC5\neck2_button.c -o .\ARM_GCC_541\Debug\neck2_button.o
arm-none-eabi-gcc.exe -mcpu=cortex-m3 -mthumb -I. -IGenerated_Source\PSoC5 -Wa,-alh=.\ARM_GCC_541\Debug/edit_button.lst -g -Wall -ffunction-sections -ffat-lto-objects -O0 -c Generated_Source\PSoC5\edit_button.c -o .\ARM_GCC_541\Debug\edit_button.o
arm-none-eabi-gcc.exe -mcpu=cortex-m3 -mthumb -I. -IGenerated_Source\PSoC5 -Wa,-alh=.\ARM_GCC_541\Debug/testpin6.lst -g -Wall -ffunction-sections -ffat-lto-objects -O0 -c Generated_Source\PSoC5\testpin6.c -o .\ARM_GCC_541\Debug\testpin6.o
arm-none-eabi-gcc.exe -mcpu=cortex-m3 -mthumb -I. -IGenerated_Source\PSoC5 -Wa,-alh=.\ARM_GCC_541\Debug/EEPROM.lst -g -Wall -ffunction-sections -ffat-lto-objects -O0 -c Generated_Source\PSoC5\EEPROM.c -o .\ARM_GCC_541\Debug\EEPROM.o
arm-none-eabi-gcc.exe -mcpu=cortex-m3 -mthumb -I. -IGenerated_Source\PSoC5 -Wa,-alh=.\ARM_GCC_541\Debug/DMA_3_dma.lst -g -Wall -ffunction-sections -ffat-lto-objects -O0 -c Generated_Source\PSoC5\DMA_3_dma.c -o .\ARM_GCC_541\Debug\DMA_3_dma.o
arm-none-eabi-gcc.exe -mcpu=cortex-m3 -mthumb -I. -IGenerated_Source\PSoC5 -Wa,-alh=.\ARM_GCC_541\Debug/DMA_4_dma.lst -g -Wall -ffunction-sections -ffat-lto-objects -O0 -c Generated_Source\PSoC5\DMA_4_dma.c -o .\ARM_GCC_541\Debug\DMA_4_dma.o
arm-none-eabi-gcc.exe -mcpu=cortex-m3 -mthumb -I. -IGenerated_Source\PSoC5 -Wa,-alh=.\ARM_GCC_541\Debug/shift_button.lst -g -Wall -ffunction-sections -ffat-lto-objects -O0 -c Generated_Source\PSoC5\shift_button.c -o .\ARM_GCC_541\Debug\shift_button.o
arm-none-eabi-gcc.exe -mcpu=cortex-m3 -mthumb -I. -IGenerated_Source\PSoC5 -Wa,-alh=.\ARM_GCC_541\Debug/Decoder_1.lst -g -Wall -ffunction-sections -ffat-lto-objects -O0 -c Generated_Source\PSoC5\Decoder_1.c -o .\ARM_GCC_541\Debug\Decoder_1.o
arm-none-eabi-gcc.exe -mcpu=cortex-m3 -mthumb -I. -IGenerated_Source\PSoC5 -Wa,-alh=.\ARM_GCC_541\Debug/Decoder_1_PINS2.lst -g -Wall -ffunction-sections -ffat-lto-objects -O0 -c Generated_Source\PSoC5\Decoder_1_PINS2.c -o .\ARM_GCC_541\Debug\Decoder_1_PINS2.o
arm-none-eabi-gcc.exe -mcpu=cortex-m3 -mthumb -I. -IGenerated_Source\PSoC5 -Wa,-alh=.\ARM_GCC_541\Debug/Decoder_1_isrDtr.lst -g -Wall -ffunction-sections -ffat-lto-objects -O0 -c Generated_Source\PSoC5\Decoder_1_isrDtr.c -o .\ARM_GCC_541\Debug\Decoder_1_isrDtr.o
arm-none-eabi-as.exe -mcpu=cortex-m3 -mthumb -I. -IGenerated_Source\PSoC5 -alh=.\ARM_GCC_541\Debug/CyBootAsmGnu.lst -g -o .\ARM_GCC_541\Debug\CyBootAsmGnu.o Generated_Source\PSoC5\CyBootAsmGnu.s
arm-none-eabi-ar.exe -rs .\ARM_GCC_541\Debug\CE210514_PSOC3_5_Thermistor.a .\ARM_GCC_541\Debug\cy_em_eeprom.o .\ARM_GCC_541\Debug\CyDmac.o .\ARM_GCC_541\Debug\CyFlash.o .\ARM_GCC_541\Debug\CyLib.o .\ARM_GCC_541\Debug\cyPm.o .\ARM_GCC_541\Debug\CySpc.o .\ARM_GCC_541\Debug\cyutils.o .\ARM_GCC_541\Debug\MISO_1.o .\ARM_GCC_541\Debug\MOSI_1.o .\ARM_GCC_541\Debug\SCLK_1.o .\ARM_GCC_541\Debug\MOSI_2.o .\ARM_GCC_541\Debug\MISO_2.o .\ARM_GCC_541\Debug\SPIM_1.o .\ARM_GCC_541\Debug\SPIM_1_PM.o .\ARM_GCC_541\Debug\SPIM_1_INT.o .\ARM_GCC_541\Debug\SCLK_2.o .\ARM_GCC_541\Debug\SPIM_1_IntClock.o .\ARM_GCC_541\Debug\SS_1.o .\ARM_GCC_541\Debug\SS_2.o .\ARM_GCC_541\Debug\I2C_1.o .\ARM_GCC_541\Debug\I2C_1_BOOT.o .\ARM_GCC_541\Debug\I2C_1_INT.o .\ARM_GCC_541\Debug\I2C_1_PM.o .\ARM_GCC_541\Debug\I2C_1_SLAVE.o .\ARM_GCC_541\Debug\I2C_1_MASTER.o .\ARM_GCC_541\Debug\SCL_1.o .\ARM_GCC_541\Debug\SDA_1.o .\ARM_GCC_541\Debug\oct1.o .\ARM_GCC_541\Debug\oct2.o .\ARM_GCC_541\Debug\oct3.o .\ARM_GCC_541\Debug\oct4.o .\ARM_GCC_541\Debug\ADC_SAR_Seq_1.o .\ARM_GCC_541\Debug\ADC_SAR_Seq_1_PM.o .\ARM_GCC_541\Debug\ADC_SAR_Seq_1_INT.o .\ARM_GCC_541\Debug\ADC_SAR_Seq_1_SAR.o .\ARM_GCC_541\Debug\ADC_SAR_Seq_1_SAR_INT.o .\ARM_GCC_541\Debug\ADC_SAR_Seq_1_SAR_PM.o .\ARM_GCC_541\Debug\ADC_SAR_Seq_1_IntClock.o .\ARM_GCC_541\Debug\ADC_SAR_Seq_1_TempBuf_dma.o .\ARM_GCC_541\Debug\ADC_SAR_Seq_1_FinalBuf_dma.o .\ARM_GCC_541\Debug\ADC_SAR_Seq_1_IRQ.o .\ARM_GCC_541\Debug\ADC_SAR_Seq_1_SAR_Bypass.o .\ARM_GCC_541\Debug\joy_y.o .\ARM_GCC_541\Debug\joy_x.o .\ARM_GCC_541\Debug\Clock_1.o .\ARM_GCC_541\Debug\Status_Reg_1.o .\ARM_GCC_541\Debug\Clock_2.o .\ARM_GCC_541\Debug\SPIS_1.o .\ARM_GCC_541\Debug\SPIS_1_PM.o .\ARM_GCC_541\Debug\SPIS_1_INT.o .\ARM_GCC_541\Debug\SPIS_1_BOOT.o .\ARM_GCC_541\Debug\SPIS_1_IntClock.o .\ARM_GCC_541\Debug\knob2.o .\ARM_GCC_541\Debug\knob1.o .\ARM_GCC_541\Debug\SPIS_2.o .\ARM_GCC_541\Debug\SPIS_2_PM.o .\ARM_GCC_541\Debug\SPIS_2_INT.o .\ARM_GCC_541\Debug\SPIS_2_BOOT.o .\ARM_GCC_541\Debug\SPIS_2_IntClock.o .\ARM_GCC_541\Debug\MISO_3.o .\ARM_GCC_541\Debug\SS_3.o .\ARM_GCC_541\Debug\SCLK_3.o .\ARM_GCC_541\Debug\MOSI_3.o .\ARM_GCC_541\Debug\my_Vbus_ISR.o .\ARM_GCC_541\Debug\USB.o .\ARM_GCC_541\Debug\USB_audio.o .\ARM_GCC_541\Debug\USB_boot.o .\ARM_GCC_541\Debug\USB_cdc.o .\ARM_GCC_541\Debug\USB_cls.o .\ARM_GCC_541\Debug\USB_descr.o .\ARM_GCC_541\Debug\USB_drv.o .\ARM_GCC_541\Debug\USB_episr.o .\ARM_GCC_541\Debug\USB_hid.o .\ARM_GCC_541\Debug\USB_pm.o .\ARM_GCC_541\Debug\USB_std.o .\ARM_GCC_541\Debug\USB_vnd.o .\ARM_GCC_541\Debug\USB_midi.o .\ARM_GCC_541\Debug\USB_msc.o .\ARM_GCC_541\Debug\Em_EEPROM.o .\ARM_GCC_541\Debug\USB_Vbus_ps.o .\ARM_GCC_541\Debug\USB_Dm.o .\ARM_GCC_541\Debug\USB_Dp.o .\ARM_GCC_541\Debug\vBusPin.o .\ARM_GCC_541\Debug\DMA_1_dma.o .\ARM_GCC_541\Debug\DMA_2_dma.o .\ARM_GCC_541\Debug\isr_SPI2_ss.o .\ARM_GCC_541\Debug\isr_SPI1_ss.o .\ARM_GCC_541\Debug\testpin2.o .\ARM_GCC_541\Debug\testpin3.o .\ARM_GCC_541\Debug\testpin1.o .\ARM_GCC_541\Debug\testpin4.o .\ARM_GCC_541\Debug\testpin5.o .\ARM_GCC_541\Debug\LED_TEST.o .\ARM_GCC_541\Debug\LED_green1.o .\ARM_GCC_541\Debug\LED_amber1.o .\ARM_GCC_541\Debug\LED_amber2.o .\ARM_GCC_541\Debug\LED_amber3.o .\ARM_GCC_541\Debug\LED_amber4.o .\ARM_GCC_541\Debug\LED_red1.o .\ARM_GCC_541\Debug\LED_red2.o .\ARM_GCC_541\Debug\LED_green2.o .\ARM_GCC_541\Debug\button1.o .\ARM_GCC_541\Debug\button2.o .\ARM_GCC_541\Debug\button3.o .\ARM_GCC_541\Debug\button4.o .\ARM_GCC_541\Debug\encoder_button.o .\ARM_GCC_541\Debug\neck1_button.o .\ARM_GCC_541\Debug\neck2_button.o .\ARM_GCC_541\Debug\edit_button.o .\ARM_GCC_541\Debug\testpin6.o .\ARM_GCC_541\Debug\EEPROM.o .\ARM_GCC_541\Debug\DMA_3_dma.o .\ARM_GCC_541\Debug\DMA_4_dma.o .\ARM_GCC_541\Debug\shift_button.o .\ARM_GCC_541\Debug\Decoder_1.o .\ARM_GCC_541\Debug\Decoder_1_PINS2.o .\ARM_GCC_541\Debug\Decoder_1_isrDtr.o .\ARM_GCC_541\Debug\CyBootAsmGnu.o
arm-none-eabi-ar.exe: creating .\ARM_GCC_541\Debug\CE210514_PSOC3_5_Thermistor.a
arm-none-eabi-gcc.exe -Wl,--start-group -o C:\Users\JeffSnyder\dev\Electrosteel_embedded\PSOC5_electrosteel_stringsensors_newpcb_brain\CE210514_PSOC3_5_Thermistor.cydsn\ARM_GCC_541\Debug\CE210514_PSOC3_5_Thermistor.elf .\ARM_GCC_541\Debug\main.o .\ARM_GCC_541\Debug\measurement.o .\ARM_GCC_541\Debug\removeOffsetNoise.o .\ARM_GCC_541\Debug\gfx.o .\ARM_GCC_541\Debug\gfx_font.o .\ARM_GCC_541\Debug\oled.o .\ARM_GCC_541\Debug\ssd1306.o .\ARM_GCC_541\Debug\cyfitter_cfg.o .\ARM_GCC_541\Debug\cymetadata.o .\ARM_GCC_541\Debug\Cm3Start.o .\ARM_GCC_541\Debug\CE210514_PSOC3_5_Thermistor.a "C:\Program Files (x86)\Cypress\PSoC Creator\4.4\PSoC Creator\psoc\content\cycomponentlibrary\CyComponentLibrary.cylib\CortexM3\ARM_GCC_541\Debug\CyComponentLibrary.a" -mcpu=cortex-m3 -mthumb -l m -L Generated_Source\PSoC5 -Wl,-Map,.\ARM_GCC_541\Debug/CE210514_PSOC3_5_Thermistor.map -T Generated_Source\PSoC5\cm3gcc.ld -specs=nano.specs -Wl,--gc-sections -u_printf_float -g -ffunction-sections -O0 -ffat-lto-objects -Wl,--end-group
cyelftool.exe -C C:\Users\JeffSnyder\dev\Electrosteel_embedded\PSOC5_electrosteel_stringsensors_newpcb_brain\CE210514_PSOC3_5_Thermistor.cydsn\ARM_GCC_541\Debug\CE210514_PSOC3_5_Thermistor.elf --flash_row_size 256 --flash_size 262144 --flash_offset 0x00000000
No ELF section .cychecksum found, creating one
Application checksum calculated and stored in ELF section .cychecksum
Checksum calculated and stored in ELF section .cymeta
cyelftool.exe -S C:\Users\JeffSnyder\dev\Electrosteel_embedded\PSOC5_electrosteel_stringsensors_newpcb_brain\CE210514_PSOC3_5_Thermistor.cydsn\ARM_GCC_541\Debug\CE210514_PSOC3_5_Thermistor.elf
Flash used: 238880 of 262144 bytes (91.1%).
SRAM used: 27637 of 65536 bytes (42.2%). Stack: 3840 bytes. Heap: 2048 bytes.
--------------- Rebuild Succeeded: 08/07/2023 20:32:08 ---------------
